INFO:kolla.common.utils.aodh-expirer:Building started at 2020-03-02 21:45:46.672739
INFO:kolla.common.utils.aodh-expirer:Step 1/4 : FROM s390x/ubuntu-binary-aodh-base:9.1.0
INFO:kolla.common.utils.aodh-expirer: ---> af84be2f208a
INFO:kolla.common.utils.aodh-expirer:Step 2/4 : LABEL maintainer="Kolla Project (https://launchpad.net/kolla)" name="aodh-expirer" build-date="20200302"
INFO:kolla.common.utils.aodh-expirer: ---> Running in d2ab7442c8e9
INFO:kolla.common.utils.aodh-expirer:Removing intermediate container d2ab7442c8e9
INFO:kolla.common.utils.aodh-expirer: ---> 1007f95afb78
INFO:kolla.common.utils.aodh-expirer:Step 3/4 : RUN apt-get update && apt-get -y install --no-install-recommends aodh-expirer && apt-get clean && rm -rf /var/lib/apt/lists/*
INFO:kolla.common.utils.aodh-expirer: ---> Running in 683ee4192081
INFO:kolla.common.utils.aodh-expirer:Ign:1 http://ubuntu-cloud.archive.canonical.com/ubuntu bionic-updates/ussuri InRelease
INFO:kolla.common.utils.aodh-expirer:Get:2 http://ubuntu-cloud.archive.canonical.com/ubuntu bionic-updates/ussuri Release [7,884 B]
INFO:kolla.common.utils.aodh-expirer:Get:3 http://ports.ubuntu.com bionic InRelease [242 kB]
INFO:kolla.common.utils.aodh-expirer:Get:4 http://ubuntu-cloud.archive.canonical.com/ubuntu bionic-updates/ussuri Release.gpg [543 B]
INFO:kolla.common.utils.aodh-expirer:Get:5 http://ports.ubuntu.com bionic-updates InRelease [88.7 kB]
INFO:kolla.common.utils.aodh-expirer:Get:6 http://ubuntu-cloud.archive.canonical.com/ubuntu bionic-updates/ussuri/main s390x Packages [145 kB]
INFO:kolla.common.utils.aodh-expirer:Get:7 http://ports.ubuntu.com bionic-security InRelease [88.7 kB]
INFO:kolla.common.utils.aodh-expirer:Get:8 http://ports.ubuntu.com bionic-backports InRelease [74.6 kB]
INFO:kolla.common.utils.aodh-expirer:Get:9 http://ports.ubuntu.com bionic/universe s390x Packages [10.8 MB]
INFO:kolla.common.utils.aodh-expirer:Get:10 http://ports.ubuntu.com bionic/main s390x Packages [1,244 kB]
INFO:kolla.common.utils.aodh-expirer:Get:11 http://ports.ubuntu.com bionic-updates/main s390x Packages [730 kB]
INFO:kolla.common.utils.aodh-expirer:Get:12 http://ports.ubuntu.com bionic-updates/universe s390x Packages [1,075 kB]
INFO:kolla.common.utils.aodh-expirer:Get:13 http://ports.ubuntu.com bionic-security/main s390x Packages [467 kB]
INFO:kolla.common.utils.aodh-expirer:Get:14 http://ports.ubuntu.com bionic-security/universe s390x Packages [625 kB]
INFO:kolla.common.utils.aodh-expirer:Get:15 http://ports.ubuntu.com bionic-backports/main s390x Packages [2,494 B]
INFO:kolla.common.utils.aodh-expirer:Get:16 http://ports.ubuntu.com bionic-backports/universe s390x Packages [4,242 B]
INFO:kolla.common.utils.aodh-expirer:Fetched 15.6 MB in 3s (4,635 kB/s)
INFO:kolla.common.utils.aodh-expirer:Reading package lists...
INFO:kolla.common.utils.aodh-expirer:Reading package lists...
INFO:kolla.common.utils.aodh-expirer:Building dependency tree...
INFO:kolla.common.utils.aodh-expirer:Reading state information...
INFO:kolla.common.utils.aodh-expirer:The following NEW packages will be installed:
INFO:kolla.common.utils.aodh-expirer:  aodh-expirer
INFO:kolla.common.utils.aodh-expirer:0 upgraded, 1 newly installed, 0 to remove and 0 not upgraded.
INFO:kolla.common.utils.aodh-expirer:Need to get 9,892 B of archives.
INFO:kolla.common.utils.aodh-expirer:After this operation, 30.7 kB of additional disk space will be used.
INFO:kolla.common.utils.aodh-expirer:Get:1 http://ubuntu-cloud.archive.canonical.com/ubuntu bionic-updates/ussuri/main s390x aodh-expirer all 9.0.0-0ubuntu1~cloud0 [9,892 B]
INFO:kolla.common.utils.aodh-expirer:Fetched 9,892 B in 0s (298 kB/s)
INFO:kolla.common.utils.aodh-expirer:Selecting previously unselected package aodh-expirer.
INFO:kolla.common.utils.aodh-expirer:(Reading database ... (Reading database ... 5%(Reading database ... 10%(Reading database ... 15%(Reading database ... 20%(Reading database ... 25%(Reading database ... 30%(Reading database ... 35%(Reading database ... 40%(Reading database ... 45%(Reading database ... 50%(Reading database ... 55%(Reading database ... 60%(Reading database ... 65%(Reading database ... 70%(Reading database ... 75%(Reading database ... 80%(Reading database ... 85%
INFO:kolla.common.utils.aodh-expirer:(Reading database ... 90%
INFO:kolla.common.utils.aodh-expirer:(Reading database ... 95%
INFO:kolla.common.utils.aodh-expirer:(Reading database ... 100%(Reading database ... 26105 files and directories currently installed.)
INFO:kolla.common.utils.aodh-expirer:Preparing to unpack .../aodh-expirer_9.0.0-0ubuntu1~cloud0_all.deb ...
INFO:kolla.common.utils.aodh-expirer:Unpacking aodh-expirer (9.0.0-0ubuntu1~cloud0) ...
INFO:kolla.common.utils.aodh-expirer:Setting up aodh-expirer (9.0.0-0ubuntu1~cloud0) ...
INFO:kolla.common.utils.aodh-expirer:invoke-rc.d: could not determine current runlevel
INFO:kolla.common.utils.aodh-expirer:invoke-rc.d: policy-rc.d denied execution of start.
INFO:kolla.common.utils.aodh-expirer:Removing intermediate container 683ee4192081
INFO:kolla.common.utils.aodh-expirer: ---> d0dc4255ca02
INFO:kolla.common.utils.aodh-expirer:Step 4/4 : USER aodh
INFO:kolla.common.utils.aodh-expirer: ---> Running in 83743504a597
INFO:kolla.common.utils.aodh-expirer:Removing intermediate container 83743504a597
INFO:kolla.common.utils.aodh-expirer: ---> 9b3e57e4e330
INFO:kolla.common.utils.aodh-expirer:Successfully built 9b3e57e4e330
INFO:kolla.common.utils.aodh-expirer:Successfully tagged s390x/ubuntu-binary-aodh-expirer:9.1.0
INFO:kolla.common.utils.aodh-expirer:Built at 2020-03-02 21:45:55.708350 (took 0:00:09.035611)
