INFO:kolla.common.utils.aodh-evaluator:Building started at 2020-03-02 21:45:40.920307
INFO:kolla.common.utils.aodh-evaluator:Step 1/4 : FROM s390x/ubuntu-binary-aodh-base:9.1.0
INFO:kolla.common.utils.aodh-evaluator: ---> af84be2f208a
INFO:kolla.common.utils.aodh-evaluator:Step 2/4 : LABEL maintainer="Kolla Project (https://launchpad.net/kolla)" name="aodh-evaluator" build-date="20200302"
INFO:kolla.common.utils.aodh-evaluator: ---> Running in 9e4efce5ead4
INFO:kolla.common.utils.aodh-evaluator:Removing intermediate container 9e4efce5ead4
INFO:kolla.common.utils.aodh-evaluator: ---> c804d48a8d6a
INFO:kolla.common.utils.aodh-evaluator:Step 3/4 : RUN apt-get update && apt-get -y install --no-install-recommends aodh-evaluator && apt-get clean && rm -rf /var/lib/apt/lists/*
INFO:kolla.common.utils.aodh-evaluator: ---> Running in 99b51d7dc156
INFO:kolla.common.utils.aodh-evaluator:Get:1 http://ports.ubuntu.com bionic InRelease [242 kB]
INFO:kolla.common.utils.aodh-evaluator:Ign:2 http://ubuntu-cloud.archive.canonical.com/ubuntu bionic-updates/ussuri InRelease
INFO:kolla.common.utils.aodh-evaluator:Get:3 http://ports.ubuntu.com bionic-updates InRelease [88.7 kB]
INFO:kolla.common.utils.aodh-evaluator:Get:4 http://ubuntu-cloud.archive.canonical.com/ubuntu bionic-updates/ussuri Release [7,884 B]
INFO:kolla.common.utils.aodh-evaluator:Get:5 http://ports.ubuntu.com bionic-security InRelease [88.7 kB]
INFO:kolla.common.utils.aodh-evaluator:Get:6 http://ubuntu-cloud.archive.canonical.com/ubuntu bionic-updates/ussuri Release.gpg [543 B]
INFO:kolla.common.utils.aodh-evaluator:Get:7 http://ports.ubuntu.com bionic-backports InRelease [74.6 kB]
INFO:kolla.common.utils.aodh-evaluator:Get:8 http://ports.ubuntu.com bionic/main s390x Packages [1,244 kB]
INFO:kolla.common.utils.aodh-evaluator:Get:9 http://ubuntu-cloud.archive.canonical.com/ubuntu bionic-updates/ussuri/main s390x Packages [145 kB]
INFO:kolla.common.utils.aodh-evaluator:Get:10 http://ports.ubuntu.com bionic/universe s390x Packages [10.8 MB]
INFO:kolla.common.utils.aodh-evaluator:Get:11 http://ports.ubuntu.com bionic-updates/main s390x Packages [730 kB]
INFO:kolla.common.utils.aodh-evaluator:Get:12 http://ports.ubuntu.com bionic-updates/universe s390x Packages [1,075 kB]
INFO:kolla.common.utils.aodh-evaluator:Get:13 http://ports.ubuntu.com bionic-security/universe s390x Packages [625 kB]
INFO:kolla.common.utils.aodh-evaluator:Get:14 http://ports.ubuntu.com bionic-security/main s390x Packages [467 kB]
INFO:kolla.common.utils.aodh-evaluator:Get:15 http://ports.ubuntu.com bionic-backports/universe s390x Packages [4,242 B]
INFO:kolla.common.utils.aodh-evaluator:Get:16 http://ports.ubuntu.com bionic-backports/main s390x Packages [2,494 B]
INFO:kolla.common.utils.aodh-evaluator:Fetched 15.6 MB in 3s (4,828 kB/s)
INFO:kolla.common.utils.aodh-evaluator:Reading package lists...
INFO:kolla.common.utils.aodh-evaluator:Reading package lists...
INFO:kolla.common.utils.aodh-evaluator:Building dependency tree...
INFO:kolla.common.utils.aodh-evaluator:Reading state information...
INFO:kolla.common.utils.aodh-evaluator:The following NEW packages will be installed:
INFO:kolla.common.utils.aodh-evaluator:  aodh-evaluator
INFO:kolla.common.utils.aodh-evaluator:0 upgraded, 1 newly installed, 0 to remove and 0 not upgraded.
INFO:kolla.common.utils.aodh-evaluator:Need to get 9,836 B of archives.
INFO:kolla.common.utils.aodh-evaluator:After this operation, 30.7 kB of additional disk space will be used.
INFO:kolla.common.utils.aodh-evaluator:Get:1 http://ubuntu-cloud.archive.canonical.com/ubuntu bionic-updates/ussuri/main s390x aodh-evaluator all 9.0.0-0ubuntu1~cloud0 [9,836 B]
INFO:kolla.common.utils.aodh-evaluator:Fetched 9,836 B in 0s (40.9 kB/s)
INFO:kolla.common.utils.aodh-evaluator:Selecting previously unselected package aodh-evaluator.
INFO:kolla.common.utils.aodh-evaluator:(Reading database ... 
INFO:kolla.common.utils.aodh-evaluator:(Reading database ... 5%(Reading database ... 10%(Reading database ... 15%(Reading database ... 20%(Reading database ... 25%(Reading database ... 30%(Reading database ... 35%(Reading database ... 40%(Reading database ... 45%(Reading database ... 50%(Reading database ... 55%(Reading database ... 60%
INFO:kolla.common.utils.aodh-evaluator:(Reading database ... 65%
INFO:kolla.common.utils.aodh-evaluator:(Reading database ... 70%
INFO:kolla.common.utils.aodh-evaluator:(Reading database ... 75%
INFO:kolla.common.utils.aodh-evaluator:(Reading database ... 80%
INFO:kolla.common.utils.aodh-evaluator:(Reading database ... 85%
INFO:kolla.common.utils.aodh-evaluator:(Reading database ... 90%
INFO:kolla.common.utils.aodh-evaluator:(Reading database ... 95%
INFO:kolla.common.utils.aodh-evaluator:(Reading database ... 100%(Reading database ... 26105 files and directories currently installed.)
INFO:kolla.common.utils.aodh-evaluator:Preparing to unpack .../aodh-evaluator_9.0.0-0ubuntu1~cloud0_all.deb ...
INFO:kolla.common.utils.aodh-evaluator:Unpacking aodh-evaluator (9.0.0-0ubuntu1~cloud0) ...
INFO:kolla.common.utils.aodh-evaluator:Setting up aodh-evaluator (9.0.0-0ubuntu1~cloud0) ...
INFO:kolla.common.utils.aodh-evaluator:invoke-rc.d: could not determine current runlevel
INFO:kolla.common.utils.aodh-evaluator:invoke-rc.d: policy-rc.d denied execution of start.
INFO:kolla.common.utils.aodh-evaluator:Removing intermediate container 99b51d7dc156
INFO:kolla.common.utils.aodh-evaluator: ---> 9d2cc921b6b2
INFO:kolla.common.utils.aodh-evaluator:Step 4/4 : USER aodh
INFO:kolla.common.utils.aodh-evaluator: ---> Running in f887b481eec5
INFO:kolla.common.utils.aodh-evaluator:Removing intermediate container f887b481eec5
INFO:kolla.common.utils.aodh-evaluator: ---> 0e9d15925b8e
INFO:kolla.common.utils.aodh-evaluator:Successfully built 0e9d15925b8e
INFO:kolla.common.utils.aodh-evaluator:Successfully tagged s390x/ubuntu-binary-aodh-evaluator:9.1.0
INFO:kolla.common.utils.aodh-evaluator:Built at 2020-03-02 21:45:50.305194 (took 0:00:09.384887)
