INFO:kolla.common.utils.aodh-listener:Building started at 2020-03-02 21:45:48.460245
INFO:kolla.common.utils.aodh-listener:Step 1/4 : FROM s390x/ubuntu-binary-aodh-base:9.1.0
INFO:kolla.common.utils.aodh-listener: ---> af84be2f208a
INFO:kolla.common.utils.aodh-listener:Step 2/4 : LABEL maintainer="Kolla Project (https://launchpad.net/kolla)" name="aodh-listener" build-date="20200302"
INFO:kolla.common.utils.aodh-listener: ---> Running in c4e8b6f71a57
INFO:kolla.common.utils.aodh-listener:Removing intermediate container c4e8b6f71a57
INFO:kolla.common.utils.aodh-listener: ---> 33c5c65df411
INFO:kolla.common.utils.aodh-listener:Step 3/4 : RUN apt-get update && apt-get -y install --no-install-recommends aodh-listener && apt-get clean && rm -rf /var/lib/apt/lists/*
INFO:kolla.common.utils.aodh-listener: ---> Running in 249af0ce2b63
INFO:kolla.common.utils.aodh-listener:Ign:1 http://ubuntu-cloud.archive.canonical.com/ubuntu bionic-updates/ussuri InRelease
INFO:kolla.common.utils.aodh-listener:Get:2 http://ports.ubuntu.com bionic InRelease [242 kB]
INFO:kolla.common.utils.aodh-listener:Get:3 http://ubuntu-cloud.archive.canonical.com/ubuntu bionic-updates/ussuri Release [7,884 B]
INFO:kolla.common.utils.aodh-listener:Get:4 http://ports.ubuntu.com bionic-updates InRelease [88.7 kB]
INFO:kolla.common.utils.aodh-listener:Get:5 http://ubuntu-cloud.archive.canonical.com/ubuntu bionic-updates/ussuri Release.gpg [543 B]
INFO:kolla.common.utils.aodh-listener:Get:6 http://ports.ubuntu.com bionic-security InRelease [88.7 kB]
INFO:kolla.common.utils.aodh-listener:Get:7 http://ports.ubuntu.com bionic-backports InRelease [74.6 kB]
INFO:kolla.common.utils.aodh-listener:Get:8 http://ports.ubuntu.com bionic/main s390x Packages [1,244 kB]
INFO:kolla.common.utils.aodh-listener:Get:9 http://ubuntu-cloud.archive.canonical.com/ubuntu bionic-updates/ussuri/main s390x Packages [145 kB]
INFO:kolla.common.utils.aodh-listener:Get:10 http://ports.ubuntu.com bionic/universe s390x Packages [10.8 MB]
INFO:kolla.common.utils.aodh-listener:Get:11 http://ports.ubuntu.com bionic-updates/main s390x Packages [730 kB]
INFO:kolla.common.utils.aodh-listener:Get:12 http://ports.ubuntu.com bionic-updates/universe s390x Packages [1,075 kB]
INFO:kolla.common.utils.aodh-listener:Get:13 http://ports.ubuntu.com bionic-security/universe s390x Packages [625 kB]
INFO:kolla.common.utils.aodh-listener:Get:14 http://ports.ubuntu.com bionic-security/main s390x Packages [467 kB]
INFO:kolla.common.utils.aodh-listener:Get:15 http://ports.ubuntu.com bionic-backports/main s390x Packages [2,494 B]
INFO:kolla.common.utils.aodh-listener:Get:16 http://ports.ubuntu.com bionic-backports/universe s390x Packages [4,242 B]
INFO:kolla.common.utils.aodh-listener:Fetched 15.6 MB in 3s (4,911 kB/s)
INFO:kolla.common.utils.aodh-listener:Reading package lists...
INFO:kolla.common.utils.aodh-listener:Reading package lists...
INFO:kolla.common.utils.aodh-listener:Building dependency tree...
INFO:kolla.common.utils.aodh-listener:Reading state information...
INFO:kolla.common.utils.aodh-listener:The following NEW packages will be installed:
INFO:kolla.common.utils.aodh-listener:  aodh-listener
INFO:kolla.common.utils.aodh-listener:0 upgraded, 1 newly installed, 0 to remove and 0 not upgraded.
INFO:kolla.common.utils.aodh-listener:Need to get 9,848 B of archives.
INFO:kolla.common.utils.aodh-listener:After this operation, 30.7 kB of additional disk space will be used.
INFO:kolla.common.utils.aodh-listener:Get:1 http://ubuntu-cloud.archive.canonical.com/ubuntu bionic-updates/ussuri/main s390x aodh-listener all 9.0.0-0ubuntu1~cloud0 [9,848 B]
INFO:kolla.common.utils.aodh-listener:Fetched 9,848 B in 0s (304 kB/s)
INFO:kolla.common.utils.aodh-listener:Selecting previously unselected package aodh-listener.
INFO:kolla.common.utils.aodh-listener:(Reading database ... 
INFO:kolla.common.utils.aodh-listener:(Reading database ... 5%(Reading database ... 10%(Reading database ... 15%(Reading database ... 20%
INFO:kolla.common.utils.aodh-listener:(Reading database ... 25%
INFO:kolla.common.utils.aodh-listener:(Reading database ... 30%(Reading database ... 35%(Reading database ... 40%(Reading database ... 45%(Reading database ... 50%(Reading database ... 55%(Reading database ... 60%
INFO:kolla.common.utils.aodh-listener:(Reading database ... 65%
INFO:kolla.common.utils.aodh-listener:(Reading database ... 70%
INFO:kolla.common.utils.aodh-listener:(Reading database ... 75%
INFO:kolla.common.utils.aodh-listener:(Reading database ... 80%
INFO:kolla.common.utils.aodh-listener:(Reading database ... 85%
INFO:kolla.common.utils.aodh-listener:(Reading database ... 90%
INFO:kolla.common.utils.aodh-listener:(Reading database ... 95%
INFO:kolla.common.utils.aodh-listener:(Reading database ... 100%(Reading database ... 26105 files and directories currently installed.)
INFO:kolla.common.utils.aodh-listener:Preparing to unpack .../aodh-listener_9.0.0-0ubuntu1~cloud0_all.deb ...
INFO:kolla.common.utils.aodh-listener:Unpacking aodh-listener (9.0.0-0ubuntu1~cloud0) ...
INFO:kolla.common.utils.aodh-listener:Setting up aodh-listener (9.0.0-0ubuntu1~cloud0) ...
INFO:kolla.common.utils.aodh-listener:invoke-rc.d: could not determine current runlevel
INFO:kolla.common.utils.aodh-listener:invoke-rc.d: policy-rc.d denied execution of start.
INFO:kolla.common.utils.aodh-listener:Removing intermediate container 249af0ce2b63
INFO:kolla.common.utils.aodh-listener: ---> 45ebb194e180
INFO:kolla.common.utils.aodh-listener:Step 4/4 : USER aodh
INFO:kolla.common.utils.aodh-listener: ---> Running in ef1e9e798a2c
INFO:kolla.common.utils.aodh-listener:Removing intermediate container ef1e9e798a2c
INFO:kolla.common.utils.aodh-listener: ---> 48040d4994ba
INFO:kolla.common.utils.aodh-listener:Successfully built 48040d4994ba
INFO:kolla.common.utils.aodh-listener:Successfully tagged s390x/ubuntu-binary-aodh-listener:9.1.0
INFO:kolla.common.utils.aodh-listener:Built at 2020-03-02 21:45:57.320099 (took 0:00:08.859854)
