INFO:kolla.common.utils.aodh-base:Building started at 2020-03-02 21:41:53.512289
INFO:kolla.common.utils.aodh-base:Step 1/8 : FROM s390x/ubuntu-binary-openstack-base:9.1.0
INFO:kolla.common.utils.aodh-base: ---> 0b248122f3fe
INFO:kolla.common.utils.aodh-base:Step 2/8 : LABEL maintainer="Kolla Project (https://launchpad.net/kolla)" name="aodh-base" build-date="20200302"
INFO:kolla.common.utils.aodh-base: ---> Running in 9a9768dd02b1
INFO:kolla.common.utils.aodh-base:Removing intermediate container 9a9768dd02b1
INFO:kolla.common.utils.aodh-base: ---> 175979159655
INFO:kolla.common.utils.aodh-base:Step 3/8 : RUN usermod --append --home /var/lib/aodh --groups kolla aodh     && mkdir -p /var/lib/aodh     && chown -R 42402:42402 /var/lib/aodh
INFO:kolla.common.utils.aodh-base: ---> Running in f8883c3475d4
INFO:kolla.common.utils.aodh-base:Removing intermediate container f8883c3475d4
INFO:kolla.common.utils.aodh-base: ---> 859ea1361b73
INFO:kolla.common.utils.aodh-base:Step 4/8 : RUN apt-get update && apt-get -y install --no-install-recommends aodh-common apache2 libapache2-mod-wsgi-py3 python3-aodh python3-ldappool && apt-get clean && rm -rf /var/lib/apt/lists/*
INFO:kolla.common.utils.aodh-base: ---> Running in 96584bca0fe6
INFO:kolla.common.utils.aodh-base:Get:1 http://ports.ubuntu.com bionic InRelease [242 kB]
INFO:kolla.common.utils.aodh-base:Ign:2 http://ubuntu-cloud.archive.canonical.com/ubuntu bionic-updates/ussuri InRelease
INFO:kolla.common.utils.aodh-base:Get:3 http://ubuntu-cloud.archive.canonical.com/ubuntu bionic-updates/ussuri Release [7,884 B]
INFO:kolla.common.utils.aodh-base:Get:4 http://ports.ubuntu.com bionic-updates InRelease [88.7 kB]
INFO:kolla.common.utils.aodh-base:Get:5 http://ubuntu-cloud.archive.canonical.com/ubuntu bionic-updates/ussuri Release.gpg [543 B]
INFO:kolla.common.utils.aodh-base:Get:6 http://ports.ubuntu.com bionic-security InRelease [88.7 kB]
INFO:kolla.common.utils.aodh-base:Get:7 http://ports.ubuntu.com bionic-backports InRelease [74.6 kB]
INFO:kolla.common.utils.aodh-base:Get:8 http://ubuntu-cloud.archive.canonical.com/ubuntu bionic-updates/ussuri/main s390x Packages [145 kB]
INFO:kolla.common.utils.aodh-base:Get:9 http://ports.ubuntu.com bionic/universe s390x Packages [10.8 MB]
INFO:kolla.common.utils.aodh-base:Get:10 http://ports.ubuntu.com bionic/main s390x Packages [1,244 kB]
INFO:kolla.common.utils.aodh-base:Get:11 http://ports.ubuntu.com bionic-updates/main s390x Packages [730 kB]
INFO:kolla.common.utils.aodh-base:Get:12 http://ports.ubuntu.com bionic-updates/universe s390x Packages [1,075 kB]
INFO:kolla.common.utils.aodh-base:Get:13 http://ports.ubuntu.com bionic-security/universe s390x Packages [625 kB]
INFO:kolla.common.utils.aodh-base:Get:14 http://ports.ubuntu.com bionic-security/main s390x Packages [467 kB]
INFO:kolla.common.utils.aodh-base:Get:15 http://ports.ubuntu.com bionic-backports/universe s390x Packages [4,242 B]
INFO:kolla.common.utils.aodh-base:Get:16 http://ports.ubuntu.com bionic-backports/main s390x Packages [2,494 B]
INFO:kolla.common.utils.aodh-base:Fetched 15.6 MB in 2s (6,607 kB/s)
INFO:kolla.common.utils.aodh-base:Reading package lists...
INFO:kolla.common.utils.aodh-base:Reading package lists...
INFO:kolla.common.utils.aodh-base:Building dependency tree...
INFO:kolla.common.utils.aodh-base:Reading state information...
INFO:kolla.common.utils.aodh-base:The following additional packages will be installed:
INFO:kolla.common.utils.aodh-base:  alembic apache2-bin apache2-data apache2-utils binutils binutils-common
INFO:kolla.common.utils.aodh-base:  binutils-s390x-linux-gnu dpkg-dev libapr1 libaprutil1
INFO:kolla.common.utils.aodh-base:  libaprutil1-dbd-sqlite3 libaprutil1-ldap libbinutils libdpkg-perl
INFO:kolla.common.utils.aodh-base:  libjs-jquery libjs-sphinxdoc libjs-underscore liblua5.2-0 libpython3.6 make
INFO:kolla.common.utils.aodh-base:  pycadf-common python-pastedeploy-tpl python3-alembic python3-amqp
INFO:kolla.common.utils.aodh-base:  python3-anyjson python3-bs4 python3-cachetools python3-cotyledon
INFO:kolla.common.utils.aodh-base:  python3-croniter python3-jinja2 python3-keystonemiddleware python3-kombu
INFO:kolla.common.utils.aodh-base:  python3-ldap python3-logutils python3-migrate python3-octaviaclient
INFO:kolla.common.utils.aodh-base:  python3-oslo.cache python3-oslo.db python3-oslo.messaging
INFO:kolla.common.utils.aodh-base:  python3-oslo.middleware python3-oslo.policy python3-oslo.service
INFO:kolla.common.utils.aodh-base:  python3-oslo.upgradecheck python3-paste python3-pastedeploy python3-pecan
INFO:kolla.common.utils.aodh-base:  python3-pyasn1 python3-pyasn1-modules python3-pycadf python3-repoze.lru
INFO:kolla.common.utils.aodh-base:  python3-retrying python3-routes python3-setproctitle python3-simplegeneric
INFO:kolla.common.utils.aodh-base:  python3-singledispatch python3-sqlalchemy python3-sqlparse python3-tempita
INFO:kolla.common.utils.aodh-base:  python3-tenacity python3-testresources python3-testscenarios python3-tooz
INFO:kolla.common.utils.aodh-base:  python3-vine python3-voluptuous python3-waitress python3-webtest
INFO:kolla.common.utils.aodh-base:  python3-werkzeug python3-wsme xz-utils
INFO:kolla.common.utils.aodh-base:Suggested packages:
INFO:kolla.common.utils.aodh-base:  www-browser apache2-doc apache2-suexec-pristine | apache2-suexec-custom ufw
INFO:kolla.common.utils.aodh-base:  binutils-doc debian-keyring gcc | c-compiler git bzr make-doc python3-editor
INFO:kolla.common.utils.aodh-base:  python-amqp-doc python-cotyledon-doc python-jinja2-doc python-kombu-doc
INFO:kolla.common.utils.aodh-base:  python3-boto python3-django python3-pymongo python-migrate-doc
INFO:kolla.common.utils.aodh-base:  python-octaviaclient-doc python-oslo.cache-doc python3-confluent-kafka
INFO:kolla.common.utils.aodh-base:  python-oslo.middleware-doc python-oslo.policy-doc python-oslo.service-doc
INFO:kolla.common.utils.aodh-base:  libapache2-mod-python libapache2-mod-scgi libjs-mochikit python-pecan-doc
INFO:kolla.common.utils.aodh-base:  python-sqlalchemy-doc python3-fdb python-sqlparse-doc python-tenacity-doc
INFO:kolla.common.utils.aodh-base:  python-waitress-doc python-webtest-doc ipython3 python3-termcolor
INFO:kolla.common.utils.aodh-base:  python3-watchdog python-werkzeug-doc
INFO:kolla.common.utils.aodh-base:Recommended packages:
INFO:kolla.common.utils.aodh-base:  ssl-cert build-essential gcc | c-compiler fakeroot libalgorithm-merge-perl
INFO:kolla.common.utils.aodh-base:  libfile-fcntllock-perl liblocale-gettext-perl javascript-common
INFO:kolla.common.utils.aodh-base:  python3-pastescript python3-sqlalchemy-ext
INFO:kolla.common.utils.aodh-base:The following NEW packages will be installed:
INFO:kolla.common.utils.aodh-base:  alembic aodh-common apache2 apache2-bin apache2-data apache2-utils binutils
INFO:kolla.common.utils.aodh-base:  binutils-common binutils-s390x-linux-gnu dpkg-dev libapache2-mod-wsgi-py3
INFO:kolla.common.utils.aodh-base:  libapr1 libaprutil1 libaprutil1-dbd-sqlite3 libaprutil1-ldap libbinutils
INFO:kolla.common.utils.aodh-base:  libdpkg-perl libjs-jquery libjs-sphinxdoc libjs-underscore liblua5.2-0
INFO:kolla.common.utils.aodh-base:  libpython3.6 make pycadf-common python-pastedeploy-tpl python3-alembic
INFO:kolla.common.utils.aodh-base:  python3-amqp python3-anyjson python3-aodh python3-bs4 python3-cachetools
INFO:kolla.common.utils.aodh-base:  python3-cotyledon python3-croniter python3-jinja2 python3-keystonemiddleware
INFO:kolla.common.utils.aodh-base:  python3-kombu python3-ldap python3-ldappool python3-logutils python3-migrate
INFO:kolla.common.utils.aodh-base:  python3-octaviaclient python3-oslo.cache python3-oslo.db
INFO:kolla.common.utils.aodh-base:  python3-oslo.messaging python3-oslo.middleware python3-oslo.policy
INFO:kolla.common.utils.aodh-base:  python3-oslo.service python3-oslo.upgradecheck python3-paste
INFO:kolla.common.utils.aodh-base:  python3-pastedeploy python3-pecan python3-pyasn1 python3-pyasn1-modules
INFO:kolla.common.utils.aodh-base:  python3-pycadf python3-repoze.lru python3-retrying python3-routes
INFO:kolla.common.utils.aodh-base:  python3-setproctitle python3-simplegeneric python3-singledispatch
INFO:kolla.common.utils.aodh-base:  python3-sqlalchemy python3-sqlparse python3-tempita python3-tenacity
INFO:kolla.common.utils.aodh-base:  python3-testresources python3-testscenarios python3-tooz python3-vine
INFO:kolla.common.utils.aodh-base:  python3-voluptuous python3-waitress python3-webtest python3-werkzeug
INFO:kolla.common.utils.aodh-base:  python3-wsme xz-utils
INFO:kolla.common.utils.aodh-base:0 upgraded, 74 newly installed, 0 to remove and 0 not upgraded.
INFO:kolla.common.utils.aodh-base:Need to get 10.3 MB of archives.
INFO:kolla.common.utils.aodh-base:After this operation, 52.1 MB of additional disk space will be used.
INFO:kolla.common.utils.aodh-base:Get:1 http://ubuntu-cloud.archive.canonical.com/ubuntu bionic-updates/ussuri/main s390x python3-sqlalchemy all 1.2.18+ds1-2ubuntu2~cloud0 [728 kB]
INFO:kolla.common.utils.aodh-base:Get:2 http://ports.ubuntu.com bionic/main s390x libapr1 s390x 1.6.3-2 [87.4 kB]
INFO:kolla.common.utils.aodh-base:Get:3 http://ports.ubuntu.com bionic/main s390x libaprutil1 s390x 1.6.1-2 [81.8 kB]
INFO:kolla.common.utils.aodh-base:Get:4 http://ports.ubuntu.com bionic/main s390x libaprutil1-dbd-sqlite3 s390x 1.6.1-2 [10.4 kB]
INFO:kolla.common.utils.aodh-base:Get:5 http://ports.ubuntu.com bionic/main s390x libaprutil1-ldap s390x 1.6.1-2 [8,652 B]
INFO:kolla.common.utils.aodh-base:Get:6 http://ubuntu-cloud.archive.canonical.com/ubuntu bionic-updates/ussuri/main s390x python3-alembic all 1.0.0-2ubuntu2~cloud0 [111 kB]
INFO:kolla.common.utils.aodh-base:Get:7 http://ports.ubuntu.com bionic/main s390x liblua5.2-0 s390x 5.2.4-1.1build1 [99.9 kB]
INFO:kolla.common.utils.aodh-base:Get:8 http://ubuntu-cloud.archive.canonical.com/ubuntu bionic-updates/ussuri/main s390x libjs-sphinxdoc all 1.8.5-3~cloud0 [96.6 kB]
INFO:kolla.common.utils.aodh-base:Get:9 http://ubuntu-cloud.archive.canonical.com/ubuntu bionic-updates/ussuri/main s390x alembic all 1.0.0-2ubuntu2~cloud0 [369 kB]
INFO:kolla.common.utils.aodh-base:Get:10 http://ports.ubuntu.com bionic-updates/main s390x apache2-bin s390x 2.4.29-1ubuntu4.12 [978 kB]
INFO:kolla.common.utils.aodh-base:Get:11 http://ubuntu-cloud.archive.canonical.com/ubuntu bionic-updates/ussuri/main s390x aodh-common all 9.0.0-0ubuntu1~cloud0 [19.5 kB]
INFO:kolla.common.utils.aodh-base:Get:12 http://ubuntu-cloud.archive.canonical.com/ubuntu bionic-updates/ussuri/main s390x python3-amqp all 2.5.0-2~cloud0 [42.2 kB]
INFO:kolla.common.utils.aodh-base:Get:13 http://ports.ubuntu.com bionic-updates/main s390x apache2-utils s390x 2.4.29-1ubuntu4.12 [81.3 kB]
INFO:kolla.common.utils.aodh-base:Get:14 http://ubuntu-cloud.archive.canonical.com/ubuntu bionic-updates/ussuri/main s390x python3-cachetools all 3.1.0-2~cloud0 [9,892 B]
INFO:kolla.common.utils.aodh-base:Get:15 http://ports.ubuntu.com bionic-updates/main s390x apache2-data all 2.4.29-1ubuntu4.12 [160 kB]
INFO:kolla.common.utils.aodh-base:Get:16 http://ubuntu-cloud.archive.canonical.com/ubuntu bionic-updates/ussuri/main s390x python3-croniter all 0.3.29-2ubuntu1~cloud0 [16.5 kB]
INFO:kolla.common.utils.aodh-base:Get:17 http://ubuntu-cloud.archive.canonical.com/ubuntu bionic-updates/ussuri/main s390x python3-oslo.cache all 1.37.0-0ubuntu1~cloud0 [34.5 kB]
INFO:kolla.common.utils.aodh-base:Get:18 http://ports.ubuntu.com bionic-updates/main s390x apache2 s390x 2.4.29-1ubuntu4.12 [95.1 kB]
INFO:kolla.common.utils.aodh-base:Get:19 http://ubuntu-cloud.archive.canonical.com/ubuntu bionic-updates/ussuri/main s390x python3-keystonemiddleware all 7.0.1-0ubuntu1~cloud0 [68.6 kB]
INFO:kolla.common.utils.aodh-base:Get:20 http://ports.ubuntu.com bionic/main s390x xz-utils s390x 5.2.2-1.3 [82.1 kB]
INFO:kolla.common.utils.aodh-base:Get:21 http://ubuntu-cloud.archive.canonical.com/ubuntu bionic-updates/ussuri/main s390x python3-octaviaclient all 1.10.0-0ubuntu1~cloud0 [43.4 kB]
INFO:kolla.common.utils.aodh-base:Get:22 http://ports.ubuntu.com bionic/main s390x libjs-jquery all 3.2.1-1 [152 kB]
INFO:kolla.common.utils.aodh-base:Get:23 http://ubuntu-cloud.archive.canonical.com/ubuntu bionic-updates/ussuri/main s390x python3-migrate all 0.12.0-3~cloud0 [79.3 kB]
INFO:kolla.common.utils.aodh-base:Get:24 http://ubuntu-cloud.archive.canonical.com/ubuntu bionic-updates/ussuri/main s390x python3-testscenarios all 0.5.0-2~cloud0 [13.5 kB]
INFO:kolla.common.utils.aodh-base:Get:25 http://ports.ubuntu.com bionic/main s390x libjs-underscore all 1.8.3~dfsg-1 [59.9 kB]
INFO:kolla.common.utils.aodh-base:Get:26 http://ubuntu-cloud.archive.canonical.com/ubuntu bionic-updates/ussuri/main s390x python3-oslo.db all 5.0.2-0ubuntu1~cloud0 [115 kB]
INFO:kolla.common.utils.aodh-base:Get:27 http://ports.ubuntu.com bionic-updates/main s390x libdpkg-perl all 1.19.0.5ubuntu2.3 [211 kB]
INFO:kolla.common.utils.aodh-base:Get:28 http://ubuntu-cloud.archive.canonical.com/ubuntu bionic-updates/ussuri/main s390x python3-oslo.middleware all 3.38.1-0ubuntu1~cloud0 [33.1 kB]
INFO:kolla.common.utils.aodh-base:Get:29 http://ubuntu-cloud.archive.canonical.com/ubuntu bionic-updates/ussuri/main s390x python3-oslo.service all 1.40.2-0ubuntu1~cloud0 [50.6 kB]
INFO:kolla.common.utils.aodh-base:Get:30 http://ports.ubuntu.com bionic/main s390x make s390x 4.1-9.1ubuntu1 [148 kB]
INFO:kolla.common.utils.aodh-base:Get:31 http://ubuntu-cloud.archive.canonical.com/ubuntu bionic-updates/ussuri/main s390x python3-tenacity all 5.1.1-0ubuntu2~cloud0 [34.9 kB]
INFO:kolla.common.utils.aodh-base:Get:32 http://ubuntu-cloud.archive.canonical.com/ubuntu bionic-updates/ussuri/main s390x python3-oslo.messaging all 9.7.1-0ubuntu3~cloud0 [149 kB]
INFO:kolla.common.utils.aodh-base:Get:33 http://ports.ubuntu.com bionic-updates/main s390x binutils-common s390x 2.30-21ubuntu1~18.04.2 [193 kB]
INFO:kolla.common.utils.aodh-base:Get:34 http://ubuntu-cloud.archive.canonical.com/ubuntu bionic-updates/ussuri/main s390x python3-oslo.policy all 2.3.2-0ubuntu1~cloud0 [50.3 kB]
INFO:kolla.common.utils.aodh-base:Get:35 http://ports.ubuntu.com bionic-updates/main s390x libbinutils s390x 2.30-21ubuntu1~18.04.2 [305 kB]
INFO:kolla.common.utils.aodh-base:Get:36 http://ubuntu-cloud.archive.canonical.com/ubuntu bionic-updates/ussuri/main s390x python3-oslo.upgradecheck all 0.3.2-0ubuntu1~cloud0 [7,484 B]
INFO:kolla.common.utils.aodh-base:Get:37 http://ubuntu-cloud.archive.canonical.com/ubuntu bionic-updates/ussuri/main s390x python3-pecan all 1.3.3-0ubuntu2~cloud0 [104 kB]
INFO:kolla.common.utils.aodh-base:Get:38 http://ubuntu-cloud.archive.canonical.com/ubuntu bionic-updates/ussuri/main s390x python3-tooz all 1.66.2-0ubuntu1~cloud0 [50.3 kB]
INFO:kolla.common.utils.aodh-base:Get:39 http://ubuntu-cloud.archive.canonical.com/ubuntu bionic-updates/ussuri/main s390x python3-wsme all 0.9.3-3~cloud0 [61.6 kB]
INFO:kolla.common.utils.aodh-base:Get:40 http://ports.ubuntu.com bionic-updates/main s390x binutils-s390x-linux-gnu s390x 2.30-21ubuntu1~18.04.2 [1,723 kB]
INFO:kolla.common.utils.aodh-base:Get:41 http://ubuntu-cloud.archive.canonical.com/ubuntu bionic-updates/ussuri/main s390x python3-aodh all 9.0.0-0ubuntu1~cloud0 [111 kB]
INFO:kolla.common.utils.aodh-base:Get:42 http://ports.ubuntu.com bionic-updates/main s390x binutils s390x 2.30-21ubuntu1~18.04.2 [3,336 B]
INFO:kolla.common.utils.aodh-base:Get:43 http://ubuntu-cloud.archive.canonical.com/ubuntu bionic-updates/ussuri/main s390x python3-ldappool all 2.4.1-0ubuntu2~cloud0 [11.8 kB]
INFO:kolla.common.utils.aodh-base:Get:44 http://ports.ubuntu.com bionic-updates/main s390x dpkg-dev all 1.19.0.5ubuntu2.3 [607 kB]
INFO:kolla.common.utils.aodh-base:Get:45 http://ports.ubuntu.com bionic-updates/main s390x libpython3.6 s390x 3.6.9-1~18.04 [1,284 kB]
INFO:kolla.common.utils.aodh-base:Get:46 http://ports.ubuntu.com bionic-updates/universe s390x libapache2-mod-wsgi-py3 s390x 4.5.17-1ubuntu1 [81.9 kB]
INFO:kolla.common.utils.aodh-base:Get:47 http://ports.ubuntu.com bionic/main s390x pycadf-common all 2.7.0-0ubuntu1 [4,440 B]
INFO:kolla.common.utils.aodh-base:Get:48 http://ports.ubuntu.com bionic/main s390x python-pastedeploy-tpl all 1.5.2-4 [4,796 B]
INFO:kolla.common.utils.aodh-base:Get:49 http://ports.ubuntu.com bionic/main s390x python3-vine all 1.1.4+dfsg-2 [15.7 kB]
INFO:kolla.common.utils.aodh-base:Get:50 http://ports.ubuntu.com bionic/universe s390x python3-anyjson all 0.3.3-1build1 [7,062 B]
INFO:kolla.common.utils.aodh-base:Get:51 http://ports.ubuntu.com bionic/main s390x python3-setproctitle s390x 1.1.10-1build2 [14.6 kB]
INFO:kolla.common.utils.aodh-base:Get:52 http://ports.ubuntu.com bionic/universe s390x python3-cotyledon all 1.6.8-0ubuntu1 [15.9 kB]
INFO:kolla.common.utils.aodh-base:Get:53 http://ports.ubuntu.com bionic/universe s390x python3-pycadf all 2.7.0-0ubuntu1 [17.4 kB]
INFO:kolla.common.utils.aodh-base:Get:54 http://ports.ubuntu.com bionic/main s390x python3-sqlparse all 0.2.4-0.1 [28.1 kB]
INFO:kolla.common.utils.aodh-base:Get:55 http://ports.ubuntu.com bionic/main s390x python3-tempita all 0.5.2-2 [13.9 kB]
INFO:kolla.common.utils.aodh-base:Get:56 http://ports.ubuntu.com bionic/universe s390x python3-testresources all 2.0.0-2 [26.4 kB]
INFO:kolla.common.utils.aodh-base:Get:57 http://ports.ubuntu.com bionic/universe s390x python3-kombu all 4.1.0-1 [126 kB]
INFO:kolla.common.utils.aodh-base:Get:58 http://ports.ubuntu.com bionic-updates/main s390x python3-jinja2 all 2.10-1ubuntu0.18.04.1 [95.4 kB]
INFO:kolla.common.utils.aodh-base:Get:59 http://ports.ubuntu.com bionic/main s390x python3-paste all 2.0.3+dfsg-4ubuntu1 [456 kB]
INFO:kolla.common.utils.aodh-base:Get:60 http://ports.ubuntu.com bionic/main s390x python3-pastedeploy all 1.5.2-4 [13.4 kB]
INFO:kolla.common.utils.aodh-base:Get:61 http://ports.ubuntu.com bionic/universe s390x python3-repoze.lru all 0.7-1 [11.7 kB]
INFO:kolla.common.utils.aodh-base:Get:62 http://ports.ubuntu.com bionic/universe s390x python3-routes all 2.4.1-1 [28.4 kB]
INFO:kolla.common.utils.aodh-base:Get:63 http://ports.ubuntu.com bionic/universe s390x python3-logutils all 0.3.3-5 [16.7 kB]
INFO:kolla.common.utils.aodh-base:Get:64 http://ports.ubuntu.com bionic/universe s390x python3-simplegeneric all 0.8.1-1 [11.5 kB]
INFO:kolla.common.utils.aodh-base:Get:65 http://ports.ubuntu.com bionic/universe s390x python3-singledispatch all 3.4.0.3-2 [7,022 B]
INFO:kolla.common.utils.aodh-base:Get:66 http://ports.ubuntu.com bionic/main s390x python3-bs4 all 4.6.0-1 [67.8 kB]
INFO:kolla.common.utils.aodh-base:Get:67 http://ports.ubuntu.com bionic/main s390x python3-waitress all 1.0.1-1 [53.4 kB]
INFO:kolla.common.utils.aodh-base:Get:68 http://ports.ubuntu.com bionic/main s390x python3-webtest all 2.0.28-1ubuntu1 [27.9 kB]
INFO:kolla.common.utils.aodh-base:Get:69 http://ports.ubuntu.com bionic/universe s390x python3-retrying all 1.3.3-3 [7,980 B]
INFO:kolla.common.utils.aodh-base:Get:70 http://ports.ubuntu.com bionic/main s390x python3-voluptuous all 0.9.3-1 [24.2 kB]
INFO:kolla.common.utils.aodh-base:Get:71 http://ports.ubuntu.com bionic/universe s390x python3-werkzeug all 0.14.1+dfsg1-1 [174 kB]
INFO:kolla.common.utils.aodh-base:Get:72 http://ports.ubuntu.com bionic/main s390x python3-pyasn1 all 0.4.2-3 [46.8 kB]
INFO:kolla.common.utils.aodh-base:Get:73 http://ports.ubuntu.com bionic/main s390x python3-pyasn1-modules all 0.2.1-0.2 [32.9 kB]
INFO:kolla.common.utils.aodh-base:Get:74 http://ports.ubuntu.com bionic-updates/main s390x python3-ldap s390x 3.0.0-1ubuntu0.1 [85.4 kB]
INFO:kolla.common.utils.aodh-base:Fetched 10.3 MB in 0s (29.4 MB/s)
INFO:kolla.common.utils.aodh-base:Selecting previously unselected package libapr1:s390x.
INFO:kolla.common.utils.aodh-base:(Reading database ... (Reading database ... 5%(Reading database ... 10%(Reading database ... 15%(Reading database ... 20%(Reading database ... 25%(Reading database ... 30%(Reading database ... 35%(Reading database ... 40%(Reading database ... 45%(Reading database ... 50%(Reading database ... 55%(Reading database ... 60%(Reading database ... 65%(Reading database ... 70%(Reading database ... 75%(Reading database ... 80%
INFO:kolla.common.utils.aodh-base:(Reading database ... 85%
INFO:kolla.common.utils.aodh-base:(Reading database ... 90%
INFO:kolla.common.utils.aodh-base:(Reading database ... 95%
INFO:kolla.common.utils.aodh-base:(Reading database ... 100%(Reading database ... 22243 files and directories currently installed.)
INFO:kolla.common.utils.aodh-base:Preparing to unpack .../00-libapr1_1.6.3-2_s390x.deb ...
INFO:kolla.common.utils.aodh-base:Unpacking libapr1:s390x (1.6.3-2) ...
INFO:kolla.common.utils.aodh-base:Selecting previously unselected package libaprutil1:s390x.
INFO:kolla.common.utils.aodh-base:Preparing to unpack .../01-libaprutil1_1.6.1-2_s390x.deb ...
INFO:kolla.common.utils.aodh-base:Unpacking libaprutil1:s390x (1.6.1-2) ...
INFO:kolla.common.utils.aodh-base:Selecting previously unselected package libaprutil1-dbd-sqlite3:s390x.
INFO:kolla.common.utils.aodh-base:Preparing to unpack .../02-libaprutil1-dbd-sqlite3_1.6.1-2_s390x.deb ...
INFO:kolla.common.utils.aodh-base:Unpacking libaprutil1-dbd-sqlite3:s390x (1.6.1-2) ...
INFO:kolla.common.utils.aodh-base:Selecting previously unselected package libaprutil1-ldap:s390x.
INFO:kolla.common.utils.aodh-base:Preparing to unpack .../03-libaprutil1-ldap_1.6.1-2_s390x.deb ...
INFO:kolla.common.utils.aodh-base:Unpacking libaprutil1-ldap:s390x (1.6.1-2) ...
INFO:kolla.common.utils.aodh-base:Selecting previously unselected package liblua5.2-0:s390x.
INFO:kolla.common.utils.aodh-base:Preparing to unpack .../04-liblua5.2-0_5.2.4-1.1build1_s390x.deb ...
INFO:kolla.common.utils.aodh-base:Unpacking liblua5.2-0:s390x (5.2.4-1.1build1) ...
INFO:kolla.common.utils.aodh-base:Selecting previously unselected package apache2-bin.
INFO:kolla.common.utils.aodh-base:Preparing to unpack .../05-apache2-bin_2.4.29-1ubuntu4.12_s390x.deb ...
INFO:kolla.common.utils.aodh-base:Unpacking apache2-bin (2.4.29-1ubuntu4.12) ...
INFO:kolla.common.utils.aodh-base:Selecting previously unselected package apache2-utils.
INFO:kolla.common.utils.aodh-base:Preparing to unpack .../06-apache2-utils_2.4.29-1ubuntu4.12_s390x.deb ...
INFO:kolla.common.utils.aodh-base:Unpacking apache2-utils (2.4.29-1ubuntu4.12) ...
INFO:kolla.common.utils.aodh-base:Selecting previously unselected package apache2-data.
INFO:kolla.common.utils.aodh-base:Preparing to unpack .../07-apache2-data_2.4.29-1ubuntu4.12_all.deb ...
INFO:kolla.common.utils.aodh-base:Unpacking apache2-data (2.4.29-1ubuntu4.12) ...
INFO:kolla.common.utils.aodh-base:Selecting previously unselected package apache2.
INFO:kolla.common.utils.aodh-base:Preparing to unpack .../08-apache2_2.4.29-1ubuntu4.12_s390x.deb ...
INFO:kolla.common.utils.aodh-base:Unpacking apache2 (2.4.29-1ubuntu4.12) ...
INFO:kolla.common.utils.aodh-base:Selecting previously unselected package xz-utils.
INFO:kolla.common.utils.aodh-base:Preparing to unpack .../09-xz-utils_5.2.2-1.3_s390x.deb ...
INFO:kolla.common.utils.aodh-base:Unpacking xz-utils (5.2.2-1.3) ...
INFO:kolla.common.utils.aodh-base:Selecting previously unselected package python3-sqlalchemy.
INFO:kolla.common.utils.aodh-base:Preparing to unpack .../10-python3-sqlalchemy_1.2.18+ds1-2ubuntu2~cloud0_all.deb ...
INFO:kolla.common.utils.aodh-base:Unpacking python3-sqlalchemy (1.2.18+ds1-2ubuntu2~cloud0) ...
INFO:kolla.common.utils.aodh-base:Selecting previously unselected package python3-alembic.
INFO:kolla.common.utils.aodh-base:Preparing to unpack .../11-python3-alembic_1.0.0-2ubuntu2~cloud0_all.deb ...
INFO:kolla.common.utils.aodh-base:Unpacking python3-alembic (1.0.0-2ubuntu2~cloud0) ...
INFO:kolla.common.utils.aodh-base:Selecting previously unselected package libjs-jquery.
INFO:kolla.common.utils.aodh-base:Preparing to unpack .../12-libjs-jquery_3.2.1-1_all.deb ...
INFO:kolla.common.utils.aodh-base:Unpacking libjs-jquery (3.2.1-1) ...
INFO:kolla.common.utils.aodh-base:Selecting previously unselected package libjs-underscore.
INFO:kolla.common.utils.aodh-base:Preparing to unpack .../13-libjs-underscore_1.8.3~dfsg-1_all.deb ...
INFO:kolla.common.utils.aodh-base:Unpacking libjs-underscore (1.8.3~dfsg-1) ...
INFO:kolla.common.utils.aodh-base:Selecting previously unselected package libjs-sphinxdoc.
INFO:kolla.common.utils.aodh-base:Preparing to unpack .../14-libjs-sphinxdoc_1.8.5-3~cloud0_all.deb ...
INFO:kolla.common.utils.aodh-base:Unpacking libjs-sphinxdoc (1.8.5-3~cloud0) ...
INFO:kolla.common.utils.aodh-base:Selecting previously unselected package alembic.
INFO:kolla.common.utils.aodh-base:Preparing to unpack .../15-alembic_1.0.0-2ubuntu2~cloud0_all.deb ...
INFO:kolla.common.utils.aodh-base:Unpacking alembic (1.0.0-2ubuntu2~cloud0) ...
INFO:kolla.common.utils.aodh-base:Selecting previously unselected package libdpkg-perl.
INFO:kolla.common.utils.aodh-base:Preparing to unpack .../16-libdpkg-perl_1.19.0.5ubuntu2.3_all.deb ...
INFO:kolla.common.utils.aodh-base:Unpacking libdpkg-perl (1.19.0.5ubuntu2.3) ...
INFO:kolla.common.utils.aodh-base:Selecting previously unselected package make.
INFO:kolla.common.utils.aodh-base:Preparing to unpack .../17-make_4.1-9.1ubuntu1_s390x.deb ...
INFO:kolla.common.utils.aodh-base:Unpacking make (4.1-9.1ubuntu1) ...
INFO:kolla.common.utils.aodh-base:Selecting previously unselected package binutils-common:s390x.
INFO:kolla.common.utils.aodh-base:Preparing to unpack .../18-binutils-common_2.30-21ubuntu1~18.04.2_s390x.deb ...
INFO:kolla.common.utils.aodh-base:Unpacking binutils-common:s390x (2.30-21ubuntu1~18.04.2) ...
INFO:kolla.common.utils.aodh-base:Selecting previously unselected package libbinutils:s390x.
INFO:kolla.common.utils.aodh-base:Preparing to unpack .../19-libbinutils_2.30-21ubuntu1~18.04.2_s390x.deb ...
INFO:kolla.common.utils.aodh-base:Unpacking libbinutils:s390x (2.30-21ubuntu1~18.04.2) ...
INFO:kolla.common.utils.aodh-base:Selecting previously unselected package binutils-s390x-linux-gnu.
INFO:kolla.common.utils.aodh-base:Preparing to unpack .../20-binutils-s390x-linux-gnu_2.30-21ubuntu1~18.04.2_s390x.deb ...
INFO:kolla.common.utils.aodh-base:Unpacking binutils-s390x-linux-gnu (2.30-21ubuntu1~18.04.2) ...
INFO:kolla.common.utils.aodh-base:Selecting previously unselected package binutils.
INFO:kolla.common.utils.aodh-base:Preparing to unpack .../21-binutils_2.30-21ubuntu1~18.04.2_s390x.deb ...
INFO:kolla.common.utils.aodh-base:Unpacking binutils (2.30-21ubuntu1~18.04.2) ...
INFO:kolla.common.utils.aodh-base:Selecting previously unselected package dpkg-dev.
INFO:kolla.common.utils.aodh-base:Preparing to unpack .../22-dpkg-dev_1.19.0.5ubuntu2.3_all.deb ...
INFO:kolla.common.utils.aodh-base:Unpacking dpkg-dev (1.19.0.5ubuntu2.3) ...
INFO:kolla.common.utils.aodh-base:Selecting previously unselected package aodh-common.
INFO:kolla.common.utils.aodh-base:Preparing to unpack .../23-aodh-common_9.0.0-0ubuntu1~cloud0_all.deb ...
INFO:kolla.common.utils.aodh-base:Unpacking aodh-common (9.0.0-0ubuntu1~cloud0) ...
INFO:kolla.common.utils.aodh-base:Selecting previously unselected package libpython3.6:s390x.
INFO:kolla.common.utils.aodh-base:Preparing to unpack .../24-libpython3.6_3.6.9-1~18.04_s390x.deb ...
INFO:kolla.common.utils.aodh-base:Unpacking libpython3.6:s390x (3.6.9-1~18.04) ...
INFO:kolla.common.utils.aodh-base:Selecting previously unselected package libapache2-mod-wsgi-py3.
INFO:kolla.common.utils.aodh-base:Preparing to unpack .../25-libapache2-mod-wsgi-py3_4.5.17-1ubuntu1_s390x.deb ...
INFO:kolla.common.utils.aodh-base:Unpacking libapache2-mod-wsgi-py3 (4.5.17-1ubuntu1) ...
INFO:kolla.common.utils.aodh-base:Selecting previously unselected package pycadf-common.
INFO:kolla.common.utils.aodh-base:Preparing to unpack .../26-pycadf-common_2.7.0-0ubuntu1_all.deb ...
INFO:kolla.common.utils.aodh-base:Unpacking pycadf-common (2.7.0-0ubuntu1) ...
INFO:kolla.common.utils.aodh-base:Selecting previously unselected package python-pastedeploy-tpl.
INFO:kolla.common.utils.aodh-base:Preparing to unpack .../27-python-pastedeploy-tpl_1.5.2-4_all.deb ...
INFO:kolla.common.utils.aodh-base:Unpacking python-pastedeploy-tpl (1.5.2-4) ...
INFO:kolla.common.utils.aodh-base:Selecting previously unselected package python3-vine.
INFO:kolla.common.utils.aodh-base:Preparing to unpack .../28-python3-vine_1.1.4+dfsg-2_all.deb ...
INFO:kolla.common.utils.aodh-base:Unpacking python3-vine (1.1.4+dfsg-2) ...
INFO:kolla.common.utils.aodh-base:Selecting previously unselected package python3-amqp.
INFO:kolla.common.utils.aodh-base:Preparing to unpack .../29-python3-amqp_2.5.0-2~cloud0_all.deb ...
INFO:kolla.common.utils.aodh-base:Unpacking python3-amqp (2.5.0-2~cloud0) ...
INFO:kolla.common.utils.aodh-base:Selecting previously unselected package python3-anyjson.
INFO:kolla.common.utils.aodh-base:Preparing to unpack .../30-python3-anyjson_0.3.3-1build1_all.deb ...
INFO:kolla.common.utils.aodh-base:Unpacking python3-anyjson (0.3.3-1build1) ...
INFO:kolla.common.utils.aodh-base:Selecting previously unselected package python3-cachetools.
INFO:kolla.common.utils.aodh-base:Preparing to unpack .../31-python3-cachetools_3.1.0-2~cloud0_all.deb ...
INFO:kolla.common.utils.aodh-base:Unpacking python3-cachetools (3.1.0-2~cloud0) ...
INFO:kolla.common.utils.aodh-base:Selecting previously unselected package python3-setproctitle:s390x.
INFO:kolla.common.utils.aodh-base:Preparing to unpack .../32-python3-setproctitle_1.1.10-1build2_s390x.deb ...
INFO:kolla.common.utils.aodh-base:Unpacking python3-setproctitle:s390x (1.1.10-1build2) ...
INFO:kolla.common.utils.aodh-base:Selecting previously unselected package python3-cotyledon.
INFO:kolla.common.utils.aodh-base:Preparing to unpack .../33-python3-cotyledon_1.6.8-0ubuntu1_all.deb ...
INFO:kolla.common.utils.aodh-base:Unpacking python3-cotyledon (1.6.8-0ubuntu1) ...
INFO:kolla.common.utils.aodh-base:Selecting previously unselected package python3-croniter.
INFO:kolla.common.utils.aodh-base:Preparing to unpack .../34-python3-croniter_0.3.29-2ubuntu1~cloud0_all.deb ...
INFO:kolla.common.utils.aodh-base:Unpacking python3-croniter (0.3.29-2ubuntu1~cloud0) ...
INFO:kolla.common.utils.aodh-base:Selecting previously unselected package python3-oslo.cache.
INFO:kolla.common.utils.aodh-base:Preparing to unpack .../35-python3-oslo.cache_1.37.0-0ubuntu1~cloud0_all.deb ...
INFO:kolla.common.utils.aodh-base:Unpacking python3-oslo.cache (1.37.0-0ubuntu1~cloud0) ...
INFO:kolla.common.utils.aodh-base:Selecting previously unselected package python3-pycadf.
INFO:kolla.common.utils.aodh-base:Preparing to unpack .../36-python3-pycadf_2.7.0-0ubuntu1_all.deb ...
INFO:kolla.common.utils.aodh-base:Unpacking python3-pycadf (2.7.0-0ubuntu1) ...
INFO:kolla.common.utils.aodh-base:Selecting previously unselected package python3-keystonemiddleware.
INFO:kolla.common.utils.aodh-base:Preparing to unpack .../37-python3-keystonemiddleware_7.0.1-0ubuntu1~cloud0_all.deb ...
INFO:kolla.common.utils.aodh-base:Unpacking python3-keystonemiddleware (7.0.1-0ubuntu1~cloud0) ...
INFO:kolla.common.utils.aodh-base:Selecting previously unselected package python3-octaviaclient.
INFO:kolla.common.utils.aodh-base:Preparing to unpack .../38-python3-octaviaclient_1.10.0-0ubuntu1~cloud0_all.deb ...
INFO:kolla.common.utils.aodh-base:Unpacking python3-octaviaclient (1.10.0-0ubuntu1~cloud0) ...
INFO:kolla.common.utils.aodh-base:Selecting previously unselected package python3-sqlparse.
INFO:kolla.common.utils.aodh-base:Preparing to unpack .../39-python3-sqlparse_0.2.4-0.1_all.deb ...
INFO:kolla.common.utils.aodh-base:Unpacking python3-sqlparse (0.2.4-0.1) ...
INFO:kolla.common.utils.aodh-base:Selecting previously unselected package python3-tempita.
INFO:kolla.common.utils.aodh-base:Preparing to unpack .../40-python3-tempita_0.5.2-2_all.deb ...
INFO:kolla.common.utils.aodh-base:Unpacking python3-tempita (0.5.2-2) ...
INFO:kolla.common.utils.aodh-base:Selecting previously unselected package python3-migrate.
INFO:kolla.common.utils.aodh-base:Preparing to unpack .../41-python3-migrate_0.12.0-3~cloud0_all.deb ...
INFO:kolla.common.utils.aodh-base:Unpacking python3-migrate (0.12.0-3~cloud0) ...
INFO:kolla.common.utils.aodh-base:Selecting previously unselected package python3-testresources.
INFO:kolla.common.utils.aodh-base:Preparing to unpack .../42-python3-testresources_2.0.0-2_all.deb ...
INFO:kolla.common.utils.aodh-base:Unpacking python3-testresources (2.0.0-2) ...
INFO:kolla.common.utils.aodh-base:Selecting previously unselected package python3-testscenarios.
INFO:kolla.common.utils.aodh-base:Preparing to unpack .../43-python3-testscenarios_0.5.0-2~cloud0_all.deb ...
INFO:kolla.common.utils.aodh-base:Unpacking python3-testscenarios (0.5.0-2~cloud0) ...
INFO:kolla.common.utils.aodh-base:Selecting previously unselected package python3-oslo.db.
INFO:kolla.common.utils.aodh-base:Preparing to unpack .../44-python3-oslo.db_5.0.2-0ubuntu1~cloud0_all.deb ...
INFO:kolla.common.utils.aodh-base:Unpacking python3-oslo.db (5.0.2-0ubuntu1~cloud0) ...
INFO:kolla.common.utils.aodh-base:Selecting previously unselected package python3-kombu.
INFO:kolla.common.utils.aodh-base:Preparing to unpack .../45-python3-kombu_4.1.0-1_all.deb ...
INFO:kolla.common.utils.aodh-base:Unpacking python3-kombu (4.1.0-1) ...
INFO:kolla.common.utils.aodh-base:Selecting previously unselected package python3-jinja2.
INFO:kolla.common.utils.aodh-base:Preparing to unpack .../46-python3-jinja2_2.10-1ubuntu0.18.04.1_all.deb ...
INFO:kolla.common.utils.aodh-base:Unpacking python3-jinja2 (2.10-1ubuntu0.18.04.1) ...
INFO:kolla.common.utils.aodh-base:Selecting previously unselected package python3-oslo.middleware.
INFO:kolla.common.utils.aodh-base:Preparing to unpack .../47-python3-oslo.middleware_3.38.1-0ubuntu1~cloud0_all.deb ...
INFO:kolla.common.utils.aodh-base:Unpacking python3-oslo.middleware (3.38.1-0ubuntu1~cloud0) ...
INFO:kolla.common.utils.aodh-base:Selecting previously unselected package python3-paste.
INFO:kolla.common.utils.aodh-base:Preparing to unpack .../48-python3-paste_2.0.3+dfsg-4ubuntu1_all.deb ...
INFO:kolla.common.utils.aodh-base:Unpacking python3-paste (2.0.3+dfsg-4ubuntu1) ...
INFO:kolla.common.utils.aodh-base:Selecting previously unselected package python3-pastedeploy.
INFO:kolla.common.utils.aodh-base:Preparing to unpack .../49-python3-pastedeploy_1.5.2-4_all.deb ...
INFO:kolla.common.utils.aodh-base:Unpacking python3-pastedeploy (1.5.2-4) ...
INFO:kolla.common.utils.aodh-base:Selecting previously unselected package python3-repoze.lru.
INFO:kolla.common.utils.aodh-base:Preparing to unpack .../50-python3-repoze.lru_0.7-1_all.deb ...
INFO:kolla.common.utils.aodh-base:Unpacking python3-repoze.lru (0.7-1) ...
INFO:kolla.common.utils.aodh-base:Selecting previously unselected package python3-routes.
INFO:kolla.common.utils.aodh-base:Preparing to unpack .../51-python3-routes_2.4.1-1_all.deb ...
INFO:kolla.common.utils.aodh-base:Unpacking python3-routes (2.4.1-1) ...
INFO:kolla.common.utils.aodh-base:Selecting previously unselected package python3-oslo.service.
INFO:kolla.common.utils.aodh-base:Preparing to unpack .../52-python3-oslo.service_1.40.2-0ubuntu1~cloud0_all.deb ...
INFO:kolla.common.utils.aodh-base:Unpacking python3-oslo.service (1.40.2-0ubuntu1~cloud0) ...
INFO:kolla.common.utils.aodh-base:Selecting previously unselected package python3-tenacity.
INFO:kolla.common.utils.aodh-base:Preparing to unpack .../53-python3-tenacity_5.1.1-0ubuntu2~cloud0_all.deb ...
INFO:kolla.common.utils.aodh-base:Unpacking python3-tenacity (5.1.1-0ubuntu2~cloud0) ...
INFO:kolla.common.utils.aodh-base:Selecting previously unselected package python3-oslo.messaging.
INFO:kolla.common.utils.aodh-base:Preparing to unpack .../54-python3-oslo.messaging_9.7.1-0ubuntu3~cloud0_all.deb ...
INFO:kolla.common.utils.aodh-base:Unpacking python3-oslo.messaging (9.7.1-0ubuntu3~cloud0) ...
INFO:kolla.common.utils.aodh-base:Selecting previously unselected package python3-oslo.policy.
INFO:kolla.common.utils.aodh-base:Preparing to unpack .../55-python3-oslo.policy_2.3.2-0ubuntu1~cloud0_all.deb ...
INFO:kolla.common.utils.aodh-base:Unpacking python3-oslo.policy (2.3.2-0ubuntu1~cloud0) ...
INFO:kolla.common.utils.aodh-base:Selecting previously unselected package python3-oslo.upgradecheck.
INFO:kolla.common.utils.aodh-base:Preparing to unpack .../56-python3-oslo.upgradecheck_0.3.2-0ubuntu1~cloud0_all.deb ...
INFO:kolla.common.utils.aodh-base:Unpacking python3-oslo.upgradecheck (0.3.2-0ubuntu1~cloud0) ...
INFO:kolla.common.utils.aodh-base:Selecting previously unselected package python3-logutils.
INFO:kolla.common.utils.aodh-base:Preparing to unpack .../57-python3-logutils_0.3.3-5_all.deb ...
INFO:kolla.common.utils.aodh-base:Unpacking python3-logutils (0.3.3-5) ...
INFO:kolla.common.utils.aodh-base:Selecting previously unselected package python3-simplegeneric.
INFO:kolla.common.utils.aodh-base:Preparing to unpack .../58-python3-simplegeneric_0.8.1-1_all.deb ...
INFO:kolla.common.utils.aodh-base:Unpacking python3-simplegeneric (0.8.1-1) ...
INFO:kolla.common.utils.aodh-base:Selecting previously unselected package python3-singledispatch.
INFO:kolla.common.utils.aodh-base:Preparing to unpack .../59-python3-singledispatch_3.4.0.3-2_all.deb ...
INFO:kolla.common.utils.aodh-base:Unpacking python3-singledispatch (3.4.0.3-2) ...
INFO:kolla.common.utils.aodh-base:Selecting previously unselected package python3-bs4.
INFO:kolla.common.utils.aodh-base:Preparing to unpack .../60-python3-bs4_4.6.0-1_all.deb ...
INFO:kolla.common.utils.aodh-base:Unpacking python3-bs4 (4.6.0-1) ...
INFO:kolla.common.utils.aodh-base:Selecting previously unselected package python3-waitress.
INFO:kolla.common.utils.aodh-base:Preparing to unpack .../61-python3-waitress_1.0.1-1_all.deb ...
INFO:kolla.common.utils.aodh-base:Unpacking python3-waitress (1.0.1-1) ...
INFO:kolla.common.utils.aodh-base:Selecting previously unselected package python3-webtest.
INFO:kolla.common.utils.aodh-base:Preparing to unpack .../62-python3-webtest_2.0.28-1ubuntu1_all.deb ...
INFO:kolla.common.utils.aodh-base:Unpacking python3-webtest (2.0.28-1ubuntu1) ...
INFO:kolla.common.utils.aodh-base:Selecting previously unselected package python3-pecan.
INFO:kolla.common.utils.aodh-base:Preparing to unpack .../63-python3-pecan_1.3.3-0ubuntu2~cloud0_all.deb ...
INFO:kolla.common.utils.aodh-base:Unpacking python3-pecan (1.3.3-0ubuntu2~cloud0) ...
INFO:kolla.common.utils.aodh-base:Selecting previously unselected package python3-retrying.
INFO:kolla.common.utils.aodh-base:Preparing to unpack .../64-python3-retrying_1.3.3-3_all.deb ...
INFO:kolla.common.utils.aodh-base:Unpacking python3-retrying (1.3.3-3) ...
INFO:kolla.common.utils.aodh-base:Selecting previously unselected package python3-voluptuous.
INFO:kolla.common.utils.aodh-base:Preparing to unpack .../65-python3-voluptuous_0.9.3-1_all.deb ...
INFO:kolla.common.utils.aodh-base:Unpacking python3-voluptuous (0.9.3-1) ...
INFO:kolla.common.utils.aodh-base:Selecting previously unselected package python3-tooz.
INFO:kolla.common.utils.aodh-base:Preparing to unpack .../66-python3-tooz_1.66.2-0ubuntu1~cloud0_all.deb ...
INFO:kolla.common.utils.aodh-base:Unpacking python3-tooz (1.66.2-0ubuntu1~cloud0) ...
INFO:kolla.common.utils.aodh-base:Selecting previously unselected package python3-werkzeug.
INFO:kolla.common.utils.aodh-base:Preparing to unpack .../67-python3-werkzeug_0.14.1+dfsg1-1_all.deb ...
INFO:kolla.common.utils.aodh-base:Unpacking python3-werkzeug (0.14.1+dfsg1-1) ...
INFO:kolla.common.utils.aodh-base:Selecting previously unselected package python3-wsme.
INFO:kolla.common.utils.aodh-base:Preparing to unpack .../68-python3-wsme_0.9.3-3~cloud0_all.deb ...
INFO:kolla.common.utils.aodh-base:Unpacking python3-wsme (0.9.3-3~cloud0) ...
INFO:kolla.common.utils.aodh-base:Selecting previously unselected package python3-aodh.
INFO:kolla.common.utils.aodh-base:Preparing to unpack .../69-python3-aodh_9.0.0-0ubuntu1~cloud0_all.deb ...
INFO:kolla.common.utils.aodh-base:Unpacking python3-aodh (9.0.0-0ubuntu1~cloud0) ...
INFO:kolla.common.utils.aodh-base:Selecting previously unselected package python3-pyasn1.
INFO:kolla.common.utils.aodh-base:Preparing to unpack .../70-python3-pyasn1_0.4.2-3_all.deb ...
INFO:kolla.common.utils.aodh-base:Unpacking python3-pyasn1 (0.4.2-3) ...
INFO:kolla.common.utils.aodh-base:Selecting previously unselected package python3-pyasn1-modules.
INFO:kolla.common.utils.aodh-base:Preparing to unpack .../71-python3-pyasn1-modules_0.2.1-0.2_all.deb ...
INFO:kolla.common.utils.aodh-base:Unpacking python3-pyasn1-modules (0.2.1-0.2) ...
INFO:kolla.common.utils.aodh-base:Selecting previously unselected package python3-ldap.
INFO:kolla.common.utils.aodh-base:Preparing to unpack .../72-python3-ldap_3.0.0-1ubuntu0.1_s390x.deb ...
INFO:kolla.common.utils.aodh-base:Unpacking python3-ldap (3.0.0-1ubuntu0.1) ...
INFO:kolla.common.utils.aodh-base:Selecting previously unselected package python3-ldappool.
INFO:kolla.common.utils.aodh-base:Preparing to unpack .../73-python3-ldappool_2.4.1-0ubuntu2~cloud0_all.deb ...
INFO:kolla.common.utils.aodh-base:Unpacking python3-ldappool (2.4.1-0ubuntu2~cloud0) ...
INFO:kolla.common.utils.aodh-base:Setting up python3-setproctitle:s390x (1.1.10-1build2) ...
INFO:kolla.common.utils.aodh-base:Setting up python3-logutils (0.3.3-5) ...
INFO:kolla.common.utils.aodh-base:Setting up libjs-jquery (3.2.1-1) ...
INFO:kolla.common.utils.aodh-base:Setting up libapr1:s390x (1.6.3-2) ...
INFO:kolla.common.utils.aodh-base:Setting up python3-werkzeug (0.14.1+dfsg1-1) ...
INFO:kolla.common.utils.aodh-base:Setting up python3-sqlalchemy (1.2.18+ds1-2ubuntu2~cloud0) ...
INFO:kolla.common.utils.aodh-base:Setting up make (4.1-9.1ubuntu1) ...
INFO:kolla.common.utils.aodh-base:Setting up python3-simplegeneric (0.8.1-1) ...
INFO:kolla.common.utils.aodh-base:Setting up python3-octaviaclient (1.10.0-0ubuntu1~cloud0) ...
INFO:kolla.common.utils.aodh-base:Setting up libjs-underscore (1.8.3~dfsg-1) ...
INFO:kolla.common.utils.aodh-base:Setting up python3-waitress (1.0.1-1) ...
INFO:kolla.common.utils.aodh-base:update-alternatives: using /usr/bin/waitress-serve-python3 to provide /usr/bin/waitress-serve (waitress-serve) in auto mode
INFO:kolla.common.utils.aodh-base:Setting up python3-sqlparse (0.2.4-0.1) ...
INFO:kolla.common.utils.aodh-base:Setting up python3-tempita (0.5.2-2) ...
INFO:kolla.common.utils.aodh-base:Setting up python3-croniter (0.3.29-2ubuntu1~cloud0) ...
INFO:kolla.common.utils.aodh-base:Setting up python3-singledispatch (3.4.0.3-2) ...
INFO:kolla.common.utils.aodh-base:Setting up libdpkg-perl (1.19.0.5ubuntu2.3) ...
INFO:kolla.common.utils.aodh-base:Setting up python3-alembic (1.0.0-2ubuntu2~cloud0) ...
INFO:kolla.common.utils.aodh-base:Setting up libjs-sphinxdoc (1.8.5-3~cloud0) ...
INFO:kolla.common.utils.aodh-base:Setting up apache2-data (2.4.29-1ubuntu4.12) ...
INFO:kolla.common.utils.aodh-base:Setting up python3-tenacity (5.1.1-0ubuntu2~cloud0) ...
INFO:kolla.common.utils.aodh-base:Setting up python3-testscenarios (0.5.0-2~cloud0) ...
INFO:kolla.common.utils.aodh-base:Setting up python3-bs4 (4.6.0-1) ...
INFO:kolla.common.utils.aodh-base:Setting up python3-oslo.policy (2.3.2-0ubuntu1~cloud0) ...
INFO:kolla.common.utils.aodh-base:Setting up python3-testresources (2.0.0-2) ...
INFO:kolla.common.utils.aodh-base:Setting up binutils-common:s390x (2.30-21ubuntu1~18.04.2) ...
INFO:kolla.common.utils.aodh-base:Setting up python3-pyasn1 (0.4.2-3) ...
INFO:kolla.common.utils.aodh-base:Setting up pycadf-common (2.7.0-0ubuntu1) ...
INFO:kolla.common.utils.aodh-base:Setting up python3-oslo.cache (1.37.0-0ubuntu1~cloud0) ...
INFO:kolla.common.utils.aodh-base:Setting up xz-utils (5.2.2-1.3) ...
INFO:kolla.common.utils.aodh-base:update-alternatives: using /usr/bin/xz to provide /usr/bin/lzma (lzma) in auto mode
INFO:kolla.common.utils.aodh-base:update-alternatives: warning: skip creation of /usr/share/man/man1/lzma.1.gz because associated file /usr/share/man/man1/xz.1.gz (of link group lzma) doesn't exist
INFO:kolla.common.utils.aodh-base:update-alternatives: warning: skip creation of /usr/share/man/man1/unlzma.1.gz because associated file /usr/share/man/man1/unxz.1.gz (of link group lzma) doesn't exist
INFO:kolla.common.utils.aodh-base:update-alternatives: warning: skip creation of /usr/share/man/man1/lzcat.1.gz because associated file /usr/share/man/man1/xzcat.1.gz (of link group lzma) doesn't exist
INFO:kolla.common.utils.aodh-base:update-alternatives: warning: skip creation of /usr/share/man/man1/lzmore.1.gz because associated file /usr/share/man/man1/xzmore.1.gz (of link group lzma) doesn't exist
INFO:kolla.common.utils.aodh-base:update-alternatives: warning: skip creation of /usr/share/man/man1/lzless.1.gz because associated file /usr/share/man/man1/xzless.1.gz (of link group lzma) doesn't exist
INFO:kolla.common.utils.aodh-base:update-alternatives: warning: skip creation of /usr/share/man/man1/lzdiff.1.gz because associa
INFO:kolla.common.utils.aodh-base:ted file /usr/share/man/man1/xzdiff.1.gz (of link group lzma) doesn't exist
INFO:kolla.common.utils.aodh-base:update-alternatives: warning: skip creation of /usr/share/man/man1/lzcmp.1.gz because associated file /usr/share/man/man1/xzcmp.1.gz (of link group lzma) doesn't exist
INFO:kolla.common.utils.aodh-base:update-alternatives: warning: skip creation of /usr/share/man/man1/lzgrep.1.gz because associated file /usr/share/man/man1/xzgrep.1.gz (of link group lzma) doesn't exist
INFO:kolla.common.utils.aodh-base:update-alternatives: warning: skip creation of /usr/share/man/man1/lzegrep.1.gz because associated file /usr/share/man/man1/xzegrep.1.gz (of link group lzma) doesn't exist
INFO:kolla.common.utils.aodh-base:update-alternatives: warning: skip creation of /usr/share/man/man1/lzfgrep.1.gz because associated file /usr/share/man/man1/xzfgrep.1.gz (of link group lzma) doesn't exist
INFO:kolla.common.utils.aodh-base:Setting up python3-pycadf (2.7.0-0ubuntu1) ...
INFO:kolla.common.utils.aodh-base:Setting up libaprutil1:s390x (1.6.1-2) ...
INFO:kolla.common.utils.aodh-base:Setting up python3-jinja2 (2.10-1ubuntu0.18.04.1) ...
INFO:kolla.common.utils.aodh-base:Setting up python3-repoze.lru (0.7-1) ...
INFO:kolla.common.utils.aodh-base:Setting up python3-pyasn1-modules (0.2.1-0.2) ...
INFO:kolla.common.utils.aodh-base:Setting up python3-retrying (1.3.3-3) ...
INFO:kolla.common.utils.aodh-base:Setting up python3-paste (2.0.3+dfsg-4ubuntu1) ...
INFO:kolla.common.utils.aodh-base:Setting up python3-migrate (0.12.0-3~cloud0) ...
INFO:kolla.common.utils.aodh-base:Setting up python3-anyjson (0.3.3-1build1) ...
INFO:kolla.common.utils.aodh-base:Setting up liblua5.2-0:s390x (5.2.4-1.1build1) ...
INFO:kolla.common.utils.aodh-base:Setting up python3-keystonemiddleware (7.0.1-0ubuntu1~cloud0) ...
INFO:kolla.common.utils.aodh-base:Setting up python-pastedeploy-tpl (1.5.2-4) ...
INFO:kolla.common.utils.aodh-base:Setting up python3-cachetools (3.1.0-2~cloud0) ...
INFO:kolla.common.utils.aodh-base:Setting up python3-vine (1.1.4+dfsg-2) ...
INFO:kolla.common.utils.aodh-base:Setting up python3-voluptuous (0.9.3-1) ...
INFO:kolla.common.utils.aodh-base:Setting up python3-oslo.upgradecheck (0.3.2-0ubuntu1~cloud0) ...
INFO:kolla.common.utils.aodh-base:Setting up python3-cotyledon (1.6.8-0ubuntu1) ...
INFO:kolla.common.utils.aodh-base:Setting up alembic (1.0.0-2ubuntu2~cloud0) ...
INFO:kolla.common.utils.aodh-base:Setting up python3-routes (2.4.1-1) ...
INFO:kolla.common.utils.aodh-base:Setting up libpython3.6:s390x (3.6.9-1~18.04) ...
INFO:kolla.common.utils.aodh-base:Setting up libaprutil1-ldap:s390x (1.6.1-2) ...
INFO:kolla.common.utils.aodh-base:Setting up python3-oslo.middleware (3.38.1-0ubuntu1~cloud0) ...
INFO:kolla.common.utils.aodh-base:Setting up python3-ldap (3.0.0-1ubuntu0.1) ...
INFO:kolla.common.utils.aodh-base:Setting up libaprutil1-dbd-sqlite3:s390x (1.6.1-2) ...
INFO:kolla.common.utils.aodh-base:Setting up libbinutils:s390x (2.30-21ubuntu1~18.04.2) ...
INFO:kolla.common.utils.aodh-base:Setting up python3-amqp (2.5.0-2~cloud0) ...
INFO:kolla.common.utils.aodh-base:Setting up apache2-utils (2.4.29-1ubuntu4.12) ...
INFO:kolla.common.utils.aodh-base:Setting up binutils-s390x-linux-gnu (2.30-21ubuntu1~18.04.2) ...
INFO:kolla.common.utils.aodh-base:Setting up python3-tooz (1.66.2-0ubuntu1~cloud0) ...
INFO:kolla.common.utils.aodh-base:Setting up apache2-bin (2.4.29-1ubuntu4.12) ...
INFO:kolla.common.utils.aodh-base:Setting up python3-kombu (4.1.0-1) ...
INFO:kolla.common.utils.aodh-base:Setting up python3-oslo.db (5.0.2-0ubuntu1~cloud0) ...
INFO:kolla.common.utils.aodh-base:Setting up python3-ldappool (2.4.1-0ubuntu2~cloud0) ...
INFO:kolla.common.utils.aodh-base:Setting up python3-wsme (0.9.3-3~cloud0) ...
INFO:kolla.common.utils.aodh-base:Setting up python3-pastedeploy (1.5.2-4) ...
INFO:kolla.common.utils.aodh-base:Setting up binutils (2.30-21ubuntu1~18.04.2) ...
INFO:kolla.common.utils.aodh-base:Setting up libapache2-mod-wsgi-py3 (4.5.17-1ubuntu1) ...
INFO:kolla.common.utils.aodh-base:Package apache2 is not configured yet. Will defer actions by package libapache2-mod-wsgi-py3.
INFO:kolla.common.utils.aodh-base:Setting up python3-webtest (2.0.28-1ubuntu1) ...
INFO:kolla.common.utils.aodh-base:Setting up apache2 (2.4.29-1ubuntu4.12) ...
INFO:kolla.common.utils.aodh-base:Enabling module mpm_event.
INFO:kolla.common.utils.aodh-base:Enabling module authz_core.
INFO:kolla.common.utils.aodh-base:Enabling module authz_host.
INFO:kolla.common.utils.aodh-base:Enabling module authn_core.
INFO:kolla.common.utils.aodh-base:Enabling module auth_basic.
INFO:kolla.common.utils.aodh-base:Enabling module access_compat.
INFO:kolla.common.utils.aodh-base:Enabling module authn_file.
INFO:kolla.common.utils.aodh-base:Enabling module authz_user.
INFO:kolla.common.utils.aodh-base:Enabling module alias.
INFO:kolla.common.utils.aodh-base:Enabling module dir.
INFO:kolla.common.utils.aodh-base:Enabling module autoindex.
INFO:kolla.common.utils.aodh-base:Enabling module env.
INFO:kolla.common.utils.aodh-base:Enabling module mime.
INFO:kolla.common.utils.aodh-base:Enabling module negotiation.
INFO:kolla.common.utils.aodh-base:Enabling module setenvif.
INFO:kolla.common.utils.aodh-base:Enabling module filter.
INFO:kolla.common.utils.aodh-base:Enabling module deflate.
INFO:kolla.common.utils.aodh-base:Enabling module status.
INFO:kolla.common.utils.aodh-base:Enabling module reqtimeout.
INFO:kolla.common.utils.aodh-base:Enabling conf charset.
INFO:kolla.common.utils.aodh-base:Enabling conf localized-error-pages.
INFO:kolla.common.utils.aodh-base:Enabling conf other-vhosts-access-log.
INFO:kolla.common.utils.aodh-base:Enabling conf security.
INFO:kolla.common.utils.aodh-base:Enabling conf serve-cgi-bin.
INFO:kolla.common.utils.aodh-base:Enabling site 000-default.
INFO:kolla.common.utils.aodh-base:info: Executing deferred 'a2enmod wsgi' for package libapache2-mod-wsgi-py3
INFO:kolla.common.utils.aodh-base:Enabling module wsgi.
INFO:kolla.common.utils.aodh-base:invoke-rc.d: could not determine current runlevel
INFO:kolla.common.utils.aodh-base:invoke-rc.d: policy-rc.d denied execution of start.
INFO:kolla.common.utils.aodh-base:Setting up python3-pecan (1.3.3-0ubuntu2~cloud0) ...
INFO:kolla.common.utils.aodh-base:Setting up python3-oslo.service (1.40.2-0ubuntu1~cloud0) ...
INFO:kolla.common.utils.aodh-base:Setting up dpkg-dev (1.19.0.5ubuntu2.3) ...
INFO:kolla.common.utils.aodh-base:Setting up python3-oslo.messaging (9.7.1-0ubuntu3~cloud0) ...
INFO:kolla.common.utils.aodh-base:Setting up aodh-common (9.0.0-0ubuntu1~cloud0) ...
INFO:kolla.common.utils.aodh-base:Setting up python3-aodh (9.0.0-0ubuntu1~cloud0) ...
INFO:kolla.common.utils.aodh-base:Processing triggers for libc-bin (2.27-3ubuntu1) ...
INFO:kolla.common.utils.aodh-base:Removing intermediate container 96584bca0fe6
INFO:kolla.common.utils.aodh-base: ---> 716a89d727a0
INFO:kolla.common.utils.aodh-base:Step 5/8 : RUN mkdir -p /var/www/cgi-bin/aodh     && cp -a /usr/lib/python3/dist-packages/aodh/api/app.wsgi /var/www/cgi-bin/aodh/     && echo > /etc/apache2/ports.conf
INFO:kolla.common.utils.aodh-base: ---> Running in 01a30cc5cd76
INFO:kolla.common.utils.aodh-base:Removing intermediate container 01a30cc5cd76
INFO:kolla.common.utils.aodh-base: ---> fed6cd850336
INFO:kolla.common.utils.aodh-base:Step 6/8 : COPY extend_start.sh /usr/local/bin/kolla_extend_start
INFO:kolla.common.utils.aodh-base: ---> cf5c6abf9e74
INFO:kolla.common.utils.aodh-base:Step 7/8 : COPY aodh_sudoers /etc/sudoers.d/kolla_aodh_sudoers
INFO:kolla.common.utils.aodh-base: ---> 34a56c396063
INFO:kolla.common.utils.aodh-base:Step 8/8 : RUN chmod 750 /etc/sudoers.d     && chmod 640 /etc/sudoers.d/kolla_aodh_sudoers     && chmod 755 /var/www/cgi-bin/aodh     && touch /usr/local/bin/kolla_aodh_extend_start     && chmod 755 /usr/local/bin/kolla_extend_start /usr/local/bin/kolla_aodh_extend_start
INFO:kolla.common.utils.aodh-base: ---> Running in 025bb67d3ff9
INFO:kolla.common.utils.aodh-base:Removing intermediate container 025bb67d3ff9
INFO:kolla.common.utils.aodh-base: ---> af84be2f208a
INFO:kolla.common.utils.aodh-base:Successfully built af84be2f208a
INFO:kolla.common.utils.aodh-base:Successfully tagged s390x/ubuntu-binary-aodh-base:9.1.0
INFO:kolla.common.utils.aodh-base:Built at 2020-03-02 21:42:31.211397 (took 0:00:37.699108)
