INFO:kolla.common.utils.aodh-notifier:Building started at 2020-03-02 21:45:45.853918
INFO:kolla.common.utils.aodh-notifier:Step 1/4 : FROM s390x/ubuntu-binary-aodh-base:9.1.0
INFO:kolla.common.utils.aodh-notifier: ---> af84be2f208a
INFO:kolla.common.utils.aodh-notifier:Step 2/4 : LABEL maintainer="Kolla Project (https://launchpad.net/kolla)" name="aodh-notifier" build-date="20200302"
INFO:kolla.common.utils.aodh-notifier: ---> Running in a3aa5bc330fb
INFO:kolla.common.utils.aodh-notifier:Removing intermediate container a3aa5bc330fb
INFO:kolla.common.utils.aodh-notifier: ---> 429f13c427c6
INFO:kolla.common.utils.aodh-notifier:Step 3/4 : RUN apt-get update && apt-get -y install --no-install-recommends aodh-notifier && apt-get clean && rm -rf /var/lib/apt/lists/*
INFO:kolla.common.utils.aodh-notifier: ---> Running in a8489074355c
INFO:kolla.common.utils.aodh-notifier:Get:1 http://ports.ubuntu.com bionic InRelease [242 kB]
INFO:kolla.common.utils.aodh-notifier:Ign:2 http://ubuntu-cloud.archive.canonical.com/ubuntu bionic-updates/ussuri InRelease
INFO:kolla.common.utils.aodh-notifier:Get:3 http://ports.ubuntu.com bionic-updates InRelease [88.7 kB]
INFO:kolla.common.utils.aodh-notifier:Get:4 http://ubuntu-cloud.archive.canonical.com/ubuntu bionic-updates/ussuri Release [7,884 B]
INFO:kolla.common.utils.aodh-notifier:Get:5 http://ports.ubuntu.com bionic-security InRelease [88.7 kB]
INFO:kolla.common.utils.aodh-notifier:Get:6 http://ports.ubuntu.com bionic-backports InRelease [74.6 kB]
INFO:kolla.common.utils.aodh-notifier:Get:7 http://ubuntu-cloud.archive.canonical.com/ubuntu bionic-updates/ussuri Release.gpg [543 B]
INFO:kolla.common.utils.aodh-notifier:Get:8 http://ports.ubuntu.com bionic/universe s390x Packages [10.8 MB]
INFO:kolla.common.utils.aodh-notifier:Get:9 http://ubuntu-cloud.archive.canonical.com/ubuntu bionic-updates/ussuri/main s390x Packages [145 kB]
INFO:kolla.common.utils.aodh-notifier:Get:10 http://ports.ubuntu.com bionic/main s390x Packages [1,244 kB]
INFO:kolla.common.utils.aodh-notifier:Get:11 http://ports.ubuntu.com bionic-updates/main s390x Packages [730 kB]
INFO:kolla.common.utils.aodh-notifier:Get:12 http://ports.ubuntu.com bionic-updates/universe s390x Packages [1,075 kB]
INFO:kolla.common.utils.aodh-notifier:Get:13 http://ports.ubuntu.com bionic-security/main s390x Packages [467 kB]
INFO:kolla.common.utils.aodh-notifier:Get:14 http://ports.ubuntu.com bionic-security/universe s390x Packages [625 kB]
INFO:kolla.common.utils.aodh-notifier:Get:15 http://ports.ubuntu.com bionic-backports/main s390x Packages [2,494 B]
INFO:kolla.common.utils.aodh-notifier:Get:16 http://ports.ubuntu.com bionic-backports/universe s390x Packages [4,242 B]
INFO:kolla.common.utils.aodh-notifier:Fetched 15.6 MB in 3s (4,997 kB/s)
INFO:kolla.common.utils.aodh-notifier:Reading package lists...
INFO:kolla.common.utils.aodh-notifier:Reading package lists...
INFO:kolla.common.utils.aodh-notifier:Building dependency tree...
INFO:kolla.common.utils.aodh-notifier:Reading state information...
INFO:kolla.common.utils.aodh-notifier:The following NEW packages will be installed:
INFO:kolla.common.utils.aodh-notifier:  aodh-notifier
INFO:kolla.common.utils.aodh-notifier:0 upgraded, 1 newly installed, 0 to remove and 0 not upgraded.
INFO:kolla.common.utils.aodh-notifier:Need to get 9,836 B of archives.
INFO:kolla.common.utils.aodh-notifier:After this operation, 30.7 kB of additional disk space will be used.
INFO:kolla.common.utils.aodh-notifier:Get:1 http://ubuntu-cloud.archive.canonical.com/ubuntu bionic-updates/ussuri/main s390x aodh-notifier all 9.0.0-0ubuntu1~cloud0 [9,836 B]
INFO:kolla.common.utils.aodh-notifier:Fetched 9,836 B in 0s (214 kB/s)
INFO:kolla.common.utils.aodh-notifier:Selecting previously unselected package aodh-notifier.
INFO:kolla.common.utils.aodh-notifier:(Reading database ... 
INFO:kolla.common.utils.aodh-notifier:(Reading database ... 5%(Reading database ... 10%(Reading database ... 15%(Reading database ... 20%(Reading database ... 25%(Reading database ... 30%(Reading database ... 35%(Reading database ... 40%(Reading database ... 45%
INFO:kolla.common.utils.aodh-notifier:(Reading database ... 50%(Reading database ... 55%(Reading database ... 60%
INFO:kolla.common.utils.aodh-notifier:(Reading database ... 65%
INFO:kolla.common.utils.aodh-notifier:(Reading database ... 70%
INFO:kolla.common.utils.aodh-notifier:(Reading database ... 75%
INFO:kolla.common.utils.aodh-notifier:(Reading database ... 80%
INFO:kolla.common.utils.aodh-notifier:(Reading database ... 85%
INFO:kolla.common.utils.aodh-notifier:(Reading database ... 90%
INFO:kolla.common.utils.aodh-notifier:(Reading database ... 95%
INFO:kolla.common.utils.aodh-notifier:(Reading database ... 100%(Reading database ... 26105 files and directories currently installed.)
INFO:kolla.common.utils.aodh-notifier:Preparing to unpack .../aodh-notifier_9.0.0-0ubuntu1~cloud0_all.deb ...
INFO:kolla.common.utils.aodh-notifier:Unpacking aodh-notifier (9.0.0-0ubuntu1~cloud0) ...
INFO:kolla.common.utils.aodh-notifier:Setting up aodh-notifier (9.0.0-0ubuntu1~cloud0) ...
INFO:kolla.common.utils.aodh-notifier:invoke-rc.d: could not determine current runlevel
INFO:kolla.common.utils.aodh-notifier:invoke-rc.d: policy-rc.d denied execution of start.
INFO:kolla.common.utils.aodh-notifier:Removing intermediate container a8489074355c
INFO:kolla.common.utils.aodh-notifier: ---> 3590e018e6c1
INFO:kolla.common.utils.aodh-notifier:Step 4/4 : USER aodh
INFO:kolla.common.utils.aodh-notifier: ---> Running in ac665eff02f1
INFO:kolla.common.utils.aodh-notifier:Removing intermediate container ac665eff02f1
INFO:kolla.common.utils.aodh-notifier: ---> 899c11cc8980
INFO:kolla.common.utils.aodh-notifier:Successfully built 899c11cc8980
INFO:kolla.common.utils.aodh-notifier:Successfully tagged s390x/ubuntu-binary-aodh-notifier:9.1.0
INFO:kolla.common.utils.aodh-notifier:Built at 2020-03-02 21:45:54.537556 (took 0:00:08.683638)
