INFO:kolla.common.utils.aodh-api:Building started at 2020-03-02 21:45:46.089060
INFO:kolla.common.utils.aodh-api:Step 1/6 : FROM s390x/ubuntu-binary-aodh-base:9.1.0
INFO:kolla.common.utils.aodh-api: ---> af84be2f208a
INFO:kolla.common.utils.aodh-api:Step 2/6 : LABEL maintainer="Kolla Project (https://launchpad.net/kolla)" name="aodh-api" build-date="20200302"
INFO:kolla.common.utils.aodh-api: ---> Running in 3ce6e1d634bf
INFO:kolla.common.utils.aodh-api:Removing intermediate container 3ce6e1d634bf
INFO:kolla.common.utils.aodh-api: ---> 7164a9a67c5b
INFO:kolla.common.utils.aodh-api:Step 3/6 : RUN apt-get update && apt-get -y install --no-install-recommends aodh-api && apt-get clean && rm -rf /var/lib/apt/lists/*
INFO:kolla.common.utils.aodh-api: ---> Running in a03b9ca436d6
INFO:kolla.common.utils.aodh-api:Get:1 http://ports.ubuntu.com bionic InRelease [242 kB]
INFO:kolla.common.utils.aodh-api:Ign:2 http://ubuntu-cloud.archive.canonical.com/ubuntu bionic-updates/ussuri InRelease
INFO:kolla.common.utils.aodh-api:Get:3 http://ports.ubuntu.com bionic-updates InRelease [88.7 kB]
INFO:kolla.common.utils.aodh-api:Get:4 http://ubuntu-cloud.archive.canonical.com/ubuntu bionic-updates/ussuri Release [7,884 B]
INFO:kolla.common.utils.aodh-api:Get:5 http://ports.ubuntu.com bionic-security InRelease [88.7 kB]
INFO:kolla.common.utils.aodh-api:Get:6 http://ubuntu-cloud.archive.canonical.com/ubuntu bionic-updates/ussuri Release.gpg [543 B]
INFO:kolla.common.utils.aodh-api:Get:7 http://ports.ubuntu.com bionic-backports InRelease [74.6 kB]
INFO:kolla.common.utils.aodh-api:Get:8 http://ports.ubuntu.com bionic/universe s390x Packages [10.8 MB]
INFO:kolla.common.utils.aodh-api:Get:9 http://ubuntu-cloud.archive.canonical.com/ubuntu bionic-updates/ussuri/main s390x Packages [145 kB]
INFO:kolla.common.utils.aodh-api:Get:10 http://ports.ubuntu.com bionic/main s390x Packages [1,244 kB]
INFO:kolla.common.utils.aodh-api:Get:11 http://ports.ubuntu.com bionic-updates/universe s390x Packages [1,075 kB]
INFO:kolla.common.utils.aodh-api:Get:12 http://ports.ubuntu.com bionic-updates/main s390x Packages [730 kB]
INFO:kolla.common.utils.aodh-api:Get:13 http://ports.ubuntu.com bionic-security/universe s390x Packages [625 kB]
INFO:kolla.common.utils.aodh-api:Get:14 http://ports.ubuntu.com bionic-security/main s390x Packages [467 kB]
INFO:kolla.common.utils.aodh-api:Get:15 http://ports.ubuntu.com bionic-backports/universe s390x Packages [4,242 B]
INFO:kolla.common.utils.aodh-api:Get:16 http://ports.ubuntu.com bionic-backports/main s390x Packages [2,494 B]
INFO:kolla.common.utils.aodh-api:Fetched 15.6 MB in 3s (4,871 kB/s)
INFO:kolla.common.utils.aodh-api:Reading package lists...
INFO:kolla.common.utils.aodh-api:Reading package lists...
INFO:kolla.common.utils.aodh-api:Building dependency tree...
INFO:kolla.common.utils.aodh-api:Reading state information...
INFO:kolla.common.utils.aodh-api:Suggested packages:
INFO:kolla.common.utils.aodh-api:  mongodb
INFO:kolla.common.utils.aodh-api:The following NEW packages will be installed:
INFO:kolla.common.utils.aodh-api:  aodh-api
INFO:kolla.common.utils.aodh-api:0 upgraded, 1 newly installed, 0 to remove and 0 not upgraded.
INFO:kolla.common.utils.aodh-api:Need to get 7,736 B of archives.
INFO:kolla.common.utils.aodh-api:After this operation, 22.5 kB of additional disk space will be used.
INFO:kolla.common.utils.aodh-api:Get:1 http://ubuntu-cloud.archive.canonical.com/ubuntu bionic-updates/ussuri/main s390x aodh-api all 9.0.0-0ubuntu1~cloud0 [7,736 B]
INFO:kolla.common.utils.aodh-api:Fetched 7,736 B in 0s (264 kB/s)
INFO:kolla.common.utils.aodh-api:Selecting previously unselected package aodh-api.
INFO:kolla.common.utils.aodh-api:(Reading database ... 
INFO:kolla.common.utils.aodh-api:(Reading database ... 5%(Reading database ... 10%(Reading database ... 15%(Reading database ... 20%(Reading database ... 25%(Reading database ... 30%(Reading database ... 35%(Reading database ... 40%(Reading database ... 45%(Reading database ... 50%(Reading database ... 55%(Reading database ... 60%
INFO:kolla.common.utils.aodh-api:(Reading database ... 65%
INFO:kolla.common.utils.aodh-api:(Reading database ... 70%
INFO:kolla.common.utils.aodh-api:(Reading database ... 75%
INFO:kolla.common.utils.aodh-api:(Reading database ... 80%
INFO:kolla.common.utils.aodh-api:(Reading database ... 85%
INFO:kolla.common.utils.aodh-api:(Reading database ... 90%
INFO:kolla.common.utils.aodh-api:(Reading database ... 95%
INFO:kolla.common.utils.aodh-api:(Reading database ... 100%(Reading database ... 26105 files and directories currently installed.)
INFO:kolla.common.utils.aodh-api:Preparing to unpack .../aodh-api_9.0.0-0ubuntu1~cloud0_all.deb ...
INFO:kolla.common.utils.aodh-api:Unpacking aodh-api (9.0.0-0ubuntu1~cloud0) ...
INFO:kolla.common.utils.aodh-api:Setting up aodh-api (9.0.0-0ubuntu1~cloud0) ...
INFO:kolla.common.utils.aodh-api:apache2_invoke: Enable site aodh-api.conf
INFO:kolla.common.utils.aodh-api:invoke-rc.d: could not determine current runlevel
INFO:kolla.common.utils.aodh-api:invoke-rc.d: policy-rc.d denied execution of reload.
INFO:kolla.common.utils.aodh-api:Removing intermediate container a03b9ca436d6
INFO:kolla.common.utils.aodh-api: ---> 1e96c78cb7ac
INFO:kolla.common.utils.aodh-api:Step 4/6 : RUN rm -rf /etc/apache2/sites-enabled/aodh-api.conf
INFO:kolla.common.utils.aodh-api: ---> Running in 1f57e7e4babd
INFO:kolla.common.utils.aodh-api:Removing intermediate container 1f57e7e4babd
INFO:kolla.common.utils.aodh-api: ---> 08f590b9fe9c
INFO:kolla.common.utils.aodh-api:Step 5/6 : COPY extend_start.sh /usr/local/bin/kolla_aodh_extend_start
INFO:kolla.common.utils.aodh-api: ---> c25667448842
INFO:kolla.common.utils.aodh-api:Step 6/6 : RUN chmod 755 /usr/local/bin/kolla_aodh_extend_start
INFO:kolla.common.utils.aodh-api: ---> Running in fd5d9d0973f8
INFO:kolla.common.utils.aodh-api:Removing intermediate container fd5d9d0973f8
INFO:kolla.common.utils.aodh-api: ---> 4cdc5cd79a09
INFO:kolla.common.utils.aodh-api:Successfully built 4cdc5cd79a09
INFO:kolla.common.utils.aodh-api:Successfully tagged s390x/ubuntu-binary-aodh-api:9.1.0
INFO:kolla.common.utils.aodh-api:Built at 2020-03-02 21:45:58.658570 (took 0:00:12.569510)
