INFO:kolla.common.utils.barbican-keystone-listener:Building started at 2020-03-02 21:43:46.095042
INFO:kolla.common.utils.barbican-keystone-listener:Step 1/4 : FROM s390x/ubuntu-binary-barbican-base:9.1.0
INFO:kolla.common.utils.barbican-keystone-listener: ---> 8caea6fef720
INFO:kolla.common.utils.barbican-keystone-listener:Step 2/4 : LABEL maintainer="Kolla Project (https://launchpad.net/kolla)" name="barbican-keystone-listener" build-date="20200302"
INFO:kolla.common.utils.barbican-keystone-listener: ---> Running in 040157832a29
INFO:kolla.common.utils.barbican-keystone-listener:Removing intermediate container 040157832a29
INFO:kolla.common.utils.barbican-keystone-listener: ---> 87e404f6197a
INFO:kolla.common.utils.barbican-keystone-listener:Step 3/4 : RUN apt-get update && apt-get -y install --no-install-recommends barbican-keystone-listener && apt-get clean && rm -rf /var/lib/apt/lists/*
INFO:kolla.common.utils.barbican-keystone-listener: ---> Running in f940a5eafa7d
INFO:kolla.common.utils.barbican-keystone-listener:Get:1 http://ports.ubuntu.com bionic InRelease [242 kB]
INFO:kolla.common.utils.barbican-keystone-listener:Ign:2 http://ubuntu-cloud.archive.canonical.com/ubuntu bionic-updates/ussuri InRelease
INFO:kolla.common.utils.barbican-keystone-listener:Get:3 http://ports.ubuntu.com bionic-updates InRelease [88.7 kB]
INFO:kolla.common.utils.barbican-keystone-listener:Get:4 http://ubuntu-cloud.archive.canonical.com/ubuntu bionic-updates/ussuri Release [7,884 B]
INFO:kolla.common.utils.barbican-keystone-listener:Get:5 http://ports.ubuntu.com bionic-security InRelease [88.7 kB]
INFO:kolla.common.utils.barbican-keystone-listener:Get:6 http://ubuntu-cloud.archive.canonical.com/ubuntu bionic-updates/ussuri Release.gpg [543 B]
INFO:kolla.common.utils.barbican-keystone-listener:Get:7 http://ports.ubuntu.com bionic-backports InRelease [74.6 kB]
INFO:kolla.common.utils.barbican-keystone-listener:Get:8 http://ubuntu-cloud.archive.canonical.com/ubuntu bionic-updates/ussuri/main s390x Packages [145 kB]
INFO:kolla.common.utils.barbican-keystone-listener:Get:9 http://ports.ubuntu.com bionic/main s390x Packages [1,244 kB]
INFO:kolla.common.utils.barbican-keystone-listener:Get:10 http://ports.ubuntu.com bionic/universe s390x Packages [10.8 MB]
INFO:kolla.common.utils.barbican-keystone-listener:Get:11 http://ports.ubuntu.com bionic-updates/main s390x Packages [730 kB]
INFO:kolla.common.utils.barbican-keystone-listener:Get:12 http://ports.ubuntu.com bionic-updates/universe s390x Packages [1,075 kB]
INFO:kolla.common.utils.barbican-keystone-listener:Get:13 http://ports.ubuntu.com bionic-security/main s390x Packages [467 kB]
INFO:kolla.common.utils.barbican-keystone-listener:Get:14 http://ports.ubuntu.com bionic-security/universe s390x Packages [625 kB]
INFO:kolla.common.utils.barbican-keystone-listener:Get:15 http://ports.ubuntu.com bionic-backports/universe s390x Packages [4,242 B]
INFO:kolla.common.utils.barbican-keystone-listener:Get:16 http://ports.ubuntu.com bionic-backports/main s390x Packages [2,494 B]
INFO:kolla.common.utils.barbican-keystone-listener:Fetched 15.6 MB in 3s (4,791 kB/s)
INFO:kolla.common.utils.barbican-keystone-listener:Reading package lists...
INFO:kolla.common.utils.barbican-keystone-listener:Reading package lists...
INFO:kolla.common.utils.barbican-keystone-listener:Building dependency tree...
INFO:kolla.common.utils.barbican-keystone-listener:Reading state information...
INFO:kolla.common.utils.barbican-keystone-listener:The following additional packages will be installed:
INFO:kolla.common.utils.barbican-keystone-listener:  alembic libjs-jquery libjs-sphinxdoc libjs-underscore pycadf-common
INFO:kolla.common.utils.barbican-keystone-listener:  python-pastedeploy-tpl python3-alembic python3-amqp python3-anyjson
INFO:kolla.common.utils.barbican-keystone-listener:  python3-barbican python3-bs4 python3-cachetools python3-castellan
INFO:kolla.common.utils.barbican-keystone-listener:  python3-cffi python3-jinja2 python3-keystonemiddleware python3-kombu
INFO:kolla.common.utils.barbican-keystone-listener:  python3-ldap python3-logutils python3-migrate python3-oslo.cache
INFO:kolla.common.utils.barbican-keystone-listener:  python3-oslo.db python3-oslo.messaging python3-oslo.middleware
INFO:kolla.common.utils.barbican-keystone-listener:  python3-oslo.policy python3-oslo.service python3-oslo.upgradecheck
INFO:kolla.common.utils.barbican-keystone-listener:  python3-oslo.versionedobjects python3-paste python3-pastedeploy
INFO:kolla.common.utils.barbican-keystone-listener:  python3-pecan python3-pyasn1 python3-pyasn1-modules python3-pycadf
INFO:kolla.common.utils.barbican-keystone-listener:  python3-pycparser python3-repoze.lru python3-routes python3-simplegeneric
INFO:kolla.common.utils.barbican-keystone-listener:  python3-singledispatch python3-sqlalchemy python3-sqlparse python3-tempita
INFO:kolla.common.utils.barbican-keystone-listener:  python3-tenacity python3-testresources python3-testscenarios python3-vine
INFO:kolla.common.utils.barbican-keystone-listener:  python3-waitress python3-webtest
INFO:kolla.common.utils.barbican-keystone-listener:Suggested packages:
INFO:kolla.common.utils.barbican-keystone-listener:  python3-editor python-amqp-doc python3-pykmip python-castellan-doc
INFO:kolla.common.utils.barbican-keystone-listener:  python3-dev python-jinja2-doc python-kombu-doc python3-boto python3-django
INFO:kolla.common.utils.barbican-keystone-listener:  python3-pymongo python-migrate-doc python-oslo.cache-doc
INFO:kolla.common.utils.barbican-keystone-listener:  python3-confluent-kafka python-oslo.middleware-doc python-oslo.policy-doc
INFO:kolla.common.utils.barbican-keystone-listener:  python-oslo.service-doc python-oslo.versionedobjects-doc httpd-wsgi
INFO:kolla.common.utils.barbican-keystone-listener:  libapache2-mod-python libapache2-mod-scgi libjs-mochikit python-pecan-doc
INFO:kolla.common.utils.barbican-keystone-listener:  cpp python-sqlalchemy-doc python3-fdb python-sqlparse-doc
INFO:kolla.common.utils.barbican-keystone-listener:  python-tenacity-doc python-waitress-doc python-webtest-doc
INFO:kolla.common.utils.barbican-keystone-listener:Recommended packages:
INFO:kolla.common.utils.barbican-keystone-listener:  javascript-common python3-pastescript python3-sqlalchemy-ext
INFO:kolla.common.utils.barbican-keystone-listener:The following NEW packages will be installed:
INFO:kolla.common.utils.barbican-keystone-listener:  alembic barbican-keystone-listener libjs-jquery libjs-sphinxdoc
INFO:kolla.common.utils.barbican-keystone-listener:  libjs-underscore pycadf-common python-pastedeploy-tpl python3-alembic
INFO:kolla.common.utils.barbican-keystone-listener:  python3-amqp python3-anyjson python3-barbican python3-bs4 python3-cachetools
INFO:kolla.common.utils.barbican-keystone-listener:  python3-castellan python3-cffi python3-jinja2 python3-keystonemiddleware
INFO:kolla.common.utils.barbican-keystone-listener:  python3-kombu python3-ldap python3-logutils python3-migrate
INFO:kolla.common.utils.barbican-keystone-listener:  python3-oslo.cache python3-oslo.db python3-oslo.messaging
INFO:kolla.common.utils.barbican-keystone-listener:  python3-oslo.middleware python3-oslo.policy python3-oslo.service
INFO:kolla.common.utils.barbican-keystone-listener:  python3-oslo.upgradecheck python3-oslo.versionedobjects python3-paste
INFO:kolla.common.utils.barbican-keystone-listener:  python3-pastedeploy python3-pecan python3-pyasn1 python3-pyasn1-modules
INFO:kolla.common.utils.barbican-keystone-listener:  python3-pycadf python3-pycparser python3-repoze.lru python3-routes
INFO:kolla.common.utils.barbican-keystone-listener:  python3-simplegeneric python3-singledispatch python3-sqlalchemy
INFO:kolla.common.utils.barbican-keystone-listener:  python3-sqlparse python3-tempita python3-tenacity python3-testresources
INFO:kolla.common.utils.barbican-keystone-listener:  python3-testscenarios python3-vine python3-waitress python3-webtest
INFO:kolla.common.utils.barbican-keystone-listener:0 upgraded, 49 newly installed, 0 to remove and 0 not upgraded.
INFO:kolla.common.utils.barbican-keystone-listener:Need to get 4,021 kB of archives.
INFO:kolla.common.utils.barbican-keystone-listener:After this operation, 22.2 MB of additional disk space will be used.
INFO:kolla.common.utils.barbican-keystone-listener:Get:1 http://ports.ubuntu.com bionic/main s390x libjs-jquery all 3.2.1-1 [152 kB]
INFO:kolla.common.utils.barbican-keystone-listener:Get:2 http://ports.ubuntu.com bionic/main s390x libjs-underscore all 1.8.3~dfsg-1 [59.9 kB]
INFO:kolla.common.utils.barbican-keystone-listener:Get:3 http://ubuntu-cloud.archive.canonical.com/ubuntu bionic-updates/ussuri/main s390x python3-sqlalchemy all 1.2.18+ds1-2ubuntu2~cloud0 [728 kB]
INFO:kolla.common.utils.barbican-keystone-listener:Get:4 http://ports.ubuntu.com bionic/main s390x pycadf-common all 2.7.0-0ubuntu1 [4,440 B]
INFO:kolla.common.utils.barbican-keystone-listener:Get:5 http://ports.ubuntu.com bionic/main s390x python-pastedeploy-tpl all 1.5.2-4 [4,796 B]
INFO:kolla.common.utils.barbican-keystone-listener:Get:6 http://ports.ubuntu.com bionic/main s390x python3-vine all 1.1.4+dfsg-2 [15.7 kB]
INFO:kolla.common.utils.barbican-keystone-listener:Get:7 http://ports.ubuntu.com bionic/universe s390x python3-anyjson all 0.3.3-1build1 [7,062 B]
INFO:kolla.common.utils.barbican-keystone-listener:Get:8 http://ports.ubuntu.com bionic/main s390x python3-bs4 all 4.6.0-1 [67.8 kB]
INFO:kolla.common.utils.barbican-keystone-listener:Get:9 http://ports.ubuntu.com bionic/universe s390x python3-pycparser all 2.18-2 [67.7 kB]
INFO:kolla.common.utils.barbican-keystone-listener:Get:10 http://ports.ubuntu.com bionic/universe s390x python3-cffi all 1.11.5-1 [67.4 kB]
INFO:kolla.common.utils.barbican-keystone-listener:Get:11 http://ports.ubuntu.com bionic-updates/main s390x python3-jinja2 all 2.10-1ubuntu0.18.04.1 [95.4 kB]
INFO:kolla.common.utils.barbican-keystone-listener:Get:12 http://ports.ubuntu.com bionic/universe s390x python3-pycadf all 2.7.0-0ubuntu1 [17.4 kB]
INFO:kolla.common.utils.barbican-keystone-listener:Get:13 http://ports.ubuntu.com bionic/universe s390x python3-kombu all 4.1.0-1 [126 kB]
INFO:kolla.common.utils.barbican-keystone-listener:Get:14 http://ubuntu-cloud.archive.canonical.com/ubuntu bionic-updates/ussuri/main s390x python3-alembic all 1.0.0-2ubuntu2~cloud0 [111 kB]
INFO:kolla.common.utils.barbican-keystone-listener:Get:15 http://ports.ubuntu.com bionic/main s390x python3-pyasn1 all 0.4.2-3 [46.8 kB]
INFO:kolla.common.utils.barbican-keystone-listener:Get:16 http://ubuntu-cloud.archive.canonical.com/ubuntu bionic-updates/ussuri/main s390x libjs-sphinxdoc all 1.8.5-3~cloud0 [96.6 kB]
INFO:kolla.common.utils.barbican-keystone-listener:Get:17 http://ports.ubuntu.com bionic/main s390x python3-pyasn1-modules all 0.2.1-0.2 [32.9 kB]
INFO:kolla.common.utils.barbican-keystone-listener:Get:18 http://ports.ubuntu.com bionic-updates/main s390x python3-ldap s390x 3.0.0-1ubuntu0.1 [85.4 kB]
INFO:kolla.common.utils.barbican-keystone-listener:Get:19 http://ubuntu-cloud.archive.canonical.com/ubuntu bionic-updates/ussuri/main s390x alembic all 1.0.0-2ubuntu2~cloud0 [369 kB]
INFO:kolla.common.utils.barbican-keystone-listener:Get:20 http://ports.ubuntu.com bionic/universe s390x python3-logutils all 0.3.3-5 [16.7 kB]
INFO:kolla.common.utils.barbican-keystone-listener:Get:21 http://ports.ubuntu.com bionic/main s390x python3-sqlparse all 0.2.4-0.1 [28.1 kB]
INFO:kolla.common.utils.barbican-keystone-listener:Get:22 http://ports.ubuntu.com bionic/main s390x python3-tempita all 0.5.2-2 [13.9 kB]
INFO:kolla.common.utils.barbican-keystone-listener:Get:23 http://ports.ubuntu.com bionic/universe s390x python3-testresources all 2.0.0-2 [26.4 kB]
INFO:kolla.common.utils.barbican-keystone-listener:Get:24 http://ports.ubuntu.com bionic/main s390x python3-paste all 2.0.3+dfsg-4ubuntu1 [456 kB]
INFO:kolla.common.utils.barbican-keystone-listener:Get:25 http://ubuntu-cloud.archive.canonical.com/ubuntu bionic-updates/ussuri/main s390x python3-amqp all 2.5.0-2~cloud0 [42.2 kB]
INFO:kolla.common.utils.barbican-keystone-listener:Get:26 http://ubuntu-cloud.archive.canonical.com/ubuntu bionic-updates/ussuri/main s390x python3-cachetools all 3.1.0-2~cloud0 [9,892 B]
INFO:kolla.common.utils.barbican-keystone-listener:Get:27 http://ubuntu-cloud.archive.canonical.com/ubuntu bionic-updates/ussuri/main s390x python3-castellan all 1.3.1-0ubuntu1~cloud0 [41.1 kB]
INFO:kolla.common.utils.barbican-keystone-listener:Get:28 http://ubuntu-cloud.archive.canonical.com/ubuntu bionic-updates/ussuri/main s390x python3-oslo.cache all 1.37.0-0ubuntu1~cloud0 [34.5 kB]
INFO:kolla.common.utils.barbican-keystone-listener:Get:29 http://ubuntu-cloud.archive.canonical.com/ubuntu bionic-updates/ussuri/main s390x python3-keystonemiddleware all 7.0.1-0ubuntu1~cloud0 [68.6 kB]
INFO:kolla.common.utils.barbican-keystone-listener:Get:30 http://ports.ubuntu.com bionic/main s390x python3-pastedeploy all 1.5.2-4 [13.4 kB]
INFO:kolla.common.utils.barbican-keystone-listener:Get:31 http://ports.ubuntu.com bionic/universe s390x python3-repoze.lru all 0.7-1 [11.7 kB]
INFO:kolla.common.utils.barbican-keystone-listener:Get:32 http://ubuntu-cloud.archive.canonical.com/ubuntu bionic-updates/ussuri/main s390x python3-migrate all 0.12.0-3~cloud0 [79.3 kB]
INFO:kolla.common.utils.barbican-keystone-listener:Get:33 http://ports.ubuntu.com bionic/universe s390x python3-routes all 2.4.1-1 [28.4 kB]
INFO:kolla.common.utils.barbican-keystone-listener:Get:34 http://ports.ubuntu.com bionic/universe s390x python3-simplegeneric all 0.8.1-1 [11.5 kB]
INFO:kolla.common.utils.barbican-keystone-listener:Get:35 http://ubuntu-cloud.archive.canonical.com/ubuntu bionic-updates/ussuri/main s390x python3-testscenarios all 0.5.0-2~cloud0 [13.5 kB]
INFO:kolla.common.utils.barbican-keystone-listener:Get:36 http://ports.ubuntu.com bionic/universe s390x python3-singledispatch all 3.4.0.3-2 [7,022 B]
INFO:kolla.common.utils.barbican-keystone-listener:Get:37 http://ports.ubuntu.com bionic/main s390x python3-waitress all 1.0.1-1 [53.4 kB]
INFO:kolla.common.utils.barbican-keystone-listener:Get:38 http://ubuntu-cloud.archive.canonical.com/ubuntu bionic-updates/ussuri/main s390x python3-oslo.db all 5.0.2-0ubuntu1~cloud0 [115 kB]
INFO:kolla.common.utils.barbican-keystone-listener:Get:39 http://ports.ubuntu.com bionic/main s390x python3-webtest all 2.0.28-1ubuntu1 [27.9 kB]
INFO:kolla.common.utils.barbican-keystone-listener:Get:40 http://ubuntu-cloud.archive.canonical.com/ubuntu bionic-updates/ussuri/main s390x python3-oslo.middleware all 3.38.1-0ubuntu1~cloud0 [33.1 kB]
INFO:kolla.common.utils.barbican-keystone-listener:Get:41 http://ubuntu-cloud.archive.canonical.com/ubuntu bionic-updates/ussuri/main s390x python3-oslo.service all 1.40.2-0ubuntu1~cloud0 [50.6 kB]
INFO:kolla.common.utils.barbican-keystone-listener:Get:42 http://ubuntu-cloud.archive.canonical.com/ubuntu bionic-updates/ussuri/main s390x python3-tenacity all 5.1.1-0ubuntu2~cloud0 [34.9 kB]
INFO:kolla.common.utils.barbican-keystone-listener:Get:43 http://ubuntu-cloud.archive.canonical.com/ubuntu bionic-updates/ussuri/main s390x python3-oslo.messaging all 9.7.1-0ubuntu3~cloud0 [149 kB]
INFO:kolla.common.utils.barbican-keystone-listener:Get:44 http://ubuntu-cloud.archive.canonical.com/ubuntu bionic-updates/ussuri/main s390x python3-oslo.policy all 2.3.2-0ubuntu1~cloud0 [50.3 kB]
INFO:kolla.common.utils.barbican-keystone-listener:Get:45 http://ubuntu-cloud.archive.canonical.com/ubuntu bionic-updates/ussuri/main s390x python3-oslo.upgradecheck all 0.3.2-0ubuntu1~cloud0 [7,484 B]
INFO:kolla.common.utils.barbican-keystone-listener:Get:46 http://ubuntu-cloud.archive.canonical.com/ubuntu bionic-updates/ussuri/main s390x python3-oslo.versionedobjects all 1.36.1-0ubuntu1~cloud0 [59.1 kB]
INFO:kolla.common.utils.barbican-keystone-listener:Get:47 http://ubuntu-cloud.archive.canonical.com/ubuntu bionic-updates/ussuri/main s390x python3-pecan all 1.3.3-0ubuntu2~cloud0 [104 kB]
INFO:kolla.common.utils.barbican-keystone-listener:Get:48 http://ubuntu-cloud.archive.canonical.com/ubuntu bionic-updates/ussuri/main s390x python3-barbican all 1:9.0.0-0ubuntu1~cloud0 [270 kB]
INFO:kolla.common.utils.barbican-keystone-listener:Get:49 http://ubuntu-cloud.archive.canonical.com/ubuntu bionic-updates/ussuri/main s390x barbican-keystone-listener all 1:9.0.0-0ubuntu1~cloud0 [10.0 kB]
INFO:kolla.common.utils.barbican-keystone-listener:Fetched 4,021 kB in 0s (20.8 MB/s)
INFO:kolla.common.utils.barbican-keystone-listener:Selecting previously unselected package python3-sqlalchemy.
INFO:kolla.common.utils.barbican-keystone-listener:(Reading database ... 
INFO:kolla.common.utils.barbican-keystone-listener:(Reading database ... 5%(Reading database ... 10%
INFO:kolla.common.utils.barbican-keystone-listener:(Reading database ... 15%(Reading database ... 20%
INFO:kolla.common.utils.barbican-keystone-listener:(Reading database ... 25%(Reading database ... 30%(Reading database ... 35%(Reading database ... 40%(Reading database ... 45%(Reading database ... 50%(Reading database ... 55%(Reading database ... 60%
INFO:kolla.common.utils.barbican-keystone-listener:(Reading database ... 65%
INFO:kolla.common.utils.barbican-keystone-listener:(Reading database ... 70%
INFO:kolla.common.utils.barbican-keystone-listener:(Reading database ... 75%
INFO:kolla.common.utils.barbican-keystone-listener:(Reading database ... 80%
INFO:kolla.common.utils.barbican-keystone-listener:(Reading database ... 85%
INFO:kolla.common.utils.barbican-keystone-listener:(Reading database ... 90%
INFO:kolla.common.utils.barbican-keystone-listener:(Reading database ... 95%
INFO:kolla.common.utils.barbican-keystone-listener:(Reading database ... 100%(Reading database ... 
INFO:kolla.common.utils.barbican-keystone-listener:22263 files and directories currently installed.)
INFO:kolla.common.utils.barbican-keystone-listener:Preparing to unpack .../00-python3-sqlalchemy_1.2.18+ds1-2ubuntu2~cloud0_all.deb ...
INFO:kolla.common.utils.barbican-keystone-listener:Unpacking python3-sqlalchemy (1.2.18+ds1-2ubuntu2~cloud0) ...
INFO:kolla.common.utils.barbican-keystone-listener:Selecting previously unselected package python3-alembic.
INFO:kolla.common.utils.barbican-keystone-listener:Preparing to unpack .../01-python3-alembic_1.0.0-2ubuntu2~cloud0_all.deb ...
INFO:kolla.common.utils.barbican-keystone-listener:Unpacking python3-alembic (1.0.0-2ubuntu2~cloud0) ...
INFO:kolla.common.utils.barbican-keystone-listener:Selecting previously unselected package libjs-jquery.
INFO:kolla.common.utils.barbican-keystone-listener:Preparing to unpack .../02-libjs-jquery_3.2.1-1_all.deb ...
INFO:kolla.common.utils.barbican-keystone-listener:Unpacking libjs-jquery (3.2.1-1) ...
INFO:kolla.common.utils.barbican-keystone-listener:Selecting previously unselected package libjs-underscore.
INFO:kolla.common.utils.barbican-keystone-listener:Preparing to unpack .../03-libjs-underscore_1.8.3~dfsg-1_all.deb ...
INFO:kolla.common.utils.barbican-keystone-listener:Unpacking libjs-underscore (1.8.3~dfsg-1) ...
INFO:kolla.common.utils.barbican-keystone-listener:Selecting previously unselected package libjs-sphinxdoc.
INFO:kolla.common.utils.barbican-keystone-listener:Preparing to unpack .../04-libjs-sphinxdoc_1.8.5-3~cloud0_all.deb ...
INFO:kolla.common.utils.barbican-keystone-listener:Unpacking libjs-sphinxdoc (1.8.5-3~cloud0) ...
INFO:kolla.common.utils.barbican-keystone-listener:Selecting previously unselected package alembic.
INFO:kolla.common.utils.barbican-keystone-listener:Preparing to unpack .../05-alembic_1.0.0-2ubuntu2~cloud0_all.deb ...
INFO:kolla.common.utils.barbican-keystone-listener:Unpacking alembic (1.0.0-2ubuntu2~cloud0) ...
INFO:kolla.common.utils.barbican-keystone-listener:Selecting previously unselected package pycadf-common.
INFO:kolla.common.utils.barbican-keystone-listener:Preparing to unpack .../06-pycadf-common_2.7.0-0ubuntu1_all.deb ...
INFO:kolla.common.utils.barbican-keystone-listener:Unpacking pycadf-common (2.7.0-0ubuntu1) ...
INFO:kolla.common.utils.barbican-keystone-listener:Selecting previously unselected package python-pastedeploy-tpl.
INFO:kolla.common.utils.barbican-keystone-listener:Preparing to unpack .../07-python-pastedeploy-tpl_1.5.2-4_all.deb ...
INFO:kolla.common.utils.barbican-keystone-listener:Unpacking python-pastedeploy-tpl (1.5.2-4) ...
INFO:kolla.common.utils.barbican-keystone-listener:Selecting previously unselected package python3-vine.
INFO:kolla.common.utils.barbican-keystone-listener:Preparing to unpack .../08-python3-vine_1.1.4+dfsg-2_all.deb ...
INFO:kolla.common.utils.barbican-keystone-listener:Unpacking python3-vine (1.1.4+dfsg-2) ...
INFO:kolla.common.utils.barbican-keystone-listener:Selecting previously unselected package python3-amqp.
INFO:kolla.common.utils.barbican-keystone-listener:Preparing to unpack .../09-python3-amqp_2.5.0-2~cloud0_all.deb ...
INFO:kolla.common.utils.barbican-keystone-listener:Unpacking python3-amqp (2.5.0-2~cloud0) ...
INFO:kolla.common.utils.barbican-keystone-listener:Selecting previously unselected package python3-anyjson.
INFO:kolla.common.utils.barbican-keystone-listener:Preparing to unpack .../10-python3-anyjson_0.3.3-1build1_all.deb ...
INFO:kolla.common.utils.barbican-keystone-listener:Unpacking python3-anyjson (0.3.3-1build1) ...
INFO:kolla.common.utils.barbican-keystone-listener:Selecting previously unselected package python3-bs4.
INFO:kolla.common.utils.barbican-keystone-listener:Preparing to unpack .../11-python3-bs4_4.6.0-1_all.deb ...
INFO:kolla.common.utils.barbican-keystone-listener:Unpacking python3-bs4 (4.6.0-1) ...
INFO:kolla.common.utils.barbican-keystone-listener:Selecting previously unselected package python3-cachetools.
INFO:kolla.common.utils.barbican-keystone-listener:Preparing to unpack .../12-python3-cachetools_3.1.0-2~cloud0_all.deb ...
INFO:kolla.common.utils.barbican-keystone-listener:Unpacking python3-cachetools (3.1.0-2~cloud0) ...
INFO:kolla.common.utils.barbican-keystone-listener:Selecting previously unselected package python3-castellan.
INFO:kolla.common.utils.barbican-keystone-listener:Preparing to unpack .../13-python3-castellan_1.3.1-0ubuntu1~cloud0_all.deb ...
INFO:kolla.common.utils.barbican-keystone-listener:Unpacking python3-castellan (1.3.1-0ubuntu1~cloud0) ...
INFO:kolla.common.utils.barbican-keystone-listener:Selecting previously unselected package python3-pycparser.
INFO:kolla.common.utils.barbican-keystone-listener:Preparing to unpack .../14-python3-pycparser_2.18-2_all.deb ...
INFO:kolla.common.utils.barbican-keystone-listener:Unpacking python3-pycparser (2.18-2) ...
INFO:kolla.common.utils.barbican-keystone-listener:Selecting previously unselected package python3-cffi.
INFO:kolla.common.utils.barbican-keystone-listener:Preparing to unpack .../15-python3-cffi_1.11.5-1_all.deb ...
INFO:kolla.common.utils.barbican-keystone-listener:Unpacking python3-cffi (1.11.5-1) ...
INFO:kolla.common.utils.barbican-keystone-listener:Selecting previously unselected package python3-jinja2.
INFO:kolla.common.utils.barbican-keystone-listener:Preparing to unpack .../16-python3-jinja2_2.10-1ubuntu0.18.04.1_all.deb ...
INFO:kolla.common.utils.barbican-keystone-listener:Unpacking python3-jinja2 (2.10-1ubuntu0.18.04.1) ...
INFO:kolla.common.utils.barbican-keystone-listener:Selecting previously unselected package python3-oslo.cache.
INFO:kolla.common.utils.barbican-keystone-listener:Preparing to unpack .../17-python3-oslo.cache_1.37.0-0ubuntu1~cloud0_all.deb ...
INFO:kolla.common.utils.barbican-keystone-listener:Unpacking python3-oslo.cache (1.37.0-0ubuntu1~cloud0) ...
INFO:kolla.common.utils.barbican-keystone-listener:Selecting previously unselected package python3-pycadf.
INFO:kolla.common.utils.barbican-keystone-listener:Preparing to unpack .../18-python3-pycadf_2.7.0-0ubuntu1_all.deb ...
INFO:kolla.common.utils.barbican-keystone-listener:Unpacking python3-pycadf (2.7.0-0ubuntu1) ...
INFO:kolla.common.utils.barbican-keystone-listener:Selecting previously unselected package python3-keystonemiddleware.
INFO:kolla.common.utils.barbican-keystone-listener:Preparing to unpack .../19-python3-keystonemiddleware_7.0.1-0ubuntu1~cloud0_all.deb ...
INFO:kolla.common.utils.barbican-keystone-listener:Unpacking python3-keystonemiddleware (7.0.1-0ubuntu1~cloud0) ...
INFO:kolla.common.utils.barbican-keystone-listener:Selecting previously unselected package python3-kombu.
INFO:kolla.common.utils.barbican-keystone-listener:Preparing to unpack .../20-python3-kombu_4.1.0-1_all.deb ...
INFO:kolla.common.utils.barbican-keystone-listener:Unpacking python3-kombu (4.1.0-1) ...
INFO:kolla.common.utils.barbican-keystone-listener:Selecting previously unselected package python3-pyasn1.
INFO:kolla.common.utils.barbican-keystone-listener:Preparing to unpack .../21-python3-pyasn1_0.4.2-3_all.deb ...
INFO:kolla.common.utils.barbican-keystone-listener:Unpacking python3-pyasn1 (0.4.2-3) ...
INFO:kolla.common.utils.barbican-keystone-listener:Selecting previously unselected package python3-pyasn1-modules.
INFO:kolla.common.utils.barbican-keystone-listener:Preparing to unpack .../22-python3-pyasn1-modules_0.2.1-0.2_all.deb ...
INFO:kolla.common.utils.barbican-keystone-listener:Unpacking python3-pyasn1-modules (0.2.1-0.2) ...
INFO:kolla.common.utils.barbican-keystone-listener:Selecting previously unselected package python3-ldap.
INFO:kolla.common.utils.barbican-keystone-listener:Preparing to unpack .../23-python3-ldap_3.0.0-1ubuntu0.1_s390x.deb ...
INFO:kolla.common.utils.barbican-keystone-listener:Unpacking python3-ldap (3.0.0-1ubuntu0.1) ...
INFO:kolla.common.utils.barbican-keystone-listener:Selecting previously unselected package python3-logutils.
INFO:kolla.common.utils.barbican-keystone-listener:Preparing to unpack .../24-python3-logutils_0.3.3-5_all.deb ...
INFO:kolla.common.utils.barbican-keystone-listener:Unpacking python3-logutils (0.3.3-5) ...
INFO:kolla.common.utils.barbican-keystone-listener:Selecting previously unselected package python3-sqlparse.
INFO:kolla.common.utils.barbican-keystone-listener:Preparing to unpack .../25-python3-sqlparse_0.2.4-0.1_all.deb ...
INFO:kolla.common.utils.barbican-keystone-listener:Unpacking python3-sqlparse (0.2.4-0.1) ...
INFO:kolla.common.utils.barbican-keystone-listener:Selecting previously unselected package python3-tempita.
INFO:kolla.common.utils.barbican-keystone-listener:Preparing to unpack .../26-python3-tempita_0.5.2-2_all.deb ...
INFO:kolla.common.utils.barbican-keystone-listener:Unpacking python3-tempita (0.5.2-2) ...
INFO:kolla.common.utils.barbican-keystone-listener:Selecting previously unselected package python3-migrate.
INFO:kolla.common.utils.barbican-keystone-listener:Preparing to unpack .../27-python3-migrate_0.12.0-3~cloud0_all.deb ...
INFO:kolla.common.utils.barbican-keystone-listener:Unpacking python3-migrate (0.12.0-3~cloud0) ...
INFO:kolla.common.utils.barbican-keystone-listener:Selecting previously unselected package python3-testresources.
INFO:kolla.common.utils.barbican-keystone-listener:Preparing to unpack .../28-python3-testresources_2.0.0-2_all.deb ...
INFO:kolla.common.utils.barbican-keystone-listener:Unpacking python3-testresources (2.0.0-2) ...
INFO:kolla.common.utils.barbican-keystone-listener:Selecting previously unselected package python3-testscenarios.
INFO:kolla.common.utils.barbican-keystone-listener:Preparing to unpack .../29-python3-testscenarios_0.5.0-2~cloud0_all.deb ...
INFO:kolla.common.utils.barbican-keystone-listener:Unpacking python3-testscenarios (0.5.0-2~cloud0) ...
INFO:kolla.common.utils.barbican-keystone-listener:Selecting previously unselected package python3-oslo.db.
INFO:kolla.common.utils.barbican-keystone-listener:Preparing to unpack .../30-python3-oslo.db_5.0.2-0ubuntu1~cloud0_all.deb ...
INFO:kolla.common.utils.barbican-keystone-listener:Unpacking python3-oslo.db (5.0.2-0ubuntu1~cloud0) ...
INFO:kolla.common.utils.barbican-keystone-listener:Selecting previously unselected package python3-oslo.middleware.
INFO:kolla.common.utils.barbican-keystone-listener:Preparing to unpack .../31-python3-oslo.middleware_3.38.1-0ubuntu1~cloud0_all.deb ...
INFO:kolla.common.utils.barbican-keystone-listener:Unpacking python3-oslo.middleware (3.38.1-0ubuntu1~cloud0) ...
INFO:kolla.common.utils.barbican-keystone-listener:Selecting previously unselected package python3-paste.
INFO:kolla.common.utils.barbican-keystone-listener:Preparing to unpack .../32-python3-paste_2.0.3+dfsg-4ubuntu1_all.deb ...
INFO:kolla.common.utils.barbican-keystone-listener:Unpacking python3-paste (2.0.3+dfsg-4ubuntu1) ...
INFO:kolla.common.utils.barbican-keystone-listener:Selecting previously unselected package python3-pastedeploy.
INFO:kolla.common.utils.barbican-keystone-listener:Preparing to unpack .../33-python3-pastedeploy_1.5.2-4_all.deb ...
INFO:kolla.common.utils.barbican-keystone-listener:Unpacking python3-pastedeploy (1.5.2-4) ...
INFO:kolla.common.utils.barbican-keystone-listener:Selecting previously unselected package python3-repoze.lru.
INFO:kolla.common.utils.barbican-keystone-listener:Preparing to unpack .../34-python3-repoze.lru_0.7-1_all.deb ...
INFO:kolla.common.utils.barbican-keystone-listener:Unpacking python3-repoze.lru (0.7-1) ...
INFO:kolla.common.utils.barbican-keystone-listener:Selecting previously unselected package python3-routes.
INFO:kolla.common.utils.barbican-keystone-listener:Preparing to unpack .../35-python3-routes_2.4.1-1_all.deb ...
INFO:kolla.common.utils.barbican-keystone-listener:Unpacking python3-routes (2.4.1-1) ...
INFO:kolla.common.utils.barbican-keystone-listener:Selecting previously unselected package python3-oslo.service.
INFO:kolla.common.utils.barbican-keystone-listener:Preparing to unpack .../36-python3-oslo.service_1.40.2-0ubuntu1~cloud0_all.deb ...
INFO:kolla.common.utils.barbican-keystone-listener:Unpacking python3-oslo.service (1.40.2-0ubuntu1~cloud0) ...
INFO:kolla.common.utils.barbican-keystone-listener:Selecting previously unselected package python3-tenacity.
INFO:kolla.common.utils.barbican-keystone-listener:Preparing to unpack .../37-python3-tenacity_5.1.1-0ubuntu2~cloud0_all.deb ...
INFO:kolla.common.utils.barbican-keystone-listener:Unpacking python3-tenacity (5.1.1-0ubuntu2~cloud0) ...
INFO:kolla.common.utils.barbican-keystone-listener:Selecting previously unselected package python3-oslo.messaging.
INFO:kolla.common.utils.barbican-keystone-listener:Preparing to unpack .../38-python3-oslo.messaging_9.7.1-0ubuntu3~cloud0_all.deb ...
INFO:kolla.common.utils.barbican-keystone-listener:Unpacking python3-oslo.messaging (9.7.1-0ubuntu3~cloud0) ...
INFO:kolla.common.utils.barbican-keystone-listener:Selecting previously unselected package python3-oslo.policy.
INFO:kolla.common.utils.barbican-keystone-listener:Preparing to unpack .../39-python3-oslo.policy_2.3.2-0ubuntu1~cloud0_all.deb ...
INFO:kolla.common.utils.barbican-keystone-listener:Unpacking python3-oslo.policy (2.3.2-0ubuntu1~cloud0) ...
INFO:kolla.common.utils.barbican-keystone-listener:Selecting previously unselected package python3-oslo.upgradecheck.
INFO:kolla.common.utils.barbican-keystone-listener:Preparing to unpack .../40-python3-oslo.upgradecheck_0.3.2-0ubuntu1~cloud0_all.deb ...
INFO:kolla.common.utils.barbican-keystone-listener:Unpacking python3-oslo.upgradecheck (0.3.2-0ubuntu1~cloud0) ...
INFO:kolla.common.utils.barbican-keystone-listener:Selecting previously unselected package python3-oslo.versionedobjects.
INFO:kolla.common.utils.barbican-keystone-listener:Preparing to unpack .../41-python3-oslo.versionedobjects_1.36.1-0ubuntu1~cloud0_all.deb ...
INFO:kolla.common.utils.barbican-keystone-listener:Unpacking python3-oslo.versionedobjects (1.36.1-0ubuntu1~cloud0) ...
INFO:kolla.common.utils.barbican-keystone-listener:Selecting previously unselected package python3-simplegeneric.
INFO:kolla.common.utils.barbican-keystone-listener:Preparing to unpack .../42-python3-simplegeneric_0.8.1-1_all.deb ...
INFO:kolla.common.utils.barbican-keystone-listener:Unpacking python3-simplegeneric (0.8.1-1) ...
INFO:kolla.common.utils.barbican-keystone-listener:Selecting previously unselected package python3-singledispatch.
INFO:kolla.common.utils.barbican-keystone-listener:Preparing to unpack .../43-python3-singledispatch_3.4.0.3-2_all.deb ...
INFO:kolla.common.utils.barbican-keystone-listener:Unpacking python3-singledispatch (3.4.0.3-2) ...
INFO:kolla.common.utils.barbican-keystone-listener:Selecting previously unselected package python3-waitress.
INFO:kolla.common.utils.barbican-keystone-listener:Preparing to unpack .../44-python3-waitress_1.0.1-1_all.deb ...
INFO:kolla.common.utils.barbican-keystone-listener:Unpacking python3-waitress (1.0.1-1) ...
INFO:kolla.common.utils.barbican-keystone-listener:Selecting previously unselected package python3-webtest.
INFO:kolla.common.utils.barbican-keystone-listener:Preparing to unpack .../45-python3-webtest_2.0.28-1ubuntu1_all.deb ...
INFO:kolla.common.utils.barbican-keystone-listener:Unpacking python3-webtest (2.0.28-1ubuntu1) ...
INFO:kolla.common.utils.barbican-keystone-listener:Selecting previously unselected package python3-pecan.
INFO:kolla.common.utils.barbican-keystone-listener:Preparing to unpack .../46-python3-pecan_1.3.3-0ubuntu2~cloud0_all.deb ...
INFO:kolla.common.utils.barbican-keystone-listener:Unpacking python3-pecan (1.3.3-0ubuntu2~cloud0) ...
INFO:kolla.common.utils.barbican-keystone-listener:Selecting previously unselected package python3-barbican.
INFO:kolla.common.utils.barbican-keystone-listener:Preparing to unpack .../47-python3-barbican_1%3a9.0.0-0ubuntu1~cloud0_all.deb ...
INFO:kolla.common.utils.barbican-keystone-listener:Unpacking python3-barbican (1:9.0.0-0ubuntu1~cloud0) ...
INFO:kolla.common.utils.barbican-keystone-listener:Selecting previously unselected package barbican-keystone-listener.
INFO:kolla.common.utils.barbican-keystone-listener:Preparing to unpack .../48-barbican-keystone-listener_1%3a9.0.0-0ubuntu1~cloud0_all.deb ...
INFO:kolla.common.utils.barbican-keystone-listener:Unpacking barbican-keystone-listener (1:9.0.0-0ubuntu1~cloud0) ...
INFO:kolla.common.utils.barbican-keystone-listener:Setting up python3-logutils (0.3.3-5) ...
INFO:kolla.common.utils.barbican-keystone-listener:Setting up libjs-jquery (3.2.1-1) ...
INFO:kolla.common.utils.barbican-keystone-listener:Setting up python3-sqlalchemy (1.2.18+ds1-2ubuntu2~cloud0) ...
INFO:kolla.common.utils.barbican-keystone-listener:Setting up python3-simplegeneric (0.8.1-1) ...
INFO:kolla.common.utils.barbican-keystone-listener:Setting up libjs-underscore (1.8.3~dfsg-1) ...
INFO:kolla.common.utils.barbican-keystone-listener:Setting up python3-waitress (1.0.1-1) ...
INFO:kolla.common.utils.barbican-keystone-listener:update-alternatives: using /usr/bin/waitress-serve-python3 to provide /usr/bin/waitress-serve (waitress-serve) in auto mode
INFO:kolla.common.utils.barbican-keystone-listener:Setting up python3-sqlparse (0.2.4-0.1) ...
INFO:kolla.common.utils.barbican-keystone-listener:Setting up python3-tempita (0.5.2-2) ...
INFO:kolla.common.utils.barbican-keystone-listener:Setting up python3-singledispatch (3.4.0.3-2) ...
INFO:kolla.common.utils.barbican-keystone-listener:Setting up python3-alembic (1.0.0-2ubuntu2~cloud0) ...
INFO:kolla.common.utils.barbican-keystone-listener:Setting up libjs-sphinxdoc (1.8.5-3~cloud0) ...
INFO:kolla.common.utils.barbican-keystone-listener:Setting up python3-castellan (1.3.1-0ubuntu1~cloud0) ...
INFO:kolla.common.utils.barbican-keystone-listener:Setting up python3-tenacity (5.1.1-0ubuntu2~cloud0) ...
INFO:kolla.common.utils.barbican-keystone-listener:Setting up python3-testscenarios (0.5.0-2~cloud0) ...
INFO:kolla.common.utils.barbican-keystone-listener:Setting up python3-bs4 (4.6.0-1) ...
INFO:kolla.common.utils.barbican-keystone-listener:Setting up python3-oslo.policy (2.3.2-0ubuntu1~cloud0) ...
INFO:kolla.common.utils.barbican-keystone-listener:Setting up python3-testresources (2.0.0-2) ...
INFO:kolla.common.utils.barbican-keystone-listener:Setting up python3-pyasn1 (0.4.2-3) ...
INFO:kolla.common.utils.barbican-keystone-listener:Setting up pycadf-common (2.7.0-0ubuntu1) ...
INFO:kolla.common.utils.barbican-keystone-listener:Setting up python3-oslo.cache (1.37.0-0ubuntu1~cloud0) ...
INFO:kolla.common.utils.barbican-keystone-listener:Setting up python3-pycadf (2.7.0-0ubuntu1) ...
INFO:kolla.common.utils.barbican-keystone-listener:Setting up python3-jinja2 (2.10-1ubuntu0.18.04.1) ...
INFO:kolla.common.utils.barbican-keystone-listener:Setting up python3-repoze.lru (0.7-1) ...
INFO:kolla.common.utils.barbican-keystone-listener:Setting up python3-pyasn1-modules (0.2.1-0.2) ...
INFO:kolla.common.utils.barbican-keystone-listener:Setting up python3-paste (2.0.3+dfsg-4ubuntu1) ...
INFO:kolla.common.utils.barbican-keystone-listener:Setting up python3-pycparser (2.18-2) ...
INFO:kolla.common.utils.barbican-keystone-listener:Setting up python3-migrate (0.12.0-3~cloud0) ...
INFO:kolla.common.utils.barbican-keystone-listener:Setting up python3-anyjson (0.3.3-1build1) ...
INFO:kolla.common.utils.barbican-keystone-listener:Setting up python3-cffi (1.11.5-1) ...
INFO:kolla.common.utils.barbican-keystone-listener:Setting up python3-keystonemiddleware (7.0.1-0ubuntu1~cloud0) ...
INFO:kolla.common.utils.barbican-keystone-listener:Setting up python-pastedeploy-tpl (1.5.2-4) ...
INFO:kolla.common.utils.barbican-keystone-listener:Setting up python3-cachetools (3.1.0-2~cloud0) ...
INFO:kolla.common.utils.barbican-keystone-listener:Setting up python3-vine (1.1.4+dfsg-2) ...
INFO:kolla.common.utils.barbican-keystone-listener:Setting up python3-oslo.upgradecheck (0.3.2-0ubuntu1~cloud0) ...
INFO:kolla.common.utils.barbican-keystone-listener:Setting up alembic (1.0.0-2ubuntu2~cloud0) ...
INFO:kolla.common.utils.barbican-keystone-listener:Setting up python3-routes (2.4.1-1) ...
INFO:kolla.common.utils.barbican-keystone-listener:Setting up python3-oslo.middleware (3.38.1-0ubuntu1~cloud0) ...
INFO:kolla.common.utils.barbican-keystone-listener:Setting up python3-ldap (3.0.0-1ubuntu0.1) ...
INFO:kolla.common.utils.barbican-keystone-listener:Setting up python3-amqp (2.5.0-2~cloud0) ...
INFO:kolla.common.utils.barbican-keystone-listener:Setting up python3-kombu (4.1.0-1) ...
INFO:kolla.common.utils.barbican-keystone-listener:Setting up python3-oslo.db (5.0.2-0ubuntu1~cloud0) ...
INFO:kolla.common.utils.barbican-keystone-listener:Setting up python3-pastedeploy (1.5.2-4) ...
INFO:kolla.common.utils.barbican-keystone-listener:Setting up python3-webtest (2.0.28-1ubuntu1) ...
INFO:kolla.common.utils.barbican-keystone-listener:Setting up python3-pecan (1.3.3-0ubuntu2~cloud0) ...
INFO:kolla.common.utils.barbican-keystone-listener:Setting up python3-oslo.service (1.40.2-0ubuntu1~cloud0) ...
INFO:kolla.common.utils.barbican-keystone-listener:Setting up python3-oslo.messaging (9.7.1-0ubuntu3~cloud0) ...
INFO:kolla.common.utils.barbican-keystone-listener:Setting up python3-oslo.versionedobjects (1.36.1-0ubuntu1~cloud0) ...
INFO:kolla.common.utils.barbican-keystone-listener:Setting up python3-barbican (1:9.0.0-0ubuntu1~cloud0) ...
INFO:kolla.common.utils.barbican-keystone-listener:Setting up barbican-keystone-listener (1:9.0.0-0ubuntu1~cloud0) ...
INFO:kolla.common.utils.barbican-keystone-listener:invoke-rc.d: could not determine current runlevel
INFO:kolla.common.utils.barbican-keystone-listener:invoke-rc.d: policy-rc.d denied execution of start.
INFO:kolla.common.utils.barbican-keystone-listener:Removing intermediate container f940a5eafa7d
INFO:kolla.common.utils.barbican-keystone-listener: ---> 16bb62d6e5ca
INFO:kolla.common.utils.barbican-keystone-listener:Step 4/4 : USER barbican
INFO:kolla.common.utils.barbican-keystone-listener: ---> Running in 0a39ee6b8802
INFO:kolla.common.utils.barbican-keystone-listener:Removing intermediate container 0a39ee6b8802
INFO:kolla.common.utils.barbican-keystone-listener: ---> eff417fb2db3
INFO:kolla.common.utils.barbican-keystone-listener:Successfully built eff417fb2db3
INFO:kolla.common.utils.barbican-keystone-listener:Successfully tagged s390x/ubuntu-binary-barbican-keystone-listener:9.1.0
INFO:kolla.common.utils.barbican-keystone-listener:Built at 2020-03-02 21:44:16.179039 (took 0:00:30.083997)
