INFO:kolla.common.utils.ceilometer-central:Building started at 2020-03-02 21:44:53.157853
INFO:kolla.common.utils.ceilometer-central:Step 1/4 : FROM s390x/ubuntu-binary-ceilometer-base:9.1.0
INFO:kolla.common.utils.ceilometer-central: ---> b086eb0b90bb
INFO:kolla.common.utils.ceilometer-central:Step 2/4 : LABEL maintainer="Kolla Project (https://launchpad.net/kolla)" name="ceilometer-central" build-date="20200302"
INFO:kolla.common.utils.ceilometer-central: ---> Running in 600bdae2c876
INFO:kolla.common.utils.ceilometer-central:Removing intermediate container 600bdae2c876
INFO:kolla.common.utils.ceilometer-central: ---> 6c295973d958
INFO:kolla.common.utils.ceilometer-central:Step 3/4 : RUN apt-get update && apt-get -y install --no-install-recommends ceilometer-agent-central && apt-get clean && rm -rf /var/lib/apt/lists/*
INFO:kolla.common.utils.ceilometer-central: ---> Running in a565935a303a
INFO:kolla.common.utils.ceilometer-central:Get:1 http://ports.ubuntu.com bionic InRelease [242 kB]
INFO:kolla.common.utils.ceilometer-central:Get:2 http://ports.ubuntu.com bionic-updates InRelease [88.7 kB]
INFO:kolla.common.utils.ceilometer-central:Ign:3 http://ubuntu-cloud.archive.canonical.com/ubuntu bionic-updates/ussuri InRelease
INFO:kolla.common.utils.ceilometer-central:Get:4 http://ports.ubuntu.com bionic-security InRelease [88.7 kB]
INFO:kolla.common.utils.ceilometer-central:Get:5 http://ubuntu-cloud.archive.canonical.com/ubuntu bionic-updates/ussuri Release [7,884 B]
INFO:kolla.common.utils.ceilometer-central:Get:6 http://ports.ubuntu.com bionic-backports InRelease [74.6 kB]
INFO:kolla.common.utils.ceilometer-central:Get:7 http://ubuntu-cloud.archive.canonical.com/ubuntu bionic-updates/ussuri Release.gpg [543 B]
INFO:kolla.common.utils.ceilometer-central:Get:8 http://ports.ubuntu.com bionic/universe s390x Packages [10.8 MB]
INFO:kolla.common.utils.ceilometer-central:Get:9 http://ubuntu-cloud.archive.canonical.com/ubuntu bionic-updates/ussuri/main s390x Packages [145 kB]
INFO:kolla.common.utils.ceilometer-central:Get:10 http://ports.ubuntu.com bionic/main s390x Packages [1,244 kB]
INFO:kolla.common.utils.ceilometer-central:Get:11 http://ports.ubuntu.com bionic-updates/main s390x Packages [730 kB]
INFO:kolla.common.utils.ceilometer-central:Get:12 http://ports.ubuntu.com bionic-updates/universe s390x Packages [1,075 kB]
INFO:kolla.common.utils.ceilometer-central:Get:13 http://ports.ubuntu.com bionic-security/universe s390x Packages [625 kB]
INFO:kolla.common.utils.ceilometer-central:Get:14 http://ports.ubuntu.com bionic-security/main s390x Packages [467 kB]
INFO:kolla.common.utils.ceilometer-central:Get:15 http://ports.ubuntu.com bionic-backports/universe s390x Packages [4,242 B]
INFO:kolla.common.utils.ceilometer-central:Get:16 http://ports.ubuntu.com bionic-backports/main s390x Packages [2,494 B]
INFO:kolla.common.utils.ceilometer-central:Fetched 15.6 MB in 3s (5,870 kB/s)
INFO:kolla.common.utils.ceilometer-central:Reading package lists...
INFO:kolla.common.utils.ceilometer-central:Reading package lists...
INFO:kolla.common.utils.ceilometer-central:Building dependency tree...
INFO:kolla.common.utils.ceilometer-central:Reading state information...
INFO:kolla.common.utils.ceilometer-central:The following additional packages will be installed:
INFO:kolla.common.utils.ceilometer-central:  libavahi-client3 libavahi-common-data libavahi-common3 libcurl3-gnutls
INFO:kolla.common.utils.ceilometer-central:  libnuma1 libvirt0 libyajl2 python3-amqp python3-anyjson python3-cachetools
INFO:kolla.common.utils.ceilometer-central:  python3-ceilometer python3-cffi python3-cotyledon python3-croniter
INFO:kolla.common.utils.ceilometer-central:  python3-jsonpath-rw python3-jsonpath-rw-ext python3-kombu python3-libvirt
INFO:kolla.common.utils.ceilometer-central:  python3-os-xenapi python3-oslo.messaging python3-oslo.privsep
INFO:kolla.common.utils.ceilometer-central:  python3-oslo.rootwrap python3-oslo.service python3-oslo.upgradecheck
INFO:kolla.common.utils.ceilometer-central:  python3-paramiko python3-pyasn1 python3-pycparser python3-pycryptodome
INFO:kolla.common.utils.ceilometer-central:  python3-pysmi python3-pysnmp4 python3-repoze.lru python3-routes
INFO:kolla.common.utils.ceilometer-central:  python3-setproctitle python3-tooz python3-vine python3-voluptuous
INFO:kolla.common.utils.ceilometer-central:Suggested packages:
INFO:kolla.common.utils.ceilometer-central:  python-amqp-doc python3-kafka python3-dev python-cotyledon-doc
INFO:kolla.common.utils.ceilometer-central:  python-jsonpath-rw-ext-doc python-kombu-doc python3-boto python3-django
INFO:kolla.common.utils.ceilometer-central:  python-os-xenapi-doc python3-confluent-kafka python-oslo.privsep-doc
INFO:kolla.common.utils.ceilometer-central:  python-oslo.service-doc python3-gssapi cpp
INFO:kolla.common.utils.ceilometer-central:Recommended packages:
INFO:kolla.common.utils.ceilometer-central:  libvirt-daemon
INFO:kolla.common.utils.ceilometer-central:The following NEW packages will be installed:
INFO:kolla.common.utils.ceilometer-central:  ceilometer-agent-central libavahi-client3 libavahi-common-data
INFO:kolla.common.utils.ceilometer-central:  libavahi-common3 libcurl3-gnutls libnuma1 libvirt0 libyajl2 python3-amqp
INFO:kolla.common.utils.ceilometer-central:  python3-anyjson python3-cachetools python3-ceilometer python3-cffi
INFO:kolla.common.utils.ceilometer-central:  python3-cotyledon python3-croniter python3-jsonpath-rw
INFO:kolla.common.utils.ceilometer-central:  python3-jsonpath-rw-ext python3-kombu python3-libvirt python3-os-xenapi
INFO:kolla.common.utils.ceilometer-central:  python3-oslo.messaging python3-oslo.privsep python3-oslo.rootwrap
INFO:kolla.common.utils.ceilometer-central:  python3-oslo.service python3-oslo.upgradecheck python3-paramiko
INFO:kolla.common.utils.ceilometer-central:  python3-pyasn1 python3-pycparser python3-pycryptodome python3-pysmi
INFO:kolla.common.utils.ceilometer-central:  python3-pysnmp4 python3-repoze.lru python3-routes python3-setproctitle
INFO:kolla.common.utils.ceilometer-central:  python3-tooz python3-vine python3-voluptuous
INFO:kolla.common.utils.ceilometer-central:0 upgraded, 37 newly installed, 0 to remove and 0 not upgraded.
INFO:kolla.common.utils.ceilometer-central:Need to get 10.1 MB of archives.
INFO:kolla.common.utils.ceilometer-central:After this operation, 49.8 MB of additional disk space will be used.
INFO:kolla.common.utils.ceilometer-central:Get:1 http://ubuntu-cloud.archive.canonical.com/ubuntu bionic-updates/ussuri/main s390x python3-cachetools all 3.1.0-2~cloud0 [9,892 B]
INFO:kolla.common.utils.ceilometer-central:Get:2 http://ports.ubuntu.com bionic/main s390x python3-setproctitle s390x 1.1.10-1build2 [14.6 kB]
INFO:kolla.common.utils.ceilometer-central:Get:3 http://ports.ubuntu.com bionic/universe s390x python3-cotyledon all 1.6.8-0ubuntu1 [15.9 kB]
INFO:kolla.common.utils.ceilometer-central:Get:4 http://ubuntu-cloud.archive.canonical.com/ubuntu bionic-updates/ussuri/main s390x python3-croniter all 0.3.29-2ubuntu1~cloud0 [16.5 kB]
INFO:kolla.common.utils.ceilometer-central:Get:5 http://ports.ubuntu.com bionic/universe s390x python3-jsonpath-rw all 1.4.0-3 [15.1 kB]
INFO:kolla.common.utils.ceilometer-central:Get:6 http://ubuntu-cloud.archive.canonical.com/ubuntu bionic-updates/ussuri/main s390x libnuma1 s390x 2.0.12-1~cloud0 [26.0 kB]
INFO:kolla.common.utils.ceilometer-central:Get:7 http://ports.ubuntu.com bionic/universe s390x python3-jsonpath-rw-ext all 1.1.3-1 [11.9 kB]
INFO:kolla.common.utils.ceilometer-central:Get:8 http://ports.ubuntu.com bionic-updates/main s390x libavahi-common-data s390x 0.7-3.1ubuntu1.2 [22.1 kB]
INFO:kolla.common.utils.ceilometer-central:Get:9 http://ubuntu-cloud.archive.canonical.com/ubuntu bionic-updates/ussuri/main s390x libvirt0 s390x 5.4.0-0ubuntu5~cloud0 [3,533 kB]
INFO:kolla.common.utils.ceilometer-central:Get:10 http://ports.ubuntu.com bionic-updates/main s390x libavahi-common3 s390x 0.7-3.1ubuntu1.2 [20.0 kB]
INFO:kolla.common.utils.ceilometer-central:Get:11 http://ports.ubuntu.com bionic-updates/main s390x libavahi-client3 s390x 0.7-3.1ubuntu1.2 [22.5 kB]
INFO:kolla.common.utils.ceilometer-central:Get:12 http://ports.ubuntu.com bionic-updates/main s390x libcurl3-gnutls s390x 7.58.0-2ubuntu3.8 [195 kB]
INFO:kolla.common.utils.ceilometer-central:Get:13 http://ports.ubuntu.com bionic/main s390x libyajl2 s390x 2.1.0-2build1 [18.8 kB]
INFO:kolla.common.utils.ceilometer-central:Get:14 http://ports.ubuntu.com bionic/main s390x python3-pyasn1 all 0.4.2-3 [46.8 kB]
INFO:kolla.common.utils.ceilometer-central:Get:15 http://ports.ubuntu.com bionic-updates/main s390x python3-paramiko all 2.0.0-1ubuntu1.2 [110 kB]
INFO:kolla.common.utils.ceilometer-central:Get:16 http://ports.ubuntu.com bionic/main s390x python3-vine all 1.1.4+dfsg-2 [15.7 kB]
INFO:kolla.common.utils.ceilometer-central:Get:17 http://ports.ubuntu.com bionic/universe s390x python3-anyjson all 0.3.3-1build1 [7,062 B]
INFO:kolla.common.utils.ceilometer-central:Get:18 http://ports.ubuntu.com bionic/universe s390x python3-kombu all 4.1.0-1 [126 kB]
INFO:kolla.common.utils.ceilometer-central:Get:19 http://ports.ubuntu.com bionic/universe s390x python3-repoze.lru all 0.7-1 [11.7 kB]
INFO:kolla.common.utils.ceilometer-central:Get:20 http://ports.ubuntu.com bionic/universe s390x python3-routes all 2.4.1-1 [28.4 kB]
INFO:kolla.common.utils.ceilometer-central:Get:21 http://ports.ubuntu.com bionic/universe s390x python3-pycparser all 2.18-2 [67.7 kB]
INFO:kolla.common.utils.ceilometer-central:Get:22 http://ports.ubuntu.com bionic/universe s390x python3-cffi all 1.11.5-1 [67.4 kB]
INFO:kolla.common.utils.ceilometer-central:Get:23 http://ports.ubuntu.com bionic/universe s390x python3-pycryptodome s390x 3.4.7-1ubuntu1 [4,755 kB]
INFO:kolla.common.utils.ceilometer-central:Get:24 http://ubuntu-cloud.archive.canonical.com/ubuntu bionic-updates/ussuri/main s390x python3-libvirt s390x 5.0.0-1~cloud0 [126 kB]
INFO:kolla.common.utils.ceilometer-central:Get:25 http://ubuntu-cloud.archive.canonical.com/ubuntu bionic-updates/ussuri/main s390x python3-os-xenapi all 0.3.4-0ubuntu2~cloud0 [74.9 kB]
INFO:kolla.common.utils.ceilometer-central:Get:26 http://ubuntu-cloud.archive.canonical.com/ubuntu bionic-updates/ussuri/main s390x python3-amqp all 2.5.0-2~cloud0 [42.2 kB]
INFO:kolla.common.utils.ceilometer-central:Get:27 http://ubuntu-cloud.archive.canonical.com/ubuntu bionic-updates/ussuri/main s390x python3-oslo.service all 1.40.2-0ubuntu1~cloud0 [50.6 kB]
INFO:kolla.common.utils.ceilometer-central:Get:28 http://ubuntu-cloud.archive.canonical.com/ubuntu bionic-updates/ussuri/main s390x python3-oslo.messaging all 9.7.1-0ubuntu3~cloud0 [149 kB]
INFO:kolla.common.utils.ceilometer-central:Get:29 http://ubuntu-cloud.archive.canonical.com/ubuntu bionic-updates/ussuri/main s390x python3-oslo.privsep all 1.33.3-0ubuntu1~cloud0 [22.9 kB]
INFO:kolla.common.utils.ceilometer-central:Get:30 http://ubuntu-cloud.archive.canonical.com/ubuntu bionic-updates/ussuri/main s390x python3-oslo.rootwrap all 5.16.1-0ubuntu1~cloud0 [25.9 kB]
INFO:kolla.common.utils.ceilometer-central:Get:31 http://ubuntu-cloud.archive.canonical.com/ubuntu bionic-updates/ussuri/main s390x python3-oslo.upgradecheck all 0.3.2-0ubuntu1~cloud0 [7,484 B]
INFO:kolla.common.utils.ceilometer-central:Get:32 http://ubuntu-cloud.archive.canonical.com/ubuntu bionic-updates/ussuri/main s390x python3-pysnmp4 all 4.4.6+repack1-1~cloud0 [153 kB]
INFO:kolla.common.utils.ceilometer-central:Get:33 http://ubuntu-cloud.archive.canonical.com/ubuntu bionic-updates/ussuri/main s390x python3-tooz all 1.66.2-0ubuntu1~cloud0 [50.3 kB]
INFO:kolla.common.utils.ceilometer-central:Get:34 http://ubuntu-cloud.archive.canonical.com/ubuntu bionic-updates/ussuri/main s390x python3-ceilometer all 1:13.0.0-0ubuntu1~cloud0 [191 kB]
INFO:kolla.common.utils.ceilometer-central:Get:35 http://ports.ubuntu.com bionic/universe s390x python3-pysmi all 0.2.2-1 [48.4 kB]
INFO:kolla.common.utils.ceilometer-central:Get:36 http://ports.ubuntu.com bionic/main s390x python3-voluptuous all 0.9.3-1 [24.2 kB]
INFO:kolla.common.utils.ceilometer-central:Get:37 http://ubuntu-cloud.archive.canonical.com/ubuntu bionic-updates/ussuri/main s390x ceilometer-agent-central all 1:13.0.0-0ubuntu1~cloud0 [16.6 kB]
INFO:kolla.common.utils.ceilometer-central:Fetched 10.1 MB in 0s (58.7 MB/s)
INFO:kolla.common.utils.ceilometer-central:Selecting previously unselected package python3-cachetools.
INFO:kolla.common.utils.ceilometer-central:(Reading database ... 
INFO:kolla.common.utils.ceilometer-central:(Reading database ... 5%(Reading database ... 10%(Reading database ... 15%
INFO:kolla.common.utils.ceilometer-central:(Reading database ... 20%(Reading database ... 25%(Reading database ... 30%(Reading database ... 35%(Reading database ... 40%(Reading database ... 45%(Reading database ... 50%(Reading database ... 55%(Reading database ... 60%
INFO:kolla.common.utils.ceilometer-central:(Reading database ... 65%
INFO:kolla.common.utils.ceilometer-central:(Reading database ... 70%
INFO:kolla.common.utils.ceilometer-central:(Reading database ... 75%
INFO:kolla.common.utils.ceilometer-central:(Reading database ... 80%
INFO:kolla.common.utils.ceilometer-central:(Reading database ... 85%
INFO:kolla.common.utils.ceilometer-central:(Reading database ... 90%
INFO:kolla.common.utils.ceilometer-central:(Reading database ... 95%
INFO:kolla.common.utils.ceilometer-central:(Reading database ... 100%(Reading database ... 24139 files and directories currently installed.)
INFO:kolla.common.utils.ceilometer-central:Preparing to unpack .../00-python3-cachetools_3.1.0-2~cloud0_all.deb ...
INFO:kolla.common.utils.ceilometer-central:Unpacking python3-cachetools (3.1.0-2~cloud0) ...
INFO:kolla.common.utils.ceilometer-central:Selecting previously unselected package python3-setproctitle:s390x.
INFO:kolla.common.utils.ceilometer-central:Preparing to unpack .../01-python3-setproctitle_1.1.10-1build2_s390x.deb ...
INFO:kolla.common.utils.ceilometer-central:Unpacking python3-setproctitle:s390x (1.1.10-1build2) ...
INFO:kolla.common.utils.ceilometer-central:Selecting previously unselected package python3-cotyledon.
INFO:kolla.common.utils.ceilometer-central:Preparing to unpack .../02-python3-cotyledon_1.6.8-0ubuntu1_all.deb ...
INFO:kolla.common.utils.ceilometer-central:Unpacking python3-cotyledon (1.6.8-0ubuntu1) ...
INFO:kolla.common.utils.ceilometer-central:Selecting previously unselected package python3-croniter.
INFO:kolla.common.utils.ceilometer-central:Preparing to unpack .../03-python3-croniter_0.3.29-2ubuntu1~cloud0_all.deb ...
INFO:kolla.common.utils.ceilometer-central:Unpacking python3-croniter (0.3.29-2ubuntu1~cloud0) ...
INFO:kolla.common.utils.ceilometer-central:Selecting previously unselected package python3-jsonpath-rw.
INFO:kolla.common.utils.ceilometer-central:Preparing to unpack .../04-python3-jsonpath-rw_1.4.0-3_all.deb ...
INFO:kolla.common.utils.ceilometer-central:Unpacking python3-jsonpath-rw (1.4.0-3) ...
INFO:kolla.common.utils.ceilometer-central:Selecting previously unselected package python3-jsonpath-rw-ext.
INFO:kolla.common.utils.ceilometer-central:Preparing to unpack .../05-python3-jsonpath-rw-ext_1.1.3-1_all.deb ...
INFO:kolla.common.utils.ceilometer-central:Unpacking python3-jsonpath-rw-ext (1.1.3-1) ...
INFO:kolla.common.utils.ceilometer-central:Selecting previously unselected package libavahi-common-data:s390x.
INFO:kolla.common.utils.ceilometer-central:Preparing to unpack .../06-libavahi-common-data_0.7-3.1ubuntu1.2_s390x.deb ...
INFO:kolla.common.utils.ceilometer-central:Unpacking libavahi-common-data:s390x (0.7-3.1ubuntu1.2) ...
INFO:kolla.common.utils.ceilometer-central:Selecting previously unselected package libavahi-common3:s390x.
INFO:kolla.common.utils.ceilometer-central:Preparing to unpack .../07-libavahi-common3_0.7-3.1ubuntu1.2_s390x.deb ...
INFO:kolla.common.utils.ceilometer-central:Unpacking libavahi-common3:s390x (0.7-3.1ubuntu1.2) ...
INFO:kolla.common.utils.ceilometer-central:Selecting previously unselected package libavahi-client3:s390x.
INFO:kolla.common.utils.ceilometer-central:Preparing to unpack .../08-libavahi-client3_0.7-3.1ubuntu1.2_s390x.deb ...
INFO:kolla.common.utils.ceilometer-central:Unpacking libavahi-client3:s390x (0.7-3.1ubuntu1.2) ...
INFO:kolla.common.utils.ceilometer-central:Selecting previously unselected package libcurl3-gnutls:s390x.
INFO:kolla.common.utils.ceilometer-central:Preparing to unpack .../09-libcurl3-gnutls_7.58.0-2ubuntu3.8_s390x.deb ...
INFO:kolla.common.utils.ceilometer-central:Unpacking libcurl3-gnutls:s390x (7.58.0-2ubuntu3.8) ...
INFO:kolla.common.utils.ceilometer-central:Selecting previously unselected package libnuma1:s390x.
INFO:kolla.common.utils.ceilometer-central:Preparing to unpack .../10-libnuma1_2.0.12-1~cloud0_s390x.deb ...
INFO:kolla.common.utils.ceilometer-central:Unpacking libnuma1:s390x (2.0.12-1~cloud0) ...
INFO:kolla.common.utils.ceilometer-central:Selecting previously unselected package libyajl2:s390x.
INFO:kolla.common.utils.ceilometer-central:Preparing to unpack .../11-libyajl2_2.1.0-2build1_s390x.deb ...
INFO:kolla.common.utils.ceilometer-central:Unpacking libyajl2:s390x (2.1.0-2build1) ...
INFO:kolla.common.utils.ceilometer-central:Selecting previously unselected package libvirt0:s390x.
INFO:kolla.common.utils.ceilometer-central:Preparing to unpack .../12-libvirt0_5.4.0-0ubuntu5~cloud0_s390x.deb ...
INFO:kolla.common.utils.ceilometer-central:Unpacking libvirt0:s390x (5.4.0-0ubuntu5~cloud0) ...
INFO:kolla.common.utils.ceilometer-central:Selecting previously unselected package python3-libvirt.
INFO:kolla.common.utils.ceilometer-central:Preparing to unpack .../13-python3-libvirt_5.0.0-1~cloud0_s390x.deb ...
INFO:kolla.common.utils.ceilometer-central:Unpacking python3-libvirt (5.0.0-1~cloud0) ...
INFO:kolla.common.utils.ceilometer-central:Selecting previously unselected package python3-pyasn1.
INFO:kolla.common.utils.ceilometer-central:Preparing to unpack .../14-python3-pyasn1_0.4.2-3_all.deb ...
INFO:kolla.common.utils.ceilometer-central:Unpacking python3-pyasn1 (0.4.2-3) ...
INFO:kolla.common.utils.ceilometer-central:Selecting previously unselected package python3-paramiko.
INFO:kolla.common.utils.ceilometer-central:Preparing to unpack .../15-python3-paramiko_2.0.0-1ubuntu1.2_all.deb ...
INFO:kolla.common.utils.ceilometer-central:Unpacking python3-paramiko (2.0.0-1ubuntu1.2) ...
INFO:kolla.common.utils.ceilometer-central:Selecting previously unselected package python3-os-xenapi.
INFO:kolla.common.utils.ceilometer-central:Preparing to unpack .../16-python3-os-xenapi_0.3.4-0ubuntu2~cloud0_all.deb ...
INFO:kolla.common.utils.ceilometer-central:Unpacking python3-os-xenapi (0.3.4-0ubuntu2~cloud0) ...
INFO:kolla.common.utils.ceilometer-central:Selecting previously unselected package python3-vine.
INFO:kolla.common.utils.ceilometer-central:Preparing to unpack .../17-python3-vine_1.1.4+dfsg-2_all.deb ...
INFO:kolla.common.utils.ceilometer-central:Unpacking python3-vine (1.1.4+dfsg-2) ...
INFO:kolla.common.utils.ceilometer-central:Selecting previously unselected package python3-amqp.
INFO:kolla.common.utils.ceilometer-central:Preparing to unpack .../18-python3-amqp_2.5.0-2~cloud0_all.deb ...
INFO:kolla.common.utils.ceilometer-central:Unpacking python3-amqp (2.5.0-2~cloud0) ...
INFO:kolla.common.utils.ceilometer-central:Selecting previously unselected package python3-anyjson.
INFO:kolla.common.utils.ceilometer-central:Preparing to unpack .../19-python3-anyjson_0.3.3-1build1_all.deb ...
INFO:kolla.common.utils.ceilometer-central:Unpacking python3-anyjson (0.3.3-1build1) ...
INFO:kolla.common.utils.ceilometer-central:Selecting previously unselected package python3-kombu.
INFO:kolla.common.utils.ceilometer-central:Preparing to unpack .../20-python3-kombu_4.1.0-1_all.deb ...
INFO:kolla.common.utils.ceilometer-central:Unpacking python3-kombu (4.1.0-1) ...
INFO:kolla.common.utils.ceilometer-central:Selecting previously unselected package python3-repoze.lru.
INFO:kolla.common.utils.ceilometer-central:Preparing to unpack .../21-python3-repoze.lru_0.7-1_all.deb ...
INFO:kolla.common.utils.ceilometer-central:Unpacking python3-repoze.lru (0.7-1) ...
INFO:kolla.common.utils.ceilometer-central:Selecting previously unselected package python3-routes.
INFO:kolla.common.utils.ceilometer-central:Preparing to unpack .../22-python3-routes_2.4.1-1_all.deb ...
INFO:kolla.common.utils.ceilometer-central:Unpacking python3-routes (2.4.1-1) ...
INFO:kolla.common.utils.ceilometer-central:Selecting previously unselected package python3-oslo.service.
INFO:kolla.common.utils.ceilometer-central:Preparing to unpack .../23-python3-oslo.service_1.40.2-0ubuntu1~cloud0_all.deb ...
INFO:kolla.common.utils.ceilometer-central:Unpacking python3-oslo.service (1.40.2-0ubuntu1~cloud0) ...
INFO:kolla.common.utils.ceilometer-central:Selecting previously unselected package python3-oslo.messaging.
INFO:kolla.common.utils.ceilometer-central:Preparing to unpack .../24-python3-oslo.messaging_9.7.1-0ubuntu3~cloud0_all.deb ...
INFO:kolla.common.utils.ceilometer-central:Unpacking python3-oslo.messaging (9.7.1-0ubuntu3~cloud0) ...
INFO:kolla.common.utils.ceilometer-central:Selecting previously unselected package python3-pycparser.
INFO:kolla.common.utils.ceilometer-central:Preparing to unpack .../25-python3-pycparser_2.18-2_all.deb ...
INFO:kolla.common.utils.ceilometer-central:Unpacking python3-pycparser (2.18-2) ...
INFO:kolla.common.utils.ceilometer-central:Selecting previously unselected package python3-cffi.
INFO:kolla.common.utils.ceilometer-central:Preparing to unpack .../26-python3-cffi_1.11.5-1_all.deb ...
INFO:kolla.common.utils.ceilometer-central:Unpacking python3-cffi (1.11.5-1) ...
INFO:kolla.common.utils.ceilometer-central:Selecting previously unselected package python3-oslo.privsep.
INFO:kolla.common.utils.ceilometer-central:Preparing to unpack .../27-python3-oslo.privsep_1.33.3-0ubuntu1~cloud0_all.deb ...
INFO:kolla.common.utils.ceilometer-central:Unpacking python3-oslo.privsep (1.33.3-0ubuntu1~cloud0) ...
INFO:kolla.common.utils.ceilometer-central:Selecting previously unselected package python3-oslo.rootwrap.
INFO:kolla.common.utils.ceilometer-central:Preparing to unpack .../28-python3-oslo.rootwrap_5.16.1-0ubuntu1~cloud0_all.deb ...
INFO:kolla.common.utils.ceilometer-central:Unpacking python3-oslo.rootwrap (5.16.1-0ubuntu1~cloud0) ...
INFO:kolla.common.utils.ceilometer-central:Selecting previously unselected package python3-oslo.upgradecheck.
INFO:kolla.common.utils.ceilometer-central:Preparing to unpack .../29-python3-oslo.upgradecheck_0.3.2-0ubuntu1~cloud0_all.deb ...
INFO:kolla.common.utils.ceilometer-central:Unpacking python3-oslo.upgradecheck (0.3.2-0ubuntu1~cloud0) ...
INFO:kolla.common.utils.ceilometer-central:Selecting previously unselected package python3-pycryptodome.
INFO:kolla.common.utils.ceilometer-central:Preparing to unpack .../30-python3-pycryptodome_3.4.7-1ubuntu1_s390x.deb ...
INFO:kolla.common.utils.ceilometer-central:Unpacking python3-pycryptodome (3.4.7-1ubuntu1) ...
INFO:kolla.common.utils.ceilometer-central:Selecting previously unselected package python3-pysmi.
INFO:kolla.common.utils.ceilometer-central:Preparing to unpack .../31-python3-pysmi_0.2.2-1_all.deb ...
INFO:kolla.common.utils.ceilometer-central:Unpacking python3-pysmi (0.2.2-1) ...
INFO:kolla.common.utils.ceilometer-central:Selecting previously unselected package python3-pysnmp4.
INFO:kolla.common.utils.ceilometer-central:Preparing to unpack .../32-python3-pysnmp4_4.4.6+repack1-1~cloud0_all.deb ...
INFO:kolla.common.utils.ceilometer-central:Unpacking python3-pysnmp4 (4.4.6+repack1-1~cloud0) ...
INFO:kolla.common.utils.ceilometer-central:Selecting previously unselected package python3-voluptuous.
INFO:kolla.common.utils.ceilometer-central:Preparing to unpack .../33-python3-voluptuous_0.9.3-1_all.deb ...
INFO:kolla.common.utils.ceilometer-central:Unpacking python3-voluptuous (0.9.3-1) ...
INFO:kolla.common.utils.ceilometer-central:Selecting previously unselected package python3-tooz.
INFO:kolla.common.utils.ceilometer-central:Preparing to unpack .../34-python3-tooz_1.66.2-0ubuntu1~cloud0_all.deb ...
INFO:kolla.common.utils.ceilometer-central:Unpacking python3-tooz (1.66.2-0ubuntu1~cloud0) ...
INFO:kolla.common.utils.ceilometer-central:Selecting previously unselected package python3-ceilometer.
INFO:kolla.common.utils.ceilometer-central:Preparing to unpack .../35-python3-ceilometer_1%3a13.0.0-0ubuntu1~cloud0_all.deb ...
INFO:kolla.common.utils.ceilometer-central:Unpacking python3-ceilometer (1:13.0.0-0ubuntu1~cloud0) ...
INFO:kolla.common.utils.ceilometer-central:Selecting previously unselected package ceilometer-agent-central.
INFO:kolla.common.utils.ceilometer-central:Preparing to unpack .../36-ceilometer-agent-central_1%3a13.0.0-0ubuntu1~cloud0_all.deb ...
INFO:kolla.common.utils.ceilometer-central:Unpacking ceilometer-agent-central (1:13.0.0-0ubuntu1~cloud0) ...
INFO:kolla.common.utils.ceilometer-central:Setting up python3-setproctitle:s390x (1.1.10-1build2) ...
INFO:kolla.common.utils.ceilometer-central:Setting up python3-oslo.rootwrap (5.16.1-0ubuntu1~cloud0) ...
INFO:kolla.common.utils.ceilometer-central:Setting up libcurl3-gnutls:s390x (7.58.0-2ubuntu3.8) ...
INFO:kolla.common.utils.ceilometer-central:Setting up libnuma1:s390x (2.0.12-1~cloud0) ...
INFO:kolla.common.utils.ceilometer-central:Setting up python3-jsonpath-rw (1.4.0-3) ...
INFO:kolla.common.utils.ceilometer-central:update-alternatives: using /usr/bin/python3-jsonpath to provide /usr/bin/jsonpath (jsonpath) in auto mode
INFO:kolla.common.utils.ceilometer-central:Setting up python3-croniter (0.3.29-2ubuntu1~cloud0) ...
INFO:kolla.common.utils.ceilometer-central:Setting up python3-jsonpath-rw-ext (1.1.3-1) ...
INFO:kolla.common.utils.ceilometer-central:Setting up libyajl2:s390x (2.1.0-2build1) ...
INFO:kolla.common.utils.ceilometer-central:Setting up python3-pyasn1 (0.4.2-3) ...
INFO:kolla.common.utils.ceilometer-central:Setting up python3-repoze.lru (0.7-1) ...
INFO:kolla.common.utils.ceilometer-central:Setting up python3-pycparser (2.18-2) ...
INFO:kolla.common.utils.ceilometer-central:Setting up python3-anyjson (0.3.3-1build1) ...
INFO:kolla.common.utils.ceilometer-central:Setting up python3-cffi (1.11.5-1) ...
INFO:kolla.common.utils.ceilometer-central:Setting up python3-pysmi (0.2.2-1) ...
INFO:kolla.common.utils.ceilometer-central:Setting up python3-pycryptodome (3.4.7-1ubuntu1) ...
INFO:kolla.common.utils.ceilometer-central:Setting up python3-cachetools (3.1.0-2~cloud0) ...
INFO:kolla.common.utils.ceilometer-central:Setting up python3-vine (1.1.4+dfsg-2) ...
INFO:kolla.common.utils.ceilometer-central:Setting up python3-voluptuous (0.9.3-1) ...
INFO:kolla.common.utils.ceilometer-central:Setting up python3-oslo.upgradecheck (0.3.2-0ubuntu1~cloud0) ...
INFO:kolla.common.utils.ceilometer-central:Setting up python3-cotyledon (1.6.8-0ubuntu1) ...
INFO:kolla.common.utils.ceilometer-central:Setting up python3-routes (2.4.1-1) ...
INFO:kolla.common.utils.ceilometer-central:Setting up libavahi-common-data:s390x (0.7-3.1ubuntu1.2) ...
INFO:kolla.common.utils.ceilometer-central:Setting up python3-paramiko (2.0.0-1ubuntu1.2) ...
INFO:kolla.common.utils.ceilometer-central:Setting up python3-amqp (2.5.0-2~cloud0) ...
INFO:kolla.common.utils.ceilometer-central:Setting up python3-tooz (1.66.2-0ubuntu1~cloud0) ...
INFO:kolla.common.utils.ceilometer-central:Setting up python3-kombu (4.1.0-1) ...
INFO:kolla.common.utils.ceilometer-central:Setting up python3-os-xenapi (0.3.4-0ubuntu2~cloud0) ...
INFO:kolla.common.utils.ceilometer-central:Setting up python3-oslo.service (1.40.2-0ubuntu1~cloud0) ...
INFO:kolla.common.utils.ceilometer-central:Setting up python3-pysnmp4 (4.4.6+repack1-1~cloud0) ...
INFO:kolla.common.utils.ceilometer-central:Setting up python3-oslo.privsep (1.33.3-0ubuntu1~cloud0) ...
INFO:kolla.common.utils.ceilometer-central:Setting up libavahi-common3:s390x (0.7-3.1ubuntu1.2) ...
INFO:kolla.common.utils.ceilometer-central:Setting up python3-oslo.messaging (9.7.1-0ubuntu3~cloud0) ...
INFO:kolla.common.utils.ceilometer-central:Setting up libavahi-client3:s390x (0.7-3.1ubuntu1.2) ...
INFO:kolla.common.utils.ceilometer-central:Setting up libvirt0:s390x (5.4.0-0ubuntu5~cloud0) ...
INFO:kolla.common.utils.ceilometer-central:Setting up python3-libvirt (5.0.0-1~cloud0) ...
INFO:kolla.common.utils.ceilometer-central:Setting up python3-ceilometer (1:13.0.0-0ubuntu1~cloud0) ...
INFO:kolla.common.utils.ceilometer-central:Setting up ceilometer-agent-central (1:13.0.0-0ubuntu1~cloud0) ...
INFO:kolla.common.utils.ceilometer-central:invoke-rc.d: could not determine current runlevel
INFO:kolla.common.utils.ceilometer-central:invoke-rc.d: policy-rc.d denied execution of start.
INFO:kolla.common.utils.ceilometer-central:Processing triggers for libc-bin (2.27-3ubuntu1) ...
INFO:kolla.common.utils.ceilometer-central:Removing intermediate container a565935a303a
INFO:kolla.common.utils.ceilometer-central: ---> e3d27e1b21e1
INFO:kolla.common.utils.ceilometer-central:Step 4/4 : USER ceilometer
INFO:kolla.common.utils.ceilometer-central: ---> Running in fcf646baa56b
INFO:kolla.common.utils.ceilometer-central:Removing intermediate container fcf646baa56b
INFO:kolla.common.utils.ceilometer-central: ---> 7d773819a22b
INFO:kolla.common.utils.ceilometer-central:Successfully built 7d773819a22b
INFO:kolla.common.utils.ceilometer-central:Successfully tagged s390x/ubuntu-binary-ceilometer-central:9.1.0
INFO:kolla.common.utils.ceilometer-central:Built at 2020-03-02 21:45:17.266065 (took 0:00:24.108212)
