INFO:kolla.common.utils.cinder-backup:Building started at 2020-03-02 21:43:06.264305
INFO:kolla.common.utils.cinder-backup:Step 1/4 : FROM s390x/ubuntu-binary-cinder-base:9.1.0
INFO:kolla.common.utils.cinder-backup: ---> 47a639affe00
INFO:kolla.common.utils.cinder-backup:Step 2/4 : LABEL maintainer="Kolla Project (https://launchpad.net/kolla)" name="cinder-backup" build-date="20200302"
INFO:kolla.common.utils.cinder-backup: ---> Running in 4b787851c26b
INFO:kolla.common.utils.cinder-backup:Removing intermediate container 4b787851c26b
INFO:kolla.common.utils.cinder-backup: ---> b1f255f0bc8a
INFO:kolla.common.utils.cinder-backup:Step 3/4 : RUN apt-get update && apt-get -y install --no-install-recommends cinder-backup nfs-common && apt-get clean && rm -rf /var/lib/apt/lists/*
INFO:kolla.common.utils.cinder-backup: ---> Running in fc18bc8fdac9
INFO:kolla.common.utils.cinder-backup:Get:1 http://ports.ubuntu.com bionic InRelease [242 kB]
INFO:kolla.common.utils.cinder-backup:Ign:2 http://ubuntu-cloud.archive.canonical.com/ubuntu bionic-updates/ussuri InRelease
INFO:kolla.common.utils.cinder-backup:Get:3 http://ubuntu-cloud.archive.canonical.com/ubuntu bionic-updates/ussuri Release [7,884 B]
INFO:kolla.common.utils.cinder-backup:Get:4 http://ports.ubuntu.com bionic-updates InRelease [88.7 kB]
INFO:kolla.common.utils.cinder-backup:Get:5 http://ubuntu-cloud.archive.canonical.com/ubuntu bionic-updates/ussuri Release.gpg [543 B]
INFO:kolla.common.utils.cinder-backup:Get:6 http://ports.ubuntu.com bionic-security InRelease [88.7 kB]
INFO:kolla.common.utils.cinder-backup:Get:7 http://ports.ubuntu.com bionic-backports InRelease [74.6 kB]
INFO:kolla.common.utils.cinder-backup:Get:8 http://ports.ubuntu.com bionic/main s390x Packages [1,244 kB]
INFO:kolla.common.utils.cinder-backup:Get:9 http://ubuntu-cloud.archive.canonical.com/ubuntu bionic-updates/ussuri/main s390x Packages [145 kB]
INFO:kolla.common.utils.cinder-backup:Get:10 http://ports.ubuntu.com bionic/universe s390x Packages [10.8 MB]
INFO:kolla.common.utils.cinder-backup:Get:11 http://ports.ubuntu.com bionic-updates/main s390x Packages [730 kB]
INFO:kolla.common.utils.cinder-backup:Get:12 http://ports.ubuntu.com bionic-updates/universe s390x Packages [1,075 kB]
INFO:kolla.common.utils.cinder-backup:Get:13 http://ports.ubuntu.com bionic-security/universe s390x Packages [625 kB]
INFO:kolla.common.utils.cinder-backup:Get:14 http://ports.ubuntu.com bionic-security/main s390x Packages [467 kB]
INFO:kolla.common.utils.cinder-backup:Get:15 http://ports.ubuntu.com bionic-backports/main s390x Packages [2,494 B]
INFO:kolla.common.utils.cinder-backup:Get:16 http://ports.ubuntu.com bionic-backports/universe s390x Packages [4,242 B]
INFO:kolla.common.utils.cinder-backup:Fetched 15.6 MB in 2s (6,349 kB/s)
INFO:kolla.common.utils.cinder-backup:Reading package lists...
INFO:kolla.common.utils.cinder-backup:Reading package lists...
INFO:kolla.common.utils.cinder-backup:Building dependency tree...
INFO:kolla.common.utils.cinder-backup:Reading state information...
INFO:kolla.common.utils.cinder-backup:The following additional packages will be installed:
INFO:kolla.common.utils.cinder-backup:  alembic keyutils libcap2 libevent-2.1-6 libjs-jquery libjs-sphinxdoc
INFO:kolla.common.utils.cinder-backup:  libjs-underscore libnfsidmap2 libtirpc1 os-brick-common pycadf-common
INFO:kolla.common.utils.cinder-backup:  python-pastedeploy-tpl python3-alembic python3-amqp python3-anyjson
INFO:kolla.common.utils.cinder-backup:  python3-automaton python3-cachetools python3-castellan python3-cffi
INFO:kolla.common.utils.cinder-backup:  python3-cinder python3-cursive python3-defusedxml python3-jinja2
INFO:kolla.common.utils.cinder-backup:  python3-keystonemiddleware python3-kombu python3-migrate python3-networkx
INFO:kolla.common.utils.cinder-backup:  python3-os-brick python3-os-win python3-oslo.cache python3-oslo.db
INFO:kolla.common.utils.cinder-backup:  python3-oslo.messaging python3-oslo.middleware python3-oslo.policy
INFO:kolla.common.utils.cinder-backup:  python3-oslo.privsep python3-oslo.reports python3-oslo.rootwrap
INFO:kolla.common.utils.cinder-backup:  python3-oslo.service python3-oslo.upgradecheck python3-oslo.versionedobjects
INFO:kolla.common.utils.cinder-backup:  python3-paramiko python3-paste python3-pastedeploy python3-psutil
INFO:kolla.common.utils.cinder-backup:  python3-pyasn1 python3-pycadf python3-pycparser python3-repoze.lru
INFO:kolla.common.utils.cinder-backup:  python3-retrying python3-routes python3-sqlalchemy python3-sqlparse
INFO:kolla.common.utils.cinder-backup:  python3-taskflow python3-tempita python3-tenacity python3-testresources
INFO:kolla.common.utils.cinder-backup:  python3-testscenarios python3-tooz python3-vine python3-voluptuous rpcbind
INFO:kolla.common.utils.cinder-backup:  ucf
INFO:kolla.common.utils.cinder-backup:Suggested packages:
INFO:kolla.common.utils.cinder-backup:  watchdog python3-editor python-amqp-doc python-automaton-doc
INFO:kolla.common.utils.cinder-backup:  python-castellan-doc python3-dev python3-googleapi python3-hp3parclient
INFO:kolla.common.utils.cinder-backup:  python3-oauth2client python3-rtslib-fb python-cursive-doc python-jinja2-doc
INFO:kolla.common.utils.cinder-backup:  python-kombu-doc python3-boto python3-django python3-pymongo
INFO:kolla.common.utils.cinder-backup:  python-migrate-doc python3-pydotplus python3-scipy python-os-brick-doc
INFO:kolla.common.utils.cinder-backup:  python-os-win-doc python-oslo.cache-doc python3-confluent-kafka
INFO:kolla.common.utils.cinder-backup:  python-oslo.middleware-doc python-oslo.policy-doc python-oslo.privsep-doc
INFO:kolla.common.utils.cinder-backup:  python-oslo.reports-doc python-oslo.service-doc
INFO:kolla.common.utils.cinder-backup:  python-oslo.versionedobjects-doc python3-gssapi httpd-wsgi
INFO:kolla.common.utils.cinder-backup:  libapache2-mod-python libapache2-mod-scgi libjs-mochikit python-psutil-doc
INFO:kolla.common.utils.cinder-backup:  cpp python-sqlalchemy-doc python3-fdb python-sqlparse-doc python3-pydot
INFO:kolla.common.utils.cinder-backup:  python-tenacity-doc
INFO:kolla.common.utils.cinder-backup:Recommended packages:
INFO:kolla.common.utils.cinder-backup:  javascript-common python3-numpy python3-pastescript python3-sqlalchemy-ext
INFO:kolla.common.utils.cinder-backup:The following NEW packages will be installed:
INFO:kolla.common.utils.cinder-backup:  alembic cinder-backup keyutils libcap2 libevent-2.1-6 libjs-jquery
INFO:kolla.common.utils.cinder-backup:  libjs-sphinxdoc libjs-underscore libnfsidmap2 libtirpc1 nfs-common
INFO:kolla.common.utils.cinder-backup:  os-brick-common pycadf-common python-pastedeploy-tpl python3-alembic
INFO:kolla.common.utils.cinder-backup:  python3-amqp python3-anyjson python3-automaton python3-cachetools
INFO:kolla.common.utils.cinder-backup:  python3-castellan python3-cffi python3-cinder python3-cursive
INFO:kolla.common.utils.cinder-backup:  python3-defusedxml python3-jinja2 python3-keystonemiddleware python3-kombu
INFO:kolla.common.utils.cinder-backup:  python3-migrate python3-networkx python3-os-brick python3-os-win
INFO:kolla.common.utils.cinder-backup:  python3-oslo.cache python3-oslo.db python3-oslo.messaging
INFO:kolla.common.utils.cinder-backup:  python3-oslo.middleware python3-oslo.policy python3-oslo.privsep
INFO:kolla.common.utils.cinder-backup:  python3-oslo.reports python3-oslo.rootwrap python3-oslo.service
INFO:kolla.common.utils.cinder-backup:  python3-oslo.upgradecheck python3-oslo.versionedobjects python3-paramiko
INFO:kolla.common.utils.cinder-backup:  python3-paste python3-pastedeploy python3-psutil python3-pyasn1
INFO:kolla.common.utils.cinder-backup:  python3-pycadf python3-pycparser python3-repoze.lru python3-retrying
INFO:kolla.common.utils.cinder-backup:  python3-routes python3-sqlalchemy python3-sqlparse python3-taskflow
INFO:kolla.common.utils.cinder-backup:  python3-tempita python3-tenacity python3-testresources python3-testscenarios
INFO:kolla.common.utils.cinder-backup:  python3-tooz python3-vine python3-voluptuous rpcbind ucf
INFO:kolla.common.utils.cinder-backup:0 upgraded, 64 newly installed, 0 to remove and 0 not upgraded.
INFO:kolla.common.utils.cinder-backup:Need to get 8,019 kB of archives.
INFO:kolla.common.utils.cinder-backup:After this operation, 54.3 MB of additional disk space will be used.
INFO:kolla.common.utils.cinder-backup:Get:1 http://ports.ubuntu.com bionic/main s390x libcap2 s390x 1:2.25-1.2 [13.2 kB]
INFO:kolla.common.utils.cinder-backup:Get:2 http://ports.ubuntu.com bionic/main s390x ucf all 3.0038 [50.5 kB]
INFO:kolla.common.utils.cinder-backup:Get:3 http://ports.ubuntu.com bionic/main s390x libjs-jquery all 3.2.1-1 [152 kB]
INFO:kolla.common.utils.cinder-backup:Get:4 http://ubuntu-cloud.archive.canonical.com/ubuntu bionic-updates/ussuri/main s390x python3-sqlalchemy all 1.2.18+ds1-2ubuntu2~cloud0 [728 kB]
INFO:kolla.common.utils.cinder-backup:Get:5 http://ports.ubuntu.com bionic/main s390x libjs-underscore all 1.8.3~dfsg-1 [59.9 kB]
INFO:kolla.common.utils.cinder-backup:Get:6 http://ports.ubuntu.com bionic/main s390x keyutils s390x 1.5.9-9.2ubuntu2 [46.8 kB]
INFO:kolla.common.utils.cinder-backup:Get:7 http://ubuntu-cloud.archive.canonical.com/ubuntu bionic-updates/ussuri/main s390x python3-alembic all 1.0.0-2ubuntu2~cloud0 [111 kB]
INFO:kolla.common.utils.cinder-backup:Get:8 http://ubuntu-cloud.archive.canonical.com/ubuntu bionic-updates/ussuri/main s390x libjs-sphinxdoc all 1.8.5-3~cloud0 [96.6 kB]
INFO:kolla.common.utils.cinder-backup:Get:9 http://ubuntu-cloud.archive.canonical.com/ubuntu bionic-updates/ussuri/main s390x alembic all 1.0.0-2ubuntu2~cloud0 [369 kB]
INFO:kolla.common.utils.cinder-backup:Get:10 http://ports.ubuntu.com bionic/main s390x libevent-2.1-6 s390x 2.1.8-stable-4build1 [122 kB]
INFO:kolla.common.utils.cinder-backup:Get:11 http://ubuntu-cloud.archive.canonical.com/ubuntu bionic-updates/ussuri/main s390x os-brick-common all 2.10.0-0ubuntu1~cloud0 [4,980 B]
INFO:kolla.common.utils.cinder-backup:Get:12 http://ubuntu-cloud.archive.canonical.com/ubuntu bionic-updates/ussuri/main s390x python3-amqp all 2.5.0-2~cloud0 [42.2 kB]
INFO:kolla.common.utils.cinder-backup:Get:13 http://ubuntu-cloud.archive.canonical.com/ubuntu bionic-updates/ussuri/main s390x python3-cachetools all 3.1.0-2~cloud0 [9,892 B]
INFO:kolla.common.utils.cinder-backup:Get:14 http://ports.ubuntu.com bionic/main s390x libnfsidmap2 s390x 0.25-5.1 [26.0 kB]
INFO:kolla.common.utils.cinder-backup:Get:15 http://ports.ubuntu.com bionic-updates/main s390x libtirpc1 s390x 0.2.5-1.2ubuntu0.1 [70.5 kB]
INFO:kolla.common.utils.cinder-backup:Get:16 http://ports.ubuntu.com bionic/main s390x rpcbind s390x 0.2.3-0.6 [39.2 kB]
INFO:kolla.common.utils.cinder-backup:Get:17 http://ubuntu-cloud.archive.canonical.com/ubuntu bionic-updates/ussuri/main s390x python3-castellan all 1.3.1-0ubuntu1~cloud0 [41.1 kB]
INFO:kolla.common.utils.cinder-backup:Get:18 http://ports.ubuntu.com bionic-updates/main s390x nfs-common s390x 1:1.3.4-2.1ubuntu5.2 [195 kB]
INFO:kolla.common.utils.cinder-backup:Get:19 http://ubuntu-cloud.archive.canonical.com/ubuntu bionic-updates/ussuri/main s390x python3-oslo.cache all 1.37.0-0ubuntu1~cloud0 [34.5 kB]
INFO:kolla.common.utils.cinder-backup:Get:20 http://ubuntu-cloud.archive.canonical.com/ubuntu bionic-updates/ussuri/main s390x python3-keystonemiddleware all 7.0.1-0ubuntu1~cloud0 [68.6 kB]
INFO:kolla.common.utils.cinder-backup:Get:21 http://ubuntu-cloud.archive.canonical.com/ubuntu bionic-updates/ussuri/main s390x python3-migrate all 0.12.0-3~cloud0 [79.3 kB]
INFO:kolla.common.utils.cinder-backup:Get:22 http://ubuntu-cloud.archive.canonical.com/ubuntu bionic-updates/ussuri/main s390x python3-oslo.service all 1.40.2-0ubuntu1~cloud0 [50.6 kB]
INFO:kolla.common.utils.cinder-backup:Get:23 http://ubuntu-cloud.archive.canonical.com/ubuntu bionic-updates/ussuri/main s390x python3-os-win all 4.3.2-0ubuntu1~cloud0 [157 kB]
INFO:kolla.common.utils.cinder-backup:Get:24 http://ubuntu-cloud.archive.canonical.com/ubuntu bionic-updates/ussuri/main s390x python3-oslo.privsep all 1.33.3-0ubuntu1~cloud0 [22.9 kB]
INFO:kolla.common.utils.cinder-backup:Get:25 http://ubuntu-cloud.archive.canonical.com/ubuntu bionic-updates/ussuri/main s390x python3-os-brick all 2.10.0-0ubuntu1~cloud0 [126 kB]
INFO:kolla.common.utils.cinder-backup:Get:26 http://ubuntu-cloud.archive.canonical.com/ubuntu bionic-updates/ussuri/main s390x python3-testscenarios all 0.5.0-2~cloud0 [13.5 kB]
INFO:kolla.common.utils.cinder-backup:Get:27 http://ubuntu-cloud.archive.canonical.com/ubuntu bionic-updates/ussuri/main s390x python3-oslo.db all 5.0.2-0ubuntu1~cloud0 [115 kB]
INFO:kolla.common.utils.cinder-backup:Get:28 http://ubuntu-cloud.archive.canonical.com/ubuntu bionic-updates/ussuri/main s390x python3-oslo.middleware all 3.38.1-0ubuntu1~cloud0 [33.1 kB]
INFO:kolla.common.utils.cinder-backup:Get:29 http://ubuntu-cloud.archive.canonical.com/ubuntu bionic-updates/ussuri/main s390x python3-tenacity all 5.1.1-0ubuntu2~cloud0 [34.9 kB]
INFO:kolla.common.utils.cinder-backup:Get:30 http://ubuntu-cloud.archive.canonical.com/ubuntu bionic-updates/ussuri/main s390x python3-oslo.messaging all 9.7.1-0ubuntu3~cloud0 [149 kB]
INFO:kolla.common.utils.cinder-backup:Get:31 http://ubuntu-cloud.archive.canonical.com/ubuntu bionic-updates/ussuri/main s390x python3-oslo.policy all 2.3.2-0ubuntu1~cloud0 [50.3 kB]
INFO:kolla.common.utils.cinder-backup:Get:32 http://ubuntu-cloud.archive.canonical.com/ubuntu bionic-updates/ussuri/main s390x python3-psutil s390x 5.5.1-1build1~cloud0 [166 kB]
INFO:kolla.common.utils.cinder-backup:Get:33 http://ubuntu-cloud.archive.canonical.com/ubuntu bionic-updates/ussuri/main s390x python3-oslo.reports all 1.30.0-0ubuntu1~cloud0 [26.9 kB]
INFO:kolla.common.utils.cinder-backup:Get:34 http://ubuntu-cloud.archive.canonical.com/ubuntu bionic-updates/ussuri/main s390x python3-oslo.rootwrap all 5.16.1-0ubuntu1~cloud0 [25.9 kB]
INFO:kolla.common.utils.cinder-backup:Get:35 http://ubuntu-cloud.archive.canonical.com/ubuntu bionic-updates/ussuri/main s390x python3-oslo.upgradecheck all 0.3.2-0ubuntu1~cloud0 [7,484 B]
INFO:kolla.common.utils.cinder-backup:Get:36 http://ubuntu-cloud.archive.canonical.com/ubuntu bionic-updates/ussuri/main s390x python3-oslo.versionedobjects all 1.36.1-0ubuntu1~cloud0 [59.1 kB]
INFO:kolla.common.utils.cinder-backup:Get:37 http://ubuntu-cloud.archive.canonical.com/ubuntu bionic-updates/ussuri/main s390x python3-taskflow all 3.7.1-0ubuntu2~cloud0 [253 kB]
INFO:kolla.common.utils.cinder-backup:Get:38 http://ports.ubuntu.com bionic/main s390x pycadf-common all 2.7.0-0ubuntu1 [4,440 B]
INFO:kolla.common.utils.cinder-backup:Get:39 http://ubuntu-cloud.archive.canonical.com/ubuntu bionic-updates/ussuri/main s390x python3-tooz all 1.66.2-0ubuntu1~cloud0 [50.3 kB]
INFO:kolla.common.utils.cinder-backup:Get:40 http://ports.ubuntu.com bionic/main s390x python-pastedeploy-tpl all 1.5.2-4 [4,796 B]
INFO:kolla.common.utils.cinder-backup:Get:41 http://ports.ubuntu.com bionic/main s390x python3-vine all 1.1.4+dfsg-2 [15.7 kB]
INFO:kolla.common.utils.cinder-backup:Get:42 http://ports.ubuntu.com bionic/universe s390x python3-anyjson all 0.3.3-1build1 [7,062 B]
INFO:kolla.common.utils.cinder-backup:Get:43 http://ports.ubuntu.com bionic/universe s390x python3-automaton all 1.14.0-0ubuntu1 [15.0 kB]
INFO:kolla.common.utils.cinder-backup:Get:44 http://ports.ubuntu.com bionic/universe s390x python3-pycparser all 2.18-2 [67.7 kB]
INFO:kolla.common.utils.cinder-backup:Get:45 http://ubuntu-cloud.archive.canonical.com/ubuntu bionic-updates/ussuri/main s390x python3-cinder all 2:15.0.0-0ubuntu1~cloud0 [2,475 kB]
INFO:kolla.common.utils.cinder-backup:Get:46 http://ports.ubuntu.com bionic/universe s390x python3-cffi all 1.11.5-1 [67.4 kB]
INFO:kolla.common.utils.cinder-backup:Get:47 http://ports.ubuntu.com bionic/universe s390x python3-cursive all 0.2.1-0ubuntu1 [14.3 kB]
INFO:kolla.common.utils.cinder-backup:Get:48 http://ports.ubuntu.com bionic/universe s390x python3-defusedxml all 0.5.0-1ubuntu1 [19.2 kB]
INFO:kolla.common.utils.cinder-backup:Get:49 http://ports.ubuntu.com bionic-updates/main s390x python3-jinja2 all 2.10-1ubuntu0.18.04.1 [95.4 kB]
INFO:kolla.common.utils.cinder-backup:Get:50 http://ports.ubuntu.com bionic/universe s390x python3-pycadf all 2.7.0-0ubuntu1 [17.4 kB]
INFO:kolla.common.utils.cinder-backup:Get:51 http://ports.ubuntu.com bionic/universe s390x python3-kombu all 4.1.0-1 [126 kB]
INFO:kolla.common.utils.cinder-backup:Get:52 http://ports.ubuntu.com bionic/main s390x python3-sqlparse all 0.2.4-0.1 [28.1 kB]
INFO:kolla.common.utils.cinder-backup:Get:53 http://ports.ubuntu.com bionic/main s390x python3-tempita all 0.5.2-2 [13.9 kB]
INFO:kolla.common.utils.cinder-backup:Get:54 http://ports.ubuntu.com bionic-updates/universe s390x python3-networkx all 1.11-1ubuntu3 [606 kB]
INFO:kolla.common.utils.cinder-backup:Get:55 http://ports.ubuntu.com bionic/main s390x python3-paste all 2.0.3+dfsg-4ubuntu1 [456 kB]
INFO:kolla.common.utils.cinder-backup:Get:56 http://ports.ubuntu.com bionic/main s390x python3-pastedeploy all 1.5.2-4 [13.4 kB]
INFO:kolla.common.utils.cinder-backup:Get:57 http://ports.ubuntu.com bionic/universe s390x python3-repoze.lru all 0.7-1 [11.7 kB]
INFO:kolla.common.utils.cinder-backup:Get:58 http://ports.ubuntu.com bionic/universe s390x python3-routes all 2.4.1-1 [28.4 kB]
INFO:kolla.common.utils.cinder-backup:Get:59 http://ports.ubuntu.com bionic/universe s390x python3-retrying all 1.3.3-3 [7,980 B]
INFO:kolla.common.utils.cinder-backup:Get:60 http://ports.ubuntu.com bionic/universe s390x python3-testresources all 2.0.0-2 [26.4 kB]
INFO:kolla.common.utils.cinder-backup:Get:61 http://ports.ubuntu.com bionic/main s390x python3-pyasn1 all 0.4.2-3 [46.8 kB]
INFO:kolla.common.utils.cinder-backup:Get:62 http://ports.ubuntu.com bionic-updates/main s390x python3-paramiko all 2.0.0-1ubuntu1.2 [110 kB]
INFO:kolla.common.utils.cinder-backup:Get:63 http://ports.ubuntu.com bionic/main s390x python3-voluptuous all 0.9.3-1 [24.2 kB]
INFO:kolla.common.utils.cinder-backup:Get:64 http://ubuntu-cloud.archive.canonical.com/ubuntu bionic-updates/ussuri/main s390x cinder-backup all 2:15.0.0-0ubuntu1~cloud0 [16.6 kB]
INFO:kolla.common.utils.cinder-backup:Preconfiguring packages ...
INFO:kolla.common.utils.cinder-backup:Fetched 8,019 kB in 1s (11.8 MB/s)
INFO:kolla.common.utils.cinder-backup:Selecting previously unselected package libcap2:s390x.
INFO:kolla.common.utils.cinder-backup:(Reading database ... 
INFO:kolla.common.utils.cinder-backup:(Reading database ... 5%(Reading database ... 10%(Reading database ... 15%(Reading database ... 20%(Reading database ... 25%(Reading database ... 30%
INFO:kolla.common.utils.cinder-backup:(Reading database ... 35%(Reading database ... 40%(Reading database ... 45%(Reading database ... 50%(Reading database ... 55%(Reading database ... 60%
INFO:kolla.common.utils.cinder-backup:(Reading database ... 65%
INFO:kolla.common.utils.cinder-backup:(Reading database ... 70%
INFO:kolla.common.utils.cinder-backup:(Reading database ... 75%
INFO:kolla.common.utils.cinder-backup:(Reading database ... 80%
INFO:kolla.common.utils.cinder-backup:(Reading database ... 85%
INFO:kolla.common.utils.cinder-backup:(Reading database ... 90%
INFO:kolla.common.utils.cinder-backup:(Reading database ... 95%(Reading database ... 100%(Reading database ... 22818 files and directories currently installed.)
INFO:kolla.common.utils.cinder-backup:Preparing to unpack .../00-libcap2_1%3a2.25-1.2_s390x.deb ...
INFO:kolla.common.utils.cinder-backup:Unpacking libcap2:s390x (1:2.25-1.2) ...
INFO:kolla.common.utils.cinder-backup:Selecting previously unselected package ucf.
INFO:kolla.common.utils.cinder-backup:Preparing to unpack .../01-ucf_3.0038_all.deb ...
INFO:kolla.common.utils.cinder-backup:Moving old data out of the way
INFO:kolla.common.utils.cinder-backup:Unpacking ucf (3.0038) ...
INFO:kolla.common.utils.cinder-backup:Selecting previously unselected package python3-sqlalchemy.
INFO:kolla.common.utils.cinder-backup:Preparing to unpack .../02-python3-sqlalchemy_1.2.18+ds1-2ubuntu2~cloud0_all.deb ...
INFO:kolla.common.utils.cinder-backup:Unpacking python3-sqlalchemy (1.2.18+ds1-2ubuntu2~cloud0) ...
INFO:kolla.common.utils.cinder-backup:Selecting previously unselected package python3-alembic.
INFO:kolla.common.utils.cinder-backup:Preparing to unpack .../03-python3-alembic_1.0.0-2ubuntu2~cloud0_all.deb ...
INFO:kolla.common.utils.cinder-backup:Unpacking python3-alembic (1.0.0-2ubuntu2~cloud0) ...
INFO:kolla.common.utils.cinder-backup:Selecting previously unselected package libjs-jquery.
INFO:kolla.common.utils.cinder-backup:Preparing to unpack .../04-libjs-jquery_3.2.1-1_all.deb ...
INFO:kolla.common.utils.cinder-backup:Unpacking libjs-jquery (3.2.1-1) ...
INFO:kolla.common.utils.cinder-backup:Selecting previously unselected package libjs-underscore.
INFO:kolla.common.utils.cinder-backup:Preparing to unpack .../05-libjs-underscore_1.8.3~dfsg-1_all.deb ...
INFO:kolla.common.utils.cinder-backup:Unpacking libjs-underscore (1.8.3~dfsg-1) ...
INFO:kolla.common.utils.cinder-backup:Selecting previously unselected package libjs-sphinxdoc.
INFO:kolla.common.utils.cinder-backup:Preparing to unpack .../06-libjs-sphinxdoc_1.8.5-3~cloud0_all.deb ...
INFO:kolla.common.utils.cinder-backup:Unpacking libjs-sphinxdoc (1.8.5-3~cloud0) ...
INFO:kolla.common.utils.cinder-backup:Selecting previously unselected package alembic.
INFO:kolla.common.utils.cinder-backup:Preparing to unpack .../07-alembic_1.0.0-2ubuntu2~cloud0_all.deb ...
INFO:kolla.common.utils.cinder-backup:Unpacking alembic (1.0.0-2ubuntu2~cloud0) ...
INFO:kolla.common.utils.cinder-backup:Selecting previously unselected package keyutils.
INFO:kolla.common.utils.cinder-backup:Preparing to unpack .../08-keyutils_1.5.9-9.2ubuntu2_s390x.deb ...
INFO:kolla.common.utils.cinder-backup:Unpacking keyutils (1.5.9-9.2ubuntu2) ...
INFO:kolla.common.utils.cinder-backup:Selecting previously unselected package libevent-2.1-6:s390x.
INFO:kolla.common.utils.cinder-backup:Preparing to unpack .../09-libevent-2.1-6_2.1.8-stable-4build1_s390x.deb ...
INFO:kolla.common.utils.cinder-backup:Unpacking libevent-2.1-6:s390x (2.1.8-stable-4build1) ...
INFO:kolla.common.utils.cinder-backup:Selecting previously unselected package libnfsidmap2:s390x.
INFO:kolla.common.utils.cinder-backup:Preparing to unpack .../10-libnfsidmap2_0.25-5.1_s390x.deb ...
INFO:kolla.common.utils.cinder-backup:Unpacking libnfsidmap2:s390x (0.25-5.1) ...
INFO:kolla.common.utils.cinder-backup:Selecting previously unselected package libtirpc1:s390x.
INFO:kolla.common.utils.cinder-backup:Preparing to unpack .../11-libtirpc1_0.2.5-1.2ubuntu0.1_s390x.deb ...
INFO:kolla.common.utils.cinder-backup:Unpacking libtirpc1:s390x (0.2.5-1.2ubuntu0.1) ...
INFO:kolla.common.utils.cinder-backup:Selecting previously unselected package rpcbind.
INFO:kolla.common.utils.cinder-backup:Preparing to unpack .../12-rpcbind_0.2.3-0.6_s390x.deb ...
INFO:kolla.common.utils.cinder-backup:Unpacking rpcbind (0.2.3-0.6) ...
INFO:kolla.common.utils.cinder-backup:Selecting previously unselected package nfs-common.
INFO:kolla.common.utils.cinder-backup:Preparing to unpack .../13-nfs-common_1%3a1.3.4-2.1ubuntu5.2_s390x.deb ...
INFO:kolla.common.utils.cinder-backup:Unpacking nfs-common (1:1.3.4-2.1ubuntu5.2) ...
INFO:kolla.common.utils.cinder-backup:Selecting previously unselected package os-brick-common.
INFO:kolla.common.utils.cinder-backup:Preparing to unpack .../14-os-brick-common_2.10.0-0ubuntu1~cloud0_all.deb ...
INFO:kolla.common.utils.cinder-backup:Unpacking os-brick-common (2.10.0-0ubuntu1~cloud0) ...
INFO:kolla.common.utils.cinder-backup:Selecting previously unselected package pycadf-common.
INFO:kolla.common.utils.cinder-backup:Preparing to unpack .../15-pycadf-common_2.7.0-0ubuntu1_all.deb ...
INFO:kolla.common.utils.cinder-backup:Unpacking pycadf-common (2.7.0-0ubuntu1) ...
INFO:kolla.common.utils.cinder-backup:Selecting previously unselected package python-pastedeploy-tpl.
INFO:kolla.common.utils.cinder-backup:Preparing to unpack .../16-python-pastedeploy-tpl_1.5.2-4_all.deb ...
INFO:kolla.common.utils.cinder-backup:Unpacking python-pastedeploy-tpl (1.5.2-4) ...
INFO:kolla.common.utils.cinder-backup:Selecting previously unselected package python3-vine.
INFO:kolla.common.utils.cinder-backup:Preparing to unpack .../17-python3-vine_1.1.4+dfsg-2_all.deb ...
INFO:kolla.common.utils.cinder-backup:Unpacking python3-vine (1.1.4+dfsg-2) ...
INFO:kolla.common.utils.cinder-backup:Selecting previously unselected package python3-amqp.
INFO:kolla.common.utils.cinder-backup:Preparing to unpack .../18-python3-amqp_2.5.0-2~cloud0_all.deb ...
INFO:kolla.common.utils.cinder-backup:Unpacking python3-amqp (2.5.0-2~cloud0) ...
INFO:kolla.common.utils.cinder-backup:Selecting previously unselected package python3-anyjson.
INFO:kolla.common.utils.cinder-backup:Preparing to unpack .../19-python3-anyjson_0.3.3-1build1_all.deb ...
INFO:kolla.common.utils.cinder-backup:Unpacking python3-anyjson (0.3.3-1build1) ...
INFO:kolla.common.utils.cinder-backup:Selecting previously unselected package python3-automaton.
INFO:kolla.common.utils.cinder-backup:Preparing to unpack .../20-python3-automaton_1.14.0-0ubuntu1_all.deb ...
INFO:kolla.common.utils.cinder-backup:Unpacking python3-automaton (1.14.0-0ubuntu1) ...
INFO:kolla.common.utils.cinder-backup:Selecting previously unselected package python3-cachetools.
INFO:kolla.common.utils.cinder-backup:Preparing to unpack .../21-python3-cachetools_3.1.0-2~cloud0_all.deb ...
INFO:kolla.common.utils.cinder-backup:Unpacking python3-cachetools (3.1.0-2~cloud0) ...
INFO:kolla.common.utils.cinder-backup:Selecting previously unselected package python3-castellan.
INFO:kolla.common.utils.cinder-backup:Preparing to unpack .../22-python3-castellan_1.3.1-0ubuntu1~cloud0_all.deb ...
INFO:kolla.common.utils.cinder-backup:Unpacking python3-castellan (1.3.1-0ubuntu1~cloud0) ...
INFO:kolla.common.utils.cinder-backup:Selecting previously unselected package python3-pycparser.
INFO:kolla.common.utils.cinder-backup:Preparing to unpack .../23-python3-pycparser_2.18-2_all.deb ...
INFO:kolla.common.utils.cinder-backup:Unpacking python3-pycparser (2.18-2) ...
INFO:kolla.common.utils.cinder-backup:Selecting previously unselected package python3-cffi.
INFO:kolla.common.utils.cinder-backup:Preparing to unpack .../24-python3-cffi_1.11.5-1_all.deb ...
INFO:kolla.common.utils.cinder-backup:Unpacking python3-cffi (1.11.5-1) ...
INFO:kolla.common.utils.cinder-backup:Selecting previously unselected package python3-cursive.
INFO:kolla.common.utils.cinder-backup:Preparing to unpack .../25-python3-cursive_0.2.1-0ubuntu1_all.deb ...
INFO:kolla.common.utils.cinder-backup:Unpacking python3-cursive (0.2.1-0ubuntu1) ...
INFO:kolla.common.utils.cinder-backup:Selecting previously unselected package python3-defusedxml.
INFO:kolla.common.utils.cinder-backup:Preparing to unpack .../26-python3-defusedxml_0.5.0-1ubuntu1_all.deb ...
INFO:kolla.common.utils.cinder-backup:Unpacking python3-defusedxml (0.5.0-1ubuntu1) ...
INFO:kolla.common.utils.cinder-backup:Selecting previously unselected package python3-jinja2.
INFO:kolla.common.utils.cinder-backup:Preparing to unpack .../27-python3-jinja2_2.10-1ubuntu0.18.04.1_all.deb ...
INFO:kolla.common.utils.cinder-backup:Unpacking python3-jinja2 (2.10-1ubuntu0.18.04.1) ...
INFO:kolla.common.utils.cinder-backup:Selecting previously unselected package python3-oslo.cache.
INFO:kolla.common.utils.cinder-backup:Preparing to unpack .../28-python3-oslo.cache_1.37.0-0ubuntu1~cloud0_all.deb ...
INFO:kolla.common.utils.cinder-backup:Unpacking python3-oslo.cache (1.37.0-0ubuntu1~cloud0) ...
INFO:kolla.common.utils.cinder-backup:Selecting previously unselected package python3-pycadf.
INFO:kolla.common.utils.cinder-backup:Preparing to unpack .../29-python3-pycadf_2.7.0-0ubuntu1_all.deb ...
INFO:kolla.common.utils.cinder-backup:Unpacking python3-pycadf (2.7.0-0ubuntu1) ...
INFO:kolla.common.utils.cinder-backup:Selecting previously unselected package python3-keystonemiddleware.
INFO:kolla.common.utils.cinder-backup:Preparing to unpack .../30-python3-keystonemiddleware_7.0.1-0ubuntu1~cloud0_all.deb ...
INFO:kolla.common.utils.cinder-backup:Unpacking python3-keystonemiddleware (7.0.1-0ubuntu1~cloud0) ...
INFO:kolla.common.utils.cinder-backup:Selecting previously unselected package python3-kombu.
INFO:kolla.common.utils.cinder-backup:Preparing to unpack .../31-python3-kombu_4.1.0-1_all.deb ...
INFO:kolla.common.utils.cinder-backup:Unpacking python3-kombu (4.1.0-1) ...
INFO:kolla.common.utils.cinder-backup:Selecting previously unselected package python3-sqlparse.
INFO:kolla.common.utils.cinder-backup:Preparing to unpack .../32-python3-sqlparse_0.2.4-0.1_all.deb ...
INFO:kolla.common.utils.cinder-backup:Unpacking python3-sqlparse (0.2.4-0.1) ...
INFO:kolla.common.utils.cinder-backup:Selecting previously unselected package python3-tempita.
INFO:kolla.common.utils.cinder-backup:Preparing to unpack .../33-python3-tempita_0.5.2-2_all.deb ...
INFO:kolla.common.utils.cinder-backup:Unpacking python3-tempita (0.5.2-2) ...
INFO:kolla.common.utils.cinder-backup:Selecting previously unselected package python3-migrate.
INFO:kolla.common.utils.cinder-backup:Preparing to unpack .../34-python3-migrate_0.12.0-3~cloud0_all.deb ...
INFO:kolla.common.utils.cinder-backup:Unpacking python3-migrate (0.12.0-3~cloud0) ...
INFO:kolla.common.utils.cinder-backup:Selecting previously unselected package python3-networkx.
INFO:kolla.common.utils.cinder-backup:Preparing to unpack .../35-python3-networkx_1.11-1ubuntu3_all.deb ...
INFO:kolla.common.utils.cinder-backup:Unpacking python3-networkx (1.11-1ubuntu3) ...
INFO:kolla.common.utils.cinder-backup:Selecting previously unselected package python3-paste.
INFO:kolla.common.utils.cinder-backup:Preparing to unpack .../36-python3-paste_2.0.3+dfsg-4ubuntu1_all.deb ...
INFO:kolla.common.utils.cinder-backup:Unpacking python3-paste (2.0.3+dfsg-4ubuntu1) ...
INFO:kolla.common.utils.cinder-backup:Selecting previously unselected package python3-pastedeploy.
INFO:kolla.common.utils.cinder-backup:Preparing to unpack .../37-python3-pastedeploy_1.5.2-4_all.deb ...
INFO:kolla.common.utils.cinder-backup:Unpacking python3-pastedeploy (1.5.2-4) ...
INFO:kolla.common.utils.cinder-backup:Selecting previously unselected package python3-repoze.lru.
INFO:kolla.common.utils.cinder-backup:Preparing to unpack .../38-python3-repoze.lru_0.7-1_all.deb ...
INFO:kolla.common.utils.cinder-backup:Unpacking python3-repoze.lru (0.7-1) ...
INFO:kolla.common.utils.cinder-backup:Selecting previously unselected package python3-routes.
INFO:kolla.common.utils.cinder-backup:Preparing to unpack .../39-python3-routes_2.4.1-1_all.deb ...
INFO:kolla.common.utils.cinder-backup:Unpacking python3-routes (2.4.1-1) ...
INFO:kolla.common.utils.cinder-backup:Selecting previously unselected package python3-oslo.service.
INFO:kolla.common.utils.cinder-backup:Preparing to unpack .../40-python3-oslo.service_1.40.2-0ubuntu1~cloud0_all.deb ...
INFO:kolla.common.utils.cinder-backup:Unpacking python3-oslo.service (1.40.2-0ubuntu1~cloud0) ...
INFO:kolla.common.utils.cinder-backup:Selecting previously unselected package python3-os-win.
INFO:kolla.common.utils.cinder-backup:Preparing to unpack .../41-python3-os-win_4.3.2-0ubuntu1~cloud0_all.deb ...
INFO:kolla.common.utils.cinder-backup:Unpacking python3-os-win (4.3.2-0ubuntu1~cloud0) ...
INFO:kolla.common.utils.cinder-backup:Selecting previously unselected package python3-oslo.privsep.
INFO:kolla.common.utils.cinder-backup:Preparing to unpack .../42-python3-oslo.privsep_1.33.3-0ubuntu1~cloud0_all.deb ...
INFO:kolla.common.utils.cinder-backup:Unpacking python3-oslo.privsep (1.33.3-0ubuntu1~cloud0) ...
INFO:kolla.common.utils.cinder-backup:Selecting previously unselected package python3-retrying.
INFO:kolla.common.utils.cinder-backup:Preparing to unpack .../43-python3-retrying_1.3.3-3_all.deb ...
INFO:kolla.common.utils.cinder-backup:Unpacking python3-retrying (1.3.3-3) ...
INFO:kolla.common.utils.cinder-backup:Selecting previously unselected package python3-os-brick.
INFO:kolla.common.utils.cinder-backup:Preparing to unpack .../44-python3-os-brick_2.10.0-0ubuntu1~cloud0_all.deb ...
INFO:kolla.common.utils.cinder-backup:Unpacking python3-os-brick (2.10.0-0ubuntu1~cloud0) ...
INFO:kolla.common.utils.cinder-backup:Selecting previously unselected package python3-testresources.
INFO:kolla.common.utils.cinder-backup:Preparing to unpack .../45-python3-testresources_2.0.0-2_all.deb ...
INFO:kolla.common.utils.cinder-backup:Unpacking python3-testresources (2.0.0-2) ...
INFO:kolla.common.utils.cinder-backup:Selecting previously unselected package python3-testscenarios.
INFO:kolla.common.utils.cinder-backup:Preparing to unpack .../46-python3-testscenarios_0.5.0-2~cloud0_all.deb ...
INFO:kolla.common.utils.cinder-backup:Unpacking python3-testscenarios (0.5.0-2~cloud0) ...
INFO:kolla.common.utils.cinder-backup:Selecting previously unselected package python3-oslo.db.
INFO:kolla.common.utils.cinder-backup:Preparing to unpack .../47-python3-oslo.db_5.0.2-0ubuntu1~cloud0_all.deb ...
INFO:kolla.common.utils.cinder-backup:Unpacking python3-oslo.db (5.0.2-0ubuntu1~cloud0) ...
INFO:kolla.common.utils.cinder-backup:Selecting previously unselected package python3-oslo.middleware.
INFO:kolla.common.utils.cinder-backup:Preparing to unpack .../48-python3-oslo.middleware_3.38.1-0ubuntu1~cloud0_all.deb ...
INFO:kolla.common.utils.cinder-backup:Unpacking python3-oslo.middleware (3.38.1-0ubuntu1~cloud0) ...
INFO:kolla.common.utils.cinder-backup:Selecting previously unselected package python3-tenacity.
INFO:kolla.common.utils.cinder-backup:Preparing to unpack .../49-python3-tenacity_5.1.1-0ubuntu2~cloud0_all.deb ...
INFO:kolla.common.utils.cinder-backup:Unpacking python3-tenacity (5.1.1-0ubuntu2~cloud0) ...
INFO:kolla.common.utils.cinder-backup:Selecting previously unselected package python3-oslo.messaging.
INFO:kolla.common.utils.cinder-backup:Preparing to unpack .../50-python3-oslo.messaging_9.7.1-0ubuntu3~cloud0_all.deb ...
INFO:kolla.common.utils.cinder-backup:Unpacking python3-oslo.messaging (9.7.1-0ubuntu3~cloud0) ...
INFO:kolla.common.utils.cinder-backup:Selecting previously unselected package python3-oslo.policy.
INFO:kolla.common.utils.cinder-backup:Preparing to unpack .../51-python3-oslo.policy_2.3.2-0ubuntu1~cloud0_all.deb ...
INFO:kolla.common.utils.cinder-backup:Unpacking python3-oslo.policy (2.3.2-0ubuntu1~cloud0) ...
INFO:kolla.common.utils.cinder-backup:Selecting previously unselected package python3-psutil.
INFO:kolla.common.utils.cinder-backup:Preparing to unpack .../52-python3-psutil_5.5.1-1build1~cloud0_s390x.deb ...
INFO:kolla.common.utils.cinder-backup:Unpacking python3-psutil (5.5.1-1build1~cloud0) ...
INFO:kolla.common.utils.cinder-backup:Selecting previously unselected package python3-oslo.reports.
INFO:kolla.common.utils.cinder-backup:Preparing to unpack .../53-python3-oslo.reports_1.30.0-0ubuntu1~cloud0_all.deb ...
INFO:kolla.common.utils.cinder-backup:Unpacking python3-oslo.reports (1.30.0-0ubuntu1~cloud0) ...
INFO:kolla.common.utils.cinder-backup:Selecting previously unselected package python3-oslo.rootwrap.
INFO:kolla.common.utils.cinder-backup:Preparing to unpack .../54-python3-oslo.rootwrap_5.16.1-0ubuntu1~cloud0_all.deb ...
INFO:kolla.common.utils.cinder-backup:Unpacking python3-oslo.rootwrap (5.16.1-0ubuntu1~cloud0) ...
INFO:kolla.common.utils.cinder-backup:Selecting previously unselected package python3-oslo.upgradecheck.
INFO:kolla.common.utils.cinder-backup:Preparing to unpack .../55-python3-oslo.upgradecheck_0.3.2-0ubuntu1~cloud0_all.deb ...
INFO:kolla.common.utils.cinder-backup:Unpacking python3-oslo.upgradecheck (0.3.2-0ubuntu1~cloud0) ...
INFO:kolla.common.utils.cinder-backup:Selecting previously unselected package python3-oslo.versionedobjects.
INFO:kolla.common.utils.cinder-backup:Preparing to unpack .../56-python3-oslo.versionedobjects_1.36.1-0ubuntu1~cloud0_all.deb ...
INFO:kolla.common.utils.cinder-backup:Unpacking python3-oslo.versionedobjects (1.36.1-0ubuntu1~cloud0) ...
INFO:kolla.common.utils.cinder-backup:Selecting previously unselected package python3-pyasn1.
INFO:kolla.common.utils.cinder-backup:Preparing to unpack .../57-python3-pyasn1_0.4.2-3_all.deb ...
INFO:kolla.common.utils.cinder-backup:Unpacking python3-pyasn1 (0.4.2-3) ...
INFO:kolla.common.utils.cinder-backup:Selecting previously unselected package python3-paramiko.
INFO:kolla.common.utils.cinder-backup:Preparing to unpack .../58-python3-paramiko_2.0.0-1ubuntu1.2_all.deb ...
INFO:kolla.common.utils.cinder-backup:Unpacking python3-paramiko (2.0.0-1ubuntu1.2) ...
INFO:kolla.common.utils.cinder-backup:Selecting previously unselected package python3-taskflow.
INFO:kolla.common.utils.cinder-backup:Preparing to unpack .../59-python3-taskflow_3.7.1-0ubuntu2~cloud0_all.deb ...
INFO:kolla.common.utils.cinder-backup:Unpacking python3-taskflow (3.7.1-0ubuntu2~cloud0) ...
INFO:kolla.common.utils.cinder-backup:Selecting previously unselected package python3-voluptuous.
INFO:kolla.common.utils.cinder-backup:Preparing to unpack .../60-python3-voluptuous_0.9.3-1_all.deb ...
INFO:kolla.common.utils.cinder-backup:Unpacking python3-voluptuous (0.9.3-1) ...
INFO:kolla.common.utils.cinder-backup:Selecting previously unselected package python3-tooz.
INFO:kolla.common.utils.cinder-backup:Preparing to unpack .../61-python3-tooz_1.66.2-0ubuntu1~cloud0_all.deb ...
INFO:kolla.common.utils.cinder-backup:Unpacking python3-tooz (1.66.2-0ubuntu1~cloud0) ...
INFO:kolla.common.utils.cinder-backup:Selecting previously unselected package python3-cinder.
INFO:kolla.common.utils.cinder-backup:Preparing to unpack .../62-python3-cinder_2%3a15.0.0-0ubuntu1~cloud0_all.deb ...
INFO:kolla.common.utils.cinder-backup:Unpacking python3-cinder (2:15.0.0-0ubuntu1~cloud0) ...
INFO:kolla.common.utils.cinder-backup:Selecting previously unselected package cinder-backup.
INFO:kolla.common.utils.cinder-backup:Preparing to unpack .../63-cinder-backup_2%3a15.0.0-0ubuntu1~cloud0_all.deb ...
INFO:kolla.common.utils.cinder-backup:Unpacking cinder-backup (2:15.0.0-0ubuntu1~cloud0) ...
INFO:kolla.common.utils.cinder-backup:Setting up libjs-jquery (3.2.1-1) ...
INFO:kolla.common.utils.cinder-backup:Setting up python3-sqlalchemy (1.2.18+ds1-2ubuntu2~cloud0) ...
INFO:kolla.common.utils.cinder-backup:Setting up libevent-2.1-6:s390x (2.1.8-stable-4build1) ...
INFO:kolla.common.utils.cinder-backup:Setting up libnfsidmap2:s390x (0.25-5.1) ...
INFO:kolla.common.utils.cinder-backup:Setting up libjs-underscore (1.8.3~dfsg-1) ...
INFO:kolla.common.utils.cinder-backup:Setting up python3-sqlparse (0.2.4-0.1) ...
INFO:kolla.common.utils.cinder-backup:Setting up python3-oslo.rootwrap (5.16.1-0ubuntu1~cloud0) ...
INFO:kolla.common.utils.cinder-backup:Setting up python3-tempita (0.5.2-2) ...
INFO:kolla.common.utils.cinder-backup:Setting up libcap2:s390x (1:2.25-1.2) ...
INFO:kolla.common.utils.cinder-backup:Setting up keyutils (1.5.9-9.2ubuntu2) ...
INFO:kolla.common.utils.cinder-backup:Setting up python3-alembic (1.0.0-2ubuntu2~cloud0) ...
INFO:kolla.common.utils.cinder-backup:Setting up libjs-sphinxdoc (1.8.5-3~cloud0) ...
INFO:kolla.common.utils.cinder-backup:Setting up python3-castellan (1.3.1-0ubuntu1~cloud0) ...
INFO:kolla.common.utils.cinder-backup:Setting up python3-tenacity (5.1.1-0ubuntu2~cloud0) ...
INFO:kolla.common.utils.cinder-backup:Setting up python3-testscenarios (0.5.0-2~cloud0) ...
INFO:kolla.common.utils.cinder-backup:Setting up python3-cursive (0.2.1-0ubuntu1) ...
INFO:kolla.common.utils.cinder-backup:Setting up python3-oslo.policy (2.3.2-0ubuntu1~cloud0) ...
INFO:kolla.common.utils.cinder-backup:Setting up python3-psutil (5.5.1-1build1~cloud0) ...
INFO:kolla.common.utils.cinder-backup:Setting up ucf (3.0038) ...
INFO:kolla.common.utils.cinder-backup:Setting up python3-testresources (2.0.0-2) ...
INFO:kolla.common.utils.cinder-backup:Setting up python3-pyasn1 (0.4.2-3) ...
INFO:kolla.common.utils.cinder-backup:Setting up pycadf-common (2.7.0-0ubuntu1) ...
INFO:kolla.common.utils.cinder-backup:Setting up python3-defusedxml (0.5.0-1ubuntu1) ...
INFO:kolla.common.utils.cinder-backup:Setting up python3-oslo.cache (1.37.0-0ubuntu1~cloud0) ...
INFO:kolla.common.utils.cinder-backup:Setting up python3-networkx (1.11-1ubuntu3) ...
INFO:kolla.common.utils.cinder-backup:Setting up libtirpc1:s390x (0.2.5-1.2ubuntu0.1) ...
INFO:kolla.common.utils.cinder-backup:Setting up os-brick-common (2.10.0-0ubuntu1~cloud0) ...
INFO:kolla.common.utils.cinder-backup:Setting up python3-pycadf (2.7.0-0ubuntu1) ...
INFO:kolla.common.utils.cinder-backup:Setting up python3-jinja2 (2.10-1ubuntu0.18.04.1) ...
INFO:kolla.common.utils.cinder-backup:Setting up python3-repoze.lru (0.7-1) ...
INFO:kolla.common.utils.cinder-backup:Setting up python3-retrying (1.3.3-3) ...
INFO:kolla.common.utils.cinder-backup:Setting up python3-paste (2.0.3+dfsg-4ubuntu1) ...
INFO:kolla.common.utils.cinder-backup:Setting up python3-pycparser (2.18-2) ...
INFO:kolla.common.utils.cinder-backup:Setting up python3-migrate (0.12.0-3~cloud0) ...
INFO:kolla.common.utils.cinder-backup:Setting up python3-anyjson (0.3.3-1build1) ...
INFO:kolla.common.utils.cinder-backup:Setting up python3-cffi (1.11.5-1) ...
INFO:kolla.common.utils.cinder-backup:Setting up python3-keystonemiddleware (7.0.1-0ubuntu1~cloud0) ...
INFO:kolla.common.utils.cinder-backup:Setting up python-pastedeploy-tpl (1.5.2-4) ...
INFO:kolla.common.utils.cinder-backup:Setting up python3-cachetools (3.1.0-2~cloud0) ...
INFO:kolla.common.utils.cinder-backup:Setting up python3-vine (1.1.4+dfsg-2) ...
INFO:kolla.common.utils.cinder-backup:Setting up python3-automaton (1.14.0-0ubuntu1) ...
INFO:kolla.common.utils.cinder-backup:Setting up python3-voluptuous (0.9.3-1) ...
INFO:kolla.common.utils.cinder-backup:Setting up python3-oslo.upgradecheck (0.3.2-0ubuntu1~cloud0) ...
INFO:kolla.common.utils.cinder-backup:Setting up alembic (1.0.0-2ubuntu2~cloud0) ...
INFO:kolla.common.utils.cinder-backup:Setting up python3-routes (2.4.1-1) ...
INFO:kolla.common.utils.cinder-backup:Setting up rpcbind (0.2.3-0.6) ...
INFO:kolla.common.utils.cinder-backup:invoke-rc.d: could not determine current runlevel
INFO:kolla.common.utils.cinder-backup:invoke-rc.d: policy-rc.d denied execution of start.
INFO:kolla.common.utils.cinder-backup:Setting up python3-paramiko (2.0.0-1ubuntu1.2) ...
INFO:kolla.common.utils.cinder-backup:Setting up python3-oslo.middleware (3.38.1-0ubuntu1~cloud0) ...
INFO:kolla.common.utils.cinder-backup:Setting up python3-amqp (2.5.0-2~cloud0) ...
INFO:kolla.common.utils.cinder-backup:Setting up python3-oslo.reports (1.30.0-0ubuntu1~cloud0) ...
INFO:kolla.common.utils.cinder-backup:Setting up nfs-common (1:1.3.4-2.1ubuntu5.2) ...
INFO:kolla.common.utils.cinder-backup:
INFO:kolla.common.utils.cinder-backup:Creating config file /etc/idmapd.conf with new version
INFO:kolla.common.utils.cinder-backup:Adding system user `statd' (UID 102) ...
INFO:kolla.common.utils.cinder-backup:Adding new user `statd' (UID 102) with group `nogroup' ...
INFO:kolla.common.utils.cinder-backup:Not creating home directory `/var/lib/nfs'.
INFO:kolla.common.utils.cinder-backup:invoke-rc.d: could not determine current runlevel
INFO:kolla.common.utils.cinder-backup:invoke-rc.d: policy-rc.d denied execution of start.
INFO:kolla.common.utils.cinder-backup:Setting up python3-tooz (1.66.2-0ubuntu1~cloud0) ...
INFO:kolla.common.utils.cinder-backup:Setting up python3-kombu (4.1.0-1) ...
INFO:kolla.common.utils.cinder-backup:Setting up python3-oslo.db (5.0.2-0ubuntu1~cloud0) ...
INFO:kolla.common.utils.cinder-backup:Setting up python3-oslo.privsep (1.33.3-0ubuntu1~cloud0) ...
INFO:kolla.common.utils.cinder-backup:Setting up python3-pastedeploy (1.5.2-4) ...
INFO:kolla.common.utils.cinder-backup:Setting up python3-taskflow (3.7.1-0ubuntu2~cloud0) ...
INFO:kolla.common.utils.cinder-backup:Setting up python3-oslo.service (1.40.2-0ubuntu1~cloud0) ...
INFO:kolla.common.utils.cinder-backup:Setting up python3-os-win (4.3.2-0ubuntu1~cloud0) ...
INFO:kolla.common.utils.cinder-backup:Setting up python3-oslo.messaging (9.7.1-0ubuntu3~cloud0) ...
INFO:kolla.common.utils.cinder-backup:Setting up python3-os-brick (2.10.0-0ubuntu1~cloud0) ...
INFO:kolla.common.utils.cinder-backup:Setting up python3-oslo.versionedobjects (1.36.1-0ubuntu1~cloud0) ...
INFO:kolla.common.utils.cinder-backup:Setting up python3-cinder (2:15.0.0-0ubuntu1~cloud0) ...
INFO:kolla.common.utils.cinder-backup:Setting up cinder-backup (2:15.0.0-0ubuntu1~cloud0) ...
INFO:kolla.common.utils.cinder-backup:invoke-rc.d: could not determine current runlevel
INFO:kolla.common.utils.cinder-backup:invoke-rc.d: policy-rc.d denied execution of start.
INFO:kolla.common.utils.cinder-backup:Processing triggers for libc-bin (2.27-3ubuntu1) ...
INFO:kolla.common.utils.cinder-backup:Removing intermediate container fc18bc8fdac9
INFO:kolla.common.utils.cinder-backup: ---> a40bd9f7ba65
INFO:kolla.common.utils.cinder-backup:Step 4/4 : USER cinder
INFO:kolla.common.utils.cinder-backup: ---> Running in dc5d384a954f
INFO:kolla.common.utils.cinder-backup:Removing intermediate container dc5d384a954f
INFO:kolla.common.utils.cinder-backup: ---> 9d18d25ff48e
INFO:kolla.common.utils.cinder-backup:Successfully built 9d18d25ff48e
INFO:kolla.common.utils.cinder-backup:Successfully tagged s390x/ubuntu-binary-cinder-backup:9.1.0
INFO:kolla.common.utils.cinder-backup:Built at 2020-03-02 21:43:43.586751 (took 0:00:37.322446)
