INFO:kolla.common.utils.cinder-api:Building started at 2020-03-02 21:43:07.547146
INFO:kolla.common.utils.cinder-api:Step 1/6 : FROM s390x/ubuntu-binary-cinder-base:9.1.0
INFO:kolla.common.utils.cinder-api: ---> 47a639affe00
INFO:kolla.common.utils.cinder-api:Step 2/6 : LABEL maintainer="Kolla Project (https://launchpad.net/kolla)" name="cinder-api" build-date="20200302"
INFO:kolla.common.utils.cinder-api: ---> Running in e822e622efa3
INFO:kolla.common.utils.cinder-api:Removing intermediate container e822e622efa3
INFO:kolla.common.utils.cinder-api: ---> 496e849a6477
INFO:kolla.common.utils.cinder-api:Step 3/6 : RUN apt-get update && apt-get -y install --no-install-recommends apache2 cinder-api libapache2-mod-wsgi-py3 && apt-get clean && rm -rf /var/lib/apt/lists/*
INFO:kolla.common.utils.cinder-api: ---> Running in 29da99abe51f
INFO:kolla.common.utils.cinder-api:Ign:1 http://ubuntu-cloud.archive.canonical.com/ubuntu bionic-updates/ussuri InRelease
INFO:kolla.common.utils.cinder-api:Get:2 http://ports.ubuntu.com bionic InRelease [242 kB]
INFO:kolla.common.utils.cinder-api:Get:3 http://ubuntu-cloud.archive.canonical.com/ubuntu bionic-updates/ussuri Release [7,884 B]
INFO:kolla.common.utils.cinder-api:Get:4 http://ubuntu-cloud.archive.canonical.com/ubuntu bionic-updates/ussuri Release.gpg [543 B]
INFO:kolla.common.utils.cinder-api:Get:5 http://ports.ubuntu.com bionic-updates InRelease [88.7 kB]
INFO:kolla.common.utils.cinder-api:Get:6 http://ports.ubuntu.com bionic-security InRelease [88.7 kB]
INFO:kolla.common.utils.cinder-api:Get:7 http://ubuntu-cloud.archive.canonical.com/ubuntu bionic-updates/ussuri/main s390x Packages [145 kB]
INFO:kolla.common.utils.cinder-api:Get:8 http://ports.ubuntu.com bionic-backports InRelease [74.6 kB]
INFO:kolla.common.utils.cinder-api:Get:9 http://ports.ubuntu.com bionic/main s390x Packages [1,244 kB]
INFO:kolla.common.utils.cinder-api:Get:10 http://ports.ubuntu.com bionic/universe s390x Packages [10.8 MB]
INFO:kolla.common.utils.cinder-api:Get:11 http://ports.ubuntu.com bionic-updates/universe s390x Packages [1,075 kB]
INFO:kolla.common.utils.cinder-api:Get:12 http://ports.ubuntu.com bionic-updates/main s390x Packages [730 kB]
INFO:kolla.common.utils.cinder-api:Get:13 http://ports.ubuntu.com bionic-security/universe s390x Packages [625 kB]
INFO:kolla.common.utils.cinder-api:Get:14 http://ports.ubuntu.com bionic-security/main s390x Packages [467 kB]
INFO:kolla.common.utils.cinder-api:Get:15 http://ports.ubuntu.com bionic-backports/universe s390x Packages [4,242 B]
INFO:kolla.common.utils.cinder-api:Get:16 http://ports.ubuntu.com bionic-backports/main s390x Packages [2,494 B]
INFO:kolla.common.utils.cinder-api:Fetched 15.6 MB in 2s (6,672 kB/s)
INFO:kolla.common.utils.cinder-api:Reading package lists...
INFO:kolla.common.utils.cinder-api:Reading package lists...
INFO:kolla.common.utils.cinder-api:Building dependency tree...
INFO:kolla.common.utils.cinder-api:Reading state information...
INFO:kolla.common.utils.cinder-api:The following additional packages will be installed:
INFO:kolla.common.utils.cinder-api:  alembic apache2-bin apache2-data apache2-utils libapr1 libaprutil1
INFO:kolla.common.utils.cinder-api:  libaprutil1-dbd-sqlite3 libaprutil1-ldap libjs-jquery libjs-sphinxdoc
INFO:kolla.common.utils.cinder-api:  libjs-underscore liblua5.2-0 os-brick-common pycadf-common
INFO:kolla.common.utils.cinder-api:  python-pastedeploy-tpl python3-alembic python3-amqp python3-anyjson
INFO:kolla.common.utils.cinder-api:  python3-automaton python3-cachetools python3-castellan python3-cffi
INFO:kolla.common.utils.cinder-api:  python3-cinder python3-cursive python3-defusedxml python3-jinja2
INFO:kolla.common.utils.cinder-api:  python3-keystonemiddleware python3-kombu python3-migrate python3-networkx
INFO:kolla.common.utils.cinder-api:  python3-os-brick python3-os-win python3-oslo.cache python3-oslo.db
INFO:kolla.common.utils.cinder-api:  python3-oslo.messaging python3-oslo.middleware python3-oslo.policy
INFO:kolla.common.utils.cinder-api:  python3-oslo.privsep python3-oslo.reports python3-oslo.rootwrap
INFO:kolla.common.utils.cinder-api:  python3-oslo.service python3-oslo.upgradecheck python3-oslo.versionedobjects
INFO:kolla.common.utils.cinder-api:  python3-paramiko python3-paste python3-pastedeploy python3-psutil
INFO:kolla.common.utils.cinder-api:  python3-pyasn1 python3-pycadf python3-pycparser python3-repoze.lru
INFO:kolla.common.utils.cinder-api:  python3-retrying python3-routes python3-sqlalchemy python3-sqlparse
INFO:kolla.common.utils.cinder-api:  python3-taskflow python3-tempita python3-tenacity python3-testresources
INFO:kolla.common.utils.cinder-api:  python3-testscenarios python3-tooz python3-vine python3-voluptuous
INFO:kolla.common.utils.cinder-api:Suggested packages:
INFO:kolla.common.utils.cinder-api:  www-browser apache2-doc apache2-suexec-pristine | apache2-suexec-custom ufw
INFO:kolla.common.utils.cinder-api:  python3-editor python-amqp-doc python-automaton-doc python-castellan-doc
INFO:kolla.common.utils.cinder-api:  python3-dev python3-googleapi python3-hp3parclient python3-oauth2client
INFO:kolla.common.utils.cinder-api:  python3-rtslib-fb python-cursive-doc python-jinja2-doc python-kombu-doc
INFO:kolla.common.utils.cinder-api:  python3-boto python3-django python3-pymongo python-migrate-doc
INFO:kolla.common.utils.cinder-api:  python3-pydotplus python3-scipy python-os-brick-doc python-os-win-doc
INFO:kolla.common.utils.cinder-api:  python-oslo.cache-doc python3-confluent-kafka python-oslo.middleware-doc
INFO:kolla.common.utils.cinder-api:  python-oslo.policy-doc python-oslo.privsep-doc python-oslo.reports-doc
INFO:kolla.common.utils.cinder-api:  python-oslo.service-doc python-oslo.versionedobjects-doc python3-gssapi
INFO:kolla.common.utils.cinder-api:  libapache2-mod-python libapache2-mod-scgi libjs-mochikit python-psutil-doc
INFO:kolla.common.utils.cinder-api:  cpp python-sqlalchemy-doc python3-fdb python-sqlparse-doc python3-pydot
INFO:kolla.common.utils.cinder-api:  python-tenacity-doc
INFO:kolla.common.utils.cinder-api:Recommended packages:
INFO:kolla.common.utils.cinder-api:  ssl-cert javascript-common python3-numpy python3-pastescript
INFO:kolla.common.utils.cinder-api:  python3-sqlalchemy-ext
INFO:kolla.common.utils.cinder-api:The following NEW packages will be installed:
INFO:kolla.common.utils.cinder-api:  alembic apache2 apache2-bin apache2-data apache2-utils cinder-api
INFO:kolla.common.utils.cinder-api:  libapache2-mod-wsgi-py3 libapr1 libaprutil1 libaprutil1-dbd-sqlite3
INFO:kolla.common.utils.cinder-api:  libaprutil1-ldap libjs-jquery libjs-sphinxdoc libjs-underscore liblua5.2-0
INFO:kolla.common.utils.cinder-api:  os-brick-common pycadf-common python-pastedeploy-tpl python3-alembic
INFO:kolla.common.utils.cinder-api:  python3-amqp python3-anyjson python3-automaton python3-cachetools
INFO:kolla.common.utils.cinder-api:  python3-castellan python3-cffi python3-cinder python3-cursive
INFO:kolla.common.utils.cinder-api:  python3-defusedxml python3-jinja2 python3-keystonemiddleware python3-kombu
INFO:kolla.common.utils.cinder-api:  python3-migrate python3-networkx python3-os-brick python3-os-win
INFO:kolla.common.utils.cinder-api:  python3-oslo.cache python3-oslo.db python3-oslo.messaging
INFO:kolla.common.utils.cinder-api:  python3-oslo.middleware python3-oslo.policy python3-oslo.privsep
INFO:kolla.common.utils.cinder-api:  python3-oslo.reports python3-oslo.rootwrap python3-oslo.service
INFO:kolla.common.utils.cinder-api:  python3-oslo.upgradecheck python3-oslo.versionedobjects python3-paramiko
INFO:kolla.common.utils.cinder-api:  python3-paste python3-pastedeploy python3-psutil python3-pyasn1
INFO:kolla.common.utils.cinder-api:  python3-pycadf python3-pycparser python3-repoze.lru python3-retrying
INFO:kolla.common.utils.cinder-api:  python3-routes python3-sqlalchemy python3-sqlparse python3-taskflow
INFO:kolla.common.utils.cinder-api:  python3-tempita python3-tenacity python3-testresources python3-testscenarios
INFO:kolla.common.utils.cinder-api:  python3-tooz python3-vine python3-voluptuous
INFO:kolla.common.utils.cinder-api:0 upgraded, 66 newly installed, 0 to remove and 0 not upgraded.
INFO:kolla.common.utils.cinder-api:Need to get 9,138 kB of archives.
INFO:kolla.common.utils.cinder-api:After this operation, 59.7 MB of additional disk space will be used.
INFO:kolla.common.utils.cinder-api:Get:1 http://ports.ubuntu.com bionic/main s390x libapr1 s390x 1.6.3-2 [87.4 kB]
INFO:kolla.common.utils.cinder-api:Get:2 http://ubuntu-cloud.archive.canonical.com/ubuntu bionic-updates/ussuri/main s390x python3-sqlalchemy all 1.2.18+ds1-2ubuntu2~cloud0 [728 kB]
INFO:kolla.common.utils.cinder-api:Get:3 http://ports.ubuntu.com bionic/main s390x libaprutil1 s390x 1.6.1-2 [81.8 kB]
INFO:kolla.common.utils.cinder-api:Get:4 http://ports.ubuntu.com bionic/main s390x libaprutil1-dbd-sqlite3 s390x 1.6.1-2 [10.4 kB]
INFO:kolla.common.utils.cinder-api:Get:5 http://ports.ubuntu.com bionic/main s390x libaprutil1-ldap s390x 1.6.1-2 [8,652 B]
INFO:kolla.common.utils.cinder-api:Get:6 http://ports.ubuntu.com bionic/main s390x liblua5.2-0 s390x 5.2.4-1.1build1 [99.9 kB]
INFO:kolla.common.utils.cinder-api:Get:7 http://ubuntu-cloud.archive.canonical.com/ubuntu bionic-updates/ussuri/main s390x python3-alembic all 1.0.0-2ubuntu2~cloud0 [111 kB]
INFO:kolla.common.utils.cinder-api:Get:8 http://ubuntu-cloud.archive.canonical.com/ubuntu bionic-updates/ussuri/main s390x libjs-sphinxdoc all 1.8.5-3~cloud0 [96.6 kB]
INFO:kolla.common.utils.cinder-api:Get:9 http://ports.ubuntu.com bionic-updates/main s390x apache2-bin s390x 2.4.29-1ubuntu4.12 [978 kB]
INFO:kolla.common.utils.cinder-api:Get:10 http://ubuntu-cloud.archive.canonical.com/ubuntu bionic-updates/ussuri/main s390x alembic all 1.0.0-2ubuntu2~cloud0 [369 kB]
INFO:kolla.common.utils.cinder-api:Get:11 http://ubuntu-cloud.archive.canonical.com/ubuntu bionic-updates/ussuri/main s390x os-brick-common all 2.10.0-0ubuntu1~cloud0 [4,980 B]
INFO:kolla.common.utils.cinder-api:Get:12 http://ubuntu-cloud.archive.canonical.com/ubuntu bionic-updates/ussuri/main s390x python3-amqp all 2.5.0-2~cloud0 [42.2 kB]
INFO:kolla.common.utils.cinder-api:Get:13 http://ubuntu-cloud.archive.canonical.com/ubuntu bionic-updates/ussuri/main s390x python3-cachetools all 3.1.0-2~cloud0 [9,892 B]
INFO:kolla.common.utils.cinder-api:Get:14 http://ubuntu-cloud.archive.canonical.com/ubuntu bionic-updates/ussuri/main s390x python3-castellan all 1.3.1-0ubuntu1~cloud0 [41.1 kB]
INFO:kolla.common.utils.cinder-api:Get:15 http://ubuntu-cloud.archive.canonical.com/ubuntu bionic-updates/ussuri/main s390x python3-oslo.cache all 1.37.0-0ubuntu1~cloud0 [34.5 kB]
INFO:kolla.common.utils.cinder-api:Get:16 http://ubuntu-cloud.archive.canonical.com/ubuntu bionic-updates/ussuri/main s390x python3-keystonemiddleware all 7.0.1-0ubuntu1~cloud0 [68.6 kB]
INFO:kolla.common.utils.cinder-api:Get:17 http://ubuntu-cloud.archive.canonical.com/ubuntu bionic-updates/ussuri/main s390x python3-migrate all 0.12.0-3~cloud0 [79.3 kB]
INFO:kolla.common.utils.cinder-api:Get:18 http://ubuntu-cloud.archive.canonical.com/ubuntu bionic-updates/ussuri/main s390x python3-oslo.service all 1.40.2-0ubuntu1~cloud0 [50.6 kB]
INFO:kolla.common.utils.cinder-api:Get:19 http://ubuntu-cloud.archive.canonical.com/ubuntu bionic-updates/ussuri/main s390x python3-os-win all 4.3.2-0ubuntu1~cloud0 [157 kB]
INFO:kolla.common.utils.cinder-api:Get:20 http://ubuntu-cloud.archive.canonical.com/ubuntu bionic-updates/ussuri/main s390x python3-oslo.privsep all 1.33.3-0ubuntu1~cloud0 [22.9 kB]
INFO:kolla.common.utils.cinder-api:Get:21 http://ports.ubuntu.com bionic-updates/main s390x apache2-utils s390x 2.4.29-1ubuntu4.12 [81.3 kB]
INFO:kolla.common.utils.cinder-api:Get:22 http://ubuntu-cloud.archive.canonical.com/ubuntu bionic-updates/ussuri/main s390x python3-os-brick all 2.10.0-0ubuntu1~cloud0 [126 kB]
INFO:kolla.common.utils.cinder-api:Get:23 http://ports.ubuntu.com bionic-updates/main s390x apache2-data all 2.4.29-1ubuntu4.12 [160 kB]
INFO:kolla.common.utils.cinder-api:Get:24 http://ubuntu-cloud.archive.canonical.com/ubuntu bionic-updates/ussuri/main s390x python3-testscenarios all 0.5.0-2~cloud0 [13.5 kB]
INFO:kolla.common.utils.cinder-api:Get:25 http://ubuntu-cloud.archive.canonical.com/ubuntu bionic-updates/ussuri/main s390x python3-oslo.db all 5.0.2-0ubuntu1~cloud0 [115 kB]
INFO:kolla.common.utils.cinder-api:Get:26 http://ports.ubuntu.com bionic-updates/main s390x apache2 s390x 2.4.29-1ubuntu4.12 [95.1 kB]
INFO:kolla.common.utils.cinder-api:Get:27 http://ubuntu-cloud.archive.canonical.com/ubuntu bionic-updates/ussuri/main s390x python3-oslo.middleware all 3.38.1-0ubuntu1~cloud0 [33.1 kB]
INFO:kolla.common.utils.cinder-api:Get:28 http://ports.ubuntu.com bionic/main s390x libjs-jquery all 3.2.1-1 [152 kB]
INFO:kolla.common.utils.cinder-api:Get:29 http://ports.ubuntu.com bionic/main s390x libjs-underscore all 1.8.3~dfsg-1 [59.9 kB]
INFO:kolla.common.utils.cinder-api:Get:30 http://ubuntu-cloud.archive.canonical.com/ubuntu bionic-updates/ussuri/main s390x python3-tenacity all 5.1.1-0ubuntu2~cloud0 [34.9 kB]
INFO:kolla.common.utils.cinder-api:Get:31 http://ubuntu-cloud.archive.canonical.com/ubuntu bionic-updates/ussuri/main s390x python3-oslo.messaging all 9.7.1-0ubuntu3~cloud0 [149 kB]
INFO:kolla.common.utils.cinder-api:Get:32 http://ubuntu-cloud.archive.canonical.com/ubuntu bionic-updates/ussuri/main s390x python3-oslo.policy all 2.3.2-0ubuntu1~cloud0 [50.3 kB]
INFO:kolla.common.utils.cinder-api:Get:33 http://ubuntu-cloud.archive.canonical.com/ubuntu bionic-updates/ussuri/main s390x python3-psutil s390x 5.5.1-1build1~cloud0 [166 kB]
INFO:kolla.common.utils.cinder-api:Get:34 http://ports.ubuntu.com bionic-updates/universe s390x libapache2-mod-wsgi-py3 s390x 4.5.17-1ubuntu1 [81.9 kB]
INFO:kolla.common.utils.cinder-api:Get:35 http://ports.ubuntu.com bionic/main s390x pycadf-common all 2.7.0-0ubuntu1 [4,440 B]
INFO:kolla.common.utils.cinder-api:Get:36 http://ports.ubuntu.com bionic/main s390x python-pastedeploy-tpl all 1.5.2-4 [4,796 B]
INFO:kolla.common.utils.cinder-api:Get:37 http://ports.ubuntu.com bionic/main s390x python3-vine all 1.1.4+dfsg-2 [15.7 kB]
INFO:kolla.common.utils.cinder-api:Get:38 http://ubuntu-cloud.archive.canonical.com/ubuntu bionic-updates/ussuri/main s390x python3-oslo.reports all 1.30.0-0ubuntu1~cloud0 [26.9 kB]
INFO:kolla.common.utils.cinder-api:Get:39 http://ports.ubuntu.com bionic/universe s390x python3-anyjson all 0.3.3-1build1 [7,062 B]
INFO:kolla.common.utils.cinder-api:Get:40 http://ubuntu-cloud.archive.canonical.com/ubuntu bionic-updates/ussuri/main s390x python3-oslo.rootwrap all 5.16.1-0ubuntu1~cloud0 [25.9 kB]
INFO:kolla.common.utils.cinder-api:Get:41 http://ports.ubuntu.com bionic/universe s390x python3-automaton all 1.14.0-0ubuntu1 [15.0 kB]
INFO:kolla.common.utils.cinder-api:Get:42 http://ports.ubuntu.com bionic/universe s390x python3-pycparser all 2.18-2 [67.7 kB]
INFO:kolla.common.utils.cinder-api:Get:43 http://ubuntu-cloud.archive.canonical.com/ubuntu bionic-updates/ussuri/main s390x python3-oslo.upgradecheck all 0.3.2-0ubuntu1~cloud0 [7,484 B]
INFO:kolla.common.utils.cinder-api:Get:44 http://ubuntu-cloud.archive.canonical.com/ubuntu bionic-updates/ussuri/main s390x python3-oslo.versionedobjects all 1.36.1-0ubuntu1~cloud0 [59.1 kB]
INFO:kolla.common.utils.cinder-api:Get:45 http://ports.ubuntu.com bionic/universe s390x python3-cffi all 1.11.5-1 [67.4 kB]
INFO:kolla.common.utils.cinder-api:Get:46 http://ubuntu-cloud.archive.canonical.com/ubuntu bionic-updates/ussuri/main s390x python3-taskflow all 3.7.1-0ubuntu2~cloud0 [253 kB]
INFO:kolla.common.utils.cinder-api:Get:47 http://ports.ubuntu.com bionic/universe s390x python3-cursive all 0.2.1-0ubuntu1 [14.3 kB]
INFO:kolla.common.utils.cinder-api:Get:48 http://ports.ubuntu.com bionic/universe s390x python3-defusedxml all 0.5.0-1ubuntu1 [19.2 kB]
INFO:kolla.common.utils.cinder-api:Get:49 http://ports.ubuntu.com bionic-updates/main s390x python3-jinja2 all 2.10-1ubuntu0.18.04.1 [95.4 kB]
INFO:kolla.common.utils.cinder-api:Get:50 http://ports.ubuntu.com bionic/universe s390x python3-pycadf all 2.7.0-0ubuntu1 [17.4 kB]
INFO:kolla.common.utils.cinder-api:Get:51 http://ports.ubuntu.com bionic/universe s390x python3-kombu all 4.1.0-1 [126 kB]
INFO:kolla.common.utils.cinder-api:Get:52 http://ubuntu-cloud.archive.canonical.com/ubuntu bionic-updates/ussuri/main s390x python3-tooz all 1.66.2-0ubuntu1~cloud0 [50.3 kB]
INFO:kolla.common.utils.cinder-api:Get:53 http://ubuntu-cloud.archive.canonical.com/ubuntu bionic-updates/ussuri/main s390x python3-cinder all 2:15.0.0-0ubuntu1~cloud0 [2,475 kB]
INFO:kolla.common.utils.cinder-api:Get:54 http://ports.ubuntu.com bionic/main s390x python3-sqlparse all 0.2.4-0.1 [28.1 kB]
INFO:kolla.common.utils.cinder-api:Get:55 http://ports.ubuntu.com bionic/main s390x python3-tempita all 0.5.2-2 [13.9 kB]
INFO:kolla.common.utils.cinder-api:Get:56 http://ports.ubuntu.com bionic-updates/universe s390x python3-networkx all 1.11-1ubuntu3 [606 kB]
INFO:kolla.common.utils.cinder-api:Get:57 http://ports.ubuntu.com bionic/main s390x python3-paste all 2.0.3+dfsg-4ubuntu1 [456 kB]
INFO:kolla.common.utils.cinder-api:Get:58 http://ports.ubuntu.com bionic/main s390x python3-pastedeploy all 1.5.2-4 [13.4 kB]
INFO:kolla.common.utils.cinder-api:Get:59 http://ports.ubuntu.com bionic/universe s390x python3-repoze.lru all 0.7-1 [11.7 kB]
INFO:kolla.common.utils.cinder-api:Get:60 http://ports.ubuntu.com bionic/universe s390x python3-routes all 2.4.1-1 [28.4 kB]
INFO:kolla.common.utils.cinder-api:Get:61 http://ports.ubuntu.com bionic/universe s390x python3-retrying all 1.3.3-3 [7,980 B]
INFO:kolla.common.utils.cinder-api:Get:62 http://ports.ubuntu.com bionic/universe s390x python3-testresources all 2.0.0-2 [26.4 kB]
INFO:kolla.common.utils.cinder-api:Get:63 http://ports.ubuntu.com bionic/main s390x python3-pyasn1 all 0.4.2-3 [46.8 kB]
INFO:kolla.common.utils.cinder-api:Get:64 http://ports.ubuntu.com bionic-updates/main s390x python3-paramiko all 2.0.0-1ubuntu1.2 [110 kB]
INFO:kolla.common.utils.cinder-api:Get:65 http://ports.ubuntu.com bionic/main s390x python3-voluptuous all 0.9.3-1 [24.2 kB]
INFO:kolla.common.utils.cinder-api:Get:66 http://ubuntu-cloud.archive.canonical.com/ubuntu bionic-updates/ussuri/main s390x cinder-api all 2:15.0.0-0ubuntu1~cloud0 [15.0 kB]
INFO:kolla.common.utils.cinder-api:Fetched 9,138 kB in 0s (52.0 MB/s)
INFO:kolla.common.utils.cinder-api:Selecting previously unselected package libapr1:s390x.
INFO:kolla.common.utils.cinder-api:(Reading database ... (Reading database ... 5%(Reading database ... 10%(Reading database ... 15%(Reading database ... 20%(Reading database ... 25%(Reading database ... 30%(Reading database ... 35%(Reading database ... 40%(Reading database ... 45%(Reading database ... 50%(Reading database ... 55%(Reading database ... 60%(Reading database ... 65%(Reading database ... 70%(Reading database ... 75%(Reading database ... 80%
INFO:kolla.common.utils.cinder-api:(Reading database ... 85%
INFO:kolla.common.utils.cinder-api:(Reading database ... 90%
INFO:kolla.common.utils.cinder-api:(Reading database ... 95%
INFO:kolla.common.utils.cinder-api:(Reading database ... 100%(Reading database ... 22818 files and directories currently installed.)
INFO:kolla.common.utils.cinder-api:Preparing to unpack .../00-libapr1_1.6.3-2_s390x.deb ...
INFO:kolla.common.utils.cinder-api:Unpacking libapr1:s390x (1.6.3-2) ...
INFO:kolla.common.utils.cinder-api:Selecting previously unselected package libaprutil1:s390x.
INFO:kolla.common.utils.cinder-api:Preparing to unpack .../01-libaprutil1_1.6.1-2_s390x.deb ...
INFO:kolla.common.utils.cinder-api:Unpacking libaprutil1:s390x (1.6.1-2) ...
INFO:kolla.common.utils.cinder-api:Selecting previously unselected package libaprutil1-dbd-sqlite3:s390x.
INFO:kolla.common.utils.cinder-api:Preparing to unpack .../02-libaprutil1-dbd-sqlite3_1.6.1-2_s390x.deb ...
INFO:kolla.common.utils.cinder-api:Unpacking libaprutil1-dbd-sqlite3:s390x (1.6.1-2) ...
INFO:kolla.common.utils.cinder-api:Selecting previously unselected package libaprutil1-ldap:s390x.
INFO:kolla.common.utils.cinder-api:Preparing to unpack .../03-libaprutil1-ldap_1.6.1-2_s390x.deb ...
INFO:kolla.common.utils.cinder-api:Unpacking libaprutil1-ldap:s390x (1.6.1-2) ...
INFO:kolla.common.utils.cinder-api:Selecting previously unselected package liblua5.2-0:s390x.
INFO:kolla.common.utils.cinder-api:Preparing to unpack .../04-liblua5.2-0_5.2.4-1.1build1_s390x.deb ...
INFO:kolla.common.utils.cinder-api:Unpacking liblua5.2-0:s390x (5.2.4-1.1build1) ...
INFO:kolla.common.utils.cinder-api:Selecting previously unselected package apache2-bin.
INFO:kolla.common.utils.cinder-api:Preparing to unpack .../05-apache2-bin_2.4.29-1ubuntu4.12_s390x.deb ...
INFO:kolla.common.utils.cinder-api:Unpacking apache2-bin (2.4.29-1ubuntu4.12) ...
INFO:kolla.common.utils.cinder-api:Selecting previously unselected package apache2-utils.
INFO:kolla.common.utils.cinder-api:Preparing to unpack .../06-apache2-utils_2.4.29-1ubuntu4.12_s390x.deb ...
INFO:kolla.common.utils.cinder-api:Unpacking apache2-utils (2.4.29-1ubuntu4.12) ...
INFO:kolla.common.utils.cinder-api:Selecting previously unselected package apache2-data.
INFO:kolla.common.utils.cinder-api:Preparing to unpack .../07-apache2-data_2.4.29-1ubuntu4.12_all.deb ...
INFO:kolla.common.utils.cinder-api:Unpacking apache2-data (2.4.29-1ubuntu4.12) ...
INFO:kolla.common.utils.cinder-api:Selecting previously unselected package apache2.
INFO:kolla.common.utils.cinder-api:Preparing to unpack .../08-apache2_2.4.29-1ubuntu4.12_s390x.deb ...
INFO:kolla.common.utils.cinder-api:Unpacking apache2 (2.4.29-1ubuntu4.12) ...
INFO:kolla.common.utils.cinder-api:Selecting previously unselected package python3-sqlalchemy.
INFO:kolla.common.utils.cinder-api:Preparing to unpack .../09-python3-sqlalchemy_1.2.18+ds1-2ubuntu2~cloud0_all.deb ...
INFO:kolla.common.utils.cinder-api:Unpacking python3-sqlalchemy (1.2.18+ds1-2ubuntu2~cloud0) ...
INFO:kolla.common.utils.cinder-api:Selecting previously unselected package python3-alembic.
INFO:kolla.common.utils.cinder-api:Preparing to unpack .../10-python3-alembic_1.0.0-2ubuntu2~cloud0_all.deb ...
INFO:kolla.common.utils.cinder-api:Unpacking python3-alembic (1.0.0-2ubuntu2~cloud0) ...
INFO:kolla.common.utils.cinder-api:Selecting previously unselected package libjs-jquery.
INFO:kolla.common.utils.cinder-api:Preparing to unpack .../11-libjs-jquery_3.2.1-1_all.deb ...
INFO:kolla.common.utils.cinder-api:Unpacking libjs-jquery (3.2.1-1) ...
INFO:kolla.common.utils.cinder-api:Selecting previously unselected package libjs-underscore.
INFO:kolla.common.utils.cinder-api:Preparing to unpack .../12-libjs-underscore_1.8.3~dfsg-1_all.deb ...
INFO:kolla.common.utils.cinder-api:Unpacking libjs-underscore (1.8.3~dfsg-1) ...
INFO:kolla.common.utils.cinder-api:Selecting previously unselected package libjs-sphinxdoc.
INFO:kolla.common.utils.cinder-api:Preparing to unpack .../13-libjs-sphinxdoc_1.8.5-3~cloud0_all.deb ...
INFO:kolla.common.utils.cinder-api:Unpacking libjs-sphinxdoc (1.8.5-3~cloud0) ...
INFO:kolla.common.utils.cinder-api:Selecting previously unselected package alembic.
INFO:kolla.common.utils.cinder-api:Preparing to unpack .../14-alembic_1.0.0-2ubuntu2~cloud0_all.deb ...
INFO:kolla.common.utils.cinder-api:Unpacking alembic (1.0.0-2ubuntu2~cloud0) ...
INFO:kolla.common.utils.cinder-api:Selecting previously unselected package libapache2-mod-wsgi-py3.
INFO:kolla.common.utils.cinder-api:Preparing to unpack .../15-libapache2-mod-wsgi-py3_4.5.17-1ubuntu1_s390x.deb ...
INFO:kolla.common.utils.cinder-api:Unpacking libapache2-mod-wsgi-py3 (4.5.17-1ubuntu1) ...
INFO:kolla.common.utils.cinder-api:Selecting previously unselected package os-brick-common.
INFO:kolla.common.utils.cinder-api:Preparing to unpack .../16-os-brick-common_2.10.0-0ubuntu1~cloud0_all.deb ...
INFO:kolla.common.utils.cinder-api:Unpacking os-brick-common (2.10.0-0ubuntu1~cloud0) ...
INFO:kolla.common.utils.cinder-api:Selecting previously unselected package pycadf-common.
INFO:kolla.common.utils.cinder-api:Preparing to unpack .../17-pycadf-common_2.7.0-0ubuntu1_all.deb ...
INFO:kolla.common.utils.cinder-api:Unpacking pycadf-common (2.7.0-0ubuntu1) ...
INFO:kolla.common.utils.cinder-api:Selecting previously unselected package python-pastedeploy-tpl.
INFO:kolla.common.utils.cinder-api:Preparing to unpack .../18-python-pastedeploy-tpl_1.5.2-4_all.deb ...
INFO:kolla.common.utils.cinder-api:Unpacking python-pastedeploy-tpl (1.5.2-4) ...
INFO:kolla.common.utils.cinder-api:Selecting previously unselected package python3-vine.
INFO:kolla.common.utils.cinder-api:Preparing to unpack .../19-python3-vine_1.1.4+dfsg-2_all.deb ...
INFO:kolla.common.utils.cinder-api:Unpacking python3-vine (1.1.4+dfsg-2) ...
INFO:kolla.common.utils.cinder-api:Selecting previously unselected package python3-amqp.
INFO:kolla.common.utils.cinder-api:Preparing to unpack .../20-python3-amqp_2.5.0-2~cloud0_all.deb ...
INFO:kolla.common.utils.cinder-api:Unpacking python3-amqp (2.5.0-2~cloud0) ...
INFO:kolla.common.utils.cinder-api:Selecting previously unselected package python3-anyjson.
INFO:kolla.common.utils.cinder-api:Preparing to unpack .../21-python3-anyjson_0.3.3-1build1_all.deb ...
INFO:kolla.common.utils.cinder-api:Unpacking python3-anyjson (0.3.3-1build1) ...
INFO:kolla.common.utils.cinder-api:Selecting previously unselected package python3-automaton.
INFO:kolla.common.utils.cinder-api:Preparing to unpack .../22-python3-automaton_1.14.0-0ubuntu1_all.deb ...
INFO:kolla.common.utils.cinder-api:Unpacking python3-automaton (1.14.0-0ubuntu1) ...
INFO:kolla.common.utils.cinder-api:Selecting previously unselected package python3-cachetools.
INFO:kolla.common.utils.cinder-api:Preparing to unpack .../23-python3-cachetools_3.1.0-2~cloud0_all.deb ...
INFO:kolla.common.utils.cinder-api:Unpacking python3-cachetools (3.1.0-2~cloud0) ...
INFO:kolla.common.utils.cinder-api:Selecting previously unselected package python3-castellan.
INFO:kolla.common.utils.cinder-api:Preparing to unpack .../24-python3-castellan_1.3.1-0ubuntu1~cloud0_all.deb ...
INFO:kolla.common.utils.cinder-api:Unpacking python3-castellan (1.3.1-0ubuntu1~cloud0) ...
INFO:kolla.common.utils.cinder-api:Selecting previously unselected package python3-pycparser.
INFO:kolla.common.utils.cinder-api:Preparing to unpack .../25-python3-pycparser_2.18-2_all.deb ...
INFO:kolla.common.utils.cinder-api:Unpacking python3-pycparser (2.18-2) ...
INFO:kolla.common.utils.cinder-api:Selecting previously unselected package python3-cffi.
INFO:kolla.common.utils.cinder-api:Preparing to unpack .../26-python3-cffi_1.11.5-1_all.deb ...
INFO:kolla.common.utils.cinder-api:Unpacking python3-cffi (1.11.5-1) ...
INFO:kolla.common.utils.cinder-api:Selecting previously unselected package python3-cursive.
INFO:kolla.common.utils.cinder-api:Preparing to unpack .../27-python3-cursive_0.2.1-0ubuntu1_all.deb ...
INFO:kolla.common.utils.cinder-api:Unpacking python3-cursive (0.2.1-0ubuntu1) ...
INFO:kolla.common.utils.cinder-api:Selecting previously unselected package python3-defusedxml.
INFO:kolla.common.utils.cinder-api:Preparing to unpack .../28-python3-defusedxml_0.5.0-1ubuntu1_all.deb ...
INFO:kolla.common.utils.cinder-api:Unpacking python3-defusedxml (0.5.0-1ubuntu1) ...
INFO:kolla.common.utils.cinder-api:Selecting previously unselected package python3-jinja2.
INFO:kolla.common.utils.cinder-api:Preparing to unpack .../29-python3-jinja2_2.10-1ubuntu0.18.04.1_all.deb ...
INFO:kolla.common.utils.cinder-api:Unpacking python3-jinja2 (2.10-1ubuntu0.18.04.1) ...
INFO:kolla.common.utils.cinder-api:Selecting previously unselected package python3-oslo.cache.
INFO:kolla.common.utils.cinder-api:Preparing to unpack .../30-python3-oslo.cache_1.37.0-0ubuntu1~cloud0_all.deb ...
INFO:kolla.common.utils.cinder-api:Unpacking python3-oslo.cache (1.37.0-0ubuntu1~cloud0) ...
INFO:kolla.common.utils.cinder-api:Selecting previously unselected package python3-pycadf.
INFO:kolla.common.utils.cinder-api:Preparing to unpack .../31-python3-pycadf_2.7.0-0ubuntu1_all.deb ...
INFO:kolla.common.utils.cinder-api:Unpacking python3-pycadf (2.7.0-0ubuntu1) ...
INFO:kolla.common.utils.cinder-api:Selecting previously unselected package python3-keystonemiddleware.
INFO:kolla.common.utils.cinder-api:Preparing to unpack .../32-python3-keystonemiddleware_7.0.1-0ubuntu1~cloud0_all.deb ...
INFO:kolla.common.utils.cinder-api:Unpacking python3-keystonemiddleware (7.0.1-0ubuntu1~cloud0) ...
INFO:kolla.common.utils.cinder-api:Selecting previously unselected package python3-kombu.
INFO:kolla.common.utils.cinder-api:Preparing to unpack .../33-python3-kombu_4.1.0-1_all.deb ...
INFO:kolla.common.utils.cinder-api:Unpacking python3-kombu (4.1.0-1) ...
INFO:kolla.common.utils.cinder-api:Selecting previously unselected package python3-sqlparse.
INFO:kolla.common.utils.cinder-api:Preparing to unpack .../34-python3-sqlparse_0.2.4-0.1_all.deb ...
INFO:kolla.common.utils.cinder-api:Unpacking python3-sqlparse (0.2.4-0.1) ...
INFO:kolla.common.utils.cinder-api:Selecting previously unselected package python3-tempita.
INFO:kolla.common.utils.cinder-api:Preparing to unpack .../35-python3-tempita_0.5.2-2_all.deb ...
INFO:kolla.common.utils.cinder-api:Unpacking python3-tempita (0.5.2-2) ...
INFO:kolla.common.utils.cinder-api:Selecting previously unselected package python3-migrate.
INFO:kolla.common.utils.cinder-api:Preparing to unpack .../36-python3-migrate_0.12.0-3~cloud0_all.deb ...
INFO:kolla.common.utils.cinder-api:Unpacking python3-migrate (0.12.0-3~cloud0) ...
INFO:kolla.common.utils.cinder-api:Selecting previously unselected package python3-networkx.
INFO:kolla.common.utils.cinder-api:Preparing to unpack .../37-python3-networkx_1.11-1ubuntu3_all.deb ...
INFO:kolla.common.utils.cinder-api:Unpacking python3-networkx (1.11-1ubuntu3) ...
INFO:kolla.common.utils.cinder-api:Selecting previously unselected package python3-paste.
INFO:kolla.common.utils.cinder-api:Preparing to unpack .../38-python3-paste_2.0.3+dfsg-4ubuntu1_all.deb ...
INFO:kolla.common.utils.cinder-api:Unpacking python3-paste (2.0.3+dfsg-4ubuntu1) ...
INFO:kolla.common.utils.cinder-api:Selecting previously unselected package python3-pastedeploy.
INFO:kolla.common.utils.cinder-api:Preparing to unpack .../39-python3-pastedeploy_1.5.2-4_all.deb ...
INFO:kolla.common.utils.cinder-api:Unpacking python3-pastedeploy (1.5.2-4) ...
INFO:kolla.common.utils.cinder-api:Selecting previously unselected package python3-repoze.lru.
INFO:kolla.common.utils.cinder-api:Preparing to unpack .../40-python3-repoze.lru_0.7-1_all.deb ...
INFO:kolla.common.utils.cinder-api:Unpacking python3-repoze.lru (0.7-1) ...
INFO:kolla.common.utils.cinder-api:Selecting previously unselected package python3-routes.
INFO:kolla.common.utils.cinder-api:Preparing to unpack .../41-python3-routes_2.4.1-1_all.deb ...
INFO:kolla.common.utils.cinder-api:Unpacking python3-routes (2.4.1-1) ...
INFO:kolla.common.utils.cinder-api:Selecting previously unselected package python3-oslo.service.
INFO:kolla.common.utils.cinder-api:Preparing to unpack .../42-python3-oslo.service_1.40.2-0ubuntu1~cloud0_all.deb ...
INFO:kolla.common.utils.cinder-api:Unpacking python3-oslo.service (1.40.2-0ubuntu1~cloud0) ...
INFO:kolla.common.utils.cinder-api:Selecting previously unselected package python3-os-win.
INFO:kolla.common.utils.cinder-api:Preparing to unpack .../43-python3-os-win_4.3.2-0ubuntu1~cloud0_all.deb ...
INFO:kolla.common.utils.cinder-api:Unpacking python3-os-win (4.3.2-0ubuntu1~cloud0) ...
INFO:kolla.common.utils.cinder-api:Selecting previously unselected package python3-oslo.privsep.
INFO:kolla.common.utils.cinder-api:Preparing to unpack .../44-python3-oslo.privsep_1.33.3-0ubuntu1~cloud0_all.deb ...
INFO:kolla.common.utils.cinder-api:Unpacking python3-oslo.privsep (1.33.3-0ubuntu1~cloud0) ...
INFO:kolla.common.utils.cinder-api:Selecting previously unselected package python3-retrying.
INFO:kolla.common.utils.cinder-api:Preparing to unpack .../45-python3-retrying_1.3.3-3_all.deb ...
INFO:kolla.common.utils.cinder-api:Unpacking python3-retrying (1.3.3-3) ...
INFO:kolla.common.utils.cinder-api:Selecting previously unselected package python3-os-brick.
INFO:kolla.common.utils.cinder-api:Preparing to unpack .../46-python3-os-brick_2.10.0-0ubuntu1~cloud0_all.deb ...
INFO:kolla.common.utils.cinder-api:Unpacking python3-os-brick (2.10.0-0ubuntu1~cloud0) ...
INFO:kolla.common.utils.cinder-api:Selecting previously unselected package python3-testresources.
INFO:kolla.common.utils.cinder-api:Preparing to unpack .../47-python3-testresources_2.0.0-2_all.deb ...
INFO:kolla.common.utils.cinder-api:Unpacking python3-testresources (2.0.0-2) ...
INFO:kolla.common.utils.cinder-api:Selecting previously unselected package python3-testscenarios.
INFO:kolla.common.utils.cinder-api:Preparing to unpack .../48-python3-testscenarios_0.5.0-2~cloud0_all.deb ...
INFO:kolla.common.utils.cinder-api:Unpacking python3-testscenarios (0.5.0-2~cloud0) ...
INFO:kolla.common.utils.cinder-api:Selecting previously unselected package python3-oslo.db.
INFO:kolla.common.utils.cinder-api:Preparing to unpack .../49-python3-oslo.db_5.0.2-0ubuntu1~cloud0_all.deb ...
INFO:kolla.common.utils.cinder-api:Unpacking python3-oslo.db (5.0.2-0ubuntu1~cloud0) ...
INFO:kolla.common.utils.cinder-api:Selecting previously unselected package python3-oslo.middleware.
INFO:kolla.common.utils.cinder-api:Preparing to unpack .../50-python3-oslo.middleware_3.38.1-0ubuntu1~cloud0_all.deb ...
INFO:kolla.common.utils.cinder-api:Unpacking python3-oslo.middleware (3.38.1-0ubuntu1~cloud0) ...
INFO:kolla.common.utils.cinder-api:Selecting previously unselected package python3-tenacity.
INFO:kolla.common.utils.cinder-api:Preparing to unpack .../51-python3-tenacity_5.1.1-0ubuntu2~cloud0_all.deb ...
INFO:kolla.common.utils.cinder-api:Unpacking python3-tenacity (5.1.1-0ubuntu2~cloud0) ...
INFO:kolla.common.utils.cinder-api:Selecting previously unselected package python3-oslo.messaging.
INFO:kolla.common.utils.cinder-api:Preparing to unpack .../52-python3-oslo.messaging_9.7.1-0ubuntu3~cloud0_all.deb ...
INFO:kolla.common.utils.cinder-api:Unpacking python3-oslo.messaging (9.7.1-0ubuntu3~cloud0) ...
INFO:kolla.common.utils.cinder-api:Selecting previously unselected package python3-oslo.policy.
INFO:kolla.common.utils.cinder-api:Preparing to unpack .../53-python3-oslo.policy_2.3.2-0ubuntu1~cloud0_all.deb ...
INFO:kolla.common.utils.cinder-api:Unpacking python3-oslo.policy (2.3.2-0ubuntu1~cloud0) ...
INFO:kolla.common.utils.cinder-api:Selecting previously unselected package python3-psutil.
INFO:kolla.common.utils.cinder-api:Preparing to unpack .../54-python3-psutil_5.5.1-1build1~cloud0_s390x.deb ...
INFO:kolla.common.utils.cinder-api:Unpacking python3-psutil (5.5.1-1build1~cloud0) ...
INFO:kolla.common.utils.cinder-api:Selecting previously unselected package python3-oslo.reports.
INFO:kolla.common.utils.cinder-api:Preparing to unpack .../55-python3-oslo.reports_1.30.0-0ubuntu1~cloud0_all.deb ...
INFO:kolla.common.utils.cinder-api:Unpacking python3-oslo.reports (1.30.0-0ubuntu1~cloud0) ...
INFO:kolla.common.utils.cinder-api:Selecting previously unselected package python3-oslo.rootwrap.
INFO:kolla.common.utils.cinder-api:Preparing to unpack .../56-python3-oslo.rootwrap_5.16.1-0ubuntu1~cloud0_all.deb ...
INFO:kolla.common.utils.cinder-api:Unpacking python3-oslo.rootwrap (5.16.1-0ubuntu1~cloud0) ...
INFO:kolla.common.utils.cinder-api:Selecting previously unselected package python3-oslo.upgradecheck.
INFO:kolla.common.utils.cinder-api:Preparing to unpack .../57-python3-oslo.upgradecheck_0.3.2-0ubuntu1~cloud0_all.deb ...
INFO:kolla.common.utils.cinder-api:Unpacking python3-oslo.upgradecheck (0.3.2-0ubuntu1~cloud0) ...
INFO:kolla.common.utils.cinder-api:Selecting previously unselected package python3-oslo.versionedobjects.
INFO:kolla.common.utils.cinder-api:Preparing to unpack .../58-python3-oslo.versionedobjects_1.36.1-0ubuntu1~cloud0_all.deb ...
INFO:kolla.common.utils.cinder-api:Unpacking python3-oslo.versionedobjects (1.36.1-0ubuntu1~cloud0) ...
INFO:kolla.common.utils.cinder-api:Selecting previously unselected package python3-pyasn1.
INFO:kolla.common.utils.cinder-api:Preparing to unpack .../59-python3-pyasn1_0.4.2-3_all.deb ...
INFO:kolla.common.utils.cinder-api:Unpacking python3-pyasn1 (0.4.2-3) ...
INFO:kolla.common.utils.cinder-api:Selecting previously unselected package python3-paramiko.
INFO:kolla.common.utils.cinder-api:Preparing to unpack .../60-python3-paramiko_2.0.0-1ubuntu1.2_all.deb ...
INFO:kolla.common.utils.cinder-api:Unpacking python3-paramiko (2.0.0-1ubuntu1.2) ...
INFO:kolla.common.utils.cinder-api:Selecting previously unselected package python3-taskflow.
INFO:kolla.common.utils.cinder-api:Preparing to unpack .../61-python3-taskflow_3.7.1-0ubuntu2~cloud0_all.deb ...
INFO:kolla.common.utils.cinder-api:Unpacking python3-taskflow (3.7.1-0ubuntu2~cloud0) ...
INFO:kolla.common.utils.cinder-api:Selecting previously unselected package python3-voluptuous.
INFO:kolla.common.utils.cinder-api:Preparing to unpack .../62-python3-voluptuous_0.9.3-1_all.deb ...
INFO:kolla.common.utils.cinder-api:Unpacking python3-voluptuous (0.9.3-1) ...
INFO:kolla.common.utils.cinder-api:Selecting previously unselected package python3-tooz.
INFO:kolla.common.utils.cinder-api:Preparing to unpack .../63-python3-tooz_1.66.2-0ubuntu1~cloud0_all.deb ...
INFO:kolla.common.utils.cinder-api:Unpacking python3-tooz (1.66.2-0ubuntu1~cloud0) ...
INFO:kolla.common.utils.cinder-api:Selecting previously unselected package python3-cinder.
INFO:kolla.common.utils.cinder-api:Preparing to unpack .../64-python3-cinder_2%3a15.0.0-0ubuntu1~cloud0_all.deb ...
INFO:kolla.common.utils.cinder-api:Unpacking python3-cinder (2:15.0.0-0ubuntu1~cloud0) ...
INFO:kolla.common.utils.cinder-api:Selecting previously unselected package cinder-api.
INFO:kolla.common.utils.cinder-api:Preparing to unpack .../65-cinder-api_2%3a15.0.0-0ubuntu1~cloud0_all.deb ...
INFO:kolla.common.utils.cinder-api:Unpacking cinder-api (2:15.0.0-0ubuntu1~cloud0) ...
INFO:kolla.common.utils.cinder-api:Setting up libjs-jquery (3.2.1-1) ...
INFO:kolla.common.utils.cinder-api:Setting up libapr1:s390x (1.6.3-2) ...
INFO:kolla.common.utils.cinder-api:Setting up python3-sqlalchemy (1.2.18+ds1-2ubuntu2~cloud0) ...
INFO:kolla.common.utils.cinder-api:Setting up libjs-underscore (1.8.3~dfsg-1) ...
INFO:kolla.common.utils.cinder-api:Setting up python3-sqlparse (0.2.4-0.1) ...
INFO:kolla.common.utils.cinder-api:Setting up python3-oslo.rootwrap (5.16.1-0ubuntu1~cloud0) ...
INFO:kolla.common.utils.cinder-api:Setting up python3-tempita (0.5.2-2) ...
INFO:kolla.common.utils.cinder-api:Setting up python3-alembic (1.0.0-2ubuntu2~cloud0) ...
INFO:kolla.common.utils.cinder-api:Setting up libjs-sphinxdoc (1.8.5-3~cloud0) ...
INFO:kolla.common.utils.cinder-api:Setting up apache2-data (2.4.29-1ubuntu4.12) ...
INFO:kolla.common.utils.cinder-api:Setting up python3-castellan (1.3.1-0ubuntu1~cloud0) ...
INFO:kolla.common.utils.cinder-api:Setting up python3-tenacity (5.1.1-0ubuntu2~cloud0) ...
INFO:kolla.common.utils.cinder-api:Setting up python3-testscenarios (0.5.0-2~cloud0) ...
INFO:kolla.common.utils.cinder-api:Setting up python3-cursive (0.2.1-0ubuntu1) ...
INFO:kolla.common.utils.cinder-api:Setting up python3-oslo.policy (2.3.2-0ubuntu1~cloud0) ...
INFO:kolla.common.utils.cinder-api:Setting up python3-psutil (5.5.1-1build1~cloud0) ...
INFO:kolla.common.utils.cinder-api:Setting up python3-testresources (2.0.0-2) ...
INFO:kolla.common.utils.cinder-api:Setting up python3-pyasn1 (0.4.2-3) ...
INFO:kolla.common.utils.cinder-api:Setting up pycadf-common (2.7.0-0ubuntu1) ...
INFO:kolla.common.utils.cinder-api:Setting up python3-defusedxml (0.5.0-1ubuntu1) ...
INFO:kolla.common.utils.cinder-api:Setting up python3-oslo.cache (1.37.0-0ubuntu1~cloud0) ...
INFO:kolla.common.utils.cinder-api:Setting up python3-networkx (1.11-1ubuntu3) ...
INFO:kolla.common.utils.cinder-api:Setting up os-brick-common (2.10.0-0ubuntu1~cloud0) ...
INFO:kolla.common.utils.cinder-api:Setting up python3-pycadf (2.7.0-0ubuntu1) ...
INFO:kolla.common.utils.cinder-api:Setting up libaprutil1:s390x (1.6.1-2) ...
INFO:kolla.common.utils.cinder-api:Setting up python3-jinja2 (2.10-1ubuntu0.18.04.1) ...
INFO:kolla.common.utils.cinder-api:Setting up python3-repoze.lru (0.7-1) ...
INFO:kolla.common.utils.cinder-api:Setting up python3-retrying (1.3.3-3) ...
INFO:kolla.common.utils.cinder-api:Setting up python3-paste (2.0.3+dfsg-4ubuntu1) ...
INFO:kolla.common.utils.cinder-api:Setting up python3-pycparser (2.18-2) ...
INFO:kolla.common.utils.cinder-api:Setting up python3-migrate (0.12.0-3~cloud0) ...
INFO:kolla.common.utils.cinder-api:Setting up python3-anyjson (0.3.3-1build1) ...
INFO:kolla.common.utils.cinder-api:Setting up python3-cffi (1.11.5-1) ...
INFO:kolla.common.utils.cinder-api:Setting up liblua5.2-0:s390x (5.2.4-1.1build1) ...
INFO:kolla.common.utils.cinder-api:Setting up python3-keystonemiddleware (7.0.1-0ubuntu1~cloud0) ...
INFO:kolla.common.utils.cinder-api:Setting up python-pastedeploy-tpl (1.5.2-4) ...
INFO:kolla.common.utils.cinder-api:Setting up python3-cachetools (3.1.0-2~cloud0) ...
INFO:kolla.common.utils.cinder-api:Setting up python3-vine (1.1.4+dfsg-2) ...
INFO:kolla.common.utils.cinder-api:Setting up python3-automaton (1.14.0-0ubuntu1) ...
INFO:kolla.common.utils.cinder-api:Setting up python3-voluptuous (0.9.3-1) ...
INFO:kolla.common.utils.cinder-api:Setting up python3-oslo.upgradecheck (0.3.2-0ubuntu1~cloud0) ...
INFO:kolla.common.utils.cinder-api:Setting up alembic (1.0.0-2ubuntu2~cloud0) ...
INFO:kolla.common.utils.cinder-api:Setting up python3-routes (2.4.1-1) ...
INFO:kolla.common.utils.cinder-api:Setting up libaprutil1-ldap:s390x (1.6.1-2) ...
INFO:kolla.common.utils.cinder-api:Setting up python3-paramiko (2.0.0-1ubuntu1.2) ...
INFO:kolla.common.utils.cinder-api:Setting up python3-oslo.middleware (3.38.1-0ubuntu1~cloud0) ...
INFO:kolla.common.utils.cinder-api:Setting up libaprutil1-dbd-sqlite3:s390x (1.6.1-2) ...
INFO:kolla.common.utils.cinder-api:Setting up python3-amqp (2.5.0-2~cloud0) ...
INFO:kolla.common.utils.cinder-api:Setting up python3-oslo.reports (1.30.0-0ubuntu1~cloud0) ...
INFO:kolla.common.utils.cinder-api:Setting up apache2-utils (2.4.29-1ubuntu4.12) ...
INFO:kolla.common.utils.cinder-api:Setting up python3-tooz (1.66.2-0ubuntu1~cloud0) ...
INFO:kolla.common.utils.cinder-api:Setting up apache2-bin (2.4.29-1ubuntu4.12) ...
INFO:kolla.common.utils.cinder-api:Setting up python3-kombu (4.1.0-1) ...
INFO:kolla.common.utils.cinder-api:Setting up python3-oslo.db (5.0.2-0ubuntu1~cloud0) ...
INFO:kolla.common.utils.cinder-api:Setting up python3-oslo.privsep (1.33.3-0ubuntu1~cloud0) ...
INFO:kolla.common.utils.cinder-api:Setting up python3-pastedeploy (1.5.2-4) ...
INFO:kolla.common.utils.cinder-api:Setting up libapache2-mod-wsgi-py3 (4.5.17-1ubuntu1) ...
INFO:kolla.common.utils.cinder-api:Package apache2 is not configured yet. Will defer actions by package libapache2-mod-wsgi-py3.
INFO:kolla.common.utils.cinder-api:Setting up python3-taskflow (3.7.1-0ubuntu2~cloud0) ...
INFO:kolla.common.utils.cinder-api:Setting up apache2 (2.4.29-1ubuntu4.12) ...
INFO:kolla.common.utils.cinder-api:Enabling module mpm_event.
INFO:kolla.common.utils.cinder-api:Enabling module authz_core.
INFO:kolla.common.utils.cinder-api:Enabling module authz_host.
INFO:kolla.common.utils.cinder-api:Enabling module authn_core.
INFO:kolla.common.utils.cinder-api:Enabling module auth_basic.
INFO:kolla.common.utils.cinder-api:Enabling module access_compat.
INFO:kolla.common.utils.cinder-api:Enabling module authn_file.
INFO:kolla.common.utils.cinder-api:Enabling module authz_user.
INFO:kolla.common.utils.cinder-api:Enabling module alias.
INFO:kolla.common.utils.cinder-api:Enabling module dir.
INFO:kolla.common.utils.cinder-api:Enabling module autoindex.
INFO:kolla.common.utils.cinder-api:Enabling module env.
INFO:kolla.common.utils.cinder-api:Enabling module mime.
INFO:kolla.common.utils.cinder-api:Enabling module negotiation.
INFO:kolla.common.utils.cinder-api:Enabling module setenvif.
INFO:kolla.common.utils.cinder-api:Enabling module filter.
INFO:kolla.common.utils.cinder-api:Enabling module deflate.
INFO:kolla.common.utils.cinder-api:Enabling module status.
INFO:kolla.common.utils.cinder-api:Enabling module reqtimeout.
INFO:kolla.common.utils.cinder-api:Enabling conf charset.
INFO:kolla.common.utils.cinder-api:Enabling conf localized-error-pages.
INFO:kolla.common.utils.cinder-api:Enabling conf other-vhosts-access-log.
INFO:kolla.common.utils.cinder-api:Enabling conf security.
INFO:kolla.common.utils.cinder-api:Enabling conf serve-cgi-bin.
INFO:kolla.common.utils.cinder-api:Enabling site 000-default.
INFO:kolla.common.utils.cinder-api:info: Executing deferred 'a2enmod wsgi' for package libapache2-mod-wsgi-py3
INFO:kolla.common.utils.cinder-api:Enabling module wsgi.
INFO:kolla.common.utils.cinder-api:invoke-rc.d: could not determine current runlevel
INFO:kolla.common.utils.cinder-api:invoke-rc.d: policy-rc.d denied execution of start.
INFO:kolla.common.utils.cinder-api:Setting up python3-oslo.service (1.40.2-0ubuntu1~cloud0) ...
INFO:kolla.common.utils.cinder-api:Setting up python3-os-win (4.3.2-0ubuntu1~cloud0) ...
INFO:kolla.common.utils.cinder-api:Setting up python3-oslo.messaging (9.7.1-0ubuntu3~cloud0) ...
INFO:kolla.common.utils.cinder-api:Setting up python3-os-brick (2.10.0-0ubuntu1~cloud0) ...
INFO:kolla.common.utils.cinder-api:Setting up python3-oslo.versionedobjects (1.36.1-0ubuntu1~cloud0) ...
INFO:kolla.common.utils.cinder-api:Setting up python3-cinder (2:15.0.0-0ubuntu1~cloud0) ...
INFO:kolla.common.utils.cinder-api:Setting up cinder-api (2:15.0.0-0ubuntu1~cloud0) ...
INFO:kolla.common.utils.cinder-api:apache2_invoke: Enable configuration cinder-wsgi
INFO:kolla.common.utils.cinder-api:invoke-rc.d: could not determine current runlevel
INFO:kolla.common.utils.cinder-api:invoke-rc.d: policy-rc.d denied execution of reload.
INFO:kolla.common.utils.cinder-api:Processing triggers for libc-bin (2.27-3ubuntu1) ...
INFO:kolla.common.utils.cinder-api:Removing intermediate container 29da99abe51f
INFO:kolla.common.utils.cinder-api: ---> 96dce789bcb5
INFO:kolla.common.utils.cinder-api:Step 4/6 : RUN mkdir -p /var/www/cgi-bin/cinder     && cp -a /usr/bin/cinder-wsgi /var/www/cgi-bin/cinder/cinder-wsgi     && echo > /etc/apache2/ports.conf
INFO:kolla.common.utils.cinder-api: ---> Running in e7aecae9df23
INFO:kolla.common.utils.cinder-api:Removing intermediate container e7aecae9df23
INFO:kolla.common.utils.cinder-api: ---> 953053b31f61
INFO:kolla.common.utils.cinder-api:Step 5/6 : COPY extend_start.sh /usr/local/bin/kolla_cinder_extend_start
INFO:kolla.common.utils.cinder-api: ---> 1b357d46af72
INFO:kolla.common.utils.cinder-api:Step 6/6 : RUN chmod 755 /usr/local/bin/kolla_cinder_extend_start     && chown -R cinder: /var/www/cgi-bin/cinder     && chmod 755 /var/www/cgi-bin/cinder/cinder-wsgi
INFO:kolla.common.utils.cinder-api: ---> Running in c9f1b3f47d8d
INFO:kolla.common.utils.cinder-api:Removing intermediate container c9f1b3f47d8d
INFO:kolla.common.utils.cinder-api: ---> 55e8a9e41880
INFO:kolla.common.utils.cinder-api:Successfully built 55e8a9e41880
INFO:kolla.common.utils.cinder-api:Successfully tagged s390x/ubuntu-binary-cinder-api:9.1.0
INFO:kolla.common.utils.cinder-api:Built at 2020-03-02 21:43:48.644760 (took 0:00:41.097614)
