INFO:kolla.common.utils.cinder-base:Building started at 2020-03-02 21:40:37.920694
INFO:kolla.common.utils.cinder-base:Step 1/7 : FROM s390x/ubuntu-binary-openstack-base:9.1.0
INFO:kolla.common.utils.cinder-base: ---> 0b248122f3fe
INFO:kolla.common.utils.cinder-base:Step 2/7 : LABEL maintainer="Kolla Project (https://launchpad.net/kolla)" name="cinder-base" build-date="20200302"
INFO:kolla.common.utils.cinder-base: ---> Running in 03bf3fddb937
INFO:kolla.common.utils.cinder-base:Removing intermediate container 03bf3fddb937
INFO:kolla.common.utils.cinder-base: ---> 34af2af469bf
INFO:kolla.common.utils.cinder-base:Step 3/7 : RUN usermod --append --home /var/lib/cinder --groups kolla cinder     && mkdir -p /var/lib/cinder     && chown -R 42407:42407 /var/lib/cinder
INFO:kolla.common.utils.cinder-base: ---> Running in cd05446b4e8f
INFO:kolla.common.utils.cinder-base:Removing intermediate container cd05446b4e8f
INFO:kolla.common.utils.cinder-base: ---> 6e85d7482ed8
INFO:kolla.common.utils.cinder-base:Step 4/7 : RUN apt-get update && apt-get -y install --no-install-recommends ceph-common cinder-common lvm2 cryptsetup python3-cephfs python3-oslo.vmware python3-rados python3-rbd && apt-get clean && rm -rf /var/lib/apt/lists/*
INFO:kolla.common.utils.cinder-base: ---> Running in 5be296169f73
INFO:kolla.common.utils.cinder-base:Get:1 http://ports.ubuntu.com bionic InRelease [242 kB]
INFO:kolla.common.utils.cinder-base:Ign:2 http://ubuntu-cloud.archive.canonical.com/ubuntu bionic-updates/ussuri InRelease
INFO:kolla.common.utils.cinder-base:Get:3 http://ports.ubuntu.com bionic-updates InRelease [88.7 kB]
INFO:kolla.common.utils.cinder-base:Get:4 http://ubuntu-cloud.archive.canonical.com/ubuntu bionic-updates/ussuri Release [7,884 B]
INFO:kolla.common.utils.cinder-base:Get:5 http://ports.ubuntu.com bionic-security InRelease [88.7 kB]
INFO:kolla.common.utils.cinder-base:Get:6 http://ubuntu-cloud.archive.canonical.com/ubuntu bionic-updates/ussuri Release.gpg [543 B]
INFO:kolla.common.utils.cinder-base:Get:7 http://ports.ubuntu.com bionic-backports InRelease [74.6 kB]
INFO:kolla.common.utils.cinder-base:Get:8 http://ports.ubuntu.com bionic/main s390x Packages [1,244 kB]
INFO:kolla.common.utils.cinder-base:Get:9 http://ubuntu-cloud.archive.canonical.com/ubuntu bionic-updates/ussuri/main s390x Packages [145 kB]
INFO:kolla.common.utils.cinder-base:Get:10 http://ports.ubuntu.com bionic/universe s390x Packages [10.8 MB]
INFO:kolla.common.utils.cinder-base:Get:11 http://ports.ubuntu.com bionic-updates/main s390x Packages [730 kB]
INFO:kolla.common.utils.cinder-base:Get:12 http://ports.ubuntu.com bionic-updates/universe s390x Packages [1,075 kB]
INFO:kolla.common.utils.cinder-base:Get:13 http://ports.ubuntu.com bionic-security/main s390x Packages [467 kB]
INFO:kolla.common.utils.cinder-base:Get:14 http://ports.ubuntu.com bionic-security/universe s390x Packages [625 kB]
INFO:kolla.common.utils.cinder-base:Get:15 http://ports.ubuntu.com bionic-backports/universe s390x Packages [4,242 B]
INFO:kolla.common.utils.cinder-base:Get:16 http://ports.ubuntu.com bionic-backports/main s390x Packages [2,494 B]
INFO:kolla.common.utils.cinder-base:Fetched 15.6 MB in 3s (5,955 kB/s)
INFO:kolla.common.utils.cinder-base:Reading package lists...
INFO:kolla.common.utils.cinder-base:Reading package lists...
INFO:kolla.common.utils.cinder-base:Building dependency tree...
INFO:kolla.common.utils.cinder-base:Reading state information...
INFO:kolla.common.utils.cinder-base:lvm2 is already the newest version (2.02.176-4.1ubuntu3.18.04.2).
INFO:kolla.common.utils.cinder-base:The following additional packages will be installed:
INFO:kolla.common.utils.cinder-base:  cryptsetup-bin libargon2-0 libbabeltrace1 libcephfs2 libcryptsetup12
INFO:kolla.common.utils.cinder-base:  libcurl3-gnutls libdw1 libjson-c3 libleveldb1v5 libnspr4 libnss3 liboath0
INFO:kolla.common.utils.cinder-base:  libpopt0 libpython3.6 librabbitmq4 librados2 libradosstriper1 librbd1
INFO:kolla.common.utils.cinder-base:  libsnappy1v5 python3-ceph-argparse python3-ddt python3-httplib2 python3-suds
INFO:kolla.common.utils.cinder-base:Suggested packages:
INFO:kolla.common.utils.cinder-base:  ceph ceph-mds dosfstools keyutils liblocale-gettext-perl
INFO:kolla.common.utils.cinder-base:Recommended packages:
INFO:kolla.common.utils.cinder-base:  busybox-static | busybox console-setup initramfs-tools
INFO:kolla.common.utils.cinder-base:  | linux-initramfs-tool kbd plymouth
INFO:kolla.common.utils.cinder-base:The following NEW packages will be installed:
INFO:kolla.common.utils.cinder-base:  ceph-common cinder-common cryptsetup cryptsetup-bin libargon2-0
INFO:kolla.common.utils.cinder-base:  libbabeltrace1 libcephfs2 libcryptsetup12 libcurl3-gnutls libdw1 libjson-c3
INFO:kolla.common.utils.cinder-base:  libleveldb1v5 libnspr4 libnss3 liboath0 libpopt0 libpython3.6 librabbitmq4
INFO:kolla.common.utils.cinder-base:  librados2 libradosstriper1 librbd1 libsnappy1v5 python3-ceph-argparse
INFO:kolla.common.utils.cinder-base:  python3-cephfs python3-ddt python3-httplib2 python3-oslo.vmware
INFO:kolla.common.utils.cinder-base:  python3-rados python3-rbd python3-suds
INFO:kolla.common.utils.cinder-base:0 upgraded, 30 newly installed, 0 to remove and 0 not upgraded.
INFO:kolla.common.utils.cinder-base:Need to get 19.4 MB of archives.
INFO:kolla.common.utils.cinder-base:After this operation, 86.4 MB of additional disk space will be used.
INFO:kolla.common.utils.cinder-base:Get:1 http://ports.ubuntu.com bionic/main s390x libargon2-0 s390x 0~20161029-1.1 [35.5 kB]
INFO:kolla.common.utils.cinder-base:Get:2 http://ubuntu-cloud.archive.canonical.com/ubuntu bionic-updates/ussuri/main s390x librados2 s390x 14.2.2-0ubuntu3~cloud0 [2,708 kB]
INFO:kolla.common.utils.cinder-base:Get:3 http://ports.ubuntu.com bionic/main s390x libjson-c3 s390x 0.12.1-1.3 [20.8 kB]
INFO:kolla.common.utils.cinder-base:Get:4 http://ports.ubuntu.com bionic-updates/main s390x libcryptsetup12 s390x 2:2.0.2-1ubuntu1.1 [120 kB]
INFO:kolla.common.utils.cinder-base:Get:5 http://ubuntu-cloud.archive.canonical.com/ubuntu bionic-updates/ussuri/main s390x librbd1 s390x 14.2.2-0ubuntu3~cloud0 [1,226 kB]
INFO:kolla.common.utils.cinder-base:Get:6 http://ports.ubuntu.com bionic/main s390x libpopt0 s390x 1.16-11 [24.7 kB]
INFO:kolla.common.utils.cinder-base:Get:7 http://ports.ubuntu.com bionic/main s390x libnspr4 s390x 2:4.18-1ubuntu1 [107 kB]
INFO:kolla.common.utils.cinder-base:Get:8 http://ports.ubuntu.com bionic-updates/main s390x libnss3 s390x 2:3.35-2ubuntu2.7 [1,034 kB]
INFO:kolla.common.utils.cinder-base:Get:9 http://ports.ubuntu.com bionic-updates/main s390x libpython3.6 s390x 3.6.9-1~18.04 [1,284 kB]
INFO:kolla.common.utils.cinder-base:Get:10 http://ubuntu-cloud.archive.canonical.com/ubuntu bionic-updates/ussuri/main s390x libcephfs2 s390x 14.2.2-0ubuntu3~cloud0 [407 kB]
INFO:kolla.common.utils.cinder-base:Get:11 http://ports.ubuntu.com bionic-updates/main s390x libdw1 s390x 0.170-0.4ubuntu0.1 [192 kB]
INFO:kolla.common.utils.cinder-base:Get:12 http://ubuntu-cloud.archive.canonical.com/ubuntu bionic-updates/ussuri/main s390x python3-ceph-argparse s390x 14.2.2-0ubuntu3~cloud0 [43.1 kB]
INFO:kolla.common.utils.cinder-base:Get:13 http://ports.ubuntu.com bionic/main s390x libbabeltrace1 s390x 1.5.5-1 [141 kB]
INFO:kolla.common.utils.cinder-base:Get:14 http://ubuntu-cloud.archive.canonical.com/ubuntu bionic-updates/ussuri/main s390x python3-rados s390x 14.2.2-0ubuntu3~cloud0 [284 kB]
INFO:kolla.common.utils.cinder-base:Get:15 http://ports.ubuntu.com bionic-updates/main s390x libcurl3-gnutls s390x 7.58.0-2ubuntu3.8 [195 kB]
INFO:kolla.common.utils.cinder-base:Get:16 http://ports.ubuntu.com bionic/main s390x libsnappy1v5 s390x 1.1.7-1 [15.6 kB]
INFO:kolla.common.utils.cinder-base:Get:17 http://ports.ubuntu.com bionic/main s390x libleveldb1v5 s390x 1.20-2 [130 kB]
INFO:kolla.common.utils.cinder-base:Get:18 http://ubuntu-cloud.archive.canonical.com/ubuntu bionic-updates/ussuri/main s390x python3-cephfs s390x 14.2.2-0ubuntu3~cloud0 [114 kB]
INFO:kolla.common.utils.cinder-base:Get:19 http://ubuntu-cloud.archive.canonical.com/ubuntu bionic-updates/ussuri/main s390x python3-rbd s390x 14.2.2-0ubuntu3~cloud0 [225 kB]
INFO:kolla.common.utils.cinder-base:Get:20 http://ports.ubuntu.com bionic/universe s390x liboath0 s390x 2.6.1-1 [43.8 kB]
INFO:kolla.common.utils.cinder-base:Get:21 http://ubuntu-cloud.archive.canonical.com/ubuntu bionic-updates/ussuri/main s390x libradosstriper1 s390x 14.2.2-0ubuntu3~cloud0 [325 kB]
INFO:kolla.common.utils.cinder-base:Get:22 http://ports.ubuntu.com bionic-updates/universe s390x librabbitmq4 s390x 0.8.0-1ubuntu0.18.04.2 [32.3 kB]
INFO:kolla.common.utils.cinder-base:Get:23 http://ports.ubuntu.com bionic-updates/main s390x cryptsetup-bin s390x 2:2.0.2-1ubuntu1.1 [87.5 kB]
INFO:kolla.common.utils.cinder-base:Get:24 http://ports.ubuntu.com bionic-updates/main s390x cryptsetup s390x 2:2.0.2-1ubuntu1.1 [151 kB]
INFO:kolla.common.utils.cinder-base:Get:25 http://ubuntu-cloud.archive.canonical.com/ubuntu bionic-updates/ussuri/main s390x ceph-common s390x 14.2.2-0ubuntu3~cloud0 [10.0 MB]
INFO:kolla.common.utils.cinder-base:Get:26 http://ports.ubuntu.com bionic-updates/main s390x python3-httplib2 all 0.9.2+dfsg-1ubuntu0.1 [28.6 kB]
INFO:kolla.common.utils.cinder-base:Get:27 http://ports.ubuntu.com bionic/universe s390x python3-suds all 0.7~git20150727.94664dd-5 [145 kB]
INFO:kolla.common.utils.cinder-base:Get:28 http://ubuntu-cloud.archive.canonical.com/ubuntu bionic-updates/ussuri/main s390x python3-ddt all 1.2.1-2ubuntu1~cloud0 [7,288 B]
INFO:kolla.common.utils.cinder-base:Get:29 http://ubuntu-cloud.archive.canonical.com/ubuntu bionic-updates/ussuri/main s390x python3-oslo.vmware all 2.34.1-0ubuntu1~cloud0 [163 kB]
INFO:kolla.common.utils.cinder-base:Get:30 http://ubuntu-cloud.archive.canonical.com/ubuntu bionic-updates/ussuri/main s390x cinder-common all 2:15.0.0-0ubuntu1~cloud0 [18.6 kB]
INFO:kolla.common.utils.cinder-base:Preconfiguring packages ...
INFO:kolla.common.utils.cinder-base:Fetched 19.4 MB in 3s (6,716 kB/s)
INFO:kolla.common.utils.cinder-base:Selecting previously unselected package libargon2-0:s390x.
INFO:kolla.common.utils.cinder-base:(Reading database ... (Reading database ... 5%(Reading database ... 10%(Reading database ... 15%(Reading database ... 20%(Reading database ... 25%(Reading database ... 30%(Reading database ... 35%(Reading database ... 40%(Reading database ... 45%(Reading database ... 50%(Reading database ... 55%(Reading database ... 60%(Reading database ... 65%(Reading database ... 70%(Reading database ... 75%(Reading database ... 80%(Reading database ... 85%(Reading database ... 90%
INFO:kolla.common.utils.cinder-base:(Reading database ... 95%
INFO:kolla.common.utils.cinder-base:(Reading database ... 100%(Reading database ... 22243 files and directories currently installed.)
INFO:kolla.common.utils.cinder-base:Preparing to unpack .../00-libargon2-0_0~20161029-1.1_s390x.deb ...
INFO:kolla.common.utils.cinder-base:Unpacking libargon2-0:s390x (0~20161029-1.1) ...
INFO:kolla.common.utils.cinder-base:Selecting previously unselected package libjson-c3:s390x.
INFO:kolla.common.utils.cinder-base:Preparing to unpack .../01-libjson-c3_0.12.1-1.3_s390x.deb ...
INFO:kolla.common.utils.cinder-base:Unpacking libjson-c3:s390x (0.12.1-1.3) ...
INFO:kolla.common.utils.cinder-base:Selecting previously unselected package libcryptsetup12:s390x.
INFO:kolla.common.utils.cinder-base:Preparing to unpack .../02-libcryptsetup12_2%3a2.0.2-1ubuntu1.1_s390x.deb ...
INFO:kolla.common.utils.cinder-base:Unpacking libcryptsetup12:s390x (2:2.0.2-1ubuntu1.1) ...
INFO:kolla.common.utils.cinder-base:Selecting previously unselected package libpopt0:s390x.
INFO:kolla.common.utils.cinder-base:Preparing to unpack .../03-libpopt0_1.16-11_s390x.deb ...
INFO:kolla.common.utils.cinder-base:Unpacking libpopt0:s390x (1.16-11) ...
INFO:kolla.common.utils.cinder-base:Selecting previously unselected package libnspr4:s390x.
INFO:kolla.common.utils.cinder-base:Preparing to unpack .../04-libnspr4_2%3a4.18-1ubuntu1_s390x.deb ...
INFO:kolla.common.utils.cinder-base:Unpacking libnspr4:s390x (2:4.18-1ubuntu1) ...
INFO:kolla.common.utils.cinder-base:Selecting previously unselected package libnss3:s390x.
INFO:kolla.common.utils.cinder-base:Preparing to unpack .../05-libnss3_2%3a3.35-2ubuntu2.7_s390x.deb ...
INFO:kolla.common.utils.cinder-base:Unpacking libnss3:s390x (2:3.35-2ubuntu2.7) ...
INFO:kolla.common.utils.cinder-base:Selecting previously unselected package librados2.
INFO:kolla.common.utils.cinder-base:Preparing to unpack .../06-librados2_14.2.2-0ubuntu3~cloud0_s390x.deb ...
INFO:kolla.common.utils.cinder-base:Unpacking librados2 (14.2.2-0ubuntu3~cloud0) ...
INFO:kolla.common.utils.cinder-base:Selecting previously unselected package librbd1.
INFO:kolla.common.utils.cinder-base:Preparing to unpack .../07-librbd1_14.2.2-0ubuntu3~cloud0_s390x.deb ...
INFO:kolla.common.utils.cinder-base:Unpacking librbd1 (14.2.2-0ubuntu3~cloud0) ...
INFO:kolla.common.utils.cinder-base:Selecting previously unselected package libcephfs2.
INFO:kolla.common.utils.cinder-base:Preparing to unpack .../08-libcephfs2_14.2.2-0ubuntu3~cloud0_s390x.deb ...
INFO:kolla.common.utils.cinder-base:Unpacking libcephfs2 (14.2.2-0ubuntu3~cloud0) ...
INFO:kolla.common.utils.cinder-base:Selecting previously unselected package python3-ceph-argparse.
INFO:kolla.common.utils.cinder-base:Preparing to unpack .../09-python3-ceph-argparse_14.2.2-0ubuntu3~cloud0_s390x.deb ...
INFO:kolla.common.utils.cinder-base:Unpacking python3-ceph-argparse (14.2.2-0ubuntu3~cloud0) ...
INFO:kolla.common.utils.cinder-base:Selecting previously unselected package libpython3.6:s390x.
INFO:kolla.common.utils.cinder-base:Preparing to unpack .../10-libpython3.6_3.6.9-1~18.04_s390x.deb ...
INFO:kolla.common.utils.cinder-base:Unpacking libpython3.6:s390x (3.6.9-1~18.04) ...
INFO:kolla.common.utils.cinder-base:Selecting previously unselected package python3-rados.
INFO:kolla.common.utils.cinder-base:Preparing to unpack .../11-python3-rados_14.2.2-0ubuntu3~cloud0_s390x.deb ...
INFO:kolla.common.utils.cinder-base:Unpacking python3-rados (14.2.2-0ubuntu3~cloud0) ...
INFO:kolla.common.utils.cinder-base:Selecting previously unselected package python3-cephfs.
INFO:kolla.common.utils.cinder-base:Preparing to unpack .../12-python3-cephfs_14.2.2-0ubuntu3~cloud0_s390x.deb ...
INFO:kolla.common.utils.cinder-base:Unpacking python3-cephfs (14.2.2-0ubuntu3~cloud0) ...
INFO:kolla.common.utils.cinder-base:Selecting previously unselected package python3-rbd.
INFO:kolla.common.utils.cinder-base:Preparing to unpack .../13-python3-rbd_14.2.2-0ubuntu3~cloud0_s390x.deb ...
INFO:kolla.common.utils.cinder-base:Unpacking python3-rbd (14.2.2-0ubuntu3~cloud0) ...
INFO:kolla.common.utils.cinder-base:Selecting previously unselected package libdw1:s390x.
INFO:kolla.common.utils.cinder-base:Preparing to unpack .../14-libdw1_0.170-0.4ubuntu0.1_s390x.deb ...
INFO:kolla.common.utils.cinder-base:Unpacking libdw1:s390x (0.170-0.4ubuntu0.1) ...
INFO:kolla.common.utils.cinder-base:Selecting previously unselected package libbabeltrace1:s390x.
INFO:kolla.common.utils.cinder-base:Preparing to unpack .../15-libbabeltrace1_1.5.5-1_s390x.deb ...
INFO:kolla.common.utils.cinder-base:Unpacking libbabeltrace1:s390x (1.5.5-1) ...
INFO:kolla.common.utils.cinder-base:Selecting previously unselected package libcurl3-gnutls:s390x.
INFO:kolla.common.utils.cinder-base:Preparing to unpack .../16-libcurl3-gnutls_7.58.0-2ubuntu3.8_s390x.deb ...
INFO:kolla.common.utils.cinder-base:Unpacking libcurl3-gnutls:s390x (7.58.0-2ubuntu3.8) ...
INFO:kolla.common.utils.cinder-base:Selecting previously unselected package libsnappy1v5:s390x.
INFO:kolla.common.utils.cinder-base:Preparing to unpack .../17-libsnappy1v5_1.1.7-1_s390x.deb ...
INFO:kolla.common.utils.cinder-base:Unpacking libsnappy1v5:s390x (1.1.7-1) ...
INFO:kolla.common.utils.cinder-base:Selecting previously unselected package libleveldb1v5:s390x.
INFO:kolla.common.utils.cinder-base:Preparing to unpack .../18-libleveldb1v5_1.20-2_s390x.deb ...
INFO:kolla.common.utils.cinder-base:Unpacking libleveldb1v5:s390x (1.20-2) ...
INFO:kolla.common.utils.cinder-base:Selecting previously unselected package liboath0.
INFO:kolla.common.utils.cinder-base:Preparing to unpack .../19-liboath0_2.6.1-1_s390x.deb ...
INFO:kolla.common.utils.cinder-base:Unpacking liboath0 (2.6.1-1) ...
INFO:kolla.common.utils.cinder-base:Selecting previously unselected package librabbitmq4:s390x.
INFO:kolla.common.utils.cinder-base:Preparing to unpack .../20-librabbitmq4_0.8.0-1ubuntu0.18.04.2_s390x.deb ...
INFO:kolla.common.utils.cinder-base:Unpacking librabbitmq4:s390x (0.8.0-1ubuntu0.18.04.2) ...
INFO:kolla.common.utils.cinder-base:Selecting previously unselected package libradosstriper1.
INFO:kolla.common.utils.cinder-base:Preparing to unpack .../21-libradosstriper1_14.2.2-0ubuntu3~cloud0_s390x.deb ...
INFO:kolla.common.utils.cinder-base:Unpacking libradosstriper1 (14.2.2-0ubuntu3~cloud0) ...
INFO:kolla.common.utils.cinder-base:Selecting previously unselected package ceph-common.
INFO:kolla.common.utils.cinder-base:Preparing to unpack .../22-ceph-common_14.2.2-0ubuntu3~cloud0_s390x.deb ...
INFO:kolla.common.utils.cinder-base:Unpacking ceph-common (14.2.2-0ubuntu3~cloud0) ...
INFO:kolla.common.utils.cinder-base:Selecting previously unselected package cryptsetup-bin.
INFO:kolla.common.utils.cinder-base:Preparing to unpack .../23-cryptsetup-bin_2%3a2.0.2-1ubuntu1.1_s390x.deb ...
INFO:kolla.common.utils.cinder-base:Unpacking cryptsetup-bin (2:2.0.2-1ubuntu1.1) ...
INFO:kolla.common.utils.cinder-base:Selecting previously unselected package cryptsetup.
INFO:kolla.common.utils.cinder-base:Preparing to unpack .../24-cryptsetup_2%3a2.0.2-1ubuntu1.1_s390x.deb ...
INFO:kolla.common.utils.cinder-base:Unpacking cryptsetup (2:2.0.2-1ubuntu1.1) ...
INFO:kolla.common.utils.cinder-base:Selecting previously unselected package python3-ddt.
INFO:kolla.common.utils.cinder-base:Preparing to unpack .../25-python3-ddt_1.2.1-2ubuntu1~cloud0_all.deb ...
INFO:kolla.common.utils.cinder-base:Unpacking python3-ddt (1.2.1-2ubuntu1~cloud0) ...
INFO:kolla.common.utils.cinder-base:Selecting previously unselected package python3-httplib2.
INFO:kolla.common.utils.cinder-base:Preparing to unpack .../26-python3-httplib2_0.9.2+dfsg-1ubuntu0.1_all.deb ...
INFO:kolla.common.utils.cinder-base:Unpacking python3-httplib2 (0.9.2+dfsg-1ubuntu0.1) ...
INFO:kolla.common.utils.cinder-base:Selecting previously unselected package python3-suds.
INFO:kolla.common.utils.cinder-base:Preparing to unpack .../27-python3-suds_0.7~git20150727.94664dd-5_all.deb ...
INFO:kolla.common.utils.cinder-base:Unpacking python3-suds (0.7~git20150727.94664dd-5) ...
INFO:kolla.common.utils.cinder-base:Selecting previously unselected package python3-oslo.vmware.
INFO:kolla.common.utils.cinder-base:Preparing to unpack .../28-python3-oslo.vmware_2.34.1-0ubuntu1~cloud0_all.deb ...
INFO:kolla.common.utils.cinder-base:Unpacking python3-oslo.vmware (2.34.1-0ubuntu1~cloud0) ...
INFO:kolla.common.utils.cinder-base:Selecting previously unselected package cinder-common.
INFO:kolla.common.utils.cinder-base:Preparing to unpack .../29-cinder-common_2%3a15.0.0-0ubuntu1~cloud0_all.deb ...
INFO:kolla.common.utils.cinder-base:Unpacking cinder-common (2:15.0.0-0ubuntu1~cloud0) ...
INFO:kolla.common.utils.cinder-base:Setting up libpopt0:s390x (1.16-11) ...
INFO:kolla.common.utils.cinder-base:Setting up libdw1:s390x (0.170-0.4ubuntu0.1) ...
INFO:kolla.common.utils.cinder-base:Setting up python3-ceph-argparse (14.2.2-0ubuntu3~cloud0) ...
INFO:kolla.common.utils.cinder-base:Setting up libjson-c3:s390x (0.12.1-1.3) ...
INFO:kolla.common.utils.cinder-base:Setting up libcurl3-gnutls:s390x (7.58.0-2ubuntu3.8) ...
INFO:kolla.common.utils.cinder-base:Setting up libnspr4:s390x (2:4.18-1ubuntu1) ...
INFO:kolla.common.utils.cinder-base:Setting up python3-suds (0.7~git20150727.94664dd-5) ...
INFO:kolla.common.utils.cinder-base:Setting up libargon2-0:s390x (0~20161029-1.1) ...
INFO:kolla.common.utils.cinder-base:Setting up python3-ddt (1.2.1-2ubuntu1~cloud0) ...
INFO:kolla.common.utils.cinder-base:Setting up cinder-common (2:15.0.0-0ubuntu1~cloud0) ...
INFO:kolla.common.utils.cinder-base:Setting up libsnappy1v5:s390x (1.1.7-1) ...
INFO:kolla.common.utils.cinder-base:Setting up python3-httplib2 (0.9.2+dfsg-1ubuntu0.1) ...
INFO:kolla.common.utils.cinder-base:Setting up liboath0 (2.6.1-1) ...
INFO:kolla.common.utils.cinder-base:Setting up librabbitmq4:s390x (0.8.0-1ubuntu0.18.04.2) ...
INFO:kolla.common.utils.cinder-base:Setting up libbabeltrace1:s390x (1.5.5-1) ...
INFO:kolla.common.utils.cinder-base:Setting up libpython3.6:s390x (3.6.9-1~18.04) ...
INFO:kolla.common.utils.cinder-base:Setting up libcryptsetup12:s390x (2:2.0.2-1ubuntu1.1) ...
INFO:kolla.common.utils.cinder-base:Setting up libnss3:s390x (2:3.35-2ubuntu2.7) ...
INFO:kolla.common.utils.cinder-base:Setting up libleveldb1v5:s390x (1.20-2) ...
INFO:kolla.common.utils.cinder-base:Setting up librados2 (14.2.2-0ubuntu3~cloud0) ...
INFO:kolla.common.utils.cinder-base:Setting up libcephfs2 (14.2.2-0ubuntu3~cloud0) ...
INFO:kolla.common.utils.cinder-base:Setting up python3-oslo.vmware (2.34.1-0ubuntu1~cloud0) ...
INFO:kolla.common.utils.cinder-base:Setting up cryptsetup-bin (2:2.0.2-1ubuntu1.1) ...
INFO:kolla.common.utils.cinder-base:Setting up python3-rados (14.2.2-0ubuntu3~cloud0) ...
INFO:kolla.common.utils.cinder-base:Setting up libradosstriper1 (14.2.2-0ubuntu3~cloud0) ...
INFO:kolla.common.utils.cinder-base:Setting up python3-cephfs (14.2.2-0ubuntu3~cloud0) ...
INFO:kolla.common.utils.cinder-base:Setting up cryptsetup (2:2.0.2-1ubuntu1.1) ...
INFO:kolla.common.utils.cinder-base:Setting up librbd1 (14.2.2-0ubuntu3~cloud0) ...
INFO:kolla.common.utils.cinder-base:Setting up python3-rbd (14.2.2-0ubuntu3~cloud0) ...
INFO:kolla.common.utils.cinder-base:Setting up ceph-common (14.2.2-0ubuntu3~cloud0) ...
INFO:kolla.common.utils.cinder-base:Processing triggers for libc-bin (2.27-3ubuntu1) ...
INFO:kolla.common.utils.cinder-base:Removing intermediate container 5be296169f73
INFO:kolla.common.utils.cinder-base: ---> cf0d0dc9630c
INFO:kolla.common.utils.cinder-base:Step 5/7 : COPY cinder_sudoers /etc/sudoers.d/kolla_cinder_sudoers
INFO:kolla.common.utils.cinder-base: ---> 7652ffed9874
INFO:kolla.common.utils.cinder-base:Step 6/7 : COPY extend_start.sh /usr/local/bin/kolla_extend_start
INFO:kolla.common.utils.cinder-base: ---> 77c325f906b6
INFO:kolla.common.utils.cinder-base:Step 7/7 : RUN chmod 750 /etc/sudoers.d     && chmod 440 /etc/sudoers.d/kolla_cinder_sudoers     && touch /usr/local/bin/kolla_cinder_extend_start     && chmod 755 /usr/local/bin/kolla_extend_start /usr/local/bin/kolla_cinder_extend_start
INFO:kolla.common.utils.cinder-base: ---> Running in d88c1b1cf2bc
INFO:kolla.common.utils.cinder-base:Removing intermediate container d88c1b1cf2bc
INFO:kolla.common.utils.cinder-base: ---> 47a639affe00
INFO:kolla.common.utils.cinder-base:Successfully built 47a639affe00
INFO:kolla.common.utils.cinder-base:Successfully tagged s390x/ubuntu-binary-cinder-base:9.1.0
INFO:kolla.common.utils.cinder-base:Built at 2020-03-02 21:41:02.815789 (took 0:00:24.895095)
