INFO:kolla.common.utils.collectd:Building started at 2020-03-02 21:42:36.845753
INFO:kolla.common.utils.collectd:Step 1/7 : FROM s390x/ubuntu-binary-openstack-base:9.1.0
INFO:kolla.common.utils.collectd: ---> 0b248122f3fe
INFO:kolla.common.utils.collectd:Step 2/7 : LABEL maintainer="Kolla Project (https://launchpad.net/kolla)" name="collectd" build-date="20200302"
INFO:kolla.common.utils.collectd: ---> Running in 06312331b49e
INFO:kolla.common.utils.collectd:Removing intermediate container 06312331b49e
INFO:kolla.common.utils.collectd: ---> d7c191382b93
INFO:kolla.common.utils.collectd:Step 3/7 : RUN usermod --append --home /var/lib/collectd --groups kolla collectd     && mkdir -p /var/lib/collectd     && chown -R 42409:42409 /var/lib/collectd
INFO:kolla.common.utils.collectd: ---> Running in c8c50c77087f
INFO:kolla.common.utils.collectd:Removing intermediate container c8c50c77087f
INFO:kolla.common.utils.collectd: ---> b651bd0473ff
INFO:kolla.common.utils.collectd:Step 4/7 : RUN apt-get update && apt-get -y install --no-install-recommends collectd && apt-get clean && rm -rf /var/lib/apt/lists/*
INFO:kolla.common.utils.collectd: ---> Running in 4f8dcd54e14e
INFO:kolla.common.utils.collectd:Get:1 http://ports.ubuntu.com bionic InRelease [242 kB]
INFO:kolla.common.utils.collectd:Ign:2 http://ubuntu-cloud.archive.canonical.com/ubuntu bionic-updates/ussuri InRelease
INFO:kolla.common.utils.collectd:Get:3 http://ubuntu-cloud.archive.canonical.com/ubuntu bionic-updates/ussuri Release [7,884 B]
INFO:kolla.common.utils.collectd:Get:4 http://ports.ubuntu.com bionic-updates InRelease [88.7 kB]
INFO:kolla.common.utils.collectd:Get:5 http://ubuntu-cloud.archive.canonical.com/ubuntu bionic-updates/ussuri Release.gpg [543 B]
INFO:kolla.common.utils.collectd:Get:6 http://ports.ubuntu.com bionic-security InRelease [88.7 kB]
INFO:kolla.common.utils.collectd:Get:7 http://ports.ubuntu.com bionic-backports InRelease [74.6 kB]
INFO:kolla.common.utils.collectd:Get:8 http://ports.ubuntu.com bionic/universe s390x Packages [10.8 MB]
INFO:kolla.common.utils.collectd:Get:9 http://ubuntu-cloud.archive.canonical.com/ubuntu bionic-updates/ussuri/main s390x Packages [145 kB]
INFO:kolla.common.utils.collectd:Get:10 http://ports.ubuntu.com bionic/main s390x Packages [1,244 kB]
INFO:kolla.common.utils.collectd:Get:11 http://ports.ubuntu.com bionic-updates/universe s390x Packages [1,075 kB]
INFO:kolla.common.utils.collectd:Get:12 http://ports.ubuntu.com bionic-updates/main s390x Packages [730 kB]
INFO:kolla.common.utils.collectd:Get:13 http://ports.ubuntu.com bionic-security/main s390x Packages [467 kB]
INFO:kolla.common.utils.collectd:Get:14 http://ports.ubuntu.com bionic-security/universe s390x Packages [625 kB]
INFO:kolla.common.utils.collectd:Get:15 http://ports.ubuntu.com bionic-backports/universe s390x Packages [4,242 B]
INFO:kolla.common.utils.collectd:Get:16 http://ports.ubuntu.com bionic-backports/main s390x Packages [2,494 B]
INFO:kolla.common.utils.collectd:Fetched 15.6 MB in 2s (6,399 kB/s)
INFO:kolla.common.utils.collectd:Reading package lists...
INFO:kolla.common.utils.collectd:Reading package lists...
INFO:kolla.common.utils.collectd:Building dependency tree...
INFO:kolla.common.utils.collectd:Reading state information...
INFO:kolla.common.utils.collectd:The following additional packages will be installed:
INFO:kolla.common.utils.collectd:  collectd-core fontconfig fontconfig-config fonts-dejavu-core libcairo2
INFO:kolla.common.utils.collectd:  libcap2 libdatrie1 libdbi1 libfontconfig1 libfreetype6 libgraphite2-3
INFO:kolla.common.utils.collectd:  libharfbuzz0b libltdl7 libpango-1.0-0 libpangocairo-1.0-0 libpangoft2-1.0-0
INFO:kolla.common.utils.collectd:  libpixman-1-0 libpng16-16 librrd8 libthai-data libthai0 libxcb-render0
INFO:kolla.common.utils.collectd:  libxcb-shm0 libxrender1 ucf
INFO:kolla.common.utils.collectd:Suggested packages:
INFO:kolla.common.utils.collectd:  collectd-dev librrds-perl liburi-perl libhtml-parser-perl
INFO:kolla.common.utils.collectd:  libregexp-common-perl httpd-cgi apache2 apcupsd bind9 ceph chrony
INFO:kolla.common.utils.collectd:  default-mysql-server gpsd hddtemp iptables ipvsadm lm-sensors mbmon
INFO:kolla.common.utils.collectd:  memcached nginx notification-daemon nut openvpn olsrd pdns-server postgresql
INFO:kolla.common.utils.collectd:  redis-server slapd time-daemon zookeeper libatasmart4 libcurl3-gnutls
INFO:kolla.common.utils.collectd:  libesmtp6 libganglia1 libgps23 libhiredis0.13 libi2c0 libip4tc0 libip6tc0
INFO:kolla.common.utils.collectd:  liblua5.3-0 libmemcached11 libmicrohttpd12 libmodbus5 libmosquitto1
INFO:kolla.common.utils.collectd:  libnotify4 libopenipmi0 liboping0 libowcapi-3.1-5 libpcap0.8 libprotobuf-c1
INFO:kolla.common.utils.collectd:  libpython2.7 librabbitmq4 librdkafka1 libriemann-client0 libsensors4
INFO:kolla.common.utils.collectd:  libsnmp30 libtokyotyrant3 libupsclient4 libvirt0 libyajl2
INFO:kolla.common.utils.collectd:  default-jre-headless
INFO:kolla.common.utils.collectd:Recommended packages:
INFO:kolla.common.utils.collectd:  libatasmart4 libcurl3-gnutls libesmtp6 libganglia1 libgps23 libhiredis0.13
INFO:kolla.common.utils.collectd:  libi2c0 libip4tc0 libip6tc0 liblua5.3-0 libmemcached11 libmicrohttpd12
INFO:kolla.common.utils.collectd:  libmodbus5 libmosquitto1 libnotify4 libopenipmi0 liboping0 libowcapi-3.1-5
INFO:kolla.common.utils.collectd:  libpcap0.8 libprotobuf-c1 libpython2.7 librabbitmq4 librdkafka1
INFO:kolla.common.utils.collectd:  libriemann-client0 libsensors4 libsnmp30 libtokyotyrant3 libupsclient4
INFO:kolla.common.utils.collectd:  libvirt0 libyajl2 default-jre-headless rrdtool
INFO:kolla.common.utils.collectd:The following NEW packages will be installed:
INFO:kolla.common.utils.collectd:  collectd collectd-core fontconfig fontconfig-config fonts-dejavu-core
INFO:kolla.common.utils.collectd:  libcairo2 libcap2 libdatrie1 libdbi1 libfontconfig1 libfreetype6
INFO:kolla.common.utils.collectd:  libgraphite2-3 libharfbuzz0b libltdl7 libpango-1.0-0 libpangocairo-1.0-0
INFO:kolla.common.utils.collectd:  libpangoft2-1.0-0 libpixman-1-0 libpng16-16 librrd8 libthai-data libthai0
INFO:kolla.common.utils.collectd:  libxcb-render0 libxcb-shm0 libxrender1 ucf
INFO:kolla.common.utils.collectd:0 upgraded, 26 newly installed, 0 to remove and 0 not upgraded.
INFO:kolla.common.utils.collectd:Need to get 4,387 kB of archives.
INFO:kolla.common.utils.collectd:After this operation, 15.6 MB of additional disk space will be used.
INFO:kolla.common.utils.collectd:Get:1 http://ports.ubuntu.com bionic-updates/main s390x libpng16-16 s390x 1.6.34-1ubuntu0.18.04.2 [171 kB]
INFO:kolla.common.utils.collectd:Get:2 http://ports.ubuntu.com bionic/main s390x libfreetype6 s390x 2.8.1-2ubuntu2 [314 kB]
INFO:kolla.common.utils.collectd:Get:3 http://ports.ubuntu.com bionic/main s390x ucf all 3.0038 [50.5 kB]
INFO:kolla.common.utils.collectd:Get:4 http://ports.ubuntu.com bionic/main s390x fonts-dejavu-core all 2.37-1 [1,041 kB]
INFO:kolla.common.utils.collectd:Get:5 http://ports.ubuntu.com bionic/main s390x fontconfig-config all 2.12.6-0ubuntu2 [55.8 kB]
INFO:kolla.common.utils.collectd:Get:6 http://ports.ubuntu.com bionic/main s390x libfontconfig1 s390x 2.12.6-0ubuntu2 [132 kB]
INFO:kolla.common.utils.collectd:Get:7 http://ports.ubuntu.com bionic/main s390x fontconfig s390x 2.12.6-0ubuntu2 [168 kB]
INFO:kolla.common.utils.collectd:Get:8 http://ports.ubuntu.com bionic/main s390x libcap2 s390x 1:2.25-1.2 [13.2 kB]
INFO:kolla.common.utils.collectd:Get:9 http://ports.ubuntu.com bionic/main s390x libltdl7 s390x 2.4.6-2 [37.8 kB]
INFO:kolla.common.utils.collectd:Get:10 http://ports.ubuntu.com bionic-updates/universe s390x collectd-core s390x 5.7.2-2ubuntu1.1 [851 kB]
INFO:kolla.common.utils.collectd:Get:11 http://ports.ubuntu.com bionic/main s390x libpixman-1-0 s390x 0.34.0-2 [135 kB]
INFO:kolla.common.utils.collectd:Get:12 http://ports.ubuntu.com bionic-updates/main s390x libxcb-render0 s390x 1.13-2~ubuntu18.04 [14.7 kB]
INFO:kolla.common.utils.collectd:Get:13 http://ports.ubuntu.com bionic-updates/main s390x libxcb-shm0 s390x 1.13-2~ubuntu18.04 [5,532 B]
INFO:kolla.common.utils.collectd:Get:14 http://ports.ubuntu.com bionic/main s390x libxrender1 s390x 1:0.9.10-1 [17.8 kB]
INFO:kolla.common.utils.collectd:Get:15 http://ports.ubuntu.com bionic-updates/main s390x libcairo2 s390x 1.15.10-2ubuntu0.1 [533 kB]
INFO:kolla.common.utils.collectd:Get:16 http://ports.ubuntu.com bionic/main s390x libdbi1 s390x 0.9.0-5 [26.4 kB]
INFO:kolla.common.utils.collectd:Get:17 http://ports.ubuntu.com bionic/main s390x libthai-data all 0.1.27-2 [133 kB]
INFO:kolla.common.utils.collectd:Get:18 http://ports.ubuntu.com bionic/main s390x libdatrie1 s390x 0.2.10-7 [17.5 kB]
INFO:kolla.common.utils.collectd:Get:19 http://ports.ubuntu.com bionic/main s390x libthai0 s390x 0.1.27-2 [18.2 kB]
INFO:kolla.common.utils.collectd:Get:20 http://ports.ubuntu.com bionic-updates/main s390x libpango-1.0-0 s390x 1.40.14-1ubuntu0.1 [148 kB]
INFO:kolla.common.utils.collectd:Get:21 http://ports.ubuntu.com bionic/main s390x libgraphite2-3 s390x 1.3.11-2 [71.3 kB]
INFO:kolla.common.utils.collectd:Get:22 http://ports.ubuntu.com bionic/main s390x libharfbuzz0b s390x 1.7.2-1ubuntu1 [218 kB]
INFO:kolla.common.utils.collectd:Get:23 http://ports.ubuntu.com bionic-updates/main s390x libpangoft2-1.0-0 s390x 1.40.14-1ubuntu0.1 [31.5 kB]
INFO:kolla.common.utils.collectd:Get:24 http://ports.ubuntu.com bionic-updates/main s390x libpangocairo-1.0-0 s390x 1.40.14-1ubuntu0.1 [19.4 kB]
INFO:kolla.common.utils.collectd:Get:25 http://ports.ubuntu.com bionic/main s390x librrd8 s390x 1.7.0-1build1 [143 kB]
INFO:kolla.common.utils.collectd:Get:26 http://ports.ubuntu.com bionic-updates/universe s390x collectd s390x 5.7.2-2ubuntu1.1 [19.7 kB]
INFO:kolla.common.utils.collectd:Preconfiguring packages ...
INFO:kolla.common.utils.collectd:Fetched 4,387 kB in 1s (5,708 kB/s)
INFO:kolla.common.utils.collectd:Selecting previously unselected package libpng16-16:s390x.
INFO:kolla.common.utils.collectd:(Reading database ... 
INFO:kolla.common.utils.collectd:(Reading database ... 5%(Reading database ... 10%(Reading database ... 15%(Reading database ... 20%(Reading database ... 25%(Reading database ... 30%(Reading database ... 35%(Reading database ... 40%(Reading database ... 45%(Reading database ... 50%(Reading database ... 55%(Reading database ... 60%
INFO:kolla.common.utils.collectd:(Reading database ... 65%
INFO:kolla.common.utils.collectd:(Reading database ... 70%
INFO:kolla.common.utils.collectd:(Reading database ... 75%
INFO:kolla.common.utils.collectd:(Reading database ... 80%
INFO:kolla.common.utils.collectd:(Reading database ... 85%
INFO:kolla.common.utils.collectd:(Reading database ... 90%
INFO:kolla.common.utils.collectd:(Reading database ... 95%
INFO:kolla.common.utils.collectd:(Reading database ... 100%(Reading database ... 22243 files and directories currently installed.)
INFO:kolla.common.utils.collectd:Preparing to unpack .../00-libpng16-16_1.6.34-1ubuntu0.18.04.2_s390x.deb ...
INFO:kolla.common.utils.collectd:Unpacking libpng16-16:s390x (1.6.34-1ubuntu0.18.04.2) ...
INFO:kolla.common.utils.collectd:Selecting previously unselected package libfreetype6:s390x.
INFO:kolla.common.utils.collectd:Preparing to unpack .../01-libfreetype6_2.8.1-2ubuntu2_s390x.deb ...
INFO:kolla.common.utils.collectd:Unpacking libfreetype6:s390x (2.8.1-2ubuntu2) ...
INFO:kolla.common.utils.collectd:Selecting previously unselected package ucf.
INFO:kolla.common.utils.collectd:Preparing to unpack .../02-ucf_3.0038_all.deb ...
INFO:kolla.common.utils.collectd:Moving old data out of the way
INFO:kolla.common.utils.collectd:Unpacking ucf (3.0038) ...
INFO:kolla.common.utils.collectd:Selecting previously unselected package fonts-dejavu-core.
INFO:kolla.common.utils.collectd:Preparing to unpack .../03-fonts-dejavu-core_2.37-1_all.deb ...
INFO:kolla.common.utils.collectd:Unpacking fonts-dejavu-core (2.37-1) ...
INFO:kolla.common.utils.collectd:Selecting previously unselected package fontconfig-config.
INFO:kolla.common.utils.collectd:Preparing to unpack .../04-fontconfig-config_2.12.6-0ubuntu2_all.deb ...
INFO:kolla.common.utils.collectd:Unpacking fontconfig-config (2.12.6-0ubuntu2) ...
INFO:kolla.common.utils.collectd:Selecting previously unselected package libfontconfig1:s390x.
INFO:kolla.common.utils.collectd:Preparing to unpack .../05-libfontconfig1_2.12.6-0ubuntu2_s390x.deb ...
INFO:kolla.common.utils.collectd:Unpacking libfontconfig1:s390x (2.12.6-0ubuntu2) ...
INFO:kolla.common.utils.collectd:Selecting previously unselected package fontconfig.
INFO:kolla.common.utils.collectd:Preparing to unpack .../06-fontconfig_2.12.6-0ubuntu2_s390x.deb ...
INFO:kolla.common.utils.collectd:Unpacking fontconfig (2.12.6-0ubuntu2) ...
INFO:kolla.common.utils.collectd:Selecting previously unselected package libcap2:s390x.
INFO:kolla.common.utils.collectd:Preparing to unpack .../07-libcap2_1%3a2.25-1.2_s390x.deb ...
INFO:kolla.common.utils.collectd:Unpacking libcap2:s390x (1:2.25-1.2) ...
INFO:kolla.common.utils.collectd:Selecting previously unselected package libltdl7:s390x.
INFO:kolla.common.utils.collectd:Preparing to unpack .../08-libltdl7_2.4.6-2_s390x.deb ...
INFO:kolla.common.utils.collectd:Unpacking libltdl7:s390x (2.4.6-2) ...
INFO:kolla.common.utils.collectd:Selecting previously unselected package collectd-core.
INFO:kolla.common.utils.collectd:Preparing to unpack .../09-collectd-core_5.7.2-2ubuntu1.1_s390x.deb ...
INFO:kolla.common.utils.collectd:Unpacking collectd-core (5.7.2-2ubuntu1.1) ...
INFO:kolla.common.utils.collectd:Selecting previously unselected package libpixman-1-0:s390x.
INFO:kolla.common.utils.collectd:Preparing to unpack .../10-libpixman-1-0_0.34.0-2_s390x.deb ...
INFO:kolla.common.utils.collectd:Unpacking libpixman-1-0:s390x (0.34.0-2) ...
INFO:kolla.common.utils.collectd:Selecting previously unselected package libxcb-render0:s390x.
INFO:kolla.common.utils.collectd:Preparing to unpack .../11-libxcb-render0_1.13-2~ubuntu18.04_s390x.deb ...
INFO:kolla.common.utils.collectd:Unpacking libxcb-render0:s390x (1.13-2~ubuntu18.04) ...
INFO:kolla.common.utils.collectd:Selecting previously unselected package libxcb-shm0:s390x.
INFO:kolla.common.utils.collectd:Preparing to unpack .../12-libxcb-shm0_1.13-2~ubuntu18.04_s390x.deb ...
INFO:kolla.common.utils.collectd:Unpacking libxcb-shm0:s390x (1.13-2~ubuntu18.04) ...
INFO:kolla.common.utils.collectd:Selecting previously unselected package libxrender1:s390x.
INFO:kolla.common.utils.collectd:Preparing to unpack .../13-libxrender1_1%3a0.9.10-1_s390x.deb ...
INFO:kolla.common.utils.collectd:Unpacking libxrender1:s390x (1:0.9.10-1) ...
INFO:kolla.common.utils.collectd:Selecting previously unselected package libcairo2:s390x.
INFO:kolla.common.utils.collectd:Preparing to unpack .../14-libcairo2_1.15.10-2ubuntu0.1_s390x.deb ...
INFO:kolla.common.utils.collectd:Unpacking libcairo2:s390x (1.15.10-2ubuntu0.1) ...
INFO:kolla.common.utils.collectd:Selecting previously unselected package libdbi1:s390x.
INFO:kolla.common.utils.collectd:Preparing to unpack .../15-libdbi1_0.9.0-5_s390x.deb ...
INFO:kolla.common.utils.collectd:Unpacking libdbi1:s390x (0.9.0-5) ...
INFO:kolla.common.utils.collectd:Selecting previously unselected package libthai-data.
INFO:kolla.common.utils.collectd:Preparing to unpack .../16-libthai-data_0.1.27-2_all.deb ...
INFO:kolla.common.utils.collectd:Unpacking libthai-data (0.1.27-2) ...
INFO:kolla.common.utils.collectd:Selecting previously unselected package libdatrie1:s390x.
INFO:kolla.common.utils.collectd:Preparing to unpack .../17-libdatrie1_0.2.10-7_s390x.deb ...
INFO:kolla.common.utils.collectd:Unpacking libdatrie1:s390x (0.2.10-7) ...
INFO:kolla.common.utils.collectd:Selecting previously unselected package libthai0:s390x.
INFO:kolla.common.utils.collectd:Preparing to unpack .../18-libthai0_0.1.27-2_s390x.deb ...
INFO:kolla.common.utils.collectd:Unpacking libthai0:s390x (0.1.27-2) ...
INFO:kolla.common.utils.collectd:Selecting previously unselected package libpango-1.0-0:s390x.
INFO:kolla.common.utils.collectd:Preparing to unpack .../19-libpango-1.0-0_1.40.14-1ubuntu0.1_s390x.deb ...
INFO:kolla.common.utils.collectd:Unpacking libpango-1.0-0:s390x (1.40.14-1ubuntu0.1) ...
INFO:kolla.common.utils.collectd:Selecting previously unselected package libgraphite2-3:s390x.
INFO:kolla.common.utils.collectd:Preparing to unpack .../20-libgraphite2-3_1.3.11-2_s390x.deb ...
INFO:kolla.common.utils.collectd:Unpacking libgraphite2-3:s390x (1.3.11-2) ...
INFO:kolla.common.utils.collectd:Selecting previously unselected package libharfbuzz0b:s390x.
INFO:kolla.common.utils.collectd:Preparing to unpack .../21-libharfbuzz0b_1.7.2-1ubuntu1_s390x.deb ...
INFO:kolla.common.utils.collectd:Unpacking libharfbuzz0b:s390x (1.7.2-1ubuntu1) ...
INFO:kolla.common.utils.collectd:Selecting previously unselected package libpangoft2-1.0-0:s390x.
INFO:kolla.common.utils.collectd:Preparing to unpack .../22-libpangoft2-1.0-0_1.40.14-1ubuntu0.1_s390x.deb ...
INFO:kolla.common.utils.collectd:Unpacking libpangoft2-1.0-0:s390x (1.40.14-1ubuntu0.1) ...
INFO:kolla.common.utils.collectd:Selecting previously unselected package libpangocairo-1.0-0:s390x.
INFO:kolla.common.utils.collectd:Preparing to unpack .../23-libpangocairo-1.0-0_1.40.14-1ubuntu0.1_s390x.deb ...
INFO:kolla.common.utils.collectd:Unpacking libpangocairo-1.0-0:s390x (1.40.14-1ubuntu0.1) ...
INFO:kolla.common.utils.collectd:Selecting previously unselected package librrd8:s390x.
INFO:kolla.common.utils.collectd:Preparing to unpack .../24-librrd8_1.7.0-1build1_s390x.deb ...
INFO:kolla.common.utils.collectd:Unpacking librrd8:s390x (1.7.0-1build1) ...
INFO:kolla.common.utils.collectd:Selecting previously unselected package collectd.
INFO:kolla.common.utils.collectd:Preparing to unpack .../25-collectd_5.7.2-2ubuntu1.1_s390x.deb ...
INFO:kolla.common.utils.collectd:Unpacking collectd (5.7.2-2ubuntu1.1) ...
INFO:kolla.common.utils.collectd:Setting up libdbi1:s390x (0.9.0-5) ...
INFO:kolla.common.utils.collectd:Setting up libxcb-render0:s390x (1.13-2~ubuntu18.04) ...
INFO:kolla.common.utils.collectd:Setting up libpng16-16:s390x (1.6.34-1ubuntu0.18.04.2) ...
INFO:kolla.common.utils.collectd:Setting up fonts-dejavu-core (2.37-1) ...
INFO:kolla.common.utils.collectd:Setting up libcap2:s390x (1:2.25-1.2) ...
INFO:kolla.common.utils.collectd:Setting up libdatrie1:s390x (0.2.10-7) ...
INFO:kolla.common.utils.collectd:Setting up ucf (3.0038) ...
INFO:kolla.common.utils.collectd:Setting up libfreetype6:s390x (2.8.1-2ubuntu2) ...
INFO:kolla.common.utils.collectd:Setting up libgraphite2-3:s390x (1.3.11-2) ...
INFO:kolla.common.utils.collectd:Setting up libpixman-1-0:s390x (0.34.0-2) ...
INFO:kolla.common.utils.collectd:Setting up libltdl7:s390x (2.4.6-2) ...
INFO:kolla.common.utils.collectd:Setting up libxcb-shm0:s390x (1.13-2~ubuntu18.04) ...
INFO:kolla.common.utils.collectd:Setting up libxrender1:s390x (1:0.9.10-1) ...
INFO:kolla.common.utils.collectd:Setting up libthai-data (0.1.27-2) ...
INFO:kolla.common.utils.collectd:Setting up fontconfig-config (2.12.6-0ubuntu2) ...
INFO:kolla.common.utils.collectd:Setting up libharfbuzz0b:s390x (1.7.2-1ubuntu1) ...
INFO:kolla.common.utils.collectd:Setting up libthai0:s390x (0.1.27-2) ...
INFO:kolla.common.utils.collectd:Setting up collectd-core (5.7.2-2ubuntu1.1) ...
INFO:kolla.common.utils.collectd:invoke-rc.d: could not determine current runlevel
INFO:kolla.common.utils.collectd:invoke-rc.d: policy-rc.d denied execution of start.
INFO:kolla.common.utils.collectd:Processing triggers for sgml-base (1.29) ...
INFO:kolla.common.utils.collectd:Processing triggers for libc-bin (2.27-3ubuntu1) ...
INFO:kolla.common.utils.collectd:Setting up libfontconfig1:s390x (2.12.6-0ubuntu2) ...
INFO:kolla.common.utils.collectd:Setting up fontconfig (2.12.6-0ubuntu2) ...
INFO:kolla.common.utils.collectd:Regenerating fonts cache... 
INFO:kolla.common.utils.collectd:done.
INFO:kolla.common.utils.collectd:Setting up libcairo2:s390x (1.15.10-2ubuntu0.1) ...
INFO:kolla.common.utils.collectd:Setting up libpango-1.0-0:s390x (1.40.14-1ubuntu0.1) ...
INFO:kolla.common.utils.collectd:Setting up libpangoft2-1.0-0:s390x (1.40.14-1ubuntu0.1) ...
INFO:kolla.common.utils.collectd:Setting up libpangocairo-1.0-0:s390x (1.40.14-1ubuntu0.1) ...
INFO:kolla.common.utils.collectd:Setting up librrd8:s390x (1.7.0-1build1) ...
INFO:kolla.common.utils.collectd:Setting up collectd (5.7.2-2ubuntu1.1) ...
INFO:kolla.common.utils.collectd:invoke-rc.d: could not determine current runlevel
INFO:kolla.common.utils.collectd:invoke-rc.d: policy-rc.d denied execution of restart.
INFO:kolla.common.utils.collectd:Processing triggers for libc-bin (2.27-3ubuntu1) ...
INFO:kolla.common.utils.collectd:Removing intermediate container 4f8dcd54e14e
INFO:kolla.common.utils.collectd: ---> 95024fc5f0ba
INFO:kolla.common.utils.collectd:Step 5/7 : COPY extend_start.sh /usr/local/bin/kolla_extend_start
INFO:kolla.common.utils.collectd: ---> eb0893327f9d
INFO:kolla.common.utils.collectd:Step 6/7 : RUN chmod 755 /usr/local/bin/kolla_extend_start     && chown -R collectd /var/lib/collectd     && chown -R collectd /etc/collectd*     && chown -R collectd /var/run/
INFO:kolla.common.utils.collectd: ---> Running in edd685ce34e1
INFO:kolla.common.utils.collectd:Removing intermediate container edd685ce34e1
INFO:kolla.common.utils.collectd: ---> d195a1737913
INFO:kolla.common.utils.collectd:Step 7/7 : USER collectd
INFO:kolla.common.utils.collectd: ---> Running in f05fca389e79
INFO:kolla.common.utils.collectd:Removing intermediate container f05fca389e79
INFO:kolla.common.utils.collectd: ---> 01f5a06a9796
INFO:kolla.common.utils.collectd:Successfully built 01f5a06a9796
INFO:kolla.common.utils.collectd:Successfully tagged s390x/ubuntu-binary-collectd:9.1.0
INFO:kolla.common.utils.collectd:Built at 2020-03-02 21:42:56.490494 (took 0:00:19.644741)
