INFO:kolla.common.utils.congress-base:Building started at 2020-03-02 21:40:44.316395
INFO:kolla.common.utils.congress-base:Step 1/6 : FROM s390x/ubuntu-binary-openstack-base:9.1.0
INFO:kolla.common.utils.congress-base: ---> 0b248122f3fe
INFO:kolla.common.utils.congress-base:Step 2/6 : LABEL maintainer="Kolla Project (https://launchpad.net/kolla)" name="congress-base" build-date="20200302"
INFO:kolla.common.utils.congress-base: ---> Running in 745dd79c84f6
INFO:kolla.common.utils.congress-base:Removing intermediate container 745dd79c84f6
INFO:kolla.common.utils.congress-base: ---> 33bebd019824
INFO:kolla.common.utils.congress-base:Step 3/6 : RUN usermod --append --home /var/lib/congress --groups kolla congress     && mkdir -p /var/lib/congress     && chown -R 42410:42410 /var/lib/congress
INFO:kolla.common.utils.congress-base: ---> Running in 6e719a82cb5c
INFO:kolla.common.utils.congress-base:Removing intermediate container 6e719a82cb5c
INFO:kolla.common.utils.congress-base: ---> 0eceb8dca71f
INFO:kolla.common.utils.congress-base:Step 4/6 : RUN apt-get update && apt-get -y install --no-install-recommends congress-common congress-server && apt-get clean && rm -rf /var/lib/apt/lists/*
INFO:kolla.common.utils.congress-base: ---> Running in 2e87f846e219
INFO:kolla.common.utils.congress-base:Get:1 http://ports.ubuntu.com bionic InRelease [242 kB]
INFO:kolla.common.utils.congress-base:Ign:2 http://ubuntu-cloud.archive.canonical.com/ubuntu bionic-updates/ussuri InRelease
INFO:kolla.common.utils.congress-base:Get:3 http://ports.ubuntu.com bionic-updates InRelease [88.7 kB]
INFO:kolla.common.utils.congress-base:Get:4 http://ubuntu-cloud.archive.canonical.com/ubuntu bionic-updates/ussuri Release [7,884 B]
INFO:kolla.common.utils.congress-base:Get:5 http://ports.ubuntu.com bionic-security InRelease [88.7 kB]
INFO:kolla.common.utils.congress-base:Get:6 http://ubuntu-cloud.archive.canonical.com/ubuntu bionic-updates/ussuri Release.gpg [543 B]
INFO:kolla.common.utils.congress-base:Get:7 http://ports.ubuntu.com bionic-backports InRelease [74.6 kB]
INFO:kolla.common.utils.congress-base:Get:8 http://ports.ubuntu.com bionic/main s390x Packages [1,244 kB]
INFO:kolla.common.utils.congress-base:Get:9 http://ubuntu-cloud.archive.canonical.com/ubuntu bionic-updates/ussuri/main s390x Packages [145 kB]
INFO:kolla.common.utils.congress-base:Get:10 http://ports.ubuntu.com bionic/universe s390x Packages [10.8 MB]
INFO:kolla.common.utils.congress-base:Get:11 http://ports.ubuntu.com bionic-updates/universe s390x Packages [1,075 kB]
INFO:kolla.common.utils.congress-base:Get:12 http://ports.ubuntu.com bionic-updates/main s390x Packages [730 kB]
INFO:kolla.common.utils.congress-base:Get:13 http://ports.ubuntu.com bionic-security/universe s390x Packages [625 kB]
INFO:kolla.common.utils.congress-base:Get:14 http://ports.ubuntu.com bionic-security/main s390x Packages [467 kB]
INFO:kolla.common.utils.congress-base:Get:15 http://ports.ubuntu.com bionic-backports/universe s390x Packages [4,242 B]
INFO:kolla.common.utils.congress-base:Get:16 http://ports.ubuntu.com bionic-backports/main s390x Packages [2,494 B]
INFO:kolla.common.utils.congress-base:Fetched 15.6 MB in 2s (6,430 kB/s)
INFO:kolla.common.utils.congress-base:Reading package lists...
INFO:kolla.common.utils.congress-base:Reading package lists...
INFO:kolla.common.utils.congress-base:Building dependency tree...
INFO:kolla.common.utils.congress-base:Reading state information...
INFO:kolla.common.utils.congress-base:Some packages could not be installed. This may mean that you have
INFO:kolla.common.utils.congress-base:requested an impossible situation or if you are using the unstable
INFO:kolla.common.utils.congress-base:distribution that some required packages have not yet been created
INFO:kolla.common.utils.congress-base:or been moved out of Incoming.
INFO:kolla.common.utils.congress-base:The following information may help to resolve the situation:
INFO:kolla.common.utils.congress-base:The following packages have unmet dependencies:
INFO:kolla.common.utils.congress-base: congress-common : Depends: python-congress (= 7.0.0-0ubuntu1) but it is not going to be installed
INFO:kolla.common.utils.congress-base:[91mE: Unable to correct problems, you have held broken packages.
INFO:kolla.common.utils.congress-base:[0m
INFO:kolla.common.utils.congress-base:Removing intermediate container 2e87f846e219
ERROR:kolla.common.utils.congress-base:Error'd with the following message
ERROR:kolla.common.utils.congress-base:The command '/bin/sh -c apt-get update && apt-get -y install --no-install-recommends congress-common congress-server && apt-get clean && rm -rf /var/lib/apt/lists/*' returned a non-zero code: 100
