INFO:kolla.common.utils.cron:Building started at 2020-03-02 21:37:41.159738
INFO:kolla.common.utils.cron:Step 1/3 : FROM s390x/ubuntu-binary-base:9.1.0
INFO:kolla.common.utils.cron: ---> 682558ff6b31
INFO:kolla.common.utils.cron:Step 2/3 : LABEL maintainer="Kolla Project (https://launchpad.net/kolla)" name="cron" build-date="20200302"
INFO:kolla.common.utils.cron: ---> Running in 6942bbcb23c7
INFO:kolla.common.utils.cron:Removing intermediate container 6942bbcb23c7
INFO:kolla.common.utils.cron: ---> fc9cace4aeee
INFO:kolla.common.utils.cron:Step 3/3 : RUN apt-get update && apt-get -y install --no-install-recommends cron logrotate && apt-get clean && rm -rf /var/lib/apt/lists/*
INFO:kolla.common.utils.cron: ---> Running in 3ccf9e7b0937
INFO:kolla.common.utils.cron:Get:1 http://ports.ubuntu.com bionic InRelease [242 kB]
INFO:kolla.common.utils.cron:Ign:2 http://ubuntu-cloud.archive.canonical.com/ubuntu bionic-updates/ussuri InRelease
INFO:kolla.common.utils.cron:Get:3 http://ports.ubuntu.com bionic-updates InRelease [88.7 kB]
INFO:kolla.common.utils.cron:Get:4 http://ubuntu-cloud.archive.canonical.com/ubuntu bionic-updates/ussuri Release [7,884 B]
INFO:kolla.common.utils.cron:Get:5 http://ports.ubuntu.com bionic-security InRelease [88.7 kB]
INFO:kolla.common.utils.cron:Get:6 http://ubuntu-cloud.archive.canonical.com/ubuntu bionic-updates/ussuri Release.gpg [543 B]
INFO:kolla.common.utils.cron:Get:7 http://ports.ubuntu.com bionic-backports InRelease [74.6 kB]
INFO:kolla.common.utils.cron:Get:8 http://ports.ubuntu.com bionic/main s390x Packages [1,244 kB]
INFO:kolla.common.utils.cron:Get:9 http://ubuntu-cloud.archive.canonical.com/ubuntu bionic-updates/ussuri/main s390x Packages [145 kB]
INFO:kolla.common.utils.cron:Get:10 http://ports.ubuntu.com bionic/universe s390x Packages [10.8 MB]
INFO:kolla.common.utils.cron:Get:11 http://ports.ubuntu.com bionic-updates/universe s390x Packages [1,075 kB]
INFO:kolla.common.utils.cron:Get:12 http://ports.ubuntu.com bionic-updates/main s390x Packages [730 kB]
INFO:kolla.common.utils.cron:Get:13 http://ports.ubuntu.com bionic-security/main s390x Packages [467 kB]
INFO:kolla.common.utils.cron:Get:14 http://ports.ubuntu.com bionic-security/universe s390x Packages [625 kB]
INFO:kolla.common.utils.cron:Get:15 http://ports.ubuntu.com bionic-backports/main s390x Packages [2,494 B]
INFO:kolla.common.utils.cron:Get:16 http://ports.ubuntu.com bionic-backports/universe s390x Packages [4,242 B]
INFO:kolla.common.utils.cron:Fetched 15.6 MB in 3s (5,914 kB/s)
INFO:kolla.common.utils.cron:Reading package lists...
INFO:kolla.common.utils.cron:Reading package lists...
INFO:kolla.common.utils.cron:Building dependency tree...
INFO:kolla.common.utils.cron:Reading state information...
INFO:kolla.common.utils.cron:The following additional packages will be installed:
INFO:kolla.common.utils.cron:  libpopt0
INFO:kolla.common.utils.cron:Suggested packages:
INFO:kolla.common.utils.cron:  anacron checksecurity exim4 | postfix | mail-transport-agent bsd-mailx
INFO:kolla.common.utils.cron:  | mailx
INFO:kolla.common.utils.cron:The following NEW packages will be installed:
INFO:kolla.common.utils.cron:  cron libpopt0 logrotate
INFO:kolla.common.utils.cron:0 upgraded, 3 newly installed, 0 to remove and 0 not upgraded.
INFO:kolla.common.utils.cron:Need to get 131 kB of archives.
INFO:kolla.common.utils.cron:After this operation, 512 kB of additional disk space will be used.
INFO:kolla.common.utils.cron:Get:1 http://ports.ubuntu.com bionic/main s390x cron s390x 3.0pl1-128.1ubuntu1 [67.0 kB]
INFO:kolla.common.utils.cron:Get:2 http://ports.ubuntu.com bionic/main s390x libpopt0 s390x 1.16-11 [24.7 kB]
INFO:kolla.common.utils.cron:Get:3 http://ports.ubuntu.com bionic/main s390x logrotate s390x 3.11.0-0.1ubuntu1 [39.7 kB]
INFO:kolla.common.utils.cron:Fetched 131 kB in 0s (1,199 kB/s)
INFO:kolla.common.utils.cron:Selecting previously unselected package cron.
INFO:kolla.common.utils.cron:(Reading database ... 
INFO:kolla.common.utils.cron:(Reading database ... 5%(Reading database ... 10%(Reading database ... 15%(Reading database ... 20%(Reading database ... 25%(Reading database ... 30%(Reading database ... 35%(Reading database ... 40%(Reading database ... 45%(Reading database ... 50%(Reading database ... 55%(Reading database ... 60%(Reading database ... 65%(Reading database ... 70%
INFO:kolla.common.utils.cron:(Reading database ... 75%
INFO:kolla.common.utils.cron:(Reading database ... 80%
INFO:kolla.common.utils.cron:(Reading database ... 85%
INFO:kolla.common.utils.cron:(Reading database ... 90%
INFO:kolla.common.utils.cron:(Reading database ... 95%
INFO:kolla.common.utils.cron:(Reading database ... 100%(Reading database ... 9244 files and directories currently installed.)
INFO:kolla.common.utils.cron:Preparing to unpack .../cron_3.0pl1-128.1ubuntu1_s390x.deb ...
INFO:kolla.common.utils.cron:Unpacking cron (3.0pl1-128.1ubuntu1) ...
INFO:kolla.common.utils.cron:Selecting previously unselected package libpopt0:s390x.
INFO:kolla.common.utils.cron:Preparing to unpack .../libpopt0_1.16-11_s390x.deb ...
INFO:kolla.common.utils.cron:Unpacking libpopt0:s390x (1.16-11) ...
INFO:kolla.common.utils.cron:Selecting previously unselected package logrotate.
INFO:kolla.common.utils.cron:Preparing to unpack .../logrotate_3.11.0-0.1ubuntu1_s390x.deb ...
INFO:kolla.common.utils.cron:Unpacking logrotate (3.11.0-0.1ubuntu1) ...
INFO:kolla.common.utils.cron:Setting up libpopt0:s390x (1.16-11) ...
INFO:kolla.common.utils.cron:Setting up cron (3.0pl1-128.1ubuntu1) ...
INFO:kolla.common.utils.cron:Adding group `crontab' (GID 103) ...
INFO:kolla.common.utils.cron:Done.
INFO:kolla.common.utils.cron:update-rc.d: warning: start and stop actions are no longer supported; falling back to defaults
INFO:kolla.common.utils.cron:invoke-rc.d: could not determine current runlevel
INFO:kolla.common.utils.cron:invoke-rc.d: policy-rc.d denied execution of start.
INFO:kolla.common.utils.cron:Setting up logrotate (3.11.0-0.1ubuntu1) ...
INFO:kolla.common.utils.cron:Processing triggers for libc-bin (2.27-3ubuntu1) ...
INFO:kolla.common.utils.cron:Removing intermediate container 3ccf9e7b0937
INFO:kolla.common.utils.cron: ---> cf5108a251e5
INFO:kolla.common.utils.cron:Successfully built cf5108a251e5
INFO:kolla.common.utils.cron:Successfully tagged s390x/ubuntu-binary-cron:9.1.0
INFO:kolla.common.utils.cron:Built at 2020-03-02 21:37:48.861994 (took 0:00:07.702256)
