INFO:kolla.common.utils.designate-worker:Building started at 2020-03-02 21:44:54.837982
INFO:kolla.common.utils.designate-worker:Step 1/4 : FROM s390x/ubuntu-binary-designate-base:9.1.0
INFO:kolla.common.utils.designate-worker: ---> 7ab495cb48dc
INFO:kolla.common.utils.designate-worker:Step 2/4 : LABEL maintainer="Kolla Project (https://launchpad.net/kolla)" name="designate-worker" build-date="20200302"
INFO:kolla.common.utils.designate-worker: ---> Running in 9d547f1de7f5
INFO:kolla.common.utils.designate-worker:Removing intermediate container 9d547f1de7f5
INFO:kolla.common.utils.designate-worker: ---> 5f2eb176f67b
INFO:kolla.common.utils.designate-worker:Step 3/4 : RUN apt-get update && apt-get -y install --no-install-recommends bind9 designate-worker && apt-get clean && rm -rf /var/lib/apt/lists/*
INFO:kolla.common.utils.designate-worker: ---> Running in 09fd5706df4b
INFO:kolla.common.utils.designate-worker:Ign:1 http://ubuntu-cloud.archive.canonical.com/ubuntu bionic-updates/ussuri InRelease
INFO:kolla.common.utils.designate-worker:Get:2 http://ports.ubuntu.com bionic InRelease [242 kB]
INFO:kolla.common.utils.designate-worker:Get:3 http://ubuntu-cloud.archive.canonical.com/ubuntu bionic-updates/ussuri Release [7,884 B]
INFO:kolla.common.utils.designate-worker:Get:4 http://ubuntu-cloud.archive.canonical.com/ubuntu bionic-updates/ussuri Release.gpg [543 B]
INFO:kolla.common.utils.designate-worker:Get:5 http://ports.ubuntu.com bionic-updates InRelease [88.7 kB]
INFO:kolla.common.utils.designate-worker:Get:6 http://ports.ubuntu.com bionic-security InRelease [88.7 kB]
INFO:kolla.common.utils.designate-worker:Get:7 http://ubuntu-cloud.archive.canonical.com/ubuntu bionic-updates/ussuri/main s390x Packages [145 kB]
INFO:kolla.common.utils.designate-worker:Get:8 http://ports.ubuntu.com bionic-backports InRelease [74.6 kB]
INFO:kolla.common.utils.designate-worker:Get:9 http://ports.ubuntu.com bionic/main s390x Packages [1,244 kB]
INFO:kolla.common.utils.designate-worker:Get:10 http://ports.ubuntu.com bionic/universe s390x Packages [10.8 MB]
INFO:kolla.common.utils.designate-worker:Get:11 http://ports.ubuntu.com bionic-updates/main s390x Packages [730 kB]
INFO:kolla.common.utils.designate-worker:Get:12 http://ports.ubuntu.com bionic-updates/universe s390x Packages [1,075 kB]
INFO:kolla.common.utils.designate-worker:Get:13 http://ports.ubuntu.com bionic-security/main s390x Packages [467 kB]
INFO:kolla.common.utils.designate-worker:Get:14 http://ports.ubuntu.com bionic-security/universe s390x Packages [625 kB]
INFO:kolla.common.utils.designate-worker:Get:15 http://ports.ubuntu.com bionic-backports/universe s390x Packages [4,242 B]
INFO:kolla.common.utils.designate-worker:Get:16 http://ports.ubuntu.com bionic-backports/main s390x Packages [2,494 B]
INFO:kolla.common.utils.designate-worker:Fetched 15.6 MB in 3s (5,407 kB/s)
INFO:kolla.common.utils.designate-worker:Reading package lists...
INFO:kolla.common.utils.designate-worker:Reading package lists...
INFO:kolla.common.utils.designate-worker:Building dependency tree...
INFO:kolla.common.utils.designate-worker:Reading state information...
INFO:kolla.common.utils.designate-worker:The following additional packages will be installed:
INFO:kolla.common.utils.designate-worker:  alembic bind9utils libbind9-160 libcap2 libdns1100 libgeoip1 libisc169
INFO:kolla.common.utils.designate-worker:  libisccc160 libisccfg160 libjs-jquery libjs-sphinxdoc libjs-underscore
INFO:kolla.common.utils.designate-worker:  libjson-c3 liblwres160 net-tools pycadf-common python-pastedeploy-tpl
INFO:kolla.common.utils.designate-worker:  python3-alembic python3-amqp python3-anyjson python3-bs4 python3-cachetools
INFO:kolla.common.utils.designate-worker:  python3-click python3-colorama python3-designate python3-flask
INFO:kolla.common.utils.designate-worker:  python3-itsdangerous python3-jinja2 python3-keystonemiddleware python3-kombu
INFO:kolla.common.utils.designate-worker:  python3-logutils python3-migrate python3-os-win python3-oslo.cache
INFO:kolla.common.utils.designate-worker:  python3-oslo.db python3-oslo.messaging python3-oslo.middleware
INFO:kolla.common.utils.designate-worker:  python3-oslo.policy python3-oslo.reports python3-oslo.rootwrap
INFO:kolla.common.utils.designate-worker:  python3-oslo.service python3-oslo.upgradecheck python3-oslo.versionedobjects
INFO:kolla.common.utils.designate-worker:  python3-paste python3-pastedeploy python3-pecan python3-psutil
INFO:kolla.common.utils.designate-worker:  python3-pycadf python3-repoze.lru python3-routes python3-simplegeneric
INFO:kolla.common.utils.designate-worker:  python3-singledispatch python3-sqlalchemy python3-sqlparse python3-suds
INFO:kolla.common.utils.designate-worker:  python3-tempita python3-testresources python3-testscenarios python3-vine
INFO:kolla.common.utils.designate-worker:  python3-waitress python3-webtest python3-werkzeug
INFO:kolla.common.utils.designate-worker:Suggested packages:
INFO:kolla.common.utils.designate-worker:  bind9-doc dnsutils resolvconf ufw geoip-bin python3-editor python-amqp-doc
INFO:kolla.common.utils.designate-worker:  python3-monasca-statsd python-flask-doc python-jinja2-doc python-kombu-doc
INFO:kolla.common.utils.designate-worker:  python3-boto python3-django python3-pymongo python-migrate-doc
INFO:kolla.common.utils.designate-worker:  python-os-win-doc python-oslo.cache-doc python3-confluent-kafka
INFO:kolla.common.utils.designate-worker:  python-oslo.middleware-doc python-oslo.policy-doc python-oslo.reports-doc
INFO:kolla.common.utils.designate-worker:  python-oslo.service-doc python-oslo.versionedobjects-doc httpd-wsgi
INFO:kolla.common.utils.designate-worker:  libapache2-mod-python libapache2-mod-scgi libjs-mochikit python-pecan-doc
INFO:kolla.common.utils.designate-worker:  python-psutil-doc python-sqlalchemy-doc python3-fdb python-sqlparse-doc
INFO:kolla.common.utils.designate-worker:  python-waitress-doc python-webtest-doc ipython3 python3-termcolor
INFO:kolla.common.utils.designate-worker:  python3-watchdog python-werkzeug-doc
INFO:kolla.common.utils.designate-worker:Recommended packages:
INFO:kolla.common.utils.designate-worker:  geoip-database javascript-common python3-pastescript python3-sqlalchemy-ext
INFO:kolla.common.utils.designate-worker:The following NEW packages will be installed:
INFO:kolla.common.utils.designate-worker:  alembic bind9 bind9utils designate-worker libbind9-160 libcap2 libdns1100
INFO:kolla.common.utils.designate-worker:  libgeoip1 libisc169 libisccc160 libisccfg160 libjs-jquery libjs-sphinxdoc
INFO:kolla.common.utils.designate-worker:  libjs-underscore libjson-c3 liblwres160 net-tools pycadf-common
INFO:kolla.common.utils.designate-worker:  python-pastedeploy-tpl python3-alembic python3-amqp python3-anyjson
INFO:kolla.common.utils.designate-worker:  python3-bs4 python3-cachetools python3-click python3-colorama
INFO:kolla.common.utils.designate-worker:  python3-designate python3-flask python3-itsdangerous python3-jinja2
INFO:kolla.common.utils.designate-worker:  python3-keystonemiddleware python3-kombu python3-logutils python3-migrate
INFO:kolla.common.utils.designate-worker:  python3-os-win python3-oslo.cache python3-oslo.db python3-oslo.messaging
INFO:kolla.common.utils.designate-worker:  python3-oslo.middleware python3-oslo.policy python3-oslo.reports
INFO:kolla.common.utils.designate-worker:  python3-oslo.rootwrap python3-oslo.service python3-oslo.upgradecheck
INFO:kolla.common.utils.designate-worker:  python3-oslo.versionedobjects python3-paste python3-pastedeploy
INFO:kolla.common.utils.designate-worker:  python3-pecan python3-psutil python3-pycadf python3-repoze.lru
INFO:kolla.common.utils.designate-worker:  python3-routes python3-simplegeneric python3-singledispatch
INFO:kolla.common.utils.designate-worker:  python3-sqlalchemy python3-sqlparse python3-suds python3-tempita
INFO:kolla.common.utils.designate-worker:  python3-testresources python3-testscenarios python3-vine python3-waitress
INFO:kolla.common.utils.designate-worker:  python3-webtest python3-werkzeug
INFO:kolla.common.utils.designate-worker:0 upgraded, 64 newly installed, 0 to remove and 0 not upgraded.
INFO:kolla.common.utils.designate-worker:Need to get 6,547 kB of archives.
INFO:kolla.common.utils.designate-worker:After this operation, 35.6 MB of additional disk space will be used.
INFO:kolla.common.utils.designate-worker:Get:1 http://ubuntu-cloud.archive.canonical.com/ubuntu bionic-updates/ussuri/main s390x python3-sqlalchemy all 1.2.18+ds1-2ubuntu2~cloud0 [728 kB]
INFO:kolla.common.utils.designate-worker:Get:2 http://ports.ubuntu.com bionic/main s390x libcap2 s390x 1:2.25-1.2 [13.2 kB]
INFO:kolla.common.utils.designate-worker:Get:3 http://ports.ubuntu.com bionic/main s390x libjson-c3 s390x 0.12.1-1.3 [20.8 kB]
INFO:kolla.common.utils.designate-worker:Get:4 http://ports.ubuntu.com bionic-updates/main s390x libisc169 s390x 1:9.11.3+dfsg-1ubuntu1.11 [214 kB]
INFO:kolla.common.utils.designate-worker:Get:5 http://ubuntu-cloud.archive.canonical.com/ubuntu bionic-updates/ussuri/main s390x python3-alembic all 1.0.0-2ubuntu2~cloud0 [111 kB]
INFO:kolla.common.utils.designate-worker:Get:6 http://ubuntu-cloud.archive.canonical.com/ubuntu bionic-updates/ussuri/main s390x libjs-sphinxdoc all 1.8.5-3~cloud0 [96.6 kB]
INFO:kolla.common.utils.designate-worker:Get:7 http://ubuntu-cloud.archive.canonical.com/ubuntu bionic-updates/ussuri/main s390x alembic all 1.0.0-2ubuntu2~cloud0 [369 kB]
INFO:kolla.common.utils.designate-worker:Get:8 http://ubuntu-cloud.archive.canonical.com/ubuntu bionic-updates/ussuri/main s390x python3-flask all 1.0.2-3~cloud0 [93.2 kB]
INFO:kolla.common.utils.designate-worker:Get:9 http://ubuntu-cloud.archive.canonical.com/ubuntu bionic-updates/ussuri/main s390x python3-oslo.cache all 1.37.0-0ubuntu1~cloud0 [34.5 kB]
INFO:kolla.common.utils.designate-worker:Get:10 http://ubuntu-cloud.archive.canonical.com/ubuntu bionic-updates/ussuri/main s390x python3-keystonemiddleware all 7.0.1-0ubuntu1~cloud0 [68.6 kB]
INFO:kolla.common.utils.designate-worker:Get:11 http://ubuntu-cloud.archive.canonical.com/ubuntu bionic-updates/ussuri/main s390x python3-migrate all 0.12.0-3~cloud0 [79.3 kB]
INFO:kolla.common.utils.designate-worker:Get:12 http://ubuntu-cloud.archive.canonical.com/ubuntu bionic-updates/ussuri/main s390x python3-oslo.service all 1.40.2-0ubuntu1~cloud0 [50.6 kB]
INFO:kolla.common.utils.designate-worker:Get:13 http://ubuntu-cloud.archive.canonical.com/ubuntu bionic-updates/ussuri/main s390x python3-os-win all 4.3.2-0ubuntu1~cloud0 [157 kB]
INFO:kolla.common.utils.designate-worker:Get:14 http://ubuntu-cloud.archive.canonical.com/ubuntu bionic-updates/ussuri/main s390x python3-testscenarios all 0.5.0-2~cloud0 [13.5 kB]
INFO:kolla.common.utils.designate-worker:Get:15 http://ubuntu-cloud.archive.canonical.com/ubuntu bionic-updates/ussuri/main s390x python3-oslo.db all 5.0.2-0ubuntu1~cloud0 [115 kB]
INFO:kolla.common.utils.designate-worker:Get:16 http://ports.ubuntu.com bionic/main s390x libgeoip1 s390x 1.6.12-1 [69.3 kB]
INFO:kolla.common.utils.designate-worker:Get:17 http://ubuntu-cloud.archive.canonical.com/ubuntu bionic-updates/ussuri/main s390x python3-amqp all 2.5.0-2~cloud0 [42.2 kB]
INFO:kolla.common.utils.designate-worker:Get:18 http://ubuntu-cloud.archive.canonical.com/ubuntu bionic-updates/ussuri/main s390x python3-cachetools all 3.1.0-2~cloud0 [9,892 B]
INFO:kolla.common.utils.designate-worker:Get:19 http://ubuntu-cloud.archive.canonical.com/ubuntu bionic-updates/ussuri/main s390x python3-oslo.middleware all 3.38.1-0ubuntu1~cloud0 [33.1 kB]
INFO:kolla.common.utils.designate-worker:Get:20 http://ubuntu-cloud.archive.canonical.com/ubuntu bionic-updates/ussuri/main s390x python3-oslo.messaging all 9.7.1-0ubuntu3~cloud0 [149 kB]
INFO:kolla.common.utils.designate-worker:Get:21 http://ubuntu-cloud.archive.canonical.com/ubuntu bionic-updates/ussuri/main s390x python3-oslo.policy all 2.3.2-0ubuntu1~cloud0 [50.3 kB]
INFO:kolla.common.utils.designate-worker:Get:22 http://ubuntu-cloud.archive.canonical.com/ubuntu bionic-updates/ussuri/main s390x python3-psutil s390x 5.5.1-1build1~cloud0 [166 kB]
INFO:kolla.common.utils.designate-worker:Get:23 http://ports.ubuntu.com bionic-updates/main s390x libdns1100 s390x 1:9.11.3+dfsg-1ubuntu1.11 [836 kB]
INFO:kolla.common.utils.designate-worker:Get:24 http://ubuntu-cloud.archive.canonical.com/ubuntu bionic-updates/ussuri/main s390x python3-oslo.reports all 1.30.0-0ubuntu1~cloud0 [26.9 kB]
INFO:kolla.common.utils.designate-worker:Get:25 http://ubuntu-cloud.archive.canonical.com/ubuntu bionic-updates/ussuri/main s390x python3-oslo.rootwrap all 5.16.1-0ubuntu1~cloud0 [25.9 kB]
INFO:kolla.common.utils.designate-worker:Get:26 http://ubuntu-cloud.archive.canonical.com/ubuntu bionic-updates/ussuri/main s390x python3-oslo.upgradecheck all 0.3.2-0ubuntu1~cloud0 [7,484 B]
INFO:kolla.common.utils.designate-worker:Get:27 http://ubuntu-cloud.archive.canonical.com/ubuntu bionic-updates/ussuri/main s390x python3-oslo.versionedobjects all 1.36.1-0ubuntu1~cloud0 [59.1 kB]
INFO:kolla.common.utils.designate-worker:Get:28 http://ubuntu-cloud.archive.canonical.com/ubuntu bionic-updates/ussuri/main s390x python3-pecan all 1.3.3-0ubuntu2~cloud0 [104 kB]
INFO:kolla.common.utils.designate-worker:Get:29 http://ubuntu-cloud.archive.canonical.com/ubuntu bionic-updates/ussuri/main s390x python3-designate all 1:9.0.0-0ubuntu1~cloud0 [274 kB]
INFO:kolla.common.utils.designate-worker:Get:30 http://ubuntu-cloud.archive.canonical.com/ubuntu bionic-updates/ussuri/main s390x designate-worker all 1:9.0.0-0ubuntu1~cloud0 [11.1 kB]
INFO:kolla.common.utils.designate-worker:Get:31 http://ports.ubuntu.com bionic-updates/main s390x libisccc160 s390x 1:9.11.3+dfsg-1ubuntu1.11 [16.7 kB]
INFO:kolla.common.utils.designate-worker:Get:32 http://ports.ubuntu.com bionic-updates/main s390x libisccfg160 s390x 1:9.11.3+dfsg-1ubuntu1.11 [45.1 kB]
INFO:kolla.common.utils.designate-worker:Get:33 http://ports.ubuntu.com bionic-updates/main s390x libbind9-160 s390x 1:9.11.3+dfsg-1ubuntu1.11 [25.7 kB]
INFO:kolla.common.utils.designate-worker:Get:34 http://ports.ubuntu.com bionic-updates/main s390x liblwres160 s390x 1:9.11.3+dfsg-1ubuntu1.11 [32.2 kB]
INFO:kolla.common.utils.designate-worker:Get:35 http://ports.ubuntu.com bionic/main s390x libjs-jquery all 3.2.1-1 [152 kB]
INFO:kolla.common.utils.designate-worker:Get:36 http://ports.ubuntu.com bionic/main s390x libjs-underscore all 1.8.3~dfsg-1 [59.9 kB]
INFO:kolla.common.utils.designate-worker:Get:37 http://ports.ubuntu.com bionic-updates/main s390x bind9utils s390x 1:9.11.3+dfsg-1ubuntu1.11 [209 kB]
INFO:kolla.common.utils.designate-worker:Get:38 http://ports.ubuntu.com bionic/main s390x net-tools s390x 1.60+git20161116.90da8a0-1ubuntu1 [188 kB]
INFO:kolla.common.utils.designate-worker:Get:39 http://ports.ubuntu.com bionic-updates/main s390x bind9 s390x 1:9.11.3+dfsg-1ubuntu1.11 [355 kB]
INFO:kolla.common.utils.designate-worker:Get:40 http://ports.ubuntu.com bionic/main s390x python3-colorama all 0.3.7-1 [14.9 kB]
INFO:kolla.common.utils.designate-worker:Get:41 http://ports.ubuntu.com bionic/main s390x python3-click all 6.7-3 [56.5 kB]
INFO:kolla.common.utils.designate-worker:Get:42 http://ports.ubuntu.com bionic/main s390x python3-itsdangerous all 0.24+dfsg1-2 [12.0 kB]
INFO:kolla.common.utils.designate-worker:Get:43 http://ports.ubuntu.com bionic-updates/main s390x python3-jinja2 all 2.10-1ubuntu0.18.04.1 [95.4 kB]
INFO:kolla.common.utils.designate-worker:Get:44 http://ports.ubuntu.com bionic/universe s390x python3-werkzeug all 0.14.1+dfsg1-1 [174 kB]
INFO:kolla.common.utils.designate-worker:Get:45 http://ports.ubuntu.com bionic/main s390x pycadf-common all 2.7.0-0ubuntu1 [4,440 B]
INFO:kolla.common.utils.designate-worker:Get:46 http://ports.ubuntu.com bionic/universe s390x python3-pycadf all 2.7.0-0ubuntu1 [17.4 kB]
INFO:kolla.common.utils.designate-worker:Get:47 http://ports.ubuntu.com bionic/main s390x python3-sqlparse all 0.2.4-0.1 [28.1 kB]
INFO:kolla.common.utils.designate-worker:Get:48 http://ports.ubuntu.com bionic/main s390x python3-tempita all 0.5.2-2 [13.9 kB]
INFO:kolla.common.utils.designate-worker:Get:49 http://ports.ubuntu.com bionic/main s390x python3-paste all 2.0.3+dfsg-4ubuntu1 [456 kB]
INFO:kolla.common.utils.designate-worker:Get:50 http://ports.ubuntu.com bionic/main s390x python-pastedeploy-tpl all 1.5.2-4 [4,796 B]
INFO:kolla.common.utils.designate-worker:Get:51 http://ports.ubuntu.com bionic/main s390x python3-pastedeploy all 1.5.2-4 [13.4 kB]
INFO:kolla.common.utils.designate-worker:Get:52 http://ports.ubuntu.com bionic/universe s390x python3-repoze.lru all 0.7-1 [11.7 kB]
INFO:kolla.common.utils.designate-worker:Get:53 http://ports.ubuntu.com bionic/universe s390x python3-routes all 2.4.1-1 [28.4 kB]
INFO:kolla.common.utils.designate-worker:Get:54 http://ports.ubuntu.com bionic/universe s390x python3-testresources all 2.0.0-2 [26.4 kB]
INFO:kolla.common.utils.designate-worker:Get:55 http://ports.ubuntu.com bionic/main s390x python3-vine all 1.1.4+dfsg-2 [15.7 kB]
INFO:kolla.common.utils.designate-worker:Get:56 http://ports.ubuntu.com bionic/universe s390x python3-anyjson all 0.3.3-1build1 [7,062 B]
INFO:kolla.common.utils.designate-worker:Get:57 http://ports.ubuntu.com bionic/universe s390x python3-kombu all 4.1.0-1 [126 kB]
INFO:kolla.common.utils.designate-worker:Get:58 http://ports.ubuntu.com bionic/universe s390x python3-logutils all 0.3.3-5 [16.7 kB]
INFO:kolla.common.utils.designate-worker:Get:59 http://ports.ubuntu.com bionic/universe s390x python3-simplegeneric all 0.8.1-1 [11.5 kB]
INFO:kolla.common.utils.designate-worker:Get:60 http://ports.ubuntu.com bionic/universe s390x python3-singledispatch all 3.4.0.3-2 [7,022 B]
INFO:kolla.common.utils.designate-worker:Get:61 http://ports.ubuntu.com bionic/main s390x python3-bs4 all 4.6.0-1 [67.8 kB]
INFO:kolla.common.utils.designate-worker:Get:62 http://ports.ubuntu.com bionic/main s390x python3-waitress all 1.0.1-1 [53.4 kB]
INFO:kolla.common.utils.designate-worker:Get:63 http://ports.ubuntu.com bionic/main s390x python3-webtest all 2.0.28-1ubuntu1 [27.9 kB]
INFO:kolla.common.utils.designate-worker:Get:64 http://ports.ubuntu.com bionic/universe s390x python3-suds all 0.7~git20150727.94664dd-5 [145 kB]
INFO:kolla.common.utils.designate-worker:Preconfiguring packages ...
INFO:kolla.common.utils.designate-worker:Fetched 6,547 kB in 1s (9,863 kB/s)
INFO:kolla.common.utils.designate-worker:Selecting previously unselected package libcap2:s390x.
INFO:kolla.common.utils.designate-worker:(Reading database ... 
INFO:kolla.common.utils.designate-worker:(Reading database ... 5%(Reading database ... 10%(Reading database ... 15%(Reading database ... 20%(Reading database ... 25%(Reading database ... 30%(Reading database ... 35%(Reading database ... 40%(Reading database ... 45%(Reading database ... 50%(Reading database ... 55%(Reading database ... 60%
INFO:kolla.common.utils.designate-worker:(Reading database ... 65%(Reading database ... 70%(Reading database ... 75%(Reading database ... 80%
INFO:kolla.common.utils.designate-worker:(Reading database ... 85%
INFO:kolla.common.utils.designate-worker:(Reading database ... 90%(Reading database ... 95%(Reading database ... 100%(Reading database ... 22362 files and directories currently installed.)
INFO:kolla.common.utils.designate-worker:Preparing to unpack .../00-libcap2_1%3a2.25-1.2_s390x.deb ...
INFO:kolla.common.utils.designate-worker:Unpacking libcap2:s390x (1:2.25-1.2) ...
INFO:kolla.common.utils.designate-worker:Selecting previously unselected package libjson-c3:s390x.
INFO:kolla.common.utils.designate-worker:Preparing to unpack .../01-libjson-c3_0.12.1-1.3_s390x.deb ...
INFO:kolla.common.utils.designate-worker:Unpacking libjson-c3:s390x (0.12.1-1.3) ...
INFO:kolla.common.utils.designate-worker:Selecting previously unselected package libisc169:s390x.
INFO:kolla.common.utils.designate-worker:Preparing to unpack .../02-libisc169_1%3a9.11.3+dfsg-1ubuntu1.11_s390x.deb ...
INFO:kolla.common.utils.designate-worker:Unpacking libisc169:s390x (1:9.11.3+dfsg-1ubuntu1.11) ...
INFO:kolla.common.utils.designate-worker:Selecting previously unselected package libgeoip1:s390x.
INFO:kolla.common.utils.designate-worker:Preparing to unpack .../03-libgeoip1_1.6.12-1_s390x.deb ...
INFO:kolla.common.utils.designate-worker:Unpacking libgeoip1:s390x (1.6.12-1) ...
INFO:kolla.common.utils.designate-worker:Selecting previously unselected package libdns1100:s390x.
INFO:kolla.common.utils.designate-worker:Preparing to unpack .../04-libdns1100_1%3a9.11.3+dfsg-1ubuntu1.11_s390x.deb ...
INFO:kolla.common.utils.designate-worker:Unpacking libdns1100:s390x (1:9.11.3+dfsg-1ubuntu1.11) ...
INFO:kolla.common.utils.designate-worker:Selecting previously unselected package libisccc160:s390x.
INFO:kolla.common.utils.designate-worker:Preparing to unpack .../05-libisccc160_1%3a9.11.3+dfsg-1ubuntu1.11_s390x.deb ...
INFO:kolla.common.utils.designate-worker:Unpacking libisccc160:s390x (1:9.11.3+dfsg-1ubuntu1.11) ...
INFO:kolla.common.utils.designate-worker:Selecting previously unselected package libisccfg160:s390x.
INFO:kolla.common.utils.designate-worker:Preparing to unpack .../06-libisccfg160_1%3a9.11.3+dfsg-1ubuntu1.11_s390x.deb ...
INFO:kolla.common.utils.designate-worker:Unpacking libisccfg160:s390x (1:9.11.3+dfsg-1ubuntu1.11) ...
INFO:kolla.common.utils.designate-worker:Selecting previously unselected package libbind9-160:s390x.
INFO:kolla.common.utils.designate-worker:Preparing to unpack .../07-libbind9-160_1%3a9.11.3+dfsg-1ubuntu1.11_s390x.deb ...
INFO:kolla.common.utils.designate-worker:Unpacking libbind9-160:s390x (1:9.11.3+dfsg-1ubuntu1.11) ...
INFO:kolla.common.utils.designate-worker:Selecting previously unselected package liblwres160:s390x.
INFO:kolla.common.utils.designate-worker:Preparing to unpack .../08-liblwres160_1%3a9.11.3+dfsg-1ubuntu1.11_s390x.deb ...
INFO:kolla.common.utils.designate-worker:Unpacking liblwres160:s390x (1:9.11.3+dfsg-1ubuntu1.11) ...
INFO:kolla.common.utils.designate-worker:Selecting previously unselected package python3-sqlalchemy.
INFO:kolla.common.utils.designate-worker:Preparing to unpack .../09-python3-sqlalchemy_1.2.18+ds1-2ubuntu2~cloud0_all.deb ...
INFO:kolla.common.utils.designate-worker:Unpacking python3-sqlalchemy (1.2.18+ds1-2ubuntu2~cloud0) ...
INFO:kolla.common.utils.designate-worker:Selecting previously unselected package python3-alembic.
INFO:kolla.common.utils.designate-worker:Preparing to unpack .../10-python3-alembic_1.0.0-2ubuntu2~cloud0_all.deb ...
INFO:kolla.common.utils.designate-worker:Unpacking python3-alembic (1.0.0-2ubuntu2~cloud0) ...
INFO:kolla.common.utils.designate-worker:Selecting previously unselected package libjs-jquery.
INFO:kolla.common.utils.designate-worker:Preparing to unpack .../11-libjs-jquery_3.2.1-1_all.deb ...
INFO:kolla.common.utils.designate-worker:Unpacking libjs-jquery (3.2.1-1) ...
INFO:kolla.common.utils.designate-worker:Selecting previously unselected package libjs-underscore.
INFO:kolla.common.utils.designate-worker:Preparing to unpack .../12-libjs-underscore_1.8.3~dfsg-1_all.deb ...
INFO:kolla.common.utils.designate-worker:Unpacking libjs-underscore (1.8.3~dfsg-1) ...
INFO:kolla.common.utils.designate-worker:Selecting previously unselected package libjs-sphinxdoc.
INFO:kolla.common.utils.designate-worker:Preparing to unpack .../13-libjs-sphinxdoc_1.8.5-3~cloud0_all.deb ...
INFO:kolla.common.utils.designate-worker:Unpacking libjs-sphinxdoc (1.8.5-3~cloud0) ...
INFO:kolla.common.utils.designate-worker:Selecting previously unselected package alembic.
INFO:kolla.common.utils.designate-worker:Preparing to unpack .../14-alembic_1.0.0-2ubuntu2~cloud0_all.deb ...
INFO:kolla.common.utils.designate-worker:Unpacking alembic (1.0.0-2ubuntu2~cloud0) ...
INFO:kolla.common.utils.designate-worker:Selecting previously unselected package bind9utils.
INFO:kolla.common.utils.designate-worker:Preparing to unpack .../15-bind9utils_1%3a9.11.3+dfsg-1ubuntu1.11_s390x.deb ...
INFO:kolla.common.utils.designate-worker:Unpacking bind9utils (1:9.11.3+dfsg-1ubuntu1.11) ...
INFO:kolla.common.utils.designate-worker:Selecting previously unselected package net-tools.
INFO:kolla.common.utils.designate-worker:Preparing to unpack .../16-net-tools_1.60+git20161116.90da8a0-1ubuntu1_s390x.deb ...
INFO:kolla.common.utils.designate-worker:Unpacking net-tools (1.60+git20161116.90da8a0-1ubuntu1) ...
INFO:kolla.common.utils.designate-worker:Selecting previously unselected package bind9.
INFO:kolla.common.utils.designate-worker:Preparing to unpack .../17-bind9_1%3a9.11.3+dfsg-1ubuntu1.11_s390x.deb ...
INFO:kolla.common.utils.designate-worker:Unpacking bind9 (1:9.11.3+dfsg-1ubuntu1.11) ...
INFO:kolla.common.utils.designate-worker:Selecting previously unselected package python3-colorama.
INFO:kolla.common.utils.designate-worker:Preparing to unpack .../18-python3-colorama_0.3.7-1_all.deb ...
INFO:kolla.common.utils.designate-worker:Unpacking python3-colorama (0.3.7-1) ...
INFO:kolla.common.utils.designate-worker:Selecting previously unselected package python3-click.
INFO:kolla.common.utils.designate-worker:Preparing to unpack .../19-python3-click_6.7-3_all.deb ...
INFO:kolla.common.utils.designate-worker:Unpacking python3-click (6.7-3) ...
INFO:kolla.common.utils.designate-worker:Selecting previously unselected package python3-itsdangerous.
INFO:kolla.common.utils.designate-worker:Preparing to unpack .../20-python3-itsdangerous_0.24+dfsg1-2_all.deb ...
INFO:kolla.common.utils.designate-worker:Unpacking python3-itsdangerous (0.24+dfsg1-2) ...
INFO:kolla.common.utils.designate-worker:Selecting previously unselected package python3-jinja2.
INFO:kolla.common.utils.designate-worker:Preparing to unpack .../21-python3-jinja2_2.10-1ubuntu0.18.04.1_all.deb ...
INFO:kolla.common.utils.designate-worker:Unpacking python3-jinja2 (2.10-1ubuntu0.18.04.1) ...
INFO:kolla.common.utils.designate-worker:Selecting previously unselected package python3-werkzeug.
INFO:kolla.common.utils.designate-worker:Preparing to unpack .../22-python3-werkzeug_0.14.1+dfsg1-1_all.deb ...
INFO:kolla.common.utils.designate-worker:Unpacking python3-werkzeug (0.14.1+dfsg1-1) ...
INFO:kolla.common.utils.designate-worker:Selecting previously unselected package python3-flask.
INFO:kolla.common.utils.designate-worker:Preparing to unpack .../23-python3-flask_1.0.2-3~cloud0_all.deb ...
INFO:kolla.common.utils.designate-worker:Unpacking python3-flask (1.0.2-3~cloud0) ...
INFO:kolla.common.utils.designate-worker:Selecting previously unselected package python3-oslo.cache.
INFO:kolla.common.utils.designate-worker:Preparing to unpack .../24-python3-oslo.cache_1.37.0-0ubuntu1~cloud0_all.deb ...
INFO:kolla.common.utils.designate-worker:Unpacking python3-oslo.cache (1.37.0-0ubuntu1~cloud0) ...
INFO:kolla.common.utils.designate-worker:Selecting previously unselected package pycadf-common.
INFO:kolla.common.utils.designate-worker:Preparing to unpack .../25-pycadf-common_2.7.0-0ubuntu1_all.deb ...
INFO:kolla.common.utils.designate-worker:Unpacking pycadf-common (2.7.0-0ubuntu1) ...
INFO:kolla.common.utils.designate-worker:Selecting previously unselected package python3-pycadf.
INFO:kolla.common.utils.designate-worker:Preparing to unpack .../26-python3-pycadf_2.7.0-0ubuntu1_all.deb ...
INFO:kolla.common.utils.designate-worker:Unpacking python3-pycadf (2.7.0-0ubuntu1) ...
INFO:kolla.common.utils.designate-worker:Selecting previously unselected package python3-keystonemiddleware.
INFO:kolla.common.utils.designate-worker:Preparing to unpack .../27-python3-keystonemiddleware_7.0.1-0ubuntu1~cloud0_all.deb ...
INFO:kolla.common.utils.designate-worker:Unpacking python3-keystonemiddleware (7.0.1-0ubuntu1~cloud0) ...
INFO:kolla.common.utils.designate-worker:Selecting previously unselected package python3-sqlparse.
INFO:kolla.common.utils.designate-worker:Preparing to unpack .../28-python3-sqlparse_0.2.4-0.1_all.deb ...
INFO:kolla.common.utils.designate-worker:Unpacking python3-sqlparse (0.2.4-0.1) ...
INFO:kolla.common.utils.designate-worker:Selecting previously unselected package python3-tempita.
INFO:kolla.common.utils.designate-worker:Preparing to unpack .../29-python3-tempita_0.5.2-2_all.deb ...
INFO:kolla.common.utils.designate-worker:Unpacking python3-tempita (0.5.2-2) ...
INFO:kolla.common.utils.designate-worker:Selecting previously unselected package python3-migrate.
INFO:kolla.common.utils.designate-worker:Preparing to unpack .../30-python3-migrate_0.12.0-3~cloud0_all.deb ...
INFO:kolla.common.utils.designate-worker:Unpacking python3-migrate (0.12.0-3~cloud0) ...
INFO:kolla.common.utils.designate-worker:Selecting previously unselected package python3-paste.
INFO:kolla.common.utils.designate-worker:Preparing to unpack .../31-python3-paste_2.0.3+dfsg-4ubuntu1_all.deb ...
INFO:kolla.common.utils.designate-worker:Unpacking python3-paste (2.0.3+dfsg-4ubuntu1) ...
INFO:kolla.common.utils.designate-worker:Selecting previously unselected package python-pastedeploy-tpl.
INFO:kolla.common.utils.designate-worker:Preparing to unpack .../32-python-pastedeploy-tpl_1.5.2-4_all.deb ...
INFO:kolla.common.utils.designate-worker:Unpacking python-pastedeploy-tpl (1.5.2-4) ...
INFO:kolla.common.utils.designate-worker:Selecting previously unselected package python3-pastedeploy.
INFO:kolla.common.utils.designate-worker:Preparing to unpack .../33-python3-pastedeploy_1.5.2-4_all.deb ...
INFO:kolla.common.utils.designate-worker:Unpacking python3-pastedeploy (1.5.2-4) ...
INFO:kolla.common.utils.designate-worker:Selecting previously unselected package python3-repoze.lru.
INFO:kolla.common.utils.designate-worker:Preparing to unpack .../34-python3-repoze.lru_0.7-1_all.deb ...
INFO:kolla.common.utils.designate-worker:Unpacking python3-repoze.lru (0.7-1) ...
INFO:kolla.common.utils.designate-worker:Selecting previously unselected package python3-routes.
INFO:kolla.common.utils.designate-worker:Preparing to unpack .../35-python3-routes_2.4.1-1_all.deb ...
INFO:kolla.common.utils.designate-worker:Unpacking python3-routes (2.4.1-1) ...
INFO:kolla.common.utils.designate-worker:Selecting previously unselected package python3-oslo.service.
INFO:kolla.common.utils.designate-worker:Preparing to unpack .../36-python3-oslo.service_1.40.2-0ubuntu1~cloud0_all.deb ...
INFO:kolla.common.utils.designate-worker:Unpacking python3-oslo.service (1.40.2-0ubuntu1~cloud0) ...
INFO:kolla.common.utils.designate-worker:Selecting previously unselected package python3-os-win.
INFO:kolla.common.utils.designate-worker:Preparing to unpack .../37-python3-os-win_4.3.2-0ubuntu1~cloud0_all.deb ...
INFO:kolla.common.utils.designate-worker:Unpacking python3-os-win (4.3.2-0ubuntu1~cloud0) ...
INFO:kolla.common.utils.designate-worker:Selecting previously unselected package python3-testresources.
INFO:kolla.common.utils.designate-worker:Preparing to unpack .../38-python3-testresources_2.0.0-2_all.deb ...
INFO:kolla.common.utils.designate-worker:Unpacking python3-testresources (2.0.0-2) ...
INFO:kolla.common.utils.designate-worker:Selecting previously unselected package python3-testscenarios.
INFO:kolla.common.utils.designate-worker:Preparing to unpack .../39-python3-testscenarios_0.5.0-2~cloud0_all.deb ...
INFO:kolla.common.utils.designate-worker:Unpacking python3-testscenarios (0.5.0-2~cloud0) ...
INFO:kolla.common.utils.designate-worker:Selecting previously unselected package python3-oslo.db.
INFO:kolla.common.utils.designate-worker:Preparing to unpack .../40-python3-oslo.db_5.0.2-0ubuntu1~cloud0_all.deb ...
INFO:kolla.common.utils.designate-worker:Unpacking python3-oslo.db (5.0.2-0ubuntu1~cloud0) ...
INFO:kolla.common.utils.designate-worker:Selecting previously unselected package python3-vine.
INFO:kolla.common.utils.designate-worker:Preparing to unpack .../41-python3-vine_1.1.4+dfsg-2_all.deb ...
INFO:kolla.common.utils.designate-worker:Unpacking python3-vine (1.1.4+dfsg-2) ...
INFO:kolla.common.utils.designate-worker:Selecting previously unselected package python3-amqp.
INFO:kolla.common.utils.designate-worker:Preparing to unpack .../42-python3-amqp_2.5.0-2~cloud0_all.deb ...
INFO:kolla.common.utils.designate-worker:Unpacking python3-amqp (2.5.0-2~cloud0) ...
INFO:kolla.common.utils.designate-worker:Selecting previously unselected package python3-cachetools.
INFO:kolla.common.utils.designate-worker:Preparing to unpack .../43-python3-cachetools_3.1.0-2~cloud0_all.deb ...
INFO:kolla.common.utils.designate-worker:Unpacking python3-cachetools (3.1.0-2~cloud0) ...
INFO:kolla.common.utils.designate-worker:Selecting previously unselected package python3-anyjson.
INFO:kolla.common.utils.designate-worker:Preparing to unpack .../44-python3-anyjson_0.3.3-1build1_all.deb ...
INFO:kolla.common.utils.designate-worker:Unpacking python3-anyjson (0.3.3-1build1) ...
INFO:kolla.common.utils.designate-worker:Selecting previously unselected package python3-kombu.
INFO:kolla.common.utils.designate-worker:Preparing to unpack .../45-python3-kombu_4.1.0-1_all.deb ...
INFO:kolla.common.utils.designate-worker:Unpacking python3-kombu (4.1.0-1) ...
INFO:kolla.common.utils.designate-worker:Selecting previously unselected package python3-oslo.middleware.
INFO:kolla.common.utils.designate-worker:Preparing to unpack .../46-python3-oslo.middleware_3.38.1-0ubuntu1~cloud0_all.deb ...
INFO:kolla.common.utils.designate-worker:Unpacking python3-oslo.middleware (3.38.1-0ubuntu1~cloud0) ...
INFO:kolla.common.utils.designate-worker:Selecting previously unselected package python3-oslo.messaging.
INFO:kolla.common.utils.designate-worker:Preparing to unpack .../47-python3-oslo.messaging_9.7.1-0ubuntu3~cloud0_all.deb ...
INFO:kolla.common.utils.designate-worker:Unpacking python3-oslo.messaging (9.7.1-0ubuntu3~cloud0) ...
INFO:kolla.common.utils.designate-worker:Selecting previously unselected package python3-oslo.policy.
INFO:kolla.common.utils.designate-worker:Preparing to unpack .../48-python3-oslo.policy_2.3.2-0ubuntu1~cloud0_all.deb ...
INFO:kolla.common.utils.designate-worker:Unpacking python3-oslo.policy (2.3.2-0ubuntu1~cloud0) ...
INFO:kolla.common.utils.designate-worker:Selecting previously unselected package python3-psutil.
INFO:kolla.common.utils.designate-worker:Preparing to unpack .../49-python3-psutil_5.5.1-1build1~cloud0_s390x.deb ...
INFO:kolla.common.utils.designate-worker:Unpacking python3-psutil (5.5.1-1build1~cloud0) ...
INFO:kolla.common.utils.designate-worker:Selecting previously unselected package python3-oslo.reports.
INFO:kolla.common.utils.designate-worker:Preparing to unpack .../50-python3-oslo.reports_1.30.0-0ubuntu1~cloud0_all.deb ...
INFO:kolla.common.utils.designate-worker:Unpacking python3-oslo.reports (1.30.0-0ubuntu1~cloud0) ...
INFO:kolla.common.utils.designate-worker:Selecting previously unselected package python3-oslo.rootwrap.
INFO:kolla.common.utils.designate-worker:Preparing to unpack .../51-python3-oslo.rootwrap_5.16.1-0ubuntu1~cloud0_all.deb ...
INFO:kolla.common.utils.designate-worker:Unpacking python3-oslo.rootwrap (5.16.1-0ubuntu1~cloud0) ...
INFO:kolla.common.utils.designate-worker:Selecting previously unselected package python3-oslo.upgradecheck.
INFO:kolla.common.utils.designate-worker:Preparing to unpack .../52-python3-oslo.upgradecheck_0.3.2-0ubuntu1~cloud0_all.deb ...
INFO:kolla.common.utils.designate-worker:Unpacking python3-oslo.upgradecheck (0.3.2-0ubuntu1~cloud0) ...
INFO:kolla.common.utils.designate-worker:Selecting previously unselected package python3-oslo.versionedobjects.
INFO:kolla.common.utils.designate-worker:Preparing to unpack .../53-python3-oslo.versionedobjects_1.36.1-0ubuntu1~cloud0_all.deb ...
INFO:kolla.common.utils.designate-worker:Unpacking python3-oslo.versionedobjects (1.36.1-0ubuntu1~cloud0) ...
INFO:kolla.common.utils.designate-worker:Selecting previously unselected package python3-logutils.
INFO:kolla.common.utils.designate-worker:Preparing to unpack .../54-python3-logutils_0.3.3-5_all.deb ...
INFO:kolla.common.utils.designate-worker:Unpacking python3-logutils (0.3.3-5) ...
INFO:kolla.common.utils.designate-worker:Selecting previously unselected package python3-simplegeneric.
INFO:kolla.common.utils.designate-worker:Preparing to unpack .../55-python3-simplegeneric_0.8.1-1_all.deb ...
INFO:kolla.common.utils.designate-worker:Unpacking python3-simplegeneric (0.8.1-1) ...
INFO:kolla.common.utils.designate-worker:Selecting previously unselected package python3-singledispatch.
INFO:kolla.common.utils.designate-worker:Preparing to unpack .../56-python3-singledispatch_3.4.0.3-2_all.deb ...
INFO:kolla.common.utils.designate-worker:Unpacking python3-singledispatch (3.4.0.3-2) ...
INFO:kolla.common.utils.designate-worker:Selecting previously unselected package python3-bs4.
INFO:kolla.common.utils.designate-worker:Preparing to unpack .../57-python3-bs4_4.6.0-1_all.deb ...
INFO:kolla.common.utils.designate-worker:Unpacking python3-bs4 (4.6.0-1) ...
INFO:kolla.common.utils.designate-worker:Selecting previously unselected package python3-waitress.
INFO:kolla.common.utils.designate-worker:Preparing to unpack .../58-python3-waitress_1.0.1-1_all.deb ...
INFO:kolla.common.utils.designate-worker:Unpacking python3-waitress (1.0.1-1) ...
INFO:kolla.common.utils.designate-worker:Selecting previously unselected package python3-webtest.
INFO:kolla.common.utils.designate-worker:Preparing to unpack .../59-python3-webtest_2.0.28-1ubuntu1_all.deb ...
INFO:kolla.common.utils.designate-worker:Unpacking python3-webtest (2.0.28-1ubuntu1) ...
INFO:kolla.common.utils.designate-worker:Selecting previously unselected package python3-pecan.
INFO:kolla.common.utils.designate-worker:Preparing to unpack .../60-python3-pecan_1.3.3-0ubuntu2~cloud0_all.deb ...
INFO:kolla.common.utils.designate-worker:Unpacking python3-pecan (1.3.3-0ubuntu2~cloud0) ...
INFO:kolla.common.utils.designate-worker:Selecting previously unselected package python3-suds.
INFO:kolla.common.utils.designate-worker:Preparing to unpack .../61-python3-suds_0.7~git20150727.94664dd-5_all.deb ...
INFO:kolla.common.utils.designate-worker:Unpacking python3-suds (0.7~git20150727.94664dd-5) ...
INFO:kolla.common.utils.designate-worker:Selecting previously unselected package python3-designate.
INFO:kolla.common.utils.designate-worker:Preparing to unpack .../62-python3-designate_1%3a9.0.0-0ubuntu1~cloud0_all.deb ...
INFO:kolla.common.utils.designate-worker:Unpacking python3-designate (1:9.0.0-0ubuntu1~cloud0) ...
INFO:kolla.common.utils.designate-worker:Selecting previously unselected package designate-worker.
INFO:kolla.common.utils.designate-worker:Preparing to unpack .../63-designate-worker_1%3a9.0.0-0ubuntu1~cloud0_all.deb ...
INFO:kolla.common.utils.designate-worker:Unpacking designate-worker (1:9.0.0-0ubuntu1~cloud0) ...
INFO:kolla.common.utils.designate-worker:Setting up python3-logutils (0.3.3-5) ...
INFO:kolla.common.utils.designate-worker:Setting up libjs-jquery (3.2.1-1) ...
INFO:kolla.common.utils.designate-worker:Setting up python3-werkzeug (0.14.1+dfsg1-1) ...
INFO:kolla.common.utils.designate-worker:Setting up python3-sqlalchemy (1.2.18+ds1-2ubuntu2~cloud0) ...
INFO:kolla.common.utils.designate-worker:Setting up python3-simplegeneric (0.8.1-1) ...
INFO:kolla.common.utils.designate-worker:Setting up libjs-underscore (1.8.3~dfsg-1) ...
INFO:kolla.common.utils.designate-worker:Setting up python3-waitress (1.0.1-1) ...
INFO:kolla.common.utils.designate-worker:update-alternatives: using /usr/bin/waitress-serve-python3 to provide /usr/bin/waitress-serve (waitress-serve) in auto mode
INFO:kolla.common.utils.designate-worker:Setting up python3-sqlparse (0.2.4-0.1) ...
INFO:kolla.common.utils.designate-worker:Setting up python3-oslo.rootwrap (5.16.1-0ubuntu1~cloud0) ...
INFO:kolla.common.utils.designate-worker:Setting up python3-tempita (0.5.2-2) ...
INFO:kolla.common.utils.designate-worker:Setting up libjson-c3:s390x (0.12.1-1.3) ...
INFO:kolla.common.utils.designate-worker:Setting up libcap2:s390x (1:2.25-1.2) ...
INFO:kolla.common.utils.designate-worker:Setting up python3-colorama (0.3.7-1) ...
INFO:kolla.common.utils.designate-worker:Setting up python3-singledispatch (3.4.0.3-2) ...
INFO:kolla.common.utils.designate-worker:Setting up python3-alembic (1.0.0-2ubuntu2~cloud0) ...
INFO:kolla.common.utils.designate-worker:Setting up libjs-sphinxdoc (1.8.5-3~cloud0) ...
INFO:kolla.common.utils.designate-worker:Setting up python3-testscenarios (0.5.0-2~cloud0) ...
INFO:kolla.common.utils.designate-worker:Setting up libgeoip1:s390x (1.6.12-1) ...
INFO:kolla.common.utils.designate-worker:Setting up python3-bs4 (4.6.0-1) ...
INFO:kolla.common.utils.designate-worker:Setting up python3-oslo.policy (2.3.2-0ubuntu1~cloud0) ...
INFO:kolla.common.utils.designate-worker:Setting up python3-psutil (5.5.1-1build1~cloud0) ...
INFO:kolla.common.utils.designate-worker:Setting up python3-suds (0.7~git20150727.94664dd-5) ...
INFO:kolla.common.utils.designate-worker:Setting up python3-testresources (2.0.0-2) ...
INFO:kolla.common.utils.designate-worker:Setting up pycadf-common (2.7.0-0ubuntu1) ...
INFO:kolla.common.utils.designate-worker:Setting up python3-oslo.cache (1.37.0-0ubuntu1~cloud0) ...
INFO:kolla.common.utils.designate-worker:Setting up python3-pycadf (2.7.0-0ubuntu1) ...
INFO:kolla.common.utils.designate-worker:Setting up python3-jinja2 (2.10-1ubuntu0.18.04.1) ...
INFO:kolla.common.utils.designate-worker:Setting up python3-repoze.lru (0.7-1) ...
INFO:kolla.common.utils.designate-worker:Setting up python3-paste (2.0.3+dfsg-4ubuntu1) ...
INFO:kolla.common.utils.designate-worker:Setting up python3-migrate (0.12.0-3~cloud0) ...
INFO:kolla.common.utils.designate-worker:Setting up python3-anyjson (0.3.3-1build1) ...
INFO:kolla.common.utils.designate-worker:Setting up python3-keystonemiddleware (7.0.1-0ubuntu1~cloud0) ...
INFO:kolla.common.utils.designate-worker:Setting up python-pastedeploy-tpl (1.5.2-4) ...
INFO:kolla.common.utils.designate-worker:Setting up python3-cachetools (3.1.0-2~cloud0) ...
INFO:kolla.common.utils.designate-worker:Setting up net-tools (1.60+git20161116.90da8a0-1ubuntu1) ...
INFO:kolla.common.utils.designate-worker:Setting up python3-vine (1.1.4+dfsg-2) ...
INFO:kolla.common.utils.designate-worker:Setting up python3-itsdangerous (0.24+dfsg1-2) ...
INFO:kolla.common.utils.designate-worker:Setting up python3-oslo.upgradecheck (0.3.2-0ubuntu1~cloud0) ...
INFO:kolla.common.utils.designate-worker:Setting up liblwres160:s390x (1:9.11.3+dfsg-1ubuntu1.11) ...
INFO:kolla.common.utils.designate-worker:Setting up alembic (1.0.0-2ubuntu2~cloud0) ...
INFO:kolla.common.utils.designate-worker:Setting up python3-routes (2.4.1-1) ...
INFO:kolla.common.utils.designate-worker:Setting up libisc169:s390x (1:9.11.3+dfsg-1ubuntu1.11) ...
INFO:kolla.common.utils.designate-worker:Setting up libisccc160:s390x (1:9.11.3+dfsg-1ubuntu1.11) ...
INFO:kolla.common.utils.designate-worker:Setting up python3-oslo.middleware (3.38.1-0ubuntu1~cloud0) ...
INFO:kolla.common.utils.designate-worker:Setting up python3-amqp (2.5.0-2~cloud0) ...
INFO:kolla.common.utils.designate-worker:Setting up python3-oslo.reports (1.30.0-0ubuntu1~cloud0) ...
INFO:kolla.common.utils.designate-worker:Setting up python3-click (6.7-3) ...
INFO:kolla.common.utils.designate-worker:Setting up python3-kombu (4.1.0-1) ...
INFO:kolla.common.utils.designate-worker:Setting up python3-oslo.db (5.0.2-0ubuntu1~cloud0) ...
INFO:kolla.common.utils.designate-worker:Setting up python3-pastedeploy (1.5.2-4) ...
INFO:kolla.common.utils.designate-worker:Setting up libdns1100:s390x (1:9.11.3+dfsg-1ubuntu1.11) ...
INFO:kolla.common.utils.designate-worker:Setting up python3-flask (1.0.2-3~cloud0) ...
INFO:kolla.common.utils.designate-worker:Setting up python3-webtest (2.0.28-1ubuntu1) ...
INFO:kolla.common.utils.designate-worker:Setting up python3-pecan (1.3.3-0ubuntu2~cloud0) ...
INFO:kolla.common.utils.designate-worker:Setting up libisccfg160:s390x (1:9.11.3+dfsg-1ubuntu1.11) ...
INFO:kolla.common.utils.designate-worker:Setting up python3-oslo.service (1.40.2-0ubuntu1~cloud0) ...
INFO:kolla.common.utils.designate-worker:Setting up python3-os-win (4.3.2-0ubuntu1~cloud0) ...
INFO:kolla.common.utils.designate-worker:Setting up python3-oslo.messaging (9.7.1-0ubuntu3~cloud0) ...
INFO:kolla.common.utils.designate-worker:Setting up libbind9-160:s390x (1:9.11.3+dfsg-1ubuntu1.11) ...
INFO:kolla.common.utils.designate-worker:Setting up python3-oslo.versionedobjects (1.36.1-0ubuntu1~cloud0) ...
INFO:kolla.common.utils.designate-worker:Setting up bind9utils (1:9.11.3+dfsg-1ubuntu1.11) ...
INFO:kolla.common.utils.designate-worker:Setting up python3-designate (1:9.0.0-0ubuntu1~cloud0) ...
INFO:kolla.common.utils.designate-worker:Setting up bind9 (1:9.11.3+dfsg-1ubuntu1.11) ...
INFO:kolla.common.utils.designate-worker:Adding group `bind' (GID 104) ...
INFO:kolla.common.utils.designate-worker:Done.
INFO:kolla.common.utils.designate-worker:Adding system user `bind' (UID 102) ...
INFO:kolla.common.utils.designate-worker:Adding new user `bind' (UID 102) with group `bind' ...
INFO:kolla.common.utils.designate-worker:Not creating home directory `/var/cache/bind'.
INFO:kolla.common.utils.designate-worker:wrote key file "/etc/bind/rndc.key"
INFO:kolla.common.utils.designate-worker:invoke-rc.d: could not determine current runlevel
INFO:kolla.common.utils.designate-worker:invoke-rc.d: policy-rc.d denied execution of start.
INFO:kolla.common.utils.designate-worker:Setting up designate-worker (1:9.0.0-0ubuntu1~cloud0) ...
INFO:kolla.common.utils.designate-worker:invoke-rc.d: could not determine current runlevel
INFO:kolla.common.utils.designate-worker:invoke-rc.d: policy-rc.d denied execution of start.
INFO:kolla.common.utils.designate-worker:Processing triggers for libc-bin (2.27-3ubuntu1) ...
INFO:kolla.common.utils.designate-worker:Removing intermediate container 09fd5706df4b
INFO:kolla.common.utils.designate-worker: ---> f5ce442e4e1b
INFO:kolla.common.utils.designate-worker:Step 4/4 : USER designate
INFO:kolla.common.utils.designate-worker: ---> Running in b2f0f18b3b1f
INFO:kolla.common.utils.designate-worker:Removing intermediate container b2f0f18b3b1f
INFO:kolla.common.utils.designate-worker: ---> f93091b13f7b
INFO:kolla.common.utils.designate-worker:Successfully built f93091b13f7b
INFO:kolla.common.utils.designate-worker:Successfully tagged s390x/ubuntu-binary-designate-worker:9.1.0
INFO:kolla.common.utils.designate-worker:Built at 2020-03-02 21:45:29.341415 (took 0:00:34.503433)
