INFO:kolla.common.utils.designate-backend-bind9:Building started at 2020-03-02 21:45:14.034957
INFO:kolla.common.utils.designate-backend-bind9:Step 1/4 : FROM s390x/ubuntu-binary-designate-base:9.1.0
INFO:kolla.common.utils.designate-backend-bind9: ---> 7ab495cb48dc
INFO:kolla.common.utils.designate-backend-bind9:Step 2/4 : LABEL maintainer="Kolla Project (https://launchpad.net/kolla)" name="designate-backend-bind9" build-date="20200302"
INFO:kolla.common.utils.designate-backend-bind9: ---> Running in 641f8e574658
INFO:kolla.common.utils.designate-backend-bind9:Removing intermediate container 641f8e574658
INFO:kolla.common.utils.designate-backend-bind9: ---> 5ea8a1b37787
INFO:kolla.common.utils.designate-backend-bind9:Step 3/4 : RUN apt-get update && apt-get -y install --no-install-recommends bind9 && apt-get clean && rm -rf /var/lib/apt/lists/*
INFO:kolla.common.utils.designate-backend-bind9: ---> Running in 7132d1c23c25
INFO:kolla.common.utils.designate-backend-bind9:Ign:1 http://ubuntu-cloud.archive.canonical.com/ubuntu bionic-updates/ussuri InRelease
INFO:kolla.common.utils.designate-backend-bind9:Get:2 http://ports.ubuntu.com bionic InRelease [242 kB]
INFO:kolla.common.utils.designate-backend-bind9:Get:3 http://ubuntu-cloud.archive.canonical.com/ubuntu bionic-updates/ussuri Release [7,884 B]
INFO:kolla.common.utils.designate-backend-bind9:Get:4 http://ports.ubuntu.com bionic-updates InRelease [88.7 kB]
INFO:kolla.common.utils.designate-backend-bind9:Get:5 http://ubuntu-cloud.archive.canonical.com/ubuntu bionic-updates/ussuri Release.gpg [543 B]
INFO:kolla.common.utils.designate-backend-bind9:Get:6 http://ports.ubuntu.com bionic-security InRelease [88.7 kB]
INFO:kolla.common.utils.designate-backend-bind9:Get:7 http://ports.ubuntu.com bionic-backports InRelease [74.6 kB]
INFO:kolla.common.utils.designate-backend-bind9:Get:8 http://ports.ubuntu.com bionic/main s390x Packages [1,244 kB]
INFO:kolla.common.utils.designate-backend-bind9:Get:9 http://ubuntu-cloud.archive.canonical.com/ubuntu bionic-updates/ussuri/main s390x Packages [145 kB]
INFO:kolla.common.utils.designate-backend-bind9:Get:10 http://ports.ubuntu.com bionic/universe s390x Packages [10.8 MB]
INFO:kolla.common.utils.designate-backend-bind9:Get:11 http://ports.ubuntu.com bionic-updates/main s390x Packages [730 kB]
INFO:kolla.common.utils.designate-backend-bind9:Get:12 http://ports.ubuntu.com bionic-updates/universe s390x Packages [1,075 kB]
INFO:kolla.common.utils.designate-backend-bind9:Get:13 http://ports.ubuntu.com bionic-security/main s390x Packages [467 kB]
INFO:kolla.common.utils.designate-backend-bind9:Get:14 http://ports.ubuntu.com bionic-security/universe s390x Packages [625 kB]
INFO:kolla.common.utils.designate-backend-bind9:Get:15 http://ports.ubuntu.com bionic-backports/universe s390x Packages [4,242 B]
INFO:kolla.common.utils.designate-backend-bind9:Get:16 http://ports.ubuntu.com bionic-backports/main s390x Packages [2,494 B]
INFO:kolla.common.utils.designate-backend-bind9:Fetched 15.6 MB in 3s (6,120 kB/s)
INFO:kolla.common.utils.designate-backend-bind9:Reading package lists...
INFO:kolla.common.utils.designate-backend-bind9:Reading package lists...
INFO:kolla.common.utils.designate-backend-bind9:Building dependency tree...
INFO:kolla.common.utils.designate-backend-bind9:Reading state information...
INFO:kolla.common.utils.designate-backend-bind9:The following additional packages will be installed:
INFO:kolla.common.utils.designate-backend-bind9:  bind9utils libbind9-160 libcap2 libdns1100 libgeoip1 libisc169 libisccc160
INFO:kolla.common.utils.designate-backend-bind9:  libisccfg160 libjson-c3 liblwres160 net-tools
INFO:kolla.common.utils.designate-backend-bind9:Suggested packages:
INFO:kolla.common.utils.designate-backend-bind9:  bind9-doc dnsutils resolvconf ufw geoip-bin
INFO:kolla.common.utils.designate-backend-bind9:Recommended packages:
INFO:kolla.common.utils.designate-backend-bind9:  geoip-database
INFO:kolla.common.utils.designate-backend-bind9:The following NEW packages will be installed:
INFO:kolla.common.utils.designate-backend-bind9:  bind9 bind9utils libbind9-160 libcap2 libdns1100 libgeoip1 libisc169
INFO:kolla.common.utils.designate-backend-bind9:  libisccc160 libisccfg160 libjson-c3 liblwres160 net-tools
INFO:kolla.common.utils.designate-backend-bind9:0 upgraded, 12 newly installed, 0 to remove and 0 not upgraded.
INFO:kolla.common.utils.designate-backend-bind9:Need to get 2,025 kB of archives.
INFO:kolla.common.utils.designate-backend-bind9:After this operation, 10.9 MB of additional disk space will be used.
INFO:kolla.common.utils.designate-backend-bind9:Get:1 http://ports.ubuntu.com bionic/main s390x libcap2 s390x 1:2.25-1.2 [13.2 kB]
INFO:kolla.common.utils.designate-backend-bind9:Get:2 http://ports.ubuntu.com bionic/main s390x libjson-c3 s390x 0.12.1-1.3 [20.8 kB]
INFO:kolla.common.utils.designate-backend-bind9:Get:3 http://ports.ubuntu.com bionic-updates/main s390x libisc169 s390x 1:9.11.3+dfsg-1ubuntu1.11 [214 kB]
INFO:kolla.common.utils.designate-backend-bind9:Get:4 http://ports.ubuntu.com bionic/main s390x libgeoip1 s390x 1.6.12-1 [69.3 kB]
INFO:kolla.common.utils.designate-backend-bind9:Get:5 http://ports.ubuntu.com bionic-updates/main s390x libdns1100 s390x 1:9.11.3+dfsg-1ubuntu1.11 [836 kB]
INFO:kolla.common.utils.designate-backend-bind9:Get:6 http://ports.ubuntu.com bionic-updates/main s390x libisccc160 s390x 1:9.11.3+dfsg-1ubuntu1.11 [16.7 kB]
INFO:kolla.common.utils.designate-backend-bind9:Get:7 http://ports.ubuntu.com bionic-updates/main s390x libisccfg160 s390x 1:9.11.3+dfsg-1ubuntu1.11 [45.1 kB]
INFO:kolla.common.utils.designate-backend-bind9:Get:8 http://ports.ubuntu.com bionic-updates/main s390x libbind9-160 s390x 1:9.11.3+dfsg-1ubuntu1.11 [25.7 kB]
INFO:kolla.common.utils.designate-backend-bind9:Get:9 http://ports.ubuntu.com bionic-updates/main s390x liblwres160 s390x 1:9.11.3+dfsg-1ubuntu1.11 [32.2 kB]
INFO:kolla.common.utils.designate-backend-bind9:Get:10 http://ports.ubuntu.com bionic-updates/main s390x bind9utils s390x 1:9.11.3+dfsg-1ubuntu1.11 [209 kB]
INFO:kolla.common.utils.designate-backend-bind9:Get:11 http://ports.ubuntu.com bionic/main s390x net-tools s390x 1.60+git20161116.90da8a0-1ubuntu1 [188 kB]
INFO:kolla.common.utils.designate-backend-bind9:Get:12 http://ports.ubuntu.com bionic-updates/main s390x bind9 s390x 1:9.11.3+dfsg-1ubuntu1.11 [355 kB]
INFO:kolla.common.utils.designate-backend-bind9:Preconfiguring packages ...
INFO:kolla.common.utils.designate-backend-bind9:Fetched 2,025 kB in 0s (10.7 MB/s)
INFO:kolla.common.utils.designate-backend-bind9:Selecting previously unselected package libcap2:s390x.
INFO:kolla.common.utils.designate-backend-bind9:(Reading database ... 
INFO:kolla.common.utils.designate-backend-bind9:(Reading database ... 5%(Reading database ... 10%(Reading database ... 15%(Reading database ... 20%(Reading database ... 25%(Reading database ... 30%(Reading database ... 35%(Reading database ... 40%(Reading database ... 45%(Reading database ... 50%(Reading database ... 55%(Reading database ... 60%
INFO:kolla.common.utils.designate-backend-bind9:(Reading database ... 65%
INFO:kolla.common.utils.designate-backend-bind9:(Reading database ... 70%
INFO:kolla.common.utils.designate-backend-bind9:(Reading database ... 75%
INFO:kolla.common.utils.designate-backend-bind9:(Reading database ... 80%
INFO:kolla.common.utils.designate-backend-bind9:(Reading database ... 85%
INFO:kolla.common.utils.designate-backend-bind9:(Reading database ... 90%
INFO:kolla.common.utils.designate-backend-bind9:(Reading database ... 95%
INFO:kolla.common.utils.designate-backend-bind9:(Reading database ... 100%(Reading database ... 22362 files and directories currently installed.)
INFO:kolla.common.utils.designate-backend-bind9:Preparing to unpack .../00-libcap2_1%3a2.25-1.2_s390x.deb ...
INFO:kolla.common.utils.designate-backend-bind9:Unpacking libcap2:s390x (1:2.25-1.2) ...
INFO:kolla.common.utils.designate-backend-bind9:Selecting previously unselected package libjson-c3:s390x.
INFO:kolla.common.utils.designate-backend-bind9:Preparing to unpack .../01-libjson-c3_0.12.1-1.3_s390x.deb ...
INFO:kolla.common.utils.designate-backend-bind9:Unpacking libjson-c3:s390x (0.12.1-1.3) ...
INFO:kolla.common.utils.designate-backend-bind9:Selecting previously unselected package libisc169:s390x.
INFO:kolla.common.utils.designate-backend-bind9:Preparing to unpack .../02-libisc169_1%3a9.11.3+dfsg-1ubuntu1.11_s390x.deb ...
INFO:kolla.common.utils.designate-backend-bind9:Unpacking libisc169:s390x (1:9.11.3+dfsg-1ubuntu1.11) ...
INFO:kolla.common.utils.designate-backend-bind9:Selecting previously unselected package libgeoip1:s390x.
INFO:kolla.common.utils.designate-backend-bind9:Preparing to unpack .../03-libgeoip1_1.6.12-1_s390x.deb ...
INFO:kolla.common.utils.designate-backend-bind9:Unpacking libgeoip1:s390x (1.6.12-1) ...
INFO:kolla.common.utils.designate-backend-bind9:Selecting previously unselected package libdns1100:s390x.
INFO:kolla.common.utils.designate-backend-bind9:Preparing to unpack .../04-libdns1100_1%3a9.11.3+dfsg-1ubuntu1.11_s390x.deb ...
INFO:kolla.common.utils.designate-backend-bind9:Unpacking libdns1100:s390x (1:9.11.3+dfsg-1ubuntu1.11) ...
INFO:kolla.common.utils.designate-backend-bind9:Selecting previously unselected package libisccc160:s390x.
INFO:kolla.common.utils.designate-backend-bind9:Preparing to unpack .../05-libisccc160_1%3a9.11.3+dfsg-1ubuntu1.11_s390x.deb ...
INFO:kolla.common.utils.designate-backend-bind9:Unpacking libisccc160:s390x (1:9.11.3+dfsg-1ubuntu1.11) ...
INFO:kolla.common.utils.designate-backend-bind9:Selecting previously unselected package libisccfg160:s390x.
INFO:kolla.common.utils.designate-backend-bind9:Preparing to unpack .../06-libisccfg160_1%3a9.11.3+dfsg-1ubuntu1.11_s390x.deb ...
INFO:kolla.common.utils.designate-backend-bind9:Unpacking libisccfg160:s390x (1:9.11.3+dfsg-1ubuntu1.11) ...
INFO:kolla.common.utils.designate-backend-bind9:Selecting previously unselected package libbind9-160:s390x.
INFO:kolla.common.utils.designate-backend-bind9:Preparing to unpack .../07-libbind9-160_1%3a9.11.3+dfsg-1ubuntu1.11_s390x.deb ...
INFO:kolla.common.utils.designate-backend-bind9:Unpacking libbind9-160:s390x (1:9.11.3+dfsg-1ubuntu1.11) ...
INFO:kolla.common.utils.designate-backend-bind9:Selecting previously unselected package liblwres160:s390x.
INFO:kolla.common.utils.designate-backend-bind9:Preparing to unpack .../08-liblwres160_1%3a9.11.3+dfsg-1ubuntu1.11_s390x.deb ...
INFO:kolla.common.utils.designate-backend-bind9:Unpacking liblwres160:s390x (1:9.11.3+dfsg-1ubuntu1.11) ...
INFO:kolla.common.utils.designate-backend-bind9:Selecting previously unselected package bind9utils.
INFO:kolla.common.utils.designate-backend-bind9:Preparing to unpack .../09-bind9utils_1%3a9.11.3+dfsg-1ubuntu1.11_s390x.deb ...
INFO:kolla.common.utils.designate-backend-bind9:Unpacking bind9utils (1:9.11.3+dfsg-1ubuntu1.11) ...
INFO:kolla.common.utils.designate-backend-bind9:Selecting previously unselected package net-tools.
INFO:kolla.common.utils.designate-backend-bind9:Preparing to unpack .../10-net-tools_1.60+git20161116.90da8a0-1ubuntu1_s390x.deb ...
INFO:kolla.common.utils.designate-backend-bind9:Unpacking net-tools (1.60+git20161116.90da8a0-1ubuntu1) ...
INFO:kolla.common.utils.designate-backend-bind9:Selecting previously unselected package bind9.
INFO:kolla.common.utils.designate-backend-bind9:Preparing to unpack .../11-bind9_1%3a9.11.3+dfsg-1ubuntu1.11_s390x.deb ...
INFO:kolla.common.utils.designate-backend-bind9:Unpacking bind9 (1:9.11.3+dfsg-1ubuntu1.11) ...
INFO:kolla.common.utils.designate-backend-bind9:Setting up libjson-c3:s390x (0.12.1-1.3) ...
INFO:kolla.common.utils.designate-backend-bind9:Setting up libcap2:s390x (1:2.25-1.2) ...
INFO:kolla.common.utils.designate-backend-bind9:Setting up libgeoip1:s390x (1.6.12-1) ...
INFO:kolla.common.utils.designate-backend-bind9:Setting up net-tools (1.60+git20161116.90da8a0-1ubuntu1) ...
INFO:kolla.common.utils.designate-backend-bind9:Setting up liblwres160:s390x (1:9.11.3+dfsg-1ubuntu1.11) ...
INFO:kolla.common.utils.designate-backend-bind9:Setting up libisc169:s390x (1:9.11.3+dfsg-1ubuntu1.11) ...
INFO:kolla.common.utils.designate-backend-bind9:Setting up libisccc160:s390x (1:9.11.3+dfsg-1ubuntu1.11) ...
INFO:kolla.common.utils.designate-backend-bind9:Setting up libdns1100:s390x (1:9.11.3+dfsg-1ubuntu1.11) ...
INFO:kolla.common.utils.designate-backend-bind9:Setting up libisccfg160:s390x (1:9.11.3+dfsg-1ubuntu1.11) ...
INFO:kolla.common.utils.designate-backend-bind9:Setting up libbind9-160:s390x (1:9.11.3+dfsg-1ubuntu1.11) ...
INFO:kolla.common.utils.designate-backend-bind9:Setting up bind9utils (1:9.11.3+dfsg-1ubuntu1.11) ...
INFO:kolla.common.utils.designate-backend-bind9:Setting up bind9 (1:9.11.3+dfsg-1ubuntu1.11) ...
INFO:kolla.common.utils.designate-backend-bind9:Adding group `bind' (GID 104) ...
INFO:kolla.common.utils.designate-backend-bind9:Done.
INFO:kolla.common.utils.designate-backend-bind9:Adding system user `bind' (UID 102) ...
INFO:kolla.common.utils.designate-backend-bind9:Adding new user `bind' (UID 102) with group `bind' ...
INFO:kolla.common.utils.designate-backend-bind9:Not creating home directory `/var/cache/bind'.
INFO:kolla.common.utils.designate-backend-bind9:wrote key file "/etc/bind/rndc.key"
INFO:kolla.common.utils.designate-backend-bind9:invoke-rc.d: could not determine current runlevel
INFO:kolla.common.utils.designate-backend-bind9:invoke-rc.d: policy-rc.d denied execution of start.
INFO:kolla.common.utils.designate-backend-bind9:Processing triggers for libc-bin (2.27-3ubuntu1) ...
INFO:kolla.common.utils.designate-backend-bind9:Removing intermediate container 7132d1c23c25
INFO:kolla.common.utils.designate-backend-bind9: ---> b49b2a250c04
INFO:kolla.common.utils.designate-backend-bind9:Step 4/4 : RUN mkdir -p /var/lib/kolla/ /var/lib/bind/ /run/bind      && chown -R root: /var/lib/bind /run/bind      && chmod 755 /run/bind
INFO:kolla.common.utils.designate-backend-bind9: ---> Running in 5f81f9a5006e
INFO:kolla.common.utils.designate-backend-bind9:Removing intermediate container 5f81f9a5006e
INFO:kolla.common.utils.designate-backend-bind9: ---> 37feedbc075f
INFO:kolla.common.utils.designate-backend-bind9:Successfully built 37feedbc075f
INFO:kolla.common.utils.designate-backend-bind9:Successfully tagged s390x/ubuntu-binary-designate-backend-bind9:9.1.0
INFO:kolla.common.utils.designate-backend-bind9:Built at 2020-03-02 21:45:28.301251 (took 0:00:14.266294)
