INFO:kolla.common.utils.glance-base:Building started at 2020-03-02 21:41:06.609109
INFO:kolla.common.utils.glance-base:Step 1/6 : FROM s390x/ubuntu-binary-openstack-base:9.1.0
INFO:kolla.common.utils.glance-base: ---> 0b248122f3fe
INFO:kolla.common.utils.glance-base:Step 2/6 : LABEL maintainer="Kolla Project (https://launchpad.net/kolla)" name="glance-base" build-date="20200302"
INFO:kolla.common.utils.glance-base: ---> Running in 00a4e067b5e3
INFO:kolla.common.utils.glance-base:Removing intermediate container 00a4e067b5e3
INFO:kolla.common.utils.glance-base: ---> b98a76f31fd6
INFO:kolla.common.utils.glance-base:Step 3/6 : RUN usermod --append --home /var/lib/glance --groups kolla glance     && mkdir -p /var/lib/glance     && chown -R 42415:42415 /var/lib/glance
INFO:kolla.common.utils.glance-base: ---> Running in 9f5cfc6b3fb3
INFO:kolla.common.utils.glance-base:Removing intermediate container 9f5cfc6b3fb3
INFO:kolla.common.utils.glance-base: ---> a41ac81fd20a
INFO:kolla.common.utils.glance-base:Step 4/6 : RUN apt-get update && apt-get -y install --no-install-recommends glance python3-os-brick python3-oslo.vmware python3-rados python3-rbd python3-rados python3-rbd && apt-get clean && rm -rf /var/lib/apt/lists/*
INFO:kolla.common.utils.glance-base: ---> Running in ae63d74fac57
INFO:kolla.common.utils.glance-base:Get:1 http://ports.ubuntu.com bionic InRelease [242 kB]
INFO:kolla.common.utils.glance-base:Ign:2 http://ubuntu-cloud.archive.canonical.com/ubuntu bionic-updates/ussuri InRelease
INFO:kolla.common.utils.glance-base:Get:3 http://ubuntu-cloud.archive.canonical.com/ubuntu bionic-updates/ussuri Release [7,884 B]
INFO:kolla.common.utils.glance-base:Get:4 http://ports.ubuntu.com bionic-updates InRelease [88.7 kB]
INFO:kolla.common.utils.glance-base:Get:5 http://ubuntu-cloud.archive.canonical.com/ubuntu bionic-updates/ussuri Release.gpg [543 B]
INFO:kolla.common.utils.glance-base:Get:6 http://ports.ubuntu.com bionic-security InRelease [88.7 kB]
INFO:kolla.common.utils.glance-base:Get:7 http://ports.ubuntu.com bionic-backports InRelease [74.6 kB]
INFO:kolla.common.utils.glance-base:Get:8 http://ubuntu-cloud.archive.canonical.com/ubuntu bionic-updates/ussuri/main s390x Packages [145 kB]
INFO:kolla.common.utils.glance-base:Get:9 http://ports.ubuntu.com bionic/universe s390x Packages [10.8 MB]
INFO:kolla.common.utils.glance-base:Get:10 http://ports.ubuntu.com bionic/main s390x Packages [1,244 kB]
INFO:kolla.common.utils.glance-base:Get:11 http://ports.ubuntu.com bionic-updates/main s390x Packages [730 kB]
INFO:kolla.common.utils.glance-base:Get:12 http://ports.ubuntu.com bionic-updates/universe s390x Packages [1,075 kB]
INFO:kolla.common.utils.glance-base:Get:13 http://ports.ubuntu.com bionic-security/main s390x Packages [467 kB]
INFO:kolla.common.utils.glance-base:Get:14 http://ports.ubuntu.com bionic-security/universe s390x Packages [625 kB]
INFO:kolla.common.utils.glance-base:Get:15 http://ports.ubuntu.com bionic-backports/main s390x Packages [2,494 B]
INFO:kolla.common.utils.glance-base:Get:16 http://ports.ubuntu.com bionic-backports/universe s390x Packages [4,242 B]
INFO:kolla.common.utils.glance-base:Fetched 15.6 MB in 3s (5,554 kB/s)
INFO:kolla.common.utils.glance-base:Reading package lists...
INFO:kolla.common.utils.glance-base:Reading package lists...
INFO:kolla.common.utils.glance-base:Building dependency tree...
INFO:kolla.common.utils.glance-base:Reading state information...
INFO:kolla.common.utils.glance-base:The following additional packages will be installed:
INFO:kolla.common.utils.glance-base:  alembic glance-api glance-common libjs-jquery libjs-sphinxdoc
INFO:kolla.common.utils.glance-base:  libjs-underscore libnspr4 libnss3 libpython3.6 librados2 librbd1
INFO:kolla.common.utils.glance-base:  os-brick-common pycadf-common python-pastedeploy-tpl python3-alembic
INFO:kolla.common.utils.glance-base:  python3-amqp python3-anyjson python3-automaton python3-cachetools
INFO:kolla.common.utils.glance-base:  python3-castellan python3-cffi python3-cursive python3-ddt
INFO:kolla.common.utils.glance-base:  python3-defusedxml python3-glance python3-glance-store python3-httplib2
INFO:kolla.common.utils.glance-base:  python3-jinja2 python3-keystonemiddleware python3-kombu python3-migrate
INFO:kolla.common.utils.glance-base:  python3-networkx python3-os-win python3-oslo.cache python3-oslo.db
INFO:kolla.common.utils.glance-base:  python3-oslo.messaging python3-oslo.middleware python3-oslo.policy
INFO:kolla.common.utils.glance-base:  python3-oslo.privsep python3-oslo.reports python3-oslo.rootwrap
INFO:kolla.common.utils.glance-base:  python3-oslo.service python3-oslo.upgradecheck python3-paste
INFO:kolla.common.utils.glance-base:  python3-pastedeploy python3-psutil python3-pycadf python3-pycparser
INFO:kolla.common.utils.glance-base:  python3-repoze.lru python3-retrying python3-routes python3-simplegeneric
INFO:kolla.common.utils.glance-base:  python3-sqlalchemy python3-sqlparse python3-suds python3-taskflow
INFO:kolla.common.utils.glance-base:  python3-tempita python3-tenacity python3-testresources python3-testscenarios
INFO:kolla.common.utils.glance-base:  python3-vine python3-wsme
INFO:kolla.common.utils.glance-base:Suggested packages:
INFO:kolla.common.utils.glance-base:  python3-editor python-amqp-doc python-automaton-doc python-castellan-doc
INFO:kolla.common.utils.glance-base:  python3-dev python-cursive-doc python-jinja2-doc python-kombu-doc
INFO:kolla.common.utils.glance-base:  python3-boto python3-django python3-pymongo python-migrate-doc
INFO:kolla.common.utils.glance-base:  python3-pydotplus python3-scipy python-os-brick-doc python-os-win-doc
INFO:kolla.common.utils.glance-base:  python-oslo.cache-doc python3-confluent-kafka python-oslo.middleware-doc
INFO:kolla.common.utils.glance-base:  python-oslo.policy-doc python-oslo.privsep-doc python-oslo.reports-doc
INFO:kolla.common.utils.glance-base:  python-oslo.service-doc httpd-wsgi libapache2-mod-python libapache2-mod-scgi
INFO:kolla.common.utils.glance-base:  libjs-mochikit python-psutil-doc cpp python-sqlalchemy-doc python3-fdb
INFO:kolla.common.utils.glance-base:  python-sqlparse-doc python3-pydot python-tenacity-doc
INFO:kolla.common.utils.glance-base:Recommended packages:
INFO:kolla.common.utils.glance-base:  javascript-common python3-numpy python3-pastescript python3-sqlalchemy-ext
INFO:kolla.common.utils.glance-base:The following NEW packages will be installed:
INFO:kolla.common.utils.glance-base:  alembic glance glance-api glance-common libjs-jquery libjs-sphinxdoc
INFO:kolla.common.utils.glance-base:  libjs-underscore libnspr4 libnss3 libpython3.6 librados2 librbd1
INFO:kolla.common.utils.glance-base:  os-brick-common pycadf-common python-pastedeploy-tpl python3-alembic
INFO:kolla.common.utils.glance-base:  python3-amqp python3-anyjson python3-automaton python3-cachetools
INFO:kolla.common.utils.glance-base:  python3-castellan python3-cffi python3-cursive python3-ddt
INFO:kolla.common.utils.glance-base:  python3-defusedxml python3-glance python3-glance-store python3-httplib2
INFO:kolla.common.utils.glance-base:  python3-jinja2 python3-keystonemiddleware python3-kombu python3-migrate
INFO:kolla.common.utils.glance-base:  python3-networkx python3-os-brick python3-os-win python3-oslo.cache
INFO:kolla.common.utils.glance-base:  python3-oslo.db python3-oslo.messaging python3-oslo.middleware
INFO:kolla.common.utils.glance-base:  python3-oslo.policy python3-oslo.privsep python3-oslo.reports
INFO:kolla.common.utils.glance-base:  python3-oslo.rootwrap python3-oslo.service python3-oslo.upgradecheck
INFO:kolla.common.utils.glance-base:  python3-oslo.vmware python3-paste python3-pastedeploy python3-psutil
INFO:kolla.common.utils.glance-base:  python3-pycadf python3-pycparser python3-rados python3-rbd
INFO:kolla.common.utils.glance-base:  python3-repoze.lru python3-retrying python3-routes python3-simplegeneric
INFO:kolla.common.utils.glance-base:  python3-sqlalchemy python3-sqlparse python3-suds python3-taskflow
INFO:kolla.common.utils.glance-base:  python3-tempita python3-tenacity python3-testresources python3-testscenarios
INFO:kolla.common.utils.glance-base:  python3-vine python3-wsme
INFO:kolla.common.utils.glance-base:0 upgraded, 67 newly installed, 0 to remove and 0 not upgraded.
INFO:kolla.common.utils.glance-base:Need to get 12.9 MB of archives.
INFO:kolla.common.utils.glance-base:After this operation, 68.6 MB of additional disk space will be used.
INFO:kolla.common.utils.glance-base:Get:1 http://ports.ubuntu.com bionic/main s390x libjs-jquery all 3.2.1-1 [152 kB]
INFO:kolla.common.utils.glance-base:Get:2 http://ubuntu-cloud.archive.canonical.com/ubuntu bionic-updates/ussuri/main s390x python3-sqlalchemy all 1.2.18+ds1-2ubuntu2~cloud0 [728 kB]
INFO:kolla.common.utils.glance-base:Get:3 http://ports.ubuntu.com bionic/main s390x libjs-underscore all 1.8.3~dfsg-1 [59.9 kB]
INFO:kolla.common.utils.glance-base:Get:4 http://ports.ubuntu.com bionic/main s390x libnspr4 s390x 2:4.18-1ubuntu1 [107 kB]
INFO:kolla.common.utils.glance-base:Get:5 http://ports.ubuntu.com bionic-updates/main s390x libnss3 s390x 2:3.35-2ubuntu2.7 [1,034 kB]
INFO:kolla.common.utils.glance-base:Get:6 http://ubuntu-cloud.archive.canonical.com/ubuntu bionic-updates/ussuri/main s390x python3-alembic all 1.0.0-2ubuntu2~cloud0 [111 kB]
INFO:kolla.common.utils.glance-base:Get:7 http://ubuntu-cloud.archive.canonical.com/ubuntu bionic-updates/ussuri/main s390x libjs-sphinxdoc all 1.8.5-3~cloud0 [96.6 kB]
INFO:kolla.common.utils.glance-base:Get:8 http://ubuntu-cloud.archive.canonical.com/ubuntu bionic-updates/ussuri/main s390x alembic all 1.0.0-2ubuntu2~cloud0 [369 kB]
INFO:kolla.common.utils.glance-base:Get:9 http://ports.ubuntu.com bionic-updates/main s390x libpython3.6 s390x 3.6.9-1~18.04 [1,284 kB]
INFO:kolla.common.utils.glance-base:Get:10 http://ubuntu-cloud.archive.canonical.com/ubuntu bionic-updates/ussuri/main s390x librados2 s390x 14.2.2-0ubuntu3~cloud0 [2,708 kB]
INFO:kolla.common.utils.glance-base:Get:11 http://ports.ubuntu.com bionic/main s390x pycadf-common all 2.7.0-0ubuntu1 [4,440 B]
INFO:kolla.common.utils.glance-base:Get:12 http://ports.ubuntu.com bionic/main s390x python-pastedeploy-tpl all 1.5.2-4 [4,796 B]
INFO:kolla.common.utils.glance-base:Get:13 http://ports.ubuntu.com bionic/main s390x python3-vine all 1.1.4+dfsg-2 [15.7 kB]
INFO:kolla.common.utils.glance-base:Get:14 http://ports.ubuntu.com bionic/universe s390x python3-anyjson all 0.3.3-1build1 [7,062 B]
INFO:kolla.common.utils.glance-base:Get:15 http://ports.ubuntu.com bionic/universe s390x python3-automaton all 1.14.0-0ubuntu1 [15.0 kB]
INFO:kolla.common.utils.glance-base:Get:16 http://ports.ubuntu.com bionic/universe s390x python3-pycparser all 2.18-2 [67.7 kB]
INFO:kolla.common.utils.glance-base:Get:17 http://ports.ubuntu.com bionic/universe s390x python3-cffi all 1.11.5-1 [67.4 kB]
INFO:kolla.common.utils.glance-base:Get:18 http://ports.ubuntu.com bionic/universe s390x python3-cursive all 0.2.1-0ubuntu1 [14.3 kB]
INFO:kolla.common.utils.glance-base:Get:19 http://ports.ubuntu.com bionic/universe s390x python3-defusedxml all 0.5.0-1ubuntu1 [19.2 kB]
INFO:kolla.common.utils.glance-base:Get:20 http://ports.ubuntu.com bionic-updates/main s390x python3-httplib2 all 0.9.2+dfsg-1ubuntu0.1 [28.6 kB]
INFO:kolla.common.utils.glance-base:Get:21 http://ports.ubuntu.com bionic/main s390x python3-tempita all 0.5.2-2 [13.9 kB]
INFO:kolla.common.utils.glance-base:Get:22 http://ports.ubuntu.com bionic/main s390x python3-paste all 2.0.3+dfsg-4ubuntu1 [456 kB]
INFO:kolla.common.utils.glance-base:Get:23 http://ports.ubuntu.com bionic/main s390x python3-pastedeploy all 1.5.2-4 [13.4 kB]
INFO:kolla.common.utils.glance-base:Get:24 http://ports.ubuntu.com bionic/universe s390x python3-repoze.lru all 0.7-1 [11.7 kB]
INFO:kolla.common.utils.glance-base:Get:25 http://ports.ubuntu.com bionic/universe s390x python3-routes all 2.4.1-1 [28.4 kB]
INFO:kolla.common.utils.glance-base:Get:26 http://ports.ubuntu.com bionic/universe s390x python3-retrying all 1.3.3-3 [7,980 B]
INFO:kolla.common.utils.glance-base:Get:27 http://ports.ubuntu.com bionic/universe s390x python3-suds all 0.7~git20150727.94664dd-5 [145 kB]
INFO:kolla.common.utils.glance-base:Get:28 http://ports.ubuntu.com bionic-updates/main s390x python3-jinja2 all 2.10-1ubuntu0.18.04.1 [95.4 kB]
INFO:kolla.common.utils.glance-base:Get:29 http://ubuntu-cloud.archive.canonical.com/ubuntu bionic-updates/ussuri/main s390x librbd1 s390x 14.2.2-0ubuntu3~cloud0 [1,226 kB]
INFO:kolla.common.utils.glance-base:Get:30 http://ports.ubuntu.com bionic/universe s390x python3-pycadf all 2.7.0-0ubuntu1 [17.4 kB]
INFO:kolla.common.utils.glance-base:Get:31 http://ports.ubuntu.com bionic/universe s390x python3-kombu all 4.1.0-1 [126 kB]
INFO:kolla.common.utils.glance-base:Get:32 http://ports.ubuntu.com bionic/main s390x python3-sqlparse all 0.2.4-0.1 [28.1 kB]
INFO:kolla.common.utils.glance-base:Get:33 http://ports.ubuntu.com bionic-updates/universe s390x python3-networkx all 1.11-1ubuntu3 [606 kB]
INFO:kolla.common.utils.glance-base:Get:34 http://ports.ubuntu.com bionic/universe s390x python3-testresources all 2.0.0-2 [26.4 kB]
INFO:kolla.common.utils.glance-base:Get:35 http://ports.ubuntu.com bionic/universe s390x python3-simplegeneric all 0.8.1-1 [11.5 kB]
INFO:kolla.common.utils.glance-base:Get:36 http://ubuntu-cloud.archive.canonical.com/ubuntu bionic-updates/ussuri/main s390x os-brick-common all 2.10.0-0ubuntu1~cloud0 [4,980 B]
INFO:kolla.common.utils.glance-base:Get:37 http://ubuntu-cloud.archive.canonical.com/ubuntu bionic-updates/ussuri/main s390x python3-amqp all 2.5.0-2~cloud0 [42.2 kB]
INFO:kolla.common.utils.glance-base:Get:38 http://ubuntu-cloud.archive.canonical.com/ubuntu bionic-updates/ussuri/main s390x python3-cachetools all 3.1.0-2~cloud0 [9,892 B]
INFO:kolla.common.utils.glance-base:Get:39 http://ubuntu-cloud.archive.canonical.com/ubuntu bionic-updates/ussuri/main s390x python3-castellan all 1.3.1-0ubuntu1~cloud0 [41.1 kB]
INFO:kolla.common.utils.glance-base:Get:40 http://ubuntu-cloud.archive.canonical.com/ubuntu bionic-updates/ussuri/main s390x python3-ddt all 1.2.1-2ubuntu1~cloud0 [7,288 B]
INFO:kolla.common.utils.glance-base:Get:41 http://ubuntu-cloud.archive.canonical.com/ubuntu bionic-updates/ussuri/main s390x python3-oslo.service all 1.40.2-0ubuntu1~cloud0 [50.6 kB]
INFO:kolla.common.utils.glance-base:Get:42 http://ubuntu-cloud.archive.canonical.com/ubuntu bionic-updates/ussuri/main s390x python3-os-win all 4.3.2-0ubuntu1~cloud0 [157 kB]
INFO:kolla.common.utils.glance-base:Get:43 http://ubuntu-cloud.archive.canonical.com/ubuntu bionic-updates/ussuri/main s390x python3-oslo.privsep all 1.33.3-0ubuntu1~cloud0 [22.9 kB]
INFO:kolla.common.utils.glance-base:Get:44 http://ubuntu-cloud.archive.canonical.com/ubuntu bionic-updates/ussuri/main s390x python3-os-brick all 2.10.0-0ubuntu1~cloud0 [126 kB]
INFO:kolla.common.utils.glance-base:Get:45 http://ubuntu-cloud.archive.canonical.com/ubuntu bionic-updates/ussuri/main s390x python3-oslo.rootwrap all 5.16.1-0ubuntu1~cloud0 [25.9 kB]
INFO:kolla.common.utils.glance-base:Get:46 http://ubuntu-cloud.archive.canonical.com/ubuntu bionic-updates/ussuri/main s390x python3-oslo.vmware all 2.34.1-0ubuntu1~cloud0 [163 kB]
INFO:kolla.common.utils.glance-base:Get:47 http://ubuntu-cloud.archive.canonical.com/ubuntu bionic-updates/ussuri/main s390x python3-glance-store all 1.0.0-0ubuntu1~cloud0 [98.7 kB]
INFO:kolla.common.utils.glance-base:Get:48 http://ubuntu-cloud.archive.canonical.com/ubuntu bionic-updates/ussuri/main s390x python3-oslo.cache all 1.37.0-0ubuntu1~cloud0 [34.5 kB]
INFO:kolla.common.utils.glance-base:Get:49 http://ubuntu-cloud.archive.canonical.com/ubuntu bionic-updates/ussuri/main s390x python3-keystonemiddleware all 7.0.1-0ubuntu1~cloud0 [68.6 kB]
INFO:kolla.common.utils.glance-base:Get:50 http://ubuntu-cloud.archive.canonical.com/ubuntu bionic-updates/ussuri/main s390x python3-migrate all 0.12.0-3~cloud0 [79.3 kB]
INFO:kolla.common.utils.glance-base:Get:51 http://ubuntu-cloud.archive.canonical.com/ubuntu bionic-updates/ussuri/main s390x python3-testscenarios all 0.5.0-2~cloud0 [13.5 kB]
INFO:kolla.common.utils.glance-base:Get:52 http://ubuntu-cloud.archive.canonical.com/ubuntu bionic-updates/ussuri/main s390x python3-oslo.db all 5.0.2-0ubuntu1~cloud0 [115 kB]
INFO:kolla.common.utils.glance-base:Get:53 http://ubuntu-cloud.archive.canonical.com/ubuntu bionic-updates/ussuri/main s390x python3-oslo.middleware all 3.38.1-0ubuntu1~cloud0 [33.1 kB]
INFO:kolla.common.utils.glance-base:Get:54 http://ubuntu-cloud.archive.canonical.com/ubuntu bionic-updates/ussuri/main s390x python3-tenacity all 5.1.1-0ubuntu2~cloud0 [34.9 kB]
INFO:kolla.common.utils.glance-base:Get:55 http://ubuntu-cloud.archive.canonical.com/ubuntu bionic-updates/ussuri/main s390x python3-oslo.messaging all 9.7.1-0ubuntu3~cloud0 [149 kB]
INFO:kolla.common.utils.glance-base:Get:56 http://ubuntu-cloud.archive.canonical.com/ubuntu bionic-updates/ussuri/main s390x python3-oslo.policy all 2.3.2-0ubuntu1~cloud0 [50.3 kB]
INFO:kolla.common.utils.glance-base:Get:57 http://ubuntu-cloud.archive.canonical.com/ubuntu bionic-updates/ussuri/main s390x python3-psutil s390x 5.5.1-1build1~cloud0 [166 kB]
INFO:kolla.common.utils.glance-base:Get:58 http://ubuntu-cloud.archive.canonical.com/ubuntu bionic-updates/ussuri/main s390x python3-oslo.reports all 1.30.0-0ubuntu1~cloud0 [26.9 kB]
INFO:kolla.common.utils.glance-base:Get:59 http://ubuntu-cloud.archive.canonical.com/ubuntu bionic-updates/ussuri/main s390x python3-oslo.upgradecheck all 0.3.2-0ubuntu1~cloud0 [7,484 B]
INFO:kolla.common.utils.glance-base:Get:60 http://ubuntu-cloud.archive.canonical.com/ubuntu bionic-updates/ussuri/main s390x python3-rados s390x 14.2.2-0ubuntu3~cloud0 [284 kB]
INFO:kolla.common.utils.glance-base:Get:61 http://ubuntu-cloud.archive.canonical.com/ubuntu bionic-updates/ussuri/main s390x python3-rbd s390x 14.2.2-0ubuntu3~cloud0 [225 kB]
INFO:kolla.common.utils.glance-base:Get:62 http://ubuntu-cloud.archive.canonical.com/ubuntu bionic-updates/ussuri/main s390x python3-taskflow all 3.7.1-0ubuntu2~cloud0 [253 kB]
INFO:kolla.common.utils.glance-base:Get:63 http://ubuntu-cloud.archive.canonical.com/ubuntu bionic-updates/ussuri/main s390x python3-wsme all 0.9.3-3~cloud0 [61.6 kB]
INFO:kolla.common.utils.glance-base:Get:64 http://ubuntu-cloud.archive.canonical.com/ubuntu bionic-updates/ussuri/main s390x glance-common all 2:19.0.0-0ubuntu1~cloud0 [90.2 kB]
INFO:kolla.common.utils.glance-base:Get:65 http://ubuntu-cloud.archive.canonical.com/ubuntu bionic-updates/ussuri/main s390x python3-glance all 2:19.0.0-0ubuntu1~cloud0 [676 kB]
INFO:kolla.common.utils.glance-base:Get:66 http://ubuntu-cloud.archive.canonical.com/ubuntu bionic-updates/ussuri/main s390x glance-api all 2:19.0.0-0ubuntu1~cloud0 [18.4 kB]
INFO:kolla.common.utils.glance-base:Get:67 http://ubuntu-cloud.archive.canonical.com/ubuntu bionic-updates/ussuri/main s390x glance all 2:19.0.0-0ubuntu1~cloud0 [15.3 kB]
INFO:kolla.common.utils.glance-base:Fetched 12.9 MB in 1s (23.2 MB/s)
INFO:kolla.common.utils.glance-base:Selecting previously unselected package python3-sqlalchemy.
INFO:kolla.common.utils.glance-base:(Reading database ... 
INFO:kolla.common.utils.glance-base:(Reading database ... 5%(Reading database ... 10%(Reading database ... 15%(Reading database ... 20%(Reading database ... 25%(Reading database ... 30%(Reading database ... 35%(Reading database ... 40%(Reading database ... 45%(Reading database ... 50%(Reading database ... 55%(Reading database ... 60%
INFO:kolla.common.utils.glance-base:(Reading database ... 65%
INFO:kolla.common.utils.glance-base:(Reading database ... 70%
INFO:kolla.common.utils.glance-base:(Reading database ... 75%
INFO:kolla.common.utils.glance-base:(Reading database ... 80%
INFO:kolla.common.utils.glance-base:(Reading database ... 85%
INFO:kolla.common.utils.glance-base:(Reading database ... 90%
INFO:kolla.common.utils.glance-base:(Reading database ... 95%
INFO:kolla.common.utils.glance-base:(Reading database ... 100%(Reading database ... 22243 files and directories currently installed.)
INFO:kolla.common.utils.glance-base:Preparing to unpack .../00-python3-sqlalchemy_1.2.18+ds1-2ubuntu2~cloud0_all.deb ...
INFO:kolla.common.utils.glance-base:Unpacking python3-sqlalchemy (1.2.18+ds1-2ubuntu2~cloud0) ...
INFO:kolla.common.utils.glance-base:Selecting previously unselected package python3-alembic.
INFO:kolla.common.utils.glance-base:Preparing to unpack .../01-python3-alembic_1.0.0-2ubuntu2~cloud0_all.deb ...
INFO:kolla.common.utils.glance-base:Unpacking python3-alembic (1.0.0-2ubuntu2~cloud0) ...
INFO:kolla.common.utils.glance-base:Selecting previously unselected package libjs-jquery.
INFO:kolla.common.utils.glance-base:Preparing to unpack .../02-libjs-jquery_3.2.1-1_all.deb ...
INFO:kolla.common.utils.glance-base:Unpacking libjs-jquery (3.2.1-1) ...
INFO:kolla.common.utils.glance-base:Selecting previously unselected package libjs-underscore.
INFO:kolla.common.utils.glance-base:Preparing to unpack .../03-libjs-underscore_1.8.3~dfsg-1_all.deb ...
INFO:kolla.common.utils.glance-base:Unpacking libjs-underscore (1.8.3~dfsg-1) ...
INFO:kolla.common.utils.glance-base:Selecting previously unselected package libjs-sphinxdoc.
INFO:kolla.common.utils.glance-base:Preparing to unpack .../04-libjs-sphinxdoc_1.8.5-3~cloud0_all.deb ...
INFO:kolla.common.utils.glance-base:Unpacking libjs-sphinxdoc (1.8.5-3~cloud0) ...
INFO:kolla.common.utils.glance-base:Selecting previously unselected package alembic.
INFO:kolla.common.utils.glance-base:Preparing to unpack .../05-alembic_1.0.0-2ubuntu2~cloud0_all.deb ...
INFO:kolla.common.utils.glance-base:Unpacking alembic (1.0.0-2ubuntu2~cloud0) ...
INFO:kolla.common.utils.glance-base:Selecting previously unselected package libnspr4:s390x.
INFO:kolla.common.utils.glance-base:Preparing to unpack .../06-libnspr4_2%3a4.18-1ubuntu1_s390x.deb ...
INFO:kolla.common.utils.glance-base:Unpacking libnspr4:s390x (2:4.18-1ubuntu1) ...
INFO:kolla.common.utils.glance-base:Selecting previously unselected package libnss3:s390x.
INFO:kolla.common.utils.glance-base:Preparing to unpack .../07-libnss3_2%3a3.35-2ubuntu2.7_s390x.deb ...
INFO:kolla.common.utils.glance-base:Unpacking libnss3:s390x (2:3.35-2ubuntu2.7) ...
INFO:kolla.common.utils.glance-base:Selecting previously unselected package libpython3.6:s390x.
INFO:kolla.common.utils.glance-base:Preparing to unpack .../08-libpython3.6_3.6.9-1~18.04_s390x.deb ...
INFO:kolla.common.utils.glance-base:Unpacking libpython3.6:s390x (3.6.9-1~18.04) ...
INFO:kolla.common.utils.glance-base:Selecting previously unselected package librados2.
INFO:kolla.common.utils.glance-base:Preparing to unpack .../09-librados2_14.2.2-0ubuntu3~cloud0_s390x.deb ...
INFO:kolla.common.utils.glance-base:Unpacking librados2 (14.2.2-0ubuntu3~cloud0) ...
INFO:kolla.common.utils.glance-base:Selecting previously unselected package librbd1.
INFO:kolla.common.utils.glance-base:Preparing to unpack .../10-librbd1_14.2.2-0ubuntu3~cloud0_s390x.deb ...
INFO:kolla.common.utils.glance-base:Unpacking librbd1 (14.2.2-0ubuntu3~cloud0) ...
INFO:kolla.common.utils.glance-base:Selecting previously unselected package os-brick-common.
INFO:kolla.common.utils.glance-base:Preparing to unpack .../11-os-brick-common_2.10.0-0ubuntu1~cloud0_all.deb ...
INFO:kolla.common.utils.glance-base:Unpacking os-brick-common (2.10.0-0ubuntu1~cloud0) ...
INFO:kolla.common.utils.glance-base:Selecting previously unselected package pycadf-common.
INFO:kolla.common.utils.glance-base:Preparing to unpack .../12-pycadf-common_2.7.0-0ubuntu1_all.deb ...
INFO:kolla.common.utils.glance-base:Unpacking pycadf-common (2.7.0-0ubuntu1) ...
INFO:kolla.common.utils.glance-base:Selecting previously unselected package python-pastedeploy-tpl.
INFO:kolla.common.utils.glance-base:Preparing to unpack .../13-python-pastedeploy-tpl_1.5.2-4_all.deb ...
INFO:kolla.common.utils.glance-base:Unpacking python-pastedeploy-tpl (1.5.2-4) ...
INFO:kolla.common.utils.glance-base:Selecting previously unselected package python3-vine.
INFO:kolla.common.utils.glance-base:Preparing to unpack .../14-python3-vine_1.1.4+dfsg-2_all.deb ...
INFO:kolla.common.utils.glance-base:Unpacking python3-vine (1.1.4+dfsg-2) ...
INFO:kolla.common.utils.glance-base:Selecting previously unselected package python3-amqp.
INFO:kolla.common.utils.glance-base:Preparing to unpack .../15-python3-amqp_2.5.0-2~cloud0_all.deb ...
INFO:kolla.common.utils.glance-base:Unpacking python3-amqp (2.5.0-2~cloud0) ...
INFO:kolla.common.utils.glance-base:Selecting previously unselected package python3-anyjson.
INFO:kolla.common.utils.glance-base:Preparing to unpack .../16-python3-anyjson_0.3.3-1build1_all.deb ...
INFO:kolla.common.utils.glance-base:Unpacking python3-anyjson (0.3.3-1build1) ...
INFO:kolla.common.utils.glance-base:Selecting previously unselected package python3-automaton.
INFO:kolla.common.utils.glance-base:Preparing to unpack .../17-python3-automaton_1.14.0-0ubuntu1_all.deb ...
INFO:kolla.common.utils.glance-base:Unpacking python3-automaton (1.14.0-0ubuntu1) ...
INFO:kolla.common.utils.glance-base:Selecting previously unselected package python3-cachetools.
INFO:kolla.common.utils.glance-base:Preparing to unpack .../18-python3-cachetools_3.1.0-2~cloud0_all.deb ...
INFO:kolla.common.utils.glance-base:Unpacking python3-cachetools (3.1.0-2~cloud0) ...
INFO:kolla.common.utils.glance-base:Selecting previously unselected package python3-castellan.
INFO:kolla.common.utils.glance-base:Preparing to unpack .../19-python3-castellan_1.3.1-0ubuntu1~cloud0_all.deb ...
INFO:kolla.common.utils.glance-base:Unpacking python3-castellan (1.3.1-0ubuntu1~cloud0) ...
INFO:kolla.common.utils.glance-base:Selecting previously unselected package python3-pycparser.
INFO:kolla.common.utils.glance-base:Preparing to unpack .../20-python3-pycparser_2.18-2_all.deb ...
INFO:kolla.common.utils.glance-base:Unpacking python3-pycparser (2.18-2) ...
INFO:kolla.common.utils.glance-base:Selecting previously unselected package python3-cffi.
INFO:kolla.common.utils.glance-base:Preparing to unpack .../21-python3-cffi_1.11.5-1_all.deb ...
INFO:kolla.common.utils.glance-base:Unpacking python3-cffi (1.11.5-1) ...
INFO:kolla.common.utils.glance-base:Selecting previously unselected package python3-cursive.
INFO:kolla.common.utils.glance-base:Preparing to unpack .../22-python3-cursive_0.2.1-0ubuntu1_all.deb ...
INFO:kolla.common.utils.glance-base:Unpacking python3-cursive (0.2.1-0ubuntu1) ...
INFO:kolla.common.utils.glance-base:Selecting previously unselected package python3-ddt.
INFO:kolla.common.utils.glance-base:Preparing to unpack .../23-python3-ddt_1.2.1-2ubuntu1~cloud0_all.deb ...
INFO:kolla.common.utils.glance-base:Unpacking python3-ddt (1.2.1-2ubuntu1~cloud0) ...
INFO:kolla.common.utils.glance-base:Selecting previously unselected package python3-defusedxml.
INFO:kolla.common.utils.glance-base:Preparing to unpack .../24-python3-defusedxml_0.5.0-1ubuntu1_all.deb ...
INFO:kolla.common.utils.glance-base:Unpacking python3-defusedxml (0.5.0-1ubuntu1) ...
INFO:kolla.common.utils.glance-base:Selecting previously unselected package python3-httplib2.
INFO:kolla.common.utils.glance-base:Preparing to unpack .../25-python3-httplib2_0.9.2+dfsg-1ubuntu0.1_all.deb ...
INFO:kolla.common.utils.glance-base:Unpacking python3-httplib2 (0.9.2+dfsg-1ubuntu0.1) ...
INFO:kolla.common.utils.glance-base:Selecting previously unselected package python3-tempita.
INFO:kolla.common.utils.glance-base:Preparing to unpack .../26-python3-tempita_0.5.2-2_all.deb ...
INFO:kolla.common.utils.glance-base:Unpacking python3-tempita (0.5.2-2) ...
INFO:kolla.common.utils.glance-base:Selecting previously unselected package python3-paste.
INFO:kolla.common.utils.glance-base:Preparing to unpack .../27-python3-paste_2.0.3+dfsg-4ubuntu1_all.deb ...
INFO:kolla.common.utils.glance-base:Unpacking python3-paste (2.0.3+dfsg-4ubuntu1) ...
INFO:kolla.common.utils.glance-base:Selecting previously unselected package python3-pastedeploy.
INFO:kolla.common.utils.glance-base:Preparing to unpack .../28-python3-pastedeploy_1.5.2-4_all.deb ...
INFO:kolla.common.utils.glance-base:Unpacking python3-pastedeploy (1.5.2-4) ...
INFO:kolla.common.utils.glance-base:Selecting previously unselected package python3-repoze.lru.
INFO:kolla.common.utils.glance-base:Preparing to unpack .../29-python3-repoze.lru_0.7-1_all.deb ...
INFO:kolla.common.utils.glance-base:Unpacking python3-repoze.lru (0.7-1) ...
INFO:kolla.common.utils.glance-base:Selecting previously unselected package python3-routes.
INFO:kolla.common.utils.glance-base:Preparing to unpack .../30-python3-routes_2.4.1-1_all.deb ...
INFO:kolla.common.utils.glance-base:Unpacking python3-routes (2.4.1-1) ...
INFO:kolla.common.utils.glance-base:Selecting previously unselected package python3-oslo.service.
INFO:kolla.common.utils.glance-base:Preparing to unpack .../31-python3-oslo.service_1.40.2-0ubuntu1~cloud0_all.deb ...
INFO:kolla.common.utils.glance-base:Unpacking python3-oslo.service (1.40.2-0ubuntu1~cloud0) ...
INFO:kolla.common.utils.glance-base:Selecting previously unselected package python3-os-win.
INFO:kolla.common.utils.glance-base:Preparing to unpack .../32-python3-os-win_4.3.2-0ubuntu1~cloud0_all.deb ...
INFO:kolla.common.utils.glance-base:Unpacking python3-os-win (4.3.2-0ubuntu1~cloud0) ...
INFO:kolla.common.utils.glance-base:Selecting previously unselected package python3-oslo.privsep.
INFO:kolla.common.utils.glance-base:Preparing to unpack .../33-python3-oslo.privsep_1.33.3-0ubuntu1~cloud0_all.deb ...
INFO:kolla.common.utils.glance-base:Unpacking python3-oslo.privsep (1.33.3-0ubuntu1~cloud0) ...
INFO:kolla.common.utils.glance-base:Selecting previously unselected package python3-retrying.
INFO:kolla.common.utils.glance-base:Preparing to unpack .../34-python3-retrying_1.3.3-3_all.deb ...
INFO:kolla.common.utils.glance-base:Unpacking python3-retrying (1.3.3-3) ...
INFO:kolla.common.utils.glance-base:Selecting previously unselected package python3-os-brick.
INFO:kolla.common.utils.glance-base:Preparing to unpack .../35-python3-os-brick_2.10.0-0ubuntu1~cloud0_all.deb ...
INFO:kolla.common.utils.glance-base:Unpacking python3-os-brick (2.10.0-0ubuntu1~cloud0) ...
INFO:kolla.common.utils.glance-base:Selecting previously unselected package python3-oslo.rootwrap.
INFO:kolla.common.utils.glance-base:Preparing to unpack .../36-python3-oslo.rootwrap_5.16.1-0ubuntu1~cloud0_all.deb ...
INFO:kolla.common.utils.glance-base:Unpacking python3-oslo.rootwrap (5.16.1-0ubuntu1~cloud0) ...
INFO:kolla.common.utils.glance-base:Selecting previously unselected package python3-suds.
INFO:kolla.common.utils.glance-base:Preparing to unpack .../37-python3-suds_0.7~git20150727.94664dd-5_all.deb ...
INFO:kolla.common.utils.glance-base:Unpacking python3-suds (0.7~git20150727.94664dd-5) ...
INFO:kolla.common.utils.glance-base:Selecting previously unselected package python3-oslo.vmware.
INFO:kolla.common.utils.glance-base:Preparing to unpack .../38-python3-oslo.vmware_2.34.1-0ubuntu1~cloud0_all.deb ...
INFO:kolla.common.utils.glance-base:Unpacking python3-oslo.vmware (2.34.1-0ubuntu1~cloud0) ...
INFO:kolla.common.utils.glance-base:Selecting previously unselected package python3-glance-store.
INFO:kolla.common.utils.glance-base:Preparing to unpack .../39-python3-glance-store_1.0.0-0ubuntu1~cloud0_all.deb ...
INFO:kolla.common.utils.glance-base:Unpacking python3-glance-store (1.0.0-0ubuntu1~cloud0) ...
INFO:kolla.common.utils.glance-base:Selecting previously unselected package python3-jinja2.
INFO:kolla.common.utils.glance-base:Preparing to unpack .../40-python3-jinja2_2.10-1ubuntu0.18.04.1_all.deb ...
INFO:kolla.common.utils.glance-base:Unpacking python3-jinja2 (2.10-1ubuntu0.18.04.1) ...
INFO:kolla.common.utils.glance-base:Selecting previously unselected package python3-oslo.cache.
INFO:kolla.common.utils.glance-base:Preparing to unpack .../41-python3-oslo.cache_1.37.0-0ubuntu1~cloud0_all.deb ...
INFO:kolla.common.utils.glance-base:Unpacking python3-oslo.cache (1.37.0-0ubuntu1~cloud0) ...
INFO:kolla.common.utils.glance-base:Selecting previously unselected package python3-pycadf.
INFO:kolla.common.utils.glance-base:Preparing to unpack .../42-python3-pycadf_2.7.0-0ubuntu1_all.deb ...
INFO:kolla.common.utils.glance-base:Unpacking python3-pycadf (2.7.0-0ubuntu1) ...
INFO:kolla.common.utils.glance-base:Selecting previously unselected package python3-keystonemiddleware.
INFO:kolla.common.utils.glance-base:Preparing to unpack .../43-python3-keystonemiddleware_7.0.1-0ubuntu1~cloud0_all.deb ...
INFO:kolla.common.utils.glance-base:Unpacking python3-keystonemiddleware (7.0.1-0ubuntu1~cloud0) ...
INFO:kolla.common.utils.glance-base:Selecting previously unselected package python3-kombu.
INFO:kolla.common.utils.glance-base:Preparing to unpack .../44-python3-kombu_4.1.0-1_all.deb ...
INFO:kolla.common.utils.glance-base:Unpacking python3-kombu (4.1.0-1) ...
INFO:kolla.common.utils.glance-base:Selecting previously unselected package python3-sqlparse.
INFO:kolla.common.utils.glance-base:Preparing to unpack .../45-python3-sqlparse_0.2.4-0.1_all.deb ...
INFO:kolla.common.utils.glance-base:Unpacking python3-sqlparse (0.2.4-0.1) ...
INFO:kolla.common.utils.glance-base:Selecting previously unselected package python3-migrate.
INFO:kolla.common.utils.glance-base:Preparing to unpack .../46-python3-migrate_0.12.0-3~cloud0_all.deb ...
INFO:kolla.common.utils.glance-base:Unpacking python3-migrate (0.12.0-3~cloud0) ...
INFO:kolla.common.utils.glance-base:Selecting previously unselected package python3-networkx.
INFO:kolla.common.utils.glance-base:Preparing to unpack .../47-python3-networkx_1.11-1ubuntu3_all.deb ...
INFO:kolla.common.utils.glance-base:Unpacking python3-networkx (1.11-1ubuntu3) ...
INFO:kolla.common.utils.glance-base:Selecting previously unselected package python3-testresources.
INFO:kolla.common.utils.glance-base:Preparing to unpack .../48-python3-testresources_2.0.0-2_all.deb ...
INFO:kolla.common.utils.glance-base:Unpacking python3-testresources (2.0.0-2) ...
INFO:kolla.common.utils.glance-base:Selecting previously unselected package python3-testscenarios.
INFO:kolla.common.utils.glance-base:Preparing to unpack .../49-python3-testscenarios_0.5.0-2~cloud0_all.deb ...
INFO:kolla.common.utils.glance-base:Unpacking python3-testscenarios (0.5.0-2~cloud0) ...
INFO:kolla.common.utils.glance-base:Selecting previously unselected package python3-oslo.db.
INFO:kolla.common.utils.glance-base:Preparing to unpack .../50-python3-oslo.db_5.0.2-0ubuntu1~cloud0_all.deb ...
INFO:kolla.common.utils.glance-base:Unpacking python3-oslo.db (5.0.2-0ubuntu1~cloud0) ...
INFO:kolla.common.utils.glance-base:Selecting previously unselected package python3-oslo.middleware.
INFO:kolla.common.utils.glance-base:Preparing to unpack .../51-python3-oslo.middleware_3.38.1-0ubuntu1~cloud0_all.deb ...
INFO:kolla.common.utils.glance-base:Unpacking python3-oslo.middleware (3.38.1-0ubuntu1~cloud0) ...
INFO:kolla.common.utils.glance-base:Selecting previously unselected package python3-tenacity.
INFO:kolla.common.utils.glance-base:Preparing to unpack .../52-python3-tenacity_5.1.1-0ubuntu2~cloud0_all.deb ...
INFO:kolla.common.utils.glance-base:Unpacking python3-tenacity (5.1.1-0ubuntu2~cloud0) ...
INFO:kolla.common.utils.glance-base:Selecting previously unselected package python3-oslo.messaging.
INFO:kolla.common.utils.glance-base:Preparing to unpack .../53-python3-oslo.messaging_9.7.1-0ubuntu3~cloud0_all.deb ...
INFO:kolla.common.utils.glance-base:Unpacking python3-oslo.messaging (9.7.1-0ubuntu3~cloud0) ...
INFO:kolla.common.utils.glance-base:Selecting previously unselected package python3-oslo.policy.
INFO:kolla.common.utils.glance-base:Preparing to unpack .../54-python3-oslo.policy_2.3.2-0ubuntu1~cloud0_all.deb ...
INFO:kolla.common.utils.glance-base:Unpacking python3-oslo.policy (2.3.2-0ubuntu1~cloud0) ...
INFO:kolla.common.utils.glance-base:Selecting previously unselected package python3-psutil.
INFO:kolla.common.utils.glance-base:Preparing to unpack .../55-python3-psutil_5.5.1-1build1~cloud0_s390x.deb ...
INFO:kolla.common.utils.glance-base:Unpacking python3-psutil (5.5.1-1build1~cloud0) ...
INFO:kolla.common.utils.glance-base:Selecting previously unselected package python3-oslo.reports.
INFO:kolla.common.utils.glance-base:Preparing to unpack .../56-python3-oslo.reports_1.30.0-0ubuntu1~cloud0_all.deb ...
INFO:kolla.common.utils.glance-base:Unpacking python3-oslo.reports (1.30.0-0ubuntu1~cloud0) ...
INFO:kolla.common.utils.glance-base:Selecting previously unselected package python3-oslo.upgradecheck.
INFO:kolla.common.utils.glance-base:Preparing to unpack .../57-python3-oslo.upgradecheck_0.3.2-0ubuntu1~cloud0_all.deb ...
INFO:kolla.common.utils.glance-base:Unpacking python3-oslo.upgradecheck (0.3.2-0ubuntu1~cloud0) ...
INFO:kolla.common.utils.glance-base:Selecting previously unselected package python3-rados.
INFO:kolla.common.utils.glance-base:Preparing to unpack .../58-python3-rados_14.2.2-0ubuntu3~cloud0_s390x.deb ...
INFO:kolla.common.utils.glance-base:Unpacking python3-rados (14.2.2-0ubuntu3~cloud0) ...
INFO:kolla.common.utils.glance-base:Selecting previously unselected package python3-rbd.
INFO:kolla.common.utils.glance-base:Preparing to unpack .../59-python3-rbd_14.2.2-0ubuntu3~cloud0_s390x.deb ...
INFO:kolla.common.utils.glance-base:Unpacking python3-rbd (14.2.2-0ubuntu3~cloud0) ...
INFO:kolla.common.utils.glance-base:Selecting previously unselected package python3-simplegeneric.
INFO:kolla.common.utils.glance-base:Preparing to unpack .../60-python3-simplegeneric_0.8.1-1_all.deb ...
INFO:kolla.common.utils.glance-base:Unpacking python3-simplegeneric (0.8.1-1) ...
INFO:kolla.common.utils.glance-base:Selecting previously unselected package python3-taskflow.
INFO:kolla.common.utils.glance-base:Preparing to unpack .../61-python3-taskflow_3.7.1-0ubuntu2~cloud0_all.deb ...
INFO:kolla.common.utils.glance-base:Unpacking python3-taskflow (3.7.1-0ubuntu2~cloud0) ...
INFO:kolla.common.utils.glance-base:Selecting previously unselected package python3-wsme.
INFO:kolla.common.utils.glance-base:Preparing to unpack .../62-python3-wsme_0.9.3-3~cloud0_all.deb ...
INFO:kolla.common.utils.glance-base:Unpacking python3-wsme (0.9.3-3~cloud0) ...
INFO:kolla.common.utils.glance-base:Selecting previously unselected package glance-common.
INFO:kolla.common.utils.glance-base:Preparing to unpack .../63-glance-common_2%3a19.0.0-0ubuntu1~cloud0_all.deb ...
INFO:kolla.common.utils.glance-base:Unpacking glance-common (2:19.0.0-0ubuntu1~cloud0) ...
INFO:kolla.common.utils.glance-base:Selecting previously unselected package python3-glance.
INFO:kolla.common.utils.glance-base:Preparing to unpack .../64-python3-glance_2%3a19.0.0-0ubuntu1~cloud0_all.deb ...
INFO:kolla.common.utils.glance-base:Unpacking python3-glance (2:19.0.0-0ubuntu1~cloud0) ...
INFO:kolla.common.utils.glance-base:Selecting previously unselected package glance-api.
INFO:kolla.common.utils.glance-base:Preparing to unpack .../65-glance-api_2%3a19.0.0-0ubuntu1~cloud0_all.deb ...
INFO:kolla.common.utils.glance-base:Unpacking glance-api (2:19.0.0-0ubuntu1~cloud0) ...
INFO:kolla.common.utils.glance-base:Selecting previously unselected package glance.
INFO:kolla.common.utils.glance-base:Preparing to unpack .../66-glance_2%3a19.0.0-0ubuntu1~cloud0_all.deb ...
INFO:kolla.common.utils.glance-base:Unpacking glance (2:19.0.0-0ubuntu1~cloud0) ...
INFO:kolla.common.utils.glance-base:Setting up libjs-jquery (3.2.1-1) ...
INFO:kolla.common.utils.glance-base:Setting up python3-sqlalchemy (1.2.18+ds1-2ubuntu2~cloud0) ...
INFO:kolla.common.utils.glance-base:Setting up python3-simplegeneric (0.8.1-1) ...
INFO:kolla.common.utils.glance-base:Setting up libjs-underscore (1.8.3~dfsg-1) ...
INFO:kolla.common.utils.glance-base:Setting up python3-sqlparse (0.2.4-0.1) ...
INFO:kolla.common.utils.glance-base:Setting up python3-oslo.rootwrap (5.16.1-0ubuntu1~cloud0) ...
INFO:kolla.common.utils.glance-base:Setting up python3-tempita (0.5.2-2) ...
INFO:kolla.common.utils.glance-base:Setting up glance-common (2:19.0.0-0ubuntu1~cloud0) ...
INFO:kolla.common.utils.glance-base:Setting up python3-alembic (1.0.0-2ubuntu2~cloud0) ...
INFO:kolla.common.utils.glance-base:Setting up libjs-sphinxdoc (1.8.5-3~cloud0) ...
INFO:kolla.common.utils.glance-base:Setting up python3-castellan (1.3.1-0ubuntu1~cloud0) ...
INFO:kolla.common.utils.glance-base:Setting up python3-tenacity (5.1.1-0ubuntu2~cloud0) ...
INFO:kolla.common.utils.glance-base:Setting up python3-testscenarios (0.5.0-2~cloud0) ...
INFO:kolla.common.utils.glance-base:Setting up python3-cursive (0.2.1-0ubuntu1) ...
INFO:kolla.common.utils.glance-base:Setting up python3-oslo.policy (2.3.2-0ubuntu1~cloud0) ...
INFO:kolla.common.utils.glance-base:Setting up python3-psutil (5.5.1-1build1~cloud0) ...
INFO:kolla.common.utils.glance-base:Setting up libnspr4:s390x (2:4.18-1ubuntu1) ...
INFO:kolla.common.utils.glance-base:Setting up python3-suds (0.7~git20150727.94664dd-5) ...
INFO:kolla.common.utils.glance-base:Setting up python3-testresources (2.0.0-2) ...
INFO:kolla.common.utils.glance-base:Setting up python3-ddt (1.2.1-2ubuntu1~cloud0) ...
INFO:kolla.common.utils.glance-base:Setting up pycadf-common (2.7.0-0ubuntu1) ...
INFO:kolla.common.utils.glance-base:Setting up python3-defusedxml (0.5.0-1ubuntu1) ...
INFO:kolla.common.utils.glance-base:Setting up python3-oslo.cache (1.37.0-0ubuntu1~cloud0) ...
INFO:kolla.common.utils.glance-base:Setting up python3-networkx (1.11-1ubuntu3) ...
INFO:kolla.common.utils.glance-base:Setting up os-brick-common (2.10.0-0ubuntu1~cloud0) ...
INFO:kolla.common.utils.glance-base:Setting up python3-pycadf (2.7.0-0ubuntu1) ...
INFO:kolla.common.utils.glance-base:Setting up python3-jinja2 (2.10-1ubuntu0.18.04.1) ...
INFO:kolla.common.utils.glance-base:Setting up python3-repoze.lru (0.7-1) ...
INFO:kolla.common.utils.glance-base:Setting up python3-httplib2 (0.9.2+dfsg-1ubuntu0.1) ...
INFO:kolla.common.utils.glance-base:Setting up python3-retrying (1.3.3-3) ...
INFO:kolla.common.utils.glance-base:Setting up python3-paste (2.0.3+dfsg-4ubuntu1) ...
INFO:kolla.common.utils.glance-base:Setting up python3-pycparser (2.18-2) ...
INFO:kolla.common.utils.glance-base:Setting up python3-migrate (0.12.0-3~cloud0) ...
INFO:kolla.common.utils.glance-base:Setting up python3-anyjson (0.3.3-1build1) ...
INFO:kolla.common.utils.glance-base:Setting up python3-cffi (1.11.5-1) ...
INFO:kolla.common.utils.glance-base:Setting up python3-keystonemiddleware (7.0.1-0ubuntu1~cloud0) ...
INFO:kolla.common.utils.glance-base:Setting up python-pastedeploy-tpl (1.5.2-4) ...
INFO:kolla.common.utils.glance-base:Setting up python3-cachetools (3.1.0-2~cloud0) ...
INFO:kolla.common.utils.glance-base:Setting up python3-vine (1.1.4+dfsg-2) ...
INFO:kolla.common.utils.glance-base:Setting up python3-automaton (1.14.0-0ubuntu1) ...
INFO:kolla.common.utils.glance-base:Setting up python3-oslo.upgradecheck (0.3.2-0ubuntu1~cloud0) ...
INFO:kolla.common.utils.glance-base:Setting up alembic (1.0.0-2ubuntu2~cloud0) ...
INFO:kolla.common.utils.glance-base:Setting up python3-routes (2.4.1-1) ...
INFO:kolla.common.utils.glance-base:Setting up libpython3.6:s390x (3.6.9-1~18.04) ...
INFO:kolla.common.utils.glance-base:Setting up python3-oslo.middleware (3.38.1-0ubuntu1~cloud0) ...
INFO:kolla.common.utils.glance-base:Setting up python3-amqp (2.5.0-2~cloud0) ...
INFO:kolla.common.utils.glance-base:Setting up python3-oslo.reports (1.30.0-0ubuntu1~cloud0) ...
INFO:kolla.common.utils.glance-base:Setting up libnss3:s390x (2:3.35-2ubuntu2.7) ...
INFO:kolla.common.utils.glance-base:Setting up python3-kombu (4.1.0-1) ...
INFO:kolla.common.utils.glance-base:Setting up python3-oslo.db (5.0.2-0ubuntu1~cloud0) ...
INFO:kolla.common.utils.glance-base:Setting up librados2 (14.2.2-0ubuntu3~cloud0) ...
INFO:kolla.common.utils.glance-base:Setting up python3-wsme (0.9.3-3~cloud0) ...
INFO:kolla.common.utils.glance-base:Setting up python3-oslo.privsep (1.33.3-0ubuntu1~cloud0) ...
INFO:kolla.common.utils.glance-base:Setting up python3-oslo.vmware (2.34.1-0ubuntu1~cloud0) ...
INFO:kolla.common.utils.glance-base:Setting up python3-rados (14.2.2-0ubuntu3~cloud0) ...
INFO:kolla.common.utils.glance-base:Setting up python3-pastedeploy (1.5.2-4) ...
INFO:kolla.common.utils.glance-base:Setting up python3-taskflow (3.7.1-0ubuntu2~cloud0) ...
INFO:kolla.common.utils.glance-base:Setting up librbd1 (14.2.2-0ubuntu3~cloud0) ...
INFO:kolla.common.utils.glance-base:Setting up python3-oslo.service (1.40.2-0ubuntu1~cloud0) ...
INFO:kolla.common.utils.glance-base:Setting up python3-os-win (4.3.2-0ubuntu1~cloud0) ...
INFO:kolla.common.utils.glance-base:Setting up python3-oslo.messaging (9.7.1-0ubuntu3~cloud0) ...
INFO:kolla.common.utils.glance-base:Setting up python3-rbd (14.2.2-0ubuntu3~cloud0) ...
INFO:kolla.common.utils.glance-base:Setting up python3-os-brick (2.10.0-0ubuntu1~cloud0) ...
INFO:kolla.common.utils.glance-base:Setting up python3-glance-store (1.0.0-0ubuntu1~cloud0) ...
INFO:kolla.common.utils.glance-base:Setting up python3-glance (2:19.0.0-0ubuntu1~cloud0) ...
INFO:kolla.common.utils.glance-base:Setting up glance-api (2:19.0.0-0ubuntu1~cloud0) ...
INFO:kolla.common.utils.glance-base:invoke-rc.d: could not determine current runlevel
INFO:kolla.common.utils.glance-base:invoke-rc.d: policy-rc.d denied execution of start.
INFO:kolla.common.utils.glance-base:Setting up glance (2:19.0.0-0ubuntu1~cloud0) ...
INFO:kolla.common.utils.glance-base:Processing triggers for libc-bin (2.27-3ubuntu1) ...
INFO:kolla.common.utils.glance-base:Removing intermediate container ae63d74fac57
INFO:kolla.common.utils.glance-base: ---> 891014da56b9
INFO:kolla.common.utils.glance-base:Step 5/6 : COPY extend_start.sh /usr/local/bin/kolla_extend_start
INFO:kolla.common.utils.glance-base: ---> f724f024d580
INFO:kolla.common.utils.glance-base:Step 6/6 : RUN touch /usr/local/bin/kolla_glance_extend_start     && chmod 755 /usr/local/bin/kolla_extend_start /usr/local/bin/kolla_glance_extend_start
INFO:kolla.common.utils.glance-base: ---> Running in d60490440105
INFO:kolla.common.utils.glance-base:Removing intermediate container d60490440105
INFO:kolla.common.utils.glance-base: ---> 34ab8c440a47
INFO:kolla.common.utils.glance-base:Successfully built 34ab8c440a47
INFO:kolla.common.utils.glance-base:Successfully tagged s390x/ubuntu-binary-glance-base:9.1.0
INFO:kolla.common.utils.glance-base:Built at 2020-03-02 21:41:50.732539 (took 0:00:44.123430)
