INFO:kolla.common.utils.gnocchi-metricd:Building started at 2020-03-02 21:46:31.701392
INFO:kolla.common.utils.gnocchi-metricd:Step 1/4 : FROM s390x/ubuntu-binary-gnocchi-base:9.1.0
INFO:kolla.common.utils.gnocchi-metricd: ---> c9a5c7b596e7
INFO:kolla.common.utils.gnocchi-metricd:Step 2/4 : LABEL maintainer="Kolla Project (https://launchpad.net/kolla)" name="gnocchi-metricd" build-date="20200302"
INFO:kolla.common.utils.gnocchi-metricd: ---> Running in 724932fa1938
INFO:kolla.common.utils.gnocchi-metricd:Removing intermediate container 724932fa1938
INFO:kolla.common.utils.gnocchi-metricd: ---> 5d3f5f82a27c
INFO:kolla.common.utils.gnocchi-metricd:Step 3/4 : RUN apt-get update && apt-get -y install --no-install-recommends gnocchi-metricd && apt-get clean && rm -rf /var/lib/apt/lists/*
INFO:kolla.common.utils.gnocchi-metricd: ---> Running in 33329ccbb2ea
INFO:kolla.common.utils.gnocchi-metricd:Get:1 http://ports.ubuntu.com bionic InRelease [242 kB]
INFO:kolla.common.utils.gnocchi-metricd:Ign:2 http://ubuntu-cloud.archive.canonical.com/ubuntu bionic-updates/ussuri InRelease
INFO:kolla.common.utils.gnocchi-metricd:Get:3 http://ports.ubuntu.com bionic-updates InRelease [88.7 kB]
INFO:kolla.common.utils.gnocchi-metricd:Get:4 http://ubuntu-cloud.archive.canonical.com/ubuntu bionic-updates/ussuri Release [7,884 B]
INFO:kolla.common.utils.gnocchi-metricd:Get:5 http://ports.ubuntu.com bionic-security InRelease [88.7 kB]
INFO:kolla.common.utils.gnocchi-metricd:Get:6 http://ubuntu-cloud.archive.canonical.com/ubuntu bionic-updates/ussuri Release.gpg [543 B]
INFO:kolla.common.utils.gnocchi-metricd:Get:7 http://ports.ubuntu.com bionic-backports InRelease [74.6 kB]
INFO:kolla.common.utils.gnocchi-metricd:Get:8 http://ports.ubuntu.com bionic/main s390x Packages [1,244 kB]
INFO:kolla.common.utils.gnocchi-metricd:Get:9 http://ports.ubuntu.com bionic/universe s390x Packages [10.8 MB]
INFO:kolla.common.utils.gnocchi-metricd:Get:10 http://ubuntu-cloud.archive.canonical.com/ubuntu bionic-updates/ussuri/main s390x Packages [145 kB]
INFO:kolla.common.utils.gnocchi-metricd:Get:11 http://ports.ubuntu.com bionic-updates/universe s390x Packages [1,075 kB]
INFO:kolla.common.utils.gnocchi-metricd:Get:12 http://ports.ubuntu.com bionic-updates/main s390x Packages [730 kB]
INFO:kolla.common.utils.gnocchi-metricd:Get:13 http://ports.ubuntu.com bionic-security/main s390x Packages [467 kB]
INFO:kolla.common.utils.gnocchi-metricd:Get:14 http://ports.ubuntu.com bionic-security/universe s390x Packages [625 kB]
INFO:kolla.common.utils.gnocchi-metricd:Get:15 http://ports.ubuntu.com bionic-backports/main s390x Packages [2,494 B]
INFO:kolla.common.utils.gnocchi-metricd:Get:16 http://ports.ubuntu.com bionic-backports/universe s390x Packages [4,242 B]
INFO:kolla.common.utils.gnocchi-metricd:Fetched 15.6 MB in 3s (5,356 kB/s)
INFO:kolla.common.utils.gnocchi-metricd:Reading package lists...
INFO:kolla.common.utils.gnocchi-metricd:Reading package lists...
INFO:kolla.common.utils.gnocchi-metricd:Building dependency tree...
INFO:kolla.common.utils.gnocchi-metricd:Reading state information...
INFO:kolla.common.utils.gnocchi-metricd:The following additional packages will be installed:
INFO:kolla.common.utils.gnocchi-metricd:  alembic libblas3 libgfortran4 libjs-jquery libjs-sphinxdoc libjs-underscore
INFO:kolla.common.utils.gnocchi-metricd:  liblapack3 pycadf-common python-oslosphinx-common python-pastedeploy-tpl
INFO:kolla.common.utils.gnocchi-metricd:  python3-alembic python3-anyjson python3-arrow python3-bs4 python3-cachetools
INFO:kolla.common.utils.gnocchi-metricd:  python3-cffi python3-cotyledon python3-daiquiri python3-gnocchi
INFO:kolla.common.utils.gnocchi-metricd:  python3-jinja2 python3-keystonemiddleware python3-logutils python3-lz4
INFO:kolla.common.utils.gnocchi-metricd:  python3-migrate python3-numpy python3-oslo.cache python3-oslo.db
INFO:kolla.common.utils.gnocchi-metricd:  python3-oslo.middleware python3-oslo.policy python3-oslosphinx python3-paste
INFO:kolla.common.utils.gnocchi-metricd:  python3-pastedeploy python3-pecan python3-pycadf python3-pycparser
INFO:kolla.common.utils.gnocchi-metricd:  python3-pytimeparse python3-retrying python3-setproctitle
INFO:kolla.common.utils.gnocchi-metricd:  python3-simplegeneric python3-singledispatch python3-sqlalchemy
INFO:kolla.common.utils.gnocchi-metricd:  python3-sqlalchemy-utils python3-sqlparse python3-tempita python3-tenacity
INFO:kolla.common.utils.gnocchi-metricd:  python3-testresources python3-testscenarios python3-tooz python3-ujson
INFO:kolla.common.utils.gnocchi-metricd:  python3-voluptuous python3-waitress python3-webtest python3-werkzeug
INFO:kolla.common.utils.gnocchi-metricd:  python3-xattr
INFO:kolla.common.utils.gnocchi-metricd:Suggested packages:
INFO:kolla.common.utils.gnocchi-metricd:  python3-editor python-arrow-doc python-cotyledon-doc python-jinja2-doc
INFO:kolla.common.utils.gnocchi-metricd:  python-migrate-doc gfortran python-numpy-doc python3-nose python3-numpy-dbg
INFO:kolla.common.utils.gnocchi-metricd:  python-oslo.cache-doc python-oslo.middleware-doc python-oslo.policy-doc
INFO:kolla.common.utils.gnocchi-metricd:  libapache2-mod-python libapache2-mod-scgi libjs-mochikit python-pecan-doc
INFO:kolla.common.utils.gnocchi-metricd:  python-sqlalchemy-doc python3-fdb python-sqlalchemy-utils-doc
INFO:kolla.common.utils.gnocchi-metricd:  python-sqlparse-doc python-tenacity-doc python-waitress-doc
INFO:kolla.common.utils.gnocchi-metricd:  python-webtest-doc ipython3 python3-termcolor python3-watchdog
INFO:kolla.common.utils.gnocchi-metricd:  python-werkzeug-doc
INFO:kolla.common.utils.gnocchi-metricd:Recommended packages:
INFO:kolla.common.utils.gnocchi-metricd:  javascript-common python3-pastescript python3-sqlalchemy-ext
INFO:kolla.common.utils.gnocchi-metricd:The following NEW packages will be installed:
INFO:kolla.common.utils.gnocchi-metricd:  alembic gnocchi-metricd libblas3 libgfortran4 libjs-jquery libjs-sphinxdoc
INFO:kolla.common.utils.gnocchi-metricd:  libjs-underscore liblapack3 pycadf-common python-oslosphinx-common
INFO:kolla.common.utils.gnocchi-metricd:  python-pastedeploy-tpl python3-alembic python3-anyjson python3-arrow
INFO:kolla.common.utils.gnocchi-metricd:  python3-bs4 python3-cachetools python3-cffi python3-cotyledon
INFO:kolla.common.utils.gnocchi-metricd:  python3-daiquiri python3-gnocchi python3-jinja2 python3-keystonemiddleware
INFO:kolla.common.utils.gnocchi-metricd:  python3-logutils python3-lz4 python3-migrate python3-numpy
INFO:kolla.common.utils.gnocchi-metricd:  python3-oslo.cache python3-oslo.db python3-oslo.middleware
INFO:kolla.common.utils.gnocchi-metricd:  python3-oslo.policy python3-oslosphinx python3-paste python3-pastedeploy
INFO:kolla.common.utils.gnocchi-metricd:  python3-pecan python3-pycadf python3-pycparser python3-pytimeparse
INFO:kolla.common.utils.gnocchi-metricd:  python3-retrying python3-setproctitle python3-simplegeneric
INFO:kolla.common.utils.gnocchi-metricd:  python3-singledispatch python3-sqlalchemy python3-sqlalchemy-utils
INFO:kolla.common.utils.gnocchi-metricd:  python3-sqlparse python3-tempita python3-tenacity python3-testresources
INFO:kolla.common.utils.gnocchi-metricd:  python3-testscenarios python3-tooz python3-ujson python3-voluptuous
INFO:kolla.common.utils.gnocchi-metricd:  python3-waitress python3-webtest python3-werkzeug python3-xattr
INFO:kolla.common.utils.gnocchi-metricd:0 upgraded, 55 newly installed, 0 to remove and 0 not upgraded.
INFO:kolla.common.utils.gnocchi-metricd:Need to get 7,513 kB of archives.
INFO:kolla.common.utils.gnocchi-metricd:After this operation, 38.3 MB of additional disk space will be used.
INFO:kolla.common.utils.gnocchi-metricd:Get:1 http://ubuntu-cloud.archive.canonical.com/ubuntu bionic-updates/ussuri/main s390x python3-sqlalchemy all 1.2.18+ds1-2ubuntu2~cloud0 [728 kB]
INFO:kolla.common.utils.gnocchi-metricd:Get:2 http://ports.ubuntu.com bionic/main s390x libjs-jquery all 3.2.1-1 [152 kB]
INFO:kolla.common.utils.gnocchi-metricd:Get:3 http://ports.ubuntu.com bionic/main s390x libjs-underscore all 1.8.3~dfsg-1 [59.9 kB]
INFO:kolla.common.utils.gnocchi-metricd:Get:4 http://ports.ubuntu.com bionic/main s390x python3-setproctitle s390x 1.1.10-1build2 [14.6 kB]
INFO:kolla.common.utils.gnocchi-metricd:Get:5 http://ports.ubuntu.com bionic/universe s390x python3-cotyledon all 1.6.8-0ubuntu1 [15.9 kB]
INFO:kolla.common.utils.gnocchi-metricd:Get:6 http://ports.ubuntu.com bionic/main s390x pycadf-common all 2.7.0-0ubuntu1 [4,440 B]
INFO:kolla.common.utils.gnocchi-metricd:Get:7 http://ports.ubuntu.com bionic/universe s390x python3-pycadf all 2.7.0-0ubuntu1 [17.4 kB]
INFO:kolla.common.utils.gnocchi-metricd:Get:8 http://ports.ubuntu.com bionic/universe s390x python3-lz4 s390x 0.10.1+dfsg1-0.2 [16.4 kB]
INFO:kolla.common.utils.gnocchi-metricd:Get:9 http://ports.ubuntu.com bionic/main s390x libblas3 s390x 3.7.1-4ubuntu1 [119 kB]
INFO:kolla.common.utils.gnocchi-metricd:Get:10 http://ubuntu-cloud.archive.canonical.com/ubuntu bionic-updates/ussuri/main s390x python3-alembic all 1.0.0-2ubuntu2~cloud0 [111 kB]
INFO:kolla.common.utils.gnocchi-metricd:Get:11 http://ports.ubuntu.com bionic-updates/main s390x libgfortran4 s390x 7.4.0-1ubuntu1~18.04.1 [275 kB]
INFO:kolla.common.utils.gnocchi-metricd:Get:12 http://ubuntu-cloud.archive.canonical.com/ubuntu bionic-updates/ussuri/main s390x libjs-sphinxdoc all 1.8.5-3~cloud0 [96.6 kB]
INFO:kolla.common.utils.gnocchi-metricd:Get:13 http://ubuntu-cloud.archive.canonical.com/ubuntu bionic-updates/ussuri/main s390x alembic all 1.0.0-2ubuntu2~cloud0 [369 kB]
INFO:kolla.common.utils.gnocchi-metricd:Get:14 http://ports.ubuntu.com bionic/main s390x liblapack3 s390x 3.7.1-4ubuntu1 [1,621 kB]
INFO:kolla.common.utils.gnocchi-metricd:Get:15 http://ubuntu-cloud.archive.canonical.com/ubuntu bionic-updates/ussuri/main s390x python3-oslo.cache all 1.37.0-0ubuntu1~cloud0 [34.5 kB]
INFO:kolla.common.utils.gnocchi-metricd:Get:16 http://ubuntu-cloud.archive.canonical.com/ubuntu bionic-updates/ussuri/main s390x python3-keystonemiddleware all 7.0.1-0ubuntu1~cloud0 [68.6 kB]
INFO:kolla.common.utils.gnocchi-metricd:Get:17 http://ubuntu-cloud.archive.canonical.com/ubuntu bionic-updates/ussuri/main s390x python3-migrate all 0.12.0-3~cloud0 [79.3 kB]
INFO:kolla.common.utils.gnocchi-metricd:Get:18 http://ubuntu-cloud.archive.canonical.com/ubuntu bionic-updates/ussuri/main s390x python3-testscenarios all 0.5.0-2~cloud0 [13.5 kB]
INFO:kolla.common.utils.gnocchi-metricd:Get:19 http://ubuntu-cloud.archive.canonical.com/ubuntu bionic-updates/ussuri/main s390x python3-oslo.db all 5.0.2-0ubuntu1~cloud0 [115 kB]
INFO:kolla.common.utils.gnocchi-metricd:Get:20 http://ubuntu-cloud.archive.canonical.com/ubuntu bionic-updates/ussuri/main s390x python3-oslo.middleware all 3.38.1-0ubuntu1~cloud0 [33.1 kB]
INFO:kolla.common.utils.gnocchi-metricd:Get:21 http://ubuntu-cloud.archive.canonical.com/ubuntu bionic-updates/ussuri/main s390x python3-oslo.policy all 2.3.2-0ubuntu1~cloud0 [50.3 kB]
INFO:kolla.common.utils.gnocchi-metricd:Get:22 http://ubuntu-cloud.archive.canonical.com/ubuntu bionic-updates/ussuri/main s390x python3-pecan all 1.3.3-0ubuntu2~cloud0 [104 kB]
INFO:kolla.common.utils.gnocchi-metricd:Get:23 http://ubuntu-cloud.archive.canonical.com/ubuntu bionic-updates/ussuri/main s390x python3-tenacity all 5.1.1-0ubuntu2~cloud0 [34.9 kB]
INFO:kolla.common.utils.gnocchi-metricd:Get:24 http://ports.ubuntu.com bionic/main s390x python3-numpy s390x 1:1.13.3-2ubuntu1 [1,798 kB]
INFO:kolla.common.utils.gnocchi-metricd:Get:25 http://ubuntu-cloud.archive.canonical.com/ubuntu bionic-updates/ussuri/main s390x python3-tooz all 1.66.2-0ubuntu1~cloud0 [50.3 kB]
INFO:kolla.common.utils.gnocchi-metricd:Get:26 http://ubuntu-cloud.archive.canonical.com/ubuntu bionic-updates/ussuri/main s390x python3-cachetools all 3.1.0-2~cloud0 [9,892 B]
INFO:kolla.common.utils.gnocchi-metricd:Get:27 http://ubuntu-cloud.archive.canonical.com/ubuntu bionic-updates/ussuri/main s390x python3-gnocchi all 4.3.4-0ubuntu4~cloud0 [171 kB]
INFO:kolla.common.utils.gnocchi-metricd:Get:28 http://ports.ubuntu.com bionic/main s390x python3-sqlparse all 0.2.4-0.1 [28.1 kB]
INFO:kolla.common.utils.gnocchi-metricd:Get:29 http://ports.ubuntu.com bionic/main s390x python3-tempita all 0.5.2-2 [13.9 kB]
INFO:kolla.common.utils.gnocchi-metricd:Get:30 http://ports.ubuntu.com bionic/universe s390x python3-testresources all 2.0.0-2 [26.4 kB]
INFO:kolla.common.utils.gnocchi-metricd:Get:31 http://ports.ubuntu.com bionic-updates/main s390x python3-jinja2 all 2.10-1ubuntu0.18.04.1 [95.4 kB]
INFO:kolla.common.utils.gnocchi-metricd:Get:32 http://ports.ubuntu.com bionic/universe s390x python-oslosphinx-common all 4.18.0-2 [15.1 kB]
INFO:kolla.common.utils.gnocchi-metricd:Get:33 http://ports.ubuntu.com bionic/universe s390x python3-oslosphinx all 4.18.0-2 [18.1 kB]
INFO:kolla.common.utils.gnocchi-metricd:Get:34 http://ports.ubuntu.com bionic/main s390x python3-paste all 2.0.3+dfsg-4ubuntu1 [456 kB]
INFO:kolla.common.utils.gnocchi-metricd:Get:35 http://ports.ubuntu.com bionic/main s390x python-pastedeploy-tpl all 1.5.2-4 [4,796 B]
INFO:kolla.common.utils.gnocchi-metricd:Get:36 http://ports.ubuntu.com bionic/main s390x python3-pastedeploy all 1.5.2-4 [13.4 kB]
INFO:kolla.common.utils.gnocchi-metricd:Get:37 http://ports.ubuntu.com bionic/universe s390x python3-logutils all 0.3.3-5 [16.7 kB]
INFO:kolla.common.utils.gnocchi-metricd:Get:38 http://ports.ubuntu.com bionic/universe s390x python3-simplegeneric all 0.8.1-1 [11.5 kB]
INFO:kolla.common.utils.gnocchi-metricd:Get:39 http://ports.ubuntu.com bionic/universe s390x python3-singledispatch all 3.4.0.3-2 [7,022 B]
INFO:kolla.common.utils.gnocchi-metricd:Get:40 http://ports.ubuntu.com bionic/main s390x python3-bs4 all 4.6.0-1 [67.8 kB]
INFO:kolla.common.utils.gnocchi-metricd:Get:41 http://ports.ubuntu.com bionic/main s390x python3-waitress all 1.0.1-1 [53.4 kB]
INFO:kolla.common.utils.gnocchi-metricd:Get:42 http://ports.ubuntu.com bionic/main s390x python3-webtest all 2.0.28-1ubuntu1 [27.9 kB]
INFO:kolla.common.utils.gnocchi-metricd:Get:43 http://ubuntu-cloud.archive.canonical.com/ubuntu bionic-updates/ussuri/main s390x gnocchi-metricd all 4.3.4-0ubuntu4~cloud0 [8,556 B]
INFO:kolla.common.utils.gnocchi-metricd:Get:44 http://ports.ubuntu.com bionic/universe s390x python3-pytimeparse all 1.1.5-2 [7,866 B]
INFO:kolla.common.utils.gnocchi-metricd:Get:45 http://ports.ubuntu.com bionic/universe s390x python3-retrying all 1.3.3-3 [7,980 B]
INFO:kolla.common.utils.gnocchi-metricd:Get:46 http://ports.ubuntu.com bionic/universe s390x python3-anyjson all 0.3.3-1build1 [7,062 B]
INFO:kolla.common.utils.gnocchi-metricd:Get:47 http://ports.ubuntu.com bionic/universe s390x python3-arrow all 0.10.0-1 [28.0 kB]
INFO:kolla.common.utils.gnocchi-metricd:Get:48 http://ports.ubuntu.com bionic/universe s390x python3-sqlalchemy-utils all 0.32.21-1 [54.0 kB]
INFO:kolla.common.utils.gnocchi-metricd:Get:49 http://ports.ubuntu.com bionic/main s390x python3-voluptuous all 0.9.3-1 [24.2 kB]
INFO:kolla.common.utils.gnocchi-metricd:Get:50 http://ports.ubuntu.com bionic/universe s390x python3-ujson s390x 1.35-2 [20.0 kB]
INFO:kolla.common.utils.gnocchi-metricd:Get:51 http://ports.ubuntu.com bionic/universe s390x python3-werkzeug all 0.14.1+dfsg1-1 [174 kB]
INFO:kolla.common.utils.gnocchi-metricd:Get:52 http://ports.ubuntu.com bionic/universe s390x python3-pycparser all 2.18-2 [67.7 kB]
INFO:kolla.common.utils.gnocchi-metricd:Get:53 http://ports.ubuntu.com bionic/universe s390x python3-cffi all 1.11.5-1 [67.4 kB]
INFO:kolla.common.utils.gnocchi-metricd:Get:54 http://ports.ubuntu.com bionic/universe s390x python3-xattr s390x 0.9.2-0ubuntu1 [16.7 kB]
INFO:kolla.common.utils.gnocchi-metricd:Get:55 http://ports.ubuntu.com bionic/universe s390x python3-daiquiri all 1.3.0-3ubuntu1 [11.8 kB]
INFO:kolla.common.utils.gnocchi-metricd:Fetched 7,513 kB in 0s (30.6 MB/s)
INFO:kolla.common.utils.gnocchi-metricd:Selecting previously unselected package python3-sqlalchemy.
INFO:kolla.common.utils.gnocchi-metricd:(Reading database ... 
INFO:kolla.common.utils.gnocchi-metricd:(Reading database ... 5%(Reading database ... 10%(Reading database ... 15%(Reading database ... 20%(Reading database ... 25%(Reading database ... 30%(Reading database ... 35%(Reading database ... 40%(Reading database ... 45%(Reading database ... 50%(Reading database ... 55%(Reading database ... 60%
INFO:kolla.common.utils.gnocchi-metricd:(Reading database ... 65%
INFO:kolla.common.utils.gnocchi-metricd:(Reading database ... 70%
INFO:kolla.common.utils.gnocchi-metricd:(Reading database ... 75%
INFO:kolla.common.utils.gnocchi-metricd:(Reading database ... 80%
INFO:kolla.common.utils.gnocchi-metricd:(Reading database ... 85%
INFO:kolla.common.utils.gnocchi-metricd:(Reading database ... 90%
INFO:kolla.common.utils.gnocchi-metricd:(Reading database ... 95%
INFO:kolla.common.utils.gnocchi-metricd:(Reading database ... 100%(Reading database ... 27690 files and directories currently installed.)
INFO:kolla.common.utils.gnocchi-metricd:Preparing to unpack .../00-python3-sqlalchemy_1.2.18+ds1-2ubuntu2~cloud0_all.deb ...
INFO:kolla.common.utils.gnocchi-metricd:Unpacking python3-sqlalchemy (1.2.18+ds1-2ubuntu2~cloud0) ...
INFO:kolla.common.utils.gnocchi-metricd:Selecting previously unselected package python3-alembic.
INFO:kolla.common.utils.gnocchi-metricd:Preparing to unpack .../01-python3-alembic_1.0.0-2ubuntu2~cloud0_all.deb ...
INFO:kolla.common.utils.gnocchi-metricd:Unpacking python3-alembic (1.0.0-2ubuntu2~cloud0) ...
INFO:kolla.common.utils.gnocchi-metricd:Selecting previously unselected package libjs-jquery.
INFO:kolla.common.utils.gnocchi-metricd:Preparing to unpack .../02-libjs-jquery_3.2.1-1_all.deb ...
INFO:kolla.common.utils.gnocchi-metricd:Unpacking libjs-jquery (3.2.1-1) ...
INFO:kolla.common.utils.gnocchi-metricd:Selecting previously unselected package libjs-underscore.
INFO:kolla.common.utils.gnocchi-metricd:Preparing to unpack .../03-libjs-underscore_1.8.3~dfsg-1_all.deb ...
INFO:kolla.common.utils.gnocchi-metricd:Unpacking libjs-underscore (1.8.3~dfsg-1) ...
INFO:kolla.common.utils.gnocchi-metricd:Selecting previously unselected package libjs-sphinxdoc.
INFO:kolla.common.utils.gnocchi-metricd:Preparing to unpack .../04-libjs-sphinxdoc_1.8.5-3~cloud0_all.deb ...
INFO:kolla.common.utils.gnocchi-metricd:Unpacking libjs-sphinxdoc (1.8.5-3~cloud0) ...
INFO:kolla.common.utils.gnocchi-metricd:Selecting previously unselected package alembic.
INFO:kolla.common.utils.gnocchi-metricd:Preparing to unpack .../05-alembic_1.0.0-2ubuntu2~cloud0_all.deb ...
INFO:kolla.common.utils.gnocchi-metricd:Unpacking alembic (1.0.0-2ubuntu2~cloud0) ...
INFO:kolla.common.utils.gnocchi-metricd:Selecting previously unselected package python3-setproctitle:s390x.
INFO:kolla.common.utils.gnocchi-metricd:Preparing to unpack .../06-python3-setproctitle_1.1.10-1build2_s390x.deb ...
INFO:kolla.common.utils.gnocchi-metricd:Unpacking python3-setproctitle:s390x (1.1.10-1build2) ...
INFO:kolla.common.utils.gnocchi-metricd:Selecting previously unselected package python3-cotyledon.
INFO:kolla.common.utils.gnocchi-metricd:Preparing to unpack .../07-python3-cotyledon_1.6.8-0ubuntu1_all.deb ...
INFO:kolla.common.utils.gnocchi-metricd:Unpacking python3-cotyledon (1.6.8-0ubuntu1) ...
INFO:kolla.common.utils.gnocchi-metricd:Selecting previously unselected package python3-oslo.cache.
INFO:kolla.common.utils.gnocchi-metricd:Preparing to unpack .../08-python3-oslo.cache_1.37.0-0ubuntu1~cloud0_all.deb ...
INFO:kolla.common.utils.gnocchi-metricd:Unpacking python3-oslo.cache (1.37.0-0ubuntu1~cloud0) ...
INFO:kolla.common.utils.gnocchi-metricd:Selecting previously unselected package pycadf-common.
INFO:kolla.common.utils.gnocchi-metricd:Preparing to unpack .../09-pycadf-common_2.7.0-0ubuntu1_all.deb ...
INFO:kolla.common.utils.gnocchi-metricd:Unpacking pycadf-common (2.7.0-0ubuntu1) ...
INFO:kolla.common.utils.gnocchi-metricd:Selecting previously unselected package python3-pycadf.
INFO:kolla.common.utils.gnocchi-metricd:Preparing to unpack .../10-python3-pycadf_2.7.0-0ubuntu1_all.deb ...
INFO:kolla.common.utils.gnocchi-metricd:Unpacking python3-pycadf (2.7.0-0ubuntu1) ...
INFO:kolla.common.utils.gnocchi-metricd:Selecting previously unselected package python3-keystonemiddleware.
INFO:kolla.common.utils.gnocchi-metricd:Preparing to unpack .../11-python3-keystonemiddleware_7.0.1-0ubuntu1~cloud0_all.deb ...
INFO:kolla.common.utils.gnocchi-metricd:Unpacking python3-keystonemiddleware (7.0.1-0ubuntu1~cloud0) ...
INFO:kolla.common.utils.gnocchi-metricd:Selecting previously unselected package python3-lz4.
INFO:kolla.common.utils.gnocchi-metricd:Preparing to unpack .../12-python3-lz4_0.10.1+dfsg1-0.2_s390x.deb ...
INFO:kolla.common.utils.gnocchi-metricd:Unpacking python3-lz4 (0.10.1+dfsg1-0.2) ...
INFO:kolla.common.utils.gnocchi-metricd:Selecting previously unselected package libblas3:s390x.
INFO:kolla.common.utils.gnocchi-metricd:Preparing to unpack .../13-libblas3_3.7.1-4ubuntu1_s390x.deb ...
INFO:kolla.common.utils.gnocchi-metricd:Unpacking libblas3:s390x (3.7.1-4ubuntu1) ...
INFO:kolla.common.utils.gnocchi-metricd:Selecting previously unselected package libgfortran4:s390x.
INFO:kolla.common.utils.gnocchi-metricd:Preparing to unpack .../14-libgfortran4_7.4.0-1ubuntu1~18.04.1_s390x.deb ...
INFO:kolla.common.utils.gnocchi-metricd:Unpacking libgfortran4:s390x (7.4.0-1ubuntu1~18.04.1) ...
INFO:kolla.common.utils.gnocchi-metricd:Selecting previously unselected package liblapack3:s390x.
INFO:kolla.common.utils.gnocchi-metricd:Preparing to unpack .../15-liblapack3_3.7.1-4ubuntu1_s390x.deb ...
INFO:kolla.common.utils.gnocchi-metricd:Unpacking liblapack3:s390x (3.7.1-4ubuntu1) ...
INFO:kolla.common.utils.gnocchi-metricd:Selecting previously unselected package python3-numpy.
INFO:kolla.common.utils.gnocchi-metricd:Preparing to unpack .../16-python3-numpy_1%3a1.13.3-2ubuntu1_s390x.deb ...
INFO:kolla.common.utils.gnocchi-metricd:Unpacking python3-numpy (1:1.13.3-2ubuntu1) ...
INFO:kolla.common.utils.gnocchi-metricd:Selecting previously unselected package python3-sqlparse.
INFO:kolla.common.utils.gnocchi-metricd:Preparing to unpack .../17-python3-sqlparse_0.2.4-0.1_all.deb ...
INFO:kolla.common.utils.gnocchi-metricd:Unpacking python3-sqlparse (0.2.4-0.1) ...
INFO:kolla.common.utils.gnocchi-metricd:Selecting previously unselected package python3-tempita.
INFO:kolla.common.utils.gnocchi-metricd:Preparing to unpack .../18-python3-tempita_0.5.2-2_all.deb ...
INFO:kolla.common.utils.gnocchi-metricd:Unpacking python3-tempita (0.5.2-2) ...
INFO:kolla.common.utils.gnocchi-metricd:Selecting previously unselected package python3-migrate.
INFO:kolla.common.utils.gnocchi-metricd:Preparing to unpack .../19-python3-migrate_0.12.0-3~cloud0_all.deb ...
INFO:kolla.common.utils.gnocchi-metricd:Unpacking python3-migrate (0.12.0-3~cloud0) ...
INFO:kolla.common.utils.gnocchi-metricd:Selecting previously unselected package python3-testresources.
INFO:kolla.common.utils.gnocchi-metricd:Preparing to unpack .../20-python3-testresources_2.0.0-2_all.deb ...
INFO:kolla.common.utils.gnocchi-metricd:Unpacking python3-testresources (2.0.0-2) ...
INFO:kolla.common.utils.gnocchi-metricd:Selecting previously unselected package python3-testscenarios.
INFO:kolla.common.utils.gnocchi-metricd:Preparing to unpack .../21-python3-testscenarios_0.5.0-2~cloud0_all.deb ...
INFO:kolla.common.utils.gnocchi-metricd:Unpacking python3-testscenarios (0.5.0-2~cloud0) ...
INFO:kolla.common.utils.gnocchi-metricd:Selecting previously unselected package python3-oslo.db.
INFO:kolla.common.utils.gnocchi-metricd:Preparing to unpack .../22-python3-oslo.db_5.0.2-0ubuntu1~cloud0_all.deb ...
INFO:kolla.common.utils.gnocchi-metricd:Unpacking python3-oslo.db (5.0.2-0ubuntu1~cloud0) ...
INFO:kolla.common.utils.gnocchi-metricd:Selecting previously unselected package python3-jinja2.
INFO:kolla.common.utils.gnocchi-metricd:Preparing to unpack .../23-python3-jinja2_2.10-1ubuntu0.18.04.1_all.deb ...
INFO:kolla.common.utils.gnocchi-metricd:Unpacking python3-jinja2 (2.10-1ubuntu0.18.04.1) ...
INFO:kolla.common.utils.gnocchi-metricd:Selecting previously unselected package python3-oslo.middleware.
INFO:kolla.common.utils.gnocchi-metricd:Preparing to unpack .../24-python3-oslo.middleware_3.38.1-0ubuntu1~cloud0_all.deb ...
INFO:kolla.common.utils.gnocchi-metricd:Unpacking python3-oslo.middleware (3.38.1-0ubuntu1~cloud0) ...
INFO:kolla.common.utils.gnocchi-metricd:Selecting previously unselected package python3-oslo.policy.
INFO:kolla.common.utils.gnocchi-metricd:Preparing to unpack .../25-python3-oslo.policy_2.3.2-0ubuntu1~cloud0_all.deb ...
INFO:kolla.common.utils.gnocchi-metricd:Unpacking python3-oslo.policy (2.3.2-0ubuntu1~cloud0) ...
INFO:kolla.common.utils.gnocchi-metricd:Selecting previously unselected package python-oslosphinx-common.
INFO:kolla.common.utils.gnocchi-metricd:Preparing to unpack .../26-python-oslosphinx-common_4.18.0-2_all.deb ...
INFO:kolla.common.utils.gnocchi-metricd:Unpacking python-oslosphinx-common (4.18.0-2) ...
INFO:kolla.common.utils.gnocchi-metricd:Selecting previously unselected package python3-oslosphinx.
INFO:kolla.common.utils.gnocchi-metricd:Preparing to unpack .../27-python3-oslosphinx_4.18.0-2_all.deb ...
INFO:kolla.common.utils.gnocchi-metricd:Unpacking python3-oslosphinx (4.18.0-2) ...
INFO:kolla.common.utils.gnocchi-metricd:Selecting previously unselected package python3-paste.
INFO:kolla.common.utils.gnocchi-metricd:Preparing to unpack .../28-python3-paste_2.0.3+dfsg-4ubuntu1_all.deb ...
INFO:kolla.common.utils.gnocchi-metricd:Unpacking python3-paste (2.0.3+dfsg-4ubuntu1) ...
INFO:kolla.common.utils.gnocchi-metricd:Selecting previously unselected package python-pastedeploy-tpl.
INFO:kolla.common.utils.gnocchi-metricd:Preparing to unpack .../29-python-pastedeploy-tpl_1.5.2-4_all.deb ...
INFO:kolla.common.utils.gnocchi-metricd:Unpacking python-pastedeploy-tpl (1.5.2-4) ...
INFO:kolla.common.utils.gnocchi-metricd:Selecting previously unselected package python3-pastedeploy.
INFO:kolla.common.utils.gnocchi-metricd:Preparing to unpack .../30-python3-pastedeploy_1.5.2-4_all.deb ...
INFO:kolla.common.utils.gnocchi-metricd:Unpacking python3-pastedeploy (1.5.2-4) ...
INFO:kolla.common.utils.gnocchi-metricd:Selecting previously unselected package python3-logutils.
INFO:kolla.common.utils.gnocchi-metricd:Preparing to unpack .../31-python3-logutils_0.3.3-5_all.deb ...
INFO:kolla.common.utils.gnocchi-metricd:Unpacking python3-logutils (0.3.3-5) ...
INFO:kolla.common.utils.gnocchi-metricd:Selecting previously unselected package python3-simplegeneric.
INFO:kolla.common.utils.gnocchi-metricd:Preparing to unpack .../32-python3-simplegeneric_0.8.1-1_all.deb ...
INFO:kolla.common.utils.gnocchi-metricd:Unpacking python3-simplegeneric (0.8.1-1) ...
INFO:kolla.common.utils.gnocchi-metricd:Selecting previously unselected package python3-singledispatch.
INFO:kolla.common.utils.gnocchi-metricd:Preparing to unpack .../33-python3-singledispatch_3.4.0.3-2_all.deb ...
INFO:kolla.common.utils.gnocchi-metricd:Unpacking python3-singledispatch (3.4.0.3-2) ...
INFO:kolla.common.utils.gnocchi-metricd:Selecting previously unselected package python3-bs4.
INFO:kolla.common.utils.gnocchi-metricd:Preparing to unpack .../34-python3-bs4_4.6.0-1_all.deb ...
INFO:kolla.common.utils.gnocchi-metricd:Unpacking python3-bs4 (4.6.0-1) ...
INFO:kolla.common.utils.gnocchi-metricd:Selecting previously unselected package python3-waitress.
INFO:kolla.common.utils.gnocchi-metricd:Preparing to unpack .../35-python3-waitress_1.0.1-1_all.deb ...
INFO:kolla.common.utils.gnocchi-metricd:Unpacking python3-waitress (1.0.1-1) ...
INFO:kolla.common.utils.gnocchi-metricd:Selecting previously unselected package python3-webtest.
INFO:kolla.common.utils.gnocchi-metricd:Preparing to unpack .../36-python3-webtest_2.0.28-1ubuntu1_all.deb ...
INFO:kolla.common.utils.gnocchi-metricd:Unpacking python3-webtest (2.0.28-1ubuntu1) ...
INFO:kolla.common.utils.gnocchi-metricd:Selecting previously unselected package python3-pecan.
INFO:kolla.common.utils.gnocchi-metricd:Preparing to unpack .../37-python3-pecan_1.3.3-0ubuntu2~cloud0_all.deb ...
INFO:kolla.common.utils.gnocchi-metricd:Unpacking python3-pecan (1.3.3-0ubuntu2~cloud0) ...
INFO:kolla.common.utils.gnocchi-metricd:Selecting previously unselected package python3-pytimeparse.
INFO:kolla.common.utils.gnocchi-metricd:Preparing to unpack .../38-python3-pytimeparse_1.1.5-2_all.deb ...
INFO:kolla.common.utils.gnocchi-metricd:Unpacking python3-pytimeparse (1.1.5-2) ...
INFO:kolla.common.utils.gnocchi-metricd:Selecting previously unselected package python3-retrying.
INFO:kolla.common.utils.gnocchi-metricd:Preparing to unpack .../39-python3-retrying_1.3.3-3_all.deb ...
INFO:kolla.common.utils.gnocchi-metricd:Unpacking python3-retrying (1.3.3-3) ...
INFO:kolla.common.utils.gnocchi-metricd:Selecting previously unselected package python3-anyjson.
INFO:kolla.common.utils.gnocchi-metricd:Preparing to unpack .../40-python3-anyjson_0.3.3-1build1_all.deb ...
INFO:kolla.common.utils.gnocchi-metricd:Unpacking python3-anyjson (0.3.3-1build1) ...
INFO:kolla.common.utils.gnocchi-metricd:Selecting previously unselected package python3-arrow.
INFO:kolla.common.utils.gnocchi-metricd:Preparing to unpack .../41-python3-arrow_0.10.0-1_all.deb ...
INFO:kolla.common.utils.gnocchi-metricd:Unpacking python3-arrow (0.10.0-1) ...
INFO:kolla.common.utils.gnocchi-metricd:Selecting previously unselected package python3-sqlalchemy-utils.
INFO:kolla.common.utils.gnocchi-metricd:Preparing to unpack .../42-python3-sqlalchemy-utils_0.32.21-1_all.deb ...
INFO:kolla.common.utils.gnocchi-metricd:Unpacking python3-sqlalchemy-utils (0.32.21-1) ...
INFO:kolla.common.utils.gnocchi-metricd:Selecting previously unselected package python3-tenacity.
INFO:kolla.common.utils.gnocchi-metricd:Preparing to unpack .../43-python3-tenacity_5.1.1-0ubuntu2~cloud0_all.deb ...
INFO:kolla.common.utils.gnocchi-metricd:Unpacking python3-tenacity (5.1.1-0ubuntu2~cloud0) ...
INFO:kolla.common.utils.gnocchi-metricd:Selecting previously unselected package python3-voluptuous.
INFO:kolla.common.utils.gnocchi-metricd:Preparing to unpack .../44-python3-voluptuous_0.9.3-1_all.deb ...
INFO:kolla.common.utils.gnocchi-metricd:Unpacking python3-voluptuous (0.9.3-1) ...
INFO:kolla.common.utils.gnocchi-metricd:Selecting previously unselected package python3-tooz.
INFO:kolla.common.utils.gnocchi-metricd:Preparing to unpack .../45-python3-tooz_1.66.2-0ubuntu1~cloud0_all.deb ...
INFO:kolla.common.utils.gnocchi-metricd:Unpacking python3-tooz (1.66.2-0ubuntu1~cloud0) ...
INFO:kolla.common.utils.gnocchi-metricd:Selecting previously unselected package python3-ujson.
INFO:kolla.common.utils.gnocchi-metricd:Preparing to unpack .../46-python3-ujson_1.35-2_s390x.deb ...
INFO:kolla.common.utils.gnocchi-metricd:Unpacking python3-ujson (1.35-2) ...
INFO:kolla.common.utils.gnocchi-metricd:Selecting previously unselected package python3-werkzeug.
INFO:kolla.common.utils.gnocchi-metricd:Preparing to unpack .../47-python3-werkzeug_0.14.1+dfsg1-1_all.deb ...
INFO:kolla.common.utils.gnocchi-metricd:Unpacking python3-werkzeug (0.14.1+dfsg1-1) ...
INFO:kolla.common.utils.gnocchi-metricd:Selecting previously unselected package python3-pycparser.
INFO:kolla.common.utils.gnocchi-metricd:Preparing to unpack .../48-python3-pycparser_2.18-2_all.deb ...
INFO:kolla.common.utils.gnocchi-metricd:Unpacking python3-pycparser (2.18-2) ...
INFO:kolla.common.utils.gnocchi-metricd:Selecting previously unselected package python3-cffi.
INFO:kolla.common.utils.gnocchi-metricd:Preparing to unpack .../49-python3-cffi_1.11.5-1_all.deb ...
INFO:kolla.common.utils.gnocchi-metricd:Unpacking python3-cffi (1.11.5-1) ...
INFO:kolla.common.utils.gnocchi-metricd:Selecting previously unselected package python3-xattr.
INFO:kolla.common.utils.gnocchi-metricd:Preparing to unpack .../50-python3-xattr_0.9.2-0ubuntu1_s390x.deb ...
INFO:kolla.common.utils.gnocchi-metricd:Unpacking python3-xattr (0.9.2-0ubuntu1) ...
INFO:kolla.common.utils.gnocchi-metricd:Selecting previously unselected package python3-cachetools.
INFO:kolla.common.utils.gnocchi-metricd:Preparing to unpack .../51-python3-cachetools_3.1.0-2~cloud0_all.deb ...
INFO:kolla.common.utils.gnocchi-metricd:Unpacking python3-cachetools (3.1.0-2~cloud0) ...
INFO:kolla.common.utils.gnocchi-metricd:Selecting previously unselected package python3-daiquiri.
INFO:kolla.common.utils.gnocchi-metricd:Preparing to unpack .../52-python3-daiquiri_1.3.0-3ubuntu1_all.deb ...
INFO:kolla.common.utils.gnocchi-metricd:Unpacking python3-daiquiri (1.3.0-3ubuntu1) ...
INFO:kolla.common.utils.gnocchi-metricd:Selecting previously unselected package python3-gnocchi.
INFO:kolla.common.utils.gnocchi-metricd:Preparing to unpack .../53-python3-gnocchi_4.3.4-0ubuntu4~cloud0_all.deb ...
INFO:kolla.common.utils.gnocchi-metricd:Unpacking python3-gnocchi (4.3.4-0ubuntu4~cloud0) ...
INFO:kolla.common.utils.gnocchi-metricd:Selecting previously unselected package gnocchi-metricd.
INFO:kolla.common.utils.gnocchi-metricd:Preparing to unpack .../54-gnocchi-metricd_4.3.4-0ubuntu4~cloud0_all.deb ...
INFO:kolla.common.utils.gnocchi-metricd:Unpacking gnocchi-metricd (4.3.4-0ubuntu4~cloud0) ...
INFO:kolla.common.utils.gnocchi-metricd:Setting up python3-setproctitle:s390x (1.1.10-1build2) ...
INFO:kolla.common.utils.gnocchi-metricd:Setting up python3-logutils (0.3.3-5) ...
INFO:kolla.common.utils.gnocchi-metricd:Setting up libjs-jquery (3.2.1-1) ...
INFO:kolla.common.utils.gnocchi-metricd:Setting up python3-werkzeug (0.14.1+dfsg1-1) ...
INFO:kolla.common.utils.gnocchi-metricd:Setting up python3-ujson (1.35-2) ...
INFO:kolla.common.utils.gnocchi-metricd:Setting up python3-sqlalchemy (1.2.18+ds1-2ubuntu2~cloud0) ...
INFO:kolla.common.utils.gnocchi-metricd:Setting up python3-daiquiri (1.3.0-3ubuntu1) ...
INFO:kolla.common.utils.gnocchi-metricd:Setting up python3-simplegeneric (0.8.1-1) ...
INFO:kolla.common.utils.gnocchi-metricd:Setting up python3-arrow (0.10.0-1) ...
INFO:kolla.common.utils.gnocchi-metricd:Setting up libjs-underscore (1.8.3~dfsg-1) ...
INFO:kolla.common.utils.gnocchi-metricd:Setting up libgfortran4:s390x (7.4.0-1ubuntu1~18.04.1) ...
INFO:kolla.common.utils.gnocchi-metricd:Setting up python3-waitress (1.0.1-1) ...
INFO:kolla.common.utils.gnocchi-metricd:update-alternatives: using /usr/bin/waitress-serve-python3 to provide /usr/bin/waitress-serve (waitress-serve) in auto mode
INFO:kolla.common.utils.gnocchi-metricd:Setting up python3-sqlparse (0.2.4-0.1) ...
INFO:kolla.common.utils.gnocchi-metricd:Setting up python3-tempita (0.5.2-2) ...
INFO:kolla.common.utils.gnocchi-metricd:Setting up python3-pytimeparse (1.1.5-2) ...
INFO:kolla.common.utils.gnocchi-metricd:Setting up python3-singledispatch (3.4.0.3-2) ...
INFO:kolla.common.utils.gnocchi-metricd:Setting up python3-alembic (1.0.0-2ubuntu2~cloud0) ...
INFO:kolla.common.utils.gnocchi-metricd:Setting up libjs-sphinxdoc (1.8.5-3~cloud0) ...
INFO:kolla.common.utils.gnocchi-metricd:Setting up python-oslosphinx-common (4.18.0-2) ...
INFO:kolla.common.utils.gnocchi-metricd:Setting up python3-tenacity (5.1.1-0ubuntu2~cloud0) ...
INFO:kolla.common.utils.gnocchi-metricd:Setting up python3-testscenarios (0.5.0-2~cloud0) ...
INFO:kolla.common.utils.gnocchi-metricd:Setting up python3-bs4 (4.6.0-1) ...
INFO:kolla.common.utils.gnocchi-metricd:Setting up python3-oslo.policy (2.3.2-0ubuntu1~cloud0) ...
INFO:kolla.common.utils.gnocchi-metricd:Setting up python3-testresources (2.0.0-2) ...
INFO:kolla.common.utils.gnocchi-metricd:Setting up pycadf-common (2.7.0-0ubuntu1) ...
INFO:kolla.common.utils.gnocchi-metricd:Setting up libblas3:s390x (3.7.1-4ubuntu1) ...
INFO:kolla.common.utils.gnocchi-metricd:update-alternatives: using /usr/lib/s390x-linux-gnu/blas/libblas.so.3 to provide /usr/lib/s390x-linux-gnu/libblas.so.3 (libblas.so.3-s390x-linux-gnu) in auto mode
INFO:kolla.common.utils.gnocchi-metricd:Setting up python3-oslosphinx (4.18.0-2) ...
INFO:kolla.common.utils.gnocchi-metricd:Setting up python3-oslo.cache (1.37.0-0ubuntu1~cloud0) ...
INFO:kolla.common.utils.gnocchi-metricd:Setting up python3-lz4 (0.10.1+dfsg1-0.2) ...
INFO:kolla.common.utils.gnocchi-metricd:Setting up python3-pycadf (2.7.0-0ubuntu1) ...
INFO:kolla.common.utils.gnocchi-metricd:Setting up python3-jinja2 (2.10-1ubuntu0.18.04.1) ...
INFO:kolla.common.utils.gnocchi-metricd:Setting up python3-retrying (1.3.3-3) ...
INFO:kolla.common.utils.gnocchi-metricd:Setting up python3-paste (2.0.3+dfsg-4ubuntu1) ...
INFO:kolla.common.utils.gnocchi-metricd:Setting up python3-pycparser (2.18-2) ...
INFO:kolla.common.utils.gnocchi-metricd:Setting up python3-migrate (0.12.0-3~cloud0) ...
INFO:kolla.common.utils.gnocchi-metricd:Setting up python3-anyjson (0.3.3-1build1) ...
INFO:kolla.common.utils.gnocchi-metricd:Setting up python3-cffi (1.11.5-1) ...
INFO:kolla.common.utils.gnocchi-metricd:Setting up python3-keystonemiddleware (7.0.1-0ubuntu1~cloud0) ...
INFO:kolla.common.utils.gnocchi-metricd:Setting up python-pastedeploy-tpl (1.5.2-4) ...
INFO:kolla.common.utils.gnocchi-metricd:Setting up python3-cachetools (3.1.0-2~cloud0) ...
INFO:kolla.common.utils.gnocchi-metricd:Setting up python3-voluptuous (0.9.3-1) ...
INFO:kolla.common.utils.gnocchi-metricd:Setting up python3-cotyledon (1.6.8-0ubuntu1) ...
INFO:kolla.common.utils.gnocchi-metricd:Setting up alembic (1.0.0-2ubuntu2~cloud0) ...
INFO:kolla.common.utils.gnocchi-metricd:Setting up python3-oslo.middleware (3.38.1-0ubuntu1~cloud0) ...
INFO:kolla.common.utils.gnocchi-metricd:Setting up python3-xattr (0.9.2-0ubuntu1) ...
INFO:kolla.common.utils.gnocchi-metricd:Setting up liblapack3:s390x (3.7.1-4ubuntu1) ...
INFO:kolla.common.utils.gnocchi-metricd:update-alternatives: using /usr/lib/s390x-linux-gnu/lapack/liblapack.so.3 to provide /usr/lib/s390x-linux-gnu/liblapack.so.3 (liblapack.so.3-s390x-linux-gnu) in auto mode
INFO:kolla.common.utils.gnocchi-metricd:Setting up python3-tooz (1.66.2-0ubuntu1~cloud0) ...
INFO:kolla.common.utils.gnocchi-metricd:Setting up python3-oslo.db (5.0.2-0ubuntu1~cloud0) ...
INFO:kolla.common.utils.gnocchi-metricd:Setting up python3-sqlalchemy-utils (0.32.21-1) ...
INFO:kolla.common.utils.gnocchi-metricd:Setting up python3-pastedeploy (1.5.2-4) ...
INFO:kolla.common.utils.gnocchi-metricd:Setting up python3-webtest (2.0.28-1ubuntu1) ...
INFO:kolla.common.utils.gnocchi-metricd:Setting up python3-numpy (1:1.13.3-2ubuntu1) ...
INFO:kolla.common.utils.gnocchi-metricd:Setting up python3-pecan (1.3.3-0ubuntu2~cloud0) ...
INFO:kolla.common.utils.gnocchi-metricd:Setting up python3-gnocchi (4.3.4-0ubuntu4~cloud0) ...
INFO:kolla.common.utils.gnocchi-metricd:Setting up gnocchi-metricd (4.3.4-0ubuntu4~cloud0) ...
INFO:kolla.common.utils.gnocchi-metricd:invoke-rc.d: could not determine current runlevel
INFO:kolla.common.utils.gnocchi-metricd:invoke-rc.d: policy-rc.d denied execution of start.
INFO:kolla.common.utils.gnocchi-metricd:Processing triggers for libc-bin (2.27-3ubuntu1) ...
INFO:kolla.common.utils.gnocchi-metricd:Removing intermediate container 33329ccbb2ea
INFO:kolla.common.utils.gnocchi-metricd: ---> a1f6c6b3b649
INFO:kolla.common.utils.gnocchi-metricd:Step 4/4 : USER gnocchi
INFO:kolla.common.utils.gnocchi-metricd: ---> Running in 9428107759c7
INFO:kolla.common.utils.gnocchi-metricd:Removing intermediate container 9428107759c7
INFO:kolla.common.utils.gnocchi-metricd: ---> 72fce17afbc0
INFO:kolla.common.utils.gnocchi-metricd:Successfully built 72fce17afbc0
INFO:kolla.common.utils.gnocchi-metricd:Successfully tagged s390x/ubuntu-binary-gnocchi-metricd:9.1.0
INFO:kolla.common.utils.gnocchi-metricd:Built at 2020-03-02 21:46:57.200589 (took 0:00:25.499197)
