INFO:kolla.common.utils.gnocchi-base:Building started at 2020-03-02 21:41:58.331421
INFO:kolla.common.utils.gnocchi-base:Step 1/8 : FROM s390x/ubuntu-binary-openstack-base:9.1.0
INFO:kolla.common.utils.gnocchi-base: ---> 0b248122f3fe
INFO:kolla.common.utils.gnocchi-base:Step 2/8 : LABEL maintainer="Kolla Project (https://launchpad.net/kolla)" name="gnocchi-base" build-date="20200302"
INFO:kolla.common.utils.gnocchi-base: ---> Running in 1503be3de802
INFO:kolla.common.utils.gnocchi-base:Removing intermediate container 1503be3de802
INFO:kolla.common.utils.gnocchi-base: ---> 0e4b04fa3b92
INFO:kolla.common.utils.gnocchi-base:Step 3/8 : RUN usermod --append --home /var/lib/gnocchi --groups kolla gnocchi     && mkdir -p /var/lib/gnocchi     && chown -R 42416:42416 /var/lib/gnocchi
INFO:kolla.common.utils.gnocchi-base: ---> Running in fa80269aaeaf
INFO:kolla.common.utils.gnocchi-base:Removing intermediate container fa80269aaeaf
INFO:kolla.common.utils.gnocchi-base: ---> 226e23e0f1fe
INFO:kolla.common.utils.gnocchi-base:Step 4/8 : RUN apt-get update && apt-get -y install --no-install-recommends apache2 build-essential gnocchi-common libapache2-mod-wsgi-py3 librados-dev python3-boto3 python3-dev python3-ldappool python3-pip python3-rados python3-setuptools && apt-get clean && rm -rf /var/lib/apt/lists/*
INFO:kolla.common.utils.gnocchi-base: ---> Running in a2e3ed73480e
INFO:kolla.common.utils.gnocchi-base:Get:1 http://ports.ubuntu.com bionic InRelease [242 kB]
INFO:kolla.common.utils.gnocchi-base:Ign:2 http://ubuntu-cloud.archive.canonical.com/ubuntu bionic-updates/ussuri InRelease
INFO:kolla.common.utils.gnocchi-base:Get:3 http://ports.ubuntu.com bionic-updates InRelease [88.7 kB]
INFO:kolla.common.utils.gnocchi-base:Get:4 http://ubuntu-cloud.archive.canonical.com/ubuntu bionic-updates/ussuri Release [7,884 B]
INFO:kolla.common.utils.gnocchi-base:Get:5 http://ports.ubuntu.com bionic-security InRelease [88.7 kB]
INFO:kolla.common.utils.gnocchi-base:Get:6 http://ubuntu-cloud.archive.canonical.com/ubuntu bionic-updates/ussuri Release.gpg [543 B]
INFO:kolla.common.utils.gnocchi-base:Get:7 http://ports.ubuntu.com bionic-backports InRelease [74.6 kB]
INFO:kolla.common.utils.gnocchi-base:Get:8 http://ports.ubuntu.com bionic/main s390x Packages [1,244 kB]
INFO:kolla.common.utils.gnocchi-base:Get:9 http://ubuntu-cloud.archive.canonical.com/ubuntu bionic-updates/ussuri/main s390x Packages [145 kB]
INFO:kolla.common.utils.gnocchi-base:Get:10 http://ports.ubuntu.com bionic/universe s390x Packages [10.8 MB]
INFO:kolla.common.utils.gnocchi-base:Get:11 http://ports.ubuntu.com bionic-updates/main s390x Packages [730 kB]
INFO:kolla.common.utils.gnocchi-base:Get:12 http://ports.ubuntu.com bionic-updates/universe s390x Packages [1,075 kB]
INFO:kolla.common.utils.gnocchi-base:Get:13 http://ports.ubuntu.com bionic-security/main s390x Packages [467 kB]
INFO:kolla.common.utils.gnocchi-base:Get:14 http://ports.ubuntu.com bionic-security/universe s390x Packages [625 kB]
INFO:kolla.common.utils.gnocchi-base:Get:15 http://ports.ubuntu.com bionic-backports/universe s390x Packages [4,242 B]
INFO:kolla.common.utils.gnocchi-base:Get:16 http://ports.ubuntu.com bionic-backports/main s390x Packages [2,494 B]
INFO:kolla.common.utils.gnocchi-base:Fetched 15.6 MB in 3s (6,071 kB/s)
INFO:kolla.common.utils.gnocchi-base:Reading package lists...
INFO:kolla.common.utils.gnocchi-base:Reading package lists...
INFO:kolla.common.utils.gnocchi-base:Building dependency tree...
INFO:kolla.common.utils.gnocchi-base:Reading state information...
INFO:kolla.common.utils.gnocchi-base:python3-pip is already the newest version (9.0.1-2.3~ubuntu1.18.04.1).
INFO:kolla.common.utils.gnocchi-base:python3-setuptools is already the newest version (41.1.0-1~cloud0).
INFO:kolla.common.utils.gnocchi-base:python3-setuptools set to manually installed.
INFO:kolla.common.utils.gnocchi-base:The following additional packages will be installed:
INFO:kolla.common.utils.gnocchi-base:  apache2-bin apache2-data apache2-utils binutils binutils-common
INFO:kolla.common.utils.gnocchi-base:  binutils-s390x-linux-gnu cpp cpp-7 dbconfig-common dh-python dpkg-dev g++
INFO:kolla.common.utils.gnocchi-base:  g++-7 gcc gcc-7 gcc-7-base libapr1 libaprutil1 libaprutil1-dbd-sqlite3
INFO:kolla.common.utils.gnocchi-base:  libaprutil1-ldap libasan4 libatomic1 libbinutils libc-dev-bin libc6-dev
INFO:kolla.common.utils.gnocchi-base:  libcc1-0 libdpkg-perl libexpat1-dev libgcc-7-dev libgomp1 libisl19 libitm1
INFO:kolla.common.utils.gnocchi-base:  liblua5.2-0 libmpc3 libnspr4 libnss3 libpython3-dev libpython3.6
INFO:kolla.common.utils.gnocchi-base:  libpython3.6-dev librados2 libstdc++-7-dev libubsan0 linux-libc-dev make
INFO:kolla.common.utils.gnocchi-base:  python3-botocore python3-ldap python3-pyasn1 python3-pyasn1-modules
INFO:kolla.common.utils.gnocchi-base:  python3-s3transfer python3.6-dev ucf xz-utils
INFO:kolla.common.utils.gnocchi-base:Suggested packages:
INFO:kolla.common.utils.gnocchi-base:  www-browser apache2-doc apache2-suexec-pristine | apache2-suexec-custom ufw
INFO:kolla.common.utils.gnocchi-base:  binutils-doc cpp-doc gcc-7-locales dbconfig-mysql | dbconfig-pgsql
INFO:kolla.common.utils.gnocchi-base:  | dbconfig-sqlite | dbconfig-sqlite3 | dbconfig-no-thanks debian-keyring
INFO:kolla.common.utils.gnocchi-base:  g++-multilib g++-7-multilib gcc-7-doc libstdc++6-7-dbg gcc-multilib
INFO:kolla.common.utils.gnocchi-base:  manpages-dev autoconf automake libtool flex bison gdb gcc-doc gcc-7-multilib
INFO:kolla.common.utils.gnocchi-base:  libgcc1-dbg libgomp1-dbg libitm1-dbg libatomic1-dbg libasan4-dbg
INFO:kolla.common.utils.gnocchi-base:  liblsan0-dbg libtsan0-dbg libubsan0-dbg libcilkrts5-dbg libmpx2-dbg
INFO:kolla.common.utils.gnocchi-base:  libquadmath0-dbg glibc-doc git bzr libstdc++-7-doc make-doc
INFO:kolla.common.utils.gnocchi-base:Recommended packages:
INFO:kolla.common.utils.gnocchi-base:  ssl-cert fakeroot libalgorithm-merge-perl manpages manpages-dev
INFO:kolla.common.utils.gnocchi-base:  libfile-fcntllock-perl liblocale-gettext-perl
INFO:kolla.common.utils.gnocchi-base:The following NEW packages will be installed:
INFO:kolla.common.utils.gnocchi-base:  apache2 apache2-bin apache2-data apache2-utils binutils binutils-common
INFO:kolla.common.utils.gnocchi-base:  binutils-s390x-linux-gnu build-essential cpp cpp-7 dbconfig-common dh-python
INFO:kolla.common.utils.gnocchi-base:  dpkg-dev g++ g++-7 gcc gcc-7 gcc-7-base gnocchi-common
INFO:kolla.common.utils.gnocchi-base:  libapache2-mod-wsgi-py3 libapr1 libaprutil1 libaprutil1-dbd-sqlite3
INFO:kolla.common.utils.gnocchi-base:  libaprutil1-ldap libasan4 libatomic1 libbinutils libc-dev-bin libc6-dev
INFO:kolla.common.utils.gnocchi-base:  libcc1-0 libdpkg-perl libexpat1-dev libgcc-7-dev libgomp1 libisl19 libitm1
INFO:kolla.common.utils.gnocchi-base:  liblua5.2-0 libmpc3 libnspr4 libnss3 libpython3-dev libpython3.6
INFO:kolla.common.utils.gnocchi-base:  libpython3.6-dev librados-dev librados2 libstdc++-7-dev libubsan0
INFO:kolla.common.utils.gnocchi-base:  linux-libc-dev make python3-boto3 python3-botocore python3-dev python3-ldap
INFO:kolla.common.utils.gnocchi-base:  python3-ldappool python3-pyasn1 python3-pyasn1-modules python3-rados
INFO:kolla.common.utils.gnocchi-base:  python3-s3transfer python3.6-dev ucf xz-utils
INFO:kolla.common.utils.gnocchi-base:0 upgraded, 61 newly installed, 0 to remove and 0 not upgraded.
INFO:kolla.common.utils.gnocchi-base:Need to get 40.3 MB of archives.
INFO:kolla.common.utils.gnocchi-base:After this operation, 206 MB of additional disk space will be used.
INFO:kolla.common.utils.gnocchi-base:Get:1 http://ports.ubuntu.com bionic/main s390x libapr1 s390x 1.6.3-2 [87.4 kB]
INFO:kolla.common.utils.gnocchi-base:Get:2 http://ports.ubuntu.com bionic/main s390x libaprutil1 s390x 1.6.1-2 [81.8 kB]
INFO:kolla.common.utils.gnocchi-base:Get:3 http://ports.ubuntu.com bionic/main s390x libaprutil1-dbd-sqlite3 s390x 1.6.1-2 [10.4 kB]
INFO:kolla.common.utils.gnocchi-base:Get:4 http://ports.ubuntu.com bionic/main s390x libaprutil1-ldap s390x 1.6.1-2 [8,652 B]
INFO:kolla.common.utils.gnocchi-base:Get:5 http://ports.ubuntu.com bionic/main s390x liblua5.2-0 s390x 5.2.4-1.1build1 [99.9 kB]
INFO:kolla.common.utils.gnocchi-base:Get:6 http://ports.ubuntu.com bionic-updates/main s390x apache2-bin s390x 2.4.29-1ubuntu4.12 [978 kB]
INFO:kolla.common.utils.gnocchi-base:Get:7 http://ports.ubuntu.com bionic-updates/main s390x apache2-utils s390x 2.4.29-1ubuntu4.12 [81.3 kB]
INFO:kolla.common.utils.gnocchi-base:Get:8 http://ports.ubuntu.com bionic-updates/main s390x apache2-data all 2.4.29-1ubuntu4.12 [160 kB]
INFO:kolla.common.utils.gnocchi-base:Get:9 http://ports.ubuntu.com bionic-updates/main s390x apache2 s390x 2.4.29-1ubuntu4.12 [95.1 kB]
INFO:kolla.common.utils.gnocchi-base:Get:10 http://ports.ubuntu.com bionic/main s390x ucf all 3.0038 [50.5 kB]
INFO:kolla.common.utils.gnocchi-base:Get:11 http://ports.ubuntu.com bionic/main s390x xz-utils s390x 5.2.2-1.3 [82.1 kB]
INFO:kolla.common.utils.gnocchi-base:Get:12 http://ports.ubuntu.com bionic-updates/main s390x binutils-common s390x 2.30-21ubuntu1~18.04.2 [193 kB]
INFO:kolla.common.utils.gnocchi-base:Get:13 http://ports.ubuntu.com bionic-updates/main s390x libbinutils s390x 2.30-21ubuntu1~18.04.2 [305 kB]
INFO:kolla.common.utils.gnocchi-base:Get:14 http://ports.ubuntu.com bionic-updates/main s390x binutils-s390x-linux-gnu s390x 2.30-21ubuntu1~18.04.2 [1,723 kB]
INFO:kolla.common.utils.gnocchi-base:Get:15 http://ports.ubuntu.com bionic-updates/main s390x binutils s390x 2.30-21ubuntu1~18.04.2 [3,336 B]
INFO:kolla.common.utils.gnocchi-base:Get:16 http://ports.ubuntu.com bionic/main s390x libc-dev-bin s390x 2.27-3ubuntu1 [62.1 kB]
INFO:kolla.common.utils.gnocchi-base:Get:17 http://ports.ubuntu.com bionic-updates/main s390x linux-libc-dev s390x 4.15.0-88.88 [1,016 kB]
INFO:kolla.common.utils.gnocchi-base:Get:18 http://ports.ubuntu.com bionic/main s390x libc6-dev s390x 2.27-3ubuntu1 [2,034 kB]
INFO:kolla.common.utils.gnocchi-base:Get:19 http://ports.ubuntu.com bionic-updates/main s390x gcc-7-base s390x 7.4.0-1ubuntu1~18.04.1 [18.9 kB]
INFO:kolla.common.utils.gnocchi-base:Get:20 http://ports.ubuntu.com bionic/main s390x libisl19 s390x 0.19-1 [512 kB]
INFO:kolla.common.utils.gnocchi-base:Get:21 http://ports.ubuntu.com bionic/main s390x libmpc3 s390x 1.1.0-1 [38.3 kB]
INFO:kolla.common.utils.gnocchi-base:Get:22 http://ports.ubuntu.com bionic-updates/main s390x cpp-7 s390x 7.4.0-1ubuntu1~18.04.1 [5,186 kB]
INFO:kolla.common.utils.gnocchi-base:Get:23 http://ports.ubuntu.com bionic-updates/main s390x cpp s390x 4:7.4.0-1ubuntu2.3 [27.6 kB]
INFO:kolla.common.utils.gnocchi-base:Get:24 http://ports.ubuntu.com bionic-updates/main s390x libcc1-0 s390x 8.3.0-6ubuntu1~18.04.1 [45.1 kB]
INFO:kolla.common.utils.gnocchi-base:Get:25 http://ports.ubuntu.com bionic-updates/main s390x libgomp1 s390x 8.3.0-6ubuntu1~18.04.1 [69.9 kB]
INFO:kolla.common.utils.gnocchi-base:Get:26 http://ports.ubuntu.com bionic-updates/main s390x libitm1 s390x 8.3.0-6ubuntu1~18.04.1 [26.9 kB]
INFO:kolla.common.utils.gnocchi-base:Get:27 http://ports.ubuntu.com bionic-updates/main s390x libatomic1 s390x 8.3.0-6ubuntu1~18.04.1 [8,428 B]
INFO:kolla.common.utils.gnocchi-base:Get:28 http://ports.ubuntu.com bionic-updates/main s390x libasan4 s390x 7.4.0-1ubuntu1~18.04.1 [319 kB]
INFO:kolla.common.utils.gnocchi-base:Get:29 http://ports.ubuntu.com bionic-updates/main s390x libubsan0 s390x 7.4.0-1ubuntu1~18.04.1 [120 kB]
INFO:kolla.common.utils.gnocchi-base:Get:30 http://ports.ubuntu.com bionic-updates/main s390x libgcc-7-dev s390x 7.4.0-1ubuntu1~18.04.1 [641 kB]
INFO:kolla.common.utils.gnocchi-base:Get:31 http://ports.ubuntu.com bionic-updates/main s390x gcc-7 s390x 7.4.0-1ubuntu1~18.04.1 [5,898 kB]
INFO:kolla.common.utils.gnocchi-base:Get:32 http://ports.ubuntu.com bionic-updates/main s390x gcc s390x 4:7.4.0-1ubuntu2.3 [5,188 B]
INFO:kolla.common.utils.gnocchi-base:Get:33 http://ports.ubuntu.com bionic-updates/main s390x libstdc++-7-dev s390x 7.4.0-1ubuntu1~18.04.1 [1,458 kB]
INFO:kolla.common.utils.gnocchi-base:Get:34 http://ports.ubuntu.com bionic-updates/main s390x g++-7 s390x 7.4.0-1ubuntu1~18.04.1 [5,993 kB]
INFO:kolla.common.utils.gnocchi-base:Get:35 http://ports.ubuntu.com bionic-updates/main s390x g++ s390x 4:7.4.0-1ubuntu2.3 [1,572 B]
INFO:kolla.common.utils.gnocchi-base:Get:36 http://ports.ubuntu.com bionic/main s390x make s390x 4.1-9.1ubuntu1 [148 kB]
INFO:kolla.common.utils.gnocchi-base:Get:37 http://ports.ubuntu.com bionic-updates/main s390x libdpkg-perl all 1.19.0.5ubuntu2.3 [211 kB]
INFO:kolla.common.utils.gnocchi-base:Get:38 http://ports.ubuntu.com bionic-updates/main s390x dpkg-dev all 1.19.0.5ubuntu2.3 [607 kB]
INFO:kolla.common.utils.gnocchi-base:Get:39 http://ports.ubuntu.com bionic/main s390x build-essential s390x 12.4ubuntu1 [4,754 B]
INFO:kolla.common.utils.gnocchi-base:Get:40 http://ports.ubuntu.com bionic/main s390x dbconfig-common all 2.0.9 [601 kB]
INFO:kolla.common.utils.gnocchi-base:Get:41 http://ports.ubuntu.com bionic-updates/main s390x libpython3.6 s390x 3.6.9-1~18.04 [1,284 kB]
INFO:kolla.common.utils.gnocchi-base:Get:42 http://ports.ubuntu.com bionic-updates/universe s390x libapache2-mod-wsgi-py3 s390x 4.5.17-1ubuntu1 [81.9 kB]
INFO:kolla.common.utils.gnocchi-base:Get:43 http://ports.ubuntu.com bionic-updates/main s390x libexpat1-dev s390x 2.2.5-3ubuntu0.2 [223 kB]
INFO:kolla.common.utils.gnocchi-base:Get:44 http://ports.ubuntu.com bionic/main s390x libnspr4 s390x 2:4.18-1ubuntu1 [107 kB]
INFO:kolla.common.utils.gnocchi-base:Get:45 http://ports.ubuntu.com bionic-updates/main s390x libnss3 s390x 2:3.35-2ubuntu2.7 [1,034 kB]
INFO:kolla.common.utils.gnocchi-base:Get:46 http://ports.ubuntu.com bionic-updates/main s390x libpython3.6-dev s390x 3.6.9-1~18.04 [2,800 kB]
INFO:kolla.common.utils.gnocchi-base:Get:47 http://ports.ubuntu.com bionic-updates/main s390x libpython3-dev s390x 3.6.7-1~18.04 [7,328 B]
INFO:kolla.common.utils.gnocchi-base:Get:48 http://ports.ubuntu.com bionic/universe s390x python3-botocore all 1.8.48+repack-1 [1,764 kB]
INFO:kolla.common.utils.gnocchi-base:Get:49 http://ports.ubuntu.com bionic/universe s390x python3-s3transfer all 0.1.13-1 [39.8 kB]
INFO:kolla.common.utils.gnocchi-base:Get:50 http://ports.ubuntu.com bionic-updates/main s390x python3.6-dev s390x 3.6.9-1~18.04 [508 kB]
INFO:kolla.common.utils.gnocchi-base:Get:51 http://ports.ubuntu.com bionic-updates/main s390x python3-dev s390x 3.6.7-1~18.04 [1,292 B]
INFO:kolla.common.utils.gnocchi-base:Get:52 http://ports.ubuntu.com bionic/main s390x python3-pyasn1 all 0.4.2-3 [46.8 kB]
INFO:kolla.common.utils.gnocchi-base:Get:53 http://ports.ubuntu.com bionic/main s390x python3-pyasn1-modules all 0.2.1-0.2 [32.9 kB]
INFO:kolla.common.utils.gnocchi-base:Get:54 http://ports.ubuntu.com bionic-updates/main s390x python3-ldap s390x 3.0.0-1ubuntu0.1 [85.4 kB]
INFO:kolla.common.utils.gnocchi-base:Get:55 http://ubuntu-cloud.archive.canonical.com/ubuntu bionic-updates/ussuri/main s390x dh-python all 4.20190722ubuntu1~cloud0 [99.7 kB]
INFO:kolla.common.utils.gnocchi-base:Get:56 http://ubuntu-cloud.archive.canonical.com/ubuntu bionic-updates/ussuri/main s390x gnocchi-common all 4.3.4-0ubuntu4~cloud0 [29.3 kB]
INFO:kolla.common.utils.gnocchi-base:Get:57 http://ubuntu-cloud.archive.canonical.com/ubuntu bionic-updates/ussuri/main s390x librados2 s390x 14.2.2-0ubuntu3~cloud0 [2,708 kB]
INFO:kolla.common.utils.gnocchi-base:Get:58 http://ubuntu-cloud.archive.canonical.com/ubuntu bionic-updates/ussuri/main s390x librados-dev s390x 14.2.2-0ubuntu3~cloud0 [97.4 kB]
INFO:kolla.common.utils.gnocchi-base:Get:59 http://ubuntu-cloud.archive.canonical.com/ubuntu bionic-updates/ussuri/main s390x python3-boto3 all 1.9.86-1~cloud0 [63.4 kB]
INFO:kolla.common.utils.gnocchi-base:Get:60 http://ubuntu-cloud.archive.canonical.com/ubuntu bionic-updates/ussuri/main s390x python3-ldappool all 2.4.1-0ubuntu2~cloud0 [11.8 kB]
INFO:kolla.common.utils.gnocchi-base:Get:61 http://ubuntu-cloud.archive.canonical.com/ubuntu bionic-updates/ussuri/main s390x python3-rados s390x 14.2.2-0ubuntu3~cloud0 [284 kB]
INFO:kolla.common.utils.gnocchi-base:Preconfiguring packages ...
INFO:kolla.common.utils.gnocchi-base:Fetched 40.3 MB in 5s (7,760 kB/s)
INFO:kolla.common.utils.gnocchi-base:Selecting previously unselected package libapr1:s390x.
INFO:kolla.common.utils.gnocchi-base:(Reading database ... 
INFO:kolla.common.utils.gnocchi-base:(Reading database ... 5%
INFO:kolla.common.utils.gnocchi-base:(Reading database ... 10%
INFO:kolla.common.utils.gnocchi-base:(Reading database ... 15%
INFO:kolla.common.utils.gnocchi-base:(Reading database ... 20%
INFO:kolla.common.utils.gnocchi-base:(Reading database ... 25%
INFO:kolla.common.utils.gnocchi-base:(Reading database ... 30%
INFO:kolla.common.utils.gnocchi-base:(Reading database ... 35%
INFO:kolla.common.utils.gnocchi-base:(Reading database ... 40%
INFO:kolla.common.utils.gnocchi-base:(Reading database ... 45%
INFO:kolla.common.utils.gnocchi-base:(Reading database ... 50%
INFO:kolla.common.utils.gnocchi-base:(Reading database ... 55%
INFO:kolla.common.utils.gnocchi-base:(Reading database ... 60%
INFO:kolla.common.utils.gnocchi-base:(Reading database ... 65%
INFO:kolla.common.utils.gnocchi-base:(Reading database ... 70%
INFO:kolla.common.utils.gnocchi-base:(Reading database ... 75%
INFO:kolla.common.utils.gnocchi-base:(Reading database ... 80%
INFO:kolla.common.utils.gnocchi-base:(Reading database ... 85%
INFO:kolla.common.utils.gnocchi-base:(Reading database ... 90%
INFO:kolla.common.utils.gnocchi-base:(Reading database ... 95%
INFO:kolla.common.utils.gnocchi-base:(Reading database ... 100%
INFO:kolla.common.utils.gnocchi-base:(Reading database ... 
INFO:kolla.common.utils.gnocchi-base:22243 files and directories currently installed.)
INFO:kolla.common.utils.gnocchi-base:Preparing to unpack .../00-libapr1_1.6.3-2_s390x.deb ...
INFO:kolla.common.utils.gnocchi-base:Unpacking libapr1:s390x (1.6.3-2) ...
INFO:kolla.common.utils.gnocchi-base:Selecting previously unselected package libaprutil1:s390x.
INFO:kolla.common.utils.gnocchi-base:Preparing to unpack .../01-libaprutil1_1.6.1-2_s390x.deb ...
INFO:kolla.common.utils.gnocchi-base:Unpacking libaprutil1:s390x (1.6.1-2) ...
INFO:kolla.common.utils.gnocchi-base:Selecting previously unselected package libaprutil1-dbd-sqlite3:s390x.
INFO:kolla.common.utils.gnocchi-base:Preparing to unpack .../02-libaprutil1-dbd-sqlite3_1.6.1-2_s390x.deb ...
INFO:kolla.common.utils.gnocchi-base:Unpacking libaprutil1-dbd-sqlite3:s390x (1.6.1-2) ...
INFO:kolla.common.utils.gnocchi-base:Selecting previously unselected package libaprutil1-ldap:s390x.
INFO:kolla.common.utils.gnocchi-base:Preparing to unpack .../03-libaprutil1-ldap_1.6.1-2_s390x.deb ...
INFO:kolla.common.utils.gnocchi-base:Unpacking libaprutil1-ldap:s390x (1.6.1-2) ...
INFO:kolla.common.utils.gnocchi-base:Selecting previously unselected package liblua5.2-0:s390x.
INFO:kolla.common.utils.gnocchi-base:Preparing to unpack .../04-liblua5.2-0_5.2.4-1.1build1_s390x.deb ...
INFO:kolla.common.utils.gnocchi-base:Unpacking liblua5.2-0:s390x (5.2.4-1.1build1) ...
INFO:kolla.common.utils.gnocchi-base:Selecting previously unselected package apache2-bin.
INFO:kolla.common.utils.gnocchi-base:Preparing to unpack .../05-apache2-bin_2.4.29-1ubuntu4.12_s390x.deb ...
INFO:kolla.common.utils.gnocchi-base:Unpacking apache2-bin (2.4.29-1ubuntu4.12) ...
INFO:kolla.common.utils.gnocchi-base:Selecting previously unselected package apache2-utils.
INFO:kolla.common.utils.gnocchi-base:Preparing to unpack .../06-apache2-utils_2.4.29-1ubuntu4.12_s390x.deb ...
INFO:kolla.common.utils.gnocchi-base:Unpacking apache2-utils (2.4.29-1ubuntu4.12) ...
INFO:kolla.common.utils.gnocchi-base:Selecting previously unselected package apache2-data.
INFO:kolla.common.utils.gnocchi-base:Preparing to unpack .../07-apache2-data_2.4.29-1ubuntu4.12_all.deb ...
INFO:kolla.common.utils.gnocchi-base:Unpacking apache2-data (2.4.29-1ubuntu4.12) ...
INFO:kolla.common.utils.gnocchi-base:Selecting previously unselected package apache2.
INFO:kolla.common.utils.gnocchi-base:Preparing to unpack .../08-apache2_2.4.29-1ubuntu4.12_s390x.deb ...
INFO:kolla.common.utils.gnocchi-base:Unpacking apache2 (2.4.29-1ubuntu4.12) ...
INFO:kolla.common.utils.gnocchi-base:Selecting previously unselected package ucf.
INFO:kolla.common.utils.gnocchi-base:Preparing to unpack .../09-ucf_3.0038_all.deb ...
INFO:kolla.common.utils.gnocchi-base:Moving old data out of the way
INFO:kolla.common.utils.gnocchi-base:Unpacking ucf (3.0038) ...
INFO:kolla.common.utils.gnocchi-base:Selecting previously unselected package xz-utils.
INFO:kolla.common.utils.gnocchi-base:Preparing to unpack .../10-xz-utils_5.2.2-1.3_s390x.deb ...
INFO:kolla.common.utils.gnocchi-base:Unpacking xz-utils (5.2.2-1.3) ...
INFO:kolla.common.utils.gnocchi-base:Selecting previously unselected package binutils-common:s390x.
INFO:kolla.common.utils.gnocchi-base:Preparing to unpack .../11-binutils-common_2.30-21ubuntu1~18.04.2_s390x.deb ...
INFO:kolla.common.utils.gnocchi-base:Unpacking binutils-common:s390x (2.30-21ubuntu1~18.04.2) ...
INFO:kolla.common.utils.gnocchi-base:Selecting previously unselected package libbinutils:s390x.
INFO:kolla.common.utils.gnocchi-base:Preparing to unpack .../12-libbinutils_2.30-21ubuntu1~18.04.2_s390x.deb ...
INFO:kolla.common.utils.gnocchi-base:Unpacking libbinutils:s390x (2.30-21ubuntu1~18.04.2) ...
INFO:kolla.common.utils.gnocchi-base:Selecting previously unselected package binutils-s390x-linux-gnu.
INFO:kolla.common.utils.gnocchi-base:Preparing to unpack .../13-binutils-s390x-linux-gnu_2.30-21ubuntu1~18.04.2_s390x.deb ...
INFO:kolla.common.utils.gnocchi-base:Unpacking binutils-s390x-linux-gnu (2.30-21ubuntu1~18.04.2) ...
INFO:kolla.common.utils.gnocchi-base:Selecting previously unselected package binutils.
INFO:kolla.common.utils.gnocchi-base:Preparing to unpack .../14-binutils_2.30-21ubuntu1~18.04.2_s390x.deb ...
INFO:kolla.common.utils.gnocchi-base:Unpacking binutils (2.30-21ubuntu1~18.04.2) ...
INFO:kolla.common.utils.gnocchi-base:Selecting previously unselected package libc-dev-bin.
INFO:kolla.common.utils.gnocchi-base:Preparing to unpack .../15-libc-dev-bin_2.27-3ubuntu1_s390x.deb ...
INFO:kolla.common.utils.gnocchi-base:Unpacking libc-dev-bin (2.27-3ubuntu1) ...
INFO:kolla.common.utils.gnocchi-base:Selecting previously unselected package linux-libc-dev:s390x.
INFO:kolla.common.utils.gnocchi-base:Preparing to unpack .../16-linux-libc-dev_4.15.0-88.88_s390x.deb ...
INFO:kolla.common.utils.gnocchi-base:Unpacking linux-libc-dev:s390x (4.15.0-88.88) ...
INFO:kolla.common.utils.gnocchi-base:Selecting previously unselected package libc6-dev:s390x.
INFO:kolla.common.utils.gnocchi-base:Preparing to unpack .../17-libc6-dev_2.27-3ubuntu1_s390x.deb ...
INFO:kolla.common.utils.gnocchi-base:Unpacking libc6-dev:s390x (2.27-3ubuntu1) ...
INFO:kolla.common.utils.gnocchi-base:Selecting previously unselected package gcc-7-base:s390x.
INFO:kolla.common.utils.gnocchi-base:Preparing to unpack .../18-gcc-7-base_7.4.0-1ubuntu1~18.04.1_s390x.deb ...
INFO:kolla.common.utils.gnocchi-base:Unpacking gcc-7-base:s390x (7.4.0-1ubuntu1~18.04.1) ...
INFO:kolla.common.utils.gnocchi-base:Selecting previously unselected package libisl19:s390x.
INFO:kolla.common.utils.gnocchi-base:Preparing to unpack .../19-libisl19_0.19-1_s390x.deb ...
INFO:kolla.common.utils.gnocchi-base:Unpacking libisl19:s390x (0.19-1) ...
INFO:kolla.common.utils.gnocchi-base:Selecting previously unselected package libmpc3:s390x.
INFO:kolla.common.utils.gnocchi-base:Preparing to unpack .../20-libmpc3_1.1.0-1_s390x.deb ...
INFO:kolla.common.utils.gnocchi-base:Unpacking libmpc3:s390x (1.1.0-1) ...
INFO:kolla.common.utils.gnocchi-base:Selecting previously unselected package cpp-7.
INFO:kolla.common.utils.gnocchi-base:Preparing to unpack .../21-cpp-7_7.4.0-1ubuntu1~18.04.1_s390x.deb ...
INFO:kolla.common.utils.gnocchi-base:Unpacking cpp-7 (7.4.0-1ubuntu1~18.04.1) ...
INFO:kolla.common.utils.gnocchi-base:Selecting previously unselected package cpp.
INFO:kolla.common.utils.gnocchi-base:Preparing to unpack .../22-cpp_4%3a7.4.0-1ubuntu2.3_s390x.deb ...
INFO:kolla.common.utils.gnocchi-base:Unpacking cpp (4:7.4.0-1ubuntu2.3) ...
INFO:kolla.common.utils.gnocchi-base:Selecting previously unselected package libcc1-0:s390x.
INFO:kolla.common.utils.gnocchi-base:Preparing to unpack .../23-libcc1-0_8.3.0-6ubuntu1~18.04.1_s390x.deb ...
INFO:kolla.common.utils.gnocchi-base:Unpacking libcc1-0:s390x (8.3.0-6ubuntu1~18.04.1) ...
INFO:kolla.common.utils.gnocchi-base:Selecting previously unselected package libgomp1:s390x.
INFO:kolla.common.utils.gnocchi-base:Preparing to unpack .../24-libgomp1_8.3.0-6ubuntu1~18.04.1_s390x.deb ...
INFO:kolla.common.utils.gnocchi-base:Unpacking libgomp1:s390x (8.3.0-6ubuntu1~18.04.1) ...
INFO:kolla.common.utils.gnocchi-base:Selecting previously unselected package libitm1:s390x.
INFO:kolla.common.utils.gnocchi-base:Preparing to unpack .../25-libitm1_8.3.0-6ubuntu1~18.04.1_s390x.deb ...
INFO:kolla.common.utils.gnocchi-base:Unpacking libitm1:s390x (8.3.0-6ubuntu1~18.04.1) ...
INFO:kolla.common.utils.gnocchi-base:Selecting previously unselected package libatomic1:s390x.
INFO:kolla.common.utils.gnocchi-base:Preparing to unpack .../26-libatomic1_8.3.0-6ubuntu1~18.04.1_s390x.deb ...
INFO:kolla.common.utils.gnocchi-base:Unpacking libatomic1:s390x (8.3.0-6ubuntu1~18.04.1) ...
INFO:kolla.common.utils.gnocchi-base:Selecting previously unselected package libasan4:s390x.
INFO:kolla.common.utils.gnocchi-base:Preparing to unpack .../27-libasan4_7.4.0-1ubuntu1~18.04.1_s390x.deb ...
INFO:kolla.common.utils.gnocchi-base:Unpacking libasan4:s390x (7.4.0-1ubuntu1~18.04.1) ...
INFO:kolla.common.utils.gnocchi-base:Selecting previously unselected package libubsan0:s390x.
INFO:kolla.common.utils.gnocchi-base:Preparing to unpack .../28-libubsan0_7.4.0-1ubuntu1~18.04.1_s390x.deb ...
INFO:kolla.common.utils.gnocchi-base:Unpacking libubsan0:s390x (7.4.0-1ubuntu1~18.04.1) ...
INFO:kolla.common.utils.gnocchi-base:Selecting previously unselected package libgcc-7-dev:s390x.
INFO:kolla.common.utils.gnocchi-base:Preparing to unpack .../29-libgcc-7-dev_7.4.0-1ubuntu1~18.04.1_s390x.deb ...
INFO:kolla.common.utils.gnocchi-base:Unpacking libgcc-7-dev:s390x (7.4.0-1ubuntu1~18.04.1) ...
INFO:kolla.common.utils.gnocchi-base:Selecting previously unselected package gcc-7.
INFO:kolla.common.utils.gnocchi-base:Preparing to unpack .../30-gcc-7_7.4.0-1ubuntu1~18.04.1_s390x.deb ...
INFO:kolla.common.utils.gnocchi-base:Unpacking gcc-7 (7.4.0-1ubuntu1~18.04.1) ...
INFO:kolla.common.utils.gnocchi-base:Selecting previously unselected package gcc.
INFO:kolla.common.utils.gnocchi-base:Preparing to unpack .../31-gcc_4%3a7.4.0-1ubuntu2.3_s390x.deb ...
INFO:kolla.common.utils.gnocchi-base:Unpacking gcc (4:7.4.0-1ubuntu2.3) ...
INFO:kolla.common.utils.gnocchi-base:Selecting previously unselected package libstdc++-7-dev:s390x.
INFO:kolla.common.utils.gnocchi-base:Preparing to unpack .../32-libstdc++-7-dev_7.4.0-1ubuntu1~18.04.1_s390x.deb ...
INFO:kolla.common.utils.gnocchi-base:Unpacking libstdc++-7-dev:s390x (7.4.0-1ubuntu1~18.04.1) ...
INFO:kolla.common.utils.gnocchi-base:Selecting previously unselected package g++-7.
INFO:kolla.common.utils.gnocchi-base:Preparing to unpack .../33-g++-7_7.4.0-1ubuntu1~18.04.1_s390x.deb ...
INFO:kolla.common.utils.gnocchi-base:Unpacking g++-7 (7.4.0-1ubuntu1~18.04.1) ...
INFO:kolla.common.utils.gnocchi-base:Selecting previously unselected package g++.
INFO:kolla.common.utils.gnocchi-base:Preparing to unpack .../34-g++_4%3a7.4.0-1ubuntu2.3_s390x.deb ...
INFO:kolla.common.utils.gnocchi-base:Unpacking g++ (4:7.4.0-1ubuntu2.3) ...
INFO:kolla.common.utils.gnocchi-base:Selecting previously unselected package make.
INFO:kolla.common.utils.gnocchi-base:Preparing to unpack .../35-make_4.1-9.1ubuntu1_s390x.deb ...
INFO:kolla.common.utils.gnocchi-base:Unpacking make (4.1-9.1ubuntu1) ...
INFO:kolla.common.utils.gnocchi-base:Selecting previously unselected package libdpkg-perl.
INFO:kolla.common.utils.gnocchi-base:Preparing to unpack .../36-libdpkg-perl_1.19.0.5ubuntu2.3_all.deb ...
INFO:kolla.common.utils.gnocchi-base:Unpacking libdpkg-perl (1.19.0.5ubuntu2.3) ...
INFO:kolla.common.utils.gnocchi-base:Selecting previously unselected package dpkg-dev.
INFO:kolla.common.utils.gnocchi-base:Preparing to unpack .../37-dpkg-dev_1.19.0.5ubuntu2.3_all.deb ...
INFO:kolla.common.utils.gnocchi-base:Unpacking dpkg-dev (1.19.0.5ubuntu2.3) ...
INFO:kolla.common.utils.gnocchi-base:Selecting previously unselected package build-essential.
INFO:kolla.common.utils.gnocchi-base:Preparing to unpack .../38-build-essential_12.4ubuntu1_s390x.deb ...
INFO:kolla.common.utils.gnocchi-base:Unpacking build-essential (12.4ubuntu1) ...
INFO:kolla.common.utils.gnocchi-base:Selecting previously unselected package dbconfig-common.
INFO:kolla.common.utils.gnocchi-base:Preparing to unpack .../39-dbconfig-common_2.0.9_all.deb ...
INFO:kolla.common.utils.gnocchi-base:Unpacking dbconfig-common (2.0.9) ...
INFO:kolla.common.utils.gnocchi-base:Selecting previously unselected package dh-python.
INFO:kolla.common.utils.gnocchi-base:Preparing to unpack .../40-dh-python_4.20190722ubuntu1~cloud0_all.deb ...
INFO:kolla.common.utils.gnocchi-base:Unpacking dh-python (4.20190722ubuntu1~cloud0) ...
INFO:kolla.common.utils.gnocchi-base:Selecting previously unselected package gnocchi-common.
INFO:kolla.common.utils.gnocchi-base:Preparing to unpack .../41-gnocchi-common_4.3.4-0ubuntu4~cloud0_all.deb ...
INFO:kolla.common.utils.gnocchi-base:Unpacking gnocchi-common (4.3.4-0ubuntu4~cloud0) ...
INFO:kolla.common.utils.gnocchi-base:Selecting previously unselected package libpython3.6:s390x.
INFO:kolla.common.utils.gnocchi-base:Preparing to unpack .../42-libpython3.6_3.6.9-1~18.04_s390x.deb ...
INFO:kolla.common.utils.gnocchi-base:Unpacking libpython3.6:s390x (3.6.9-1~18.04) ...
INFO:kolla.common.utils.gnocchi-base:Selecting previously unselected package libapache2-mod-wsgi-py3.
INFO:kolla.common.utils.gnocchi-base:Preparing to unpack .../43-libapache2-mod-wsgi-py3_4.5.17-1ubuntu1_s390x.deb ...
INFO:kolla.common.utils.gnocchi-base:Unpacking libapache2-mod-wsgi-py3 (4.5.17-1ubuntu1) ...
INFO:kolla.common.utils.gnocchi-base:Selecting previously unselected package libexpat1-dev:s390x.
INFO:kolla.common.utils.gnocchi-base:Preparing to unpack .../44-libexpat1-dev_2.2.5-3ubuntu0.2_s390x.deb ...
INFO:kolla.common.utils.gnocchi-base:Unpacking libexpat1-dev:s390x (2.2.5-3ubuntu0.2) ...
INFO:kolla.common.utils.gnocchi-base:Selecting previously unselected package libnspr4:s390x.
INFO:kolla.common.utils.gnocchi-base:Preparing to unpack .../45-libnspr4_2%3a4.18-1ubuntu1_s390x.deb ...
INFO:kolla.common.utils.gnocchi-base:Unpacking libnspr4:s390x (2:4.18-1ubuntu1) ...
INFO:kolla.common.utils.gnocchi-base:Selecting previously unselected package libnss3:s390x.
INFO:kolla.common.utils.gnocchi-base:Preparing to unpack .../46-libnss3_2%3a3.35-2ubuntu2.7_s390x.deb ...
INFO:kolla.common.utils.gnocchi-base:Unpacking libnss3:s390x (2:3.35-2ubuntu2.7) ...
INFO:kolla.common.utils.gnocchi-base:Selecting previously unselected package libpython3.6-dev:s390x.
INFO:kolla.common.utils.gnocchi-base:Preparing to unpack .../47-libpython3.6-dev_3.6.9-1~18.04_s390x.deb ...
INFO:kolla.common.utils.gnocchi-base:Unpacking libpython3.6-dev:s390x (3.6.9-1~18.04) ...
INFO:kolla.common.utils.gnocchi-base:Selecting previously unselected package libpython3-dev:s390x.
INFO:kolla.common.utils.gnocchi-base:Preparing to unpack .../48-libpython3-dev_3.6.7-1~18.04_s390x.deb ...
INFO:kolla.common.utils.gnocchi-base:Unpacking libpython3-dev:s390x (3.6.7-1~18.04) ...
INFO:kolla.common.utils.gnocchi-base:Selecting previously unselected package librados2.
INFO:kolla.common.utils.gnocchi-base:Preparing to unpack .../49-librados2_14.2.2-0ubuntu3~cloud0_s390x.deb ...
INFO:kolla.common.utils.gnocchi-base:Unpacking librados2 (14.2.2-0ubuntu3~cloud0) ...
INFO:kolla.common.utils.gnocchi-base:Selecting previously unselected package librados-dev.
INFO:kolla.common.utils.gnocchi-base:Preparing to unpack .../50-librados-dev_14.2.2-0ubuntu3~cloud0_s390x.deb ...
INFO:kolla.common.utils.gnocchi-base:Unpacking librados-dev (14.2.2-0ubuntu3~cloud0) ...
INFO:kolla.common.utils.gnocchi-base:Selecting previously unselected package python3-botocore.
INFO:kolla.common.utils.gnocchi-base:Preparing to unpack .../51-python3-botocore_1.8.48+repack-1_all.deb ...
INFO:kolla.common.utils.gnocchi-base:Unpacking python3-botocore (1.8.48+repack-1) ...
INFO:kolla.common.utils.gnocchi-base:Selecting previously unselected package python3-s3transfer.
INFO:kolla.common.utils.gnocchi-base:Preparing to unpack .../52-python3-s3transfer_0.1.13-1_all.deb ...
INFO:kolla.common.utils.gnocchi-base:Unpacking python3-s3transfer (0.1.13-1) ...
INFO:kolla.common.utils.gnocchi-base:Selecting previously unselected package python3-boto3.
INFO:kolla.common.utils.gnocchi-base:Preparing to unpack .../53-python3-boto3_1.9.86-1~cloud0_all.deb ...
INFO:kolla.common.utils.gnocchi-base:Unpacking python3-boto3 (1.9.86-1~cloud0) ...
INFO:kolla.common.utils.gnocchi-base:Selecting previously unselected package python3.6-dev.
INFO:kolla.common.utils.gnocchi-base:Preparing to unpack .../54-python3.6-dev_3.6.9-1~18.04_s390x.deb ...
INFO:kolla.common.utils.gnocchi-base:Unpacking python3.6-dev (3.6.9-1~18.04) ...
INFO:kolla.common.utils.gnocchi-base:Selecting previously unselected package python3-dev.
INFO:kolla.common.utils.gnocchi-base:Preparing to unpack .../55-python3-dev_3.6.7-1~18.04_s390x.deb ...
INFO:kolla.common.utils.gnocchi-base:Unpacking python3-dev (3.6.7-1~18.04) ...
INFO:kolla.common.utils.gnocchi-base:Selecting previously unselected package python3-pyasn1.
INFO:kolla.common.utils.gnocchi-base:Preparing to unpack .../56-python3-pyasn1_0.4.2-3_all.deb ...
INFO:kolla.common.utils.gnocchi-base:Unpacking python3-pyasn1 (0.4.2-3) ...
INFO:kolla.common.utils.gnocchi-base:Selecting previously unselected package python3-pyasn1-modules.
INFO:kolla.common.utils.gnocchi-base:Preparing to unpack .../57-python3-pyasn1-modules_0.2.1-0.2_all.deb ...
INFO:kolla.common.utils.gnocchi-base:Unpacking python3-pyasn1-modules (0.2.1-0.2) ...
INFO:kolla.common.utils.gnocchi-base:Selecting previously unselected package python3-ldap.
INFO:kolla.common.utils.gnocchi-base:Preparing to unpack .../58-python3-ldap_3.0.0-1ubuntu0.1_s390x.deb ...
INFO:kolla.common.utils.gnocchi-base:Unpacking python3-ldap (3.0.0-1ubuntu0.1) ...
INFO:kolla.common.utils.gnocchi-base:Selecting previously unselected package python3-ldappool.
INFO:kolla.common.utils.gnocchi-base:Preparing to unpack .../59-python3-ldappool_2.4.1-0ubuntu2~cloud0_all.deb ...
INFO:kolla.common.utils.gnocchi-base:Unpacking python3-ldappool (2.4.1-0ubuntu2~cloud0) ...
INFO:kolla.common.utils.gnocchi-base:Selecting previously unselected package python3-rados.
INFO:kolla.common.utils.gnocchi-base:Preparing to unpack .../60-python3-rados_14.2.2-0ubuntu3~cloud0_s390x.deb ...
INFO:kolla.common.utils.gnocchi-base:Unpacking python3-rados (14.2.2-0ubuntu3~cloud0) ...
INFO:kolla.common.utils.gnocchi-base:Setting up libgomp1:s390x (8.3.0-6ubuntu1~18.04.1) ...
INFO:kolla.common.utils.gnocchi-base:Setting up libatomic1:s390x (8.3.0-6ubuntu1~18.04.1) ...
INFO:kolla.common.utils.gnocchi-base:Setting up libapr1:s390x (1.6.3-2) ...
INFO:kolla.common.utils.gnocchi-base:Setting up libcc1-0:s390x (8.3.0-6ubuntu1~18.04.1) ...
INFO:kolla.common.utils.gnocchi-base:Setting up make (4.1-9.1ubuntu1) ...
INFO:kolla.common.utils.gnocchi-base:Setting up python3-botocore (1.8.48+repack-1) ...
INFO:kolla.common.utils.gnocchi-base:Setting up linux-libc-dev:s390x (4.15.0-88.88) ...
INFO:kolla.common.utils.gnocchi-base:Setting up libdpkg-perl (1.19.0.5ubuntu2.3) ...
INFO:kolla.common.utils.gnocchi-base:Setting up apache2-data (2.4.29-1ubuntu4.12) ...
INFO:kolla.common.utils.gnocchi-base:Setting up libnspr4:s390x (2:4.18-1ubuntu1) ...
INFO:kolla.common.utils.gnocchi-base:Setting up ucf (3.0038) ...
INFO:kolla.common.utils.gnocchi-base:Setting up gcc-7-base:s390x (7.4.0-1ubuntu1~18.04.1) ...
INFO:kolla.common.utils.gnocchi-base:Setting up binutils-common:s390x (2.30-21ubuntu1~18.04.2) ...
INFO:kolla.common.utils.gnocchi-base:Setting up python3-pyasn1 (0.4.2-3) ...
INFO:kolla.common.utils.gnocchi-base:Setting up xz-utils (5.2.2-1.3) ...
INFO:kolla.common.utils.gnocchi-base:update-alternatives: using /usr/bin/xz to provide /usr/bin/lzma (lzma) in auto mode
INFO:kolla.common.utils.gnocchi-base:update-alternatives: warning: skip creation of /usr/share/man/man1/lzma.1.gz because associated file /usr/share/man/man1/xz.1.gz (of link group lzma) doesn't exist
INFO:kolla.common.utils.gnocchi-base:update-alternatives: warning: skip creation of /usr/share/man/man1/unlzma.1.gz because associated file /usr/share/man/man1/unxz.1.gz (of link group lzma) doesn't exist
INFO:kolla.common.utils.gnocchi-base:update-alternatives: warning: skip creation of /usr/share/man/man1/lzcat.1.gz because associated file /usr/share/man/man1/xzcat.1.gz (of link group lzma) doesn't exist
INFO:kolla.common.utils.gnocchi-base:update-alternatives: warning: skip creation of /usr/share/man/man1/lzmore.1.gz because associated file /usr/share/man/man1/xzmore.1.gz (of link group lzma) doesn't exist
INFO:kolla.common.utils.gnocchi-base:update-alternatives: warning: skip creation of /usr/share/man/man1/lzless.1.gz because associated file /usr/share/man/man1/xzless.1.gz (of link group lzma) doesn't exist
INFO:kolla.common.utils.gnocchi-base:update-alternatives: warning: skip creation of /usr/share/man/man1/lzdiff.1.gz because associated file /usr/share/man/man1/xzdiff.1.gz (of link group lzma) doesn't exist
INFO:kolla.common.utils.gnocchi-base:update-alternatives: warning: skip creation of /usr/share/man/man1/lzcmp.1.gz because associated file /usr/share/man/man1/xzcmp.1.gz (of link group lzma) doesn't exist
INFO:kolla.common.utils.gnocchi-base:update-alternatives: warning: skip creation of /usr/share/man/man1/lzgrep.1.gz because associated file /usr/share/man/man1/xzgrep.1.gz (of link group lzma) doesn't exist
INFO:kolla.common.utils.gnocchi-base:update-alternatives: warning: skip creation of /usr/share/man/man1/lzegrep.1.gz because associated file /usr/share/man/man1/xzegrep.1.gz (of link group lzma) doesn't exist
INFO:kolla.common.utils.gnocchi-base:update-alternatives: warning: skip creation of /usr/share/man/man1/lzfgrep.1.gz because associated file /usr/share/man/man1/xzfgrep.1.gz (of link group lzma) doesn't exist
INFO:kolla.common.utils.gnocchi-base:Setting up libaprutil1:s390x (1.6.1-2) ...
INFO:kolla.common.utils.gnocchi-base:Setting up python3-pyasn1-modules (0.2.1-0.2) ...
INFO:kolla.common.utils.gnocchi-base:Setting up libmpc3:s390x (1.1.0-1) ...
INFO:kolla.common.utils.gnocchi-base:Setting up libc-dev-bin (2.27-3ubuntu1) ...
INFO:kolla.common.utils.gnocchi-base:Setting up liblua5.2-0:s390x (5.2.4-1.1build1) ...
INFO:kolla.common.utils.gnocchi-base:Setting up dbconfig-common (2.0.9) ...
INFO:kolla.common.utils.gnocchi-base:
INFO:kolla.common.utils.gnocchi-base:Creating config file /etc/dbconfig-common/config with new version
INFO:kolla.common.utils.gnocchi-base:Setting up dh-python (4.20190722ubuntu1~cloud0) ...
INFO:kolla.common.utils.gnocchi-base:Setting up libc6-dev:s390x (2.27-3ubuntu1) ...
INFO:kolla.common.utils.gnocchi-base:Setting up libitm1:s390x (8.3.0-6ubuntu1~18.04.1) ...
INFO:kolla.common.utils.gnocchi-base:Setting up gnocchi-common (4.3.4-0ubuntu4~cloud0) ...
INFO:kolla.common.utils.gnocchi-base:Setting up libpython3.6:s390x (3.6.9-1~18.04) ...
INFO:kolla.common.utils.gnocchi-base:Setting up libaprutil1-ldap:s390x (1.6.1-2) ...
INFO:kolla.common.utils.gnocchi-base:Setting up libisl19:s390x (0.19-1) ...
INFO:kolla.common.utils.gnocchi-base:Setting up python3-s3transfer (0.1.13-1) ...
INFO:kolla.common.utils.gnocchi-base:Setting up python3-ldap (3.0.0-1ubuntu0.1) ...
INFO:kolla.common.utils.gnocchi-base:Setting up libasan4:s390x (7.4.0-1ubuntu1~18.04.1) ...
INFO:kolla.common.utils.gnocchi-base:Setting up libaprutil1-dbd-sqlite3:s390x (1.6.1-2) ...
INFO:kolla.common.utils.gnocchi-base:Setting up libbinutils:s390x (2.30-21ubuntu1~18.04.2) ...
INFO:kolla.common.utils.gnocchi-base:Setting up apache2-utils (2.4.29-1ubuntu4.12) ...
INFO:kolla.common.utils.gnocchi-base:Setting up libubsan0:s390x (7.4.0-1ubuntu1~18.04.1) ...
INFO:kolla.common.utils.gnocchi-base:Setting up binutils-s390x-linux-gnu (2.30-21ubuntu1~18.04.2) ...
INFO:kolla.common.utils.gnocchi-base:Setting up apache2-bin (2.4.29-1ubuntu4.12) ...
INFO:kolla.common.utils.gnocchi-base:Setting up libnss3:s390x (2:3.35-2ubuntu2.7) ...
INFO:kolla.common.utils.gnocchi-base:Setting up libgcc-7-dev:s390x (7.4.0-1ubuntu1~18.04.1) ...
INFO:kolla.common.utils.gnocchi-base:Setting up cpp-7 (7.4.0-1ubuntu1~18.04.1) ...
INFO:kolla.common.utils.gnocchi-base:Setting up librados2 (14.2.2-0ubuntu3~cloud0) ...
INFO:kolla.common.utils.gnocchi-base:Setting up libstdc++-7-dev:s390x (7.4.0-1ubuntu1~18.04.1) ...
INFO:kolla.common.utils.gnocchi-base:Setting up python3-ldappool (2.4.1-0ubuntu2~cloud0) ...
INFO:kolla.common.utils.gnocchi-base:Setting up python3-boto3 (1.9.86-1~cloud0) ...
INFO:kolla.common.utils.gnocchi-base:Setting up python3-rados (14.2.2-0ubuntu3~cloud0) ...
INFO:kolla.common.utils.gnocchi-base:Setting up libexpat1-dev:s390x (2.2.5-3ubuntu0.2) ...
INFO:kolla.common.utils.gnocchi-base:Setting up binutils (2.30-21ubuntu1~18.04.2) ...
INFO:kolla.common.utils.gnocchi-base:Setting up libapache2-mod-wsgi-py3 (4.5.17-1ubuntu1) ...
INFO:kolla.common.utils.gnocchi-base:Package apache2 is not configured yet. Will defer actions by package libapache2-mod-wsgi-py3.
INFO:kolla.common.utils.gnocchi-base:Setting up cpp (4:7.4.0-1ubuntu2.3) ...
INFO:kolla.common.utils.gnocchi-base:Setting up librados-dev (14.2.2-0ubuntu3~cloud0) ...
INFO:kolla.common.utils.gnocchi-base:Setting up apache2 (2.4.29-1ubuntu4.12) ...
INFO:kolla.common.utils.gnocchi-base:Enabling module mpm_event.
INFO:kolla.common.utils.gnocchi-base:Enabling module authz_core.
INFO:kolla.common.utils.gnocchi-base:Enabling module authz_host.
INFO:kolla.common.utils.gnocchi-base:Enabling module authn_core.
INFO:kolla.common.utils.gnocchi-base:Enabling module auth_basic.
INFO:kolla.common.utils.gnocchi-base:Enabling module access_compat.
INFO:kolla.common.utils.gnocchi-base:Enabling module authn_file.
INFO:kolla.common.utils.gnocchi-base:Enabling module authz_user.
INFO:kolla.common.utils.gnocchi-base:Enabling module alias.
INFO:kolla.common.utils.gnocchi-base:Enabling module dir.
INFO:kolla.common.utils.gnocchi-base:Enabling module autoindex.
INFO:kolla.common.utils.gnocchi-base:Enabling module env.
INFO:kolla.common.utils.gnocchi-base:Enabling module mime.
INFO:kolla.common.utils.gnocchi-base:Enabling module negotiation.
INFO:kolla.common.utils.gnocchi-base:Enabling module setenvif.
INFO:kolla.common.utils.gnocchi-base:Enabling module filter.
INFO:kolla.common.utils.gnocchi-base:Enabling module deflate.
INFO:kolla.common.utils.gnocchi-base:Enabling module status.
INFO:kolla.common.utils.gnocchi-base:Enabling module reqtimeout.
INFO:kolla.common.utils.gnocchi-base:Enabling conf charset.
INFO:kolla.common.utils.gnocchi-base:Enabling conf localized-error-pages.
INFO:kolla.common.utils.gnocchi-base:Enabling conf other-vhosts-access-log.
INFO:kolla.common.utils.gnocchi-base:Enabling conf security.
INFO:kolla.common.utils.gnocchi-base:Enabling conf serve-cgi-bin.
INFO:kolla.common.utils.gnocchi-base:Enabling site 000-default.
INFO:kolla.common.utils.gnocchi-base:info: Executing deferred 'a2enmod wsgi' for package libapache2-mod-wsgi-py3
INFO:kolla.common.utils.gnocchi-base:Enabling module wsgi.
INFO:kolla.common.utils.gnocchi-base:invoke-rc.d: could not determine current runlevel
INFO:kolla.common.utils.gnocchi-base:invoke-rc.d: policy-rc.d denied execution of start.
INFO:kolla.common.utils.gnocchi-base:Setting up gcc-7 (7.4.0-1ubuntu1~18.04.1) ...
INFO:kolla.common.utils.gnocchi-base:Setting up g++-7 (7.4.0-1ubuntu1~18.04.1) ...
INFO:kolla.common.utils.gnocchi-base:Setting up gcc (4:7.4.0-1ubuntu2.3) ...
INFO:kolla.common.utils.gnocchi-base:Setting up libpython3.6-dev:s390x (3.6.9-1~18.04) ...
INFO:kolla.common.utils.gnocchi-base:Setting up dpkg-dev (1.19.0.5ubuntu2.3) ...
INFO:kolla.common.utils.gnocchi-base:Setting up g++ (4:7.4.0-1ubuntu2.3) ...
INFO:kolla.common.utils.gnocchi-base:update-alternatives: using /usr/bin/g++ to provide /usr/bin/c++ (c++) in auto mode
INFO:kolla.common.utils.gnocchi-base:update-alternatives: warning: skip creation of /usr/share/man/man1/c++.1.gz because associated file /usr/share/man/man1/g++.1.gz (of link group c++) doesn't exist
INFO:kolla.common.utils.gnocchi-base:Setting up python3.6-dev (3.6.9-1~18.04) ...
INFO:kolla.common.utils.gnocchi-base:Setting up libpython3-dev:s390x (3.6.7-1~18.04) ...
INFO:kolla.common.utils.gnocchi-base:Setting up build-essential (12.4ubuntu1) ...
INFO:kolla.common.utils.gnocchi-base:Setting up python3-dev (3.6.7-1~18.04) ...
INFO:kolla.common.utils.gnocchi-base:Processing triggers for libc-bin (2.27-3ubuntu1) ...
INFO:kolla.common.utils.gnocchi-base:Removing intermediate container a2e3ed73480e
INFO:kolla.common.utils.gnocchi-base: ---> df14d3eea447
INFO:kolla.common.utils.gnocchi-base:Step 5/8 : RUN pip3 --no-cache-dir install --upgrade cradox     && truncate -s 0 /etc/apache2/ports.conf
INFO:kolla.common.utils.gnocchi-base: ---> Running in f7daf802f8b8
INFO:kolla.common.utils.gnocchi-base:Collecting cradox
INFO:kolla.common.utils.gnocchi-base:  Downloading https://files.pythonhosted.org/packages/30/a8/f4790a3f5af7c7616dda7bd5cddbe31d3cf7c35319b700ff49e14ffa8153/cradox-2.1.2.tar.gz (44kB)
INFO:kolla.common.utils.gnocchi-base:Installing collected packages: cradox
INFO:kolla.common.utils.gnocchi-base:  Running setup.py install for cradox: started
INFO:kolla.common.utils.gnocchi-base:    Running setup.py install for cradox: finished with status 'done'
INFO:kolla.common.utils.gnocchi-base:Successfully installed cradox-2.1.2
INFO:kolla.common.utils.gnocchi-base:Removing intermediate container f7daf802f8b8
INFO:kolla.common.utils.gnocchi-base: ---> 06b09529095a
INFO:kolla.common.utils.gnocchi-base:Step 6/8 : COPY extend_start.sh /usr/local/bin/kolla_extend_start
INFO:kolla.common.utils.gnocchi-base: ---> 5ed848d89154
INFO:kolla.common.utils.gnocchi-base:Step 7/8 : COPY gnocchi_sudoers /etc/sudoers.d/kolla_gnocchi_sudoers
INFO:kolla.common.utils.gnocchi-base: ---> 1602df23d42e
INFO:kolla.common.utils.gnocchi-base:Step 8/8 : RUN chmod 750 /etc/sudoers.d     && chmod 640 /etc/sudoers.d/kolla_gnocchi_sudoers     && touch /usr/local/bin/kolla_gnocchi_extend_start     && chmod 755 /usr/local/bin/kolla_extend_start /usr/local/bin/kolla_gnocchi_extend_start
INFO:kolla.common.utils.gnocchi-base: ---> Running in 577752dd39a7
INFO:kolla.common.utils.gnocchi-base:Removing intermediate container 577752dd39a7
INFO:kolla.common.utils.gnocchi-base: ---> c9a5c7b596e7
INFO:kolla.common.utils.gnocchi-base:Successfully built c9a5c7b596e7
INFO:kolla.common.utils.gnocchi-base:Successfully tagged s390x/ubuntu-binary-gnocchi-base:9.1.0
INFO:kolla.common.utils.gnocchi-base:Built at 2020-03-02 21:45:15.933508 (took 0:03:17.602087)
