INFO:kolla.common.utils.hacluster-corosync:Building started at 2020-03-02 21:40:21.440020
INFO:kolla.common.utils.hacluster-corosync:Step 1/3 : FROM s390x/ubuntu-binary-hacluster-base:9.1.0
INFO:kolla.common.utils.hacluster-corosync: ---> f79297519c1a
INFO:kolla.common.utils.hacluster-corosync:Step 2/3 : LABEL maintainer="Kolla Project (https://launchpad.net/kolla)" name="hacluster-corosync" build-date="20200302"
INFO:kolla.common.utils.hacluster-corosync: ---> Running in 78f9ac1418bc
INFO:kolla.common.utils.hacluster-corosync:Removing intermediate container 78f9ac1418bc
INFO:kolla.common.utils.hacluster-corosync: ---> f1af40b8b62e
INFO:kolla.common.utils.hacluster-corosync:Step 3/3 : RUN apt-get update && apt-get -y install --no-install-recommends corosync && apt-get clean && rm -rf /var/lib/apt/lists/*
INFO:kolla.common.utils.hacluster-corosync: ---> Running in 13d1d3eafb38
INFO:kolla.common.utils.hacluster-corosync:Get:1 http://ports.ubuntu.com bionic InRelease [242 kB]
INFO:kolla.common.utils.hacluster-corosync:Ign:2 http://ubuntu-cloud.archive.canonical.com/ubuntu bionic-updates/ussuri InRelease
INFO:kolla.common.utils.hacluster-corosync:Get:3 http://ports.ubuntu.com bionic-updates InRelease [88.7 kB]
INFO:kolla.common.utils.hacluster-corosync:Get:4 http://ubuntu-cloud.archive.canonical.com/ubuntu bionic-updates/ussuri Release [7,884 B]
INFO:kolla.common.utils.hacluster-corosync:Get:5 http://ports.ubuntu.com bionic-security InRelease [88.7 kB]
INFO:kolla.common.utils.hacluster-corosync:Get:6 http://ubuntu-cloud.archive.canonical.com/ubuntu bionic-updates/ussuri Release.gpg [543 B]
INFO:kolla.common.utils.hacluster-corosync:Get:7 http://ports.ubuntu.com bionic-backports InRelease [74.6 kB]
INFO:kolla.common.utils.hacluster-corosync:Get:8 http://ports.ubuntu.com bionic/universe s390x Packages [10.8 MB]
INFO:kolla.common.utils.hacluster-corosync:Get:9 http://ubuntu-cloud.archive.canonical.com/ubuntu bionic-updates/ussuri/main s390x Packages [145 kB]
INFO:kolla.common.utils.hacluster-corosync:Get:10 http://ports.ubuntu.com bionic/main s390x Packages [1,244 kB]
INFO:kolla.common.utils.hacluster-corosync:Get:11 http://ports.ubuntu.com bionic-updates/main s390x Packages [730 kB]
INFO:kolla.common.utils.hacluster-corosync:Get:12 http://ports.ubuntu.com bionic-updates/universe s390x Packages [1,075 kB]
INFO:kolla.common.utils.hacluster-corosync:Get:13 http://ports.ubuntu.com bionic-security/universe s390x Packages [625 kB]
INFO:kolla.common.utils.hacluster-corosync:Get:14 http://ports.ubuntu.com bionic-security/main s390x Packages [467 kB]
INFO:kolla.common.utils.hacluster-corosync:Get:15 http://ports.ubuntu.com bionic-backports/main s390x Packages [2,494 B]
INFO:kolla.common.utils.hacluster-corosync:Get:16 http://ports.ubuntu.com bionic-backports/universe s390x Packages [4,242 B]
INFO:kolla.common.utils.hacluster-corosync:Fetched 15.6 MB in 3s (4,771 kB/s)
INFO:kolla.common.utils.hacluster-corosync:Reading package lists...
INFO:kolla.common.utils.hacluster-corosync:Reading package lists...
INFO:kolla.common.utils.hacluster-corosync:Building dependency tree...
INFO:kolla.common.utils.hacluster-corosync:Reading state information...
INFO:kolla.common.utils.hacluster-corosync:The following additional packages will be installed:
INFO:kolla.common.utils.hacluster-corosync:  libcfg6 libcmap4 libcorosync-common4 libcpg4 libicu60 libnspr4 libnss3
INFO:kolla.common.utils.hacluster-corosync:  libqb0 libquorum5 libstatgrab10 libtotem-pg5 libvotequorum8 libxml2
INFO:kolla.common.utils.hacluster-corosync:  libxslt1.1 xsltproc
INFO:kolla.common.utils.hacluster-corosync:The following NEW packages will be installed:
INFO:kolla.common.utils.hacluster-corosync:  corosync libcfg6 libcmap4 libcorosync-common4 libcpg4 libicu60 libnspr4
INFO:kolla.common.utils.hacluster-corosync:  libnss3 libqb0 libquorum5 libstatgrab10 libtotem-pg5 libvotequorum8 libxml2
INFO:kolla.common.utils.hacluster-corosync:  libxslt1.1 xsltproc
INFO:kolla.common.utils.hacluster-corosync:0 upgraded, 16 newly installed, 0 to remove and 0 not upgraded.
INFO:kolla.common.utils.hacluster-corosync:Need to get 10.1 MB of archives.
INFO:kolla.common.utils.hacluster-corosync:After this operation, 42.0 MB of additional disk space will be used.
INFO:kolla.common.utils.hacluster-corosync:Get:1 http://ports.ubuntu.com bionic/main s390x libicu60 s390x 60.2-3ubuntu3 [7,837 kB]
INFO:kolla.common.utils.hacluster-corosync:Get:2 http://ports.ubuntu.com bionic-updates/main s390x libxml2 s390x 2.9.4+dfsg1-6.1ubuntu1.3 [587 kB]
INFO:kolla.common.utils.hacluster-corosync:Get:3 http://ports.ubuntu.com bionic-updates/main s390x libcorosync-common4 s390x 2.4.3-0ubuntu1.1 [7,076 B]
INFO:kolla.common.utils.hacluster-corosync:Get:4 http://ports.ubuntu.com bionic/main s390x libqb0 s390x 1.0.1-1ubuntu1 [57.1 kB]
INFO:kolla.common.utils.hacluster-corosync:Get:5 http://ports.ubuntu.com bionic-updates/main s390x libcfg6 s390x 2.4.3-0ubuntu1.1 [7,456 B]
INFO:kolla.common.utils.hacluster-corosync:Get:6 http://ports.ubuntu.com bionic-updates/main s390x libcmap4 s390x 2.4.3-0ubuntu1.1 [9,040 B]
INFO:kolla.common.utils.hacluster-corosync:Get:7 http://ports.ubuntu.com bionic-updates/main s390x libcpg4 s390x 2.4.3-0ubuntu1.1 [10.1 kB]
INFO:kolla.common.utils.hacluster-corosync:Get:8 http://ports.ubuntu.com bionic-updates/main s390x libquorum5 s390x 2.4.3-0ubuntu1.1 [6,356 B]
INFO:kolla.common.utils.hacluster-corosync:Get:9 http://ports.ubuntu.com bionic/main s390x libstatgrab10 s390x 0.91-1build1 [32.3 kB]
INFO:kolla.common.utils.hacluster-corosync:Get:10 http://ports.ubuntu.com bionic/main s390x libnspr4 s390x 2:4.18-1ubuntu1 [107 kB]
INFO:kolla.common.utils.hacluster-corosync:Get:11 http://ports.ubuntu.com bionic-updates/main s390x libnss3 s390x 2:3.35-2ubuntu2.7 [1,034 kB]
INFO:kolla.common.utils.hacluster-corosync:Get:12 http://ports.ubuntu.com bionic-updates/main s390x libtotem-pg5 s390x 2.4.3-0ubuntu1.1 [64.8 kB]
INFO:kolla.common.utils.hacluster-corosync:Get:13 http://ports.ubuntu.com bionic-updates/main s390x libvotequorum8 s390x 2.4.3-0ubuntu1.1 [7,320 B]
INFO:kolla.common.utils.hacluster-corosync:Get:14 http://ports.ubuntu.com bionic-updates/main s390x libxslt1.1 s390x 1.1.29-5ubuntu0.2 [139 kB]
INFO:kolla.common.utils.hacluster-corosync:Get:15 http://ports.ubuntu.com bionic-updates/main s390x xsltproc s390x 1.1.29-5ubuntu0.2 [13.2 kB]
INFO:kolla.common.utils.hacluster-corosync:Get:16 http://ports.ubuntu.com bionic-updates/main s390x corosync s390x 2.4.3-0ubuntu1.1 [166 kB]
INFO:kolla.common.utils.hacluster-corosync:Fetched 10.1 MB in 0s (22.9 MB/s)
INFO:kolla.common.utils.hacluster-corosync:Selecting previously unselected package libicu60:s390x.
INFO:kolla.common.utils.hacluster-corosync:(Reading database ... (Reading database ... 5%(Reading database ... 10%(Reading database ... 15%(Reading database ... 20%(Reading database ... 25%(Reading database ... 30%(Reading database ... 35%(Reading database ... 40%
INFO:kolla.common.utils.hacluster-corosync:(Reading database ... 45%(Reading database ... 50%(Reading database ... 55%
INFO:kolla.common.utils.hacluster-corosync:(Reading database ... 60%
INFO:kolla.common.utils.hacluster-corosync:(Reading database ... 65%(Reading database ... 70%
INFO:kolla.common.utils.hacluster-corosync:(Reading database ... 75%
INFO:kolla.common.utils.hacluster-corosync:(Reading database ... 80%
INFO:kolla.common.utils.hacluster-corosync:(Reading database ... 85%
INFO:kolla.common.utils.hacluster-corosync:(Reading database ... 90%
INFO:kolla.common.utils.hacluster-corosync:(Reading database ... 95%
INFO:kolla.common.utils.hacluster-corosync:(Reading database ... 100%(Reading database ... 
INFO:kolla.common.utils.hacluster-corosync:9244 files and directories currently installed.)
INFO:kolla.common.utils.hacluster-corosync:Preparing to unpack .../00-libicu60_60.2-3ubuntu3_s390x.deb ...
INFO:kolla.common.utils.hacluster-corosync:Unpacking libicu60:s390x (60.2-3ubuntu3) ...
INFO:kolla.common.utils.hacluster-corosync:Selecting previously unselected package libxml2:s390x.
INFO:kolla.common.utils.hacluster-corosync:Preparing to unpack .../01-libxml2_2.9.4+dfsg1-6.1ubuntu1.3_s390x.deb ...
INFO:kolla.common.utils.hacluster-corosync:Unpacking libxml2:s390x (2.9.4+dfsg1-6.1ubuntu1.3) ...
INFO:kolla.common.utils.hacluster-corosync:Selecting previously unselected package libcorosync-common4:s390x.
INFO:kolla.common.utils.hacluster-corosync:Preparing to unpack .../02-libcorosync-common4_2.4.3-0ubuntu1.1_s390x.deb ...
INFO:kolla.common.utils.hacluster-corosync:Unpacking libcorosync-common4:s390x (2.4.3-0ubuntu1.1) ...
INFO:kolla.common.utils.hacluster-corosync:Selecting previously unselected package libqb0:s390x.
INFO:kolla.common.utils.hacluster-corosync:Preparing to unpack .../03-libqb0_1.0.1-1ubuntu1_s390x.deb ...
INFO:kolla.common.utils.hacluster-corosync:Unpacking libqb0:s390x (1.0.1-1ubuntu1) ...
INFO:kolla.common.utils.hacluster-corosync:Selecting previously unselected package libcfg6:s390x.
INFO:kolla.common.utils.hacluster-corosync:Preparing to unpack .../04-libcfg6_2.4.3-0ubuntu1.1_s390x.deb ...
INFO:kolla.common.utils.hacluster-corosync:Unpacking libcfg6:s390x (2.4.3-0ubuntu1.1) ...
INFO:kolla.common.utils.hacluster-corosync:Selecting previously unselected package libcmap4:s390x.
INFO:kolla.common.utils.hacluster-corosync:Preparing to unpack .../05-libcmap4_2.4.3-0ubuntu1.1_s390x.deb ...
INFO:kolla.common.utils.hacluster-corosync:Unpacking libcmap4:s390x (2.4.3-0ubuntu1.1) ...
INFO:kolla.common.utils.hacluster-corosync:Selecting previously unselected package libcpg4:s390x.
INFO:kolla.common.utils.hacluster-corosync:Preparing to unpack .../06-libcpg4_2.4.3-0ubuntu1.1_s390x.deb ...
INFO:kolla.common.utils.hacluster-corosync:Unpacking libcpg4:s390x (2.4.3-0ubuntu1.1) ...
INFO:kolla.common.utils.hacluster-corosync:Selecting previously unselected package libquorum5:s390x.
INFO:kolla.common.utils.hacluster-corosync:Preparing to unpack .../07-libquorum5_2.4.3-0ubuntu1.1_s390x.deb ...
INFO:kolla.common.utils.hacluster-corosync:Unpacking libquorum5:s390x (2.4.3-0ubuntu1.1) ...
INFO:kolla.common.utils.hacluster-corosync:Selecting previously unselected package libstatgrab10.
INFO:kolla.common.utils.hacluster-corosync:Preparing to unpack .../08-libstatgrab10_0.91-1build1_s390x.deb ...
INFO:kolla.common.utils.hacluster-corosync:Unpacking libstatgrab10 (0.91-1build1) ...
INFO:kolla.common.utils.hacluster-corosync:Selecting previously unselected package libnspr4:s390x.
INFO:kolla.common.utils.hacluster-corosync:Preparing to unpack .../09-libnspr4_2%3a4.18-1ubuntu1_s390x.deb ...
INFO:kolla.common.utils.hacluster-corosync:Unpacking libnspr4:s390x (2:4.18-1ubuntu1) ...
INFO:kolla.common.utils.hacluster-corosync:Selecting previously unselected package libnss3:s390x.
INFO:kolla.common.utils.hacluster-corosync:Preparing to unpack .../10-libnss3_2%3a3.35-2ubuntu2.7_s390x.deb ...
INFO:kolla.common.utils.hacluster-corosync:Unpacking libnss3:s390x (2:3.35-2ubuntu2.7) ...
INFO:kolla.common.utils.hacluster-corosync:Selecting previously unselected package libtotem-pg5:s390x.
INFO:kolla.common.utils.hacluster-corosync:Preparing to unpack .../11-libtotem-pg5_2.4.3-0ubuntu1.1_s390x.deb ...
INFO:kolla.common.utils.hacluster-corosync:Unpacking libtotem-pg5:s390x (2.4.3-0ubuntu1.1) ...
INFO:kolla.common.utils.hacluster-corosync:Selecting previously unselected package libvotequorum8:s390x.
INFO:kolla.common.utils.hacluster-corosync:Preparing to unpack .../12-libvotequorum8_2.4.3-0ubuntu1.1_s390x.deb ...
INFO:kolla.common.utils.hacluster-corosync:Unpacking libvotequorum8:s390x (2.4.3-0ubuntu1.1) ...
INFO:kolla.common.utils.hacluster-corosync:Selecting previously unselected package libxslt1.1:s390x.
INFO:kolla.common.utils.hacluster-corosync:Preparing to unpack .../13-libxslt1.1_1.1.29-5ubuntu0.2_s390x.deb ...
INFO:kolla.common.utils.hacluster-corosync:Unpacking libxslt1.1:s390x (1.1.29-5ubuntu0.2) ...
INFO:kolla.common.utils.hacluster-corosync:Selecting previously unselected package xsltproc.
INFO:kolla.common.utils.hacluster-corosync:Preparing to unpack .../14-xsltproc_1.1.29-5ubuntu0.2_s390x.deb ...
INFO:kolla.common.utils.hacluster-corosync:Unpacking xsltproc (1.1.29-5ubuntu0.2) ...
INFO:kolla.common.utils.hacluster-corosync:Selecting previously unselected package corosync.
INFO:kolla.common.utils.hacluster-corosync:Preparing to unpack .../15-corosync_2.4.3-0ubuntu1.1_s390x.deb ...
INFO:kolla.common.utils.hacluster-corosync:Unpacking corosync (2.4.3-0ubuntu1.1) ...
INFO:kolla.common.utils.hacluster-corosync:Setting up libicu60:s390x (60.2-3ubuntu3) ...
INFO:kolla.common.utils.hacluster-corosync:Setting up libstatgrab10 (0.91-1build1) ...
INFO:kolla.common.utils.hacluster-corosync:Setting up libnspr4:s390x (2:4.18-1ubuntu1) ...
INFO:kolla.common.utils.hacluster-corosync:Setting up libxml2:s390x (2.9.4+dfsg1-6.1ubuntu1.3) ...
INFO:kolla.common.utils.hacluster-corosync:Setting up libxslt1.1:s390x (1.1.29-5ubuntu0.2) ...
INFO:kolla.common.utils.hacluster-corosync:Setting up libcorosync-common4:s390x (2.4.3-0ubuntu1.1) ...
INFO:kolla.common.utils.hacluster-corosync:Setting up libqb0:s390x (1.0.1-1ubuntu1) ...
INFO:kolla.common.utils.hacluster-corosync:Setting up libcfg6:s390x (2.4.3-0ubuntu1.1) ...
INFO:kolla.common.utils.hacluster-corosync:Setting up libvotequorum8:s390x (2.4.3-0ubuntu1.1) ...
INFO:kolla.common.utils.hacluster-corosync:Setting up libcpg4:s390x (2.4.3-0ubuntu1.1) ...
INFO:kolla.common.utils.hacluster-corosync:Setting up libnss3:s390x (2:3.35-2ubuntu2.7) ...
INFO:kolla.common.utils.hacluster-corosync:Setting up xsltproc (1.1.29-5ubuntu0.2) ...
INFO:kolla.common.utils.hacluster-corosync:Setting up libcmap4:s390x (2.4.3-0ubuntu1.1) ...
INFO:kolla.common.utils.hacluster-corosync:Setting up libquorum5:s390x (2.4.3-0ubuntu1.1) ...
INFO:kolla.common.utils.hacluster-corosync:Setting up libtotem-pg5:s390x (2.4.3-0ubuntu1.1) ...
INFO:kolla.common.utils.hacluster-corosync:Setting up corosync (2.4.3-0ubuntu1.1) ...
INFO:kolla.common.utils.hacluster-corosync:invoke-rc.d: could not determine current runlevel
INFO:kolla.common.utils.hacluster-corosync:invoke-rc.d: policy-rc.d denied execution of start.
INFO:kolla.common.utils.hacluster-corosync:Processing triggers for libc-bin (2.27-3ubuntu1) ...
INFO:kolla.common.utils.hacluster-corosync:Removing intermediate container 13d1d3eafb38
INFO:kolla.common.utils.hacluster-corosync: ---> f6c06bf5f9a7
INFO:kolla.common.utils.hacluster-corosync:Successfully built f6c06bf5f9a7
INFO:kolla.common.utils.hacluster-corosync:Successfully tagged s390x/ubuntu-binary-hacluster-corosync:9.1.0
INFO:kolla.common.utils.hacluster-corosync:Built at 2020-03-02 21:40:34.565841 (took 0:00:13.125821)
