INFO:kolla.common.utils.ironic-conductor:Building started at 2020-03-02 21:43:37.099067
INFO:kolla.common.utils.ironic-conductor:Step 1/4 : FROM s390x/ubuntu-binary-ironic-base:9.1.0
INFO:kolla.common.utils.ironic-conductor: ---> ded2e1dcc132
INFO:kolla.common.utils.ironic-conductor:Step 2/4 : LABEL maintainer="Kolla Project (https://launchpad.net/kolla)" name="ironic-conductor" build-date="20200302"
INFO:kolla.common.utils.ironic-conductor: ---> Running in 2c22688f999b
INFO:kolla.common.utils.ironic-conductor:Removing intermediate container 2c22688f999b
INFO:kolla.common.utils.ironic-conductor: ---> 186ff0422103
INFO:kolla.common.utils.ironic-conductor:Step 3/4 : RUN apt-get update && apt-get -y install --no-install-recommends ansible bsdmainutils dosfstools e2fsprogs gdisk ipmitool ironic-conductor openssh-client parted psmisc python3-ironic-inspector-client python3-proliantutils python3-pysnmp4 python3-scciclient python3-systemd qemu-utils shellinabox udev xfsprogs && apt-get clean && rm -rf /var/lib/apt/lists/*
INFO:kolla.common.utils.ironic-conductor: ---> Running in 30ff7238d6b8
INFO:kolla.common.utils.ironic-conductor:Get:1 http://ports.ubuntu.com bionic InRelease [242 kB]
INFO:kolla.common.utils.ironic-conductor:Ign:2 http://ubuntu-cloud.archive.canonical.com/ubuntu bionic-updates/ussuri InRelease
INFO:kolla.common.utils.ironic-conductor:Get:3 http://ports.ubuntu.com bionic-updates InRelease [88.7 kB]
INFO:kolla.common.utils.ironic-conductor:Get:4 http://ubuntu-cloud.archive.canonical.com/ubuntu bionic-updates/ussuri Release [7,884 B]
INFO:kolla.common.utils.ironic-conductor:Get:5 http://ports.ubuntu.com bionic-security InRelease [88.7 kB]
INFO:kolla.common.utils.ironic-conductor:Get:6 http://ubuntu-cloud.archive.canonical.com/ubuntu bionic-updates/ussuri Release.gpg [543 B]
INFO:kolla.common.utils.ironic-conductor:Get:7 http://ports.ubuntu.com bionic-backports InRelease [74.6 kB]
INFO:kolla.common.utils.ironic-conductor:Get:8 http://ports.ubuntu.com bionic/main s390x Packages [1,244 kB]
INFO:kolla.common.utils.ironic-conductor:Get:9 http://ubuntu-cloud.archive.canonical.com/ubuntu bionic-updates/ussuri/main s390x Packages [145 kB]
INFO:kolla.common.utils.ironic-conductor:Get:10 http://ports.ubuntu.com bionic/universe s390x Packages [10.8 MB]
INFO:kolla.common.utils.ironic-conductor:Get:11 http://ports.ubuntu.com bionic-updates/main s390x Packages [730 kB]
INFO:kolla.common.utils.ironic-conductor:Get:12 http://ports.ubuntu.com bionic-updates/universe s390x Packages [1,075 kB]
INFO:kolla.common.utils.ironic-conductor:Get:13 http://ports.ubuntu.com bionic-security/main s390x Packages [467 kB]
INFO:kolla.common.utils.ironic-conductor:Get:14 http://ports.ubuntu.com bionic-security/universe s390x Packages [625 kB]
INFO:kolla.common.utils.ironic-conductor:Get:15 http://ports.ubuntu.com bionic-backports/universe s390x Packages [4,242 B]
INFO:kolla.common.utils.ironic-conductor:Get:16 http://ports.ubuntu.com bionic-backports/main s390x Packages [2,494 B]
INFO:kolla.common.utils.ironic-conductor:Fetched 15.6 MB in 2s (6,569 kB/s)
INFO:kolla.common.utils.ironic-conductor:Reading package lists...
INFO:kolla.common.utils.ironic-conductor:Reading package lists...
INFO:kolla.common.utils.ironic-conductor:Building dependency tree...
INFO:kolla.common.utils.ironic-conductor:Reading state information...
INFO:kolla.common.utils.ironic-conductor:e2fsprogs is already the newest version (1.44.1-1ubuntu1.3).
INFO:kolla.common.utils.ironic-conductor:psmisc is already the newest version (23.1-1ubuntu0.1).
INFO:kolla.common.utils.ironic-conductor:psmisc set to manually installed.
INFO:kolla.common.utils.ironic-conductor:udev is already the newest version (237-3ubuntu10.39).
INFO:kolla.common.utils.ironic-conductor:udev set to manually installed.
INFO:kolla.common.utils.ironic-conductor:The following additional packages will be installed:
INFO:kolla.common.utils.ironic-conductor:  alembic freeipmi-common libcurl3-gnutls libedit2 libfreeipmi16 libiscsi7
INFO:kolla.common.utils.ironic-conductor:  libjs-jquery libjs-sphinxdoc libjs-underscore libnspr4 libnss3 libparted2
INFO:kolla.common.utils.ironic-conductor:  libpopt0 librados2 librbd1 libxkbcommon0 pycadf-common python-asn1crypto
INFO:kolla.common.utils.ironic-conductor:  python-cffi-backend python-crypto python-cryptography python-enum34
INFO:kolla.common.utils.ironic-conductor:  python-httplib2 python-ipaddress python-jinja2 python-markupsafe
INFO:kolla.common.utils.ironic-conductor:  python-netaddr python-paramiko python-pastedeploy-tpl python-pyasn1
INFO:kolla.common.utils.ironic-conductor:  python3-alembic python3-amqp python3-anyjson python3-automaton python3-bs4
INFO:kolla.common.utils.ironic-conductor:  python3-cachetools python3-ironic python3-ironic-lib python3-jinja2
INFO:kolla.common.utils.ironic-conductor:  python3-keystonemiddleware python3-kombu python3-logutils python3-migrate
INFO:kolla.common.utils.ironic-conductor:  python3-os-traits python3-oslo.cache python3-oslo.db python3-oslo.messaging
INFO:kolla.common.utils.ironic-conductor:  python3-oslo.middleware python3-oslo.policy python3-oslo.reports
INFO:kolla.common.utils.ironic-conductor:  python3-oslo.rootwrap python3-oslo.service python3-oslo.upgradecheck
INFO:kolla.common.utils.ironic-conductor:  python3-oslo.versionedobjects python3-paramiko python3-paste
INFO:kolla.common.utils.ironic-conductor:  python3-pastedeploy python3-pecan python3-psutil python3-pyasn1
INFO:kolla.common.utils.ironic-conductor:  python3-pycadf python3-pycryptodome python3-pyghmi python3-pygments
INFO:kolla.common.utils.ironic-conductor:  python3-pysmi python3-repoze.lru python3-retrying python3-routes
INFO:kolla.common.utils.ironic-conductor:  python3-sendfile python3-simplegeneric python3-singledispatch
INFO:kolla.common.utils.ironic-conductor:  python3-sqlalchemy python3-sqlparse python3-sushy python3-tempita
INFO:kolla.common.utils.ironic-conductor:  python3-tenacity python3-testresources python3-testscenarios python3-tooz
INFO:kolla.common.utils.ironic-conductor:  python3-vine python3-voluptuous python3-waitress python3-webtest
INFO:kolla.common.utils.ironic-conductor:  python3-wsme python3-zeroconf qemu-block-extra xkb-data
INFO:kolla.common.utils.ironic-conductor:Suggested packages:
INFO:kolla.common.utils.ironic-conductor:  cowsay sshpass cpp wamerican | wordlist whois vacation freeipmi-tools
INFO:kolla.common.utils.ironic-conductor:  libparted-dev libparted-i18n keychain libpam-ssh monkeysphere ssh-askpass
INFO:kolla.common.utils.ironic-conductor:  parted-doc python-crypto-doc python-cryptography-doc
INFO:kolla.common.utils.ironic-conductor:  python-cryptography-vectors python-enum34-doc python-jinja2-doc ipython
INFO:kolla.common.utils.ironic-conductor:  python-netaddr-docs python-gssapi python3-editor python-amqp-doc
INFO:kolla.common.utils.ironic-conductor:  python-automaton-doc python-kombu-doc python3-boto python3-django
INFO:kolla.common.utils.ironic-conductor:  python3-pymongo python-migrate-doc python-os-traits-doc
INFO:kolla.common.utils.ironic-conductor:  python-oslo.cache-doc python3-confluent-kafka python-oslo.middleware-doc
INFO:kolla.common.utils.ironic-conductor:  python-oslo.policy-doc python-oslo.reports-doc python-oslo.service-doc
INFO:kolla.common.utils.ironic-conductor:  python-oslo.versionedobjects-doc python3-gssapi httpd-wsgi
INFO:kolla.common.utils.ironic-conductor:  libapache2-mod-python libapache2-mod-scgi libjs-mochikit python-pecan-doc
INFO:kolla.common.utils.ironic-conductor:  python-proliantutils-doc python-psutil-doc ttf-bitstream-vera
INFO:kolla.common.utils.ironic-conductor:  python-scciclient-doc python-sqlalchemy-doc python3-fdb python-sqlparse-doc
INFO:kolla.common.utils.ironic-conductor:  python-sushy-doc python-tenacity-doc python-waitress-doc python-webtest-doc
INFO:kolla.common.utils.ironic-conductor:  debootstrap xfsdump acl attr quota
INFO:kolla.common.utils.ironic-conductor:Recommended packages:
INFO:kolla.common.utils.ironic-conductor:  python-jmespath python-kerberos python-libcloud python-selinux python-winrm
INFO:kolla.common.utils.ironic-conductor:  python-xmltodict groff-base openipmi javascript-common xauth
INFO:kolla.common.utils.ironic-conductor:  python3-pastescript python3-sqlalchemy-ext sharutils
INFO:kolla.common.utils.ironic-conductor:The following NEW packages will be installed:
INFO:kolla.common.utils.ironic-conductor:  alembic ansible bsdmainutils dosfstools freeipmi-common gdisk ipmitool
INFO:kolla.common.utils.ironic-conductor:  ironic-conductor libcurl3-gnutls libedit2 libfreeipmi16 libiscsi7
INFO:kolla.common.utils.ironic-conductor:  libjs-jquery libjs-sphinxdoc libjs-underscore libnspr4 libnss3 libparted2
INFO:kolla.common.utils.ironic-conductor:  libpopt0 librados2 librbd1 libxkbcommon0 openssh-client parted pycadf-common
INFO:kolla.common.utils.ironic-conductor:  python-asn1crypto python-cffi-backend python-crypto python-cryptography
INFO:kolla.common.utils.ironic-conductor:  python-enum34 python-httplib2 python-ipaddress python-jinja2
INFO:kolla.common.utils.ironic-conductor:  python-markupsafe python-netaddr python-paramiko python-pastedeploy-tpl
INFO:kolla.common.utils.ironic-conductor:  python-pyasn1 python3-alembic python3-amqp python3-anyjson python3-automaton
INFO:kolla.common.utils.ironic-conductor:  python3-bs4 python3-cachetools python3-ironic
INFO:kolla.common.utils.ironic-conductor:  python3-ironic-inspector-client python3-ironic-lib python3-jinja2
INFO:kolla.common.utils.ironic-conductor:  python3-keystonemiddleware python3-kombu python3-logutils python3-migrate
INFO:kolla.common.utils.ironic-conductor:  python3-os-traits python3-oslo.cache python3-oslo.db python3-oslo.messaging
INFO:kolla.common.utils.ironic-conductor:  python3-oslo.middleware python3-oslo.policy python3-oslo.reports
INFO:kolla.common.utils.ironic-conductor:  python3-oslo.rootwrap python3-oslo.service python3-oslo.upgradecheck
INFO:kolla.common.utils.ironic-conductor:  python3-oslo.versionedobjects python3-paramiko python3-paste
INFO:kolla.common.utils.ironic-conductor:  python3-pastedeploy python3-pecan python3-proliantutils python3-psutil
INFO:kolla.common.utils.ironic-conductor:  python3-pyasn1 python3-pycadf python3-pycryptodome python3-pyghmi
INFO:kolla.common.utils.ironic-conductor:  python3-pygments python3-pysmi python3-pysnmp4 python3-repoze.lru
INFO:kolla.common.utils.ironic-conductor:  python3-retrying python3-routes python3-scciclient python3-sendfile
INFO:kolla.common.utils.ironic-conductor:  python3-simplegeneric python3-singledispatch python3-sqlalchemy
INFO:kolla.common.utils.ironic-conductor:  python3-sqlparse python3-sushy python3-systemd python3-tempita
INFO:kolla.common.utils.ironic-conductor:  python3-tenacity python3-testresources python3-testscenarios python3-tooz
INFO:kolla.common.utils.ironic-conductor:  python3-vine python3-voluptuous python3-waitress python3-webtest
INFO:kolla.common.utils.ironic-conductor:  python3-wsme python3-zeroconf qemu-block-extra qemu-utils shellinabox
INFO:kolla.common.utils.ironic-conductor:  xfsprogs xkb-data
INFO:kolla.common.utils.ironic-conductor:0 upgraded, 103 newly installed, 0 to remove and 0 not upgraded.
INFO:kolla.common.utils.ironic-conductor:Need to get 25.3 MB of archives.
INFO:kolla.common.utils.ironic-conductor:After this operation, 143 MB of additional disk space will be used.
INFO:kolla.common.utils.ironic-conductor:Get:1 http://ubuntu-cloud.archive.canonical.com/ubuntu bionic-updates/ussuri/main s390x python3-sqlalchemy all 1.2.18+ds1-2ubuntu2~cloud0 [728 kB]
INFO:kolla.common.utils.ironic-conductor:Get:2 http://ubuntu-cloud.archive.canonical.com/ubuntu bionic-updates/ussuri/main s390x python3-alembic all 1.0.0-2ubuntu2~cloud0 [111 kB]
INFO:kolla.common.utils.ironic-conductor:Get:3 http://ubuntu-cloud.archive.canonical.com/ubuntu bionic-updates/ussuri/main s390x libjs-sphinxdoc all 1.8.5-3~cloud0 [96.6 kB]
INFO:kolla.common.utils.ironic-conductor:Get:4 http://ubuntu-cloud.archive.canonical.com/ubuntu bionic-updates/ussuri/main s390x alembic all 1.0.0-2ubuntu2~cloud0 [369 kB]
INFO:kolla.common.utils.ironic-conductor:Get:5 http://ubuntu-cloud.archive.canonical.com/ubuntu bionic-updates/ussuri/main s390x python-cryptography s390x 2.6.1-3.1~cloud0 [200 kB]
INFO:kolla.common.utils.ironic-conductor:Get:6 http://ubuntu-cloud.archive.canonical.com/ubuntu bionic-updates/ussuri/main s390x librados2 s390x 14.2.2-0ubuntu3~cloud0 [2,708 kB]
INFO:kolla.common.utils.ironic-conductor:Get:7 http://ubuntu-cloud.archive.canonical.com/ubuntu bionic-updates/ussuri/main s390x librbd1 s390x 14.2.2-0ubuntu3~cloud0 [1,226 kB]
INFO:kolla.common.utils.ironic-conductor:Get:8 http://ubuntu-cloud.archive.canonical.com/ubuntu bionic-updates/ussuri/main s390x python3-amqp all 2.5.0-2~cloud0 [42.2 kB]
INFO:kolla.common.utils.ironic-conductor:Get:9 http://ubuntu-cloud.archive.canonical.com/ubuntu bionic-updates/ussuri/main s390x python3-cachetools all 3.1.0-2~cloud0 [9,892 B]
INFO:kolla.common.utils.ironic-conductor:Get:10 http://ubuntu-cloud.archive.canonical.com/ubuntu bionic-updates/ussuri/main s390x python3-oslo.service all 1.40.2-0ubuntu1~cloud0 [50.6 kB]
INFO:kolla.common.utils.ironic-conductor:Get:11 http://ubuntu-cloud.archive.canonical.com/ubuntu bionic-updates/ussuri/main s390x python3-ironic-lib all 2.21.0-0ubuntu1~cloud0 [45.4 kB]
INFO:kolla.common.utils.ironic-conductor:Get:12 http://ubuntu-cloud.archive.canonical.com/ubuntu bionic-updates/ussuri/main s390x python3-oslo.cache all 1.37.0-0ubuntu1~cloud0 [34.5 kB]
INFO:kolla.common.utils.ironic-conductor:Get:13 http://ubuntu-cloud.archive.canonical.com/ubuntu bionic-updates/ussuri/main s390x python3-keystonemiddleware all 7.0.1-0ubuntu1~cloud0 [68.6 kB]
INFO:kolla.common.utils.ironic-conductor:Get:14 http://ubuntu-cloud.archive.canonical.com/ubuntu bionic-updates/ussuri/main s390x python3-migrate all 0.12.0-3~cloud0 [79.3 kB]
INFO:kolla.common.utils.ironic-conductor:Get:15 http://ubuntu-cloud.archive.canonical.com/ubuntu bionic-updates/ussuri/main s390x python3-os-traits all 0.16.0-0ubuntu1~cloud0 [13.8 kB]
INFO:kolla.common.utils.ironic-conductor:Get:16 http://ubuntu-cloud.archive.canonical.com/ubuntu bionic-updates/ussuri/main s390x python3-testscenarios all 0.5.0-2~cloud0 [13.5 kB]
INFO:kolla.common.utils.ironic-conductor:Get:17 http://ubuntu-cloud.archive.canonical.com/ubuntu bionic-updates/ussuri/main s390x python3-oslo.db all 5.0.2-0ubuntu1~cloud0 [115 kB]
INFO:kolla.common.utils.ironic-conductor:Get:18 http://ubuntu-cloud.archive.canonical.com/ubuntu bionic-updates/ussuri/main s390x python3-oslo.middleware all 3.38.1-0ubuntu1~cloud0 [33.1 kB]
INFO:kolla.common.utils.ironic-conductor:Get:19 http://ubuntu-cloud.archive.canonical.com/ubuntu bionic-updates/ussuri/main s390x python3-tenacity all 5.1.1-0ubuntu2~cloud0 [34.9 kB]
INFO:kolla.common.utils.ironic-conductor:Get:20 http://ubuntu-cloud.archive.canonical.com/ubuntu bionic-updates/ussuri/main s390x python3-oslo.messaging all 9.7.1-0ubuntu3~cloud0 [149 kB]
INFO:kolla.common.utils.ironic-conductor:Get:21 http://ubuntu-cloud.archive.canonical.com/ubuntu bionic-updates/ussuri/main s390x python3-oslo.policy all 2.3.2-0ubuntu1~cloud0 [50.3 kB]
INFO:kolla.common.utils.ironic-conductor:Get:22 http://ubuntu-cloud.archive.canonical.com/ubuntu bionic-updates/ussuri/main s390x python3-psutil s390x 5.5.1-1build1~cloud0 [166 kB]
INFO:kolla.common.utils.ironic-conductor:Get:23 http://ubuntu-cloud.archive.canonical.com/ubuntu bionic-updates/ussuri/main s390x python3-oslo.reports all 1.30.0-0ubuntu1~cloud0 [26.9 kB]
INFO:kolla.common.utils.ironic-conductor:Get:24 http://ubuntu-cloud.archive.canonical.com/ubuntu bionic-updates/ussuri/main s390x python3-oslo.rootwrap all 5.16.1-0ubuntu1~cloud0 [25.9 kB]
INFO:kolla.common.utils.ironic-conductor:Get:25 http://ubuntu-cloud.archive.canonical.com/ubuntu bionic-updates/ussuri/main s390x python3-oslo.upgradecheck all 0.3.2-0ubuntu1~cloud0 [7,484 B]
INFO:kolla.common.utils.ironic-conductor:Get:26 http://ubuntu-cloud.archive.canonical.com/ubuntu bionic-updates/ussuri/main s390x python3-oslo.versionedobjects all 1.36.1-0ubuntu1~cloud0 [59.1 kB]
INFO:kolla.common.utils.ironic-conductor:Get:27 http://ubuntu-cloud.archive.canonical.com/ubuntu bionic-updates/ussuri/main s390x python3-pecan all 1.3.3-0ubuntu2~cloud0 [104 kB]
INFO:kolla.common.utils.ironic-conductor:Get:28 http://ubuntu-cloud.archive.canonical.com/ubuntu bionic-updates/ussuri/main s390x python3-pysnmp4 all 4.4.6+repack1-1~cloud0 [153 kB]
INFO:kolla.common.utils.ironic-conductor:Get:29 http://ubuntu-cloud.archive.canonical.com/ubuntu bionic-updates/ussuri/main s390x python3-scciclient all 0.8.0-0ubuntu2~cloud0 [46.0 kB]
INFO:kolla.common.utils.ironic-conductor:Get:30 http://ubuntu-cloud.archive.canonical.com/ubuntu bionic-updates/ussuri/main s390x python3-tooz all 1.66.2-0ubuntu1~cloud0 [50.3 kB]
INFO:kolla.common.utils.ironic-conductor:Get:31 http://ubuntu-cloud.archive.canonical.com/ubuntu bionic-updates/ussuri/main s390x python3-wsme all 0.9.3-3~cloud0 [61.6 kB]
INFO:kolla.common.utils.ironic-conductor:Get:32 http://ubuntu-cloud.archive.canonical.com/ubuntu bionic-updates/ussuri/main s390x qemu-block-extra s390x 1:4.0+dfsg-0ubuntu9~cloud0 [114 kB]
INFO:kolla.common.utils.ironic-conductor:Get:33 http://ubuntu-cloud.archive.canonical.com/ubuntu bionic-updates/ussuri/main s390x qemu-utils s390x 1:4.0+dfsg-0ubuntu9~cloud0 [1,131 kB]
INFO:kolla.common.utils.ironic-conductor:Get:34 http://ubuntu-cloud.archive.canonical.com/ubuntu bionic-updates/ussuri/main s390x python3-ironic all 1:13.0.1-0ubuntu1~cloud0 [751 kB]
INFO:kolla.common.utils.ironic-conductor:Get:35 http://ubuntu-cloud.archive.canonical.com/ubuntu bionic-updates/ussuri/main s390x ironic-conductor all 1:13.0.1-0ubuntu1~cloud0 [9,808 B]
INFO:kolla.common.utils.ironic-conductor:Get:36 http://ports.ubuntu.com bionic-updates/main s390x freeipmi-common s390x 1.4.11-1.1ubuntu4.1 [174 kB]
INFO:kolla.common.utils.ironic-conductor:Get:37 http://ports.ubuntu.com bionic/main s390x libpopt0 s390x 1.16-11 [24.7 kB]
INFO:kolla.common.utils.ironic-conductor:Get:38 http://ports.ubuntu.com bionic-updates/main s390x xkb-data all 2.23.1-1ubuntu1.18.04.1 [325 kB]
INFO:kolla.common.utils.ironic-conductor:Get:39 http://ports.ubuntu.com bionic/main s390x bsdmainutils s390x 11.1.2ubuntu1 [181 kB]
INFO:kolla.common.utils.ironic-conductor:Get:40 http://ports.ubuntu.com bionic/main s390x dosfstools s390x 4.1-1 [57.1 kB]
INFO:kolla.common.utils.ironic-conductor:Get:41 http://ports.ubuntu.com bionic/main s390x libedit2 s390x 3.1-20170329-1 [72.0 kB]
INFO:kolla.common.utils.ironic-conductor:Get:42 http://ports.ubuntu.com bionic-updates/main s390x libparted2 s390x 3.2-20ubuntu0.2 [126 kB]
INFO:kolla.common.utils.ironic-conductor:Get:43 http://ports.ubuntu.com bionic-updates/main s390x openssh-client s390x 1:7.6p1-4ubuntu0.3 [576 kB]
INFO:kolla.common.utils.ironic-conductor:Get:44 http://ports.ubuntu.com bionic-updates/main s390x parted s390x 3.2-20ubuntu0.2 [40.0 kB]
INFO:kolla.common.utils.ironic-conductor:Get:45 http://ports.ubuntu.com bionic/main s390x libjs-jquery all 3.2.1-1 [152 kB]
INFO:kolla.common.utils.ironic-conductor:Get:46 http://ports.ubuntu.com bionic/main s390x libjs-underscore all 1.8.3~dfsg-1 [59.9 kB]
INFO:kolla.common.utils.ironic-conductor:Get:47 http://ports.ubuntu.com bionic/main s390x python-asn1crypto all 0.24.0-1 [72.7 kB]
INFO:kolla.common.utils.ironic-conductor:Get:48 http://ports.ubuntu.com bionic/main s390x python-cffi-backend s390x 1.11.5-1 [60.0 kB]
INFO:kolla.common.utils.ironic-conductor:Get:49 http://ports.ubuntu.com bionic/main s390x python-enum34 all 1.1.6-2 [34.8 kB]
INFO:kolla.common.utils.ironic-conductor:Get:50 http://ports.ubuntu.com bionic/main s390x python-ipaddress all 1.0.17-1 [18.2 kB]
INFO:kolla.common.utils.ironic-conductor:Get:51 http://ports.ubuntu.com bionic/main s390x python-markupsafe s390x 1.0-1build1 [13.0 kB]
INFO:kolla.common.utils.ironic-conductor:Get:52 http://ports.ubuntu.com bionic-updates/main s390x python-jinja2 all 2.10-1ubuntu0.18.04.1 [94.8 kB]
INFO:kolla.common.utils.ironic-conductor:Get:53 http://ports.ubuntu.com bionic/main s390x python-pyasn1 all 0.4.2-3 [46.7 kB]
INFO:kolla.common.utils.ironic-conductor:Get:54 http://ports.ubuntu.com bionic-updates/main s390x python-paramiko all 2.0.0-1ubuntu1.2 [110 kB]
INFO:kolla.common.utils.ironic-conductor:Get:55 http://ports.ubuntu.com bionic/main s390x python-crypto s390x 2.6.1-8ubuntu2 [258 kB]
INFO:kolla.common.utils.ironic-conductor:Get:56 http://ports.ubuntu.com bionic-updates/main s390x python-httplib2 all 0.9.2+dfsg-1ubuntu0.1 [34.7 kB]
INFO:kolla.common.utils.ironic-conductor:Get:57 http://ports.ubuntu.com bionic/main s390x python-netaddr all 0.7.19-1 [213 kB]
INFO:kolla.common.utils.ironic-conductor:Get:58 http://ports.ubuntu.com bionic-updates/universe s390x ansible all 2.5.1+dfsg-1ubuntu0.1 [3,198 kB]
INFO:kolla.common.utils.ironic-conductor:Get:59 http://ports.ubuntu.com bionic-updates/main s390x libfreeipmi16 s390x 1.4.11-1.1ubuntu4.1 [730 kB]
INFO:kolla.common.utils.ironic-conductor:Get:60 http://ports.ubuntu.com bionic-updates/universe s390x ipmitool s390x 1.8.18-5ubuntu0.1 [366 kB]
INFO:kolla.common.utils.ironic-conductor:Get:61 http://ports.ubuntu.com bionic-updates/main s390x libcurl3-gnutls s390x 7.58.0-2ubuntu3.8 [195 kB]
INFO:kolla.common.utils.ironic-conductor:Get:62 http://ports.ubuntu.com bionic/main s390x libiscsi7 s390x 1.17.0-1.1 [52.9 kB]
INFO:kolla.common.utils.ironic-conductor:Get:63 http://ports.ubuntu.com bionic/main s390x libnspr4 s390x 2:4.18-1ubuntu1 [107 kB]
INFO:kolla.common.utils.ironic-conductor:Get:64 http://ports.ubuntu.com bionic-updates/main s390x libnss3 s390x 2:3.35-2ubuntu2.7 [1,034 kB]
INFO:kolla.common.utils.ironic-conductor:Get:65 http://ports.ubuntu.com bionic-updates/main s390x libxkbcommon0 s390x 0.8.2-1~ubuntu18.04.1 [92.0 kB]
INFO:kolla.common.utils.ironic-conductor:Get:66 http://ports.ubuntu.com bionic/main s390x pycadf-common all 2.7.0-0ubuntu1 [4,440 B]
INFO:kolla.common.utils.ironic-conductor:Get:67 http://ports.ubuntu.com bionic/main s390x python-pastedeploy-tpl all 1.5.2-4 [4,796 B]
INFO:kolla.common.utils.ironic-conductor:Get:68 http://ports.ubuntu.com bionic/main s390x python3-vine all 1.1.4+dfsg-2 [15.7 kB]
INFO:kolla.common.utils.ironic-conductor:Get:69 http://ports.ubuntu.com bionic/universe s390x python3-anyjson all 0.3.3-1build1 [7,062 B]
INFO:kolla.common.utils.ironic-conductor:Get:70 http://ports.ubuntu.com bionic/universe s390x python3-automaton all 1.14.0-0ubuntu1 [15.0 kB]
INFO:kolla.common.utils.ironic-conductor:Get:71 http://ports.ubuntu.com bionic/main s390x python3-bs4 all 4.6.0-1 [67.8 kB]
INFO:kolla.common.utils.ironic-conductor:Get:72 http://ports.ubuntu.com bionic/universe s390x python3-ironic-inspector-client all 3.1.0-0ubuntu1 [22.0 kB]
INFO:kolla.common.utils.ironic-conductor:Get:73 http://ports.ubuntu.com bionic/main s390x python3-tempita all 0.5.2-2 [13.9 kB]
INFO:kolla.common.utils.ironic-conductor:Get:74 http://ports.ubuntu.com bionic/main s390x python3-paste all 2.0.3+dfsg-4ubuntu1 [456 kB]
INFO:kolla.common.utils.ironic-conductor:Get:75 http://ports.ubuntu.com bionic/main s390x python3-pastedeploy all 1.5.2-4 [13.4 kB]
INFO:kolla.common.utils.ironic-conductor:Get:76 http://ports.ubuntu.com bionic/universe s390x python3-repoze.lru all 0.7-1 [11.7 kB]
INFO:kolla.common.utils.ironic-conductor:Get:77 http://ports.ubuntu.com bionic/universe s390x python3-routes all 2.4.1-1 [28.4 kB]
INFO:kolla.common.utils.ironic-conductor:Get:78 http://ports.ubuntu.com bionic/universe s390x python3-zeroconf all 0.19.1-1 [25.7 kB]
INFO:kolla.common.utils.ironic-conductor:Get:79 http://ports.ubuntu.com bionic-updates/main s390x python3-jinja2 all 2.10-1ubuntu0.18.04.1 [95.4 kB]
INFO:kolla.common.utils.ironic-conductor:Get:80 http://ports.ubuntu.com bionic/universe s390x python3-pycadf all 2.7.0-0ubuntu1 [17.4 kB]
INFO:kolla.common.utils.ironic-conductor:Get:81 http://ports.ubuntu.com bionic/universe s390x python3-kombu all 4.1.0-1 [126 kB]
INFO:kolla.common.utils.ironic-conductor:Get:82 http://ports.ubuntu.com bionic/universe s390x python3-logutils all 0.3.3-5 [16.7 kB]
INFO:kolla.common.utils.ironic-conductor:Get:83 http://ports.ubuntu.com bionic/main s390x python3-sqlparse all 0.2.4-0.1 [28.1 kB]
INFO:kolla.common.utils.ironic-conductor:Get:84 http://ports.ubuntu.com bionic/universe s390x python3-testresources all 2.0.0-2 [26.4 kB]
INFO:kolla.common.utils.ironic-conductor:Get:85 http://ports.ubuntu.com bionic/main s390x python3-pyasn1 all 0.4.2-3 [46.8 kB]
INFO:kolla.common.utils.ironic-conductor:Get:86 http://ports.ubuntu.com bionic-updates/main s390x python3-paramiko all 2.0.0-1ubuntu1.2 [110 kB]
INFO:kolla.common.utils.ironic-conductor:Get:87 http://ports.ubuntu.com bionic/universe s390x python3-simplegeneric all 0.8.1-1 [11.5 kB]
INFO:kolla.common.utils.ironic-conductor:Get:88 http://ports.ubuntu.com bionic/universe s390x python3-singledispatch all 3.4.0.3-2 [7,022 B]
INFO:kolla.common.utils.ironic-conductor:Get:89 http://ports.ubuntu.com bionic/main s390x python3-waitress all 1.0.1-1 [53.4 kB]
INFO:kolla.common.utils.ironic-conductor:Get:90 http://ports.ubuntu.com bionic/main s390x python3-webtest all 2.0.28-1ubuntu1 [27.9 kB]
INFO:kolla.common.utils.ironic-conductor:Get:91 http://ports.ubuntu.com bionic/universe s390x python3-pycryptodome s390x 3.4.7-1ubuntu1 [4,755 kB]
INFO:kolla.common.utils.ironic-conductor:Get:92 http://ports.ubuntu.com bionic/universe s390x python3-pysmi all 0.2.2-1 [48.4 kB]
INFO:kolla.common.utils.ironic-conductor:Get:93 http://ports.ubuntu.com bionic/universe s390x python3-retrying all 1.3.3-3 [7,980 B]
INFO:kolla.common.utils.ironic-conductor:Get:94 http://ports.ubuntu.com bionic/universe s390x python3-sushy all 1.3.1-2 [29.1 kB]
INFO:kolla.common.utils.ironic-conductor:Get:95 http://ports.ubuntu.com bionic/universe s390x python3-proliantutils all 2.5.0-2 [140 kB]
INFO:kolla.common.utils.ironic-conductor:Get:96 http://ports.ubuntu.com bionic/universe s390x python3-pyghmi all 1.0.32-4 [99.6 kB]
INFO:kolla.common.utils.ironic-conductor:Get:97 http://ports.ubuntu.com bionic/main s390x python3-pygments all 2.2.0+dfsg-1 [574 kB]
INFO:kolla.common.utils.ironic-conductor:Get:98 http://ports.ubuntu.com bionic/universe s390x python3-sendfile s390x 2.0.1-1build3 [8,690 B]
INFO:kolla.common.utils.ironic-conductor:Get:99 http://ports.ubuntu.com bionic/main s390x python3-systemd s390x 234-1build1 [35.1 kB]
INFO:kolla.common.utils.ironic-conductor:Get:100 http://ports.ubuntu.com bionic/main s390x python3-voluptuous all 0.9.3-1 [24.2 kB]
INFO:kolla.common.utils.ironic-conductor:Get:101 http://ports.ubuntu.com bionic/universe s390x shellinabox s390x 2.20build1 [120 kB]
INFO:kolla.common.utils.ironic-conductor:Get:102 http://ports.ubuntu.com bionic/main s390x xfsprogs s390x 4.9.0+nmu1ubuntu2 [638 kB]
INFO:kolla.common.utils.ironic-conductor:Get:103 http://ports.ubuntu.com bionic/main s390x gdisk s390x 1.0.3-1 [191 kB]
INFO:kolla.common.utils.ironic-conductor:Fetched 25.3 MB in 9s (2,953 kB/s)
INFO:kolla.common.utils.ironic-conductor:Selecting previously unselected package freeipmi-common.
INFO:kolla.common.utils.ironic-conductor:(Reading database ... 
INFO:kolla.common.utils.ironic-conductor:(Reading database ... 5%(Reading database ... 10%(Reading database ... 15%(Reading database ... 20%(Reading database ... 25%(Reading database ... 30%(Reading database ... 35%(Reading database ... 40%(Reading database ... 45%(Reading database ... 50%(Reading database ... 55%(Reading database ... 60%(Reading database ... 65%(Reading database ... 70%(Reading database ... 75%(Reading database ... 80%(Reading database ... 85%(Reading database ... 90%(Reading database ... 95%(Reading database ... 100%(Reading database ... 22273 files and directories currently installed.)
INFO:kolla.common.utils.ironic-conductor:Preparing to unpack .../000-freeipmi-common_1.4.11-1.1ubuntu4.1_s390x.deb ...
INFO:kolla.common.utils.ironic-conductor:Unpacking freeipmi-common (1.4.11-1.1ubuntu4.1) ...
INFO:kolla.common.utils.ironic-conductor:Selecting previously unselected package libpopt0:s390x.
INFO:kolla.common.utils.ironic-conductor:Preparing to unpack .../001-libpopt0_1.16-11_s390x.deb ...
INFO:kolla.common.utils.ironic-conductor:Unpacking libpopt0:s390x (1.16-11) ...
INFO:kolla.common.utils.ironic-conductor:Selecting previously unselected package xkb-data.
INFO:kolla.common.utils.ironic-conductor:Preparing to unpack .../002-xkb-data_2.23.1-1ubuntu1.18.04.1_all.deb ...
INFO:kolla.common.utils.ironic-conductor:Unpacking xkb-data (2.23.1-1ubuntu1.18.04.1) ...
INFO:kolla.common.utils.ironic-conductor:Selecting previously unselected package bsdmainutils.
INFO:kolla.common.utils.ironic-conductor:Preparing to unpack .../003-bsdmainutils_11.1.2ubuntu1_s390x.deb ...
INFO:kolla.common.utils.ironic-conductor:Unpacking bsdmainutils (11.1.2ubuntu1) ...
INFO:kolla.common.utils.ironic-conductor:Selecting previously unselected package dosfstools.
INFO:kolla.common.utils.ironic-conductor:Preparing to unpack .../004-dosfstools_4.1-1_s390x.deb ...
INFO:kolla.common.utils.ironic-conductor:Unpacking dosfstools (4.1-1) ...
INFO:kolla.common.utils.ironic-conductor:Selecting previously unselected package libedit2:s390x.
INFO:kolla.common.utils.ironic-conductor:Preparing to unpack .../005-libedit2_3.1-20170329-1_s390x.deb ...
INFO:kolla.common.utils.ironic-conductor:Unpacking libedit2:s390x (3.1-20170329-1) ...
INFO:kolla.common.utils.ironic-conductor:Selecting previously unselected package libparted2:s390x.
INFO:kolla.common.utils.ironic-conductor:Preparing to unpack .../006-libparted2_3.2-20ubuntu0.2_s390x.deb ...
INFO:kolla.common.utils.ironic-conductor:Unpacking libparted2:s390x (3.2-20ubuntu0.2) ...
INFO:kolla.common.utils.ironic-conductor:Selecting previously unselected package openssh-client.
INFO:kolla.common.utils.ironic-conductor:Preparing to unpack .../007-openssh-client_1%3a7.6p1-4ubuntu0.3_s390x.deb ...
INFO:kolla.common.utils.ironic-conductor:Unpacking openssh-client (1:7.6p1-4ubuntu0.3) ...
INFO:kolla.common.utils.ironic-conductor:Selecting previously unselected package parted.
INFO:kolla.common.utils.ironic-conductor:Preparing to unpack .../008-parted_3.2-20ubuntu0.2_s390x.deb ...
INFO:kolla.common.utils.ironic-conductor:Unpacking parted (3.2-20ubuntu0.2) ...
INFO:kolla.common.utils.ironic-conductor:Selecting previously unselected package python3-sqlalchemy.
INFO:kolla.common.utils.ironic-conductor:Preparing to unpack .../009-python3-sqlalchemy_1.2.18+ds1-2ubuntu2~cloud0_all.deb ...
INFO:kolla.common.utils.ironic-conductor:Unpacking python3-sqlalchemy (1.2.18+ds1-2ubuntu2~cloud0) ...
INFO:kolla.common.utils.ironic-conductor:Selecting previously unselected package python3-alembic.
INFO:kolla.common.utils.ironic-conductor:Preparing to unpack .../010-python3-alembic_1.0.0-2ubuntu2~cloud0_all.deb ...
INFO:kolla.common.utils.ironic-conductor:Unpacking python3-alembic (1.0.0-2ubuntu2~cloud0) ...
INFO:kolla.common.utils.ironic-conductor:Selecting previously unselected package libjs-jquery.
INFO:kolla.common.utils.ironic-conductor:Preparing to unpack .../011-libjs-jquery_3.2.1-1_all.deb ...
INFO:kolla.common.utils.ironic-conductor:Unpacking libjs-jquery (3.2.1-1) ...
INFO:kolla.common.utils.ironic-conductor:Selecting previously unselected package libjs-underscore.
INFO:kolla.common.utils.ironic-conductor:Preparing to unpack .../012-libjs-underscore_1.8.3~dfsg-1_all.deb ...
INFO:kolla.common.utils.ironic-conductor:Unpacking libjs-underscore (1.8.3~dfsg-1) ...
INFO:kolla.common.utils.ironic-conductor:Selecting previously unselected package libjs-sphinxdoc.
INFO:kolla.common.utils.ironic-conductor:Preparing to unpack .../013-libjs-sphinxdoc_1.8.5-3~cloud0_all.deb ...
INFO:kolla.common.utils.ironic-conductor:Unpacking libjs-sphinxdoc (1.8.5-3~cloud0) ...
INFO:kolla.common.utils.ironic-conductor:Selecting previously unselected package alembic.
INFO:kolla.common.utils.ironic-conductor:Preparing to unpack .../014-alembic_1.0.0-2ubuntu2~cloud0_all.deb ...
INFO:kolla.common.utils.ironic-conductor:Unpacking alembic (1.0.0-2ubuntu2~cloud0) ...
INFO:kolla.common.utils.ironic-conductor:Selecting previously unselected package python-asn1crypto.
INFO:kolla.common.utils.ironic-conductor:Preparing to unpack .../015-python-asn1crypto_0.24.0-1_all.deb ...
INFO:kolla.common.utils.ironic-conductor:Unpacking python-asn1crypto (0.24.0-1) ...
INFO:kolla.common.utils.ironic-conductor:Selecting previously unselected package python-cffi-backend.
INFO:kolla.common.utils.ironic-conductor:Preparing to unpack .../016-python-cffi-backend_1.11.5-1_s390x.deb ...
INFO:kolla.common.utils.ironic-conductor:Unpacking python-cffi-backend (1.11.5-1) ...
INFO:kolla.common.utils.ironic-conductor:Selecting previously unselected package python-enum34.
INFO:kolla.common.utils.ironic-conductor:Preparing to unpack .../017-python-enum34_1.1.6-2_all.deb ...
INFO:kolla.common.utils.ironic-conductor:Unpacking python-enum34 (1.1.6-2) ...
INFO:kolla.common.utils.ironic-conductor:Selecting previously unselected package python-ipaddress.
INFO:kolla.common.utils.ironic-conductor:Preparing to unpack .../018-python-ipaddress_1.0.17-1_all.deb ...
INFO:kolla.common.utils.ironic-conductor:Unpacking python-ipaddress (1.0.17-1) ...
INFO:kolla.common.utils.ironic-conductor:Selecting previously unselected package python-cryptography.
INFO:kolla.common.utils.ironic-conductor:Preparing to unpack .../019-python-cryptography_2.6.1-3.1~cloud0_s390x.deb ...
INFO:kolla.common.utils.ironic-conductor:Unpacking python-cryptography (2.6.1-3.1~cloud0) ...
INFO:kolla.common.utils.ironic-conductor:Selecting previously unselected package python-markupsafe.
INFO:kolla.common.utils.ironic-conductor:Preparing to unpack .../020-python-markupsafe_1.0-1build1_s390x.deb ...
INFO:kolla.common.utils.ironic-conductor:Unpacking python-markupsafe (1.0-1build1) ...
INFO:kolla.common.utils.ironic-conductor:Selecting previously unselected package python-jinja2.
INFO:kolla.common.utils.ironic-conductor:Preparing to unpack .../021-python-jinja2_2.10-1ubuntu0.18.04.1_all.deb ...
INFO:kolla.common.utils.ironic-conductor:Unpacking python-jinja2 (2.10-1ubuntu0.18.04.1) ...
INFO:kolla.common.utils.ironic-conductor:Selecting previously unselected package python-pyasn1.
INFO:kolla.common.utils.ironic-conductor:Preparing to unpack .../022-python-pyasn1_0.4.2-3_all.deb ...
INFO:kolla.common.utils.ironic-conductor:Unpacking python-pyasn1 (0.4.2-3) ...
INFO:kolla.common.utils.ironic-conductor:Selecting previously unselected package python-paramiko.
INFO:kolla.common.utils.ironic-conductor:Preparing to unpack .../023-python-paramiko_2.0.0-1ubuntu1.2_all.deb ...
INFO:kolla.common.utils.ironic-conductor:Unpacking python-paramiko (2.0.0-1ubuntu1.2) ...
INFO:kolla.common.utils.ironic-conductor:Selecting previously unselected package python-crypto.
INFO:kolla.common.utils.ironic-conductor:Preparing to unpack .../024-python-crypto_2.6.1-8ubuntu2_s390x.deb ...
INFO:kolla.common.utils.ironic-conductor:Unpacking python-crypto (2.6.1-8ubuntu2) ...
INFO:kolla.common.utils.ironic-conductor:Selecting previously unselected package python-httplib2.
INFO:kolla.common.utils.ironic-conductor:Preparing to unpack .../025-python-httplib2_0.9.2+dfsg-1ubuntu0.1_all.deb ...
INFO:kolla.common.utils.ironic-conductor:Unpacking python-httplib2 (0.9.2+dfsg-1ubuntu0.1) ...
INFO:kolla.common.utils.ironic-conductor:Selecting previously unselected package python-netaddr.
INFO:kolla.common.utils.ironic-conductor:Preparing to unpack .../026-python-netaddr_0.7.19-1_all.deb ...
INFO:kolla.common.utils.ironic-conductor:Unpacking python-netaddr (0.7.19-1) ...
INFO:kolla.common.utils.ironic-conductor:Selecting previously unselected package ansible.
INFO:kolla.common.utils.ironic-conductor:Preparing to unpack .../027-ansible_2.5.1+dfsg-1ubuntu0.1_all.deb ...
INFO:kolla.common.utils.ironic-conductor:Unpacking ansible (2.5.1+dfsg-1ubuntu0.1) ...
INFO:kolla.common.utils.ironic-conductor:Selecting previously unselected package libfreeipmi16.
INFO:kolla.common.utils.ironic-conductor:Preparing to unpack .../028-libfreeipmi16_1.4.11-1.1ubuntu4.1_s390x.deb ...
INFO:kolla.common.utils.ironic-conductor:Unpacking libfreeipmi16 (1.4.11-1.1ubuntu4.1) ...
INFO:kolla.common.utils.ironic-conductor:Selecting previously unselected package ipmitool.
INFO:kolla.common.utils.ironic-conductor:Preparing to unpack .../029-ipmitool_1.8.18-5ubuntu0.1_s390x.deb ...
INFO:kolla.common.utils.ironic-conductor:Unpacking ipmitool (1.8.18-5ubuntu0.1) ...
INFO:kolla.common.utils.ironic-conductor:Selecting previously unselected package libcurl3-gnutls:s390x.
INFO:kolla.common.utils.ironic-conductor:Preparing to unpack .../030-libcurl3-gnutls_7.58.0-2ubuntu3.8_s390x.deb ...
INFO:kolla.common.utils.ironic-conductor:Unpacking libcurl3-gnutls:s390x (7.58.0-2ubuntu3.8) ...
INFO:kolla.common.utils.ironic-conductor:Selecting previously unselected package libiscsi7:s390x.
INFO:kolla.common.utils.ironic-conductor:Preparing to unpack .../031-libiscsi7_1.17.0-1.1_s390x.deb ...
INFO:kolla.common.utils.ironic-conductor:Unpacking libiscsi7:s390x (1.17.0-1.1) ...
INFO:kolla.common.utils.ironic-conductor:Selecting previously unselected package libnspr4:s390x.
INFO:kolla.common.utils.ironic-conductor:Preparing to unpack .../032-libnspr4_2%3a4.18-1ubuntu1_s390x.deb ...
INFO:kolla.common.utils.ironic-conductor:Unpacking libnspr4:s390x (2:4.18-1ubuntu1) ...
INFO:kolla.common.utils.ironic-conductor:Selecting previously unselected package libnss3:s390x.
INFO:kolla.common.utils.ironic-conductor:Preparing to unpack .../033-libnss3_2%3a3.35-2ubuntu2.7_s390x.deb ...
INFO:kolla.common.utils.ironic-conductor:Unpacking libnss3:s390x (2:3.35-2ubuntu2.7) ...
INFO:kolla.common.utils.ironic-conductor:Selecting previously unselected package librados2.
INFO:kolla.common.utils.ironic-conductor:Preparing to unpack .../034-librados2_14.2.2-0ubuntu3~cloud0_s390x.deb ...
INFO:kolla.common.utils.ironic-conductor:Unpacking librados2 (14.2.2-0ubuntu3~cloud0) ...
INFO:kolla.common.utils.ironic-conductor:Selecting previously unselected package librbd1.
INFO:kolla.common.utils.ironic-conductor:Preparing to unpack .../035-librbd1_14.2.2-0ubuntu3~cloud0_s390x.deb ...
INFO:kolla.common.utils.ironic-conductor:Unpacking librbd1 (14.2.2-0ubuntu3~cloud0) ...
INFO:kolla.common.utils.ironic-conductor:Selecting previously unselected package libxkbcommon0:s390x.
INFO:kolla.common.utils.ironic-conductor:Preparing to unpack .../036-libxkbcommon0_0.8.2-1~ubuntu18.04.1_s390x.deb ...
INFO:kolla.common.utils.ironic-conductor:Unpacking libxkbcommon0:s390x (0.8.2-1~ubuntu18.04.1) ...
INFO:kolla.common.utils.ironic-conductor:Selecting previously unselected package pycadf-common.
INFO:kolla.common.utils.ironic-conductor:Preparing to unpack .../037-pycadf-common_2.7.0-0ubuntu1_all.deb ...
INFO:kolla.common.utils.ironic-conductor:Unpacking pycadf-common (2.7.0-0ubuntu1) ...
INFO:kolla.common.utils.ironic-conductor:Selecting previously unselected package python-pastedeploy-tpl.
INFO:kolla.common.utils.ironic-conductor:Preparing to unpack .../038-python-pastedeploy-tpl_1.5.2-4_all.deb ...
INFO:kolla.common.utils.ironic-conductor:Unpacking python-pastedeploy-tpl (1.5.2-4) ...
INFO:kolla.common.utils.ironic-conductor:Selecting previously unselected package python3-vine.
INFO:kolla.common.utils.ironic-conductor:Preparing to unpack .../039-python3-vine_1.1.4+dfsg-2_all.deb ...
INFO:kolla.common.utils.ironic-conductor:Unpacking python3-vine (1.1.4+dfsg-2) ...
INFO:kolla.common.utils.ironic-conductor:Selecting previously unselected package python3-amqp.
INFO:kolla.common.utils.ironic-conductor:Preparing to unpack .../040-python3-amqp_2.5.0-2~cloud0_all.deb ...
INFO:kolla.common.utils.ironic-conductor:Unpacking python3-amqp (2.5.0-2~cloud0) ...
INFO:kolla.common.utils.ironic-conductor:Selecting previously unselected package python3-anyjson.
INFO:kolla.common.utils.ironic-conductor:Preparing to unpack .../041-python3-anyjson_0.3.3-1build1_all.deb ...
INFO:kolla.common.utils.ironic-conductor:Unpacking python3-anyjson (0.3.3-1build1) ...
INFO:kolla.common.utils.ironic-conductor:Selecting previously unselected package python3-automaton.
INFO:kolla.common.utils.ironic-conductor:Preparing to unpack .../042-python3-automaton_1.14.0-0ubuntu1_all.deb ...
INFO:kolla.common.utils.ironic-conductor:Unpacking python3-automaton (1.14.0-0ubuntu1) ...
INFO:kolla.common.utils.ironic-conductor:Selecting previously unselected package python3-bs4.
INFO:kolla.common.utils.ironic-conductor:Preparing to unpack .../043-python3-bs4_4.6.0-1_all.deb ...
INFO:kolla.common.utils.ironic-conductor:Unpacking python3-bs4 (4.6.0-1) ...
INFO:kolla.common.utils.ironic-conductor:Selecting previously unselected package python3-cachetools.
INFO:kolla.common.utils.ironic-conductor:Preparing to unpack .../044-python3-cachetools_3.1.0-2~cloud0_all.deb ...
INFO:kolla.common.utils.ironic-conductor:Unpacking python3-cachetools (3.1.0-2~cloud0) ...
INFO:kolla.common.utils.ironic-conductor:Selecting previously unselected package python3-ironic-inspector-client.
INFO:kolla.common.utils.ironic-conductor:Preparing to unpack .../045-python3-ironic-inspector-client_3.1.0-0ubuntu1_all.deb ...
INFO:kolla.common.utils.ironic-conductor:Unpacking python3-ironic-inspector-client (3.1.0-0ubuntu1) ...
INFO:kolla.common.utils.ironic-conductor:Selecting previously unselected package python3-tempita.
INFO:kolla.common.utils.ironic-conductor:Preparing to unpack .../046-python3-tempita_0.5.2-2_all.deb ...
INFO:kolla.common.utils.ironic-conductor:Unpacking python3-tempita (0.5.2-2) ...
INFO:kolla.common.utils.ironic-conductor:Selecting previously unselected package python3-paste.
INFO:kolla.common.utils.ironic-conductor:Preparing to unpack .../047-python3-paste_2.0.3+dfsg-4ubuntu1_all.deb ...
INFO:kolla.common.utils.ironic-conductor:Unpacking python3-paste (2.0.3+dfsg-4ubuntu1) ...
INFO:kolla.common.utils.ironic-conductor:Selecting previously unselected package python3-pastedeploy.
INFO:kolla.common.utils.ironic-conductor:Preparing to unpack .../048-python3-pastedeploy_1.5.2-4_all.deb ...
INFO:kolla.common.utils.ironic-conductor:Unpacking python3-pastedeploy (1.5.2-4) ...
INFO:kolla.common.utils.ironic-conductor:Selecting previously unselected package python3-repoze.lru.
INFO:kolla.common.utils.ironic-conductor:Preparing to unpack .../049-python3-repoze.lru_0.7-1_all.deb ...
INFO:kolla.common.utils.ironic-conductor:Unpacking python3-repoze.lru (0.7-1) ...
INFO:kolla.common.utils.ironic-conductor:Selecting previously unselected package python3-routes.
INFO:kolla.common.utils.ironic-conductor:Preparing to unpack .../050-python3-routes_2.4.1-1_all.deb ...
INFO:kolla.common.utils.ironic-conductor:Unpacking python3-routes (2.4.1-1) ...
INFO:kolla.common.utils.ironic-conductor:Selecting previously unselected package python3-oslo.service.
INFO:kolla.common.utils.ironic-conductor:Preparing to unpack .../051-python3-oslo.service_1.40.2-0ubuntu1~cloud0_all.deb ...
INFO:kolla.common.utils.ironic-conductor:Unpacking python3-oslo.service (1.40.2-0ubuntu1~cloud0) ...
INFO:kolla.common.utils.ironic-conductor:Selecting previously unselected package python3-zeroconf.
INFO:kolla.common.utils.ironic-conductor:Preparing to unpack .../052-python3-zeroconf_0.19.1-1_all.deb ...
INFO:kolla.common.utils.ironic-conductor:Unpacking python3-zeroconf (0.19.1-1) ...
INFO:kolla.common.utils.ironic-conductor:Selecting previously unselected package python3-ironic-lib.
INFO:kolla.common.utils.ironic-conductor:Preparing to unpack .../053-python3-ironic-lib_2.21.0-0ubuntu1~cloud0_all.deb ...
INFO:kolla.common.utils.ironic-conductor:Unpacking python3-ironic-lib (2.21.0-0ubuntu1~cloud0) ...
INFO:kolla.common.utils.ironic-conductor:Selecting previously unselected package python3-jinja2.
INFO:kolla.common.utils.ironic-conductor:Preparing to unpack .../054-python3-jinja2_2.10-1ubuntu0.18.04.1_all.deb ...
INFO:kolla.common.utils.ironic-conductor:Unpacking python3-jinja2 (2.10-1ubuntu0.18.04.1) ...
INFO:kolla.common.utils.ironic-conductor:Selecting previously unselected package python3-oslo.cache.
INFO:kolla.common.utils.ironic-conductor:Preparing to unpack .../055-python3-oslo.cache_1.37.0-0ubuntu1~cloud0_all.deb ...
INFO:kolla.common.utils.ironic-conductor:Unpacking python3-oslo.cache (1.37.0-0ubuntu1~cloud0) ...
INFO:kolla.common.utils.ironic-conductor:Selecting previously unselected package python3-pycadf.
INFO:kolla.common.utils.ironic-conductor:Preparing to unpack .../056-python3-pycadf_2.7.0-0ubuntu1_all.deb ...
INFO:kolla.common.utils.ironic-conductor:Unpacking python3-pycadf (2.7.0-0ubuntu1) ...
INFO:kolla.common.utils.ironic-conductor:Selecting previously unselected package python3-keystonemiddleware.
INFO:kolla.common.utils.ironic-conductor:Preparing to unpack .../057-python3-keystonemiddleware_7.0.1-0ubuntu1~cloud0_all.deb ...
INFO:kolla.common.utils.ironic-conductor:Unpacking python3-keystonemiddleware (7.0.1-0ubuntu1~cloud0) ...
INFO:kolla.common.utils.ironic-conductor:Selecting previously unselected package python3-kombu.
INFO:kolla.common.utils.ironic-conductor:Preparing to unpack .../058-python3-kombu_4.1.0-1_all.deb ...
INFO:kolla.common.utils.ironic-conductor:Unpacking python3-kombu (4.1.0-1) ...
INFO:kolla.common.utils.ironic-conductor:Selecting previously unselected package python3-logutils.
INFO:kolla.common.utils.ironic-conductor:Preparing to unpack .../059-python3-logutils_0.3.3-5_all.deb ...
INFO:kolla.common.utils.ironic-conductor:Unpacking python3-logutils (0.3.3-5) ...
INFO:kolla.common.utils.ironic-conductor:Selecting previously unselected package python3-sqlparse.
INFO:kolla.common.utils.ironic-conductor:Preparing to unpack .../060-python3-sqlparse_0.2.4-0.1_all.deb ...
INFO:kolla.common.utils.ironic-conductor:Unpacking python3-sqlparse (0.2.4-0.1) ...
INFO:kolla.common.utils.ironic-conductor:Selecting previously unselected package python3-migrate.
INFO:kolla.common.utils.ironic-conductor:Preparing to unpack .../061-python3-migrate_0.12.0-3~cloud0_all.deb ...
INFO:kolla.common.utils.ironic-conductor:Unpacking python3-migrate (0.12.0-3~cloud0) ...
INFO:kolla.common.utils.ironic-conductor:Selecting previously unselected package python3-os-traits.
INFO:kolla.common.utils.ironic-conductor:Preparing to unpack .../062-python3-os-traits_0.16.0-0ubuntu1~cloud0_all.deb ...
INFO:kolla.common.utils.ironic-conductor:Unpacking python3-os-traits (0.16.0-0ubuntu1~cloud0) ...
INFO:kolla.common.utils.ironic-conductor:Selecting previously unselected package python3-testresources.
INFO:kolla.common.utils.ironic-conductor:Preparing to unpack .../063-python3-testresources_2.0.0-2_all.deb ...
INFO:kolla.common.utils.ironic-conductor:Unpacking python3-testresources (2.0.0-2) ...
INFO:kolla.common.utils.ironic-conductor:Selecting previously unselected package python3-testscenarios.
INFO:kolla.common.utils.ironic-conductor:Preparing to unpack .../064-python3-testscenarios_0.5.0-2~cloud0_all.deb ...
INFO:kolla.common.utils.ironic-conductor:Unpacking python3-testscenarios (0.5.0-2~cloud0) ...
INFO:kolla.common.utils.ironic-conductor:Selecting previously unselected package python3-oslo.db.
INFO:kolla.common.utils.ironic-conductor:Preparing to unpack .../065-python3-oslo.db_5.0.2-0ubuntu1~cloud0_all.deb ...
INFO:kolla.common.utils.ironic-conductor:Unpacking python3-oslo.db (5.0.2-0ubuntu1~cloud0) ...
INFO:kolla.common.utils.ironic-conductor:Selecting previously unselected package python3-oslo.middleware.
INFO:kolla.common.utils.ironic-conductor:Preparing to unpack .../066-python3-oslo.middleware_3.38.1-0ubuntu1~cloud0_all.deb ...
INFO:kolla.common.utils.ironic-conductor:Unpacking python3-oslo.middleware (3.38.1-0ubuntu1~cloud0) ...
INFO:kolla.common.utils.ironic-conductor:Selecting previously unselected package python3-tenacity.
INFO:kolla.common.utils.ironic-conductor:Preparing to unpack .../067-python3-tenacity_5.1.1-0ubuntu2~cloud0_all.deb ...
INFO:kolla.common.utils.ironic-conductor:Unpacking python3-tenacity (5.1.1-0ubuntu2~cloud0) ...
INFO:kolla.common.utils.ironic-conductor:Selecting previously unselected package python3-oslo.messaging.
INFO:kolla.common.utils.ironic-conductor:Preparing to unpack .../068-python3-oslo.messaging_9.7.1-0ubuntu3~cloud0_all.deb ...
INFO:kolla.common.utils.ironic-conductor:Unpacking python3-oslo.messaging (9.7.1-0ubuntu3~cloud0) ...
INFO:kolla.common.utils.ironic-conductor:Selecting previously unselected package python3-oslo.policy.
INFO:kolla.common.utils.ironic-conductor:Preparing to unpack .../069-python3-oslo.policy_2.3.2-0ubuntu1~cloud0_all.deb ...
INFO:kolla.common.utils.ironic-conductor:Unpacking python3-oslo.policy (2.3.2-0ubuntu1~cloud0) ...
INFO:kolla.common.utils.ironic-conductor:Selecting previously unselected package python3-psutil.
INFO:kolla.common.utils.ironic-conductor:Preparing to unpack .../070-python3-psutil_5.5.1-1build1~cloud0_s390x.deb ...
INFO:kolla.common.utils.ironic-conductor:Unpacking python3-psutil (5.5.1-1build1~cloud0) ...
INFO:kolla.common.utils.ironic-conductor:Selecting previously unselected package python3-oslo.reports.
INFO:kolla.common.utils.ironic-conductor:Preparing to unpack .../071-python3-oslo.reports_1.30.0-0ubuntu1~cloud0_all.deb ...
INFO:kolla.common.utils.ironic-conductor:Unpacking python3-oslo.reports (1.30.0-0ubuntu1~cloud0) ...
INFO:kolla.common.utils.ironic-conductor:Selecting previously unselected package python3-oslo.rootwrap.
INFO:kolla.common.utils.ironic-conductor:Preparing to unpack .../072-python3-oslo.rootwrap_5.16.1-0ubuntu1~cloud0_all.deb ...
INFO:kolla.common.utils.ironic-conductor:Unpacking python3-oslo.rootwrap (5.16.1-0ubuntu1~cloud0) ...
INFO:kolla.common.utils.ironic-conductor:Selecting previously unselected package python3-oslo.upgradecheck.
INFO:kolla.common.utils.ironic-conductor:Preparing to unpack .../073-python3-oslo.upgradecheck_0.3.2-0ubuntu1~cloud0_all.deb ...
INFO:kolla.common.utils.ironic-conductor:Unpacking python3-oslo.upgradecheck (0.3.2-0ubuntu1~cloud0) ...
INFO:kolla.common.utils.ironic-conductor:Selecting previously unselected package python3-oslo.versionedobjects.
INFO:kolla.common.utils.ironic-conductor:Preparing to unpack .../074-python3-oslo.versionedobjects_1.36.1-0ubuntu1~cloud0_all.deb ...
INFO:kolla.common.utils.ironic-conductor:Unpacking python3-oslo.versionedobjects (1.36.1-0ubuntu1~cloud0) ...
INFO:kolla.common.utils.ironic-conductor:Selecting previously unselected package python3-pyasn1.
INFO:kolla.common.utils.ironic-conductor:Preparing to unpack .../075-python3-pyasn1_0.4.2-3_all.deb ...
INFO:kolla.common.utils.ironic-conductor:Unpacking python3-pyasn1 (0.4.2-3) ...
INFO:kolla.common.utils.ironic-conductor:Selecting previously unselected package python3-paramiko.
INFO:kolla.common.utils.ironic-conductor:Preparing to unpack .../076-python3-paramiko_2.0.0-1ubuntu1.2_all.deb ...
INFO:kolla.common.utils.ironic-conductor:Unpacking python3-paramiko (2.0.0-1ubuntu1.2) ...
INFO:kolla.common.utils.ironic-conductor:Selecting previously unselected package python3-simplegeneric.
INFO:kolla.common.utils.ironic-conductor:Preparing to unpack .../077-python3-simplegeneric_0.8.1-1_all.deb ...
INFO:kolla.common.utils.ironic-conductor:Unpacking python3-simplegeneric (0.8.1-1) ...
INFO:kolla.common.utils.ironic-conductor:Selecting previously unselected package python3-singledispatch.
INFO:kolla.common.utils.ironic-conductor:Preparing to unpack .../078-python3-singledispatch_3.4.0.3-2_all.deb ...
INFO:kolla.common.utils.ironic-conductor:Unpacking python3-singledispatch (3.4.0.3-2) ...
INFO:kolla.common.utils.ironic-conductor:Selecting previously unselected package python3-waitress.
INFO:kolla.common.utils.ironic-conductor:Preparing to unpack .../079-python3-waitress_1.0.1-1_all.deb ...
INFO:kolla.common.utils.ironic-conductor:Unpacking python3-waitress (1.0.1-1) ...
INFO:kolla.common.utils.ironic-conductor:Selecting previously unselected package python3-webtest.
INFO:kolla.common.utils.ironic-conductor:Preparing to unpack .../080-python3-webtest_2.0.28-1ubuntu1_all.deb ...
INFO:kolla.common.utils.ironic-conductor:Unpacking python3-webtest (2.0.28-1ubuntu1) ...
INFO:kolla.common.utils.ironic-conductor:Selecting previously unselected package python3-pecan.
INFO:kolla.common.utils.ironic-conductor:Preparing to unpack .../081-python3-pecan_1.3.3-0ubuntu2~cloud0_all.deb ...
INFO:kolla.common.utils.ironic-conductor:Unpacking python3-pecan (1.3.3-0ubuntu2~cloud0) ...
INFO:kolla.common.utils.ironic-conductor:Selecting previously unselected package python3-pycryptodome.
INFO:kolla.common.utils.ironic-conductor:Preparing to unpack .../082-python3-pycryptodome_3.4.7-1ubuntu1_s390x.deb ...
INFO:kolla.common.utils.ironic-conductor:Unpacking python3-pycryptodome (3.4.7-1ubuntu1) ...
INFO:kolla.common.utils.ironic-conductor:Selecting previously unselected package python3-pysmi.
INFO:kolla.common.utils.ironic-conductor:Preparing to unpack .../083-python3-pysmi_0.2.2-1_all.deb ...
INFO:kolla.common.utils.ironic-conductor:Unpacking python3-pysmi (0.2.2-1) ...
INFO:kolla.common.utils.ironic-conductor:Selecting previously unselected package python3-pysnmp4.
INFO:kolla.common.utils.ironic-conductor:Preparing to unpack .../084-python3-pysnmp4_4.4.6+repack1-1~cloud0_all.deb ...
INFO:kolla.common.utils.ironic-conductor:Unpacking python3-pysnmp4 (4.4.6+repack1-1~cloud0) ...
INFO:kolla.common.utils.ironic-conductor:Selecting previously unselected package python3-retrying.
INFO:kolla.common.utils.ironic-conductor:Preparing to unpack .../085-python3-retrying_1.3.3-3_all.deb ...
INFO:kolla.common.utils.ironic-conductor:Unpacking python3-retrying (1.3.3-3) ...
INFO:kolla.common.utils.ironic-conductor:Selecting previously unselected package python3-sushy.
INFO:kolla.common.utils.ironic-conductor:Preparing to unpack .../086-python3-sushy_1.3.1-2_all.deb ...
INFO:kolla.common.utils.ironic-conductor:Unpacking python3-sushy (1.3.1-2) ...
INFO:kolla.common.utils.ironic-conductor:Selecting previously unselected package python3-proliantutils.
INFO:kolla.common.utils.ironic-conductor:Preparing to unpack .../087-python3-proliantutils_2.5.0-2_all.deb ...
INFO:kolla.common.utils.ironic-conductor:Unpacking python3-proliantutils (2.5.0-2) ...
INFO:kolla.common.utils.ironic-conductor:Selecting previously unselected package python3-pyghmi.
INFO:kolla.common.utils.ironic-conductor:Preparing to unpack .../088-python3-pyghmi_1.0.32-4_all.deb ...
INFO:kolla.common.utils.ironic-conductor:Unpacking python3-pyghmi (1.0.32-4) ...
INFO:kolla.common.utils.ironic-conductor:Selecting previously unselected package python3-pygments.
INFO:kolla.common.utils.ironic-conductor:Preparing to unpack .../089-python3-pygments_2.2.0+dfsg-1_all.deb ...
INFO:kolla.common.utils.ironic-conductor:Unpacking python3-pygments (2.2.0+dfsg-1) ...
INFO:kolla.common.utils.ironic-conductor:Selecting previously unselected package python3-scciclient.
INFO:kolla.common.utils.ironic-conductor:Preparing to unpack .../090-python3-scciclient_0.8.0-0ubuntu2~cloud0_all.deb ...
INFO:kolla.common.utils.ironic-conductor:Unpacking python3-scciclient (0.8.0-0ubuntu2~cloud0) ...
INFO:kolla.common.utils.ironic-conductor:Selecting previously unselected package python3-sendfile.
INFO:kolla.common.utils.ironic-conductor:Preparing to unpack .../091-python3-sendfile_2.0.1-1build3_s390x.deb ...
INFO:kolla.common.utils.ironic-conductor:Unpacking python3-sendfile (2.0.1-1build3) ...
INFO:kolla.common.utils.ironic-conductor:Selecting previously unselected package python3-systemd.
INFO:kolla.common.utils.ironic-conductor:Preparing to unpack .../092-python3-systemd_234-1build1_s390x.deb ...
INFO:kolla.common.utils.ironic-conductor:Unpacking python3-systemd (234-1build1) ...
INFO:kolla.common.utils.ironic-conductor:Selecting previously unselected package python3-voluptuous.
INFO:kolla.common.utils.ironic-conductor:Preparing to unpack .../093-python3-voluptuous_0.9.3-1_all.deb ...
INFO:kolla.common.utils.ironic-conductor:Unpacking python3-voluptuous (0.9.3-1) ...
INFO:kolla.common.utils.ironic-conductor:Selecting previously unselected package python3-tooz.
INFO:kolla.common.utils.ironic-conductor:Preparing to unpack .../094-python3-tooz_1.66.2-0ubuntu1~cloud0_all.deb ...
INFO:kolla.common.utils.ironic-conductor:Unpacking python3-tooz (1.66.2-0ubuntu1~cloud0) ...
INFO:kolla.common.utils.ironic-conductor:Selecting previously unselected package python3-wsme.
INFO:kolla.common.utils.ironic-conductor:Preparing to unpack .../095-python3-wsme_0.9.3-3~cloud0_all.deb ...
INFO:kolla.common.utils.ironic-conductor:Unpacking python3-wsme (0.9.3-3~cloud0) ...
INFO:kolla.common.utils.ironic-conductor:Selecting previously unselected package qemu-block-extra:s390x.
INFO:kolla.common.utils.ironic-conductor:Preparing to unpack .../096-qemu-block-extra_1%3a4.0+dfsg-0ubuntu9~cloud0_s390x.deb ...
INFO:kolla.common.utils.ironic-conductor:Unpacking qemu-block-extra:s390x (1:4.0+dfsg-0ubuntu9~cloud0) ...
INFO:kolla.common.utils.ironic-conductor:Selecting previously unselected package qemu-utils.
INFO:kolla.common.utils.ironic-conductor:Preparing to unpack .../097-qemu-utils_1%3a4.0+dfsg-0ubuntu9~cloud0_s390x.deb ...
INFO:kolla.common.utils.ironic-conductor:Unpacking qemu-utils (1:4.0+dfsg-0ubuntu9~cloud0) ...
INFO:kolla.common.utils.ironic-conductor:Selecting previously unselected package shellinabox.
INFO:kolla.common.utils.ironic-conductor:Preparing to unpack .../098-shellinabox_2.20build1_s390x.deb ...
INFO:kolla.common.utils.ironic-conductor:Unpacking shellinabox (2.20build1) ...
INFO:kolla.common.utils.ironic-conductor:Selecting previously unselected package xfsprogs.
INFO:kolla.common.utils.ironic-conductor:Preparing to unpack .../099-xfsprogs_4.9.0+nmu1ubuntu2_s390x.deb ...
INFO:kolla.common.utils.ironic-conductor:Unpacking xfsprogs (4.9.0+nmu1ubuntu2) ...
INFO:kolla.common.utils.ironic-conductor:Selecting previously unselected package gdisk.
INFO:kolla.common.utils.ironic-conductor:Preparing to unpack .../100-gdisk_1.0.3-1_s390x.deb ...
INFO:kolla.common.utils.ironic-conductor:Unpacking gdisk (1.0.3-1) ...
INFO:kolla.common.utils.ironic-conductor:Selecting previously unselected package python3-ironic.
INFO:kolla.common.utils.ironic-conductor:Preparing to unpack .../101-python3-ironic_1%3a13.0.1-0ubuntu1~cloud0_all.deb ...
INFO:kolla.common.utils.ironic-conductor:Unpacking python3-ironic (1:13.0.1-0ubuntu1~cloud0) ...
INFO:kolla.common.utils.ironic-conductor:Selecting previously unselected package ironic-conductor.
INFO:kolla.common.utils.ironic-conductor:Preparing to unpack .../102-ironic-conductor_1%3a13.0.1-0ubuntu1~cloud0_all.deb ...
INFO:kolla.common.utils.ironic-conductor:Unpacking ironic-conductor (1:13.0.1-0ubuntu1~cloud0) ...
INFO:kolla.common.utils.ironic-conductor:Setting up python3-logutils (0.3.3-5) ...
INFO:kolla.common.utils.ironic-conductor:Setting up libedit2:s390x (3.1-20170329-1) ...
INFO:kolla.common.utils.ironic-conductor:Setting up libjs-jquery (3.2.1-1) ...
INFO:kolla.common.utils.ironic-conductor:Setting up python3-ironic-inspector-client (3.1.0-0ubuntu1) ...
INFO:kolla.common.utils.ironic-conductor:Setting up libpopt0:s390x (1.16-11) ...
INFO:kolla.common.utils.ironic-conductor:Setting up python3-sqlalchemy (1.2.18+ds1-2ubuntu2~cloud0) ...
INFO:kolla.common.utils.ironic-conductor:Setting up python-asn1crypto (0.24.0-1) ...
INFO:kolla.common.utils.ironic-conductor:Setting up libparted2:s390x (3.2-20ubuntu0.2) ...
INFO:kolla.common.utils.ironic-conductor:Setting up python3-simplegeneric (0.8.1-1) ...
INFO:kolla.common.utils.ironic-conductor:Setting up python3-zeroconf (0.19.1-1) ...
INFO:kolla.common.utils.ironic-conductor:Setting up python-crypto (2.6.1-8ubuntu2) ...
INFO:kolla.common.utils.ironic-conductor:Setting up xfsprogs (4.9.0+nmu1ubuntu2) ...
INFO:kolla.common.utils.ironic-conductor:Setting up dosfstools (4.1-1) ...
INFO:kolla.common.utils.ironic-conductor:Setting up libjs-underscore (1.8.3~dfsg-1) ...
INFO:kolla.common.utils.ironic-conductor:Setting up python3-waitress (1.0.1-1) ...
INFO:kolla.common.utils.ironic-conductor:update-alternatives: using /usr/bin/waitress-serve-python3 to provide /usr/bin/waitress-serve (waitress-serve) in auto mode
INFO:kolla.common.utils.ironic-conductor:Setting up python3-sqlparse (0.2.4-0.1) ...
INFO:kolla.common.utils.ironic-conductor:Setting up python3-sushy (1.3.1-2) ...
INFO:kolla.common.utils.ironic-conductor:Setting up python3-oslo.rootwrap (5.16.1-0ubuntu1~cloud0) ...
INFO:kolla.common.utils.ironic-conductor:Setting up python3-tempita (0.5.2-2) ...
INFO:kolla.common.utils.ironic-conductor:Setting up libcurl3-gnutls:s390x (7.58.0-2ubuntu3.8) ...
INFO:kolla.common.utils.ironic-conductor:Setting up python-pyasn1 (0.4.2-3) ...
INFO:kolla.common.utils.ironic-conductor:Setting up python-netaddr (0.7.19-1) ...
INFO:kolla.common.utils.ironic-conductor:Setting up libiscsi7:s390x (1.17.0-1.1) ...
INFO:kolla.common.utils.ironic-conductor:Setting up xkb-data (2.23.1-1ubuntu1.18.04.1) ...
INFO:kolla.common.utils.ironic-conductor:Setting up python3-singledispatch (3.4.0.3-2) ...
INFO:kolla.common.utils.ironic-conductor:Setting up python3-alembic (1.0.0-2ubuntu2~cloud0) ...
INFO:kolla.common.utils.ironic-conductor:Setting up libjs-sphinxdoc (1.8.5-3~cloud0) ...
INFO:kolla.common.utils.ironic-conductor:Setting up python3-tenacity (5.1.1-0ubuntu2~cloud0) ...
INFO:kolla.common.utils.ironic-conductor:Setting up python3-testscenarios (0.5.0-2~cloud0) ...
INFO:kolla.common.utils.ironic-conductor:Setting up python3-bs4 (4.6.0-1) ...
INFO:kolla.common.utils.ironic-conductor:Setting up parted (3.2-20ubuntu0.2) ...
INFO:kolla.common.utils.ironic-conductor:Setting up python3-oslo.policy (2.3.2-0ubuntu1~cloud0) ...
INFO:kolla.common.utils.ironic-conductor:Setting up python3-psutil (5.5.1-1build1~cloud0) ...
INFO:kolla.common.utils.ironic-conductor:Setting up libnspr4:s390x (2:4.18-1ubuntu1) ...
INFO:kolla.common.utils.ironic-conductor:Setting up python-markupsafe (1.0-1build1) ...
INFO:kolla.common.utils.ironic-conductor:Setting up python3-os-traits (0.16.0-0ubuntu1~cloud0) ...
INFO:kolla.common.utils.ironic-conductor:Setting up python3-testresources (2.0.0-2) ...
INFO:kolla.common.utils.ironic-conductor:Setting up python-httplib2 (0.9.2+dfsg-1ubuntu0.1) ...
INFO:kolla.common.utils.ironic-conductor:Setting up python-cffi-backend (1.11.5-1) ...
INFO:kolla.common.utils.ironic-conductor:Setting up python3-pyasn1 (0.4.2-3) ...
INFO:kolla.common.utils.ironic-conductor:Setting up pycadf-common (2.7.0-0ubuntu1) ...
INFO:kolla.common.utils.ironic-conductor:Setting up python3-oslo.cache (1.37.0-0ubuntu1~cloud0) ...
INFO:kolla.common.utils.ironic-conductor:Setting up python3-systemd (234-1build1) ...
INFO:kolla.common.utils.ironic-conductor:Setting up python3-pycadf (2.7.0-0ubuntu1) ...
INFO:kolla.common.utils.ironic-conductor:Setting up python3-jinja2 (2.10-1ubuntu0.18.04.1) ...
INFO:kolla.common.utils.ironic-conductor:Setting up shellinabox (2.20build1) ...
INFO:kolla.common.utils.ironic-conductor:invoke-rc.d: could not determine current runlevel
INFO:kolla.common.utils.ironic-conductor:invoke-rc.d: policy-rc.d denied execution of start.
INFO:kolla.common.utils.ironic-conductor:Setting up python-enum34 (1.1.6-2) ...
INFO:kolla.common.utils.ironic-conductor:Setting up gdisk (1.0.3-1) ...
INFO:kolla.common.utils.ironic-conductor:Setting up python3-repoze.lru (0.7-1) ...
INFO:kolla.common.utils.ironic-conductor:Setting up python3-retrying (1.3.3-3) ...
INFO:kolla.common.utils.ironic-conductor:Setting up python3-paste (2.0.3+dfsg-4ubuntu1) ...
INFO:kolla.common.utils.ironic-conductor:Setting up libxkbcommon0:s390x (0.8.2-1~ubuntu18.04.1) ...
INFO:kolla.common.utils.ironic-conductor:Setting up python3-migrate (0.12.0-3~cloud0) ...
INFO:kolla.common.utils.ironic-conductor:Setting up python3-anyjson (0.3.3-1build1) ...
INFO:kolla.common.utils.ironic-conductor:Setting up python3-pysmi (0.2.2-1) ...
INFO:kolla.common.utils.ironic-conductor:Setting up freeipmi-common (1.4.11-1.1ubuntu4.1) ...
INFO:kolla.common.utils.ironic-conductor:Setting up python3-keystonemiddleware (7.0.1-0ubuntu1~cloud0) ...
INFO:kolla.common.utils.ironic-conductor:Setting up libfreeipmi16 (1.4.11-1.1ubuntu4.1) ...
INFO:kolla.common.utils.ironic-conductor:Setting up python-pastedeploy-tpl (1.5.2-4) ...
INFO:kolla.common.utils.ironic-conductor:Setting up python3-pycryptodome (3.4.7-1ubuntu1) ...
INFO:kolla.common.utils.ironic-conductor:Setting up bsdmainutils (11.1.2ubuntu1) ...
INFO:kolla.common.utils.ironic-conductor:update-alternatives: using /usr/bin/bsd-write to provide /usr/bin/write (write) in auto mode
INFO:kolla.common.utils.ironic-conductor:update-alternatives: warning: skip creation of /usr/share/man/man1/write.1.gz because associated file /usr/share/man/man1/bsd-write.1.gz (of link group write) doesn't exist
INFO:kolla.common.utils.ironic-conductor:update-alternatives: using /usr/bin/bsd-from to provide /usr/bin/from (from) in auto mode
INFO:kolla.common.utils.ironic-conductor:update-alternatives: warning: skip creation of /usr/share/man/man1/from.1.gz because associated file /usr/share/man/man1/bsd-from.1.gz (of link group from) doesn't exist
INFO:kolla.common.utils.ironic-conductor:Setting up python3-sendfile (2.0.1-1build3) ...
INFO:kolla.common.utils.ironic-conductor:Setting up python3-cachetools (3.1.0-2~cloud0) ...
INFO:kolla.common.utils.ironic-conductor:Setting up python3-pyghmi (1.0.32-4) ...
INFO:kolla.common.utils.ironic-conductor:Setting up python3-vine (1.1.4+dfsg-2) ...
INFO:kolla.common.utils.ironic-conductor:Setting up python-ipaddress (1.0.17-1) ...
INFO:kolla.common.utils.ironic-conductor:Setting up openssh-client (1:7.6p1-4ubuntu0.3) ...
INFO:kolla.common.utils.ironic-conductor:Setting up python3-automaton (1.14.0-0ubuntu1) ...
INFO:kolla.common.utils.ironic-conductor:Setting up python3-voluptuous (0.9.3-1) ...
INFO:kolla.common.utils.ironic-conductor:Setting up python3-oslo.upgradecheck (0.3.2-0ubuntu1~cloud0) ...
INFO:kolla.common.utils.ironic-conductor:Setting up alembic (1.0.0-2ubuntu2~cloud0) ...
INFO:kolla.common.utils.ironic-conductor:Setting up python3-routes (2.4.1-1) ...
INFO:kolla.common.utils.ironic-conductor:Setting up python3-pygments (2.2.0+dfsg-1) ...
INFO:kolla.common.utils.ironic-conductor:Setting up python3-paramiko (2.0.0-1ubuntu1.2) ...
INFO:kolla.common.utils.ironic-conductor:Setting up python3-oslo.middleware (3.38.1-0ubuntu1~cloud0) ...
INFO:kolla.common.utils.ironic-conductor:Setting up ipmitool (1.8.18-5ubuntu0.1) ...
INFO:kolla.common.utils.ironic-conductor:invoke-rc.d: could not determine current runlevel
INFO:kolla.common.utils.ironic-conductor:invoke-rc.d: policy-rc.d denied execution of start.
INFO:kolla.common.utils.ironic-conductor:Setting up python3-amqp (2.5.0-2~cloud0) ...
INFO:kolla.common.utils.ironic-conductor:Setting up python3-oslo.reports (1.30.0-0ubuntu1~cloud0) ...
INFO:kolla.common.utils.ironic-conductor:Setting up python-jinja2 (2.10-1ubuntu0.18.04.1) ...
INFO:kolla.common.utils.ironic-conductor:Setting up python3-tooz (1.66.2-0ubuntu1~cloud0) ...
INFO:kolla.common.utils.ironic-conductor:Setting up libnss3:s390x (2:3.35-2ubuntu2.7) ...
INFO:kolla.common.utils.ironic-conductor:Setting up python3-kombu (4.1.0-1) ...
INFO:kolla.common.utils.ironic-conductor:Setting up python3-oslo.db (5.0.2-0ubuntu1~cloud0) ...
INFO:kolla.common.utils.ironic-conductor:Setting up librados2 (14.2.2-0ubuntu3~cloud0) ...
INFO:kolla.common.utils.ironic-conductor:Setting up python3-wsme (0.9.3-3~cloud0) ...
INFO:kolla.common.utils.ironic-conductor:Setting up python3-pysnmp4 (4.4.6+repack1-1~cloud0) ...
INFO:kolla.common.utils.ironic-conductor:Setting up python-cryptography (2.6.1-3.1~cloud0) ...
INFO:kolla.common.utils.ironic-conductor:Setting up python3-pastedeploy (1.5.2-4) ...
INFO:kolla.common.utils.ironic-conductor:Setting up python3-webtest (2.0.28-1ubuntu1) ...
INFO:kolla.common.utils.ironic-conductor:Setting up librbd1 (14.2.2-0ubuntu3~cloud0) ...
INFO:kolla.common.utils.ironic-conductor:Setting up python3-pecan (1.3.3-0ubuntu2~cloud0) ...
INFO:kolla.common.utils.ironic-conductor:Setting up qemu-block-extra:s390x (1:4.0+dfsg-0ubuntu9~cloud0) ...
INFO:kolla.common.utils.ironic-conductor:Setting up python3-proliantutils (2.5.0-2) ...
INFO:kolla.common.utils.ironic-conductor:Setting up qemu-utils (1:4.0+dfsg-0ubuntu9~cloud0) ...
INFO:kolla.common.utils.ironic-conductor:Setting up python3-scciclient (0.8.0-0ubuntu2~cloud0) ...
INFO:kolla.common.utils.ironic-conductor:Setting up python3-oslo.service (1.40.2-0ubuntu1~cloud0) ...
INFO:kolla.common.utils.ironic-conductor:Setting up python-paramiko (2.0.0-1ubuntu1.2) ...
INFO:kolla.common.utils.ironic-conductor:Setting up ansible (2.5.1+dfsg-1ubuntu0.1) ...
INFO:kolla.common.utils.ironic-conductor:Setting up python3-oslo.messaging (9.7.1-0ubuntu3~cloud0) ...
INFO:kolla.common.utils.ironic-conductor:Setting up python3-ironic-lib (2.21.0-0ubuntu1~cloud0) ...
INFO:kolla.common.utils.ironic-conductor:Setting up python3-oslo.versionedobjects (1.36.1-0ubuntu1~cloud0) ...
INFO:kolla.common.utils.ironic-conductor:Setting up python3-ironic (1:13.0.1-0ubuntu1~cloud0) ...
INFO:kolla.common.utils.ironic-conductor:Setting up ironic-conductor (1:13.0.1-0ubuntu1~cloud0) ...
INFO:kolla.common.utils.ironic-conductor:invoke-rc.d: could not determine current runlevel
INFO:kolla.common.utils.ironic-conductor:invoke-rc.d: policy-rc.d denied execution of start.
INFO:kolla.common.utils.ironic-conductor:Processing triggers for libc-bin (2.27-3ubuntu1) ...
INFO:kolla.common.utils.ironic-conductor:Removing intermediate container 30ff7238d6b8
INFO:kolla.common.utils.ironic-conductor: ---> a22b4c1a35fe
INFO:kolla.common.utils.ironic-conductor:Step 4/4 : USER ironic
INFO:kolla.common.utils.ironic-conductor: ---> Running in f0506c11c535
INFO:kolla.common.utils.ironic-conductor:Removing intermediate container f0506c11c535
INFO:kolla.common.utils.ironic-conductor: ---> 6243ed9dad27
INFO:kolla.common.utils.ironic-conductor:Successfully built 6243ed9dad27
INFO:kolla.common.utils.ironic-conductor:Successfully tagged s390x/ubuntu-binary-ironic-conductor:9.1.0
INFO:kolla.common.utils.ironic-conductor:Built at 2020-03-02 21:44:37.752333 (took 0:01:00.653266)
