INFO:kolla.common.utils.ironic-api:Building started at 2020-03-02 21:43:43.587048
INFO:kolla.common.utils.ironic-api:Step 1/7 : FROM s390x/ubuntu-binary-ironic-base:9.1.0
INFO:kolla.common.utils.ironic-api: ---> ded2e1dcc132
INFO:kolla.common.utils.ironic-api:Step 2/7 : LABEL maintainer="Kolla Project (https://launchpad.net/kolla)" name="ironic-api" build-date="20200302"
INFO:kolla.common.utils.ironic-api: ---> Running in 5101a760f9ec
INFO:kolla.common.utils.ironic-api:Removing intermediate container 5101a760f9ec
INFO:kolla.common.utils.ironic-api: ---> 15bba16ca836
INFO:kolla.common.utils.ironic-api:Step 3/7 : RUN apt-get update && apt-get -y install --no-install-recommends apache2 ironic-api libapache2-mod-wsgi-py3 && apt-get clean && rm -rf /var/lib/apt/lists/*
INFO:kolla.common.utils.ironic-api: ---> Running in 691118353fb4
INFO:kolla.common.utils.ironic-api:Get:1 http://ports.ubuntu.com bionic InRelease [242 kB]
INFO:kolla.common.utils.ironic-api:Ign:2 http://ubuntu-cloud.archive.canonical.com/ubuntu bionic-updates/ussuri InRelease
INFO:kolla.common.utils.ironic-api:Get:3 http://ports.ubuntu.com bionic-updates InRelease [88.7 kB]
INFO:kolla.common.utils.ironic-api:Get:4 http://ubuntu-cloud.archive.canonical.com/ubuntu bionic-updates/ussuri Release [7,884 B]
INFO:kolla.common.utils.ironic-api:Get:5 http://ports.ubuntu.com bionic-security InRelease [88.7 kB]
INFO:kolla.common.utils.ironic-api:Get:6 http://ubuntu-cloud.archive.canonical.com/ubuntu bionic-updates/ussuri Release.gpg [543 B]
INFO:kolla.common.utils.ironic-api:Get:7 http://ports.ubuntu.com bionic-backports InRelease [74.6 kB]
INFO:kolla.common.utils.ironic-api:Get:8 http://ports.ubuntu.com bionic/main s390x Packages [1,244 kB]
INFO:kolla.common.utils.ironic-api:Get:9 http://ubuntu-cloud.archive.canonical.com/ubuntu bionic-updates/ussuri/main s390x Packages [145 kB]
INFO:kolla.common.utils.ironic-api:Get:10 http://ports.ubuntu.com bionic/universe s390x Packages [10.8 MB]
INFO:kolla.common.utils.ironic-api:Get:11 http://ports.ubuntu.com bionic-updates/universe s390x Packages [1,075 kB]
INFO:kolla.common.utils.ironic-api:Get:12 http://ports.ubuntu.com bionic-updates/main s390x Packages [730 kB]
INFO:kolla.common.utils.ironic-api:Get:13 http://ports.ubuntu.com bionic-security/universe s390x Packages [625 kB]
INFO:kolla.common.utils.ironic-api:Get:14 http://ports.ubuntu.com bionic-security/main s390x Packages [467 kB]
INFO:kolla.common.utils.ironic-api:Get:15 http://ports.ubuntu.com bionic-backports/main s390x Packages [2,494 B]
INFO:kolla.common.utils.ironic-api:Get:16 http://ports.ubuntu.com bionic-backports/universe s390x Packages [4,242 B]
INFO:kolla.common.utils.ironic-api:Fetched 15.6 MB in 3s (5,444 kB/s)
INFO:kolla.common.utils.ironic-api:Reading package lists...
INFO:kolla.common.utils.ironic-api:Reading package lists...
INFO:kolla.common.utils.ironic-api:Building dependency tree...
INFO:kolla.common.utils.ironic-api:Reading state information...
INFO:kolla.common.utils.ironic-api:The following additional packages will be installed:
INFO:kolla.common.utils.ironic-api:  alembic apache2-bin apache2-data apache2-utils libapr1 libaprutil1
INFO:kolla.common.utils.ironic-api:  libaprutil1-dbd-sqlite3 libaprutil1-ldap libjs-jquery libjs-sphinxdoc
INFO:kolla.common.utils.ironic-api:  libjs-underscore liblua5.2-0 libpython3.6 pycadf-common
INFO:kolla.common.utils.ironic-api:  python-pastedeploy-tpl python3-alembic python3-amqp python3-anyjson
INFO:kolla.common.utils.ironic-api:  python3-automaton python3-bs4 python3-cachetools python3-ironic
INFO:kolla.common.utils.ironic-api:  python3-ironic-lib python3-jinja2 python3-keystonemiddleware python3-kombu
INFO:kolla.common.utils.ironic-api:  python3-logutils python3-migrate python3-os-traits python3-oslo.cache
INFO:kolla.common.utils.ironic-api:  python3-oslo.db python3-oslo.messaging python3-oslo.middleware
INFO:kolla.common.utils.ironic-api:  python3-oslo.policy python3-oslo.reports python3-oslo.rootwrap
INFO:kolla.common.utils.ironic-api:  python3-oslo.service python3-oslo.upgradecheck python3-oslo.versionedobjects
INFO:kolla.common.utils.ironic-api:  python3-paramiko python3-paste python3-pastedeploy python3-pecan
INFO:kolla.common.utils.ironic-api:  python3-psutil python3-pyasn1 python3-pycadf python3-pycryptodome
INFO:kolla.common.utils.ironic-api:  python3-pyghmi python3-pygments python3-pysmi python3-pysnmp4
INFO:kolla.common.utils.ironic-api:  python3-repoze.lru python3-retrying python3-routes python3-scciclient
INFO:kolla.common.utils.ironic-api:  python3-sendfile python3-simplegeneric python3-singledispatch
INFO:kolla.common.utils.ironic-api:  python3-sqlalchemy python3-sqlparse python3-tempita python3-tenacity
INFO:kolla.common.utils.ironic-api:  python3-testresources python3-testscenarios python3-tooz python3-vine
INFO:kolla.common.utils.ironic-api:  python3-voluptuous python3-waitress python3-webtest python3-wsme
INFO:kolla.common.utils.ironic-api:  python3-zeroconf
INFO:kolla.common.utils.ironic-api:Suggested packages:
INFO:kolla.common.utils.ironic-api:  www-browser apache2-doc apache2-suexec-pristine | apache2-suexec-custom ufw
INFO:kolla.common.utils.ironic-api:  python3-editor python-amqp-doc python-automaton-doc python-jinja2-doc
INFO:kolla.common.utils.ironic-api:  python-kombu-doc python3-boto python3-django python3-pymongo
INFO:kolla.common.utils.ironic-api:  python-migrate-doc python-os-traits-doc python-oslo.cache-doc
INFO:kolla.common.utils.ironic-api:  python3-confluent-kafka python-oslo.middleware-doc python-oslo.policy-doc
INFO:kolla.common.utils.ironic-api:  python-oslo.reports-doc python-oslo.service-doc
INFO:kolla.common.utils.ironic-api:  python-oslo.versionedobjects-doc python3-gssapi libapache2-mod-python
INFO:kolla.common.utils.ironic-api:  libapache2-mod-scgi libjs-mochikit python-pecan-doc python-psutil-doc
INFO:kolla.common.utils.ironic-api:  ttf-bitstream-vera python-scciclient-doc python-sqlalchemy-doc python3-fdb
INFO:kolla.common.utils.ironic-api:  python-sqlparse-doc python-tenacity-doc python-waitress-doc
INFO:kolla.common.utils.ironic-api:  python-webtest-doc
INFO:kolla.common.utils.ironic-api:Recommended packages:
INFO:kolla.common.utils.ironic-api:  ssl-cert javascript-common python3-pastescript python3-sqlalchemy-ext
INFO:kolla.common.utils.ironic-api:The following NEW packages will be installed:
INFO:kolla.common.utils.ironic-api:  alembic apache2 apache2-bin apache2-data apache2-utils ironic-api
INFO:kolla.common.utils.ironic-api:  libapache2-mod-wsgi-py3 libapr1 libaprutil1 libaprutil1-dbd-sqlite3
INFO:kolla.common.utils.ironic-api:  libaprutil1-ldap libjs-jquery libjs-sphinxdoc libjs-underscore liblua5.2-0
INFO:kolla.common.utils.ironic-api:  libpython3.6 pycadf-common python-pastedeploy-tpl python3-alembic
INFO:kolla.common.utils.ironic-api:  python3-amqp python3-anyjson python3-automaton python3-bs4
INFO:kolla.common.utils.ironic-api:  python3-cachetools python3-ironic python3-ironic-lib python3-jinja2
INFO:kolla.common.utils.ironic-api:  python3-keystonemiddleware python3-kombu python3-logutils python3-migrate
INFO:kolla.common.utils.ironic-api:  python3-os-traits python3-oslo.cache python3-oslo.db python3-oslo.messaging
INFO:kolla.common.utils.ironic-api:  python3-oslo.middleware python3-oslo.policy python3-oslo.reports
INFO:kolla.common.utils.ironic-api:  python3-oslo.rootwrap python3-oslo.service python3-oslo.upgradecheck
INFO:kolla.common.utils.ironic-api:  python3-oslo.versionedobjects python3-paramiko python3-paste
INFO:kolla.common.utils.ironic-api:  python3-pastedeploy python3-pecan python3-psutil python3-pyasn1
INFO:kolla.common.utils.ironic-api:  python3-pycadf python3-pycryptodome python3-pyghmi python3-pygments
INFO:kolla.common.utils.ironic-api:  python3-pysmi python3-pysnmp4 python3-repoze.lru python3-retrying
INFO:kolla.common.utils.ironic-api:  python3-routes python3-scciclient python3-sendfile python3-simplegeneric
INFO:kolla.common.utils.ironic-api:  python3-singledispatch python3-sqlalchemy python3-sqlparse python3-tempita
INFO:kolla.common.utils.ironic-api:  python3-tenacity python3-testresources python3-testscenarios python3-tooz
INFO:kolla.common.utils.ironic-api:  python3-vine python3-voluptuous python3-waitress python3-webtest
INFO:kolla.common.utils.ironic-api:  python3-wsme python3-zeroconf
INFO:kolla.common.utils.ironic-api:0 upgraded, 74 newly installed, 0 to remove and 0 not upgraded.
INFO:kolla.common.utils.ironic-api:Need to get 13.4 MB of archives.
INFO:kolla.common.utils.ironic-api:After this operation, 62.9 MB of additional disk space will be used.
INFO:kolla.common.utils.ironic-api:Get:1 http://ports.ubuntu.com bionic/main s390x libapr1 s390x 1.6.3-2 [87.4 kB]
INFO:kolla.common.utils.ironic-api:Get:2 http://ports.ubuntu.com bionic/main s390x libaprutil1 s390x 1.6.1-2 [81.8 kB]
INFO:kolla.common.utils.ironic-api:Get:3 http://ports.ubuntu.com bionic/main s390x libaprutil1-dbd-sqlite3 s390x 1.6.1-2 [10.4 kB]
INFO:kolla.common.utils.ironic-api:Get:4 http://ports.ubuntu.com bionic/main s390x libaprutil1-ldap s390x 1.6.1-2 [8,652 B]
INFO:kolla.common.utils.ironic-api:Get:5 http://ports.ubuntu.com bionic/main s390x liblua5.2-0 s390x 5.2.4-1.1build1 [99.9 kB]
INFO:kolla.common.utils.ironic-api:Get:6 http://ports.ubuntu.com bionic-updates/main s390x apache2-bin s390x 2.4.29-1ubuntu4.12 [978 kB]
INFO:kolla.common.utils.ironic-api:Get:7 http://ubuntu-cloud.archive.canonical.com/ubuntu bionic-updates/ussuri/main s390x python3-sqlalchemy all 1.2.18+ds1-2ubuntu2~cloud0 [728 kB]
INFO:kolla.common.utils.ironic-api:Get:8 http://ubuntu-cloud.archive.canonical.com/ubuntu bionic-updates/ussuri/main s390x python3-alembic all 1.0.0-2ubuntu2~cloud0 [111 kB]
INFO:kolla.common.utils.ironic-api:Get:9 http://ubuntu-cloud.archive.canonical.com/ubuntu bionic-updates/ussuri/main s390x libjs-sphinxdoc all 1.8.5-3~cloud0 [96.6 kB]
INFO:kolla.common.utils.ironic-api:Get:10 http://ubuntu-cloud.archive.canonical.com/ubuntu bionic-updates/ussuri/main s390x alembic all 1.0.0-2ubuntu2~cloud0 [369 kB]
INFO:kolla.common.utils.ironic-api:Get:11 http://ports.ubuntu.com bionic-updates/main s390x apache2-utils s390x 2.4.29-1ubuntu4.12 [81.3 kB]
INFO:kolla.common.utils.ironic-api:Get:12 http://ports.ubuntu.com bionic-updates/main s390x apache2-data all 2.4.29-1ubuntu4.12 [160 kB]
INFO:kolla.common.utils.ironic-api:Get:13 http://ports.ubuntu.com bionic-updates/main s390x apache2 s390x 2.4.29-1ubuntu4.12 [95.1 kB]
INFO:kolla.common.utils.ironic-api:Get:14 http://ubuntu-cloud.archive.canonical.com/ubuntu bionic-updates/ussuri/main s390x python3-amqp all 2.5.0-2~cloud0 [42.2 kB]
INFO:kolla.common.utils.ironic-api:Get:15 http://ports.ubuntu.com bionic/main s390x libjs-jquery all 3.2.1-1 [152 kB]
INFO:kolla.common.utils.ironic-api:Get:16 http://ubuntu-cloud.archive.canonical.com/ubuntu bionic-updates/ussuri/main s390x python3-cachetools all 3.1.0-2~cloud0 [9,892 B]
INFO:kolla.common.utils.ironic-api:Get:17 http://ubuntu-cloud.archive.canonical.com/ubuntu bionic-updates/ussuri/main s390x python3-oslo.service all 1.40.2-0ubuntu1~cloud0 [50.6 kB]
INFO:kolla.common.utils.ironic-api:Get:18 http://ubuntu-cloud.archive.canonical.com/ubuntu bionic-updates/ussuri/main s390x python3-ironic-lib all 2.21.0-0ubuntu1~cloud0 [45.4 kB]
INFO:kolla.common.utils.ironic-api:Get:19 http://ports.ubuntu.com bionic/main s390x libjs-underscore all 1.8.3~dfsg-1 [59.9 kB]
INFO:kolla.common.utils.ironic-api:Get:20 http://ubuntu-cloud.archive.canonical.com/ubuntu bionic-updates/ussuri/main s390x python3-oslo.cache all 1.37.0-0ubuntu1~cloud0 [34.5 kB]
INFO:kolla.common.utils.ironic-api:Get:21 http://ports.ubuntu.com bionic-updates/main s390x libpython3.6 s390x 3.6.9-1~18.04 [1,284 kB]
INFO:kolla.common.utils.ironic-api:Get:22 http://ubuntu-cloud.archive.canonical.com/ubuntu bionic-updates/ussuri/main s390x python3-keystonemiddleware all 7.0.1-0ubuntu1~cloud0 [68.6 kB]
INFO:kolla.common.utils.ironic-api:Get:23 http://ubuntu-cloud.archive.canonical.com/ubuntu bionic-updates/ussuri/main s390x python3-migrate all 0.12.0-3~cloud0 [79.3 kB]
INFO:kolla.common.utils.ironic-api:Get:24 http://ubuntu-cloud.archive.canonical.com/ubuntu bionic-updates/ussuri/main s390x python3-os-traits all 0.16.0-0ubuntu1~cloud0 [13.8 kB]
INFO:kolla.common.utils.ironic-api:Get:25 http://ubuntu-cloud.archive.canonical.com/ubuntu bionic-updates/ussuri/main s390x python3-testscenarios all 0.5.0-2~cloud0 [13.5 kB]
INFO:kolla.common.utils.ironic-api:Get:26 http://ubuntu-cloud.archive.canonical.com/ubuntu bionic-updates/ussuri/main s390x python3-oslo.db all 5.0.2-0ubuntu1~cloud0 [115 kB]
INFO:kolla.common.utils.ironic-api:Get:27 http://ubuntu-cloud.archive.canonical.com/ubuntu bionic-updates/ussuri/main s390x python3-oslo.middleware all 3.38.1-0ubuntu1~cloud0 [33.1 kB]
INFO:kolla.common.utils.ironic-api:Get:28 http://ubuntu-cloud.archive.canonical.com/ubuntu bionic-updates/ussuri/main s390x python3-tenacity all 5.1.1-0ubuntu2~cloud0 [34.9 kB]
INFO:kolla.common.utils.ironic-api:Get:29 http://ubuntu-cloud.archive.canonical.com/ubuntu bionic-updates/ussuri/main s390x python3-oslo.messaging all 9.7.1-0ubuntu3~cloud0 [149 kB]
INFO:kolla.common.utils.ironic-api:Get:30 http://ubuntu-cloud.archive.canonical.com/ubuntu bionic-updates/ussuri/main s390x python3-oslo.policy all 2.3.2-0ubuntu1~cloud0 [50.3 kB]
INFO:kolla.common.utils.ironic-api:Get:31 http://ubuntu-cloud.archive.canonical.com/ubuntu bionic-updates/ussuri/main s390x python3-psutil s390x 5.5.1-1build1~cloud0 [166 kB]
INFO:kolla.common.utils.ironic-api:Get:32 http://ubuntu-cloud.archive.canonical.com/ubuntu bionic-updates/ussuri/main s390x python3-oslo.reports all 1.30.0-0ubuntu1~cloud0 [26.9 kB]
INFO:kolla.common.utils.ironic-api:Get:33 http://ubuntu-cloud.archive.canonical.com/ubuntu bionic-updates/ussuri/main s390x python3-oslo.rootwrap all 5.16.1-0ubuntu1~cloud0 [25.9 kB]
INFO:kolla.common.utils.ironic-api:Get:34 http://ubuntu-cloud.archive.canonical.com/ubuntu bionic-updates/ussuri/main s390x python3-oslo.upgradecheck all 0.3.2-0ubuntu1~cloud0 [7,484 B]
INFO:kolla.common.utils.ironic-api:Get:35 http://ubuntu-cloud.archive.canonical.com/ubuntu bionic-updates/ussuri/main s390x python3-oslo.versionedobjects all 1.36.1-0ubuntu1~cloud0 [59.1 kB]
INFO:kolla.common.utils.ironic-api:Get:36 http://ubuntu-cloud.archive.canonical.com/ubuntu bionic-updates/ussuri/main s390x python3-pecan all 1.3.3-0ubuntu2~cloud0 [104 kB]
INFO:kolla.common.utils.ironic-api:Get:37 http://ubuntu-cloud.archive.canonical.com/ubuntu bionic-updates/ussuri/main s390x python3-pysnmp4 all 4.4.6+repack1-1~cloud0 [153 kB]
INFO:kolla.common.utils.ironic-api:Get:38 http://ubuntu-cloud.archive.canonical.com/ubuntu bionic-updates/ussuri/main s390x python3-scciclient all 0.8.0-0ubuntu2~cloud0 [46.0 kB]
INFO:kolla.common.utils.ironic-api:Get:39 http://ubuntu-cloud.archive.canonical.com/ubuntu bionic-updates/ussuri/main s390x python3-tooz all 1.66.2-0ubuntu1~cloud0 [50.3 kB]
INFO:kolla.common.utils.ironic-api:Get:40 http://ubuntu-cloud.archive.canonical.com/ubuntu bionic-updates/ussuri/main s390x python3-wsme all 0.9.3-3~cloud0 [61.6 kB]
INFO:kolla.common.utils.ironic-api:Get:41 http://ubuntu-cloud.archive.canonical.com/ubuntu bionic-updates/ussuri/main s390x python3-ironic all 1:13.0.1-0ubuntu1~cloud0 [751 kB]
INFO:kolla.common.utils.ironic-api:Get:42 http://ports.ubuntu.com bionic-updates/universe s390x libapache2-mod-wsgi-py3 s390x 4.5.17-1ubuntu1 [81.9 kB]
INFO:kolla.common.utils.ironic-api:Get:43 http://ports.ubuntu.com bionic/main s390x pycadf-common all 2.7.0-0ubuntu1 [4,440 B]
INFO:kolla.common.utils.ironic-api:Get:44 http://ports.ubuntu.com bionic/main s390x python-pastedeploy-tpl all 1.5.2-4 [4,796 B]
INFO:kolla.common.utils.ironic-api:Get:45 http://ports.ubuntu.com bionic/main s390x python3-vine all 1.1.4+dfsg-2 [15.7 kB]
INFO:kolla.common.utils.ironic-api:Get:46 http://ports.ubuntu.com bionic/universe s390x python3-anyjson all 0.3.3-1build1 [7,062 B]
INFO:kolla.common.utils.ironic-api:Get:47 http://ports.ubuntu.com bionic/universe s390x python3-automaton all 1.14.0-0ubuntu1 [15.0 kB]
INFO:kolla.common.utils.ironic-api:Get:48 http://ports.ubuntu.com bionic/main s390x python3-bs4 all 4.6.0-1 [67.8 kB]
INFO:kolla.common.utils.ironic-api:Get:49 http://ubuntu-cloud.archive.canonical.com/ubuntu bionic-updates/ussuri/main s390x ironic-api all 1:13.0.1-0ubuntu1~cloud0 [11.4 kB]
INFO:kolla.common.utils.ironic-api:Get:50 http://ports.ubuntu.com bionic/main s390x python3-tempita all 0.5.2-2 [13.9 kB]
INFO:kolla.common.utils.ironic-api:Get:51 http://ports.ubuntu.com bionic/main s390x python3-paste all 2.0.3+dfsg-4ubuntu1 [456 kB]
INFO:kolla.common.utils.ironic-api:Get:52 http://ports.ubuntu.com bionic/main s390x python3-pastedeploy all 1.5.2-4 [13.4 kB]
INFO:kolla.common.utils.ironic-api:Get:53 http://ports.ubuntu.com bionic/universe s390x python3-repoze.lru all 0.7-1 [11.7 kB]
INFO:kolla.common.utils.ironic-api:Get:54 http://ports.ubuntu.com bionic/universe s390x python3-routes all 2.4.1-1 [28.4 kB]
INFO:kolla.common.utils.ironic-api:Get:55 http://ports.ubuntu.com bionic/universe s390x python3-zeroconf all 0.19.1-1 [25.7 kB]
INFO:kolla.common.utils.ironic-api:Get:56 http://ports.ubuntu.com bionic-updates/main s390x python3-jinja2 all 2.10-1ubuntu0.18.04.1 [95.4 kB]
INFO:kolla.common.utils.ironic-api:Get:57 http://ports.ubuntu.com bionic/universe s390x python3-pycadf all 2.7.0-0ubuntu1 [17.4 kB]
INFO:kolla.common.utils.ironic-api:Get:58 http://ports.ubuntu.com bionic/universe s390x python3-kombu all 4.1.0-1 [126 kB]
INFO:kolla.common.utils.ironic-api:Get:59 http://ports.ubuntu.com bionic/universe s390x python3-logutils all 0.3.3-5 [16.7 kB]
INFO:kolla.common.utils.ironic-api:Get:60 http://ports.ubuntu.com bionic/main s390x python3-sqlparse all 0.2.4-0.1 [28.1 kB]
INFO:kolla.common.utils.ironic-api:Get:61 http://ports.ubuntu.com bionic/universe s390x python3-testresources all 2.0.0-2 [26.4 kB]
INFO:kolla.common.utils.ironic-api:Get:62 http://ports.ubuntu.com bionic/main s390x python3-pyasn1 all 0.4.2-3 [46.8 kB]
INFO:kolla.common.utils.ironic-api:Get:63 http://ports.ubuntu.com bionic-updates/main s390x python3-paramiko all 2.0.0-1ubuntu1.2 [110 kB]
INFO:kolla.common.utils.ironic-api:Get:64 http://ports.ubuntu.com bionic/universe s390x python3-simplegeneric all 0.8.1-1 [11.5 kB]
INFO:kolla.common.utils.ironic-api:Get:65 http://ports.ubuntu.com bionic/universe s390x python3-singledispatch all 3.4.0.3-2 [7,022 B]
INFO:kolla.common.utils.ironic-api:Get:66 http://ports.ubuntu.com bionic/main s390x python3-waitress all 1.0.1-1 [53.4 kB]
INFO:kolla.common.utils.ironic-api:Get:67 http://ports.ubuntu.com bionic/main s390x python3-webtest all 2.0.28-1ubuntu1 [27.9 kB]
INFO:kolla.common.utils.ironic-api:Get:68 http://ports.ubuntu.com bionic/universe s390x python3-pycryptodome s390x 3.4.7-1ubuntu1 [4,755 kB]
INFO:kolla.common.utils.ironic-api:Get:69 http://ports.ubuntu.com bionic/universe s390x python3-pyghmi all 1.0.32-4 [99.6 kB]
INFO:kolla.common.utils.ironic-api:Get:70 http://ports.ubuntu.com bionic/main s390x python3-pygments all 2.2.0+dfsg-1 [574 kB]
INFO:kolla.common.utils.ironic-api:Get:71 http://ports.ubuntu.com bionic/universe s390x python3-pysmi all 0.2.2-1 [48.4 kB]
INFO:kolla.common.utils.ironic-api:Get:72 http://ports.ubuntu.com bionic/universe s390x python3-retrying all 1.3.3-3 [7,980 B]
INFO:kolla.common.utils.ironic-api:Get:73 http://ports.ubuntu.com bionic/universe s390x python3-sendfile s390x 2.0.1-1build3 [8,690 B]
INFO:kolla.common.utils.ironic-api:Get:74 http://ports.ubuntu.com bionic/main s390x python3-voluptuous all 0.9.3-1 [24.2 kB]
INFO:kolla.common.utils.ironic-api:Fetched 13.4 MB in 0s (39.9 MB/s)
INFO:kolla.common.utils.ironic-api:Selecting previously unselected package libapr1:s390x.
INFO:kolla.common.utils.ironic-api:(Reading database ... (Reading database ... 5%(Reading database ... 10%(Reading database ... 15%(Reading database ... 20%(Reading database ... 25%(Reading database ... 30%(Reading database ... 35%(Reading database ... 40%(Reading database ... 45%(Reading database ... 50%(Reading database ... 55%(Reading database ... 60%(Reading database ... 65%(Reading database ... 70%(Reading database ... 75%(Reading database ... 80%
INFO:kolla.common.utils.ironic-api:(Reading database ... 85%
INFO:kolla.common.utils.ironic-api:(Reading database ... 90%
INFO:kolla.common.utils.ironic-api:(Reading database ... 95%
INFO:kolla.common.utils.ironic-api:(Reading database ... 100%(Reading database ... 22273 files and directories currently installed.)
INFO:kolla.common.utils.ironic-api:Preparing to unpack .../00-libapr1_1.6.3-2_s390x.deb ...
INFO:kolla.common.utils.ironic-api:Unpacking libapr1:s390x (1.6.3-2) ...
INFO:kolla.common.utils.ironic-api:Selecting previously unselected package libaprutil1:s390x.
INFO:kolla.common.utils.ironic-api:Preparing to unpack .../01-libaprutil1_1.6.1-2_s390x.deb ...
INFO:kolla.common.utils.ironic-api:Unpacking libaprutil1:s390x (1.6.1-2) ...
INFO:kolla.common.utils.ironic-api:Selecting previously unselected package libaprutil1-dbd-sqlite3:s390x.
INFO:kolla.common.utils.ironic-api:Preparing to unpack .../02-libaprutil1-dbd-sqlite3_1.6.1-2_s390x.deb ...
INFO:kolla.common.utils.ironic-api:Unpacking libaprutil1-dbd-sqlite3:s390x (1.6.1-2) ...
INFO:kolla.common.utils.ironic-api:Selecting previously unselected package libaprutil1-ldap:s390x.
INFO:kolla.common.utils.ironic-api:Preparing to unpack .../03-libaprutil1-ldap_1.6.1-2_s390x.deb ...
INFO:kolla.common.utils.ironic-api:Unpacking libaprutil1-ldap:s390x (1.6.1-2) ...
INFO:kolla.common.utils.ironic-api:Selecting previously unselected package liblua5.2-0:s390x.
INFO:kolla.common.utils.ironic-api:Preparing to unpack .../04-liblua5.2-0_5.2.4-1.1build1_s390x.deb ...
INFO:kolla.common.utils.ironic-api:Unpacking liblua5.2-0:s390x (5.2.4-1.1build1) ...
INFO:kolla.common.utils.ironic-api:Selecting previously unselected package apache2-bin.
INFO:kolla.common.utils.ironic-api:Preparing to unpack .../05-apache2-bin_2.4.29-1ubuntu4.12_s390x.deb ...
INFO:kolla.common.utils.ironic-api:Unpacking apache2-bin (2.4.29-1ubuntu4.12) ...
INFO:kolla.common.utils.ironic-api:Selecting previously unselected package apache2-utils.
INFO:kolla.common.utils.ironic-api:Preparing to unpack .../06-apache2-utils_2.4.29-1ubuntu4.12_s390x.deb ...
INFO:kolla.common.utils.ironic-api:Unpacking apache2-utils (2.4.29-1ubuntu4.12) ...
INFO:kolla.common.utils.ironic-api:Selecting previously unselected package apache2-data.
INFO:kolla.common.utils.ironic-api:Preparing to unpack .../07-apache2-data_2.4.29-1ubuntu4.12_all.deb ...
INFO:kolla.common.utils.ironic-api:Unpacking apache2-data (2.4.29-1ubuntu4.12) ...
INFO:kolla.common.utils.ironic-api:Selecting previously unselected package apache2.
INFO:kolla.common.utils.ironic-api:Preparing to unpack .../08-apache2_2.4.29-1ubuntu4.12_s390x.deb ...
INFO:kolla.common.utils.ironic-api:Unpacking apache2 (2.4.29-1ubuntu4.12) ...
INFO:kolla.common.utils.ironic-api:Selecting previously unselected package python3-sqlalchemy.
INFO:kolla.common.utils.ironic-api:Preparing to unpack .../09-python3-sqlalchemy_1.2.18+ds1-2ubuntu2~cloud0_all.deb ...
INFO:kolla.common.utils.ironic-api:Unpacking python3-sqlalchemy (1.2.18+ds1-2ubuntu2~cloud0) ...
INFO:kolla.common.utils.ironic-api:Selecting previously unselected package python3-alembic.
INFO:kolla.common.utils.ironic-api:Preparing to unpack .../10-python3-alembic_1.0.0-2ubuntu2~cloud0_all.deb ...
INFO:kolla.common.utils.ironic-api:Unpacking python3-alembic (1.0.0-2ubuntu2~cloud0) ...
INFO:kolla.common.utils.ironic-api:Selecting previously unselected package libjs-jquery.
INFO:kolla.common.utils.ironic-api:Preparing to unpack .../11-libjs-jquery_3.2.1-1_all.deb ...
INFO:kolla.common.utils.ironic-api:Unpacking libjs-jquery (3.2.1-1) ...
INFO:kolla.common.utils.ironic-api:Selecting previously unselected package libjs-underscore.
INFO:kolla.common.utils.ironic-api:Preparing to unpack .../12-libjs-underscore_1.8.3~dfsg-1_all.deb ...
INFO:kolla.common.utils.ironic-api:Unpacking libjs-underscore (1.8.3~dfsg-1) ...
INFO:kolla.common.utils.ironic-api:Selecting previously unselected package libjs-sphinxdoc.
INFO:kolla.common.utils.ironic-api:Preparing to unpack .../13-libjs-sphinxdoc_1.8.5-3~cloud0_all.deb ...
INFO:kolla.common.utils.ironic-api:Unpacking libjs-sphinxdoc (1.8.5-3~cloud0) ...
INFO:kolla.common.utils.ironic-api:Selecting previously unselected package alembic.
INFO:kolla.common.utils.ironic-api:Preparing to unpack .../14-alembic_1.0.0-2ubuntu2~cloud0_all.deb ...
INFO:kolla.common.utils.ironic-api:Unpacking alembic (1.0.0-2ubuntu2~cloud0) ...
INFO:kolla.common.utils.ironic-api:Selecting previously unselected package libpython3.6:s390x.
INFO:kolla.common.utils.ironic-api:Preparing to unpack .../15-libpython3.6_3.6.9-1~18.04_s390x.deb ...
INFO:kolla.common.utils.ironic-api:Unpacking libpython3.6:s390x (3.6.9-1~18.04) ...
INFO:kolla.common.utils.ironic-api:Selecting previously unselected package libapache2-mod-wsgi-py3.
INFO:kolla.common.utils.ironic-api:Preparing to unpack .../16-libapache2-mod-wsgi-py3_4.5.17-1ubuntu1_s390x.deb ...
INFO:kolla.common.utils.ironic-api:Unpacking libapache2-mod-wsgi-py3 (4.5.17-1ubuntu1) ...
INFO:kolla.common.utils.ironic-api:Selecting previously unselected package pycadf-common.
INFO:kolla.common.utils.ironic-api:Preparing to unpack .../17-pycadf-common_2.7.0-0ubuntu1_all.deb ...
INFO:kolla.common.utils.ironic-api:Unpacking pycadf-common (2.7.0-0ubuntu1) ...
INFO:kolla.common.utils.ironic-api:Selecting previously unselected package python-pastedeploy-tpl.
INFO:kolla.common.utils.ironic-api:Preparing to unpack .../18-python-pastedeploy-tpl_1.5.2-4_all.deb ...
INFO:kolla.common.utils.ironic-api:Unpacking python-pastedeploy-tpl (1.5.2-4) ...
INFO:kolla.common.utils.ironic-api:Selecting previously unselected package python3-vine.
INFO:kolla.common.utils.ironic-api:Preparing to unpack .../19-python3-vine_1.1.4+dfsg-2_all.deb ...
INFO:kolla.common.utils.ironic-api:Unpacking python3-vine (1.1.4+dfsg-2) ...
INFO:kolla.common.utils.ironic-api:Selecting previously unselected package python3-amqp.
INFO:kolla.common.utils.ironic-api:Preparing to unpack .../20-python3-amqp_2.5.0-2~cloud0_all.deb ...
INFO:kolla.common.utils.ironic-api:Unpacking python3-amqp (2.5.0-2~cloud0) ...
INFO:kolla.common.utils.ironic-api:Selecting previously unselected package python3-anyjson.
INFO:kolla.common.utils.ironic-api:Preparing to unpack .../21-python3-anyjson_0.3.3-1build1_all.deb ...
INFO:kolla.common.utils.ironic-api:Unpacking python3-anyjson (0.3.3-1build1) ...
INFO:kolla.common.utils.ironic-api:Selecting previously unselected package python3-automaton.
INFO:kolla.common.utils.ironic-api:Preparing to unpack .../22-python3-automaton_1.14.0-0ubuntu1_all.deb ...
INFO:kolla.common.utils.ironic-api:Unpacking python3-automaton (1.14.0-0ubuntu1) ...
INFO:kolla.common.utils.ironic-api:Selecting previously unselected package python3-bs4.
INFO:kolla.common.utils.ironic-api:Preparing to unpack .../23-python3-bs4_4.6.0-1_all.deb ...
INFO:kolla.common.utils.ironic-api:Unpacking python3-bs4 (4.6.0-1) ...
INFO:kolla.common.utils.ironic-api:Selecting previously unselected package python3-cachetools.
INFO:kolla.common.utils.ironic-api:Preparing to unpack .../24-python3-cachetools_3.1.0-2~cloud0_all.deb ...
INFO:kolla.common.utils.ironic-api:Unpacking python3-cachetools (3.1.0-2~cloud0) ...
INFO:kolla.common.utils.ironic-api:Selecting previously unselected package python3-tempita.
INFO:kolla.common.utils.ironic-api:Preparing to unpack .../25-python3-tempita_0.5.2-2_all.deb ...
INFO:kolla.common.utils.ironic-api:Unpacking python3-tempita (0.5.2-2) ...
INFO:kolla.common.utils.ironic-api:Selecting previously unselected package python3-paste.
INFO:kolla.common.utils.ironic-api:Preparing to unpack .../26-python3-paste_2.0.3+dfsg-4ubuntu1_all.deb ...
INFO:kolla.common.utils.ironic-api:Unpacking python3-paste (2.0.3+dfsg-4ubuntu1) ...
INFO:kolla.common.utils.ironic-api:Selecting previously unselected package python3-pastedeploy.
INFO:kolla.common.utils.ironic-api:Preparing to unpack .../27-python3-pastedeploy_1.5.2-4_all.deb ...
INFO:kolla.common.utils.ironic-api:Unpacking python3-pastedeploy (1.5.2-4) ...
INFO:kolla.common.utils.ironic-api:Selecting previously unselected package python3-repoze.lru.
INFO:kolla.common.utils.ironic-api:Preparing to unpack .../28-python3-repoze.lru_0.7-1_all.deb ...
INFO:kolla.common.utils.ironic-api:Unpacking python3-repoze.lru (0.7-1) ...
INFO:kolla.common.utils.ironic-api:Selecting previously unselected package python3-routes.
INFO:kolla.common.utils.ironic-api:Preparing to unpack .../29-python3-routes_2.4.1-1_all.deb ...
INFO:kolla.common.utils.ironic-api:Unpacking python3-routes (2.4.1-1) ...
INFO:kolla.common.utils.ironic-api:Selecting previously unselected package python3-oslo.service.
INFO:kolla.common.utils.ironic-api:Preparing to unpack .../30-python3-oslo.service_1.40.2-0ubuntu1~cloud0_all.deb ...
INFO:kolla.common.utils.ironic-api:Unpacking python3-oslo.service (1.40.2-0ubuntu1~cloud0) ...
INFO:kolla.common.utils.ironic-api:Selecting previously unselected package python3-zeroconf.
INFO:kolla.common.utils.ironic-api:Preparing to unpack .../31-python3-zeroconf_0.19.1-1_all.deb ...
INFO:kolla.common.utils.ironic-api:Unpacking python3-zeroconf (0.19.1-1) ...
INFO:kolla.common.utils.ironic-api:Selecting previously unselected package python3-ironic-lib.
INFO:kolla.common.utils.ironic-api:Preparing to unpack .../32-python3-ironic-lib_2.21.0-0ubuntu1~cloud0_all.deb ...
INFO:kolla.common.utils.ironic-api:Unpacking python3-ironic-lib (2.21.0-0ubuntu1~cloud0) ...
INFO:kolla.common.utils.ironic-api:Selecting previously unselected package python3-jinja2.
INFO:kolla.common.utils.ironic-api:Preparing to unpack .../33-python3-jinja2_2.10-1ubuntu0.18.04.1_all.deb ...
INFO:kolla.common.utils.ironic-api:Unpacking python3-jinja2 (2.10-1ubuntu0.18.04.1) ...
INFO:kolla.common.utils.ironic-api:Selecting previously unselected package python3-oslo.cache.
INFO:kolla.common.utils.ironic-api:Preparing to unpack .../34-python3-oslo.cache_1.37.0-0ubuntu1~cloud0_all.deb ...
INFO:kolla.common.utils.ironic-api:Unpacking python3-oslo.cache (1.37.0-0ubuntu1~cloud0) ...
INFO:kolla.common.utils.ironic-api:Selecting previously unselected package python3-pycadf.
INFO:kolla.common.utils.ironic-api:Preparing to unpack .../35-python3-pycadf_2.7.0-0ubuntu1_all.deb ...
INFO:kolla.common.utils.ironic-api:Unpacking python3-pycadf (2.7.0-0ubuntu1) ...
INFO:kolla.common.utils.ironic-api:Selecting previously unselected package python3-keystonemiddleware.
INFO:kolla.common.utils.ironic-api:Preparing to unpack .../36-python3-keystonemiddleware_7.0.1-0ubuntu1~cloud0_all.deb ...
INFO:kolla.common.utils.ironic-api:Unpacking python3-keystonemiddleware (7.0.1-0ubuntu1~cloud0) ...
INFO:kolla.common.utils.ironic-api:Selecting previously unselected package python3-kombu.
INFO:kolla.common.utils.ironic-api:Preparing to unpack .../37-python3-kombu_4.1.0-1_all.deb ...
INFO:kolla.common.utils.ironic-api:Unpacking python3-kombu (4.1.0-1) ...
INFO:kolla.common.utils.ironic-api:Selecting previously unselected package python3-logutils.
INFO:kolla.common.utils.ironic-api:Preparing to unpack .../38-python3-logutils_0.3.3-5_all.deb ...
INFO:kolla.common.utils.ironic-api:Unpacking python3-logutils (0.3.3-5) ...
INFO:kolla.common.utils.ironic-api:Selecting previously unselected package python3-sqlparse.
INFO:kolla.common.utils.ironic-api:Preparing to unpack .../39-python3-sqlparse_0.2.4-0.1_all.deb ...
INFO:kolla.common.utils.ironic-api:Unpacking python3-sqlparse (0.2.4-0.1) ...
INFO:kolla.common.utils.ironic-api:Selecting previously unselected package python3-migrate.
INFO:kolla.common.utils.ironic-api:Preparing to unpack .../40-python3-migrate_0.12.0-3~cloud0_all.deb ...
INFO:kolla.common.utils.ironic-api:Unpacking python3-migrate (0.12.0-3~cloud0) ...
INFO:kolla.common.utils.ironic-api:Selecting previously unselected package python3-os-traits.
INFO:kolla.common.utils.ironic-api:Preparing to unpack .../41-python3-os-traits_0.16.0-0ubuntu1~cloud0_all.deb ...
INFO:kolla.common.utils.ironic-api:Unpacking python3-os-traits (0.16.0-0ubuntu1~cloud0) ...
INFO:kolla.common.utils.ironic-api:Selecting previously unselected package python3-testresources.
INFO:kolla.common.utils.ironic-api:Preparing to unpack .../42-python3-testresources_2.0.0-2_all.deb ...
INFO:kolla.common.utils.ironic-api:Unpacking python3-testresources (2.0.0-2) ...
INFO:kolla.common.utils.ironic-api:Selecting previously unselected package python3-testscenarios.
INFO:kolla.common.utils.ironic-api:Preparing to unpack .../43-python3-testscenarios_0.5.0-2~cloud0_all.deb ...
INFO:kolla.common.utils.ironic-api:Unpacking python3-testscenarios (0.5.0-2~cloud0) ...
INFO:kolla.common.utils.ironic-api:Selecting previously unselected package python3-oslo.db.
INFO:kolla.common.utils.ironic-api:Preparing to unpack .../44-python3-oslo.db_5.0.2-0ubuntu1~cloud0_all.deb ...
INFO:kolla.common.utils.ironic-api:Unpacking python3-oslo.db (5.0.2-0ubuntu1~cloud0) ...
INFO:kolla.common.utils.ironic-api:Selecting previously unselected package python3-oslo.middleware.
INFO:kolla.common.utils.ironic-api:Preparing to unpack .../45-python3-oslo.middleware_3.38.1-0ubuntu1~cloud0_all.deb ...
INFO:kolla.common.utils.ironic-api:Unpacking python3-oslo.middleware (3.38.1-0ubuntu1~cloud0) ...
INFO:kolla.common.utils.ironic-api:Selecting previously unselected package python3-tenacity.
INFO:kolla.common.utils.ironic-api:Preparing to unpack .../46-python3-tenacity_5.1.1-0ubuntu2~cloud0_all.deb ...
INFO:kolla.common.utils.ironic-api:Unpacking python3-tenacity (5.1.1-0ubuntu2~cloud0) ...
INFO:kolla.common.utils.ironic-api:Selecting previously unselected package python3-oslo.messaging.
INFO:kolla.common.utils.ironic-api:Preparing to unpack .../47-python3-oslo.messaging_9.7.1-0ubuntu3~cloud0_all.deb ...
INFO:kolla.common.utils.ironic-api:Unpacking python3-oslo.messaging (9.7.1-0ubuntu3~cloud0) ...
INFO:kolla.common.utils.ironic-api:Selecting previously unselected package python3-oslo.policy.
INFO:kolla.common.utils.ironic-api:Preparing to unpack .../48-python3-oslo.policy_2.3.2-0ubuntu1~cloud0_all.deb ...
INFO:kolla.common.utils.ironic-api:Unpacking python3-oslo.policy (2.3.2-0ubuntu1~cloud0) ...
INFO:kolla.common.utils.ironic-api:Selecting previously unselected package python3-psutil.
INFO:kolla.common.utils.ironic-api:Preparing to unpack .../49-python3-psutil_5.5.1-1build1~cloud0_s390x.deb ...
INFO:kolla.common.utils.ironic-api:Unpacking python3-psutil (5.5.1-1build1~cloud0) ...
INFO:kolla.common.utils.ironic-api:Selecting previously unselected package python3-oslo.reports.
INFO:kolla.common.utils.ironic-api:Preparing to unpack .../50-python3-oslo.reports_1.30.0-0ubuntu1~cloud0_all.deb ...
INFO:kolla.common.utils.ironic-api:Unpacking python3-oslo.reports (1.30.0-0ubuntu1~cloud0) ...
INFO:kolla.common.utils.ironic-api:Selecting previously unselected package python3-oslo.rootwrap.
INFO:kolla.common.utils.ironic-api:Preparing to unpack .../51-python3-oslo.rootwrap_5.16.1-0ubuntu1~cloud0_all.deb ...
INFO:kolla.common.utils.ironic-api:Unpacking python3-oslo.rootwrap (5.16.1-0ubuntu1~cloud0) ...
INFO:kolla.common.utils.ironic-api:Selecting previously unselected package python3-oslo.upgradecheck.
INFO:kolla.common.utils.ironic-api:Preparing to unpack .../52-python3-oslo.upgradecheck_0.3.2-0ubuntu1~cloud0_all.deb ...
INFO:kolla.common.utils.ironic-api:Unpacking python3-oslo.upgradecheck (0.3.2-0ubuntu1~cloud0) ...
INFO:kolla.common.utils.ironic-api:Selecting previously unselected package python3-oslo.versionedobjects.
INFO:kolla.common.utils.ironic-api:Preparing to unpack .../53-python3-oslo.versionedobjects_1.36.1-0ubuntu1~cloud0_all.deb ...
INFO:kolla.common.utils.ironic-api:Unpacking python3-oslo.versionedobjects (1.36.1-0ubuntu1~cloud0) ...
INFO:kolla.common.utils.ironic-api:Selecting previously unselected package python3-pyasn1.
INFO:kolla.common.utils.ironic-api:Preparing to unpack .../54-python3-pyasn1_0.4.2-3_all.deb ...
INFO:kolla.common.utils.ironic-api:Unpacking python3-pyasn1 (0.4.2-3) ...
INFO:kolla.common.utils.ironic-api:Selecting previously unselected package python3-paramiko.
INFO:kolla.common.utils.ironic-api:Preparing to unpack .../55-python3-paramiko_2.0.0-1ubuntu1.2_all.deb ...
INFO:kolla.common.utils.ironic-api:Unpacking python3-paramiko (2.0.0-1ubuntu1.2) ...
INFO:kolla.common.utils.ironic-api:Selecting previously unselected package python3-simplegeneric.
INFO:kolla.common.utils.ironic-api:Preparing to unpack .../56-python3-simplegeneric_0.8.1-1_all.deb ...
INFO:kolla.common.utils.ironic-api:Unpacking python3-simplegeneric (0.8.1-1) ...
INFO:kolla.common.utils.ironic-api:Selecting previously unselected package python3-singledispatch.
INFO:kolla.common.utils.ironic-api:Preparing to unpack .../57-python3-singledispatch_3.4.0.3-2_all.deb ...
INFO:kolla.common.utils.ironic-api:Unpacking python3-singledispatch (3.4.0.3-2) ...
INFO:kolla.common.utils.ironic-api:Selecting previously unselected package python3-waitress.
INFO:kolla.common.utils.ironic-api:Preparing to unpack .../58-python3-waitress_1.0.1-1_all.deb ...
INFO:kolla.common.utils.ironic-api:Unpacking python3-waitress (1.0.1-1) ...
INFO:kolla.common.utils.ironic-api:Selecting previously unselected package python3-webtest.
INFO:kolla.common.utils.ironic-api:Preparing to unpack .../59-python3-webtest_2.0.28-1ubuntu1_all.deb ...
INFO:kolla.common.utils.ironic-api:Unpacking python3-webtest (2.0.28-1ubuntu1) ...
INFO:kolla.common.utils.ironic-api:Selecting previously unselected package python3-pecan.
INFO:kolla.common.utils.ironic-api:Preparing to unpack .../60-python3-pecan_1.3.3-0ubuntu2~cloud0_all.deb ...
INFO:kolla.common.utils.ironic-api:Unpacking python3-pecan (1.3.3-0ubuntu2~cloud0) ...
INFO:kolla.common.utils.ironic-api:Selecting previously unselected package python3-pycryptodome.
INFO:kolla.common.utils.ironic-api:Preparing to unpack .../61-python3-pycryptodome_3.4.7-1ubuntu1_s390x.deb ...
INFO:kolla.common.utils.ironic-api:Unpacking python3-pycryptodome (3.4.7-1ubuntu1) ...
INFO:kolla.common.utils.ironic-api:Selecting previously unselected package python3-pyghmi.
INFO:kolla.common.utils.ironic-api:Preparing to unpack .../62-python3-pyghmi_1.0.32-4_all.deb ...
INFO:kolla.common.utils.ironic-api:Unpacking python3-pyghmi (1.0.32-4) ...
INFO:kolla.common.utils.ironic-api:Selecting previously unselected package python3-pygments.
INFO:kolla.common.utils.ironic-api:Preparing to unpack .../63-python3-pygments_2.2.0+dfsg-1_all.deb ...
INFO:kolla.common.utils.ironic-api:Unpacking python3-pygments (2.2.0+dfsg-1) ...
INFO:kolla.common.utils.ironic-api:Selecting previously unselected package python3-pysmi.
INFO:kolla.common.utils.ironic-api:Preparing to unpack .../64-python3-pysmi_0.2.2-1_all.deb ...
INFO:kolla.common.utils.ironic-api:Unpacking python3-pysmi (0.2.2-1) ...
INFO:kolla.common.utils.ironic-api:Selecting previously unselected package python3-pysnmp4.
INFO:kolla.common.utils.ironic-api:Preparing to unpack .../65-python3-pysnmp4_4.4.6+repack1-1~cloud0_all.deb ...
INFO:kolla.common.utils.ironic-api:Unpacking python3-pysnmp4 (4.4.6+repack1-1~cloud0) ...
INFO:kolla.common.utils.ironic-api:Selecting previously unselected package python3-retrying.
INFO:kolla.common.utils.ironic-api:Preparing to unpack .../66-python3-retrying_1.3.3-3_all.deb ...
INFO:kolla.common.utils.ironic-api:Unpacking python3-retrying (1.3.3-3) ...
INFO:kolla.common.utils.ironic-api:Selecting previously unselected package python3-scciclient.
INFO:kolla.common.utils.ironic-api:Preparing to unpack .../67-python3-scciclient_0.8.0-0ubuntu2~cloud0_all.deb ...
INFO:kolla.common.utils.ironic-api:Unpacking python3-scciclient (0.8.0-0ubuntu2~cloud0) ...
INFO:kolla.common.utils.ironic-api:Selecting previously unselected package python3-sendfile.
INFO:kolla.common.utils.ironic-api:Preparing to unpack .../68-python3-sendfile_2.0.1-1build3_s390x.deb ...
INFO:kolla.common.utils.ironic-api:Unpacking python3-sendfile (2.0.1-1build3) ...
INFO:kolla.common.utils.ironic-api:Selecting previously unselected package python3-voluptuous.
INFO:kolla.common.utils.ironic-api:Preparing to unpack .../69-python3-voluptuous_0.9.3-1_all.deb ...
INFO:kolla.common.utils.ironic-api:Unpacking python3-voluptuous (0.9.3-1) ...
INFO:kolla.common.utils.ironic-api:Selecting previously unselected package python3-tooz.
INFO:kolla.common.utils.ironic-api:Preparing to unpack .../70-python3-tooz_1.66.2-0ubuntu1~cloud0_all.deb ...
INFO:kolla.common.utils.ironic-api:Unpacking python3-tooz (1.66.2-0ubuntu1~cloud0) ...
INFO:kolla.common.utils.ironic-api:Selecting previously unselected package python3-wsme.
INFO:kolla.common.utils.ironic-api:Preparing to unpack .../71-python3-wsme_0.9.3-3~cloud0_all.deb ...
INFO:kolla.common.utils.ironic-api:Unpacking python3-wsme (0.9.3-3~cloud0) ...
INFO:kolla.common.utils.ironic-api:Selecting previously unselected package python3-ironic.
INFO:kolla.common.utils.ironic-api:Preparing to unpack .../72-python3-ironic_1%3a13.0.1-0ubuntu1~cloud0_all.deb ...
INFO:kolla.common.utils.ironic-api:Unpacking python3-ironic (1:13.0.1-0ubuntu1~cloud0) ...
INFO:kolla.common.utils.ironic-api:Selecting previously unselected package ironic-api.
INFO:kolla.common.utils.ironic-api:Preparing to unpack .../73-ironic-api_1%3a13.0.1-0ubuntu1~cloud0_all.deb ...
INFO:kolla.common.utils.ironic-api:Unpacking ironic-api (1:13.0.1-0ubuntu1~cloud0) ...
INFO:kolla.common.utils.ironic-api:Setting up python3-logutils (0.3.3-5) ...
INFO:kolla.common.utils.ironic-api:Setting up libjs-jquery (3.2.1-1) ...
INFO:kolla.common.utils.ironic-api:Setting up libapr1:s390x (1.6.3-2) ...
INFO:kolla.common.utils.ironic-api:Setting up python3-sqlalchemy (1.2.18+ds1-2ubuntu2~cloud0) ...
INFO:kolla.common.utils.ironic-api:Setting up python3-simplegeneric (0.8.1-1) ...
INFO:kolla.common.utils.ironic-api:Setting up python3-zeroconf (0.19.1-1) ...
INFO:kolla.common.utils.ironic-api:Setting up libjs-underscore (1.8.3~dfsg-1) ...
INFO:kolla.common.utils.ironic-api:Setting up python3-waitress (1.0.1-1) ...
INFO:kolla.common.utils.ironic-api:update-alternatives: using /usr/bin/waitress-serve-python3 to provide /usr/bin/waitress-serve (waitress-serve) in auto mode
INFO:kolla.common.utils.ironic-api:Setting up python3-sqlparse (0.2.4-0.1) ...
INFO:kolla.common.utils.ironic-api:Setting up python3-oslo.rootwrap (5.16.1-0ubuntu1~cloud0) ...
INFO:kolla.common.utils.ironic-api:Setting up python3-tempita (0.5.2-2) ...
INFO:kolla.common.utils.ironic-api:Setting up python3-singledispatch (3.4.0.3-2) ...
INFO:kolla.common.utils.ironic-api:Setting up python3-alembic (1.0.0-2ubuntu2~cloud0) ...
INFO:kolla.common.utils.ironic-api:Setting up libjs-sphinxdoc (1.8.5-3~cloud0) ...
INFO:kolla.common.utils.ironic-api:Setting up apache2-data (2.4.29-1ubuntu4.12) ...
INFO:kolla.common.utils.ironic-api:Setting up python3-tenacity (5.1.1-0ubuntu2~cloud0) ...
INFO:kolla.common.utils.ironic-api:Setting up python3-testscenarios (0.5.0-2~cloud0) ...
INFO:kolla.common.utils.ironic-api:Setting up python3-bs4 (4.6.0-1) ...
INFO:kolla.common.utils.ironic-api:Setting up python3-oslo.policy (2.3.2-0ubuntu1~cloud0) ...
INFO:kolla.common.utils.ironic-api:Setting up python3-psutil (5.5.1-1build1~cloud0) ...
INFO:kolla.common.utils.ironic-api:Setting up python3-os-traits (0.16.0-0ubuntu1~cloud0) ...
INFO:kolla.common.utils.ironic-api:Setting up python3-testresources (2.0.0-2) ...
INFO:kolla.common.utils.ironic-api:Setting up python3-pyasn1 (0.4.2-3) ...
INFO:kolla.common.utils.ironic-api:Setting up pycadf-common (2.7.0-0ubuntu1) ...
INFO:kolla.common.utils.ironic-api:Setting up python3-oslo.cache (1.37.0-0ubuntu1~cloud0) ...
INFO:kolla.common.utils.ironic-api:Setting up python3-pycadf (2.7.0-0ubuntu1) ...
INFO:kolla.common.utils.ironic-api:Setting up libaprutil1:s390x (1.6.1-2) ...
INFO:kolla.common.utils.ironic-api:Setting up python3-jinja2 (2.10-1ubuntu0.18.04.1) ...
INFO:kolla.common.utils.ironic-api:Setting up python3-repoze.lru (0.7-1) ...
INFO:kolla.common.utils.ironic-api:Setting up python3-retrying (1.3.3-3) ...
INFO:kolla.common.utils.ironic-api:Setting up python3-paste (2.0.3+dfsg-4ubuntu1) ...
INFO:kolla.common.utils.ironic-api:Setting up python3-migrate (0.12.0-3~cloud0) ...
INFO:kolla.common.utils.ironic-api:Setting up python3-anyjson (0.3.3-1build1) ...
INFO:kolla.common.utils.ironic-api:Setting up python3-pysmi (0.2.2-1) ...
INFO:kolla.common.utils.ironic-api:Setting up liblua5.2-0:s390x (5.2.4-1.1build1) ...
INFO:kolla.common.utils.ironic-api:Setting up python3-keystonemiddleware (7.0.1-0ubuntu1~cloud0) ...
INFO:kolla.common.utils.ironic-api:Setting up python-pastedeploy-tpl (1.5.2-4) ...
INFO:kolla.common.utils.ironic-api:Setting up python3-pycryptodome (3.4.7-1ubuntu1) ...
INFO:kolla.common.utils.ironic-api:Setting up python3-sendfile (2.0.1-1build3) ...
INFO:kolla.common.utils.ironic-api:Setting up python3-cachetools (3.1.0-2~cloud0) ...
INFO:kolla.common.utils.ironic-api:Setting up python3-pyghmi (1.0.32-4) ...
INFO:kolla.common.utils.ironic-api:Setting up python3-vine (1.1.4+dfsg-2) ...
INFO:kolla.common.utils.ironic-api:Setting up python3-automaton (1.14.0-0ubuntu1) ...
INFO:kolla.common.utils.ironic-api:Setting up python3-voluptuous (0.9.3-1) ...
INFO:kolla.common.utils.ironic-api:Setting up python3-oslo.upgradecheck (0.3.2-0ubuntu1~cloud0) ...
INFO:kolla.common.utils.ironic-api:Setting up alembic (1.0.0-2ubuntu2~cloud0) ...
INFO:kolla.common.utils.ironic-api:Setting up python3-routes (2.4.1-1) ...
INFO:kolla.common.utils.ironic-api:Setting up libpython3.6:s390x (3.6.9-1~18.04) ...
INFO:kolla.common.utils.ironic-api:Setting up libaprutil1-ldap:s390x (1.6.1-2) ...
INFO:kolla.common.utils.ironic-api:Setting up python3-pygments (2.2.0+dfsg-1) ...
INFO:kolla.common.utils.ironic-api:Setting up python3-paramiko (2.0.0-1ubuntu1.2) ...
INFO:kolla.common.utils.ironic-api:Setting up python3-oslo.middleware (3.38.1-0ubuntu1~cloud0) ...
INFO:kolla.common.utils.ironic-api:Setting up libaprutil1-dbd-sqlite3:s390x (1.6.1-2) ...
INFO:kolla.common.utils.ironic-api:Setting up python3-amqp (2.5.0-2~cloud0) ...
INFO:kolla.common.utils.ironic-api:Setting up python3-oslo.reports (1.30.0-0ubuntu1~cloud0) ...
INFO:kolla.common.utils.ironic-api:Setting up apache2-utils (2.4.29-1ubuntu4.12) ...
INFO:kolla.common.utils.ironic-api:Setting up python3-tooz (1.66.2-0ubuntu1~cloud0) ...
INFO:kolla.common.utils.ironic-api:Setting up apache2-bin (2.4.29-1ubuntu4.12) ...
INFO:kolla.common.utils.ironic-api:Setting up python3-kombu (4.1.0-1) ...
INFO:kolla.common.utils.ironic-api:Setting up python3-oslo.db (5.0.2-0ubuntu1~cloud0) ...
INFO:kolla.common.utils.ironic-api:Setting up python3-wsme (0.9.3-3~cloud0) ...
INFO:kolla.common.utils.ironic-api:Setting up python3-pysnmp4 (4.4.6+repack1-1~cloud0) ...
INFO:kolla.common.utils.ironic-api:Setting up python3-pastedeploy (1.5.2-4) ...
INFO:kolla.common.utils.ironic-api:Setting up libapache2-mod-wsgi-py3 (4.5.17-1ubuntu1) ...
INFO:kolla.common.utils.ironic-api:Package apache2 is not configured yet. Will defer actions by package libapache2-mod-wsgi-py3.
INFO:kolla.common.utils.ironic-api:Setting up python3-webtest (2.0.28-1ubuntu1) ...
INFO:kolla.common.utils.ironic-api:Setting up apache2 (2.4.29-1ubuntu4.12) ...
INFO:kolla.common.utils.ironic-api:Enabling module mpm_event.
INFO:kolla.common.utils.ironic-api:Enabling module authz_core.
INFO:kolla.common.utils.ironic-api:Enabling module authz_host.
INFO:kolla.common.utils.ironic-api:Enabling module authn_core.
INFO:kolla.common.utils.ironic-api:Enabling module auth_basic.
INFO:kolla.common.utils.ironic-api:Enabling module access_compat.
INFO:kolla.common.utils.ironic-api:Enabling module authn_file.
INFO:kolla.common.utils.ironic-api:Enabling module authz_user.
INFO:kolla.common.utils.ironic-api:Enabling module alias.
INFO:kolla.common.utils.ironic-api:Enabling module dir.
INFO:kolla.common.utils.ironic-api:Enabling module autoindex.
INFO:kolla.common.utils.ironic-api:Enabling module env.
INFO:kolla.common.utils.ironic-api:Enabling module mime.
INFO:kolla.common.utils.ironic-api:Enabling module negotiation.
INFO:kolla.common.utils.ironic-api:Enabling module setenvif.
INFO:kolla.common.utils.ironic-api:Enabling module filter.
INFO:kolla.common.utils.ironic-api:Enabling module deflate.
INFO:kolla.common.utils.ironic-api:Enabling module status.
INFO:kolla.common.utils.ironic-api:Enabling module reqtimeout.
INFO:kolla.common.utils.ironic-api:Enabling conf charset.
INFO:kolla.common.utils.ironic-api:Enabling conf localized-error-pages.
INFO:kolla.common.utils.ironic-api:Enabling conf other-vhosts-access-log.
INFO:kolla.common.utils.ironic-api:Enabling conf security.
INFO:kolla.common.utils.ironic-api:Enabling conf serve-cgi-bin.
INFO:kolla.common.utils.ironic-api:Enabling site 000-default.
INFO:kolla.common.utils.ironic-api:info: Executing deferred 'a2enmod wsgi' for package libapache2-mod-wsgi-py3
INFO:kolla.common.utils.ironic-api:Enabling module wsgi.
INFO:kolla.common.utils.ironic-api:invoke-rc.d: could not determine current runlevel
INFO:kolla.common.utils.ironic-api:invoke-rc.d: policy-rc.d denied execution of start.
INFO:kolla.common.utils.ironic-api:Setting up python3-pecan (1.3.3-0ubuntu2~cloud0) ...
INFO:kolla.common.utils.ironic-api:Setting up python3-scciclient (0.8.0-0ubuntu2~cloud0) ...
INFO:kolla.common.utils.ironic-api:Setting up python3-oslo.service (1.40.2-0ubuntu1~cloud0) ...
INFO:kolla.common.utils.ironic-api:Setting up python3-oslo.messaging (9.7.1-0ubuntu3~cloud0) ...
INFO:kolla.common.utils.ironic-api:Setting up python3-ironic-lib (2.21.0-0ubuntu1~cloud0) ...
INFO:kolla.common.utils.ironic-api:Setting up python3-oslo.versionedobjects (1.36.1-0ubuntu1~cloud0) ...
INFO:kolla.common.utils.ironic-api:Setting up python3-ironic (1:13.0.1-0ubuntu1~cloud0) ...
INFO:kolla.common.utils.ironic-api:Setting up ironic-api (1:13.0.1-0ubuntu1~cloud0) ...
INFO:kolla.common.utils.ironic-api:invoke-rc.d: could not determine current runlevel
INFO:kolla.common.utils.ironic-api:invoke-rc.d: policy-rc.d denied execution of start.
INFO:kolla.common.utils.ironic-api:Processing triggers for libc-bin (2.27-3ubuntu1) ...
INFO:kolla.common.utils.ironic-api:Removing intermediate container 691118353fb4
INFO:kolla.common.utils.ironic-api: ---> 55e909dfcfdd
INFO:kolla.common.utils.ironic-api:Step 4/7 : RUN echo > /etc/apache2/ports.conf
INFO:kolla.common.utils.ironic-api: ---> Running in 3ad019a4f3b0
INFO:kolla.common.utils.ironic-api:Removing intermediate container 3ad019a4f3b0
INFO:kolla.common.utils.ironic-api: ---> 7ab373023e9d
INFO:kolla.common.utils.ironic-api:Step 5/7 : COPY extend_start.sh /usr/local/bin/kolla_ironic_extend_start
INFO:kolla.common.utils.ironic-api: ---> d8be5853bd58
INFO:kolla.common.utils.ironic-api:Step 6/7 : RUN chmod 755 /usr/local/bin/kolla_ironic_extend_start
INFO:kolla.common.utils.ironic-api: ---> Running in 8dab1b135e27
INFO:kolla.common.utils.ironic-api:Removing intermediate container 8dab1b135e27
INFO:kolla.common.utils.ironic-api: ---> 721b4755cf68
INFO:kolla.common.utils.ironic-api:Step 7/7 : USER ironic
INFO:kolla.common.utils.ironic-api: ---> Running in 1d48eecc9996
INFO:kolla.common.utils.ironic-api:Removing intermediate container 1d48eecc9996
INFO:kolla.common.utils.ironic-api: ---> 2f9dd9782470
INFO:kolla.common.utils.ironic-api:Successfully built 2f9dd9782470
INFO:kolla.common.utils.ironic-api:Successfully tagged s390x/ubuntu-binary-ironic-api:9.1.0
INFO:kolla.common.utils.ironic-api:Built at 2020-03-02 21:44:29.387274 (took 0:00:45.800226)
