INFO:kolla.common.utils.ironic-inspector:Building started at 2020-03-02 21:40:37.590447
INFO:kolla.common.utils.ironic-inspector:Step 1/7 : FROM s390x/ubuntu-binary-openstack-base:9.1.0
INFO:kolla.common.utils.ironic-inspector: ---> 0b248122f3fe
INFO:kolla.common.utils.ironic-inspector:Step 2/7 : LABEL maintainer="Kolla Project (https://launchpad.net/kolla)" name="ironic-inspector" build-date="20200302"
INFO:kolla.common.utils.ironic-inspector: ---> Running in 211167d77e61
INFO:kolla.common.utils.ironic-inspector:Removing intermediate container 211167d77e61
INFO:kolla.common.utils.ironic-inspector: ---> 2e8b8a09e239
INFO:kolla.common.utils.ironic-inspector:Step 3/7 : RUN usermod --append --home /var/lib/ironic-inspector --groups kolla ironic-inspector     && mkdir -p /var/lib/ironic-inspector     && chown -R 42461:42461 /var/lib/ironic-inspector
INFO:kolla.common.utils.ironic-inspector: ---> Running in fd9493638676
INFO:kolla.common.utils.ironic-inspector:Removing intermediate container fd9493638676
INFO:kolla.common.utils.ironic-inspector: ---> fddb569f1746
INFO:kolla.common.utils.ironic-inspector:Step 4/7 : RUN apt-get update && apt-get -y install --no-install-recommends iptables ironic-inspector && apt-get clean && rm -rf /var/lib/apt/lists/*
INFO:kolla.common.utils.ironic-inspector: ---> Running in d17821600956
INFO:kolla.common.utils.ironic-inspector:Get:1 http://ports.ubuntu.com bionic InRelease [242 kB]
INFO:kolla.common.utils.ironic-inspector:Ign:2 http://ubuntu-cloud.archive.canonical.com/ubuntu bionic-updates/ussuri InRelease
INFO:kolla.common.utils.ironic-inspector:Get:3 http://ports.ubuntu.com bionic-updates InRelease [88.7 kB]
INFO:kolla.common.utils.ironic-inspector:Get:4 http://ubuntu-cloud.archive.canonical.com/ubuntu bionic-updates/ussuri Release [7,884 B]
INFO:kolla.common.utils.ironic-inspector:Get:5 http://ports.ubuntu.com bionic-security InRelease [88.7 kB]
INFO:kolla.common.utils.ironic-inspector:Get:6 http://ubuntu-cloud.archive.canonical.com/ubuntu bionic-updates/ussuri Release.gpg [543 B]
INFO:kolla.common.utils.ironic-inspector:Get:7 http://ports.ubuntu.com bionic-backports InRelease [74.6 kB]
INFO:kolla.common.utils.ironic-inspector:Get:8 http://ports.ubuntu.com bionic/main s390x Packages [1,244 kB]
INFO:kolla.common.utils.ironic-inspector:Get:9 http://ubuntu-cloud.archive.canonical.com/ubuntu bionic-updates/ussuri/main s390x Packages [145 kB]
INFO:kolla.common.utils.ironic-inspector:Get:10 http://ports.ubuntu.com bionic/universe s390x Packages [10.8 MB]
INFO:kolla.common.utils.ironic-inspector:Get:11 http://ports.ubuntu.com bionic-updates/universe s390x Packages [1,075 kB]
INFO:kolla.common.utils.ironic-inspector:Get:12 http://ports.ubuntu.com bionic-updates/main s390x Packages [730 kB]
INFO:kolla.common.utils.ironic-inspector:Get:13 http://ports.ubuntu.com bionic-security/universe s390x Packages [625 kB]
INFO:kolla.common.utils.ironic-inspector:Get:14 http://ports.ubuntu.com bionic-security/main s390x Packages [467 kB]
INFO:kolla.common.utils.ironic-inspector:Get:15 http://ports.ubuntu.com bionic-backports/universe s390x Packages [4,242 B]
INFO:kolla.common.utils.ironic-inspector:Get:16 http://ports.ubuntu.com bionic-backports/main s390x Packages [2,494 B]
INFO:kolla.common.utils.ironic-inspector:Fetched 15.6 MB in 3s (6,037 kB/s)
INFO:kolla.common.utils.ironic-inspector:Reading package lists...
INFO:kolla.common.utils.ironic-inspector:Reading package lists...
INFO:kolla.common.utils.ironic-inspector:Building dependency tree...
INFO:kolla.common.utils.ironic-inspector:Reading state information...
INFO:kolla.common.utils.ironic-inspector:The following additional packages will be installed:
INFO:kolla.common.utils.ironic-inspector:  alembic dbconfig-common libip4tc0 libip6tc0 libiptc0 libjs-jquery
INFO:kolla.common.utils.ironic-inspector:  libjs-sphinxdoc libjs-underscore libnetfilter-conntrack3 libnfnetlink0
INFO:kolla.common.utils.ironic-inspector:  libxtables12 pycadf-common python-pastedeploy-tpl python-q-text-as-data
INFO:kolla.common.utils.ironic-inspector:  python3-alembic python3-amqp python3-anyjson python3-automaton
INFO:kolla.common.utils.ironic-inspector:  python3-cachetools python3-click python3-colorama python3-construct
INFO:kolla.common.utils.ironic-inspector:  python3-flask python3-ironic-inspector python3-ironic-lib
INFO:kolla.common.utils.ironic-inspector:  python3-itsdangerous python3-jinja2 python3-jsonpath-rw
INFO:kolla.common.utils.ironic-inspector:  python3-keystonemiddleware python3-kombu python3-migrate python3-oslo.cache
INFO:kolla.common.utils.ironic-inspector:  python3-oslo.db python3-oslo.messaging python3-oslo.middleware
INFO:kolla.common.utils.ironic-inspector:  python3-oslo.policy python3-oslo.rootwrap python3-oslo.service python3-paste
INFO:kolla.common.utils.ironic-inspector:  python3-pastedeploy python3-pycadf python3-repoze.lru python3-retrying
INFO:kolla.common.utils.ironic-inspector:  python3-routes python3-sqlalchemy python3-sqlparse python3-tempita
INFO:kolla.common.utils.ironic-inspector:  python3-tenacity python3-testresources python3-testscenarios python3-tooz
INFO:kolla.common.utils.ironic-inspector:  python3-vine python3-voluptuous python3-werkzeug python3-zeroconf sqlite3
INFO:kolla.common.utils.ironic-inspector:  ucf
INFO:kolla.common.utils.ironic-inspector:Suggested packages:
INFO:kolla.common.utils.ironic-inspector:  dbconfig-mysql | dbconfig-pgsql | dbconfig-sqlite | dbconfig-sqlite3
INFO:kolla.common.utils.ironic-inspector:  | dbconfig-no-thanks python3-editor python-amqp-doc python-automaton-doc
INFO:kolla.common.utils.ironic-inspector:  python-flask-doc python-jinja2-doc python-kombu-doc python3-boto
INFO:kolla.common.utils.ironic-inspector:  python3-django python3-pymongo python-migrate-doc python-oslo.cache-doc
INFO:kolla.common.utils.ironic-inspector:  python3-confluent-kafka python-oslo.middleware-doc python-oslo.policy-doc
INFO:kolla.common.utils.ironic-inspector:  python-oslo.service-doc httpd-wsgi libapache2-mod-python libapache2-mod-scgi
INFO:kolla.common.utils.ironic-inspector:  libjs-mochikit python-sqlalchemy-doc python3-fdb python-sqlparse-doc
INFO:kolla.common.utils.ironic-inspector:  python-tenacity-doc ipython3 python3-termcolor python3-watchdog
INFO:kolla.common.utils.ironic-inspector:  python-werkzeug-doc sqlite3-doc
INFO:kolla.common.utils.ironic-inspector:Recommended packages:
INFO:kolla.common.utils.ironic-inspector:  javascript-common python3-pastescript python3-sqlalchemy-ext
INFO:kolla.common.utils.ironic-inspector:The following NEW packages will be installed:
INFO:kolla.common.utils.ironic-inspector:  alembic dbconfig-common iptables ironic-inspector libip4tc0 libip6tc0
INFO:kolla.common.utils.ironic-inspector:  libiptc0 libjs-jquery libjs-sphinxdoc libjs-underscore
INFO:kolla.common.utils.ironic-inspector:  libnetfilter-conntrack3 libnfnetlink0 libxtables12 pycadf-common
INFO:kolla.common.utils.ironic-inspector:  python-pastedeploy-tpl python-q-text-as-data python3-alembic python3-amqp
INFO:kolla.common.utils.ironic-inspector:  python3-anyjson python3-automaton python3-cachetools python3-click
INFO:kolla.common.utils.ironic-inspector:  python3-colorama python3-construct python3-flask python3-ironic-inspector
INFO:kolla.common.utils.ironic-inspector:  python3-ironic-lib python3-itsdangerous python3-jinja2 python3-jsonpath-rw
INFO:kolla.common.utils.ironic-inspector:  python3-keystonemiddleware python3-kombu python3-migrate python3-oslo.cache
INFO:kolla.common.utils.ironic-inspector:  python3-oslo.db python3-oslo.messaging python3-oslo.middleware
INFO:kolla.common.utils.ironic-inspector:  python3-oslo.policy python3-oslo.rootwrap python3-oslo.service python3-paste
INFO:kolla.common.utils.ironic-inspector:  python3-pastedeploy python3-pycadf python3-repoze.lru python3-retrying
INFO:kolla.common.utils.ironic-inspector:  python3-routes python3-sqlalchemy python3-sqlparse python3-tempita
INFO:kolla.common.utils.ironic-inspector:  python3-tenacity python3-testresources python3-testscenarios python3-tooz
INFO:kolla.common.utils.ironic-inspector:  python3-vine python3-voluptuous python3-werkzeug python3-zeroconf sqlite3
INFO:kolla.common.utils.ironic-inspector:  ucf
INFO:kolla.common.utils.ironic-inspector:0 upgraded, 59 newly installed, 0 to remove and 0 not upgraded.
INFO:kolla.common.utils.ironic-inspector:Need to get 5,560 kB of archives.
INFO:kolla.common.utils.ironic-inspector:After this operation, 26.4 MB of additional disk space will be used.
INFO:kolla.common.utils.ironic-inspector:Get:1 http://ports.ubuntu.com bionic/main s390x libip4tc0 s390x 1.6.1-2ubuntu2 [19.3 kB]
INFO:kolla.common.utils.ironic-inspector:Get:2 http://ubuntu-cloud.archive.canonical.com/ubuntu bionic-updates/ussuri/main s390x python3-sqlalchemy all 1.2.18+ds1-2ubuntu2~cloud0 [728 kB]
INFO:kolla.common.utils.ironic-inspector:Get:3 http://ports.ubuntu.com bionic/main s390x libxtables12 s390x 1.6.1-2ubuntu2 [26.6 kB]
INFO:kolla.common.utils.ironic-inspector:Get:4 http://ports.ubuntu.com bionic/main s390x ucf all 3.0038 [50.5 kB]
INFO:kolla.common.utils.ironic-inspector:Get:5 http://ports.ubuntu.com bionic/main s390x libip6tc0 s390x 1.6.1-2ubuntu2 [19.6 kB]
INFO:kolla.common.utils.ironic-inspector:Get:6 http://ubuntu-cloud.archive.canonical.com/ubuntu bionic-updates/ussuri/main s390x python3-alembic all 1.0.0-2ubuntu2~cloud0 [111 kB]
INFO:kolla.common.utils.ironic-inspector:Get:7 http://ubuntu-cloud.archive.canonical.com/ubuntu bionic-updates/ussuri/main s390x libjs-sphinxdoc all 1.8.5-3~cloud0 [96.6 kB]
INFO:kolla.common.utils.ironic-inspector:Get:8 http://ubuntu-cloud.archive.canonical.com/ubuntu bionic-updates/ussuri/main s390x alembic all 1.0.0-2ubuntu2~cloud0 [369 kB]
INFO:kolla.common.utils.ironic-inspector:Get:9 http://ports.ubuntu.com bionic/main s390x libiptc0 s390x 1.6.1-2ubuntu2 [9,344 B]
INFO:kolla.common.utils.ironic-inspector:Get:10 http://ports.ubuntu.com bionic/main s390x libnfnetlink0 s390x 1.0.1-3 [12.9 kB]
INFO:kolla.common.utils.ironic-inspector:Get:11 http://ports.ubuntu.com bionic/main s390x libnetfilter-conntrack3 s390x 1.0.6-2 [35.8 kB]
INFO:kolla.common.utils.ironic-inspector:Get:12 http://ports.ubuntu.com bionic/main s390x iptables s390x 1.6.1-2ubuntu2 [256 kB]
INFO:kolla.common.utils.ironic-inspector:Get:13 http://ubuntu-cloud.archive.canonical.com/ubuntu bionic-updates/ussuri/main s390x python3-flask all 1.0.2-3~cloud0 [93.2 kB]
INFO:kolla.common.utils.ironic-inspector:Get:14 http://ubuntu-cloud.archive.canonical.com/ubuntu bionic-updates/ussuri/main s390x python3-oslo.service all 1.40.2-0ubuntu1~cloud0 [50.6 kB]
INFO:kolla.common.utils.ironic-inspector:Get:15 http://ports.ubuntu.com bionic/main s390x libjs-jquery all 3.2.1-1 [152 kB]
INFO:kolla.common.utils.ironic-inspector:Get:16 http://ubuntu-cloud.archive.canonical.com/ubuntu bionic-updates/ussuri/main s390x python3-ironic-lib all 2.21.0-0ubuntu1~cloud0 [45.4 kB]
INFO:kolla.common.utils.ironic-inspector:Get:17 http://ports.ubuntu.com bionic/main s390x libjs-underscore all 1.8.3~dfsg-1 [59.9 kB]
INFO:kolla.common.utils.ironic-inspector:Get:18 http://ports.ubuntu.com bionic/main s390x dbconfig-common all 2.0.9 [601 kB]
INFO:kolla.common.utils.ironic-inspector:Get:19 http://ubuntu-cloud.archive.canonical.com/ubuntu bionic-updates/ussuri/main s390x python3-oslo.cache all 1.37.0-0ubuntu1~cloud0 [34.5 kB]
INFO:kolla.common.utils.ironic-inspector:Get:20 http://ubuntu-cloud.archive.canonical.com/ubuntu bionic-updates/ussuri/main s390x python3-keystonemiddleware all 7.0.1-0ubuntu1~cloud0 [68.6 kB]
INFO:kolla.common.utils.ironic-inspector:Get:21 http://ubuntu-cloud.archive.canonical.com/ubuntu bionic-updates/ussuri/main s390x python3-migrate all 0.12.0-3~cloud0 [79.3 kB]
INFO:kolla.common.utils.ironic-inspector:Get:22 http://ubuntu-cloud.archive.canonical.com/ubuntu bionic-updates/ussuri/main s390x python3-testscenarios all 0.5.0-2~cloud0 [13.5 kB]
INFO:kolla.common.utils.ironic-inspector:Get:23 http://ubuntu-cloud.archive.canonical.com/ubuntu bionic-updates/ussuri/main s390x python3-oslo.db all 5.0.2-0ubuntu1~cloud0 [115 kB]
INFO:kolla.common.utils.ironic-inspector:Get:24 http://ubuntu-cloud.archive.canonical.com/ubuntu bionic-updates/ussuri/main s390x python3-amqp all 2.5.0-2~cloud0 [42.2 kB]
INFO:kolla.common.utils.ironic-inspector:Get:25 http://ubuntu-cloud.archive.canonical.com/ubuntu bionic-updates/ussuri/main s390x python3-cachetools all 3.1.0-2~cloud0 [9,892 B]
INFO:kolla.common.utils.ironic-inspector:Get:26 http://ubuntu-cloud.archive.canonical.com/ubuntu bionic-updates/ussuri/main s390x python3-oslo.middleware all 3.38.1-0ubuntu1~cloud0 [33.1 kB]
INFO:kolla.common.utils.ironic-inspector:Get:27 http://ubuntu-cloud.archive.canonical.com/ubuntu bionic-updates/ussuri/main s390x python3-tenacity all 5.1.1-0ubuntu2~cloud0 [34.9 kB]
INFO:kolla.common.utils.ironic-inspector:Get:28 http://ubuntu-cloud.archive.canonical.com/ubuntu bionic-updates/ussuri/main s390x python3-oslo.messaging all 9.7.1-0ubuntu3~cloud0 [149 kB]
INFO:kolla.common.utils.ironic-inspector:Get:29 http://ubuntu-cloud.archive.canonical.com/ubuntu bionic-updates/ussuri/main s390x python3-oslo.policy all 2.3.2-0ubuntu1~cloud0 [50.3 kB]
INFO:kolla.common.utils.ironic-inspector:Get:30 http://ubuntu-cloud.archive.canonical.com/ubuntu bionic-updates/ussuri/main s390x python3-oslo.rootwrap all 5.16.1-0ubuntu1~cloud0 [25.9 kB]
INFO:kolla.common.utils.ironic-inspector:Get:31 http://ports.ubuntu.com bionic/universe s390x python3-automaton all 1.14.0-0ubuntu1 [15.0 kB]
INFO:kolla.common.utils.ironic-inspector:Get:32 http://ubuntu-cloud.archive.canonical.com/ubuntu bionic-updates/ussuri/main s390x python3-tooz all 1.66.2-0ubuntu1~cloud0 [50.3 kB]
INFO:kolla.common.utils.ironic-inspector:Get:33 http://ports.ubuntu.com bionic/universe s390x python3-construct all 2.8.16-0.2 [57.6 kB]
INFO:kolla.common.utils.ironic-inspector:Get:34 http://ubuntu-cloud.archive.canonical.com/ubuntu bionic-updates/ussuri/main s390x python3-ironic-inspector all 1:9.2.0-0ubuntu1~cloud0 [122 kB]
INFO:kolla.common.utils.ironic-inspector:Get:35 http://ports.ubuntu.com bionic/main s390x python3-colorama all 0.3.7-1 [14.9 kB]
INFO:kolla.common.utils.ironic-inspector:Get:36 http://ubuntu-cloud.archive.canonical.com/ubuntu bionic-updates/ussuri/main s390x ironic-inspector all 1:9.2.0-0ubuntu1~cloud0 [37.9 kB]
INFO:kolla.common.utils.ironic-inspector:Get:37 http://ports.ubuntu.com bionic/main s390x python3-click all 6.7-3 [56.5 kB]
INFO:kolla.common.utils.ironic-inspector:Get:38 http://ports.ubuntu.com bionic/main s390x python3-itsdangerous all 0.24+dfsg1-2 [12.0 kB]
INFO:kolla.common.utils.ironic-inspector:Get:39 http://ports.ubuntu.com bionic-updates/main s390x python3-jinja2 all 2.10-1ubuntu0.18.04.1 [95.4 kB]
INFO:kolla.common.utils.ironic-inspector:Get:40 http://ports.ubuntu.com bionic/universe s390x python3-werkzeug all 0.14.1+dfsg1-1 [174 kB]
INFO:kolla.common.utils.ironic-inspector:Get:41 http://ports.ubuntu.com bionic/main s390x python3-tempita all 0.5.2-2 [13.9 kB]
INFO:kolla.common.utils.ironic-inspector:Get:42 http://ports.ubuntu.com bionic/main s390x python3-paste all 2.0.3+dfsg-4ubuntu1 [456 kB]
INFO:kolla.common.utils.ironic-inspector:Get:43 http://ports.ubuntu.com bionic/main s390x python-pastedeploy-tpl all 1.5.2-4 [4,796 B]
INFO:kolla.common.utils.ironic-inspector:Get:44 http://ports.ubuntu.com bionic/main s390x python3-pastedeploy all 1.5.2-4 [13.4 kB]
INFO:kolla.common.utils.ironic-inspector:Get:45 http://ports.ubuntu.com bionic/universe s390x python3-repoze.lru all 0.7-1 [11.7 kB]
INFO:kolla.common.utils.ironic-inspector:Get:46 http://ports.ubuntu.com bionic/universe s390x python3-routes all 2.4.1-1 [28.4 kB]
INFO:kolla.common.utils.ironic-inspector:Get:47 http://ports.ubuntu.com bionic/universe s390x python3-zeroconf all 0.19.1-1 [25.7 kB]
INFO:kolla.common.utils.ironic-inspector:Get:48 http://ports.ubuntu.com bionic/universe s390x python3-jsonpath-rw all 1.4.0-3 [15.1 kB]
INFO:kolla.common.utils.ironic-inspector:Get:49 http://ports.ubuntu.com bionic/main s390x pycadf-common all 2.7.0-0ubuntu1 [4,440 B]
INFO:kolla.common.utils.ironic-inspector:Get:50 http://ports.ubuntu.com bionic/universe s390x python3-pycadf all 2.7.0-0ubuntu1 [17.4 kB]
INFO:kolla.common.utils.ironic-inspector:Get:51 http://ports.ubuntu.com bionic/main s390x python3-sqlparse all 0.2.4-0.1 [28.1 kB]
INFO:kolla.common.utils.ironic-inspector:Get:52 http://ports.ubuntu.com bionic/universe s390x python3-testresources all 2.0.0-2 [26.4 kB]
INFO:kolla.common.utils.ironic-inspector:Get:53 http://ports.ubuntu.com bionic/main s390x python3-vine all 1.1.4+dfsg-2 [15.7 kB]
INFO:kolla.common.utils.ironic-inspector:Get:54 http://ports.ubuntu.com bionic/universe s390x python3-anyjson all 0.3.3-1build1 [7,062 B]
INFO:kolla.common.utils.ironic-inspector:Get:55 http://ports.ubuntu.com bionic/universe s390x python3-kombu all 4.1.0-1 [126 kB]
INFO:kolla.common.utils.ironic-inspector:Get:56 http://ports.ubuntu.com bionic/universe s390x python3-retrying all 1.3.3-3 [7,980 B]
INFO:kolla.common.utils.ironic-inspector:Get:57 http://ports.ubuntu.com bionic/main s390x python3-voluptuous all 0.9.3-1 [24.2 kB]
INFO:kolla.common.utils.ironic-inspector:Get:58 http://ports.ubuntu.com bionic-updates/main s390x sqlite3 s390x 3.22.0-1ubuntu0.2 [688 kB]
INFO:kolla.common.utils.ironic-inspector:Get:59 http://ports.ubuntu.com bionic/universe s390x python-q-text-as-data all 1.4.0-2 [18.9 kB]
INFO:kolla.common.utils.ironic-inspector:Preconfiguring packages ...
INFO:kolla.common.utils.ironic-inspector:Fetched 5,560 kB in 0s (14.8 MB/s)
INFO:kolla.common.utils.ironic-inspector:Selecting previously unselected package libip4tc0:s390x.
INFO:kolla.common.utils.ironic-inspector:(Reading database ... 
INFO:kolla.common.utils.ironic-inspector:(Reading database ... 5%(Reading database ... 10%(Reading database ... 15%(Reading database ... 20%(Reading database ... 25%(Reading database ... 30%(Reading database ... 35%(Reading database ... 40%(Reading database ... 45%(Reading database ... 50%(Reading database ... 55%(Reading database ... 60%
INFO:kolla.common.utils.ironic-inspector:(Reading database ... 65%
INFO:kolla.common.utils.ironic-inspector:(Reading database ... 70%
INFO:kolla.common.utils.ironic-inspector:(Reading database ... 75%
INFO:kolla.common.utils.ironic-inspector:(Reading database ... 80%
INFO:kolla.common.utils.ironic-inspector:(Reading database ... 85%
INFO:kolla.common.utils.ironic-inspector:(Reading database ... 90%
INFO:kolla.common.utils.ironic-inspector:(Reading database ... 95%
INFO:kolla.common.utils.ironic-inspector:(Reading database ... 100%(Reading database ... 22243 files and directories currently installed.)
INFO:kolla.common.utils.ironic-inspector:Preparing to unpack .../00-libip4tc0_1.6.1-2ubuntu2_s390x.deb ...
INFO:kolla.common.utils.ironic-inspector:Unpacking libip4tc0:s390x (1.6.1-2ubuntu2) ...
INFO:kolla.common.utils.ironic-inspector:Selecting previously unselected package libxtables12:s390x.
INFO:kolla.common.utils.ironic-inspector:Preparing to unpack .../01-libxtables12_1.6.1-2ubuntu2_s390x.deb ...
INFO:kolla.common.utils.ironic-inspector:Unpacking libxtables12:s390x (1.6.1-2ubuntu2) ...
INFO:kolla.common.utils.ironic-inspector:Selecting previously unselected package ucf.
INFO:kolla.common.utils.ironic-inspector:Preparing to unpack .../02-ucf_3.0038_all.deb ...
INFO:kolla.common.utils.ironic-inspector:Moving old data out of the way
INFO:kolla.common.utils.ironic-inspector:Unpacking ucf (3.0038) ...
INFO:kolla.common.utils.ironic-inspector:Selecting previously unselected package libip6tc0:s390x.
INFO:kolla.common.utils.ironic-inspector:Preparing to unpack .../03-libip6tc0_1.6.1-2ubuntu2_s390x.deb ...
INFO:kolla.common.utils.ironic-inspector:Unpacking libip6tc0:s390x (1.6.1-2ubuntu2) ...
INFO:kolla.common.utils.ironic-inspector:Selecting previously unselected package libiptc0:s390x.
INFO:kolla.common.utils.ironic-inspector:Preparing to unpack .../04-libiptc0_1.6.1-2ubuntu2_s390x.deb ...
INFO:kolla.common.utils.ironic-inspector:Unpacking libiptc0:s390x (1.6.1-2ubuntu2) ...
INFO:kolla.common.utils.ironic-inspector:Selecting previously unselected package libnfnetlink0:s390x.
INFO:kolla.common.utils.ironic-inspector:Preparing to unpack .../05-libnfnetlink0_1.0.1-3_s390x.deb ...
INFO:kolla.common.utils.ironic-inspector:Unpacking libnfnetlink0:s390x (1.0.1-3) ...
INFO:kolla.common.utils.ironic-inspector:Selecting previously unselected package libnetfilter-conntrack3:s390x.
INFO:kolla.common.utils.ironic-inspector:Preparing to unpack .../06-libnetfilter-conntrack3_1.0.6-2_s390x.deb ...
INFO:kolla.common.utils.ironic-inspector:Unpacking libnetfilter-conntrack3:s390x (1.0.6-2) ...
INFO:kolla.common.utils.ironic-inspector:Selecting previously unselected package iptables.
INFO:kolla.common.utils.ironic-inspector:Preparing to unpack .../07-iptables_1.6.1-2ubuntu2_s390x.deb ...
INFO:kolla.common.utils.ironic-inspector:Unpacking iptables (1.6.1-2ubuntu2) ...
INFO:kolla.common.utils.ironic-inspector:Selecting previously unselected package python3-sqlalchemy.
INFO:kolla.common.utils.ironic-inspector:Preparing to unpack .../08-python3-sqlalchemy_1.2.18+ds1-2ubuntu2~cloud0_all.deb ...
INFO:kolla.common.utils.ironic-inspector:Unpacking python3-sqlalchemy (1.2.18+ds1-2ubuntu2~cloud0) ...
INFO:kolla.common.utils.ironic-inspector:Selecting previously unselected package python3-alembic.
INFO:kolla.common.utils.ironic-inspector:Preparing to unpack .../09-python3-alembic_1.0.0-2ubuntu2~cloud0_all.deb ...
INFO:kolla.common.utils.ironic-inspector:Unpacking python3-alembic (1.0.0-2ubuntu2~cloud0) ...
INFO:kolla.common.utils.ironic-inspector:Selecting previously unselected package libjs-jquery.
INFO:kolla.common.utils.ironic-inspector:Preparing to unpack .../10-libjs-jquery_3.2.1-1_all.deb ...
INFO:kolla.common.utils.ironic-inspector:Unpacking libjs-jquery (3.2.1-1) ...
INFO:kolla.common.utils.ironic-inspector:Selecting previously unselected package libjs-underscore.
INFO:kolla.common.utils.ironic-inspector:Preparing to unpack .../11-libjs-underscore_1.8.3~dfsg-1_all.deb ...
INFO:kolla.common.utils.ironic-inspector:Unpacking libjs-underscore (1.8.3~dfsg-1) ...
INFO:kolla.common.utils.ironic-inspector:Selecting previously unselected package libjs-sphinxdoc.
INFO:kolla.common.utils.ironic-inspector:Preparing to unpack .../12-libjs-sphinxdoc_1.8.5-3~cloud0_all.deb ...
INFO:kolla.common.utils.ironic-inspector:Unpacking libjs-sphinxdoc (1.8.5-3~cloud0) ...
INFO:kolla.common.utils.ironic-inspector:Selecting previously unselected package alembic.
INFO:kolla.common.utils.ironic-inspector:Preparing to unpack .../13-alembic_1.0.0-2ubuntu2~cloud0_all.deb ...
INFO:kolla.common.utils.ironic-inspector:Unpacking alembic (1.0.0-2ubuntu2~cloud0) ...
INFO:kolla.common.utils.ironic-inspector:Selecting previously unselected package dbconfig-common.
INFO:kolla.common.utils.ironic-inspector:Preparing to unpack .../14-dbconfig-common_2.0.9_all.deb ...
INFO:kolla.common.utils.ironic-inspector:Unpacking dbconfig-common (2.0.9) ...
INFO:kolla.common.utils.ironic-inspector:Selecting previously unselected package python3-automaton.
INFO:kolla.common.utils.ironic-inspector:Preparing to unpack .../15-python3-automaton_1.14.0-0ubuntu1_all.deb ...
INFO:kolla.common.utils.ironic-inspector:Unpacking python3-automaton (1.14.0-0ubuntu1) ...
INFO:kolla.common.utils.ironic-inspector:Selecting previously unselected package python3-construct.
INFO:kolla.common.utils.ironic-inspector:Preparing to unpack .../16-python3-construct_2.8.16-0.2_all.deb ...
INFO:kolla.common.utils.ironic-inspector:Unpacking python3-construct (2.8.16-0.2) ...
INFO:kolla.common.utils.ironic-inspector:Selecting previously unselected package python3-colorama.
INFO:kolla.common.utils.ironic-inspector:Preparing to unpack .../17-python3-colorama_0.3.7-1_all.deb ...
INFO:kolla.common.utils.ironic-inspector:Unpacking python3-colorama (0.3.7-1) ...
INFO:kolla.common.utils.ironic-inspector:Selecting previously unselected package python3-click.
INFO:kolla.common.utils.ironic-inspector:Preparing to unpack .../18-python3-click_6.7-3_all.deb ...
INFO:kolla.common.utils.ironic-inspector:Unpacking python3-click (6.7-3) ...
INFO:kolla.common.utils.ironic-inspector:Selecting previously unselected package python3-itsdangerous.
INFO:kolla.common.utils.ironic-inspector:Preparing to unpack .../19-python3-itsdangerous_0.24+dfsg1-2_all.deb ...
INFO:kolla.common.utils.ironic-inspector:Unpacking python3-itsdangerous (0.24+dfsg1-2) ...
INFO:kolla.common.utils.ironic-inspector:Selecting previously unselected package python3-jinja2.
INFO:kolla.common.utils.ironic-inspector:Preparing to unpack .../20-python3-jinja2_2.10-1ubuntu0.18.04.1_all.deb ...
INFO:kolla.common.utils.ironic-inspector:Unpacking python3-jinja2 (2.10-1ubuntu0.18.04.1) ...
INFO:kolla.common.utils.ironic-inspector:Selecting previously unselected package python3-werkzeug.
INFO:kolla.common.utils.ironic-inspector:Preparing to unpack .../21-python3-werkzeug_0.14.1+dfsg1-1_all.deb ...
INFO:kolla.common.utils.ironic-inspector:Unpacking python3-werkzeug (0.14.1+dfsg1-1) ...
INFO:kolla.common.utils.ironic-inspector:Selecting previously unselected package python3-flask.
INFO:kolla.common.utils.ironic-inspector:Preparing to unpack .../22-python3-flask_1.0.2-3~cloud0_all.deb ...
INFO:kolla.common.utils.ironic-inspector:Unpacking python3-flask (1.0.2-3~cloud0) ...
INFO:kolla.common.utils.ironic-inspector:Selecting previously unselected package python3-tempita.
INFO:kolla.common.utils.ironic-inspector:Preparing to unpack .../23-python3-tempita_0.5.2-2_all.deb ...
INFO:kolla.common.utils.ironic-inspector:Unpacking python3-tempita (0.5.2-2) ...
INFO:kolla.common.utils.ironic-inspector:Selecting previously unselected package python3-paste.
INFO:kolla.common.utils.ironic-inspector:Preparing to unpack .../24-python3-paste_2.0.3+dfsg-4ubuntu1_all.deb ...
INFO:kolla.common.utils.ironic-inspector:Unpacking python3-paste (2.0.3+dfsg-4ubuntu1) ...
INFO:kolla.common.utils.ironic-inspector:Selecting previously unselected package python-pastedeploy-tpl.
INFO:kolla.common.utils.ironic-inspector:Preparing to unpack .../25-python-pastedeploy-tpl_1.5.2-4_all.deb ...
INFO:kolla.common.utils.ironic-inspector:Unpacking python-pastedeploy-tpl (1.5.2-4) ...
INFO:kolla.common.utils.ironic-inspector:Selecting previously unselected package python3-pastedeploy.
INFO:kolla.common.utils.ironic-inspector:Preparing to unpack .../26-python3-pastedeploy_1.5.2-4_all.deb ...
INFO:kolla.common.utils.ironic-inspector:Unpacking python3-pastedeploy (1.5.2-4) ...
INFO:kolla.common.utils.ironic-inspector:Selecting previously unselected package python3-repoze.lru.
INFO:kolla.common.utils.ironic-inspector:Preparing to unpack .../27-python3-repoze.lru_0.7-1_all.deb ...
INFO:kolla.common.utils.ironic-inspector:Unpacking python3-repoze.lru (0.7-1) ...
INFO:kolla.common.utils.ironic-inspector:Selecting previously unselected package python3-routes.
INFO:kolla.common.utils.ironic-inspector:Preparing to unpack .../28-python3-routes_2.4.1-1_all.deb ...
INFO:kolla.common.utils.ironic-inspector:Unpacking python3-routes (2.4.1-1) ...
INFO:kolla.common.utils.ironic-inspector:Selecting previously unselected package python3-oslo.service.
INFO:kolla.common.utils.ironic-inspector:Preparing to unpack .../29-python3-oslo.service_1.40.2-0ubuntu1~cloud0_all.deb ...
INFO:kolla.common.utils.ironic-inspector:Unpacking python3-oslo.service (1.40.2-0ubuntu1~cloud0) ...
INFO:kolla.common.utils.ironic-inspector:Selecting previously unselected package python3-zeroconf.
INFO:kolla.common.utils.ironic-inspector:Preparing to unpack .../30-python3-zeroconf_0.19.1-1_all.deb ...
INFO:kolla.common.utils.ironic-inspector:Unpacking python3-zeroconf (0.19.1-1) ...
INFO:kolla.common.utils.ironic-inspector:Selecting previously unselected package python3-ironic-lib.
INFO:kolla.common.utils.ironic-inspector:Preparing to unpack .../31-python3-ironic-lib_2.21.0-0ubuntu1~cloud0_all.deb ...
INFO:kolla.common.utils.ironic-inspector:Unpacking python3-ironic-lib (2.21.0-0ubuntu1~cloud0) ...
INFO:kolla.common.utils.ironic-inspector:Selecting previously unselected package python3-jsonpath-rw.
INFO:kolla.common.utils.ironic-inspector:Preparing to unpack .../32-python3-jsonpath-rw_1.4.0-3_all.deb ...
INFO:kolla.common.utils.ironic-inspector:Unpacking python3-jsonpath-rw (1.4.0-3) ...
INFO:kolla.common.utils.ironic-inspector:Selecting previously unselected package python3-oslo.cache.
INFO:kolla.common.utils.ironic-inspector:Preparing to unpack .../33-python3-oslo.cache_1.37.0-0ubuntu1~cloud0_all.deb ...
INFO:kolla.common.utils.ironic-inspector:Unpacking python3-oslo.cache (1.37.0-0ubuntu1~cloud0) ...
INFO:kolla.common.utils.ironic-inspector:Selecting previously unselected package pycadf-common.
INFO:kolla.common.utils.ironic-inspector:Preparing to unpack .../34-pycadf-common_2.7.0-0ubuntu1_all.deb ...
INFO:kolla.common.utils.ironic-inspector:Unpacking pycadf-common (2.7.0-0ubuntu1) ...
INFO:kolla.common.utils.ironic-inspector:Selecting previously unselected package python3-pycadf.
INFO:kolla.common.utils.ironic-inspector:Preparing to unpack .../35-python3-pycadf_2.7.0-0ubuntu1_all.deb ...
INFO:kolla.common.utils.ironic-inspector:Unpacking python3-pycadf (2.7.0-0ubuntu1) ...
INFO:kolla.common.utils.ironic-inspector:Selecting previously unselected package python3-keystonemiddleware.
INFO:kolla.common.utils.ironic-inspector:Preparing to unpack .../36-python3-keystonemiddleware_7.0.1-0ubuntu1~cloud0_all.deb ...
INFO:kolla.common.utils.ironic-inspector:Unpacking python3-keystonemiddleware (7.0.1-0ubuntu1~cloud0) ...
INFO:kolla.common.utils.ironic-inspector:Selecting previously unselected package python3-sqlparse.
INFO:kolla.common.utils.ironic-inspector:Preparing to unpack .../37-python3-sqlparse_0.2.4-0.1_all.deb ...
INFO:kolla.common.utils.ironic-inspector:Unpacking python3-sqlparse (0.2.4-0.1) ...
INFO:kolla.common.utils.ironic-inspector:Selecting previously unselected package python3-migrate.
INFO:kolla.common.utils.ironic-inspector:Preparing to unpack .../38-python3-migrate_0.12.0-3~cloud0_all.deb ...
INFO:kolla.common.utils.ironic-inspector:Unpacking python3-migrate (0.12.0-3~cloud0) ...
INFO:kolla.common.utils.ironic-inspector:Selecting previously unselected package python3-testresources.
INFO:kolla.common.utils.ironic-inspector:Preparing to unpack .../39-python3-testresources_2.0.0-2_all.deb ...
INFO:kolla.common.utils.ironic-inspector:Unpacking python3-testresources (2.0.0-2) ...
INFO:kolla.common.utils.ironic-inspector:Selecting previously unselected package python3-testscenarios.
INFO:kolla.common.utils.ironic-inspector:Preparing to unpack .../40-python3-testscenarios_0.5.0-2~cloud0_all.deb ...
INFO:kolla.common.utils.ironic-inspector:Unpacking python3-testscenarios (0.5.0-2~cloud0) ...
INFO:kolla.common.utils.ironic-inspector:Selecting previously unselected package python3-oslo.db.
INFO:kolla.common.utils.ironic-inspector:Preparing to unpack .../41-python3-oslo.db_5.0.2-0ubuntu1~cloud0_all.deb ...
INFO:kolla.common.utils.ironic-inspector:Unpacking python3-oslo.db (5.0.2-0ubuntu1~cloud0) ...
INFO:kolla.common.utils.ironic-inspector:Selecting previously unselected package python3-vine.
INFO:kolla.common.utils.ironic-inspector:Preparing to unpack .../42-python3-vine_1.1.4+dfsg-2_all.deb ...
INFO:kolla.common.utils.ironic-inspector:Unpacking python3-vine (1.1.4+dfsg-2) ...
INFO:kolla.common.utils.ironic-inspector:Selecting previously unselected package python3-amqp.
INFO:kolla.common.utils.ironic-inspector:Preparing to unpack .../43-python3-amqp_2.5.0-2~cloud0_all.deb ...
INFO:kolla.common.utils.ironic-inspector:Unpacking python3-amqp (2.5.0-2~cloud0) ...
INFO:kolla.common.utils.ironic-inspector:Selecting previously unselected package python3-cachetools.
INFO:kolla.common.utils.ironic-inspector:Preparing to unpack .../44-python3-cachetools_3.1.0-2~cloud0_all.deb ...
INFO:kolla.common.utils.ironic-inspector:Unpacking python3-cachetools (3.1.0-2~cloud0) ...
INFO:kolla.common.utils.ironic-inspector:Selecting previously unselected package python3-anyjson.
INFO:kolla.common.utils.ironic-inspector:Preparing to unpack .../45-python3-anyjson_0.3.3-1build1_all.deb ...
INFO:kolla.common.utils.ironic-inspector:Unpacking python3-anyjson (0.3.3-1build1) ...
INFO:kolla.common.utils.ironic-inspector:Selecting previously unselected package python3-kombu.
INFO:kolla.common.utils.ironic-inspector:Preparing to unpack .../46-python3-kombu_4.1.0-1_all.deb ...
INFO:kolla.common.utils.ironic-inspector:Unpacking python3-kombu (4.1.0-1) ...
INFO:kolla.common.utils.ironic-inspector:Selecting previously unselected package python3-oslo.middleware.
INFO:kolla.common.utils.ironic-inspector:Preparing to unpack .../47-python3-oslo.middleware_3.38.1-0ubuntu1~cloud0_all.deb ...
INFO:kolla.common.utils.ironic-inspector:Unpacking python3-oslo.middleware (3.38.1-0ubuntu1~cloud0) ...
INFO:kolla.common.utils.ironic-inspector:Selecting previously unselected package python3-tenacity.
INFO:kolla.common.utils.ironic-inspector:Preparing to unpack .../48-python3-tenacity_5.1.1-0ubuntu2~cloud0_all.deb ...
INFO:kolla.common.utils.ironic-inspector:Unpacking python3-tenacity (5.1.1-0ubuntu2~cloud0) ...
INFO:kolla.common.utils.ironic-inspector:Selecting previously unselected package python3-oslo.messaging.
INFO:kolla.common.utils.ironic-inspector:Preparing to unpack .../49-python3-oslo.messaging_9.7.1-0ubuntu3~cloud0_all.deb ...
INFO:kolla.common.utils.ironic-inspector:Unpacking python3-oslo.messaging (9.7.1-0ubuntu3~cloud0) ...
INFO:kolla.common.utils.ironic-inspector:Selecting previously unselected package python3-oslo.policy.
INFO:kolla.common.utils.ironic-inspector:Preparing to unpack .../50-python3-oslo.policy_2.3.2-0ubuntu1~cloud0_all.deb ...
INFO:kolla.common.utils.ironic-inspector:Unpacking python3-oslo.policy (2.3.2-0ubuntu1~cloud0) ...
INFO:kolla.common.utils.ironic-inspector:Selecting previously unselected package python3-oslo.rootwrap.
INFO:kolla.common.utils.ironic-inspector:Preparing to unpack .../51-python3-oslo.rootwrap_5.16.1-0ubuntu1~cloud0_all.deb ...
INFO:kolla.common.utils.ironic-inspector:Unpacking python3-oslo.rootwrap (5.16.1-0ubuntu1~cloud0) ...
INFO:kolla.common.utils.ironic-inspector:Selecting previously unselected package python3-retrying.
INFO:kolla.common.utils.ironic-inspector:Preparing to unpack .../52-python3-retrying_1.3.3-3_all.deb ...
INFO:kolla.common.utils.ironic-inspector:Unpacking python3-retrying (1.3.3-3) ...
INFO:kolla.common.utils.ironic-inspector:Selecting previously unselected package python3-voluptuous.
INFO:kolla.common.utils.ironic-inspector:Preparing to unpack .../53-python3-voluptuous_0.9.3-1_all.deb ...
INFO:kolla.common.utils.ironic-inspector:Unpacking python3-voluptuous (0.9.3-1) ...
INFO:kolla.common.utils.ironic-inspector:Selecting previously unselected package python3-tooz.
INFO:kolla.common.utils.ironic-inspector:Preparing to unpack .../54-python3-tooz_1.66.2-0ubuntu1~cloud0_all.deb ...
INFO:kolla.common.utils.ironic-inspector:Unpacking python3-tooz (1.66.2-0ubuntu1~cloud0) ...
INFO:kolla.common.utils.ironic-inspector:Selecting previously unselected package python3-ironic-inspector.
INFO:kolla.common.utils.ironic-inspector:Preparing to unpack .../55-python3-ironic-inspector_1%3a9.2.0-0ubuntu1~cloud0_all.deb ...
INFO:kolla.common.utils.ironic-inspector:Unpacking python3-ironic-inspector (1:9.2.0-0ubuntu1~cloud0) ...
INFO:kolla.common.utils.ironic-inspector:Selecting previously unselected package sqlite3.
INFO:kolla.common.utils.ironic-inspector:Preparing to unpack .../56-sqlite3_3.22.0-1ubuntu0.2_s390x.deb ...
INFO:kolla.common.utils.ironic-inspector:Unpacking sqlite3 (3.22.0-1ubuntu0.2) ...
INFO:kolla.common.utils.ironic-inspector:Selecting previously unselected package python-q-text-as-data.
INFO:kolla.common.utils.ironic-inspector:Preparing to unpack .../57-python-q-text-as-data_1.4.0-2_all.deb ...
INFO:kolla.common.utils.ironic-inspector:Unpacking python-q-text-as-data (1.4.0-2) ...
INFO:kolla.common.utils.ironic-inspector:Selecting previously unselected package ironic-inspector.
INFO:kolla.common.utils.ironic-inspector:Preparing to unpack .../58-ironic-inspector_1%3a9.2.0-0ubuntu1~cloud0_all.deb ...
INFO:kolla.common.utils.ironic-inspector:Unpacking ironic-inspector (1:9.2.0-0ubuntu1~cloud0) ...
INFO:kolla.common.utils.ironic-inspector:Setting up libjs-jquery (3.2.1-1) ...
INFO:kolla.common.utils.ironic-inspector:Setting up python3-werkzeug (0.14.1+dfsg1-1) ...
INFO:kolla.common.utils.ironic-inspector:Setting up python3-sqlalchemy (1.2.18+ds1-2ubuntu2~cloud0) ...
INFO:kolla.common.utils.ironic-inspector:Setting up python3-zeroconf (0.19.1-1) ...
INFO:kolla.common.utils.ironic-inspector:Setting up libip4tc0:s390x (1.6.1-2ubuntu2) ...
INFO:kolla.common.utils.ironic-inspector:Setting up libjs-underscore (1.8.3~dfsg-1) ...
INFO:kolla.common.utils.ironic-inspector:Setting up python3-sqlparse (0.2.4-0.1) ...
INFO:kolla.common.utils.ironic-inspector:Setting up python3-oslo.rootwrap (5.16.1-0ubuntu1~cloud0) ...
INFO:kolla.common.utils.ironic-inspector:Setting up python3-tempita (0.5.2-2) ...
INFO:kolla.common.utils.ironic-inspector:Setting up python3-jsonpath-rw (1.4.0-3) ...
INFO:kolla.common.utils.ironic-inspector:update-alternatives: using /usr/bin/python3-jsonpath to provide /usr/bin/jsonpath (jsonpath) in auto mode
INFO:kolla.common.utils.ironic-inspector:Setting up python3-colorama (0.3.7-1) ...
INFO:kolla.common.utils.ironic-inspector:Setting up python3-alembic (1.0.0-2ubuntu2~cloud0) ...
INFO:kolla.common.utils.ironic-inspector:Setting up libjs-sphinxdoc (1.8.5-3~cloud0) ...
INFO:kolla.common.utils.ironic-inspector:Setting up libiptc0:s390x (1.6.1-2ubuntu2) ...
INFO:kolla.common.utils.ironic-inspector:Setting up python3-tenacity (5.1.1-0ubuntu2~cloud0) ...
INFO:kolla.common.utils.ironic-inspector:Setting up python3-testscenarios (0.5.0-2~cloud0) ...
INFO:kolla.common.utils.ironic-inspector:Setting up python3-construct (2.8.16-0.2) ...
INFO:kolla.common.utils.ironic-inspector:Setting up python3-oslo.policy (2.3.2-0ubuntu1~cloud0) ...
INFO:kolla.common.utils.ironic-inspector:Setting up ucf (3.0038) ...
INFO:kolla.common.utils.ironic-inspector:Setting up sqlite3 (3.22.0-1ubuntu0.2) ...
INFO:kolla.common.utils.ironic-inspector:Setting up python3-testresources (2.0.0-2) ...
INFO:kolla.common.utils.ironic-inspector:Setting up pycadf-common (2.7.0-0ubuntu1) ...
INFO:kolla.common.utils.ironic-inspector:Setting up libxtables12:s390x (1.6.1-2ubuntu2) ...
INFO:kolla.common.utils.ironic-inspector:Setting up python3-oslo.cache (1.37.0-0ubuntu1~cloud0) ...
INFO:kolla.common.utils.ironic-inspector:Setting up python3-pycadf (2.7.0-0ubuntu1) ...
INFO:kolla.common.utils.ironic-inspector:Setting up python3-jinja2 (2.10-1ubuntu0.18.04.1) ...
INFO:kolla.common.utils.ironic-inspector:Setting up python3-repoze.lru (0.7-1) ...
INFO:kolla.common.utils.ironic-inspector:Setting up python3-retrying (1.3.3-3) ...
INFO:kolla.common.utils.ironic-inspector:Setting up python3-paste (2.0.3+dfsg-4ubuntu1) ...
INFO:kolla.common.utils.ironic-inspector:Setting up python3-migrate (0.12.0-3~cloud0) ...
INFO:kolla.common.utils.ironic-inspector:Setting up libnfnetlink0:s390x (1.0.1-3) ...
INFO:kolla.common.utils.ironic-inspector:Setting up python3-anyjson (0.3.3-1build1) ...
INFO:kolla.common.utils.ironic-inspector:Setting up python3-keystonemiddleware (7.0.1-0ubuntu1~cloud0) ...
INFO:kolla.common.utils.ironic-inspector:Setting up python-pastedeploy-tpl (1.5.2-4) ...
INFO:kolla.common.utils.ironic-inspector:Setting up python3-cachetools (3.1.0-2~cloud0) ...
INFO:kolla.common.utils.ironic-inspector:Setting up python3-vine (1.1.4+dfsg-2) ...
INFO:kolla.common.utils.ironic-inspector:Setting up dbconfig-common (2.0.9) ...
INFO:kolla.common.utils.ironic-inspector:
INFO:kolla.common.utils.ironic-inspector:Creating config file /etc/dbconfig-common/config with new version
INFO:kolla.common.utils.ironic-inspector:Setting up python3-automaton (1.14.0-0ubuntu1) ...
INFO:kolla.common.utils.ironic-inspector:Setting up python3-itsdangerous (0.24+dfsg1-2) ...
INFO:kolla.common.utils.ironic-inspector:Setting up python3-voluptuous (0.9.3-1) ...
INFO:kolla.common.utils.ironic-inspector:Setting up libip6tc0:s390x (1.6.1-2ubuntu2) ...
INFO:kolla.common.utils.ironic-inspector:Setting up alembic (1.0.0-2ubuntu2~cloud0) ...
INFO:kolla.common.utils.ironic-inspector:Setting up python3-routes (2.4.1-1) ...
INFO:kolla.common.utils.ironic-inspector:Setting up python3-oslo.middleware (3.38.1-0ubuntu1~cloud0) ...
INFO:kolla.common.utils.ironic-inspector:Setting up python-q-text-as-data (1.4.0-2) ...
INFO:kolla.common.utils.ironic-inspector:update-alternatives: using /usr/bin/python2-q-text-as-data to provide /usr/bin/q (q) in auto mode
INFO:kolla.common.utils.ironic-inspector:Setting up libnetfilter-conntrack3:s390x (1.0.6-2) ...
INFO:kolla.common.utils.ironic-inspector:Setting up python3-amqp (2.5.0-2~cloud0) ...
INFO:kolla.common.utils.ironic-inspector:Setting up python3-click (6.7-3) ...
INFO:kolla.common.utils.ironic-inspector:Setting up python3-tooz (1.66.2-0ubuntu1~cloud0) ...
INFO:kolla.common.utils.ironic-inspector:Setting up python3-kombu (4.1.0-1) ...
INFO:kolla.common.utils.ironic-inspector:Setting up python3-oslo.db (5.0.2-0ubuntu1~cloud0) ...
INFO:kolla.common.utils.ironic-inspector:Setting up iptables (1.6.1-2ubuntu2) ...
INFO:kolla.common.utils.ironic-inspector:Setting up python3-pastedeploy (1.5.2-4) ...
INFO:kolla.common.utils.ironic-inspector:Setting up python3-flask (1.0.2-3~cloud0) ...
INFO:kolla.common.utils.ironic-inspector:Setting up python3-oslo.service (1.40.2-0ubuntu1~cloud0) ...
INFO:kolla.common.utils.ironic-inspector:Setting up python3-oslo.messaging (9.7.1-0ubuntu3~cloud0) ...
INFO:kolla.common.utils.ironic-inspector:Setting up python3-ironic-lib (2.21.0-0ubuntu1~cloud0) ...
INFO:kolla.common.utils.ironic-inspector:Setting up python3-ironic-inspector (1:9.2.0-0ubuntu1~cloud0) ...
INFO:kolla.common.utils.ironic-inspector:Setting up ironic-inspector (1:9.2.0-0ubuntu1~cloud0) ...
INFO:kolla.common.utils.ironic-inspector:Will not register ironic-inspector endpoint this time (no user request for it).
INFO:kolla.common.utils.ironic-inspector:invoke-rc.d: could not determine current runlevel
INFO:kolla.common.utils.ironic-inspector:invoke-rc.d: policy-rc.d denied execution of start.
INFO:kolla.common.utils.ironic-inspector:Processing triggers for libc-bin (2.27-3ubuntu1) ...
INFO:kolla.common.utils.ironic-inspector:Removing intermediate container d17821600956
INFO:kolla.common.utils.ironic-inspector: ---> 2fab5e858c0b
INFO:kolla.common.utils.ironic-inspector:Step 5/7 : COPY extend_start.sh /usr/local/bin/kolla_extend_start
INFO:kolla.common.utils.ironic-inspector: ---> 69267d6a58b9
INFO:kolla.common.utils.ironic-inspector:Step 6/7 : RUN chmod 755 /usr/local/bin/kolla_extend_start     && mkdir -p /var/lib/ironic-inspector/dhcp-hostsdir     && chown -R ironic-inspector: /etc/ironic-inspector /var/lib/ironic-inspector
INFO:kolla.common.utils.ironic-inspector: ---> Running in 841d10e97525
INFO:kolla.common.utils.ironic-inspector:Removing intermediate container 841d10e97525
INFO:kolla.common.utils.ironic-inspector: ---> a37b4cddd61d
INFO:kolla.common.utils.ironic-inspector:Step 7/7 : USER ironic-inspector
INFO:kolla.common.utils.ironic-inspector: ---> Running in 8ce53e4fde7e
INFO:kolla.common.utils.ironic-inspector:Removing intermediate container 8ce53e4fde7e
INFO:kolla.common.utils.ironic-inspector: ---> a46bdd96fe0f
INFO:kolla.common.utils.ironic-inspector:Successfully built a46bdd96fe0f
INFO:kolla.common.utils.ironic-inspector:Successfully tagged s390x/ubuntu-binary-ironic-inspector:9.1.0
INFO:kolla.common.utils.ironic-inspector:Built at 2020-03-02 21:41:08.723447 (took 0:00:31.133000)
