INFO:kolla.common.utils.keepalived:Building started at 2020-03-02 21:39:10.196556
INFO:kolla.common.utils.keepalived:Step 1/6 : FROM s390x/ubuntu-binary-base:9.1.0
INFO:kolla.common.utils.keepalived: ---> 682558ff6b31
INFO:kolla.common.utils.keepalived:Step 2/6 : LABEL maintainer="Kolla Project (https://launchpad.net/kolla)" name="keepalived" build-date="20200302"
INFO:kolla.common.utils.keepalived: ---> Running in 1effa15982b9
INFO:kolla.common.utils.keepalived:Removing intermediate container 1effa15982b9
INFO:kolla.common.utils.keepalived: ---> e78fba218465
INFO:kolla.common.utils.keepalived:Step 3/6 : RUN apt-get update && apt-get -y install --no-install-recommends keepalived && apt-get clean && rm -rf /var/lib/apt/lists/*
INFO:kolla.common.utils.keepalived: ---> Running in c95fcf6c5ebf
INFO:kolla.common.utils.keepalived:Get:1 http://ports.ubuntu.com bionic InRelease [242 kB]
INFO:kolla.common.utils.keepalived:Ign:2 http://ubuntu-cloud.archive.canonical.com/ubuntu bionic-updates/ussuri InRelease
INFO:kolla.common.utils.keepalived:Get:3 http://ubuntu-cloud.archive.canonical.com/ubuntu bionic-updates/ussuri Release [7,884 B]
INFO:kolla.common.utils.keepalived:Get:4 http://ports.ubuntu.com bionic-updates InRelease [88.7 kB]
INFO:kolla.common.utils.keepalived:Get:5 http://ubuntu-cloud.archive.canonical.com/ubuntu bionic-updates/ussuri Release.gpg [543 B]
INFO:kolla.common.utils.keepalived:Get:6 http://ports.ubuntu.com bionic-security InRelease [88.7 kB]
INFO:kolla.common.utils.keepalived:Get:7 http://ports.ubuntu.com bionic-backports InRelease [74.6 kB]
INFO:kolla.common.utils.keepalived:Get:8 http://ubuntu-cloud.archive.canonical.com/ubuntu bionic-updates/ussuri/main s390x Packages [145 kB]
INFO:kolla.common.utils.keepalived:Get:9 http://ports.ubuntu.com bionic/universe s390x Packages [10.8 MB]
INFO:kolla.common.utils.keepalived:Get:10 http://ports.ubuntu.com bionic/main s390x Packages [1,244 kB]
INFO:kolla.common.utils.keepalived:Get:11 http://ports.ubuntu.com bionic-updates/universe s390x Packages [1,075 kB]
INFO:kolla.common.utils.keepalived:Get:12 http://ports.ubuntu.com bionic-updates/main s390x Packages [730 kB]
INFO:kolla.common.utils.keepalived:Get:13 http://ports.ubuntu.com bionic-security/main s390x Packages [467 kB]
INFO:kolla.common.utils.keepalived:Get:14 http://ports.ubuntu.com bionic-security/universe s390x Packages [625 kB]
INFO:kolla.common.utils.keepalived:Get:15 http://ports.ubuntu.com bionic-backports/universe s390x Packages [4,242 B]
INFO:kolla.common.utils.keepalived:Get:16 http://ports.ubuntu.com bionic-backports/main s390x Packages [2,494 B]
INFO:kolla.common.utils.keepalived:Fetched 15.6 MB in 3s (5,397 kB/s)
INFO:kolla.common.utils.keepalived:Reading package lists...
INFO:kolla.common.utils.keepalived:Reading package lists...
INFO:kolla.common.utils.keepalived:Building dependency tree...
INFO:kolla.common.utils.keepalived:Reading state information...
INFO:kolla.common.utils.keepalived:The following additional packages will be installed:
INFO:kolla.common.utils.keepalived:  libglib2.0-0 libip4tc0 libip6tc0 libnl-genl-3-200 libpci3 libsensors4
INFO:kolla.common.utils.keepalived:  libsnmp-base libsnmp30 libxtables12
INFO:kolla.common.utils.keepalived:Suggested packages:
INFO:kolla.common.utils.keepalived:  lm-sensors snmp-mibs-downloader
INFO:kolla.common.utils.keepalived:Recommended packages:
INFO:kolla.common.utils.keepalived:  ipvsadm libglib2.0-data shared-mime-info xdg-user-dirs
INFO:kolla.common.utils.keepalived:The following NEW packages will be installed:
INFO:kolla.common.utils.keepalived:  keepalived libglib2.0-0 libip4tc0 libip6tc0 libnl-genl-3-200 libpci3
INFO:kolla.common.utils.keepalived:  libsensors4 libsnmp-base libsnmp30 libxtables12
INFO:kolla.common.utils.keepalived:0 upgraded, 10 newly installed, 0 to remove and 0 not upgraded.
INFO:kolla.common.utils.keepalived:Need to get 2,488 kB of archives.
INFO:kolla.common.utils.keepalived:After this operation, 9,724 kB of additional disk space will be used.
INFO:kolla.common.utils.keepalived:Get:1 http://ports.ubuntu.com bionic-updates/main s390x libglib2.0-0 s390x 2.56.4-0ubuntu0.18.04.4 [1,079 kB]
INFO:kolla.common.utils.keepalived:Get:2 http://ports.ubuntu.com bionic/main s390x libip4tc0 s390x 1.6.1-2ubuntu2 [19.3 kB]
INFO:kolla.common.utils.keepalived:Get:3 http://ports.ubuntu.com bionic/main s390x libxtables12 s390x 1.6.1-2ubuntu2 [26.6 kB]
INFO:kolla.common.utils.keepalived:Get:4 http://ports.ubuntu.com bionic/main s390x libip6tc0 s390x 1.6.1-2ubuntu2 [19.6 kB]
INFO:kolla.common.utils.keepalived:Get:5 http://ports.ubuntu.com bionic-updates/main s390x libpci3 s390x 1:3.5.2-1ubuntu1.1 [21.3 kB]
INFO:kolla.common.utils.keepalived:Get:6 http://ports.ubuntu.com bionic/main s390x libnl-genl-3-200 s390x 3.2.29-0ubuntu3 [10.9 kB]
INFO:kolla.common.utils.keepalived:Get:7 http://ports.ubuntu.com bionic/main s390x libsensors4 s390x 1:3.4.0-4 [27.2 kB]
INFO:kolla.common.utils.keepalived:Get:8 http://ports.ubuntu.com bionic-updates/main s390x libsnmp-base all 5.7.3+dfsg-1.8ubuntu3.3 [224 kB]
INFO:kolla.common.utils.keepalived:Get:9 http://ports.ubuntu.com bionic-updates/main s390x libsnmp30 s390x 5.7.3+dfsg-1.8ubuntu3.3 [833 kB]
INFO:kolla.common.utils.keepalived:Get:10 http://ports.ubuntu.com bionic-updates/main s390x keepalived s390x 1:1.3.9-1ubuntu0.18.04.2 [227 kB]
INFO:kolla.common.utils.keepalived:Fetched 2,488 kB in 0s (13.6 MB/s)
INFO:kolla.common.utils.keepalived:Selecting previously unselected package libglib2.0-0:s390x.
INFO:kolla.common.utils.keepalived:(Reading database ... 
INFO:kolla.common.utils.keepalived:(Reading database ... 5%(Reading database ... 10%(Reading database ... 15%(Reading database ... 20%(Reading database ... 25%(Reading database ... 30%(Reading database ... 35%(Reading database ... 40%(Reading database ... 45%(Reading database ... 50%(Reading database ... 55%(Reading database ... 60%(Reading database ... 65%(Reading database ... 70%(Reading database ... 75%(Reading database ... 80%(Reading database ... 85%(Reading database ... 90%(Reading database ... 95%(Reading database ... 100%(Reading database ... 9244 files and directories currently installed.)
INFO:kolla.common.utils.keepalived:Preparing to unpack .../0-libglib2.0-0_2.56.4-0ubuntu0.18.04.4_s390x.deb ...
INFO:kolla.common.utils.keepalived:Unpacking libglib2.0-0:s390x (2.56.4-0ubuntu0.18.04.4) ...
INFO:kolla.common.utils.keepalived:Selecting previously unselected package libip4tc0:s390x.
INFO:kolla.common.utils.keepalived:Preparing to unpack .../1-libip4tc0_1.6.1-2ubuntu2_s390x.deb ...
INFO:kolla.common.utils.keepalived:Unpacking libip4tc0:s390x (1.6.1-2ubuntu2) ...
INFO:kolla.common.utils.keepalived:Selecting previously unselected package libxtables12:s390x.
INFO:kolla.common.utils.keepalived:Preparing to unpack .../2-libxtables12_1.6.1-2ubuntu2_s390x.deb ...
INFO:kolla.common.utils.keepalived:Unpacking libxtables12:s390x (1.6.1-2ubuntu2) ...
INFO:kolla.common.utils.keepalived:Selecting previously unselected package libip6tc0:s390x.
INFO:kolla.common.utils.keepalived:Preparing to unpack .../3-libip6tc0_1.6.1-2ubuntu2_s390x.deb ...
INFO:kolla.common.utils.keepalived:Unpacking libip6tc0:s390x (1.6.1-2ubuntu2) ...
INFO:kolla.common.utils.keepalived:Selecting previously unselected package libpci3:s390x.
INFO:kolla.common.utils.keepalived:Preparing to unpack .../4-libpci3_1%3a3.5.2-1ubuntu1.1_s390x.deb ...
INFO:kolla.common.utils.keepalived:Unpacking libpci3:s390x (1:3.5.2-1ubuntu1.1) ...
INFO:kolla.common.utils.keepalived:Selecting previously unselected package libnl-genl-3-200:s390x.
INFO:kolla.common.utils.keepalived:Preparing to unpack .../5-libnl-genl-3-200_3.2.29-0ubuntu3_s390x.deb ...
INFO:kolla.common.utils.keepalived:Unpacking libnl-genl-3-200:s390x (3.2.29-0ubuntu3) ...
INFO:kolla.common.utils.keepalived:Selecting previously unselected package libsensors4:s390x.
INFO:kolla.common.utils.keepalived:Preparing to unpack .../6-libsensors4_1%3a3.4.0-4_s390x.deb ...
INFO:kolla.common.utils.keepalived:Unpacking libsensors4:s390x (1:3.4.0-4) ...
INFO:kolla.common.utils.keepalived:Selecting previously unselected package libsnmp-base.
INFO:kolla.common.utils.keepalived:Preparing to unpack .../7-libsnmp-base_5.7.3+dfsg-1.8ubuntu3.3_all.deb ...
INFO:kolla.common.utils.keepalived:Unpacking libsnmp-base (5.7.3+dfsg-1.8ubuntu3.3) ...
INFO:kolla.common.utils.keepalived:Selecting previously unselected package libsnmp30:s390x.
INFO:kolla.common.utils.keepalived:Preparing to unpack .../8-libsnmp30_5.7.3+dfsg-1.8ubuntu3.3_s390x.deb ...
INFO:kolla.common.utils.keepalived:Unpacking libsnmp30:s390x (5.7.3+dfsg-1.8ubuntu3.3) ...
INFO:kolla.common.utils.keepalived:Selecting previously unselected package keepalived.
INFO:kolla.common.utils.keepalived:Preparing to unpack .../9-keepalived_1%3a1.3.9-1ubuntu0.18.04.2_s390x.deb ...
INFO:kolla.common.utils.keepalived:Unpacking keepalived (1:1.3.9-1ubuntu0.18.04.2) ...
INFO:kolla.common.utils.keepalived:Setting up libip4tc0:s390x (1.6.1-2ubuntu2) ...
INFO:kolla.common.utils.keepalived:Setting up libglib2.0-0:s390x (2.56.4-0ubuntu0.18.04.4) ...
INFO:kolla.common.utils.keepalived:No schema files found: doing nothing.
INFO:kolla.common.utils.keepalived:Setting up libnl-genl-3-200:s390x (3.2.29-0ubuntu3) ...
INFO:kolla.common.utils.keepalived:Setting up libxtables12:s390x (1.6.1-2ubuntu2) ...
INFO:kolla.common.utils.keepalived:Setting up libsensors4:s390x (1:3.4.0-4) ...
INFO:kolla.common.utils.keepalived:Setting up libpci3:s390x (1:3.5.2-1ubuntu1.1) ...
INFO:kolla.common.utils.keepalived:Setting up libip6tc0:s390x (1.6.1-2ubuntu2) ...
INFO:kolla.common.utils.keepalived:Setting up libsnmp-base (5.7.3+dfsg-1.8ubuntu3.3) ...
INFO:kolla.common.utils.keepalived:Setting up libsnmp30:s390x (5.7.3+dfsg-1.8ubuntu3.3) ...
INFO:kolla.common.utils.keepalived:Setting up keepalived (1:1.3.9-1ubuntu0.18.04.2) ...
INFO:kolla.common.utils.keepalived:invoke-rc.d: could not determine current runlevel
INFO:kolla.common.utils.keepalived:invoke-rc.d: policy-rc.d denied execution of start.
INFO:kolla.common.utils.keepalived:Processing triggers for libc-bin (2.27-3ubuntu1) ...
INFO:kolla.common.utils.keepalived:Removing intermediate container c95fcf6c5ebf
INFO:kolla.common.utils.keepalived: ---> 0f340a03c85b
INFO:kolla.common.utils.keepalived:Step 4/6 : COPY check_alive.sh /
INFO:kolla.common.utils.keepalived: ---> f8a19b12c731
INFO:kolla.common.utils.keepalived:Step 5/6 : COPY extend_start.sh /usr/local/bin/kolla_extend_start
INFO:kolla.common.utils.keepalived: ---> 64e8f33720e0
INFO:kolla.common.utils.keepalived:Step 6/6 : RUN chmod 755 /usr/local/bin/kolla_extend_start /check_alive.sh
INFO:kolla.common.utils.keepalived: ---> Running in 95cd13026566
INFO:kolla.common.utils.keepalived:Removing intermediate container 95cd13026566
INFO:kolla.common.utils.keepalived: ---> 34afbe75ccbc
INFO:kolla.common.utils.keepalived:Successfully built 34afbe75ccbc
INFO:kolla.common.utils.keepalived:Successfully tagged s390x/ubuntu-binary-keepalived:9.1.0
INFO:kolla.common.utils.keepalived:Built at 2020-03-02 21:39:25.504001 (took 0:00:15.307445)
