INFO:kolla.common.utils.magnum-base:Building started at 2020-03-02 21:41:44.647531
INFO:kolla.common.utils.magnum-base:Step 1/6 : FROM s390x/ubuntu-binary-openstack-base:9.1.0
INFO:kolla.common.utils.magnum-base: ---> 0b248122f3fe
INFO:kolla.common.utils.magnum-base:Step 2/6 : LABEL maintainer="Kolla Project (https://launchpad.net/kolla)" name="magnum-base" build-date="20200302"
INFO:kolla.common.utils.magnum-base: ---> Running in d3c0c67a198c
INFO:kolla.common.utils.magnum-base:Removing intermediate container d3c0c67a198c
INFO:kolla.common.utils.magnum-base: ---> e841723e3c45
INFO:kolla.common.utils.magnum-base:Step 3/6 : RUN usermod --append --home /var/lib/magnum --groups kolla magnum     && mkdir -p /var/lib/magnum     && chown -R 42428:42428 /var/lib/magnum
INFO:kolla.common.utils.magnum-base: ---> Running in b1b4f5d7b2b8
INFO:kolla.common.utils.magnum-base:Removing intermediate container b1b4f5d7b2b8
INFO:kolla.common.utils.magnum-base: ---> be82ace79d0c
INFO:kolla.common.utils.magnum-base:Step 4/6 : RUN apt-get update && apt-get -y install --no-install-recommends magnum-common && apt-get clean && rm -rf /var/lib/apt/lists/*
INFO:kolla.common.utils.magnum-base: ---> Running in 0af70731bb29
INFO:kolla.common.utils.magnum-base:Get:1 http://ports.ubuntu.com bionic InRelease [242 kB]
INFO:kolla.common.utils.magnum-base:Ign:2 http://ubuntu-cloud.archive.canonical.com/ubuntu bionic-updates/ussuri InRelease
INFO:kolla.common.utils.magnum-base:Get:3 http://ports.ubuntu.com bionic-updates InRelease [88.7 kB]
INFO:kolla.common.utils.magnum-base:Get:4 http://ubuntu-cloud.archive.canonical.com/ubuntu bionic-updates/ussuri Release [7,884 B]
INFO:kolla.common.utils.magnum-base:Get:5 http://ports.ubuntu.com bionic-security InRelease [88.7 kB]
INFO:kolla.common.utils.magnum-base:Get:6 http://ports.ubuntu.com bionic-backports InRelease [74.6 kB]
INFO:kolla.common.utils.magnum-base:Get:7 http://ubuntu-cloud.archive.canonical.com/ubuntu bionic-updates/ussuri Release.gpg [543 B]
INFO:kolla.common.utils.magnum-base:Get:8 http://ports.ubuntu.com bionic/main s390x Packages [1,244 kB]
INFO:kolla.common.utils.magnum-base:Get:9 http://ports.ubuntu.com bionic/universe s390x Packages [10.8 MB]
INFO:kolla.common.utils.magnum-base:Get:10 http://ubuntu-cloud.archive.canonical.com/ubuntu bionic-updates/ussuri/main s390x Packages [145 kB]
INFO:kolla.common.utils.magnum-base:Get:11 http://ports.ubuntu.com bionic-updates/main s390x Packages [730 kB]
INFO:kolla.common.utils.magnum-base:Get:12 http://ports.ubuntu.com bionic-updates/universe s390x Packages [1,075 kB]
INFO:kolla.common.utils.magnum-base:Get:13 http://ports.ubuntu.com bionic-security/universe s390x Packages [625 kB]
INFO:kolla.common.utils.magnum-base:Get:14 http://ports.ubuntu.com bionic-security/main s390x Packages [467 kB]
INFO:kolla.common.utils.magnum-base:Get:15 http://ports.ubuntu.com bionic-backports/main s390x Packages [2,494 B]
INFO:kolla.common.utils.magnum-base:Get:16 http://ports.ubuntu.com bionic-backports/universe s390x Packages [4,242 B]
INFO:kolla.common.utils.magnum-base:Fetched 15.6 MB in 3s (6,164 kB/s)
INFO:kolla.common.utils.magnum-base:Reading package lists...
INFO:kolla.common.utils.magnum-base:Reading package lists...
INFO:kolla.common.utils.magnum-base:Building dependency tree...
INFO:kolla.common.utils.magnum-base:Reading state information...
INFO:kolla.common.utils.magnum-base:The following additional packages will be installed:
INFO:kolla.common.utils.magnum-base:  alembic dbconfig-common golang-docker-credential-helpers libjs-jquery
INFO:kolla.common.utils.magnum-base:  libjs-sphinxdoc libjs-underscore libsecret-1-0 libsecret-common
INFO:kolla.common.utils.magnum-base:  pycadf-common python-pastedeploy-tpl python3-alembic python3-amqp
INFO:kolla.common.utils.magnum-base:  python3-anyjson python3-automaton python3-bs4 python3-cachetools
INFO:kolla.common.utils.magnum-base:  python3-docker python3-dockerpycreds python3-google-auth python3-jinja2
INFO:kolla.common.utils.magnum-base:  python3-keystonemiddleware python3-kombu python3-kubernetes python3-logutils
INFO:kolla.common.utils.magnum-base:  python3-magnum python3-marathon python3-migrate python3-networkx
INFO:kolla.common.utils.magnum-base:  python3-octaviaclient python3-oslo.cache python3-oslo.db
INFO:kolla.common.utils.magnum-base:  python3-oslo.messaging python3-oslo.middleware python3-oslo.policy
INFO:kolla.common.utils.magnum-base:  python3-oslo.reports python3-oslo.service python3-oslo.upgradecheck
INFO:kolla.common.utils.magnum-base:  python3-oslo.versionedobjects python3-paste python3-pastedeploy
INFO:kolla.common.utils.magnum-base:  python3-pecan python3-psutil python3-pyasn1 python3-pyasn1-modules
INFO:kolla.common.utils.magnum-base:  python3-pycadf python3-repoze.lru python3-requests-oauthlib python3-retrying
INFO:kolla.common.utils.magnum-base:  python3-routes python3-rsa python3-simplegeneric python3-singledispatch
INFO:kolla.common.utils.magnum-base:  python3-sqlalchemy python3-sqlparse python3-taskflow python3-tempita
INFO:kolla.common.utils.magnum-base:  python3-tenacity python3-testresources python3-testscenarios python3-vine
INFO:kolla.common.utils.magnum-base:  python3-waitress python3-websocket python3-webtest python3-werkzeug
INFO:kolla.common.utils.magnum-base:  python3-wsme ucf
INFO:kolla.common.utils.magnum-base:Suggested packages:
INFO:kolla.common.utils.magnum-base:  dbconfig-mysql | dbconfig-pgsql | dbconfig-sqlite | dbconfig-sqlite3
INFO:kolla.common.utils.magnum-base:  | dbconfig-no-thanks python3-editor python-amqp-doc python-automaton-doc
INFO:kolla.common.utils.magnum-base:  python-jinja2-doc python-kombu-doc python3-boto python3-django
INFO:kolla.common.utils.magnum-base:  python3-pymongo python-python-marathon-doc python-migrate-doc
INFO:kolla.common.utils.magnum-base:  python3-pydotplus python3-scipy python-octaviaclient-doc
INFO:kolla.common.utils.magnum-base:  python-oslo.cache-doc python3-confluent-kafka python-oslo.middleware-doc
INFO:kolla.common.utils.magnum-base:  python-oslo.policy-doc python-oslo.reports-doc python-oslo.service-doc
INFO:kolla.common.utils.magnum-base:  python-oslo.versionedobjects-doc httpd-wsgi libapache2-mod-python
INFO:kolla.common.utils.magnum-base:  libapache2-mod-scgi libjs-mochikit python-pecan-doc python-psutil-doc
INFO:kolla.common.utils.magnum-base:  python-sqlalchemy-doc python3-fdb python-sqlparse-doc python3-pydot
INFO:kolla.common.utils.magnum-base:  python-tenacity-doc python-waitress-doc python-webtest-doc ipython3
INFO:kolla.common.utils.magnum-base:  python3-termcolor python3-watchdog python-werkzeug-doc
INFO:kolla.common.utils.magnum-base:Recommended packages:
INFO:kolla.common.utils.magnum-base:  javascript-common python3-numpy python3-pastescript python3-sqlalchemy-ext
INFO:kolla.common.utils.magnum-base:The following NEW packages will be installed:
INFO:kolla.common.utils.magnum-base:  alembic dbconfig-common golang-docker-credential-helpers libjs-jquery
INFO:kolla.common.utils.magnum-base:  libjs-sphinxdoc libjs-underscore libsecret-1-0 libsecret-common
INFO:kolla.common.utils.magnum-base:  magnum-common pycadf-common python-pastedeploy-tpl python3-alembic
INFO:kolla.common.utils.magnum-base:  python3-amqp python3-anyjson python3-automaton python3-bs4
INFO:kolla.common.utils.magnum-base:  python3-cachetools python3-docker python3-dockerpycreds python3-google-auth
INFO:kolla.common.utils.magnum-base:  python3-jinja2 python3-keystonemiddleware python3-kombu python3-kubernetes
INFO:kolla.common.utils.magnum-base:  python3-logutils python3-magnum python3-marathon python3-migrate
INFO:kolla.common.utils.magnum-base:  python3-networkx python3-octaviaclient python3-oslo.cache python3-oslo.db
INFO:kolla.common.utils.magnum-base:  python3-oslo.messaging python3-oslo.middleware python3-oslo.policy
INFO:kolla.common.utils.magnum-base:  python3-oslo.reports python3-oslo.service python3-oslo.upgradecheck
INFO:kolla.common.utils.magnum-base:  python3-oslo.versionedobjects python3-paste python3-pastedeploy
INFO:kolla.common.utils.magnum-base:  python3-pecan python3-psutil python3-pyasn1 python3-pyasn1-modules
INFO:kolla.common.utils.magnum-base:  python3-pycadf python3-repoze.lru python3-requests-oauthlib python3-retrying
INFO:kolla.common.utils.magnum-base:  python3-routes python3-rsa python3-simplegeneric python3-singledispatch
INFO:kolla.common.utils.magnum-base:  python3-sqlalchemy python3-sqlparse python3-taskflow python3-tempita
INFO:kolla.common.utils.magnum-base:  python3-tenacity python3-testresources python3-testscenarios python3-vine
INFO:kolla.common.utils.magnum-base:  python3-waitress python3-websocket python3-webtest python3-werkzeug
INFO:kolla.common.utils.magnum-base:  python3-wsme ucf
INFO:kolla.common.utils.magnum-base:0 upgraded, 67 newly installed, 0 to remove and 0 not upgraded.
INFO:kolla.common.utils.magnum-base:Need to get 6,819 kB of archives.
INFO:kolla.common.utils.magnum-base:After this operation, 44.6 MB of additional disk space will be used.
INFO:kolla.common.utils.magnum-base:Get:1 http://ports.ubuntu.com bionic/main s390x ucf all 3.0038 [50.5 kB]
INFO:kolla.common.utils.magnum-base:Get:2 http://ports.ubuntu.com bionic/main s390x libjs-jquery all 3.2.1-1 [152 kB]
INFO:kolla.common.utils.magnum-base:Get:3 http://ubuntu-cloud.archive.canonical.com/ubuntu bionic-updates/ussuri/main s390x python3-sqlalchemy all 1.2.18+ds1-2ubuntu2~cloud0 [728 kB]
INFO:kolla.common.utils.magnum-base:Get:4 http://ports.ubuntu.com bionic/main s390x libjs-underscore all 1.8.3~dfsg-1 [59.9 kB]
INFO:kolla.common.utils.magnum-base:Get:5 http://ports.ubuntu.com bionic/main s390x dbconfig-common all 2.0.9 [601 kB]
INFO:kolla.common.utils.magnum-base:Get:6 http://ubuntu-cloud.archive.canonical.com/ubuntu bionic-updates/ussuri/main s390x python3-alembic all 1.0.0-2ubuntu2~cloud0 [111 kB]
INFO:kolla.common.utils.magnum-base:Get:7 http://ubuntu-cloud.archive.canonical.com/ubuntu bionic-updates/ussuri/main s390x libjs-sphinxdoc all 1.8.5-3~cloud0 [96.6 kB]
INFO:kolla.common.utils.magnum-base:Get:8 http://ubuntu-cloud.archive.canonical.com/ubuntu bionic-updates/ussuri/main s390x alembic all 1.0.0-2ubuntu2~cloud0 [369 kB]
INFO:kolla.common.utils.magnum-base:Get:9 http://ubuntu-cloud.archive.canonical.com/ubuntu bionic-updates/ussuri/main s390x python3-websocket all 0.53.0-1~cloud0 [32.3 kB]
INFO:kolla.common.utils.magnum-base:Get:10 http://ubuntu-cloud.archive.canonical.com/ubuntu bionic-updates/ussuri/main s390x python3-oslo.cache all 1.37.0-0ubuntu1~cloud0 [34.5 kB]
INFO:kolla.common.utils.magnum-base:Get:11 http://ubuntu-cloud.archive.canonical.com/ubuntu bionic-updates/ussuri/main s390x python3-keystonemiddleware all 7.0.1-0ubuntu1~cloud0 [68.6 kB]
INFO:kolla.common.utils.magnum-base:Get:12 http://ubuntu-cloud.archive.canonical.com/ubuntu bionic-updates/ussuri/main s390x python3-cachetools all 3.1.0-2~cloud0 [9,892 B]
INFO:kolla.common.utils.magnum-base:Get:13 http://ports.ubuntu.com bionic/main s390x libsecret-common all 0.18.6-1 [4,452 B]
INFO:kolla.common.utils.magnum-base:Get:14 http://ports.ubuntu.com bionic/main s390x libsecret-1-0 s390x 0.18.6-1 [87.2 kB]
INFO:kolla.common.utils.magnum-base:Get:15 http://ports.ubuntu.com bionic/universe s390x golang-docker-credential-helpers s390x 0.5.0-2 [411 kB]
INFO:kolla.common.utils.magnum-base:Get:16 http://ubuntu-cloud.archive.canonical.com/ubuntu bionic-updates/ussuri/main s390x python3-kubernetes all 7.0.0~a1-2~cloud0 [271 kB]
INFO:kolla.common.utils.magnum-base:Get:17 http://ports.ubuntu.com bionic/universe s390x python3-dockerpycreds all 0.2.1-1 [4,206 B]
INFO:kolla.common.utils.magnum-base:Get:18 http://ports.ubuntu.com bionic/universe s390x python3-docker all 2.5.1-1 [69.0 kB]
INFO:kolla.common.utils.magnum-base:Get:19 http://ports.ubuntu.com bionic/main s390x pycadf-common all 2.7.0-0ubuntu1 [4,440 B]
INFO:kolla.common.utils.magnum-base:Get:20 http://ports.ubuntu.com bionic/universe s390x python3-pycadf all 2.7.0-0ubuntu1 [17.4 kB]
INFO:kolla.common.utils.magnum-base:Get:21 http://ports.ubuntu.com bionic/main s390x python3-pyasn1 all 0.4.2-3 [46.8 kB]
INFO:kolla.common.utils.magnum-base:Get:22 http://ports.ubuntu.com bionic/main s390x python3-pyasn1-modules all 0.2.1-0.2 [32.9 kB]
INFO:kolla.common.utils.magnum-base:Get:23 http://ports.ubuntu.com bionic/universe s390x python3-rsa all 3.4.2-1 [29.0 kB]
INFO:kolla.common.utils.magnum-base:Get:24 http://ubuntu-cloud.archive.canonical.com/ubuntu bionic-updates/ussuri/main s390x python3-octaviaclient all 1.10.0-0ubuntu1~cloud0 [43.4 kB]
INFO:kolla.common.utils.magnum-base:Get:25 http://ports.ubuntu.com bionic/universe s390x python3-google-auth all 1.3.0-2 [32.5 kB]
INFO:kolla.common.utils.magnum-base:Get:26 http://ubuntu-cloud.archive.canonical.com/ubuntu bionic-updates/ussuri/main s390x python3-migrate all 0.12.0-3~cloud0 [79.3 kB]
INFO:kolla.common.utils.magnum-base:Get:27 http://ubuntu-cloud.archive.canonical.com/ubuntu bionic-updates/ussuri/main s390x python3-testscenarios all 0.5.0-2~cloud0 [13.5 kB]
INFO:kolla.common.utils.magnum-base:Get:28 http://ubuntu-cloud.archive.canonical.com/ubuntu bionic-updates/ussuri/main s390x python3-oslo.db all 5.0.2-0ubuntu1~cloud0 [115 kB]
INFO:kolla.common.utils.magnum-base:Get:29 http://ubuntu-cloud.archive.canonical.com/ubuntu bionic-updates/ussuri/main s390x python3-amqp all 2.5.0-2~cloud0 [42.2 kB]
INFO:kolla.common.utils.magnum-base:Get:30 http://ubuntu-cloud.archive.canonical.com/ubuntu bionic-updates/ussuri/main s390x python3-oslo.middleware all 3.38.1-0ubuntu1~cloud0 [33.1 kB]
INFO:kolla.common.utils.magnum-base:Get:31 http://ubuntu-cloud.archive.canonical.com/ubuntu bionic-updates/ussuri/main s390x python3-oslo.service all 1.40.2-0ubuntu1~cloud0 [50.6 kB]
INFO:kolla.common.utils.magnum-base:Get:32 http://ports.ubuntu.com bionic/universe s390x python3-requests-oauthlib all 0.8.0-0.1 [16.1 kB]
INFO:kolla.common.utils.magnum-base:Get:33 http://ubuntu-cloud.archive.canonical.com/ubuntu bionic-updates/ussuri/main s390x python3-tenacity all 5.1.1-0ubuntu2~cloud0 [34.9 kB]
INFO:kolla.common.utils.magnum-base:Get:34 http://ubuntu-cloud.archive.canonical.com/ubuntu bionic-updates/ussuri/main s390x python3-oslo.messaging all 9.7.1-0ubuntu3~cloud0 [149 kB]
INFO:kolla.common.utils.magnum-base:Get:35 http://ubuntu-cloud.archive.canonical.com/ubuntu bionic-updates/ussuri/main s390x python3-oslo.policy all 2.3.2-0ubuntu1~cloud0 [50.3 kB]
INFO:kolla.common.utils.magnum-base:Get:36 http://ubuntu-cloud.archive.canonical.com/ubuntu bionic-updates/ussuri/main s390x python3-psutil s390x 5.5.1-1build1~cloud0 [166 kB]
INFO:kolla.common.utils.magnum-base:Get:37 http://ports.ubuntu.com bionic/universe s390x python3-marathon all 0.8.10-0ubuntu1 [21.2 kB]
INFO:kolla.common.utils.magnum-base:Get:38 http://ports.ubuntu.com bionic/main s390x python3-sqlparse all 0.2.4-0.1 [28.1 kB]
INFO:kolla.common.utils.magnum-base:Get:39 http://ports.ubuntu.com bionic/main s390x python3-tempita all 0.5.2-2 [13.9 kB]
INFO:kolla.common.utils.magnum-base:Get:40 http://ubuntu-cloud.archive.canonical.com/ubuntu bionic-updates/ussuri/main s390x python3-oslo.reports all 1.30.0-0ubuntu1~cloud0 [26.9 kB]
INFO:kolla.common.utils.magnum-base:Get:41 http://ports.ubuntu.com bionic/universe s390x python3-testresources all 2.0.0-2 [26.4 kB]
INFO:kolla.common.utils.magnum-base:Get:42 http://ubuntu-cloud.archive.canonical.com/ubuntu bionic-updates/ussuri/main s390x python3-oslo.upgradecheck all 0.3.2-0ubuntu1~cloud0 [7,484 B]
INFO:kolla.common.utils.magnum-base:Get:43 http://ports.ubuntu.com bionic/main s390x python3-vine all 1.1.4+dfsg-2 [15.7 kB]
INFO:kolla.common.utils.magnum-base:Get:44 http://ubuntu-cloud.archive.canonical.com/ubuntu bionic-updates/ussuri/main s390x python3-oslo.versionedobjects all 1.36.1-0ubuntu1~cloud0 [59.1 kB]
INFO:kolla.common.utils.magnum-base:Get:45 http://ports.ubuntu.com bionic/universe s390x python3-anyjson all 0.3.3-1build1 [7,062 B]
INFO:kolla.common.utils.magnum-base:Get:46 http://ports.ubuntu.com bionic/universe s390x python3-kombu all 4.1.0-1 [126 kB]
INFO:kolla.common.utils.magnum-base:Get:47 http://ubuntu-cloud.archive.canonical.com/ubuntu bionic-updates/ussuri/main s390x python3-pecan all 1.3.3-0ubuntu2~cloud0 [104 kB]
INFO:kolla.common.utils.magnum-base:Get:48 http://ports.ubuntu.com bionic-updates/main s390x python3-jinja2 all 2.10-1ubuntu0.18.04.1 [95.4 kB]
INFO:kolla.common.utils.magnum-base:Get:49 http://ubuntu-cloud.archive.canonical.com/ubuntu bionic-updates/ussuri/main s390x python3-taskflow all 3.7.1-0ubuntu2~cloud0 [253 kB]
INFO:kolla.common.utils.magnum-base:Get:50 http://ports.ubuntu.com bionic/main s390x python3-paste all 2.0.3+dfsg-4ubuntu1 [456 kB]
INFO:kolla.common.utils.magnum-base:Get:51 http://ubuntu-cloud.archive.canonical.com/ubuntu bionic-updates/ussuri/main s390x python3-wsme all 0.9.3-3~cloud0 [61.6 kB]
INFO:kolla.common.utils.magnum-base:Get:52 http://ports.ubuntu.com bionic/main s390x python-pastedeploy-tpl all 1.5.2-4 [4,796 B]
INFO:kolla.common.utils.magnum-base:Get:53 http://ports.ubuntu.com bionic/main s390x python3-pastedeploy all 1.5.2-4 [13.4 kB]
INFO:kolla.common.utils.magnum-base:Get:54 http://ports.ubuntu.com bionic/universe s390x python3-repoze.lru all 0.7-1 [11.7 kB]
INFO:kolla.common.utils.magnum-base:Get:55 http://ports.ubuntu.com bionic/universe s390x python3-routes all 2.4.1-1 [28.4 kB]
INFO:kolla.common.utils.magnum-base:Get:56 http://ports.ubuntu.com bionic/universe s390x python3-logutils all 0.3.3-5 [16.7 kB]
INFO:kolla.common.utils.magnum-base:Get:57 http://ports.ubuntu.com bionic/universe s390x python3-simplegeneric all 0.8.1-1 [11.5 kB]
INFO:kolla.common.utils.magnum-base:Get:58 http://ports.ubuntu.com bionic/universe s390x python3-singledispatch all 3.4.0.3-2 [7,022 B]
INFO:kolla.common.utils.magnum-base:Get:59 http://ports.ubuntu.com bionic/main s390x python3-bs4 all 4.6.0-1 [67.8 kB]
INFO:kolla.common.utils.magnum-base:Get:60 http://ports.ubuntu.com bionic/main s390x python3-waitress all 1.0.1-1 [53.4 kB]
INFO:kolla.common.utils.magnum-base:Get:61 http://ports.ubuntu.com bionic/main s390x python3-webtest all 2.0.28-1ubuntu1 [27.9 kB]
INFO:kolla.common.utils.magnum-base:Get:62 http://ports.ubuntu.com bionic/universe s390x python3-automaton all 1.14.0-0ubuntu1 [15.0 kB]
INFO:kolla.common.utils.magnum-base:Get:63 http://ubuntu-cloud.archive.canonical.com/ubuntu bionic-updates/ussuri/main s390x python3-magnum all 9.0.0-0ubuntu1~cloud0 [316 kB]
INFO:kolla.common.utils.magnum-base:Get:64 http://ports.ubuntu.com bionic-updates/universe s390x python3-networkx all 1.11-1ubuntu3 [606 kB]
INFO:kolla.common.utils.magnum-base:Get:65 http://ports.ubuntu.com bionic/universe s390x python3-retrying all 1.3.3-3 [7,980 B]
INFO:kolla.common.utils.magnum-base:Get:66 http://ports.ubuntu.com bionic/universe s390x python3-werkzeug all 0.14.1+dfsg1-1 [174 kB]
INFO:kolla.common.utils.magnum-base:Get:67 http://ubuntu-cloud.archive.canonical.com/ubuntu bionic-updates/ussuri/main s390x magnum-common all 9.0.0-0ubuntu1~cloud0 [40.3 kB]
INFO:kolla.common.utils.magnum-base:Preconfiguring packages ...
INFO:kolla.common.utils.magnum-base:Fetched 6,819 kB in 0s (21.1 MB/s)
INFO:kolla.common.utils.magnum-base:Selecting previously unselected package ucf.
INFO:kolla.common.utils.magnum-base:(Reading database ... 
INFO:kolla.common.utils.magnum-base:(Reading database ... 5%(Reading database ... 10%(Reading database ... 15%(Reading database ... 20%(Reading database ... 25%(Reading database ... 30%(Reading database ... 35%(Reading database ... 40%
INFO:kolla.common.utils.magnum-base:(Reading database ... 45%(Reading database ... 50%(Reading database ... 55%(Reading database ... 60%
INFO:kolla.common.utils.magnum-base:(Reading database ... 65%
INFO:kolla.common.utils.magnum-base:(Reading database ... 70%
INFO:kolla.common.utils.magnum-base:(Reading database ... 75%
INFO:kolla.common.utils.magnum-base:(Reading database ... 80%
INFO:kolla.common.utils.magnum-base:(Reading database ... 85%
INFO:kolla.common.utils.magnum-base:(Reading database ... 90%
INFO:kolla.common.utils.magnum-base:(Reading database ... 95%
INFO:kolla.common.utils.magnum-base:(Reading database ... 100%(Reading database ... 22243 files and directories currently installed.)
INFO:kolla.common.utils.magnum-base:Preparing to unpack .../00-ucf_3.0038_all.deb ...
INFO:kolla.common.utils.magnum-base:Moving old data out of the way
INFO:kolla.common.utils.magnum-base:Unpacking ucf (3.0038) ...
INFO:kolla.common.utils.magnum-base:Selecting previously unselected package python3-sqlalchemy.
INFO:kolla.common.utils.magnum-base:Preparing to unpack .../01-python3-sqlalchemy_1.2.18+ds1-2ubuntu2~cloud0_all.deb ...
INFO:kolla.common.utils.magnum-base:Unpacking python3-sqlalchemy (1.2.18+ds1-2ubuntu2~cloud0) ...
INFO:kolla.common.utils.magnum-base:Selecting previously unselected package python3-alembic.
INFO:kolla.common.utils.magnum-base:Preparing to unpack .../02-python3-alembic_1.0.0-2ubuntu2~cloud0_all.deb ...
INFO:kolla.common.utils.magnum-base:Unpacking python3-alembic (1.0.0-2ubuntu2~cloud0) ...
INFO:kolla.common.utils.magnum-base:Selecting previously unselected package libjs-jquery.
INFO:kolla.common.utils.magnum-base:Preparing to unpack .../03-libjs-jquery_3.2.1-1_all.deb ...
INFO:kolla.common.utils.magnum-base:Unpacking libjs-jquery (3.2.1-1) ...
INFO:kolla.common.utils.magnum-base:Selecting previously unselected package libjs-underscore.
INFO:kolla.common.utils.magnum-base:Preparing to unpack .../04-libjs-underscore_1.8.3~dfsg-1_all.deb ...
INFO:kolla.common.utils.magnum-base:Unpacking libjs-underscore (1.8.3~dfsg-1) ...
INFO:kolla.common.utils.magnum-base:Selecting previously unselected package libjs-sphinxdoc.
INFO:kolla.common.utils.magnum-base:Preparing to unpack .../05-libjs-sphinxdoc_1.8.5-3~cloud0_all.deb ...
INFO:kolla.common.utils.magnum-base:Unpacking libjs-sphinxdoc (1.8.5-3~cloud0) ...
INFO:kolla.common.utils.magnum-base:Selecting previously unselected package alembic.
INFO:kolla.common.utils.magnum-base:Preparing to unpack .../06-alembic_1.0.0-2ubuntu2~cloud0_all.deb ...
INFO:kolla.common.utils.magnum-base:Unpacking alembic (1.0.0-2ubuntu2~cloud0) ...
INFO:kolla.common.utils.magnum-base:Selecting previously unselected package dbconfig-common.
INFO:kolla.common.utils.magnum-base:Preparing to unpack .../07-dbconfig-common_2.0.9_all.deb ...
INFO:kolla.common.utils.magnum-base:Unpacking dbconfig-common (2.0.9) ...
INFO:kolla.common.utils.magnum-base:Selecting previously unselected package libsecret-common.
INFO:kolla.common.utils.magnum-base:Preparing to unpack .../08-libsecret-common_0.18.6-1_all.deb ...
INFO:kolla.common.utils.magnum-base:Unpacking libsecret-common (0.18.6-1) ...
INFO:kolla.common.utils.magnum-base:Selecting previously unselected package libsecret-1-0:s390x.
INFO:kolla.common.utils.magnum-base:Preparing to unpack .../09-libsecret-1-0_0.18.6-1_s390x.deb ...
INFO:kolla.common.utils.magnum-base:Unpacking libsecret-1-0:s390x (0.18.6-1) ...
INFO:kolla.common.utils.magnum-base:Selecting previously unselected package golang-docker-credential-helpers.
INFO:kolla.common.utils.magnum-base:Preparing to unpack .../10-golang-docker-credential-helpers_0.5.0-2_s390x.deb ...
INFO:kolla.common.utils.magnum-base:Unpacking golang-docker-credential-helpers (0.5.0-2) ...
INFO:kolla.common.utils.magnum-base:Selecting previously unselected package python3-dockerpycreds.
INFO:kolla.common.utils.magnum-base:Preparing to unpack .../11-python3-dockerpycreds_0.2.1-1_all.deb ...
INFO:kolla.common.utils.magnum-base:Unpacking python3-dockerpycreds (0.2.1-1) ...
INFO:kolla.common.utils.magnum-base:Selecting previously unselected package python3-websocket.
INFO:kolla.common.utils.magnum-base:Preparing to unpack .../12-python3-websocket_0.53.0-1~cloud0_all.deb ...
INFO:kolla.common.utils.magnum-base:Unpacking python3-websocket (0.53.0-1~cloud0) ...
INFO:kolla.common.utils.magnum-base:Selecting previously unselected package python3-docker.
INFO:kolla.common.utils.magnum-base:Preparing to unpack .../13-python3-docker_2.5.1-1_all.deb ...
INFO:kolla.common.utils.magnum-base:Unpacking python3-docker (2.5.1-1) ...
INFO:kolla.common.utils.magnum-base:Selecting previously unselected package python3-oslo.cache.
INFO:kolla.common.utils.magnum-base:Preparing to unpack .../14-python3-oslo.cache_1.37.0-0ubuntu1~cloud0_all.deb ...
INFO:kolla.common.utils.magnum-base:Unpacking python3-oslo.cache (1.37.0-0ubuntu1~cloud0) ...
INFO:kolla.common.utils.magnum-base:Selecting previously unselected package pycadf-common.
INFO:kolla.common.utils.magnum-base:Preparing to unpack .../15-pycadf-common_2.7.0-0ubuntu1_all.deb ...
INFO:kolla.common.utils.magnum-base:Unpacking pycadf-common (2.7.0-0ubuntu1) ...
INFO:kolla.common.utils.magnum-base:Selecting previously unselected package python3-pycadf.
INFO:kolla.common.utils.magnum-base:Preparing to unpack .../16-python3-pycadf_2.7.0-0ubuntu1_all.deb ...
INFO:kolla.common.utils.magnum-base:Unpacking python3-pycadf (2.7.0-0ubuntu1) ...
INFO:kolla.common.utils.magnum-base:Selecting previously unselected package python3-keystonemiddleware.
INFO:kolla.common.utils.magnum-base:Preparing to unpack .../17-python3-keystonemiddleware_7.0.1-0ubuntu1~cloud0_all.deb ...
INFO:kolla.common.utils.magnum-base:Unpacking python3-keystonemiddleware (7.0.1-0ubuntu1~cloud0) ...
INFO:kolla.common.utils.magnum-base:Selecting previously unselected package python3-cachetools.
INFO:kolla.common.utils.magnum-base:Preparing to unpack .../18-python3-cachetools_3.1.0-2~cloud0_all.deb ...
INFO:kolla.common.utils.magnum-base:Unpacking python3-cachetools (3.1.0-2~cloud0) ...
INFO:kolla.common.utils.magnum-base:Selecting previously unselected package python3-pyasn1.
INFO:kolla.common.utils.magnum-base:Preparing to unpack .../19-python3-pyasn1_0.4.2-3_all.deb ...
INFO:kolla.common.utils.magnum-base:Unpacking python3-pyasn1 (0.4.2-3) ...
INFO:kolla.common.utils.magnum-base:Selecting previously unselected package python3-pyasn1-modules.
INFO:kolla.common.utils.magnum-base:Preparing to unpack .../20-python3-pyasn1-modules_0.2.1-0.2_all.deb ...
INFO:kolla.common.utils.magnum-base:Unpacking python3-pyasn1-modules (0.2.1-0.2) ...
INFO:kolla.common.utils.magnum-base:Selecting previously unselected package python3-rsa.
INFO:kolla.common.utils.magnum-base:Preparing to unpack .../21-python3-rsa_3.4.2-1_all.deb ...
INFO:kolla.common.utils.magnum-base:Unpacking python3-rsa (3.4.2-1) ...
INFO:kolla.common.utils.magnum-base:Selecting previously unselected package python3-google-auth.
INFO:kolla.common.utils.magnum-base:Preparing to unpack .../22-python3-google-auth_1.3.0-2_all.deb ...
INFO:kolla.common.utils.magnum-base:Unpacking python3-google-auth (1.3.0-2) ...
INFO:kolla.common.utils.magnum-base:Selecting previously unselected package python3-requests-oauthlib.
INFO:kolla.common.utils.magnum-base:Preparing to unpack .../23-python3-requests-oauthlib_0.8.0-0.1_all.deb ...
INFO:kolla.common.utils.magnum-base:Unpacking python3-requests-oauthlib (0.8.0-0.1) ...
INFO:kolla.common.utils.magnum-base:Selecting previously unselected package python3-kubernetes.
INFO:kolla.common.utils.magnum-base:Preparing to unpack .../24-python3-kubernetes_7.0.0~a1-2~cloud0_all.deb ...
INFO:kolla.common.utils.magnum-base:Unpacking python3-kubernetes (7.0.0~a1-2~cloud0) ...
INFO:kolla.common.utils.magnum-base:Selecting previously unselected package python3-marathon.
INFO:kolla.common.utils.magnum-base:Preparing to unpack .../25-python3-marathon_0.8.10-0ubuntu1_all.deb ...
INFO:kolla.common.utils.magnum-base:Unpacking python3-marathon (0.8.10-0ubuntu1) ...
INFO:kolla.common.utils.magnum-base:Selecting previously unselected package python3-octaviaclient.
INFO:kolla.common.utils.magnum-base:Preparing to unpack .../26-python3-octaviaclient_1.10.0-0ubuntu1~cloud0_all.deb ...
INFO:kolla.common.utils.magnum-base:Unpacking python3-octaviaclient (1.10.0-0ubuntu1~cloud0) ...
INFO:kolla.common.utils.magnum-base:Selecting previously unselected package python3-sqlparse.
INFO:kolla.common.utils.magnum-base:Preparing to unpack .../27-python3-sqlparse_0.2.4-0.1_all.deb ...
INFO:kolla.common.utils.magnum-base:Unpacking python3-sqlparse (0.2.4-0.1) ...
INFO:kolla.common.utils.magnum-base:Selecting previously unselected package python3-tempita.
INFO:kolla.common.utils.magnum-base:Preparing to unpack .../28-python3-tempita_0.5.2-2_all.deb ...
INFO:kolla.common.utils.magnum-base:Unpacking python3-tempita (0.5.2-2) ...
INFO:kolla.common.utils.magnum-base:Selecting previously unselected package python3-migrate.
INFO:kolla.common.utils.magnum-base:Preparing to unpack .../29-python3-migrate_0.12.0-3~cloud0_all.deb ...
INFO:kolla.common.utils.magnum-base:Unpacking python3-migrate (0.12.0-3~cloud0) ...
INFO:kolla.common.utils.magnum-base:Selecting previously unselected package python3-testresources.
INFO:kolla.common.utils.magnum-base:Preparing to unpack .../30-python3-testresources_2.0.0-2_all.deb ...
INFO:kolla.common.utils.magnum-base:Unpacking python3-testresources (2.0.0-2) ...
INFO:kolla.common.utils.magnum-base:Selecting previously unselected package python3-testscenarios.
INFO:kolla.common.utils.magnum-base:Preparing to unpack .../31-python3-testscenarios_0.5.0-2~cloud0_all.deb ...
INFO:kolla.common.utils.magnum-base:Unpacking python3-testscenarios (0.5.0-2~cloud0) ...
INFO:kolla.common.utils.magnum-base:Selecting previously unselected package python3-oslo.db.
INFO:kolla.common.utils.magnum-base:Preparing to unpack .../32-python3-oslo.db_5.0.2-0ubuntu1~cloud0_all.deb ...
INFO:kolla.common.utils.magnum-base:Unpacking python3-oslo.db (5.0.2-0ubuntu1~cloud0) ...
INFO:kolla.common.utils.magnum-base:Selecting previously unselected package python3-vine.
INFO:kolla.common.utils.magnum-base:Preparing to unpack .../33-python3-vine_1.1.4+dfsg-2_all.deb ...
INFO:kolla.common.utils.magnum-base:Unpacking python3-vine (1.1.4+dfsg-2) ...
INFO:kolla.common.utils.magnum-base:Selecting previously unselected package python3-amqp.
INFO:kolla.common.utils.magnum-base:Preparing to unpack .../34-python3-amqp_2.5.0-2~cloud0_all.deb ...
INFO:kolla.common.utils.magnum-base:Unpacking python3-amqp (2.5.0-2~cloud0) ...
INFO:kolla.common.utils.magnum-base:Selecting previously unselected package python3-anyjson.
INFO:kolla.common.utils.magnum-base:Preparing to unpack .../35-python3-anyjson_0.3.3-1build1_all.deb ...
INFO:kolla.common.utils.magnum-base:Unpacking python3-anyjson (0.3.3-1build1) ...
INFO:kolla.common.utils.magnum-base:Selecting previously unselected package python3-kombu.
INFO:kolla.common.utils.magnum-base:Preparing to unpack .../36-python3-kombu_4.1.0-1_all.deb ...
INFO:kolla.common.utils.magnum-base:Unpacking python3-kombu (4.1.0-1) ...
INFO:kolla.common.utils.magnum-base:Selecting previously unselected package python3-jinja2.
INFO:kolla.common.utils.magnum-base:Preparing to unpack .../37-python3-jinja2_2.10-1ubuntu0.18.04.1_all.deb ...
INFO:kolla.common.utils.magnum-base:Unpacking python3-jinja2 (2.10-1ubuntu0.18.04.1) ...
INFO:kolla.common.utils.magnum-base:Selecting previously unselected package python3-oslo.middleware.
INFO:kolla.common.utils.magnum-base:Preparing to unpack .../38-python3-oslo.middleware_3.38.1-0ubuntu1~cloud0_all.deb ...
INFO:kolla.common.utils.magnum-base:Unpacking python3-oslo.middleware (3.38.1-0ubuntu1~cloud0) ...
INFO:kolla.common.utils.magnum-base:Selecting previously unselected package python3-paste.
INFO:kolla.common.utils.magnum-base:Preparing to unpack .../39-python3-paste_2.0.3+dfsg-4ubuntu1_all.deb ...
INFO:kolla.common.utils.magnum-base:Unpacking python3-paste (2.0.3+dfsg-4ubuntu1) ...
INFO:kolla.common.utils.magnum-base:Selecting previously unselected package python-pastedeploy-tpl.
INFO:kolla.common.utils.magnum-base:Preparing to unpack .../40-python-pastedeploy-tpl_1.5.2-4_all.deb ...
INFO:kolla.common.utils.magnum-base:Unpacking python-pastedeploy-tpl (1.5.2-4) ...
INFO:kolla.common.utils.magnum-base:Selecting previously unselected package python3-pastedeploy.
INFO:kolla.common.utils.magnum-base:Preparing to unpack .../41-python3-pastedeploy_1.5.2-4_all.deb ...
INFO:kolla.common.utils.magnum-base:Unpacking python3-pastedeploy (1.5.2-4) ...
INFO:kolla.common.utils.magnum-base:Selecting previously unselected package python3-repoze.lru.
INFO:kolla.common.utils.magnum-base:Preparing to unpack .../42-python3-repoze.lru_0.7-1_all.deb ...
INFO:kolla.common.utils.magnum-base:Unpacking python3-repoze.lru (0.7-1) ...
INFO:kolla.common.utils.magnum-base:Selecting previously unselected package python3-routes.
INFO:kolla.common.utils.magnum-base:Preparing to unpack .../43-python3-routes_2.4.1-1_all.deb ...
INFO:kolla.common.utils.magnum-base:Unpacking python3-routes (2.4.1-1) ...
INFO:kolla.common.utils.magnum-base:Selecting previously unselected package python3-oslo.service.
INFO:kolla.common.utils.magnum-base:Preparing to unpack .../44-python3-oslo.service_1.40.2-0ubuntu1~cloud0_all.deb ...
INFO:kolla.common.utils.magnum-base:Unpacking python3-oslo.service (1.40.2-0ubuntu1~cloud0) ...
INFO:kolla.common.utils.magnum-base:Selecting previously unselected package python3-tenacity.
INFO:kolla.common.utils.magnum-base:Preparing to unpack .../45-python3-tenacity_5.1.1-0ubuntu2~cloud0_all.deb ...
INFO:kolla.common.utils.magnum-base:Unpacking python3-tenacity (5.1.1-0ubuntu2~cloud0) ...
INFO:kolla.common.utils.magnum-base:Selecting previously unselected package python3-oslo.messaging.
INFO:kolla.common.utils.magnum-base:Preparing to unpack .../46-python3-oslo.messaging_9.7.1-0ubuntu3~cloud0_all.deb ...
INFO:kolla.common.utils.magnum-base:Unpacking python3-oslo.messaging (9.7.1-0ubuntu3~cloud0) ...
INFO:kolla.common.utils.magnum-base:Selecting previously unselected package python3-oslo.policy.
INFO:kolla.common.utils.magnum-base:Preparing to unpack .../47-python3-oslo.policy_2.3.2-0ubuntu1~cloud0_all.deb ...
INFO:kolla.common.utils.magnum-base:Unpacking python3-oslo.policy (2.3.2-0ubuntu1~cloud0) ...
INFO:kolla.common.utils.magnum-base:Selecting previously unselected package python3-psutil.
INFO:kolla.common.utils.magnum-base:Preparing to unpack .../48-python3-psutil_5.5.1-1build1~cloud0_s390x.deb ...
INFO:kolla.common.utils.magnum-base:Unpacking python3-psutil (5.5.1-1build1~cloud0) ...
INFO:kolla.common.utils.magnum-base:Selecting previously unselected package python3-oslo.reports.
INFO:kolla.common.utils.magnum-base:Preparing to unpack .../49-python3-oslo.reports_1.30.0-0ubuntu1~cloud0_all.deb ...
INFO:kolla.common.utils.magnum-base:Unpacking python3-oslo.reports (1.30.0-0ubuntu1~cloud0) ...
INFO:kolla.common.utils.magnum-base:Selecting previously unselected package python3-oslo.upgradecheck.
INFO:kolla.common.utils.magnum-base:Preparing to unpack .../50-python3-oslo.upgradecheck_0.3.2-0ubuntu1~cloud0_all.deb ...
INFO:kolla.common.utils.magnum-base:Unpacking python3-oslo.upgradecheck (0.3.2-0ubuntu1~cloud0) ...
INFO:kolla.common.utils.magnum-base:Selecting previously unselected package python3-oslo.versionedobjects.
INFO:kolla.common.utils.magnum-base:Preparing to unpack .../51-python3-oslo.versionedobjects_1.36.1-0ubuntu1~cloud0_all.deb ...
INFO:kolla.common.utils.magnum-base:Unpacking python3-oslo.versionedobjects (1.36.1-0ubuntu1~cloud0) ...
INFO:kolla.common.utils.magnum-base:Selecting previously unselected package python3-logutils.
INFO:kolla.common.utils.magnum-base:Preparing to unpack .../52-python3-logutils_0.3.3-5_all.deb ...
INFO:kolla.common.utils.magnum-base:Unpacking python3-logutils (0.3.3-5) ...
INFO:kolla.common.utils.magnum-base:Selecting previously unselected package python3-simplegeneric.
INFO:kolla.common.utils.magnum-base:Preparing to unpack .../53-python3-simplegeneric_0.8.1-1_all.deb ...
INFO:kolla.common.utils.magnum-base:Unpacking python3-simplegeneric (0.8.1-1) ...
INFO:kolla.common.utils.magnum-base:Selecting previously unselected package python3-singledispatch.
INFO:kolla.common.utils.magnum-base:Preparing to unpack .../54-python3-singledispatch_3.4.0.3-2_all.deb ...
INFO:kolla.common.utils.magnum-base:Unpacking python3-singledispatch (3.4.0.3-2) ...
INFO:kolla.common.utils.magnum-base:Selecting previously unselected package python3-bs4.
INFO:kolla.common.utils.magnum-base:Preparing to unpack .../55-python3-bs4_4.6.0-1_all.deb ...
INFO:kolla.common.utils.magnum-base:Unpacking python3-bs4 (4.6.0-1) ...
INFO:kolla.common.utils.magnum-base:Selecting previously unselected package python3-waitress.
INFO:kolla.common.utils.magnum-base:Preparing to unpack .../56-python3-waitress_1.0.1-1_all.deb ...
INFO:kolla.common.utils.magnum-base:Unpacking python3-waitress (1.0.1-1) ...
INFO:kolla.common.utils.magnum-base:Selecting previously unselected package python3-webtest.
INFO:kolla.common.utils.magnum-base:Preparing to unpack .../57-python3-webtest_2.0.28-1ubuntu1_all.deb ...
INFO:kolla.common.utils.magnum-base:Unpacking python3-webtest (2.0.28-1ubuntu1) ...
INFO:kolla.common.utils.magnum-base:Selecting previously unselected package python3-pecan.
INFO:kolla.common.utils.magnum-base:Preparing to unpack .../58-python3-pecan_1.3.3-0ubuntu2~cloud0_all.deb ...
INFO:kolla.common.utils.magnum-base:Unpacking python3-pecan (1.3.3-0ubuntu2~cloud0) ...
INFO:kolla.common.utils.magnum-base:Selecting previously unselected package python3-automaton.
INFO:kolla.common.utils.magnum-base:Preparing to unpack .../59-python3-automaton_1.14.0-0ubuntu1_all.deb ...
INFO:kolla.common.utils.magnum-base:Unpacking python3-automaton (1.14.0-0ubuntu1) ...
INFO:kolla.common.utils.magnum-base:Selecting previously unselected package python3-networkx.
INFO:kolla.common.utils.magnum-base:Preparing to unpack .../60-python3-networkx_1.11-1ubuntu3_all.deb ...
INFO:kolla.common.utils.magnum-base:Unpacking python3-networkx (1.11-1ubuntu3) ...
INFO:kolla.common.utils.magnum-base:Selecting previously unselected package python3-retrying.
INFO:kolla.common.utils.magnum-base:Preparing to unpack .../61-python3-retrying_1.3.3-3_all.deb ...
INFO:kolla.common.utils.magnum-base:Unpacking python3-retrying (1.3.3-3) ...
INFO:kolla.common.utils.magnum-base:Selecting previously unselected package python3-taskflow.
INFO:kolla.common.utils.magnum-base:Preparing to unpack .../62-python3-taskflow_3.7.1-0ubuntu2~cloud0_all.deb ...
INFO:kolla.common.utils.magnum-base:Unpacking python3-taskflow (3.7.1-0ubuntu2~cloud0) ...
INFO:kolla.common.utils.magnum-base:Selecting previously unselected package python3-werkzeug.
INFO:kolla.common.utils.magnum-base:Preparing to unpack .../63-python3-werkzeug_0.14.1+dfsg1-1_all.deb ...
INFO:kolla.common.utils.magnum-base:Unpacking python3-werkzeug (0.14.1+dfsg1-1) ...
INFO:kolla.common.utils.magnum-base:Selecting previously unselected package python3-wsme.
INFO:kolla.common.utils.magnum-base:Preparing to unpack .../64-python3-wsme_0.9.3-3~cloud0_all.deb ...
INFO:kolla.common.utils.magnum-base:Unpacking python3-wsme (0.9.3-3~cloud0) ...
INFO:kolla.common.utils.magnum-base:Selecting previously unselected package python3-magnum.
INFO:kolla.common.utils.magnum-base:Preparing to unpack .../65-python3-magnum_9.0.0-0ubuntu1~cloud0_all.deb ...
INFO:kolla.common.utils.magnum-base:Unpacking python3-magnum (9.0.0-0ubuntu1~cloud0) ...
INFO:kolla.common.utils.magnum-base:Selecting previously unselected package magnum-common.
INFO:kolla.common.utils.magnum-base:Preparing to unpack .../66-magnum-common_9.0.0-0ubuntu1~cloud0_all.deb ...
INFO:kolla.common.utils.magnum-base:Unpacking magnum-common (9.0.0-0ubuntu1~cloud0) ...
INFO:kolla.common.utils.magnum-base:Setting up python3-logutils (0.3.3-5) ...
INFO:kolla.common.utils.magnum-base:Setting up libjs-jquery (3.2.1-1) ...
INFO:kolla.common.utils.magnum-base:Setting up python3-werkzeug (0.14.1+dfsg1-1) ...
INFO:kolla.common.utils.magnum-base:Setting up libsecret-common (0.18.6-1) ...
INFO:kolla.common.utils.magnum-base:Setting up python3-sqlalchemy (1.2.18+ds1-2ubuntu2~cloud0) ...
INFO:kolla.common.utils.magnum-base:Setting up python3-simplegeneric (0.8.1-1) ...
INFO:kolla.common.utils.magnum-base:Setting up python3-octaviaclient (1.10.0-0ubuntu1~cloud0) ...
INFO:kolla.common.utils.magnum-base:Setting up libjs-underscore (1.8.3~dfsg-1) ...
INFO:kolla.common.utils.magnum-base:Setting up python3-requests-oauthlib (0.8.0-0.1) ...
INFO:kolla.common.utils.magnum-base:Setting up python3-waitress (1.0.1-1) ...
INFO:kolla.common.utils.magnum-base:update-alternatives: using /usr/bin/waitress-serve-python3 to provide /usr/bin/waitress-serve (waitress-serve) in auto mode
INFO:kolla.common.utils.magnum-base:Setting up python3-sqlparse (0.2.4-0.1) ...
INFO:kolla.common.utils.magnum-base:Setting up python3-tempita (0.5.2-2) ...
INFO:kolla.common.utils.magnum-base:Setting up python3-singledispatch (3.4.0.3-2) ...
INFO:kolla.common.utils.magnum-base:Setting up python3-alembic (1.0.0-2ubuntu2~cloud0) ...
INFO:kolla.common.utils.magnum-base:Setting up libjs-sphinxdoc (1.8.5-3~cloud0) ...
INFO:kolla.common.utils.magnum-base:Setting up python3-tenacity (5.1.1-0ubuntu2~cloud0) ...
INFO:kolla.common.utils.magnum-base:Setting up python3-testscenarios (0.5.0-2~cloud0) ...
INFO:kolla.common.utils.magnum-base:Setting up python3-bs4 (4.6.0-1) ...
INFO:kolla.common.utils.magnum-base:Setting up python3-oslo.policy (2.3.2-0ubuntu1~cloud0) ...
INFO:kolla.common.utils.magnum-base:Setting up python3-psutil (5.5.1-1build1~cloud0) ...
INFO:kolla.common.utils.magnum-base:Setting up ucf (3.0038) ...
INFO:kolla.common.utils.magnum-base:Setting up python3-testresources (2.0.0-2) ...
INFO:kolla.common.utils.magnum-base:Setting up python3-pyasn1 (0.4.2-3) ...
INFO:kolla.common.utils.magnum-base:Setting up pycadf-common (2.7.0-0ubuntu1) ...
INFO:kolla.common.utils.magnum-base:Setting up python3-oslo.cache (1.37.0-0ubuntu1~cloud0) ...
INFO:kolla.common.utils.magnum-base:Setting up python3-networkx (1.11-1ubuntu3) ...
INFO:kolla.common.utils.magnum-base:Setting up python3-pycadf (2.7.0-0ubuntu1) ...
INFO:kolla.common.utils.magnum-base:Setting up python3-jinja2 (2.10-1ubuntu0.18.04.1) ...
INFO:kolla.common.utils.magnum-base:Setting up python3-repoze.lru (0.7-1) ...
INFO:kolla.common.utils.magnum-base:Setting up python3-pyasn1-modules (0.2.1-0.2) ...
INFO:kolla.common.utils.magnum-base:Setting up python3-retrying (1.3.3-3) ...
INFO:kolla.common.utils.magnum-base:Setting up python3-paste (2.0.3+dfsg-4ubuntu1) ...
INFO:kolla.common.utils.magnum-base:Setting up python3-migrate (0.12.0-3~cloud0) ...
INFO:kolla.common.utils.magnum-base:Setting up python3-anyjson (0.3.3-1build1) ...
INFO:kolla.common.utils.magnum-base:Setting up python3-websocket (0.53.0-1~cloud0) ...
INFO:kolla.common.utils.magnum-base:update-alternatives: using /usr/bin/python3-wsdump to provide /usr/bin/wsdump (wsdump) in auto mode
INFO:kolla.common.utils.magnum-base:Setting up python3-keystonemiddleware (7.0.1-0ubuntu1~cloud0) ...
INFO:kolla.common.utils.magnum-base:Setting up python-pastedeploy-tpl (1.5.2-4) ...
INFO:kolla.common.utils.magnum-base:Setting up python3-cachetools (3.1.0-2~cloud0) ...
INFO:kolla.common.utils.magnum-base:Setting up python3-vine (1.1.4+dfsg-2) ...
INFO:kolla.common.utils.magnum-base:Setting up dbconfig-common (2.0.9) ...
INFO:kolla.common.utils.magnum-base:
INFO:kolla.common.utils.magnum-base:Creating config file /etc/dbconfig-common/config with new version
INFO:kolla.common.utils.magnum-base:Setting up libsecret-1-0:s390x (0.18.6-1) ...
INFO:kolla.common.utils.magnum-base:Setting up python3-automaton (1.14.0-0ubuntu1) ...
INFO:kolla.common.utils.magnum-base:Setting up python3-marathon (0.8.10-0ubuntu1) ...
INFO:kolla.common.utils.magnum-base:Setting up python3-oslo.upgradecheck (0.3.2-0ubuntu1~cloud0) ...
INFO:kolla.common.utils.magnum-base:Setting up alembic (1.0.0-2ubuntu2~cloud0) ...
INFO:kolla.common.utils.magnum-base:Setting up python3-routes (2.4.1-1) ...
INFO:kolla.common.utils.magnum-base:Setting up python3-oslo.middleware (3.38.1-0ubuntu1~cloud0) ...
INFO:kolla.common.utils.magnum-base:Setting up python3-amqp (2.5.0-2~cloud0) ...
INFO:kolla.common.utils.magnum-base:Setting up python3-oslo.reports (1.30.0-0ubuntu1~cloud0) ...
INFO:kolla.common.utils.magnum-base:Setting up python3-kombu (4.1.0-1) ...
INFO:kolla.common.utils.magnum-base:Setting up python3-oslo.db (5.0.2-0ubuntu1~cloud0) ...
INFO:kolla.common.utils.magnum-base:Setting up python3-rsa (3.4.2-1) ...
INFO:kolla.common.utils.magnum-base:Setting up python3-wsme (0.9.3-3~cloud0) ...
INFO:kolla.common.utils.magnum-base:Setting up golang-docker-credential-helpers (0.5.0-2) ...
INFO:kolla.common.utils.magnum-base:Setting up python3-pastedeploy (1.5.2-4) ...
INFO:kolla.common.utils.magnum-base:Setting up python3-google-auth (1.3.0-2) ...
INFO:kolla.common.utils.magnum-base:Setting up python3-taskflow (3.7.1-0ubuntu2~cloud0) ...
INFO:kolla.common.utils.magnum-base:Setting up python3-webtest (2.0.28-1ubuntu1) ...
INFO:kolla.common.utils.magnum-base:Setting up python3-pecan (1.3.3-0ubuntu2~cloud0) ...
INFO:kolla.common.utils.magnum-base:Setting up python3-dockerpycreds (0.2.1-1) ...
INFO:kolla.common.utils.magnum-base:Setting up python3-kubernetes (7.0.0~a1-2~cloud0) ...
INFO:kolla.common.utils.magnum-base:Setting up python3-oslo.service (1.40.2-0ubuntu1~cloud0) ...
INFO:kolla.common.utils.magnum-base:Setting up python3-docker (2.5.1-1) ...
INFO:kolla.common.utils.magnum-base:Setting up python3-oslo.messaging (9.7.1-0ubuntu3~cloud0) ...
INFO:kolla.common.utils.magnum-base:Setting up python3-oslo.versionedobjects (1.36.1-0ubuntu1~cloud0) ...
INFO:kolla.common.utils.magnum-base:Setting up python3-magnum (9.0.0-0ubuntu1~cloud0) ...
INFO:kolla.common.utils.magnum-base:Setting up magnum-common (9.0.0-0ubuntu1~cloud0) ...
INFO:kolla.common.utils.magnum-base:Processing triggers for libc-bin (2.27-3ubuntu1) ...
INFO:kolla.common.utils.magnum-base:Removing intermediate container 0af70731bb29
INFO:kolla.common.utils.magnum-base: ---> d4b9cad1bf4f
INFO:kolla.common.utils.magnum-base:Step 5/6 : COPY extend_start.sh /usr/local/bin/kolla_extend_start
INFO:kolla.common.utils.magnum-base: ---> b47274867f16
INFO:kolla.common.utils.magnum-base:Step 6/6 : RUN touch /usr/local/bin/kolla_magnum_extend_start     && chmod 755 /usr/local/bin/kolla_extend_start /usr/local/bin/kolla_magnum_extend_start
INFO:kolla.common.utils.magnum-base: ---> Running in 7090a1c9b8cd
INFO:kolla.common.utils.magnum-base:Removing intermediate container 7090a1c9b8cd
INFO:kolla.common.utils.magnum-base: ---> a7eeadfe2542
INFO:kolla.common.utils.magnum-base:Successfully built a7eeadfe2542
INFO:kolla.common.utils.magnum-base:Successfully tagged s390x/ubuntu-binary-magnum-base:9.1.0
INFO:kolla.common.utils.magnum-base:Built at 2020-03-02 21:42:22.654469 (took 0:00:38.006938)
