INFO:kolla.common.utils.manila-api:Building started at 2020-03-02 21:46:08.459067
INFO:kolla.common.utils.manila-api:Step 1/7 : FROM s390x/ubuntu-binary-manila-base:9.1.0
INFO:kolla.common.utils.manila-api: ---> 8f2e10ab62ec
INFO:kolla.common.utils.manila-api:Step 2/7 : LABEL maintainer="Kolla Project (https://launchpad.net/kolla)" name="manila-api" build-date="20200302"
INFO:kolla.common.utils.manila-api: ---> Running in b3a0b22c7389
INFO:kolla.common.utils.manila-api:Removing intermediate container b3a0b22c7389
INFO:kolla.common.utils.manila-api: ---> 1ee164d4ddb2
INFO:kolla.common.utils.manila-api:Step 3/7 : RUN apt-get update && apt-get -y install --no-install-recommends apache2 libapache2-mod-wsgi-py3 manila-api && apt-get clean && rm -rf /var/lib/apt/lists/*
INFO:kolla.common.utils.manila-api: ---> Running in ca024fda672d
INFO:kolla.common.utils.manila-api:Ign:1 http://ubuntu-cloud.archive.canonical.com/ubuntu bionic-updates/ussuri InRelease
INFO:kolla.common.utils.manila-api:Get:2 http://ports.ubuntu.com bionic InRelease [242 kB]
INFO:kolla.common.utils.manila-api:Get:3 http://ubuntu-cloud.archive.canonical.com/ubuntu bionic-updates/ussuri Release [7,884 B]
INFO:kolla.common.utils.manila-api:Get:4 http://ubuntu-cloud.archive.canonical.com/ubuntu bionic-updates/ussuri Release.gpg [543 B]
INFO:kolla.common.utils.manila-api:Get:5 http://ports.ubuntu.com bionic-updates InRelease [88.7 kB]
INFO:kolla.common.utils.manila-api:Get:6 http://ubuntu-cloud.archive.canonical.com/ubuntu bionic-updates/ussuri/main s390x Packages [145 kB]
INFO:kolla.common.utils.manila-api:Get:7 http://ports.ubuntu.com bionic-security InRelease [88.7 kB]
INFO:kolla.common.utils.manila-api:Get:8 http://ports.ubuntu.com bionic-backports InRelease [74.6 kB]
INFO:kolla.common.utils.manila-api:Get:9 http://ports.ubuntu.com bionic/main s390x Packages [1,244 kB]
INFO:kolla.common.utils.manila-api:Get:10 http://ports.ubuntu.com bionic/universe s390x Packages [10.8 MB]
INFO:kolla.common.utils.manila-api:Get:11 http://ports.ubuntu.com bionic-updates/main s390x Packages [730 kB]
INFO:kolla.common.utils.manila-api:Get:12 http://ports.ubuntu.com bionic-updates/universe s390x Packages [1,075 kB]
INFO:kolla.common.utils.manila-api:Get:13 http://ports.ubuntu.com bionic-security/main s390x Packages [467 kB]
INFO:kolla.common.utils.manila-api:Get:14 http://ports.ubuntu.com bionic-security/universe s390x Packages [625 kB]
INFO:kolla.common.utils.manila-api:Get:15 http://ports.ubuntu.com bionic-backports/main s390x Packages [2,494 B]
INFO:kolla.common.utils.manila-api:Get:16 http://ports.ubuntu.com bionic-backports/universe s390x Packages [4,242 B]
INFO:kolla.common.utils.manila-api:Fetched 15.6 MB in 4s (4,154 kB/s)
INFO:kolla.common.utils.manila-api:Reading package lists...
INFO:kolla.common.utils.manila-api:Reading package lists...
INFO:kolla.common.utils.manila-api:Building dependency tree...
INFO:kolla.common.utils.manila-api:Reading state information...
INFO:kolla.common.utils.manila-api:The following additional packages will be installed:
INFO:kolla.common.utils.manila-api:  apache2-bin apache2-data apache2-utils libapr1 libaprutil1
INFO:kolla.common.utils.manila-api:  libaprutil1-dbd-sqlite3 libaprutil1-ldap liblua5.2-0 libpython3.6
INFO:kolla.common.utils.manila-api:  python-q-text-as-data sqlite3
INFO:kolla.common.utils.manila-api:Suggested packages:
INFO:kolla.common.utils.manila-api:  www-browser apache2-doc apache2-suexec-pristine | apache2-suexec-custom ufw
INFO:kolla.common.utils.manila-api:  sqlite3-doc
INFO:kolla.common.utils.manila-api:Recommended packages:
INFO:kolla.common.utils.manila-api:  ssl-cert
INFO:kolla.common.utils.manila-api:The following NEW packages will be installed:
INFO:kolla.common.utils.manila-api:  apache2 apache2-bin apache2-data apache2-utils libapache2-mod-wsgi-py3
INFO:kolla.common.utils.manila-api:  libapr1 libaprutil1 libaprutil1-dbd-sqlite3 libaprutil1-ldap liblua5.2-0
INFO:kolla.common.utils.manila-api:  libpython3.6 manila-api python-q-text-as-data sqlite3
INFO:kolla.common.utils.manila-api:0 upgraded, 14 newly installed, 0 to remove and 0 not upgraded.
INFO:kolla.common.utils.manila-api:Need to get 3,703 kB of archives.
INFO:kolla.common.utils.manila-api:After this operation, 15.3 MB of additional disk space will be used.
INFO:kolla.common.utils.manila-api:Get:1 http://ports.ubuntu.com bionic/main s390x libapr1 s390x 1.6.3-2 [87.4 kB]
INFO:kolla.common.utils.manila-api:Get:2 http://ports.ubuntu.com bionic/main s390x libaprutil1 s390x 1.6.1-2 [81.8 kB]
INFO:kolla.common.utils.manila-api:Get:3 http://ports.ubuntu.com bionic/main s390x libaprutil1-dbd-sqlite3 s390x 1.6.1-2 [10.4 kB]
INFO:kolla.common.utils.manila-api:Get:4 http://ports.ubuntu.com bionic/main s390x libaprutil1-ldap s390x 1.6.1-2 [8,652 B]
INFO:kolla.common.utils.manila-api:Get:5 http://ports.ubuntu.com bionic/main s390x liblua5.2-0 s390x 5.2.4-1.1build1 [99.9 kB]
INFO:kolla.common.utils.manila-api:Get:6 http://ports.ubuntu.com bionic-updates/main s390x apache2-bin s390x 2.4.29-1ubuntu4.12 [978 kB]
INFO:kolla.common.utils.manila-api:Get:7 http://ubuntu-cloud.archive.canonical.com/ubuntu bionic-updates/ussuri/main s390x manila-api all 1:9.0.0-0ubuntu1~cloud0 [28.2 kB]
INFO:kolla.common.utils.manila-api:Get:8 http://ports.ubuntu.com bionic-updates/main s390x apache2-utils s390x 2.4.29-1ubuntu4.12 [81.3 kB]
INFO:kolla.common.utils.manila-api:Get:9 http://ports.ubuntu.com bionic-updates/main s390x apache2-data all 2.4.29-1ubuntu4.12 [160 kB]
INFO:kolla.common.utils.manila-api:Get:10 http://ports.ubuntu.com bionic-updates/main s390x apache2 s390x 2.4.29-1ubuntu4.12 [95.1 kB]
INFO:kolla.common.utils.manila-api:Get:11 http://ports.ubuntu.com bionic-updates/main s390x libpython3.6 s390x 3.6.9-1~18.04 [1,284 kB]
INFO:kolla.common.utils.manila-api:Get:12 http://ports.ubuntu.com bionic-updates/universe s390x libapache2-mod-wsgi-py3 s390x 4.5.17-1ubuntu1 [81.9 kB]
INFO:kolla.common.utils.manila-api:Get:13 http://ports.ubuntu.com bionic-updates/main s390x sqlite3 s390x 3.22.0-1ubuntu0.2 [688 kB]
INFO:kolla.common.utils.manila-api:Get:14 http://ports.ubuntu.com bionic/universe s390x python-q-text-as-data all 1.4.0-2 [18.9 kB]
INFO:kolla.common.utils.manila-api:Preconfiguring packages ...
INFO:kolla.common.utils.manila-api:Fetched 3,703 kB in 0s (15.4 MB/s)
INFO:kolla.common.utils.manila-api:Selecting previously unselected package libapr1:s390x.
INFO:kolla.common.utils.manila-api:(Reading database ... (Reading database ... 5%(Reading database ... 10%(Reading database ... 15%(Reading database ... 20%(Reading database ... 25%(Reading database ... 30%(Reading database ... 35%(Reading database ... 40%(Reading database ... 45%(Reading database ... 50%(Reading database ... 55%(Reading database ... 60%(Reading database ... 65%(Reading database ... 70%(Reading database ... 75%(Reading database ... 80%(Reading database ... 85%
INFO:kolla.common.utils.manila-api:(Reading database ... 90%(Reading database ... 95%
INFO:kolla.common.utils.manila-api:(Reading database ... 100%(Reading database ... 25554 files and directories currently installed.)
INFO:kolla.common.utils.manila-api:Preparing to unpack .../00-libapr1_1.6.3-2_s390x.deb ...
INFO:kolla.common.utils.manila-api:Unpacking libapr1:s390x (1.6.3-2) ...
INFO:kolla.common.utils.manila-api:Selecting previously unselected package libaprutil1:s390x.
INFO:kolla.common.utils.manila-api:Preparing to unpack .../01-libaprutil1_1.6.1-2_s390x.deb ...
INFO:kolla.common.utils.manila-api:Unpacking libaprutil1:s390x (1.6.1-2) ...
INFO:kolla.common.utils.manila-api:Selecting previously unselected package libaprutil1-dbd-sqlite3:s390x.
INFO:kolla.common.utils.manila-api:Preparing to unpack .../02-libaprutil1-dbd-sqlite3_1.6.1-2_s390x.deb ...
INFO:kolla.common.utils.manila-api:Unpacking libaprutil1-dbd-sqlite3:s390x (1.6.1-2) ...
INFO:kolla.common.utils.manila-api:Selecting previously unselected package libaprutil1-ldap:s390x.
INFO:kolla.common.utils.manila-api:Preparing to unpack .../03-libaprutil1-ldap_1.6.1-2_s390x.deb ...
INFO:kolla.common.utils.manila-api:Unpacking libaprutil1-ldap:s390x (1.6.1-2) ...
INFO:kolla.common.utils.manila-api:Selecting previously unselected package liblua5.2-0:s390x.
INFO:kolla.common.utils.manila-api:Preparing to unpack .../04-liblua5.2-0_5.2.4-1.1build1_s390x.deb ...
INFO:kolla.common.utils.manila-api:Unpacking liblua5.2-0:s390x (5.2.4-1.1build1) ...
INFO:kolla.common.utils.manila-api:Selecting previously unselected package apache2-bin.
INFO:kolla.common.utils.manila-api:Preparing to unpack .../05-apache2-bin_2.4.29-1ubuntu4.12_s390x.deb ...
INFO:kolla.common.utils.manila-api:Unpacking apache2-bin (2.4.29-1ubuntu4.12) ...
INFO:kolla.common.utils.manila-api:Selecting previously unselected package apache2-utils.
INFO:kolla.common.utils.manila-api:Preparing to unpack .../06-apache2-utils_2.4.29-1ubuntu4.12_s390x.deb ...
INFO:kolla.common.utils.manila-api:Unpacking apache2-utils (2.4.29-1ubuntu4.12) ...
INFO:kolla.common.utils.manila-api:Selecting previously unselected package apache2-data.
INFO:kolla.common.utils.manila-api:Preparing to unpack .../07-apache2-data_2.4.29-1ubuntu4.12_all.deb ...
INFO:kolla.common.utils.manila-api:Unpacking apache2-data (2.4.29-1ubuntu4.12) ...
INFO:kolla.common.utils.manila-api:Selecting previously unselected package apache2.
INFO:kolla.common.utils.manila-api:Preparing to unpack .../08-apache2_2.4.29-1ubuntu4.12_s390x.deb ...
INFO:kolla.common.utils.manila-api:Unpacking apache2 (2.4.29-1ubuntu4.12) ...
INFO:kolla.common.utils.manila-api:Selecting previously unselected package libpython3.6:s390x.
INFO:kolla.common.utils.manila-api:Preparing to unpack .../09-libpython3.6_3.6.9-1~18.04_s390x.deb ...
INFO:kolla.common.utils.manila-api:Unpacking libpython3.6:s390x (3.6.9-1~18.04) ...
INFO:kolla.common.utils.manila-api:Selecting previously unselected package libapache2-mod-wsgi-py3.
INFO:kolla.common.utils.manila-api:Preparing to unpack .../10-libapache2-mod-wsgi-py3_4.5.17-1ubuntu1_s390x.deb ...
INFO:kolla.common.utils.manila-api:Unpacking libapache2-mod-wsgi-py3 (4.5.17-1ubuntu1) ...
INFO:kolla.common.utils.manila-api:Selecting previously unselected package sqlite3.
INFO:kolla.common.utils.manila-api:Preparing to unpack .../11-sqlite3_3.22.0-1ubuntu0.2_s390x.deb ...
INFO:kolla.common.utils.manila-api:Unpacking sqlite3 (3.22.0-1ubuntu0.2) ...
INFO:kolla.common.utils.manila-api:Selecting previously unselected package python-q-text-as-data.
INFO:kolla.common.utils.manila-api:Preparing to unpack .../12-python-q-text-as-data_1.4.0-2_all.deb ...
INFO:kolla.common.utils.manila-api:Unpacking python-q-text-as-data (1.4.0-2) ...
INFO:kolla.common.utils.manila-api:Selecting previously unselected package manila-api.
INFO:kolla.common.utils.manila-api:Preparing to unpack .../13-manila-api_1%3a9.0.0-0ubuntu1~cloud0_all.deb ...
INFO:kolla.common.utils.manila-api:Unpacking manila-api (1:9.0.0-0ubuntu1~cloud0) ...
INFO:kolla.common.utils.manila-api:Setting up libapr1:s390x (1.6.3-2) ...
INFO:kolla.common.utils.manila-api:Setting up apache2-data (2.4.29-1ubuntu4.12) ...
INFO:kolla.common.utils.manila-api:Setting up sqlite3 (3.22.0-1ubuntu0.2) ...
INFO:kolla.common.utils.manila-api:Setting up libaprutil1:s390x (1.6.1-2) ...
INFO:kolla.common.utils.manila-api:Setting up liblua5.2-0:s390x (5.2.4-1.1build1) ...
INFO:kolla.common.utils.manila-api:Setting up libpython3.6:s390x (3.6.9-1~18.04) ...
INFO:kolla.common.utils.manila-api:Setting up libaprutil1-ldap:s390x (1.6.1-2) ...
INFO:kolla.common.utils.manila-api:Setting up python-q-text-as-data (1.4.0-2) ...
INFO:kolla.common.utils.manila-api:update-alternatives: using /usr/bin/python2-q-text-as-data to provide /usr/bin/q (q) in auto mode
INFO:kolla.common.utils.manila-api:Setting up manila-api (1:9.0.0-0ubuntu1~cloud0) ...
INFO:kolla.common.utils.manila-api:Will not register  endpoint this time (no user request for it).
INFO:kolla.common.utils.manila-api:invoke-rc.d: could not determine current runlevel
INFO:kolla.common.utils.manila-api:invoke-rc.d: policy-rc.d denied execution of start.
INFO:kolla.common.utils.manila-api:Setting up libaprutil1-dbd-sqlite3:s390x (1.6.1-2) ...
INFO:kolla.common.utils.manila-api:Setting up apache2-utils (2.4.29-1ubuntu4.12) ...
INFO:kolla.common.utils.manila-api:Setting up apache2-bin (2.4.29-1ubuntu4.12) ...
INFO:kolla.common.utils.manila-api:Setting up libapache2-mod-wsgi-py3 (4.5.17-1ubuntu1) ...
INFO:kolla.common.utils.manila-api:Package apache2 is not configured yet. Will defer actions by package libapache2-mod-wsgi-py3.
INFO:kolla.common.utils.manila-api:Setting up apache2 (2.4.29-1ubuntu4.12) ...
INFO:kolla.common.utils.manila-api:Enabling module mpm_event.
INFO:kolla.common.utils.manila-api:Enabling module authz_core.
INFO:kolla.common.utils.manila-api:Enabling module authz_host.
INFO:kolla.common.utils.manila-api:Enabling module authn_core.
INFO:kolla.common.utils.manila-api:Enabling module auth_basic.
INFO:kolla.common.utils.manila-api:Enabling module access_compat.
INFO:kolla.common.utils.manila-api:Enabling module authn_file.
INFO:kolla.common.utils.manila-api:Enabling module authz_user.
INFO:kolla.common.utils.manila-api:Enabling module alias.
INFO:kolla.common.utils.manila-api:Enabling module dir.
INFO:kolla.common.utils.manila-api:Enabling module autoindex.
INFO:kolla.common.utils.manila-api:Enabling module env.
INFO:kolla.common.utils.manila-api:Enabling module mime.
INFO:kolla.common.utils.manila-api:Enabling module negotiation.
INFO:kolla.common.utils.manila-api:Enabling module setenvif.
INFO:kolla.common.utils.manila-api:Enabling module filter.
INFO:kolla.common.utils.manila-api:Enabling module deflate.
INFO:kolla.common.utils.manila-api:Enabling module status.
INFO:kolla.common.utils.manila-api:Enabling module reqtimeout.
INFO:kolla.common.utils.manila-api:Enabling conf charset.
INFO:kolla.common.utils.manila-api:Enabling conf localized-error-pages.
INFO:kolla.common.utils.manila-api:Enabling conf other-vhosts-access-log.
INFO:kolla.common.utils.manila-api:Enabling conf security.
INFO:kolla.common.utils.manila-api:Enabling conf serve-cgi-bin.
INFO:kolla.common.utils.manila-api:Enabling site 000-default.
INFO:kolla.common.utils.manila-api:info: Executing deferred 'a2enmod wsgi' for package libapache2-mod-wsgi-py3
INFO:kolla.common.utils.manila-api:Enabling module wsgi.
INFO:kolla.common.utils.manila-api:invoke-rc.d: could not determine current runlevel
INFO:kolla.common.utils.manila-api:invoke-rc.d: policy-rc.d denied execution of start.
INFO:kolla.common.utils.manila-api:Processing triggers for libc-bin (2.27-3ubuntu1) ...
INFO:kolla.common.utils.manila-api:Removing intermediate container ca024fda672d
INFO:kolla.common.utils.manila-api: ---> f195a579fba5
INFO:kolla.common.utils.manila-api:Step 4/7 : RUN mkdir -p /var/www/cgi-bin/manila     && cp -a /usr/bin/manila-wsgi /var/www/cgi-bin/manila/manila-wsgi     && echo > /etc/apache2/ports.conf
INFO:kolla.common.utils.manila-api: ---> Running in 5bd5cb4e1fdc
INFO:kolla.common.utils.manila-api:Removing intermediate container 5bd5cb4e1fdc
INFO:kolla.common.utils.manila-api: ---> 7d1176e6d42e
INFO:kolla.common.utils.manila-api:Step 5/7 : COPY extend_start.sh /usr/local/bin/kolla_manila_extend_start
INFO:kolla.common.utils.manila-api: ---> 13d68021d8fd
INFO:kolla.common.utils.manila-api:Step 6/7 : RUN chmod 755 /usr/local/bin/kolla_manila_extend_start     && chown -R manila: /var/www/cgi-bin/manila     && chmod 755 /var/www/cgi-bin/manila/manila-wsgi
INFO:kolla.common.utils.manila-api: ---> Running in 10485bce8d7e
INFO:kolla.common.utils.manila-api:Removing intermediate container 10485bce8d7e
INFO:kolla.common.utils.manila-api: ---> 5c34daa59cb2
INFO:kolla.common.utils.manila-api:Step 7/7 : USER manila
INFO:kolla.common.utils.manila-api: ---> Running in 11f4c330a068
INFO:kolla.common.utils.manila-api:Removing intermediate container 11f4c330a068
INFO:kolla.common.utils.manila-api: ---> de527271858d
INFO:kolla.common.utils.manila-api:Successfully built de527271858d
INFO:kolla.common.utils.manila-api:Successfully tagged s390x/ubuntu-binary-manila-api:9.1.0
INFO:kolla.common.utils.manila-api:Built at 2020-03-02 21:46:27.744295 (took 0:00:19.285228)
