INFO:kolla.common.utils.manila-share:Building started at 2020-03-02 21:46:06.661789
INFO:kolla.common.utils.manila-share:Step 1/4 : FROM s390x/ubuntu-binary-manila-base:9.1.0
INFO:kolla.common.utils.manila-share: ---> 8f2e10ab62ec
INFO:kolla.common.utils.manila-share:Step 2/4 : LABEL maintainer="Kolla Project (https://launchpad.net/kolla)" name="manila-share" build-date="20200302"
INFO:kolla.common.utils.manila-share: ---> Running in 7355e27b363c
INFO:kolla.common.utils.manila-share:Removing intermediate container 7355e27b363c
INFO:kolla.common.utils.manila-share: ---> da2b28e1c0ba
INFO:kolla.common.utils.manila-share:Step 3/4 : RUN apt-get update && apt-get -y install --no-install-recommends manila-share ceph-common python3-cephfs python3-rados python3-rbd sqlite3 && apt-get clean && rm -rf /var/lib/apt/lists/*
INFO:kolla.common.utils.manila-share: ---> Running in 9d48c28aad50
INFO:kolla.common.utils.manila-share:Get:1 http://ports.ubuntu.com bionic InRelease [242 kB]
INFO:kolla.common.utils.manila-share:Ign:2 http://ubuntu-cloud.archive.canonical.com/ubuntu bionic-updates/ussuri InRelease
INFO:kolla.common.utils.manila-share:Get:3 http://ports.ubuntu.com bionic-updates InRelease [88.7 kB]
INFO:kolla.common.utils.manila-share:Get:4 http://ubuntu-cloud.archive.canonical.com/ubuntu bionic-updates/ussuri Release [7,884 B]
INFO:kolla.common.utils.manila-share:Get:5 http://ports.ubuntu.com bionic-security InRelease [88.7 kB]
INFO:kolla.common.utils.manila-share:Get:6 http://ubuntu-cloud.archive.canonical.com/ubuntu bionic-updates/ussuri Release.gpg [543 B]
INFO:kolla.common.utils.manila-share:Get:7 http://ports.ubuntu.com bionic-backports InRelease [74.6 kB]
INFO:kolla.common.utils.manila-share:Get:8 http://ports.ubuntu.com bionic/main s390x Packages [1,244 kB]
INFO:kolla.common.utils.manila-share:Get:9 http://ubuntu-cloud.archive.canonical.com/ubuntu bionic-updates/ussuri/main s390x Packages [145 kB]
INFO:kolla.common.utils.manila-share:Get:10 http://ports.ubuntu.com bionic/universe s390x Packages [10.8 MB]
INFO:kolla.common.utils.manila-share:Get:11 http://ports.ubuntu.com bionic-updates/universe s390x Packages [1,075 kB]
INFO:kolla.common.utils.manila-share:Get:12 http://ports.ubuntu.com bionic-updates/main s390x Packages [730 kB]
INFO:kolla.common.utils.manila-share:Get:13 http://ports.ubuntu.com bionic-security/main s390x Packages [467 kB]
INFO:kolla.common.utils.manila-share:Get:14 http://ports.ubuntu.com bionic-security/universe s390x Packages [625 kB]
INFO:kolla.common.utils.manila-share:Get:15 http://ports.ubuntu.com bionic-backports/main s390x Packages [2,494 B]
INFO:kolla.common.utils.manila-share:Get:16 http://ports.ubuntu.com bionic-backports/universe s390x Packages [4,242 B]
INFO:kolla.common.utils.manila-share:Fetched 15.6 MB in 3s (5,963 kB/s)
INFO:kolla.common.utils.manila-share:Reading package lists...
INFO:kolla.common.utils.manila-share:Reading package lists...
INFO:kolla.common.utils.manila-share:Building dependency tree...
INFO:kolla.common.utils.manila-share:Reading state information...
INFO:kolla.common.utils.manila-share:The following additional packages will be installed:
INFO:kolla.common.utils.manila-share:  libbabeltrace1 libcephfs2 libcurl3-gnutls libdw1 libleveldb1v5 libnspr4
INFO:kolla.common.utils.manila-share:  libnss3 liboath0 libpython3.6 librabbitmq4 librados2 libradosstriper1
INFO:kolla.common.utils.manila-share:  librbd1 libsnappy1v5 python3-ceph-argparse
INFO:kolla.common.utils.manila-share:Suggested packages:
INFO:kolla.common.utils.manila-share:  ceph ceph-mds sqlite3-doc
INFO:kolla.common.utils.manila-share:The following NEW packages will be installed:
INFO:kolla.common.utils.manila-share:  ceph-common libbabeltrace1 libcephfs2 libcurl3-gnutls libdw1 libleveldb1v5
INFO:kolla.common.utils.manila-share:  libnspr4 libnss3 liboath0 libpython3.6 librabbitmq4 librados2
INFO:kolla.common.utils.manila-share:  libradosstriper1 librbd1 libsnappy1v5 manila-share python3-ceph-argparse
INFO:kolla.common.utils.manila-share:  python3-cephfs python3-rados python3-rbd sqlite3
INFO:kolla.common.utils.manila-share:0 upgraded, 21 newly installed, 0 to remove and 0 not upgraded.
INFO:kolla.common.utils.manila-share:Need to get 19.3 MB of archives.
INFO:kolla.common.utils.manila-share:After this operation, 83.0 MB of additional disk space will be used.
INFO:kolla.common.utils.manila-share:Get:1 http://ubuntu-cloud.archive.canonical.com/ubuntu bionic-updates/ussuri/main s390x librados2 s390x 14.2.2-0ubuntu3~cloud0 [2,708 kB]
INFO:kolla.common.utils.manila-share:Get:2 http://ports.ubuntu.com bionic/main s390x libnspr4 s390x 2:4.18-1ubuntu1 [107 kB]
INFO:kolla.common.utils.manila-share:Get:3 http://ports.ubuntu.com bionic-updates/main s390x libnss3 s390x 2:3.35-2ubuntu2.7 [1,034 kB]
INFO:kolla.common.utils.manila-share:Get:4 http://ubuntu-cloud.archive.canonical.com/ubuntu bionic-updates/ussuri/main s390x librbd1 s390x 14.2.2-0ubuntu3~cloud0 [1,226 kB]
INFO:kolla.common.utils.manila-share:Get:5 http://ports.ubuntu.com bionic-updates/main s390x libpython3.6 s390x 3.6.9-1~18.04 [1,284 kB]
INFO:kolla.common.utils.manila-share:Get:6 http://ubuntu-cloud.archive.canonical.com/ubuntu bionic-updates/ussuri/main s390x libcephfs2 s390x 14.2.2-0ubuntu3~cloud0 [407 kB]
INFO:kolla.common.utils.manila-share:Get:7 http://ubuntu-cloud.archive.canonical.com/ubuntu bionic-updates/ussuri/main s390x python3-ceph-argparse s390x 14.2.2-0ubuntu3~cloud0 [43.1 kB]
INFO:kolla.common.utils.manila-share:Get:8 http://ubuntu-cloud.archive.canonical.com/ubuntu bionic-updates/ussuri/main s390x python3-rados s390x 14.2.2-0ubuntu3~cloud0 [284 kB]
INFO:kolla.common.utils.manila-share:Get:9 http://ports.ubuntu.com bionic-updates/main s390x libdw1 s390x 0.170-0.4ubuntu0.1 [192 kB]
INFO:kolla.common.utils.manila-share:Get:10 http://ubuntu-cloud.archive.canonical.com/ubuntu bionic-updates/ussuri/main s390x python3-cephfs s390x 14.2.2-0ubuntu3~cloud0 [114 kB]
INFO:kolla.common.utils.manila-share:Get:11 http://ports.ubuntu.com bionic/main s390x libbabeltrace1 s390x 1.5.5-1 [141 kB]
INFO:kolla.common.utils.manila-share:Get:12 http://ubuntu-cloud.archive.canonical.com/ubuntu bionic-updates/ussuri/main s390x python3-rbd s390x 14.2.2-0ubuntu3~cloud0 [225 kB]
INFO:kolla.common.utils.manila-share:Get:13 http://ports.ubuntu.com bionic-updates/main s390x libcurl3-gnutls s390x 7.58.0-2ubuntu3.8 [195 kB]
INFO:kolla.common.utils.manila-share:Get:14 http://ubuntu-cloud.archive.canonical.com/ubuntu bionic-updates/ussuri/main s390x libradosstriper1 s390x 14.2.2-0ubuntu3~cloud0 [325 kB]
INFO:kolla.common.utils.manila-share:Get:15 http://ports.ubuntu.com bionic/main s390x libsnappy1v5 s390x 1.1.7-1 [15.6 kB]
INFO:kolla.common.utils.manila-share:Get:16 http://ports.ubuntu.com bionic/main s390x libleveldb1v5 s390x 1.20-2 [130 kB]
INFO:kolla.common.utils.manila-share:Get:17 http://ports.ubuntu.com bionic/universe s390x liboath0 s390x 2.6.1-1 [43.8 kB]
INFO:kolla.common.utils.manila-share:Get:18 http://ports.ubuntu.com bionic-updates/universe s390x librabbitmq4 s390x 0.8.0-1ubuntu0.18.04.2 [32.3 kB]
INFO:kolla.common.utils.manila-share:Get:19 http://ubuntu-cloud.archive.canonical.com/ubuntu bionic-updates/ussuri/main s390x ceph-common s390x 14.2.2-0ubuntu3~cloud0 [10.0 MB]
INFO:kolla.common.utils.manila-share:Get:20 http://ports.ubuntu.com bionic-updates/main s390x sqlite3 s390x 3.22.0-1ubuntu0.2 [688 kB]
INFO:kolla.common.utils.manila-share:Get:21 http://ubuntu-cloud.archive.canonical.com/ubuntu bionic-updates/ussuri/main s390x manila-share all 1:9.0.0-0ubuntu1~cloud0 [12.8 kB]
INFO:kolla.common.utils.manila-share:Fetched 19.3 MB in 0s (52.2 MB/s)
INFO:kolla.common.utils.manila-share:Selecting previously unselected package libnspr4:s390x.
INFO:kolla.common.utils.manila-share:(Reading database ... 
INFO:kolla.common.utils.manila-share:(Reading database ... 5%(Reading database ... 10%(Reading database ... 15%(Reading database ... 20%(Reading database ... 25%(Reading database ... 30%(Reading database ... 35%(Reading database ... 40%(Reading database ... 45%(Reading database ... 50%
INFO:kolla.common.utils.manila-share:(Reading database ... 55%(Reading database ... 60%
INFO:kolla.common.utils.manila-share:(Reading database ... 65%
INFO:kolla.common.utils.manila-share:(Reading database ... 70%
INFO:kolla.common.utils.manila-share:(Reading database ... 75%
INFO:kolla.common.utils.manila-share:(Reading database ... 80%
INFO:kolla.common.utils.manila-share:(Reading database ... 85%
INFO:kolla.common.utils.manila-share:(Reading database ... 90%
INFO:kolla.common.utils.manila-share:(Reading database ... 95%
INFO:kolla.common.utils.manila-share:(Reading database ... 100%(Reading database ... 25554 files and directories currently installed.)
INFO:kolla.common.utils.manila-share:Preparing to unpack .../00-libnspr4_2%3a4.18-1ubuntu1_s390x.deb ...
INFO:kolla.common.utils.manila-share:Unpacking libnspr4:s390x (2:4.18-1ubuntu1) ...
INFO:kolla.common.utils.manila-share:Selecting previously unselected package libnss3:s390x.
INFO:kolla.common.utils.manila-share:Preparing to unpack .../01-libnss3_2%3a3.35-2ubuntu2.7_s390x.deb ...
INFO:kolla.common.utils.manila-share:Unpacking libnss3:s390x (2:3.35-2ubuntu2.7) ...
INFO:kolla.common.utils.manila-share:Selecting previously unselected package librados2.
INFO:kolla.common.utils.manila-share:Preparing to unpack .../02-librados2_14.2.2-0ubuntu3~cloud0_s390x.deb ...
INFO:kolla.common.utils.manila-share:Unpacking librados2 (14.2.2-0ubuntu3~cloud0) ...
INFO:kolla.common.utils.manila-share:Selecting previously unselected package librbd1.
INFO:kolla.common.utils.manila-share:Preparing to unpack .../03-librbd1_14.2.2-0ubuntu3~cloud0_s390x.deb ...
INFO:kolla.common.utils.manila-share:Unpacking librbd1 (14.2.2-0ubuntu3~cloud0) ...
INFO:kolla.common.utils.manila-share:Selecting previously unselected package libcephfs2.
INFO:kolla.common.utils.manila-share:Preparing to unpack .../04-libcephfs2_14.2.2-0ubuntu3~cloud0_s390x.deb ...
INFO:kolla.common.utils.manila-share:Unpacking libcephfs2 (14.2.2-0ubuntu3~cloud0) ...
INFO:kolla.common.utils.manila-share:Selecting previously unselected package python3-ceph-argparse.
INFO:kolla.common.utils.manila-share:Preparing to unpack .../05-python3-ceph-argparse_14.2.2-0ubuntu3~cloud0_s390x.deb ...
INFO:kolla.common.utils.manila-share:Unpacking python3-ceph-argparse (14.2.2-0ubuntu3~cloud0) ...
INFO:kolla.common.utils.manila-share:Selecting previously unselected package libpython3.6:s390x.
INFO:kolla.common.utils.manila-share:Preparing to unpack .../06-libpython3.6_3.6.9-1~18.04_s390x.deb ...
INFO:kolla.common.utils.manila-share:Unpacking libpython3.6:s390x (3.6.9-1~18.04) ...
INFO:kolla.common.utils.manila-share:Selecting previously unselected package python3-rados.
INFO:kolla.common.utils.manila-share:Preparing to unpack .../07-python3-rados_14.2.2-0ubuntu3~cloud0_s390x.deb ...
INFO:kolla.common.utils.manila-share:Unpacking python3-rados (14.2.2-0ubuntu3~cloud0) ...
INFO:kolla.common.utils.manila-share:Selecting previously unselected package python3-cephfs.
INFO:kolla.common.utils.manila-share:Preparing to unpack .../08-python3-cephfs_14.2.2-0ubuntu3~cloud0_s390x.deb ...
INFO:kolla.common.utils.manila-share:Unpacking python3-cephfs (14.2.2-0ubuntu3~cloud0) ...
INFO:kolla.common.utils.manila-share:Selecting previously unselected package python3-rbd.
INFO:kolla.common.utils.manila-share:Preparing to unpack .../09-python3-rbd_14.2.2-0ubuntu3~cloud0_s390x.deb ...
INFO:kolla.common.utils.manila-share:Unpacking python3-rbd (14.2.2-0ubuntu3~cloud0) ...
INFO:kolla.common.utils.manila-share:Selecting previously unselected package libdw1:s390x.
INFO:kolla.common.utils.manila-share:Preparing to unpack .../10-libdw1_0.170-0.4ubuntu0.1_s390x.deb ...
INFO:kolla.common.utils.manila-share:Unpacking libdw1:s390x (0.170-0.4ubuntu0.1) ...
INFO:kolla.common.utils.manila-share:Selecting previously unselected package libbabeltrace1:s390x.
INFO:kolla.common.utils.manila-share:Preparing to unpack .../11-libbabeltrace1_1.5.5-1_s390x.deb ...
INFO:kolla.common.utils.manila-share:Unpacking libbabeltrace1:s390x (1.5.5-1) ...
INFO:kolla.common.utils.manila-share:Selecting previously unselected package libcurl3-gnutls:s390x.
INFO:kolla.common.utils.manila-share:Preparing to unpack .../12-libcurl3-gnutls_7.58.0-2ubuntu3.8_s390x.deb ...
INFO:kolla.common.utils.manila-share:Unpacking libcurl3-gnutls:s390x (7.58.0-2ubuntu3.8) ...
INFO:kolla.common.utils.manila-share:Selecting previously unselected package libsnappy1v5:s390x.
INFO:kolla.common.utils.manila-share:Preparing to unpack .../13-libsnappy1v5_1.1.7-1_s390x.deb ...
INFO:kolla.common.utils.manila-share:Unpacking libsnappy1v5:s390x (1.1.7-1) ...
INFO:kolla.common.utils.manila-share:Selecting previously unselected package libleveldb1v5:s390x.
INFO:kolla.common.utils.manila-share:Preparing to unpack .../14-libleveldb1v5_1.20-2_s390x.deb ...
INFO:kolla.common.utils.manila-share:Unpacking libleveldb1v5:s390x (1.20-2) ...
INFO:kolla.common.utils.manila-share:Selecting previously unselected package liboath0.
INFO:kolla.common.utils.manila-share:Preparing to unpack .../15-liboath0_2.6.1-1_s390x.deb ...
INFO:kolla.common.utils.manila-share:Unpacking liboath0 (2.6.1-1) ...
INFO:kolla.common.utils.manila-share:Selecting previously unselected package librabbitmq4:s390x.
INFO:kolla.common.utils.manila-share:Preparing to unpack .../16-librabbitmq4_0.8.0-1ubuntu0.18.04.2_s390x.deb ...
INFO:kolla.common.utils.manila-share:Unpacking librabbitmq4:s390x (0.8.0-1ubuntu0.18.04.2) ...
INFO:kolla.common.utils.manila-share:Selecting previously unselected package libradosstriper1.
INFO:kolla.common.utils.manila-share:Preparing to unpack .../17-libradosstriper1_14.2.2-0ubuntu3~cloud0_s390x.deb ...
INFO:kolla.common.utils.manila-share:Unpacking libradosstriper1 (14.2.2-0ubuntu3~cloud0) ...
INFO:kolla.common.utils.manila-share:Selecting previously unselected package ceph-common.
INFO:kolla.common.utils.manila-share:Preparing to unpack .../18-ceph-common_14.2.2-0ubuntu3~cloud0_s390x.deb ...
INFO:kolla.common.utils.manila-share:Unpacking ceph-common (14.2.2-0ubuntu3~cloud0) ...
INFO:kolla.common.utils.manila-share:Selecting previously unselected package manila-share.
INFO:kolla.common.utils.manila-share:Preparing to unpack .../19-manila-share_1%3a9.0.0-0ubuntu1~cloud0_all.deb ...
INFO:kolla.common.utils.manila-share:Unpacking manila-share (1:9.0.0-0ubuntu1~cloud0) ...
INFO:kolla.common.utils.manila-share:Selecting previously unselected package sqlite3.
INFO:kolla.common.utils.manila-share:Preparing to unpack .../20-sqlite3_3.22.0-1ubuntu0.2_s390x.deb ...
INFO:kolla.common.utils.manila-share:Unpacking sqlite3 (3.22.0-1ubuntu0.2) ...
INFO:kolla.common.utils.manila-share:Setting up manila-share (1:9.0.0-0ubuntu1~cloud0) ...
INFO:kolla.common.utils.manila-share:invoke-rc.d: could not determine current runlevel
INFO:kolla.common.utils.manila-share:invoke-rc.d: policy-rc.d denied execution of start.
INFO:kolla.common.utils.manila-share:Setting up libdw1:s390x (0.170-0.4ubuntu0.1) ...
INFO:kolla.common.utils.manila-share:Setting up python3-ceph-argparse (14.2.2-0ubuntu3~cloud0) ...
INFO:kolla.common.utils.manila-share:Setting up libcurl3-gnutls:s390x (7.58.0-2ubuntu3.8) ...
INFO:kolla.common.utils.manila-share:Setting up libnspr4:s390x (2:4.18-1ubuntu1) ...
INFO:kolla.common.utils.manila-share:Setting up sqlite3 (3.22.0-1ubuntu0.2) ...
INFO:kolla.common.utils.manila-share:Setting up libsnappy1v5:s390x (1.1.7-1) ...
INFO:kolla.common.utils.manila-share:Setting up liboath0 (2.6.1-1) ...
INFO:kolla.common.utils.manila-share:Setting up librabbitmq4:s390x (0.8.0-1ubuntu0.18.04.2) ...
INFO:kolla.common.utils.manila-share:Setting up libbabeltrace1:s390x (1.5.5-1) ...
INFO:kolla.common.utils.manila-share:Setting up libpython3.6:s390x (3.6.9-1~18.04) ...
INFO:kolla.common.utils.manila-share:Setting up libnss3:s390x (2:3.35-2ubuntu2.7) ...
INFO:kolla.common.utils.manila-share:Setting up libleveldb1v5:s390x (1.20-2) ...
INFO:kolla.common.utils.manila-share:Setting up librados2 (14.2.2-0ubuntu3~cloud0) ...
INFO:kolla.common.utils.manila-share:Setting up libcephfs2 (14.2.2-0ubuntu3~cloud0) ...
INFO:kolla.common.utils.manila-share:Setting up python3-rados (14.2.2-0ubuntu3~cloud0) ...
INFO:kolla.common.utils.manila-share:Setting up libradosstriper1 (14.2.2-0ubuntu3~cloud0) ...
INFO:kolla.common.utils.manila-share:Setting up python3-cephfs (14.2.2-0ubuntu3~cloud0) ...
INFO:kolla.common.utils.manila-share:Setting up librbd1 (14.2.2-0ubuntu3~cloud0) ...
INFO:kolla.common.utils.manila-share:Setting up python3-rbd (14.2.2-0ubuntu3~cloud0) ...
INFO:kolla.common.utils.manila-share:Setting up ceph-common (14.2.2-0ubuntu3~cloud0) ...
INFO:kolla.common.utils.manila-share:Processing triggers for libc-bin (2.27-3ubuntu1) ...
INFO:kolla.common.utils.manila-share:Removing intermediate container 9d48c28aad50
INFO:kolla.common.utils.manila-share: ---> d24370eb3687
INFO:kolla.common.utils.manila-share:Step 4/4 : USER manila
INFO:kolla.common.utils.manila-share: ---> Running in b7c053e64bfc
INFO:kolla.common.utils.manila-share:Removing intermediate container b7c053e64bfc
INFO:kolla.common.utils.manila-share: ---> a31f780546d4
INFO:kolla.common.utils.manila-share:Successfully built a31f780546d4
INFO:kolla.common.utils.manila-share:Successfully tagged s390x/ubuntu-binary-manila-share:9.1.0
INFO:kolla.common.utils.manila-share:Built at 2020-03-02 21:46:20.930849 (took 0:00:14.269060)
