INFO:kolla.common.utils.memcached:Building started at 2020-03-02 21:37:41.174492
INFO:kolla.common.utils.memcached:Step 1/5 : FROM s390x/ubuntu-binary-base:9.1.0
INFO:kolla.common.utils.memcached: ---> 682558ff6b31
INFO:kolla.common.utils.memcached:Step 2/5 : LABEL maintainer="Kolla Project (https://launchpad.net/kolla)" name="memcached" build-date="20200302"
INFO:kolla.common.utils.memcached: ---> Running in befc5a71df30
INFO:kolla.common.utils.memcached:Removing intermediate container befc5a71df30
INFO:kolla.common.utils.memcached: ---> af2d28ff1539
INFO:kolla.common.utils.memcached:Step 3/5 : RUN usermod --append --home /run/memcache --groups kolla memcached     && mkdir -p /run/memcache     && chown -R 42457:42457 /run/memcache
INFO:kolla.common.utils.memcached: ---> Running in e9a73fd5911d
INFO:kolla.common.utils.memcached:Removing intermediate container e9a73fd5911d
INFO:kolla.common.utils.memcached: ---> 1a3008fe1e40
INFO:kolla.common.utils.memcached:Step 4/5 : RUN apt-get update && apt-get -y install --no-install-recommends memcached && apt-get clean && rm -rf /var/lib/apt/lists/*
INFO:kolla.common.utils.memcached: ---> Running in 8c0dc134db82
INFO:kolla.common.utils.memcached:Ign:1 http://ubuntu-cloud.archive.canonical.com/ubuntu bionic-updates/ussuri InRelease
INFO:kolla.common.utils.memcached:Get:2 http://ubuntu-cloud.archive.canonical.com/ubuntu bionic-updates/ussuri Release [7,884 B]
INFO:kolla.common.utils.memcached:Get:3 http://ports.ubuntu.com bionic InRelease [242 kB]
INFO:kolla.common.utils.memcached:Get:4 http://ubuntu-cloud.archive.canonical.com/ubuntu bionic-updates/ussuri Release.gpg [543 B]
INFO:kolla.common.utils.memcached:Get:5 http://ports.ubuntu.com bionic-updates InRelease [88.7 kB]
INFO:kolla.common.utils.memcached:Get:6 http://ubuntu-cloud.archive.canonical.com/ubuntu bionic-updates/ussuri/main s390x Packages [145 kB]
INFO:kolla.common.utils.memcached:Get:7 http://ports.ubuntu.com bionic-security InRelease [88.7 kB]
INFO:kolla.common.utils.memcached:Get:8 http://ports.ubuntu.com bionic-backports InRelease [74.6 kB]
INFO:kolla.common.utils.memcached:Get:9 http://ports.ubuntu.com bionic/universe s390x Packages [10.8 MB]
INFO:kolla.common.utils.memcached:Get:10 http://ports.ubuntu.com bionic/main s390x Packages [1,244 kB]
INFO:kolla.common.utils.memcached:Get:11 http://ports.ubuntu.com bionic-updates/universe s390x Packages [1,075 kB]
INFO:kolla.common.utils.memcached:Get:12 http://ports.ubuntu.com bionic-updates/main s390x Packages [730 kB]
INFO:kolla.common.utils.memcached:Get:13 http://ports.ubuntu.com bionic-security/universe s390x Packages [625 kB]
INFO:kolla.common.utils.memcached:Get:14 http://ports.ubuntu.com bionic-security/main s390x Packages [467 kB]
INFO:kolla.common.utils.memcached:Get:15 http://ports.ubuntu.com bionic-backports/main s390x Packages [2,494 B]
INFO:kolla.common.utils.memcached:Get:16 http://ports.ubuntu.com bionic-backports/universe s390x Packages [4,242 B]
INFO:kolla.common.utils.memcached:Fetched 15.6 MB in 5s (3,193 kB/s)
INFO:kolla.common.utils.memcached:Reading package lists...
INFO:kolla.common.utils.memcached:Reading package lists...
INFO:kolla.common.utils.memcached:Building dependency tree...
INFO:kolla.common.utils.memcached:Reading state information...
INFO:kolla.common.utils.memcached:The following additional packages will be installed:
INFO:kolla.common.utils.memcached:  libevent-2.1-6
INFO:kolla.common.utils.memcached:Suggested packages:
INFO:kolla.common.utils.memcached:  libcache-memcached-perl libmemcached libanyevent-perl libyaml-perl
INFO:kolla.common.utils.memcached:  libterm-readkey-perl
INFO:kolla.common.utils.memcached:The following NEW packages will be installed:
INFO:kolla.common.utils.memcached:  libevent-2.1-6 memcached
INFO:kolla.common.utils.memcached:0 upgraded, 2 newly installed, 0 to remove and 0 not upgraded.
INFO:kolla.common.utils.memcached:Need to get 229 kB of archives.
INFO:kolla.common.utils.memcached:After this operation, 717 kB of additional disk space will be used.
INFO:kolla.common.utils.memcached:Get:1 http://ports.ubuntu.com bionic/main s390x libevent-2.1-6 s390x 2.1.8-stable-4build1 [122 kB]
INFO:kolla.common.utils.memcached:Get:2 http://ports.ubuntu.com bionic-updates/main s390x memcached s390x 1.5.6-0ubuntu1.2 [106 kB]
INFO:kolla.common.utils.memcached:Fetched 229 kB in 0s (2,702 kB/s)
INFO:kolla.common.utils.memcached:Selecting previously unselected package libevent-2.1-6:s390x.
INFO:kolla.common.utils.memcached:(Reading database ... 
INFO:kolla.common.utils.memcached:(Reading database ... 5%(Reading database ... 10%(Reading database ... 15%(Reading database ... 20%(Reading database ... 25%(Reading database ... 30%(Reading database ... 35%(Reading database ... 40%(Reading database ... 45%(Reading database ... 50%(Reading database ... 55%(Reading database ... 60%(Reading database ... 65%(Reading database ... 70%
INFO:kolla.common.utils.memcached:(Reading database ... 75%
INFO:kolla.common.utils.memcached:(Reading database ... 80%
INFO:kolla.common.utils.memcached:(Reading database ... 85%
INFO:kolla.common.utils.memcached:(Reading database ... 90%
INFO:kolla.common.utils.memcached:(Reading database ... 95%
INFO:kolla.common.utils.memcached:(Reading database ... 100%(Reading database ... 9244 files and directories currently installed.)
INFO:kolla.common.utils.memcached:Preparing to unpack .../libevent-2.1-6_2.1.8-stable-4build1_s390x.deb ...
INFO:kolla.common.utils.memcached:Unpacking libevent-2.1-6:s390x (2.1.8-stable-4build1) ...
INFO:kolla.common.utils.memcached:Selecting previously unselected package memcached.
INFO:kolla.common.utils.memcached:Preparing to unpack .../memcached_1.5.6-0ubuntu1.2_s390x.deb ...
INFO:kolla.common.utils.memcached:Unpacking memcached (1.5.6-0ubuntu1.2) ...
INFO:kolla.common.utils.memcached:Setting up libevent-2.1-6:s390x (2.1.8-stable-4build1) ...
INFO:kolla.common.utils.memcached:Setting up memcached (1.5.6-0ubuntu1.2) ...
INFO:kolla.common.utils.memcached:invoke-rc.d: could not determine current runlevel
INFO:kolla.common.utils.memcached:invoke-rc.d: policy-rc.d denied execution of start.
INFO:kolla.common.utils.memcached:Processing triggers for libc-bin (2.27-3ubuntu1) ...
INFO:kolla.common.utils.memcached:Removing intermediate container 8c0dc134db82
INFO:kolla.common.utils.memcached: ---> 71dafc894c11
INFO:kolla.common.utils.memcached:Step 5/5 : USER memcached
INFO:kolla.common.utils.memcached: ---> Running in d7f0a4d246c7
INFO:kolla.common.utils.memcached:Removing intermediate container d7f0a4d246c7
INFO:kolla.common.utils.memcached: ---> 40212c85ff7f
INFO:kolla.common.utils.memcached:Successfully built 40212c85ff7f
INFO:kolla.common.utils.memcached:Successfully tagged s390x/ubuntu-binary-memcached:9.1.0
INFO:kolla.common.utils.memcached:Built at 2020-03-02 21:37:55.007154 (took 0:00:13.832662)
