INFO:kolla.common.utils.murano-engine:Building started at 2020-03-02 21:46:20.100536
INFO:kolla.common.utils.murano-engine:Step 1/4 : FROM s390x/ubuntu-binary-murano-base:9.1.0
INFO:kolla.common.utils.murano-engine: ---> 07d1e4442196
INFO:kolla.common.utils.murano-engine:Step 2/4 : LABEL maintainer="Kolla Project (https://launchpad.net/kolla)" name="murano-engine" build-date="20200302"
INFO:kolla.common.utils.murano-engine: ---> Running in d3cacb9eb458
INFO:kolla.common.utils.murano-engine:Removing intermediate container d3cacb9eb458
INFO:kolla.common.utils.murano-engine: ---> 376e8e407828
INFO:kolla.common.utils.murano-engine:Step 3/4 : RUN apt-get update && apt-get -y install --no-install-recommends murano-engine && apt-get clean && rm -rf /var/lib/apt/lists/*
INFO:kolla.common.utils.murano-engine: ---> Running in b29cfbdf0abc
INFO:kolla.common.utils.murano-engine:Get:1 http://ports.ubuntu.com bionic InRelease [242 kB]
INFO:kolla.common.utils.murano-engine:Get:2 http://ports.ubuntu.com bionic-updates InRelease [88.7 kB]
INFO:kolla.common.utils.murano-engine:Ign:3 http://ubuntu-cloud.archive.canonical.com/ubuntu bionic-updates/ussuri InRelease
INFO:kolla.common.utils.murano-engine:Get:4 http://ports.ubuntu.com bionic-security InRelease [88.7 kB]
INFO:kolla.common.utils.murano-engine:Get:5 http://ubuntu-cloud.archive.canonical.com/ubuntu bionic-updates/ussuri Release [7,884 B]
INFO:kolla.common.utils.murano-engine:Get:6 http://ports.ubuntu.com bionic-backports InRelease [74.6 kB]
INFO:kolla.common.utils.murano-engine:Get:7 http://ubuntu-cloud.archive.canonical.com/ubuntu bionic-updates/ussuri Release.gpg [543 B]
INFO:kolla.common.utils.murano-engine:Get:8 http://ports.ubuntu.com bionic/main s390x Packages [1,244 kB]
INFO:kolla.common.utils.murano-engine:Get:9 http://ubuntu-cloud.archive.canonical.com/ubuntu bionic-updates/ussuri/main s390x Packages [145 kB]
INFO:kolla.common.utils.murano-engine:Get:10 http://ports.ubuntu.com bionic/universe s390x Packages [10.8 MB]
INFO:kolla.common.utils.murano-engine:Get:11 http://ports.ubuntu.com bionic-updates/universe s390x Packages [1,075 kB]
INFO:kolla.common.utils.murano-engine:Get:12 http://ports.ubuntu.com bionic-updates/main s390x Packages [730 kB]
INFO:kolla.common.utils.murano-engine:Get:13 http://ports.ubuntu.com bionic-security/universe s390x Packages [625 kB]
INFO:kolla.common.utils.murano-engine:Get:14 http://ports.ubuntu.com bionic-security/main s390x Packages [467 kB]
INFO:kolla.common.utils.murano-engine:Get:15 http://ports.ubuntu.com bionic-backports/universe s390x Packages [4,242 B]
INFO:kolla.common.utils.murano-engine:Get:16 http://ports.ubuntu.com bionic-backports/main s390x Packages [2,494 B]
INFO:kolla.common.utils.murano-engine:Fetched 15.6 MB in 4s (4,350 kB/s)
INFO:kolla.common.utils.murano-engine:Reading package lists...
INFO:kolla.common.utils.murano-engine:Reading package lists...
INFO:kolla.common.utils.murano-engine:Building dependency tree...
INFO:kolla.common.utils.murano-engine:Reading state information...
INFO:kolla.common.utils.murano-engine:The following NEW packages will be installed:
INFO:kolla.common.utils.murano-engine:  murano-engine
INFO:kolla.common.utils.murano-engine:0 upgraded, 1 newly installed, 0 to remove and 0 not upgraded.
INFO:kolla.common.utils.murano-engine:Need to get 11.2 kB of archives.
INFO:kolla.common.utils.murano-engine:After this operation, 33.8 kB of additional disk space will be used.
INFO:kolla.common.utils.murano-engine:Get:1 http://ubuntu-cloud.archive.canonical.com/ubuntu bionic-updates/ussuri/main s390x murano-engine all 1:8.0.0-0ubuntu1~cloud0 [11.2 kB]
INFO:kolla.common.utils.murano-engine:Fetched 11.2 kB in 0s (206 kB/s)
INFO:kolla.common.utils.murano-engine:Selecting previously unselected package murano-engine.
INFO:kolla.common.utils.murano-engine:(Reading database ... 
INFO:kolla.common.utils.murano-engine:(Reading database ... 5%(Reading database ... 10%
INFO:kolla.common.utils.murano-engine:(Reading database ... 15%(Reading database ... 20%
INFO:kolla.common.utils.murano-engine:(Reading database ... 25%(Reading database ... 30%(Reading database ... 35%
INFO:kolla.common.utils.murano-engine:(Reading database ... 40%(Reading database ... 45%
INFO:kolla.common.utils.murano-engine:(Reading database ... 50%(Reading database ... 55%(Reading database ... 60%
INFO:kolla.common.utils.murano-engine:(Reading database ... 65%(Reading database ... 70%
INFO:kolla.common.utils.murano-engine:(Reading database ... 75%(Reading database ... 80%(Reading database ... 85%
INFO:kolla.common.utils.murano-engine:(Reading database ... 90%
INFO:kolla.common.utils.murano-engine:(Reading database ... 95%
INFO:kolla.common.utils.murano-engine:(Reading database ... 100%(Reading database ... 24823 files and directories currently installed.)
INFO:kolla.common.utils.murano-engine:Preparing to unpack .../murano-engine_1%3a8.0.0-0ubuntu1~cloud0_all.deb ...
INFO:kolla.common.utils.murano-engine:Unpacking murano-engine (1:8.0.0-0ubuntu1~cloud0) ...
INFO:kolla.common.utils.murano-engine:Setting up murano-engine (1:8.0.0-0ubuntu1~cloud0) ...
INFO:kolla.common.utils.murano-engine:invoke-rc.d: could not determine current runlevel
INFO:kolla.common.utils.murano-engine:invoke-rc.d: policy-rc.d denied execution of start.
INFO:kolla.common.utils.murano-engine:Removing intermediate container b29cfbdf0abc
INFO:kolla.common.utils.murano-engine: ---> f0a86700ff0c
INFO:kolla.common.utils.murano-engine:Step 4/4 : USER murano
INFO:kolla.common.utils.murano-engine: ---> Running in c8ff38423712
INFO:kolla.common.utils.murano-engine:Removing intermediate container c8ff38423712
INFO:kolla.common.utils.murano-engine: ---> ac4215b14065
INFO:kolla.common.utils.murano-engine:Successfully built ac4215b14065
INFO:kolla.common.utils.murano-engine:Successfully tagged s390x/ubuntu-binary-murano-engine:9.1.0
INFO:kolla.common.utils.murano-engine:Built at 2020-03-02 21:46:30.903151 (took 0:00:10.802615)
