INFO:kolla.common.utils.murano-base:Building started at 2020-03-02 21:42:42.243211
INFO:kolla.common.utils.murano-base:Step 1/6 : FROM s390x/ubuntu-binary-openstack-base:9.1.0
INFO:kolla.common.utils.murano-base: ---> 0b248122f3fe
INFO:kolla.common.utils.murano-base:Step 2/6 : LABEL maintainer="Kolla Project (https://launchpad.net/kolla)" name="murano-base" build-date="20200302"
INFO:kolla.common.utils.murano-base: ---> Running in c0dacbbed252
INFO:kolla.common.utils.murano-base:Removing intermediate container c0dacbbed252
INFO:kolla.common.utils.murano-base: ---> 2faa8b9b924f
INFO:kolla.common.utils.murano-base:Step 3/6 : RUN usermod --append --home /var/lib/murano --groups kolla murano     && mkdir -p /var/lib/murano     && chown -R 42433:42433 /var/lib/murano
INFO:kolla.common.utils.murano-base: ---> Running in 08a23c906ed3
INFO:kolla.common.utils.murano-base:Removing intermediate container 08a23c906ed3
INFO:kolla.common.utils.murano-base: ---> 3cd27e06c9d8
INFO:kolla.common.utils.murano-base:Step 4/6 : RUN apt-get update && apt-get -y install --no-install-recommends murano-common && apt-get clean && rm -rf /var/lib/apt/lists/*
INFO:kolla.common.utils.murano-base: ---> Running in 1f8e8be43785
INFO:kolla.common.utils.murano-base:Ign:1 http://ubuntu-cloud.archive.canonical.com/ubuntu bionic-updates/ussuri InRelease
INFO:kolla.common.utils.murano-base:Get:2 http://ubuntu-cloud.archive.canonical.com/ubuntu bionic-updates/ussuri Release [7,884 B]
INFO:kolla.common.utils.murano-base:Get:3 http://ports.ubuntu.com bionic InRelease [242 kB]
INFO:kolla.common.utils.murano-base:Get:4 http://ubuntu-cloud.archive.canonical.com/ubuntu bionic-updates/ussuri Release.gpg [543 B]
INFO:kolla.common.utils.murano-base:Get:5 http://ports.ubuntu.com bionic-updates InRelease [88.7 kB]
INFO:kolla.common.utils.murano-base:Get:6 http://ports.ubuntu.com bionic-security InRelease [88.7 kB]
INFO:kolla.common.utils.murano-base:Get:7 http://ports.ubuntu.com bionic-backports InRelease [74.6 kB]
INFO:kolla.common.utils.murano-base:Get:8 http://ports.ubuntu.com bionic/universe s390x Packages [10.8 MB]
INFO:kolla.common.utils.murano-base:Get:9 http://ubuntu-cloud.archive.canonical.com/ubuntu bionic-updates/ussuri/main s390x Packages [145 kB]
INFO:kolla.common.utils.murano-base:Get:10 http://ports.ubuntu.com bionic/main s390x Packages [1,244 kB]
INFO:kolla.common.utils.murano-base:Get:11 http://ports.ubuntu.com bionic-updates/main s390x Packages [730 kB]
INFO:kolla.common.utils.murano-base:Get:12 http://ports.ubuntu.com bionic-updates/universe s390x Packages [1,075 kB]
INFO:kolla.common.utils.murano-base:Get:13 http://ports.ubuntu.com bionic-security/universe s390x Packages [625 kB]
INFO:kolla.common.utils.murano-base:Get:14 http://ports.ubuntu.com bionic-security/main s390x Packages [467 kB]
INFO:kolla.common.utils.murano-base:Get:15 http://ports.ubuntu.com bionic-backports/main s390x Packages [2,494 B]
INFO:kolla.common.utils.murano-base:Get:16 http://ports.ubuntu.com bionic-backports/universe s390x Packages [4,242 B]
INFO:kolla.common.utils.murano-base:Fetched 15.6 MB in 3s (5,721 kB/s)
INFO:kolla.common.utils.murano-base:Reading package lists...
INFO:kolla.common.utils.murano-base:Reading package lists...
INFO:kolla.common.utils.murano-base:Building dependency tree...
INFO:kolla.common.utils.murano-base:Reading state information...
INFO:kolla.common.utils.murano-base:The following additional packages will be installed:
INFO:kolla.common.utils.murano-base:  alembic dbconfig-common libjs-jquery libjs-sphinxdoc libjs-underscore
INFO:kolla.common.utils.murano-base:  pycadf-common python-pastedeploy-tpl python3-alembic python3-amqp
INFO:kolla.common.utils.murano-base:  python3-anyjson python3-cachetools python3-castellan python3-jinja2
INFO:kolla.common.utils.murano-base:  python3-keystonemiddleware python3-kombu python3-migrate python3-murano
INFO:kolla.common.utils.murano-base:  python3-oslo.cache python3-oslo.db python3-oslo.messaging
INFO:kolla.common.utils.murano-base:  python3-oslo.middleware python3-oslo.policy python3-oslo.service
INFO:kolla.common.utils.murano-base:  python3-oslo.upgradecheck python3-paste python3-pastedeploy python3-psutil
INFO:kolla.common.utils.murano-base:  python3-pycadf python3-repoze.lru python3-routes python3-sqlalchemy
INFO:kolla.common.utils.murano-base:  python3-sqlparse python3-tempita python3-tenacity python3-testresources
INFO:kolla.common.utils.murano-base:  python3-testscenarios python3-vine sqlite3 ucf
INFO:kolla.common.utils.murano-base:Suggested packages:
INFO:kolla.common.utils.murano-base:  dbconfig-mysql | dbconfig-pgsql | dbconfig-sqlite | dbconfig-sqlite3
INFO:kolla.common.utils.murano-base:  | dbconfig-no-thanks python3-editor python-amqp-doc python-castellan-doc
INFO:kolla.common.utils.murano-base:  python-jinja2-doc python-kombu-doc python3-boto python3-django
INFO:kolla.common.utils.murano-base:  python3-pymongo python-migrate-doc python-oslo.cache-doc
INFO:kolla.common.utils.murano-base:  python3-confluent-kafka python-oslo.middleware-doc python-oslo.policy-doc
INFO:kolla.common.utils.murano-base:  python-oslo.service-doc httpd-wsgi libapache2-mod-python libapache2-mod-scgi
INFO:kolla.common.utils.murano-base:  libjs-mochikit python-psutil-doc python-sqlalchemy-doc python3-fdb
INFO:kolla.common.utils.murano-base:  python-sqlparse-doc python-tenacity-doc sqlite3-doc
INFO:kolla.common.utils.murano-base:Recommended packages:
INFO:kolla.common.utils.murano-base:  javascript-common python3-ldap python3-pastescript python3-sqlalchemy-ext
INFO:kolla.common.utils.murano-base:The following NEW packages will be installed:
INFO:kolla.common.utils.murano-base:  alembic dbconfig-common libjs-jquery libjs-sphinxdoc libjs-underscore
INFO:kolla.common.utils.murano-base:  murano-common pycadf-common python-pastedeploy-tpl python3-alembic
INFO:kolla.common.utils.murano-base:  python3-amqp python3-anyjson python3-cachetools python3-castellan
INFO:kolla.common.utils.murano-base:  python3-jinja2 python3-keystonemiddleware python3-kombu python3-migrate
INFO:kolla.common.utils.murano-base:  python3-murano python3-oslo.cache python3-oslo.db python3-oslo.messaging
INFO:kolla.common.utils.murano-base:  python3-oslo.middleware python3-oslo.policy python3-oslo.service
INFO:kolla.common.utils.murano-base:  python3-oslo.upgradecheck python3-paste python3-pastedeploy python3-psutil
INFO:kolla.common.utils.murano-base:  python3-pycadf python3-repoze.lru python3-routes python3-sqlalchemy
INFO:kolla.common.utils.murano-base:  python3-sqlparse python3-tempita python3-tenacity python3-testresources
INFO:kolla.common.utils.murano-base:  python3-testscenarios python3-vine sqlite3 ucf
INFO:kolla.common.utils.murano-base:0 upgraded, 40 newly installed, 0 to remove and 0 not upgraded.
INFO:kolla.common.utils.murano-base:Need to get 4,960 kB of archives.
INFO:kolla.common.utils.murano-base:After this operation, 23.7 MB of additional disk space will be used.
INFO:kolla.common.utils.murano-base:Get:1 http://ubuntu-cloud.archive.canonical.com/ubuntu bionic-updates/ussuri/main s390x python3-sqlalchemy all 1.2.18+ds1-2ubuntu2~cloud0 [728 kB]
INFO:kolla.common.utils.murano-base:Get:2 http://ports.ubuntu.com bionic/main s390x ucf all 3.0038 [50.5 kB]
INFO:kolla.common.utils.murano-base:Get:3 http://ports.ubuntu.com bionic/main s390x libjs-jquery all 3.2.1-1 [152 kB]
INFO:kolla.common.utils.murano-base:Get:4 http://ubuntu-cloud.archive.canonical.com/ubuntu bionic-updates/ussuri/main s390x python3-alembic all 1.0.0-2ubuntu2~cloud0 [111 kB]
INFO:kolla.common.utils.murano-base:Get:5 http://ubuntu-cloud.archive.canonical.com/ubuntu bionic-updates/ussuri/main s390x libjs-sphinxdoc all 1.8.5-3~cloud0 [96.6 kB]
INFO:kolla.common.utils.murano-base:Get:6 http://ports.ubuntu.com bionic/main s390x libjs-underscore all 1.8.3~dfsg-1 [59.9 kB]
INFO:kolla.common.utils.murano-base:Get:7 http://ports.ubuntu.com bionic/main s390x dbconfig-common all 2.0.9 [601 kB]
INFO:kolla.common.utils.murano-base:Get:8 http://ubuntu-cloud.archive.canonical.com/ubuntu bionic-updates/ussuri/main s390x alembic all 1.0.0-2ubuntu2~cloud0 [369 kB]
INFO:kolla.common.utils.murano-base:Get:9 http://ubuntu-cloud.archive.canonical.com/ubuntu bionic-updates/ussuri/main s390x python3-castellan all 1.3.1-0ubuntu1~cloud0 [41.1 kB]
INFO:kolla.common.utils.murano-base:Get:10 http://ubuntu-cloud.archive.canonical.com/ubuntu bionic-updates/ussuri/main s390x python3-oslo.cache all 1.37.0-0ubuntu1~cloud0 [34.5 kB]
INFO:kolla.common.utils.murano-base:Get:11 http://ubuntu-cloud.archive.canonical.com/ubuntu bionic-updates/ussuri/main s390x python3-keystonemiddleware all 7.0.1-0ubuntu1~cloud0 [68.6 kB]
INFO:kolla.common.utils.murano-base:Get:12 http://ports.ubuntu.com bionic/main s390x pycadf-common all 2.7.0-0ubuntu1 [4,440 B]
INFO:kolla.common.utils.murano-base:Get:13 http://ubuntu-cloud.archive.canonical.com/ubuntu bionic-updates/ussuri/main s390x python3-amqp all 2.5.0-2~cloud0 [42.2 kB]
INFO:kolla.common.utils.murano-base:Get:14 http://ports.ubuntu.com bionic/universe s390x python3-pycadf all 2.7.0-0ubuntu1 [17.4 kB]
INFO:kolla.common.utils.murano-base:Get:15 http://ports.ubuntu.com bionic/main s390x python3-vine all 1.1.4+dfsg-2 [15.7 kB]
INFO:kolla.common.utils.murano-base:Get:16 http://ubuntu-cloud.archive.canonical.com/ubuntu bionic-updates/ussuri/main s390x python3-migrate all 0.12.0-3~cloud0 [79.3 kB]
INFO:kolla.common.utils.murano-base:Get:17 http://ports.ubuntu.com bionic/universe s390x python3-anyjson all 0.3.3-1build1 [7,062 B]
INFO:kolla.common.utils.murano-base:Get:18 http://ports.ubuntu.com bionic/universe s390x python3-kombu all 4.1.0-1 [126 kB]
INFO:kolla.common.utils.murano-base:Get:19 http://ubuntu-cloud.archive.canonical.com/ubuntu bionic-updates/ussuri/main s390x python3-testscenarios all 0.5.0-2~cloud0 [13.5 kB]
INFO:kolla.common.utils.murano-base:Get:20 http://ubuntu-cloud.archive.canonical.com/ubuntu bionic-updates/ussuri/main s390x python3-oslo.db all 5.0.2-0ubuntu1~cloud0 [115 kB]
INFO:kolla.common.utils.murano-base:Get:21 http://ports.ubuntu.com bionic/main s390x python3-sqlparse all 0.2.4-0.1 [28.1 kB]
INFO:kolla.common.utils.murano-base:Get:22 http://ubuntu-cloud.archive.canonical.com/ubuntu bionic-updates/ussuri/main s390x python3-cachetools all 3.1.0-2~cloud0 [9,892 B]
INFO:kolla.common.utils.murano-base:Get:23 http://ports.ubuntu.com bionic/main s390x python3-tempita all 0.5.2-2 [13.9 kB]
INFO:kolla.common.utils.murano-base:Get:24 http://ubuntu-cloud.archive.canonical.com/ubuntu bionic-updates/ussuri/main s390x python3-oslo.middleware all 3.38.1-0ubuntu1~cloud0 [33.1 kB]
INFO:kolla.common.utils.murano-base:Get:25 http://ports.ubuntu.com bionic/universe s390x python3-testresources all 2.0.0-2 [26.4 kB]
INFO:kolla.common.utils.murano-base:Get:26 http://ubuntu-cloud.archive.canonical.com/ubuntu bionic-updates/ussuri/main s390x python3-oslo.service all 1.40.2-0ubuntu1~cloud0 [50.6 kB]
INFO:kolla.common.utils.murano-base:Get:27 http://ports.ubuntu.com bionic-updates/main s390x python3-jinja2 all 2.10-1ubuntu0.18.04.1 [95.4 kB]
INFO:kolla.common.utils.murano-base:Get:28 http://ubuntu-cloud.archive.canonical.com/ubuntu bionic-updates/ussuri/main s390x python3-tenacity all 5.1.1-0ubuntu2~cloud0 [34.9 kB]
INFO:kolla.common.utils.murano-base:Get:29 http://ports.ubuntu.com bionic/main s390x python3-paste all 2.0.3+dfsg-4ubuntu1 [456 kB]
INFO:kolla.common.utils.murano-base:Get:30 http://ubuntu-cloud.archive.canonical.com/ubuntu bionic-updates/ussuri/main s390x python3-oslo.messaging all 9.7.1-0ubuntu3~cloud0 [149 kB]
INFO:kolla.common.utils.murano-base:Get:31 http://ubuntu-cloud.archive.canonical.com/ubuntu bionic-updates/ussuri/main s390x python3-oslo.policy all 2.3.2-0ubuntu1~cloud0 [50.3 kB]
INFO:kolla.common.utils.murano-base:Get:32 http://ubuntu-cloud.archive.canonical.com/ubuntu bionic-updates/ussuri/main s390x python3-oslo.upgradecheck all 0.3.2-0ubuntu1~cloud0 [7,484 B]
INFO:kolla.common.utils.murano-base:Get:33 http://ubuntu-cloud.archive.canonical.com/ubuntu bionic-updates/ussuri/main s390x python3-psutil s390x 5.5.1-1build1~cloud0 [166 kB]
INFO:kolla.common.utils.murano-base:Get:34 http://ports.ubuntu.com bionic/main s390x python-pastedeploy-tpl all 1.5.2-4 [4,796 B]
INFO:kolla.common.utils.murano-base:Get:35 http://ubuntu-cloud.archive.canonical.com/ubuntu bionic-updates/ussuri/main s390x python3-murano all 1:8.0.0-0ubuntu1~cloud0 [266 kB]
INFO:kolla.common.utils.murano-base:Get:36 http://ports.ubuntu.com bionic/main s390x python3-pastedeploy all 1.5.2-4 [13.4 kB]
INFO:kolla.common.utils.murano-base:Get:37 http://ports.ubuntu.com bionic/universe s390x python3-repoze.lru all 0.7-1 [11.7 kB]
INFO:kolla.common.utils.murano-base:Get:38 http://ports.ubuntu.com bionic/universe s390x python3-routes all 2.4.1-1 [28.4 kB]
INFO:kolla.common.utils.murano-base:Get:39 http://ports.ubuntu.com bionic-updates/main s390x sqlite3 s390x 3.22.0-1ubuntu0.2 [688 kB]
INFO:kolla.common.utils.murano-base:Get:40 http://ubuntu-cloud.archive.canonical.com/ubuntu bionic-updates/ussuri/main s390x murano-common all 1:8.0.0-0ubuntu1~cloud0 [95.9 kB]
INFO:kolla.common.utils.murano-base:Preconfiguring packages ...
INFO:kolla.common.utils.murano-base:Fetched 4,960 kB in 0s (23.2 MB/s)
INFO:kolla.common.utils.murano-base:Selecting previously unselected package ucf.
INFO:kolla.common.utils.murano-base:(Reading database ... 
INFO:kolla.common.utils.murano-base:(Reading database ... 5%(Reading database ... 10%(Reading database ... 15%(Reading database ... 20%(Reading database ... 25%(Reading database ... 30%(Reading database ... 35%(Reading database ... 40%(Reading database ... 45%(Reading database ... 50%(Reading database ... 55%(Reading database ... 60%
INFO:kolla.common.utils.murano-base:(Reading database ... 65%(Reading database ... 70%(Reading database ... 75%(Reading database ... 80%(Reading database ... 85%(Reading database ... 90%(Reading database ... 95%(Reading database ... 100%(Reading database ... 22243 files and directories currently installed.)
INFO:kolla.common.utils.murano-base:Preparing to unpack .../00-ucf_3.0038_all.deb ...
INFO:kolla.common.utils.murano-base:Moving old data out of the way
INFO:kolla.common.utils.murano-base:Unpacking ucf (3.0038) ...
INFO:kolla.common.utils.murano-base:Selecting previously unselected package python3-sqlalchemy.
INFO:kolla.common.utils.murano-base:Preparing to unpack .../01-python3-sqlalchemy_1.2.18+ds1-2ubuntu2~cloud0_all.deb ...
INFO:kolla.common.utils.murano-base:Unpacking python3-sqlalchemy (1.2.18+ds1-2ubuntu2~cloud0) ...
INFO:kolla.common.utils.murano-base:Selecting previously unselected package python3-alembic.
INFO:kolla.common.utils.murano-base:Preparing to unpack .../02-python3-alembic_1.0.0-2ubuntu2~cloud0_all.deb ...
INFO:kolla.common.utils.murano-base:Unpacking python3-alembic (1.0.0-2ubuntu2~cloud0) ...
INFO:kolla.common.utils.murano-base:Selecting previously unselected package libjs-jquery.
INFO:kolla.common.utils.murano-base:Preparing to unpack .../03-libjs-jquery_3.2.1-1_all.deb ...
INFO:kolla.common.utils.murano-base:Unpacking libjs-jquery (3.2.1-1) ...
INFO:kolla.common.utils.murano-base:Selecting previously unselected package libjs-underscore.
INFO:kolla.common.utils.murano-base:Preparing to unpack .../04-libjs-underscore_1.8.3~dfsg-1_all.deb ...
INFO:kolla.common.utils.murano-base:Unpacking libjs-underscore (1.8.3~dfsg-1) ...
INFO:kolla.common.utils.murano-base:Selecting previously unselected package libjs-sphinxdoc.
INFO:kolla.common.utils.murano-base:Preparing to unpack .../05-libjs-sphinxdoc_1.8.5-3~cloud0_all.deb ...
INFO:kolla.common.utils.murano-base:Unpacking libjs-sphinxdoc (1.8.5-3~cloud0) ...
INFO:kolla.common.utils.murano-base:Selecting previously unselected package alembic.
INFO:kolla.common.utils.murano-base:Preparing to unpack .../06-alembic_1.0.0-2ubuntu2~cloud0_all.deb ...
INFO:kolla.common.utils.murano-base:Unpacking alembic (1.0.0-2ubuntu2~cloud0) ...
INFO:kolla.common.utils.murano-base:Selecting previously unselected package dbconfig-common.
INFO:kolla.common.utils.murano-base:Preparing to unpack .../07-dbconfig-common_2.0.9_all.deb ...
INFO:kolla.common.utils.murano-base:Unpacking dbconfig-common (2.0.9) ...
INFO:kolla.common.utils.murano-base:Selecting previously unselected package python3-castellan.
INFO:kolla.common.utils.murano-base:Preparing to unpack .../08-python3-castellan_1.3.1-0ubuntu1~cloud0_all.deb ...
INFO:kolla.common.utils.murano-base:Unpacking python3-castellan (1.3.1-0ubuntu1~cloud0) ...
INFO:kolla.common.utils.murano-base:Selecting previously unselected package python3-oslo.cache.
INFO:kolla.common.utils.murano-base:Preparing to unpack .../09-python3-oslo.cache_1.37.0-0ubuntu1~cloud0_all.deb ...
INFO:kolla.common.utils.murano-base:Unpacking python3-oslo.cache (1.37.0-0ubuntu1~cloud0) ...
INFO:kolla.common.utils.murano-base:Selecting previously unselected package pycadf-common.
INFO:kolla.common.utils.murano-base:Preparing to unpack .../10-pycadf-common_2.7.0-0ubuntu1_all.deb ...
INFO:kolla.common.utils.murano-base:Unpacking pycadf-common (2.7.0-0ubuntu1) ...
INFO:kolla.common.utils.murano-base:Selecting previously unselected package python3-pycadf.
INFO:kolla.common.utils.murano-base:Preparing to unpack .../11-python3-pycadf_2.7.0-0ubuntu1_all.deb ...
INFO:kolla.common.utils.murano-base:Unpacking python3-pycadf (2.7.0-0ubuntu1) ...
INFO:kolla.common.utils.murano-base:Selecting previously unselected package python3-keystonemiddleware.
INFO:kolla.common.utils.murano-base:Preparing to unpack .../12-python3-keystonemiddleware_7.0.1-0ubuntu1~cloud0_all.deb ...
INFO:kolla.common.utils.murano-base:Unpacking python3-keystonemiddleware (7.0.1-0ubuntu1~cloud0) ...
INFO:kolla.common.utils.murano-base:Selecting previously unselected package python3-vine.
INFO:kolla.common.utils.murano-base:Preparing to unpack .../13-python3-vine_1.1.4+dfsg-2_all.deb ...
INFO:kolla.common.utils.murano-base:Unpacking python3-vine (1.1.4+dfsg-2) ...
INFO:kolla.common.utils.murano-base:Selecting previously unselected package python3-amqp.
INFO:kolla.common.utils.murano-base:Preparing to unpack .../14-python3-amqp_2.5.0-2~cloud0_all.deb ...
INFO:kolla.common.utils.murano-base:Unpacking python3-amqp (2.5.0-2~cloud0) ...
INFO:kolla.common.utils.murano-base:Selecting previously unselected package python3-anyjson.
INFO:kolla.common.utils.murano-base:Preparing to unpack .../15-python3-anyjson_0.3.3-1build1_all.deb ...
INFO:kolla.common.utils.murano-base:Unpacking python3-anyjson (0.3.3-1build1) ...
INFO:kolla.common.utils.murano-base:Selecting previously unselected package python3-kombu.
INFO:kolla.common.utils.murano-base:Preparing to unpack .../16-python3-kombu_4.1.0-1_all.deb ...
INFO:kolla.common.utils.murano-base:Unpacking python3-kombu (4.1.0-1) ...
INFO:kolla.common.utils.murano-base:Selecting previously unselected package python3-sqlparse.
INFO:kolla.common.utils.murano-base:Preparing to unpack .../17-python3-sqlparse_0.2.4-0.1_all.deb ...
INFO:kolla.common.utils.murano-base:Unpacking python3-sqlparse (0.2.4-0.1) ...
INFO:kolla.common.utils.murano-base:Selecting previously unselected package python3-tempita.
INFO:kolla.common.utils.murano-base:Preparing to unpack .../18-python3-tempita_0.5.2-2_all.deb ...
INFO:kolla.common.utils.murano-base:Unpacking python3-tempita (0.5.2-2) ...
INFO:kolla.common.utils.murano-base:Selecting previously unselected package python3-migrate.
INFO:kolla.common.utils.murano-base:Preparing to unpack .../19-python3-migrate_0.12.0-3~cloud0_all.deb ...
INFO:kolla.common.utils.murano-base:Unpacking python3-migrate (0.12.0-3~cloud0) ...
INFO:kolla.common.utils.murano-base:Selecting previously unselected package python3-testresources.
INFO:kolla.common.utils.murano-base:Preparing to unpack .../20-python3-testresources_2.0.0-2_all.deb ...
INFO:kolla.common.utils.murano-base:Unpacking python3-testresources (2.0.0-2) ...
INFO:kolla.common.utils.murano-base:Selecting previously unselected package python3-testscenarios.
INFO:kolla.common.utils.murano-base:Preparing to unpack .../21-python3-testscenarios_0.5.0-2~cloud0_all.deb ...
INFO:kolla.common.utils.murano-base:Unpacking python3-testscenarios (0.5.0-2~cloud0) ...
INFO:kolla.common.utils.murano-base:Selecting previously unselected package python3-oslo.db.
INFO:kolla.common.utils.murano-base:Preparing to unpack .../22-python3-oslo.db_5.0.2-0ubuntu1~cloud0_all.deb ...
INFO:kolla.common.utils.murano-base:Unpacking python3-oslo.db (5.0.2-0ubuntu1~cloud0) ...
INFO:kolla.common.utils.murano-base:Selecting previously unselected package python3-cachetools.
INFO:kolla.common.utils.murano-base:Preparing to unpack .../23-python3-cachetools_3.1.0-2~cloud0_all.deb ...
INFO:kolla.common.utils.murano-base:Unpacking python3-cachetools (3.1.0-2~cloud0) ...
INFO:kolla.common.utils.murano-base:Selecting previously unselected package python3-jinja2.
INFO:kolla.common.utils.murano-base:Preparing to unpack .../24-python3-jinja2_2.10-1ubuntu0.18.04.1_all.deb ...
INFO:kolla.common.utils.murano-base:Unpacking python3-jinja2 (2.10-1ubuntu0.18.04.1) ...
INFO:kolla.common.utils.murano-base:Selecting previously unselected package python3-oslo.middleware.
INFO:kolla.common.utils.murano-base:Preparing to unpack .../25-python3-oslo.middleware_3.38.1-0ubuntu1~cloud0_all.deb ...
INFO:kolla.common.utils.murano-base:Unpacking python3-oslo.middleware (3.38.1-0ubuntu1~cloud0) ...
INFO:kolla.common.utils.murano-base:Selecting previously unselected package python3-paste.
INFO:kolla.common.utils.murano-base:Preparing to unpack .../26-python3-paste_2.0.3+dfsg-4ubuntu1_all.deb ...
INFO:kolla.common.utils.murano-base:Unpacking python3-paste (2.0.3+dfsg-4ubuntu1) ...
INFO:kolla.common.utils.murano-base:Selecting previously unselected package python-pastedeploy-tpl.
INFO:kolla.common.utils.murano-base:Preparing to unpack .../27-python-pastedeploy-tpl_1.5.2-4_all.deb ...
INFO:kolla.common.utils.murano-base:Unpacking python-pastedeploy-tpl (1.5.2-4) ...
INFO:kolla.common.utils.murano-base:Selecting previously unselected package python3-pastedeploy.
INFO:kolla.common.utils.murano-base:Preparing to unpack .../28-python3-pastedeploy_1.5.2-4_all.deb ...
INFO:kolla.common.utils.murano-base:Unpacking python3-pastedeploy (1.5.2-4) ...
INFO:kolla.common.utils.murano-base:Selecting previously unselected package python3-repoze.lru.
INFO:kolla.common.utils.murano-base:Preparing to unpack .../29-python3-repoze.lru_0.7-1_all.deb ...
INFO:kolla.common.utils.murano-base:Unpacking python3-repoze.lru (0.7-1) ...
INFO:kolla.common.utils.murano-base:Selecting previously unselected package python3-routes.
INFO:kolla.common.utils.murano-base:Preparing to unpack .../30-python3-routes_2.4.1-1_all.deb ...
INFO:kolla.common.utils.murano-base:Unpacking python3-routes (2.4.1-1) ...
INFO:kolla.common.utils.murano-base:Selecting previously unselected package python3-oslo.service.
INFO:kolla.common.utils.murano-base:Preparing to unpack .../31-python3-oslo.service_1.40.2-0ubuntu1~cloud0_all.deb ...
INFO:kolla.common.utils.murano-base:Unpacking python3-oslo.service (1.40.2-0ubuntu1~cloud0) ...
INFO:kolla.common.utils.murano-base:Selecting previously unselected package python3-tenacity.
INFO:kolla.common.utils.murano-base:Preparing to unpack .../32-python3-tenacity_5.1.1-0ubuntu2~cloud0_all.deb ...
INFO:kolla.common.utils.murano-base:Unpacking python3-tenacity (5.1.1-0ubuntu2~cloud0) ...
INFO:kolla.common.utils.murano-base:Selecting previously unselected package python3-oslo.messaging.
INFO:kolla.common.utils.murano-base:Preparing to unpack .../33-python3-oslo.messaging_9.7.1-0ubuntu3~cloud0_all.deb ...
INFO:kolla.common.utils.murano-base:Unpacking python3-oslo.messaging (9.7.1-0ubuntu3~cloud0) ...
INFO:kolla.common.utils.murano-base:Selecting previously unselected package python3-oslo.policy.
INFO:kolla.common.utils.murano-base:Preparing to unpack .../34-python3-oslo.policy_2.3.2-0ubuntu1~cloud0_all.deb ...
INFO:kolla.common.utils.murano-base:Unpacking python3-oslo.policy (2.3.2-0ubuntu1~cloud0) ...
INFO:kolla.common.utils.murano-base:Selecting previously unselected package python3-oslo.upgradecheck.
INFO:kolla.common.utils.murano-base:Preparing to unpack .../35-python3-oslo.upgradecheck_0.3.2-0ubuntu1~cloud0_all.deb ...
INFO:kolla.common.utils.murano-base:Unpacking python3-oslo.upgradecheck (0.3.2-0ubuntu1~cloud0) ...
INFO:kolla.common.utils.murano-base:Selecting previously unselected package python3-psutil.
INFO:kolla.common.utils.murano-base:Preparing to unpack .../36-python3-psutil_5.5.1-1build1~cloud0_s390x.deb ...
INFO:kolla.common.utils.murano-base:Unpacking python3-psutil (5.5.1-1build1~cloud0) ...
INFO:kolla.common.utils.murano-base:Selecting previously unselected package python3-murano.
INFO:kolla.common.utils.murano-base:Preparing to unpack .../37-python3-murano_1%3a8.0.0-0ubuntu1~cloud0_all.deb ...
INFO:kolla.common.utils.murano-base:Unpacking python3-murano (1:8.0.0-0ubuntu1~cloud0) ...
INFO:kolla.common.utils.murano-base:Selecting previously unselected package sqlite3.
INFO:kolla.common.utils.murano-base:Preparing to unpack .../38-sqlite3_3.22.0-1ubuntu0.2_s390x.deb ...
INFO:kolla.common.utils.murano-base:Unpacking sqlite3 (3.22.0-1ubuntu0.2) ...
INFO:kolla.common.utils.murano-base:Selecting previously unselected package murano-common.
INFO:kolla.common.utils.murano-base:Preparing to unpack .../39-murano-common_1%3a8.0.0-0ubuntu1~cloud0_all.deb ...
INFO:kolla.common.utils.murano-base:Unpacking murano-common (1:8.0.0-0ubuntu1~cloud0) ...
INFO:kolla.common.utils.murano-base:Setting up libjs-jquery (3.2.1-1) ...
INFO:kolla.common.utils.murano-base:Setting up python3-sqlalchemy (1.2.18+ds1-2ubuntu2~cloud0) ...
INFO:kolla.common.utils.murano-base:Setting up libjs-underscore (1.8.3~dfsg-1) ...
INFO:kolla.common.utils.murano-base:Setting up python3-sqlparse (0.2.4-0.1) ...
INFO:kolla.common.utils.murano-base:Setting up python3-tempita (0.5.2-2) ...
INFO:kolla.common.utils.murano-base:Setting up python3-alembic (1.0.0-2ubuntu2~cloud0) ...
INFO:kolla.common.utils.murano-base:Setting up libjs-sphinxdoc (1.8.5-3~cloud0) ...
INFO:kolla.common.utils.murano-base:Setting up python3-castellan (1.3.1-0ubuntu1~cloud0) ...
INFO:kolla.common.utils.murano-base:Setting up python3-tenacity (5.1.1-0ubuntu2~cloud0) ...
INFO:kolla.common.utils.murano-base:Setting up python3-testscenarios (0.5.0-2~cloud0) ...
INFO:kolla.common.utils.murano-base:Setting up python3-oslo.policy (2.3.2-0ubuntu1~cloud0) ...
INFO:kolla.common.utils.murano-base:Setting up python3-psutil (5.5.1-1build1~cloud0) ...
INFO:kolla.common.utils.murano-base:Setting up ucf (3.0038) ...
INFO:kolla.common.utils.murano-base:Setting up sqlite3 (3.22.0-1ubuntu0.2) ...
INFO:kolla.common.utils.murano-base:Setting up python3-testresources (2.0.0-2) ...
INFO:kolla.common.utils.murano-base:Setting up pycadf-common (2.7.0-0ubuntu1) ...
INFO:kolla.common.utils.murano-base:Setting up python3-oslo.cache (1.37.0-0ubuntu1~cloud0) ...
INFO:kolla.common.utils.murano-base:Setting up python3-pycadf (2.7.0-0ubuntu1) ...
INFO:kolla.common.utils.murano-base:Setting up python3-jinja2 (2.10-1ubuntu0.18.04.1) ...
INFO:kolla.common.utils.murano-base:Setting up python3-repoze.lru (0.7-1) ...
INFO:kolla.common.utils.murano-base:Setting up python3-paste (2.0.3+dfsg-4ubuntu1) ...
INFO:kolla.common.utils.murano-base:Setting up python3-migrate (0.12.0-3~cloud0) ...
INFO:kolla.common.utils.murano-base:Setting up python3-anyjson (0.3.3-1build1) ...
INFO:kolla.common.utils.murano-base:Setting up python3-keystonemiddleware (7.0.1-0ubuntu1~cloud0) ...
INFO:kolla.common.utils.murano-base:Setting up python-pastedeploy-tpl (1.5.2-4) ...
INFO:kolla.common.utils.murano-base:Setting up python3-cachetools (3.1.0-2~cloud0) ...
INFO:kolla.common.utils.murano-base:Setting up python3-vine (1.1.4+dfsg-2) ...
INFO:kolla.common.utils.murano-base:Setting up dbconfig-common (2.0.9) ...
INFO:kolla.common.utils.murano-base:
INFO:kolla.common.utils.murano-base:Creating config file /etc/dbconfig-common/config with new version
INFO:kolla.common.utils.murano-base:Setting up python3-oslo.upgradecheck (0.3.2-0ubuntu1~cloud0) ...
INFO:kolla.common.utils.murano-base:Setting up alembic (1.0.0-2ubuntu2~cloud0) ...
INFO:kolla.common.utils.murano-base:Setting up python3-routes (2.4.1-1) ...
INFO:kolla.common.utils.murano-base:Setting up python3-oslo.middleware (3.38.1-0ubuntu1~cloud0) ...
INFO:kolla.common.utils.murano-base:Setting up python3-amqp (2.5.0-2~cloud0) ...
INFO:kolla.common.utils.murano-base:Setting up python3-kombu (4.1.0-1) ...
INFO:kolla.common.utils.murano-base:Setting up python3-oslo.db (5.0.2-0ubuntu1~cloud0) ...
INFO:kolla.common.utils.murano-base:Setting up python3-pastedeploy (1.5.2-4) ...
INFO:kolla.common.utils.murano-base:Setting up python3-oslo.service (1.40.2-0ubuntu1~cloud0) ...
INFO:kolla.common.utils.murano-base:Setting up python3-oslo.messaging (9.7.1-0ubuntu3~cloud0) ...
INFO:kolla.common.utils.murano-base:Setting up python3-murano (1:8.0.0-0ubuntu1~cloud0) ...
INFO:kolla.common.utils.murano-base:Setting up murano-common (1:8.0.0-0ubuntu1~cloud0) ...
INFO:kolla.common.utils.murano-base:Removing intermediate container 1f8e8be43785
INFO:kolla.common.utils.murano-base: ---> 8ffab5ab4ce8
INFO:kolla.common.utils.murano-base:Step 5/6 : COPY extend_start.sh /usr/local/bin/kolla_extend_start
INFO:kolla.common.utils.murano-base: ---> 8f376a435a65
INFO:kolla.common.utils.murano-base:Step 6/6 : RUN touch /usr/local/bin/kolla_murano_extend_start     && chmod 755 /usr/local/bin/kolla_extend_start /usr/local/bin/kolla_murano_extend_start
INFO:kolla.common.utils.murano-base: ---> Running in 5ff22a326278
INFO:kolla.common.utils.murano-base:Removing intermediate container 5ff22a326278
INFO:kolla.common.utils.murano-base: ---> 07d1e4442196
INFO:kolla.common.utils.murano-base:Successfully built 07d1e4442196
INFO:kolla.common.utils.murano-base:Successfully tagged s390x/ubuntu-binary-murano-base:9.1.0
INFO:kolla.common.utils.murano-base:Built at 2020-03-02 21:43:07.546826 (took 0:00:25.303615)
