INFO:kolla.common.utils.murano-api:Building started at 2020-03-02 21:46:18.039766
INFO:kolla.common.utils.murano-api:Step 1/7 : FROM s390x/ubuntu-binary-murano-base:9.1.0
INFO:kolla.common.utils.murano-api: ---> 07d1e4442196
INFO:kolla.common.utils.murano-api:Step 2/7 : LABEL maintainer="Kolla Project (https://launchpad.net/kolla)" name="murano-api" build-date="20200302"
INFO:kolla.common.utils.murano-api: ---> Running in bdb94c75f37a
INFO:kolla.common.utils.murano-api:Removing intermediate container bdb94c75f37a
INFO:kolla.common.utils.murano-api: ---> 37a17eaf919e
INFO:kolla.common.utils.murano-api:Step 3/7 : RUN ln -s /usr/share/murano-common/io.murano.zip /io.murano.zip     && ln -s /var/cache/murano/meta/io.murano.applications.zip /io.murano.applications.zip
INFO:kolla.common.utils.murano-api: ---> Running in 208154d5df16
INFO:kolla.common.utils.murano-api:Removing intermediate container 208154d5df16
INFO:kolla.common.utils.murano-api: ---> 9dbda1f2377b
INFO:kolla.common.utils.murano-api:Step 4/7 : RUN apt-get update && apt-get -y install --no-install-recommends murano-api && apt-get clean && rm -rf /var/lib/apt/lists/*
INFO:kolla.common.utils.murano-api: ---> Running in e932f1fc1a98
INFO:kolla.common.utils.murano-api:Get:1 http://ports.ubuntu.com bionic InRelease [242 kB]
INFO:kolla.common.utils.murano-api:Ign:2 http://ubuntu-cloud.archive.canonical.com/ubuntu bionic-updates/ussuri InRelease
INFO:kolla.common.utils.murano-api:Get:3 http://ubuntu-cloud.archive.canonical.com/ubuntu bionic-updates/ussuri Release [7,884 B]
INFO:kolla.common.utils.murano-api:Get:4 http://ports.ubuntu.com bionic-updates InRelease [88.7 kB]
INFO:kolla.common.utils.murano-api:Get:5 http://ubuntu-cloud.archive.canonical.com/ubuntu bionic-updates/ussuri Release.gpg [543 B]
INFO:kolla.common.utils.murano-api:Get:6 http://ports.ubuntu.com bionic-security InRelease [88.7 kB]
INFO:kolla.common.utils.murano-api:Get:7 http://ports.ubuntu.com bionic-backports InRelease [74.6 kB]
INFO:kolla.common.utils.murano-api:Get:8 http://ubuntu-cloud.archive.canonical.com/ubuntu bionic-updates/ussuri/main s390x Packages [145 kB]
INFO:kolla.common.utils.murano-api:Get:9 http://ports.ubuntu.com bionic/main s390x Packages [1,244 kB]
INFO:kolla.common.utils.murano-api:Get:10 http://ports.ubuntu.com bionic/universe s390x Packages [10.8 MB]
INFO:kolla.common.utils.murano-api:Get:11 http://ports.ubuntu.com bionic-updates/universe s390x Packages [1,075 kB]
INFO:kolla.common.utils.murano-api:Get:12 http://ports.ubuntu.com bionic-updates/main s390x Packages [730 kB]
INFO:kolla.common.utils.murano-api:Get:13 http://ports.ubuntu.com bionic-security/universe s390x Packages [625 kB]
INFO:kolla.common.utils.murano-api:Get:14 http://ports.ubuntu.com bionic-security/main s390x Packages [467 kB]
INFO:kolla.common.utils.murano-api:Get:15 http://ports.ubuntu.com bionic-backports/main s390x Packages [2,494 B]
INFO:kolla.common.utils.murano-api:Get:16 http://ports.ubuntu.com bionic-backports/universe s390x Packages [4,242 B]
INFO:kolla.common.utils.murano-api:Fetched 15.6 MB in 4s (4,056 kB/s)
INFO:kolla.common.utils.murano-api:Reading package lists...
INFO:kolla.common.utils.murano-api:Reading package lists...
INFO:kolla.common.utils.murano-api:Building dependency tree...
INFO:kolla.common.utils.murano-api:Reading state information...
INFO:kolla.common.utils.murano-api:The following NEW packages will be installed:
INFO:kolla.common.utils.murano-api:  murano-api
INFO:kolla.common.utils.murano-api:0 upgraded, 1 newly installed, 0 to remove and 0 not upgraded.
INFO:kolla.common.utils.murano-api:Need to get 25.9 kB of archives.
INFO:kolla.common.utils.murano-api:After this operation, 145 kB of additional disk space will be used.
INFO:kolla.common.utils.murano-api:Get:1 http://ubuntu-cloud.archive.canonical.com/ubuntu bionic-updates/ussuri/main s390x murano-api all 1:8.0.0-0ubuntu1~cloud0 [25.9 kB]
INFO:kolla.common.utils.murano-api:Preconfiguring packages ...
INFO:kolla.common.utils.murano-api:Fetched 25.9 kB in 0s (761 kB/s)
INFO:kolla.common.utils.murano-api:Selecting previously unselected package murano-api.
INFO:kolla.common.utils.murano-api:(Reading database ... 
INFO:kolla.common.utils.murano-api:(Reading database ... 5%(Reading database ... 10%(Reading database ... 15%(Reading database ... 20%(Reading database ... 25%(Reading database ... 30%
INFO:kolla.common.utils.murano-api:(Reading database ... 35%(Reading database ... 40%(Reading database ... 45%(Reading database ... 50%(Reading database ... 55%(Reading database ... 60%
INFO:kolla.common.utils.murano-api:(Reading database ... 65%(Reading database ... 70%(Reading database ... 75%(Reading database ... 80%(Reading database ... 85%(Reading database ... 90%
INFO:kolla.common.utils.murano-api:(Reading database ... 95%
INFO:kolla.common.utils.murano-api:(Reading database ... 100%(Reading database ... 24823 files and directories currently installed.)
INFO:kolla.common.utils.murano-api:Preparing to unpack .../murano-api_1%3a8.0.0-0ubuntu1~cloud0_all.deb ...
INFO:kolla.common.utils.murano-api:Unpacking murano-api (1:8.0.0-0ubuntu1~cloud0) ...
INFO:kolla.common.utils.murano-api:Setting up murano-api (1:8.0.0-0ubuntu1~cloud0) ...
INFO:kolla.common.utils.murano-api:Will not register murano endpoint this time (no user request for it).
INFO:kolla.common.utils.murano-api:invoke-rc.d: could not determine current runlevel
INFO:kolla.common.utils.murano-api:invoke-rc.d: policy-rc.d denied execution of start.
INFO:kolla.common.utils.murano-api:Removing intermediate container e932f1fc1a98
INFO:kolla.common.utils.murano-api: ---> 21d64aa1c2c0
INFO:kolla.common.utils.murano-api:Step 5/7 : COPY extend_start.sh /usr/local/bin/kolla_murano_extend_start
INFO:kolla.common.utils.murano-api: ---> 813a3f92bef2
INFO:kolla.common.utils.murano-api:Step 6/7 : RUN chmod 755 /usr/local/bin/kolla_murano_extend_start
INFO:kolla.common.utils.murano-api: ---> Running in 77ff5dc595bc
INFO:kolla.common.utils.murano-api:Removing intermediate container 77ff5dc595bc
INFO:kolla.common.utils.murano-api: ---> 7b9f7e430e33
INFO:kolla.common.utils.murano-api:Step 7/7 : USER murano
INFO:kolla.common.utils.murano-api: ---> Running in 99e018739363
INFO:kolla.common.utils.murano-api:Removing intermediate container 99e018739363
INFO:kolla.common.utils.murano-api: ---> 4be6633808c7
INFO:kolla.common.utils.murano-api:Successfully built 4be6633808c7
INFO:kolla.common.utils.murano-api:Successfully tagged s390x/ubuntu-binary-murano-api:9.1.0
INFO:kolla.common.utils.murano-api:Built at 2020-03-02 21:46:32.997776 (took 0:00:14.958010)
