INFO:kolla.common.utils.neutron-base:Building started at 2020-03-02 21:41:50.732802
INFO:kolla.common.utils.neutron-base:Step 1/8 : FROM s390x/ubuntu-binary-openstack-base:9.1.0
INFO:kolla.common.utils.neutron-base: ---> 0b248122f3fe
INFO:kolla.common.utils.neutron-base:Step 2/8 : LABEL maintainer="Kolla Project (https://launchpad.net/kolla)" name="neutron-base" build-date="20200302"
INFO:kolla.common.utils.neutron-base: ---> Running in 4c8e90525288
INFO:kolla.common.utils.neutron-base:Removing intermediate container 4c8e90525288
INFO:kolla.common.utils.neutron-base: ---> baa732c7ede4
INFO:kolla.common.utils.neutron-base:Step 3/8 : RUN usermod --append --home /var/lib/neutron --groups kolla neutron     && mkdir -p /var/lib/neutron     && chown -R 42435:42435 /var/lib/neutron
INFO:kolla.common.utils.neutron-base: ---> Running in ff17341a33ab
INFO:kolla.common.utils.neutron-base:Removing intermediate container ff17341a33ab
INFO:kolla.common.utils.neutron-base: ---> 59aa2c1dc3fe
INFO:kolla.common.utils.neutron-base:Step 4/8 : RUN apt-get update && apt-get -y install --no-install-recommends iproute2 iputils-ping keepalived net-tools radvd neutron-plugin-ml2 neutron-server openvswitch-switch python3-networking-mlnx python3-networking-ovn python3-networking-sfc python3-neutron-fwaas python3-openvswitch python3-oslo.vmware && apt-get clean && rm -rf /var/lib/apt/lists/*
INFO:kolla.common.utils.neutron-base: ---> Running in a13e6953e61f
INFO:kolla.common.utils.neutron-base:Ign:1 http://ubuntu-cloud.archive.canonical.com/ubuntu bionic-updates/ussuri InRelease
INFO:kolla.common.utils.neutron-base:Get:2 http://ports.ubuntu.com bionic InRelease [242 kB]
INFO:kolla.common.utils.neutron-base:Get:3 http://ubuntu-cloud.archive.canonical.com/ubuntu bionic-updates/ussuri Release [7,884 B]
INFO:kolla.common.utils.neutron-base:Get:4 http://ports.ubuntu.com bionic-updates InRelease [88.7 kB]
INFO:kolla.common.utils.neutron-base:Get:5 http://ubuntu-cloud.archive.canonical.com/ubuntu bionic-updates/ussuri Release.gpg [543 B]
INFO:kolla.common.utils.neutron-base:Get:6 http://ports.ubuntu.com bionic-security InRelease [88.7 kB]
INFO:kolla.common.utils.neutron-base:Get:7 http://ports.ubuntu.com bionic-backports InRelease [74.6 kB]
INFO:kolla.common.utils.neutron-base:Get:8 http://ubuntu-cloud.archive.canonical.com/ubuntu bionic-updates/ussuri/main s390x Packages [145 kB]
INFO:kolla.common.utils.neutron-base:Get:9 http://ports.ubuntu.com bionic/universe s390x Packages [10.8 MB]
INFO:kolla.common.utils.neutron-base:Get:10 http://ports.ubuntu.com bionic/main s390x Packages [1,244 kB]
INFO:kolla.common.utils.neutron-base:Get:11 http://ports.ubuntu.com bionic-updates/main s390x Packages [730 kB]
INFO:kolla.common.utils.neutron-base:Get:12 http://ports.ubuntu.com bionic-updates/universe s390x Packages [1,075 kB]
INFO:kolla.common.utils.neutron-base:Get:13 http://ports.ubuntu.com bionic-security/main s390x Packages [467 kB]
INFO:kolla.common.utils.neutron-base:Get:14 http://ports.ubuntu.com bionic-security/universe s390x Packages [625 kB]
INFO:kolla.common.utils.neutron-base:Get:15 http://ports.ubuntu.com bionic-backports/universe s390x Packages [4,242 B]
INFO:kolla.common.utils.neutron-base:Get:16 http://ports.ubuntu.com bionic-backports/main s390x Packages [2,494 B]
INFO:kolla.common.utils.neutron-base:Fetched 15.6 MB in 3s (5,523 kB/s)
INFO:kolla.common.utils.neutron-base:Reading package lists...
INFO:kolla.common.utils.neutron-base:Reading package lists...
INFO:kolla.common.utils.neutron-base:Building dependency tree...
INFO:kolla.common.utils.neutron-base:Reading state information...
INFO:kolla.common.utils.neutron-base:[91mE: Unable to locate package python3-networking-ovn
INFO:kolla.common.utils.neutron-base:[0m
INFO:kolla.common.utils.neutron-base:Removing intermediate container a13e6953e61f
ERROR:kolla.common.utils.neutron-base:Error'd with the following message
ERROR:kolla.common.utils.neutron-base:The command '/bin/sh -c apt-get update && apt-get -y install --no-install-recommends iproute2 iputils-ping keepalived net-tools radvd neutron-plugin-ml2 neutron-server openvswitch-switch python3-networking-mlnx python3-networking-ovn python3-networking-sfc python3-neutron-fwaas python3-openvswitch python3-oslo.vmware && apt-get clean && rm -rf /var/lib/apt/lists/*' returned a non-zero code: 100
