INFO:kolla.common.utils.nova-base:Building started at 2020-03-02 21:40:41.501622
INFO:kolla.common.utils.nova-base:Step 1/6 : FROM s390x/ubuntu-binary-openstack-base:9.1.0
INFO:kolla.common.utils.nova-base: ---> 0b248122f3fe
INFO:kolla.common.utils.nova-base:Step 2/6 : LABEL maintainer="Kolla Project (https://launchpad.net/kolla)" name="nova-base" build-date="20200302"
INFO:kolla.common.utils.nova-base: ---> Running in d7c37f8d4946
INFO:kolla.common.utils.nova-base:Removing intermediate container d7c37f8d4946
INFO:kolla.common.utils.nova-base: ---> d6433a2fbe6d
INFO:kolla.common.utils.nova-base:Step 3/6 : RUN usermod --append --home /var/lib/nova --groups kolla nova     && usermod --append --groups qemu nova     && mkdir -p /var/lib/nova     && chown -R 42436:42436 /var/lib/nova
INFO:kolla.common.utils.nova-base: ---> Running in 7f495c4e92fe
INFO:kolla.common.utils.nova-base:Removing intermediate container 7f495c4e92fe
INFO:kolla.common.utils.nova-base: ---> 47585f370d49
INFO:kolla.common.utils.nova-base:Step 4/6 : RUN apt-get update && apt-get -y install --no-install-recommends nova-common openvswitch-switch python3-nova && apt-get clean && rm -rf /var/lib/apt/lists/*
INFO:kolla.common.utils.nova-base: ---> Running in ca04c0e1679a
INFO:kolla.common.utils.nova-base:Get:1 http://ports.ubuntu.com bionic InRelease [242 kB]
INFO:kolla.common.utils.nova-base:Ign:2 http://ubuntu-cloud.archive.canonical.com/ubuntu bionic-updates/ussuri InRelease
INFO:kolla.common.utils.nova-base:Get:3 http://ubuntu-cloud.archive.canonical.com/ubuntu bionic-updates/ussuri Release [7,884 B]
INFO:kolla.common.utils.nova-base:Get:4 http://ports.ubuntu.com bionic-updates InRelease [88.7 kB]
INFO:kolla.common.utils.nova-base:Get:5 http://ubuntu-cloud.archive.canonical.com/ubuntu bionic-updates/ussuri Release.gpg [543 B]
INFO:kolla.common.utils.nova-base:Get:6 http://ports.ubuntu.com bionic-security InRelease [88.7 kB]
INFO:kolla.common.utils.nova-base:Get:7 http://ports.ubuntu.com bionic-backports InRelease [74.6 kB]
INFO:kolla.common.utils.nova-base:Get:8 http://ubuntu-cloud.archive.canonical.com/ubuntu bionic-updates/ussuri/main s390x Packages [145 kB]
INFO:kolla.common.utils.nova-base:Get:9 http://ports.ubuntu.com bionic/main s390x Packages [1,244 kB]
INFO:kolla.common.utils.nova-base:Get:10 http://ports.ubuntu.com bionic/universe s390x Packages [10.8 MB]
INFO:kolla.common.utils.nova-base:Get:11 http://ports.ubuntu.com bionic-updates/main s390x Packages [730 kB]
INFO:kolla.common.utils.nova-base:Get:12 http://ports.ubuntu.com bionic-updates/universe s390x Packages [1,075 kB]
INFO:kolla.common.utils.nova-base:Get:13 http://ports.ubuntu.com bionic-security/main s390x Packages [467 kB]
INFO:kolla.common.utils.nova-base:Get:14 http://ports.ubuntu.com bionic-security/universe s390x Packages [625 kB]
INFO:kolla.common.utils.nova-base:Get:15 http://ports.ubuntu.com bionic-backports/main s390x Packages [2,494 B]
INFO:kolla.common.utils.nova-base:Get:16 http://ports.ubuntu.com bionic-backports/universe s390x Packages [4,242 B]
INFO:kolla.common.utils.nova-base:Fetched 15.6 MB in 3s (5,134 kB/s)
INFO:kolla.common.utils.nova-base:Reading package lists...
INFO:kolla.common.utils.nova-base:Reading package lists...
INFO:kolla.common.utils.nova-base:Building dependency tree...
INFO:kolla.common.utils.nova-base:Reading state information...
INFO:kolla.common.utils.nova-base:The following additional packages will be installed:
INFO:kolla.common.utils.nova-base:  alembic gcc-7-base keystone-common libavahi-client3 libavahi-common-data
INFO:kolla.common.utils.nova-base:  libavahi-common3 libblas3 libcurl3-gnutls libedit2 libevent-2.1-6
INFO:kolla.common.utils.nova-base:  libgfortran4 libjs-jquery libjs-sphinxdoc libjs-underscore liblapack3
INFO:kolla.common.utils.nova-base:  libnuma1 libunbound2 libvirt0 libxmlsec1 libxmlsec1-openssl libyajl2
INFO:kolla.common.utils.nova-base:  openssh-client openvswitch-common os-brick-common pycadf-common
INFO:kolla.common.utils.nova-base:  python-pastedeploy-tpl python3-alembic python3-amqp python3-aniso8601
INFO:kolla.common.utils.nova-base:  python3-anyjson python3-automaton python3-bcrypt python3-cachetools
INFO:kolla.common.utils.nova-base:  python3-castellan python3-cffi python3-click python3-colorama
INFO:kolla.common.utils.nova-base:  python3-cursive python3-ddt python3-defusedxml python3-flask
INFO:kolla.common.utils.nova-base:  python3-flask-restful python3-future python3-httplib2 python3-itsdangerous
INFO:kolla.common.utils.nova-base:  python3-jinja2 python3-keystone python3-keystonemiddleware python3-kombu
INFO:kolla.common.utils.nova-base:  python3-ldap python3-libvirt python3-microversion-parse python3-migrate
INFO:kolla.common.utils.nova-base:  python3-networkx python3-numpy python3-openvswitch python3-os-brick
INFO:kolla.common.utils.nova-base:  python3-os-resource-classes python3-os-traits python3-os-vif python3-os-win
INFO:kolla.common.utils.nova-base:  python3-os-xenapi python3-oslo.cache python3-oslo.db python3-oslo.messaging
INFO:kolla.common.utils.nova-base:  python3-oslo.middleware python3-oslo.policy python3-oslo.privsep
INFO:kolla.common.utils.nova-base:  python3-oslo.reports python3-oslo.rootwrap python3-oslo.service
INFO:kolla.common.utils.nova-base:  python3-oslo.upgradecheck python3-oslo.versionedobjects python3-oslo.vmware
INFO:kolla.common.utils.nova-base:  python3-ovsdbapp python3-paramiko python3-passlib python3-paste
INFO:kolla.common.utils.nova-base:  python3-pastedeploy python3-psutil python3-pyasn1 python3-pyasn1-modules
INFO:kolla.common.utils.nova-base:  python3-pycadf python3-pycparser python3-pypowervm python3-pyroute2
INFO:kolla.common.utils.nova-base:  python3-pysaml2 python3-repoze.lru python3-retrying python3-routes
INFO:kolla.common.utils.nova-base:  python3-scrypt python3-sortedcontainers python3-sqlalchemy python3-sqlparse
INFO:kolla.common.utils.nova-base:  python3-suds python3-taskflow python3-tempita python3-tenacity
INFO:kolla.common.utils.nova-base:  python3-testresources python3-testscenarios python3-tooz python3-vine
INFO:kolla.common.utils.nova-base:  python3-voluptuous python3-websockify python3-werkzeug
INFO:kolla.common.utils.nova-base:  python3-zvmcloudconnector uuid-runtime websockify-common xmlsec1
INFO:kolla.common.utils.nova-base:  zvmcloudconnector-common
INFO:kolla.common.utils.nova-base:Suggested packages:
INFO:kolla.common.utils.nova-base:  keychain libpam-ssh monkeysphere ssh-askpass ethtool openvswitch-doc
INFO:kolla.common.utils.nova-base:  python3-editor python-amqp-doc python-automaton-doc python-castellan-doc
INFO:kolla.common.utils.nova-base:  python3-dev python-cursive-doc python-flask-doc python-future-doc
INFO:kolla.common.utils.nova-base:  python-jinja2-doc python3-ldappool python-kombu-doc python3-boto
INFO:kolla.common.utils.nova-base:  python3-django python3-pymongo python-microversion-parse-doc
INFO:kolla.common.utils.nova-base:  python-migrate-doc python3-pydotplus python3-scipy gcc gfortran
INFO:kolla.common.utils.nova-base:  python-numpy-doc python3-nose python3-numpy-dbg python-os-brick-doc
INFO:kolla.common.utils.nova-base:  python-os-traits-doc python-os-vif-doc python-os-win-doc
INFO:kolla.common.utils.nova-base:  python-os-xenapi-doc python-oslo.cache-doc python3-confluent-kafka
INFO:kolla.common.utils.nova-base:  python-oslo.middleware-doc python-oslo.policy-doc python-oslo.privsep-doc
INFO:kolla.common.utils.nova-base:  python-oslo.reports-doc python-oslo.service-doc
INFO:kolla.common.utils.nova-base:  python-oslo.versionedobjects-doc python-ovsdbapp-doc python3-gssapi
INFO:kolla.common.utils.nova-base:  httpd-wsgi libapache2-mod-python libapache2-mod-scgi libjs-mochikit
INFO:kolla.common.utils.nova-base:  python-psutil-doc cpp python-pyroute2-doc python3-repoze.who
INFO:kolla.common.utils.nova-base:  python-sortedcontainers-doc python-sqlalchemy-doc python3-fdb
INFO:kolla.common.utils.nova-base:  python-sqlparse-doc python3-pydot python-tenacity-doc ipython3
INFO:kolla.common.utils.nova-base:  python3-termcolor python3-watchdog python-werkzeug-doc
INFO:kolla.common.utils.nova-base:Recommended packages:
INFO:kolla.common.utils.nova-base:  javascript-common xauth libvirt-daemon python3-pastescript
INFO:kolla.common.utils.nova-base:  python3-sqlalchemy-ext
INFO:kolla.common.utils.nova-base:The following NEW packages will be installed:
INFO:kolla.common.utils.nova-base:  alembic gcc-7-base keystone-common libavahi-client3 libavahi-common-data
INFO:kolla.common.utils.nova-base:  libavahi-common3 libblas3 libcurl3-gnutls libedit2 libevent-2.1-6
INFO:kolla.common.utils.nova-base:  libgfortran4 libjs-jquery libjs-sphinxdoc libjs-underscore liblapack3
INFO:kolla.common.utils.nova-base:  libnuma1 libunbound2 libvirt0 libxmlsec1 libxmlsec1-openssl libyajl2
INFO:kolla.common.utils.nova-base:  nova-common openssh-client openvswitch-common openvswitch-switch
INFO:kolla.common.utils.nova-base:  os-brick-common pycadf-common python-pastedeploy-tpl python3-alembic
INFO:kolla.common.utils.nova-base:  python3-amqp python3-aniso8601 python3-anyjson python3-automaton
INFO:kolla.common.utils.nova-base:  python3-bcrypt python3-cachetools python3-castellan python3-cffi
INFO:kolla.common.utils.nova-base:  python3-click python3-colorama python3-cursive python3-ddt
INFO:kolla.common.utils.nova-base:  python3-defusedxml python3-flask python3-flask-restful python3-future
INFO:kolla.common.utils.nova-base:  python3-httplib2 python3-itsdangerous python3-jinja2 python3-keystone
INFO:kolla.common.utils.nova-base:  python3-keystonemiddleware python3-kombu python3-ldap python3-libvirt
INFO:kolla.common.utils.nova-base:  python3-microversion-parse python3-migrate python3-networkx python3-nova
INFO:kolla.common.utils.nova-base:  python3-numpy python3-openvswitch python3-os-brick
INFO:kolla.common.utils.nova-base:  python3-os-resource-classes python3-os-traits python3-os-vif python3-os-win
INFO:kolla.common.utils.nova-base:  python3-os-xenapi python3-oslo.cache python3-oslo.db python3-oslo.messaging
INFO:kolla.common.utils.nova-base:  python3-oslo.middleware python3-oslo.policy python3-oslo.privsep
INFO:kolla.common.utils.nova-base:  python3-oslo.reports python3-oslo.rootwrap python3-oslo.service
INFO:kolla.common.utils.nova-base:  python3-oslo.upgradecheck python3-oslo.versionedobjects python3-oslo.vmware
INFO:kolla.common.utils.nova-base:  python3-ovsdbapp python3-paramiko python3-passlib python3-paste
INFO:kolla.common.utils.nova-base:  python3-pastedeploy python3-psutil python3-pyasn1 python3-pyasn1-modules
INFO:kolla.common.utils.nova-base:  python3-pycadf python3-pycparser python3-pypowervm python3-pyroute2
INFO:kolla.common.utils.nova-base:  python3-pysaml2 python3-repoze.lru python3-retrying python3-routes
INFO:kolla.common.utils.nova-base:  python3-scrypt python3-sortedcontainers python3-sqlalchemy python3-sqlparse
INFO:kolla.common.utils.nova-base:  python3-suds python3-taskflow python3-tempita python3-tenacity
INFO:kolla.common.utils.nova-base:  python3-testresources python3-testscenarios python3-tooz python3-vine
INFO:kolla.common.utils.nova-base:  python3-voluptuous python3-websockify python3-werkzeug
INFO:kolla.common.utils.nova-base:  python3-zvmcloudconnector uuid-runtime websockify-common xmlsec1
INFO:kolla.common.utils.nova-base:  zvmcloudconnector-common
INFO:kolla.common.utils.nova-base:0 upgraded, 113 newly installed, 0 to remove and 0 not upgraded.
INFO:kolla.common.utils.nova-base:Need to get 24.2 MB of archives.
INFO:kolla.common.utils.nova-base:After this operation, 161 MB of additional disk space will be used.
INFO:kolla.common.utils.nova-base:Get:1 http://ports.ubuntu.com bionic-updates/main s390x uuid-runtime s390x 2.31.1-0.4ubuntu3.5 [33.7 kB]
INFO:kolla.common.utils.nova-base:Get:2 http://ubuntu-cloud.archive.canonical.com/ubuntu bionic-updates/ussuri/main s390x python3-sqlalchemy all 1.2.18+ds1-2ubuntu2~cloud0 [728 kB]
INFO:kolla.common.utils.nova-base:Get:3 http://ports.ubuntu.com bionic/main s390x libedit2 s390x 3.1-20170329-1 [72.0 kB]
INFO:kolla.common.utils.nova-base:Get:4 http://ports.ubuntu.com bionic-updates/main s390x openssh-client s390x 1:7.6p1-4ubuntu0.3 [576 kB]
INFO:kolla.common.utils.nova-base:Get:5 http://ubuntu-cloud.archive.canonical.com/ubuntu bionic-updates/ussuri/main s390x python3-alembic all 1.0.0-2ubuntu2~cloud0 [111 kB]
INFO:kolla.common.utils.nova-base:Get:6 http://ubuntu-cloud.archive.canonical.com/ubuntu bionic-updates/ussuri/main s390x libjs-sphinxdoc all 1.8.5-3~cloud0 [96.6 kB]
INFO:kolla.common.utils.nova-base:Get:7 http://ubuntu-cloud.archive.canonical.com/ubuntu bionic-updates/ussuri/main s390x alembic all 1.0.0-2ubuntu2~cloud0 [369 kB]
INFO:kolla.common.utils.nova-base:Get:8 http://ports.ubuntu.com bionic/main s390x libjs-jquery all 3.2.1-1 [152 kB]
INFO:kolla.common.utils.nova-base:Get:9 http://ports.ubuntu.com bionic/main s390x libjs-underscore all 1.8.3~dfsg-1 [59.9 kB]
INFO:kolla.common.utils.nova-base:Get:10 http://ports.ubuntu.com bionic-updates/main s390x gcc-7-base s390x 7.4.0-1ubuntu1~18.04.1 [18.9 kB]
INFO:kolla.common.utils.nova-base:Get:11 http://ubuntu-cloud.archive.canonical.com/ubuntu bionic-updates/ussuri/main s390x libnuma1 s390x 2.0.12-1~cloud0 [26.0 kB]
INFO:kolla.common.utils.nova-base:Get:12 http://ports.ubuntu.com bionic-updates/main s390x libavahi-common-data s390x 0.7-3.1ubuntu1.2 [22.1 kB]
INFO:kolla.common.utils.nova-base:Get:13 http://ports.ubuntu.com bionic-updates/main s390x libavahi-common3 s390x 0.7-3.1ubuntu1.2 [20.0 kB]
INFO:kolla.common.utils.nova-base:Get:14 http://ports.ubuntu.com bionic-updates/main s390x libavahi-client3 s390x 0.7-3.1ubuntu1.2 [22.5 kB]
INFO:kolla.common.utils.nova-base:Get:15 http://ports.ubuntu.com bionic/main s390x libblas3 s390x 3.7.1-4ubuntu1 [119 kB]
INFO:kolla.common.utils.nova-base:Get:16 http://ubuntu-cloud.archive.canonical.com/ubuntu bionic-updates/ussuri/main s390x libvirt0 s390x 5.4.0-0ubuntu5~cloud0 [3,533 kB]
INFO:kolla.common.utils.nova-base:Get:17 http://ports.ubuntu.com bionic-updates/main s390x libcurl3-gnutls s390x 7.58.0-2ubuntu3.8 [195 kB]
INFO:kolla.common.utils.nova-base:Get:18 http://ports.ubuntu.com bionic/main s390x libevent-2.1-6 s390x 2.1.8-stable-4build1 [122 kB]
INFO:kolla.common.utils.nova-base:Get:19 http://ports.ubuntu.com bionic-updates/main s390x libgfortran4 s390x 7.4.0-1ubuntu1~18.04.1 [275 kB]
INFO:kolla.common.utils.nova-base:Get:20 http://ports.ubuntu.com bionic/main s390x liblapack3 s390x 3.7.1-4ubuntu1 [1,621 kB]
INFO:kolla.common.utils.nova-base:Get:21 http://ports.ubuntu.com bionic-updates/main s390x libunbound2 s390x 1.6.7-1ubuntu2.2 [275 kB]
INFO:kolla.common.utils.nova-base:Get:22 http://ports.ubuntu.com bionic/main s390x libyajl2 s390x 2.1.0-2build1 [18.8 kB]
INFO:kolla.common.utils.nova-base:Get:23 http://ports.ubuntu.com bionic/main s390x libxmlsec1 s390x 1.2.25-1build1 [110 kB]
INFO:kolla.common.utils.nova-base:Get:24 http://ports.ubuntu.com bionic/main s390x libxmlsec1-openssl s390x 1.2.25-1build1 [66.4 kB]
INFO:kolla.common.utils.nova-base:Get:25 http://ports.ubuntu.com bionic/universe s390x python3-sortedcontainers all 1.5.7-1 [26.3 kB]
INFO:kolla.common.utils.nova-base:Get:26 http://ports.ubuntu.com bionic/main s390x pycadf-common all 2.7.0-0ubuntu1 [4,440 B]
INFO:kolla.common.utils.nova-base:Get:27 http://ports.ubuntu.com bionic/main s390x python-pastedeploy-tpl all 1.5.2-4 [4,796 B]
INFO:kolla.common.utils.nova-base:Get:28 http://ports.ubuntu.com bionic/main s390x python3-vine all 1.1.4+dfsg-2 [15.7 kB]
INFO:kolla.common.utils.nova-base:Get:29 http://ports.ubuntu.com bionic/universe s390x python3-aniso8601 all 2.0.0-1 [17.9 kB]
INFO:kolla.common.utils.nova-base:Get:30 http://ports.ubuntu.com bionic/universe s390x python3-anyjson all 0.3.3-1build1 [7,062 B]
INFO:kolla.common.utils.nova-base:Get:31 http://ports.ubuntu.com bionic/universe s390x python3-automaton all 1.14.0-0ubuntu1 [15.0 kB]
INFO:kolla.common.utils.nova-base:Get:32 http://ports.ubuntu.com bionic/universe s390x python3-pycparser all 2.18-2 [67.7 kB]
INFO:kolla.common.utils.nova-base:Get:33 http://ports.ubuntu.com bionic/universe s390x python3-cffi all 1.11.5-1 [67.4 kB]
INFO:kolla.common.utils.nova-base:Get:34 http://ports.ubuntu.com bionic/main s390x python3-colorama all 0.3.7-1 [14.9 kB]
INFO:kolla.common.utils.nova-base:Get:35 http://ports.ubuntu.com bionic/main s390x python3-click all 6.7-3 [56.5 kB]
INFO:kolla.common.utils.nova-base:Get:36 http://ports.ubuntu.com bionic/universe s390x python3-cursive all 0.2.1-0ubuntu1 [14.3 kB]
INFO:kolla.common.utils.nova-base:Get:37 http://ports.ubuntu.com bionic/universe s390x python3-defusedxml all 0.5.0-1ubuntu1 [19.2 kB]
INFO:kolla.common.utils.nova-base:Get:38 http://ports.ubuntu.com bionic/main s390x python3-itsdangerous all 0.24+dfsg1-2 [12.0 kB]
INFO:kolla.common.utils.nova-base:Get:39 http://ports.ubuntu.com bionic-updates/main s390x python3-jinja2 all 2.10-1ubuntu0.18.04.1 [95.4 kB]
INFO:kolla.common.utils.nova-base:Get:40 http://ports.ubuntu.com bionic/universe s390x python3-werkzeug all 0.14.1+dfsg1-1 [174 kB]
INFO:kolla.common.utils.nova-base:Get:41 http://ports.ubuntu.com bionic/universe s390x python3-flask-restful all 0.3.6-1 [22.3 kB]
INFO:kolla.common.utils.nova-base:Get:42 http://ports.ubuntu.com bionic/universe s390x python3-future all 0.15.2-4ubuntu2 [333 kB]
INFO:kolla.common.utils.nova-base:Get:43 http://ports.ubuntu.com bionic-updates/main s390x python3-httplib2 all 0.9.2+dfsg-1ubuntu0.1 [28.6 kB]
INFO:kolla.common.utils.nova-base:Get:44 http://ubuntu-cloud.archive.canonical.com/ubuntu bionic-updates/ussuri/main s390x openvswitch-common s390x 2.12.0-0ubuntu1~cloud0 [886 kB]
INFO:kolla.common.utils.nova-base:Get:45 http://ports.ubuntu.com bionic/universe s390x python3-pycadf all 2.7.0-0ubuntu1 [17.4 kB]
INFO:kolla.common.utils.nova-base:Get:46 http://ports.ubuntu.com bionic/universe s390x python3-kombu all 4.1.0-1 [126 kB]
INFO:kolla.common.utils.nova-base:Get:47 http://ports.ubuntu.com bionic/main s390x python3-pyasn1 all 0.4.2-3 [46.8 kB]
INFO:kolla.common.utils.nova-base:Get:48 http://ubuntu-cloud.archive.canonical.com/ubuntu bionic-updates/ussuri/main s390x python3-openvswitch all 2.12.0-0ubuntu1~cloud0 [107 kB]
INFO:kolla.common.utils.nova-base:Get:49 http://ubuntu-cloud.archive.canonical.com/ubuntu bionic-updates/ussuri/main s390x openvswitch-switch s390x 2.12.0-0ubuntu1~cloud0 [1,560 kB]
INFO:kolla.common.utils.nova-base:Get:50 http://ports.ubuntu.com bionic/main s390x python3-pyasn1-modules all 0.2.1-0.2 [32.9 kB]
INFO:kolla.common.utils.nova-base:Get:51 http://ports.ubuntu.com bionic-updates/main s390x python3-ldap s390x 3.0.0-1ubuntu0.1 [85.4 kB]
INFO:kolla.common.utils.nova-base:Get:52 http://ports.ubuntu.com bionic/main s390x python3-sqlparse all 0.2.4-0.1 [28.1 kB]
INFO:kolla.common.utils.nova-base:Get:53 http://ubuntu-cloud.archive.canonical.com/ubuntu bionic-updates/ussuri/main s390x os-brick-common all 2.10.0-0ubuntu1~cloud0 [4,980 B]
INFO:kolla.common.utils.nova-base:Get:54 http://ports.ubuntu.com bionic/main s390x python3-tempita all 0.5.2-2 [13.9 kB]
INFO:kolla.common.utils.nova-base:Get:55 http://ubuntu-cloud.archive.canonical.com/ubuntu bionic-updates/ussuri/main s390x python3-amqp all 2.5.0-2~cloud0 [42.2 kB]
INFO:kolla.common.utils.nova-base:Get:56 http://ubuntu-cloud.archive.canonical.com/ubuntu bionic-updates/ussuri/main s390x python3-cachetools all 3.1.0-2~cloud0 [9,892 B]
INFO:kolla.common.utils.nova-base:Get:57 http://ports.ubuntu.com bionic-updates/universe s390x python3-networkx all 1.11-1ubuntu3 [606 kB]
INFO:kolla.common.utils.nova-base:Get:58 http://ubuntu-cloud.archive.canonical.com/ubuntu bionic-updates/ussuri/main s390x python3-castellan all 1.3.1-0ubuntu1~cloud0 [41.1 kB]
INFO:kolla.common.utils.nova-base:Get:59 http://ubuntu-cloud.archive.canonical.com/ubuntu bionic-updates/ussuri/main s390x python3-ddt all 1.2.1-2ubuntu1~cloud0 [7,288 B]
INFO:kolla.common.utils.nova-base:Get:60 http://ubuntu-cloud.archive.canonical.com/ubuntu bionic-updates/ussuri/main s390x python3-flask all 1.0.2-3~cloud0 [93.2 kB]
INFO:kolla.common.utils.nova-base:Get:61 http://ubuntu-cloud.archive.canonical.com/ubuntu bionic-updates/ussuri/main s390x python3-oslo.cache all 1.37.0-0ubuntu1~cloud0 [34.5 kB]
INFO:kolla.common.utils.nova-base:Get:62 http://ubuntu-cloud.archive.canonical.com/ubuntu bionic-updates/ussuri/main s390x python3-keystonemiddleware all 7.0.1-0ubuntu1~cloud0 [68.6 kB]
INFO:kolla.common.utils.nova-base:Get:63 http://ubuntu-cloud.archive.canonical.com/ubuntu bionic-updates/ussuri/main s390x python3-libvirt s390x 5.0.0-1~cloud0 [126 kB]
INFO:kolla.common.utils.nova-base:Get:64 http://ubuntu-cloud.archive.canonical.com/ubuntu bionic-updates/ussuri/main s390x python3-microversion-parse all 0.2.1-0ubuntu2~cloud0 [11.3 kB]
INFO:kolla.common.utils.nova-base:Get:65 http://ubuntu-cloud.archive.canonical.com/ubuntu bionic-updates/ussuri/main s390x python3-migrate all 0.12.0-3~cloud0 [79.3 kB]
INFO:kolla.common.utils.nova-base:Get:66 http://ubuntu-cloud.archive.canonical.com/ubuntu bionic-updates/ussuri/main s390x python3-oslo.service all 1.40.2-0ubuntu1~cloud0 [50.6 kB]
INFO:kolla.common.utils.nova-base:Get:67 http://ubuntu-cloud.archive.canonical.com/ubuntu bionic-updates/ussuri/main s390x python3-os-win all 4.3.2-0ubuntu1~cloud0 [157 kB]
INFO:kolla.common.utils.nova-base:Get:68 http://ubuntu-cloud.archive.canonical.com/ubuntu bionic-updates/ussuri/main s390x python3-oslo.privsep all 1.33.3-0ubuntu1~cloud0 [22.9 kB]
INFO:kolla.common.utils.nova-base:Get:69 http://ubuntu-cloud.archive.canonical.com/ubuntu bionic-updates/ussuri/main s390x python3-os-brick all 2.10.0-0ubuntu1~cloud0 [126 kB]
INFO:kolla.common.utils.nova-base:Get:70 http://ubuntu-cloud.archive.canonical.com/ubuntu bionic-updates/ussuri/main s390x python3-os-resource-classes all 0.5.0-0ubuntu1~cloud0 [6,420 B]
INFO:kolla.common.utils.nova-base:Get:71 http://ubuntu-cloud.archive.canonical.com/ubuntu bionic-updates/ussuri/main s390x python3-os-traits all 0.16.0-0ubuntu1~cloud0 [13.8 kB]
INFO:kolla.common.utils.nova-base:Get:72 http://ubuntu-cloud.archive.canonical.com/ubuntu bionic-updates/ussuri/main s390x python3-oslo.middleware all 3.38.1-0ubuntu1~cloud0 [33.1 kB]
INFO:kolla.common.utils.nova-base:Get:73 http://ports.ubuntu.com bionic/main s390x python3-numpy s390x 1:1.13.3-2ubuntu1 [1,798 kB]
INFO:kolla.common.utils.nova-base:Get:74 http://ubuntu-cloud.archive.canonical.com/ubuntu bionic-updates/ussuri/main s390x python3-tenacity all 5.1.1-0ubuntu2~cloud0 [34.9 kB]
INFO:kolla.common.utils.nova-base:Get:75 http://ubuntu-cloud.archive.canonical.com/ubuntu bionic-updates/ussuri/main s390x python3-oslo.messaging all 9.7.1-0ubuntu3~cloud0 [149 kB]
INFO:kolla.common.utils.nova-base:Get:76 http://ubuntu-cloud.archive.canonical.com/ubuntu bionic-updates/ussuri/main s390x python3-oslo.versionedobjects all 1.36.1-0ubuntu1~cloud0 [59.1 kB]
INFO:kolla.common.utils.nova-base:Get:77 http://ubuntu-cloud.archive.canonical.com/ubuntu bionic-updates/ussuri/main s390x python3-ovsdbapp all 0.17.0-0ubuntu1~cloud0 [54.1 kB]
INFO:kolla.common.utils.nova-base:Get:78 http://ubuntu-cloud.archive.canonical.com/ubuntu bionic-updates/ussuri/main s390x python3-pyroute2 all 0.5.6-0ubuntu1~cloud0 [216 kB]
INFO:kolla.common.utils.nova-base:Get:79 http://ubuntu-cloud.archive.canonical.com/ubuntu bionic-updates/ussuri/main s390x python3-os-vif all 1.17.0-0ubuntu1~cloud0 [52.0 kB]
INFO:kolla.common.utils.nova-base:Get:80 http://ubuntu-cloud.archive.canonical.com/ubuntu bionic-updates/ussuri/main s390x python3-os-xenapi all 0.3.4-0ubuntu2~cloud0 [74.9 kB]
INFO:kolla.common.utils.nova-base:Get:81 http://ubuntu-cloud.archive.canonical.com/ubuntu bionic-updates/ussuri/main s390x python3-testscenarios all 0.5.0-2~cloud0 [13.5 kB]
INFO:kolla.common.utils.nova-base:Get:82 http://ubuntu-cloud.archive.canonical.com/ubuntu bionic-updates/ussuri/main s390x python3-oslo.db all 5.0.2-0ubuntu1~cloud0 [115 kB]
INFO:kolla.common.utils.nova-base:Get:83 http://ubuntu-cloud.archive.canonical.com/ubuntu bionic-updates/ussuri/main s390x python3-oslo.policy all 2.3.2-0ubuntu1~cloud0 [50.3 kB]
INFO:kolla.common.utils.nova-base:Get:84 http://ubuntu-cloud.archive.canonical.com/ubuntu bionic-updates/ussuri/main s390x python3-psutil s390x 5.5.1-1build1~cloud0 [166 kB]
INFO:kolla.common.utils.nova-base:Get:85 http://ubuntu-cloud.archive.canonical.com/ubuntu bionic-updates/ussuri/main s390x python3-oslo.reports all 1.30.0-0ubuntu1~cloud0 [26.9 kB]
INFO:kolla.common.utils.nova-base:Get:86 http://ubuntu-cloud.archive.canonical.com/ubuntu bionic-updates/ussuri/main s390x python3-oslo.rootwrap all 5.16.1-0ubuntu1~cloud0 [25.9 kB]
INFO:kolla.common.utils.nova-base:Get:87 http://ubuntu-cloud.archive.canonical.com/ubuntu bionic-updates/ussuri/main s390x python3-oslo.upgradecheck all 0.3.2-0ubuntu1~cloud0 [7,484 B]
INFO:kolla.common.utils.nova-base:Get:88 http://ubuntu-cloud.archive.canonical.com/ubuntu bionic-updates/ussuri/main s390x python3-oslo.vmware all 2.34.1-0ubuntu1~cloud0 [163 kB]
INFO:kolla.common.utils.nova-base:Get:89 http://ubuntu-cloud.archive.canonical.com/ubuntu bionic-updates/ussuri/main s390x python3-taskflow all 3.7.1-0ubuntu2~cloud0 [253 kB]
INFO:kolla.common.utils.nova-base:Get:90 http://ubuntu-cloud.archive.canonical.com/ubuntu bionic-updates/ussuri/main s390x python3-pypowervm all 1.1.20-0ubuntu2~cloud0 [1,166 kB]
INFO:kolla.common.utils.nova-base:Get:91 http://ports.ubuntu.com bionic/main s390x python3-paste all 2.0.3+dfsg-4ubuntu1 [456 kB]
INFO:kolla.common.utils.nova-base:Get:92 http://ports.ubuntu.com bionic/main s390x python3-pastedeploy all 1.5.2-4 [13.4 kB]
INFO:kolla.common.utils.nova-base:Get:93 http://ports.ubuntu.com bionic/universe s390x python3-repoze.lru all 0.7-1 [11.7 kB]
INFO:kolla.common.utils.nova-base:Get:94 http://ports.ubuntu.com bionic/universe s390x python3-routes all 2.4.1-1 [28.4 kB]
INFO:kolla.common.utils.nova-base:Get:95 http://ports.ubuntu.com bionic/universe s390x python3-retrying all 1.3.3-3 [7,980 B]
INFO:kolla.common.utils.nova-base:Get:96 http://ports.ubuntu.com bionic-updates/main s390x python3-paramiko all 2.0.0-1ubuntu1.2 [110 kB]
INFO:kolla.common.utils.nova-base:Get:97 http://ports.ubuntu.com bionic/universe s390x python3-testresources all 2.0.0-2 [26.4 kB]
INFO:kolla.common.utils.nova-base:Get:98 http://ports.ubuntu.com bionic/universe s390x python3-suds all 0.7~git20150727.94664dd-5 [145 kB]
INFO:kolla.common.utils.nova-base:Get:99 http://ports.ubuntu.com bionic/main s390x xmlsec1 s390x 1.2.25-1build1 [23.0 kB]
INFO:kolla.common.utils.nova-base:Get:100 http://ports.ubuntu.com bionic/universe s390x python3-scrypt s390x 0.8.0-0ubuntu3 [21.8 kB]
INFO:kolla.common.utils.nova-base:Get:101 http://ports.ubuntu.com bionic/main s390x python3-voluptuous all 0.9.3-1 [24.2 kB]
INFO:kolla.common.utils.nova-base:Get:102 http://ports.ubuntu.com bionic/universe s390x websockify-common all 0.8.0+dfsg1-9 [27.3 kB]
INFO:kolla.common.utils.nova-base:Get:103 http://ports.ubuntu.com bionic/universe s390x python3-websockify s390x 0.8.0+dfsg1-9 [30.1 kB]
INFO:kolla.common.utils.nova-base:Get:104 http://ports.ubuntu.com bionic/universe s390x python3-bcrypt s390x 3.1.4-2 [26.1 kB]
INFO:kolla.common.utils.nova-base:Get:105 http://ports.ubuntu.com bionic/universe s390x python3-passlib all 1.7.1-1 [347 kB]
INFO:kolla.common.utils.nova-base:Get:106 http://ubuntu-cloud.archive.canonical.com/ubuntu bionic-updates/ussuri/main s390x python3-pysaml2 all 4.5.0+dfsg1-0ubuntu2~cloud0 [204 kB]
INFO:kolla.common.utils.nova-base:Get:107 http://ubuntu-cloud.archive.canonical.com/ubuntu bionic-updates/ussuri/main s390x python3-tooz all 1.66.2-0ubuntu1~cloud0 [50.3 kB]
INFO:kolla.common.utils.nova-base:Get:108 http://ubuntu-cloud.archive.canonical.com/ubuntu bionic-updates/ussuri/main s390x zvmcloudconnector-common all 2.0.0~b1~git2019062011.4fc9142.really.1.4.1-0ubuntu2~cloud0 [11.9 kB]
INFO:kolla.common.utils.nova-base:Get:109 http://ubuntu-cloud.archive.canonical.com/ubuntu bionic-updates/ussuri/main s390x python3-zvmcloudconnector all 2.0.0~b1~git2019062011.4fc9142.really.1.4.1-0ubuntu2~cloud0 [175 kB]
INFO:kolla.common.utils.nova-base:Get:110 http://ubuntu-cloud.archive.canonical.com/ubuntu bionic-updates/ussuri/main s390x keystone-common all 2:16.0.0-0ubuntu1~cloud0 [53.7 kB]
INFO:kolla.common.utils.nova-base:Get:111 http://ubuntu-cloud.archive.canonical.com/ubuntu bionic-updates/ussuri/main s390x nova-common all 2:20.0.0-0ubuntu1~cloud0 [94.1 kB]
INFO:kolla.common.utils.nova-base:Get:112 http://ubuntu-cloud.archive.canonical.com/ubuntu bionic-updates/ussuri/main s390x python3-keystone all 2:16.0.0-0ubuntu1~cloud0 [731 kB]
INFO:kolla.common.utils.nova-base:Get:113 http://ubuntu-cloud.archive.canonical.com/ubuntu bionic-updates/ussuri/main s390x python3-nova all 2:20.0.0-0ubuntu1~cloud0 [3,057 kB]
INFO:kolla.common.utils.nova-base:Fetched 24.2 MB in 3s (9,130 kB/s)
INFO:kolla.common.utils.nova-base:Selecting previously unselected package uuid-runtime.
INFO:kolla.common.utils.nova-base:(Reading database ... 
INFO:kolla.common.utils.nova-base:(Reading database ... 5%(Reading database ... 10%(Reading database ... 15%(Reading database ... 20%(Reading database ... 25%(Reading database ... 30%(Reading database ... 35%(Reading database ... 40%(Reading database ... 45%(Reading database ... 50%(Reading database ... 55%(Reading database ... 60%
INFO:kolla.common.utils.nova-base:(Reading database ... 65%
INFO:kolla.common.utils.nova-base:(Reading database ... 70%
INFO:kolla.common.utils.nova-base:(Reading database ... 75%(Reading database ... 80%
INFO:kolla.common.utils.nova-base:(Reading database ... 85%(Reading database ... 90%(Reading database ... 95%(Reading database ... 100%(Reading database ... 22243 files and directories currently installed.)
INFO:kolla.common.utils.nova-base:Preparing to unpack .../000-uuid-runtime_2.31.1-0.4ubuntu3.5_s390x.deb ...
INFO:kolla.common.utils.nova-base:Unpacking uuid-runtime (2.31.1-0.4ubuntu3.5) ...
INFO:kolla.common.utils.nova-base:Selecting previously unselected package libedit2:s390x.
INFO:kolla.common.utils.nova-base:Preparing to unpack .../001-libedit2_3.1-20170329-1_s390x.deb ...
INFO:kolla.common.utils.nova-base:Unpacking libedit2:s390x (3.1-20170329-1) ...
INFO:kolla.common.utils.nova-base:Selecting previously unselected package openssh-client.
INFO:kolla.common.utils.nova-base:Preparing to unpack .../002-openssh-client_1%3a7.6p1-4ubuntu0.3_s390x.deb ...
INFO:kolla.common.utils.nova-base:Unpacking openssh-client (1:7.6p1-4ubuntu0.3) ...
INFO:kolla.common.utils.nova-base:Selecting previously unselected package python3-sqlalchemy.
INFO:kolla.common.utils.nova-base:Preparing to unpack .../003-python3-sqlalchemy_1.2.18+ds1-2ubuntu2~cloud0_all.deb ...
INFO:kolla.common.utils.nova-base:Unpacking python3-sqlalchemy (1.2.18+ds1-2ubuntu2~cloud0) ...
INFO:kolla.common.utils.nova-base:Selecting previously unselected package python3-alembic.
INFO:kolla.common.utils.nova-base:Preparing to unpack .../004-python3-alembic_1.0.0-2ubuntu2~cloud0_all.deb ...
INFO:kolla.common.utils.nova-base:Unpacking python3-alembic (1.0.0-2ubuntu2~cloud0) ...
INFO:kolla.common.utils.nova-base:Selecting previously unselected package libjs-jquery.
INFO:kolla.common.utils.nova-base:Preparing to unpack .../005-libjs-jquery_3.2.1-1_all.deb ...
INFO:kolla.common.utils.nova-base:Unpacking libjs-jquery (3.2.1-1) ...
INFO:kolla.common.utils.nova-base:Selecting previously unselected package libjs-underscore.
INFO:kolla.common.utils.nova-base:Preparing to unpack .../006-libjs-underscore_1.8.3~dfsg-1_all.deb ...
INFO:kolla.common.utils.nova-base:Unpacking libjs-underscore (1.8.3~dfsg-1) ...
INFO:kolla.common.utils.nova-base:Selecting previously unselected package libjs-sphinxdoc.
INFO:kolla.common.utils.nova-base:Preparing to unpack .../007-libjs-sphinxdoc_1.8.5-3~cloud0_all.deb ...
INFO:kolla.common.utils.nova-base:Unpacking libjs-sphinxdoc (1.8.5-3~cloud0) ...
INFO:kolla.common.utils.nova-base:Selecting previously unselected package alembic.
INFO:kolla.common.utils.nova-base:Preparing to unpack .../008-alembic_1.0.0-2ubuntu2~cloud0_all.deb ...
INFO:kolla.common.utils.nova-base:Unpacking alembic (1.0.0-2ubuntu2~cloud0) ...
INFO:kolla.common.utils.nova-base:Selecting previously unselected package gcc-7-base:s390x.
INFO:kolla.common.utils.nova-base:Preparing to unpack .../009-gcc-7-base_7.4.0-1ubuntu1~18.04.1_s390x.deb ...
INFO:kolla.common.utils.nova-base:Unpacking gcc-7-base:s390x (7.4.0-1ubuntu1~18.04.1) ...
INFO:kolla.common.utils.nova-base:Selecting previously unselected package libavahi-common-data:s390x.
INFO:kolla.common.utils.nova-base:Preparing to unpack .../010-libavahi-common-data_0.7-3.1ubuntu1.2_s390x.deb ...
INFO:kolla.common.utils.nova-base:Unpacking libavahi-common-data:s390x (0.7-3.1ubuntu1.2) ...
INFO:kolla.common.utils.nova-base:Selecting previously unselected package libavahi-common3:s390x.
INFO:kolla.common.utils.nova-base:Preparing to unpack .../011-libavahi-common3_0.7-3.1ubuntu1.2_s390x.deb ...
INFO:kolla.common.utils.nova-base:Unpacking libavahi-common3:s390x (0.7-3.1ubuntu1.2) ...
INFO:kolla.common.utils.nova-base:Selecting previously unselected package libavahi-client3:s390x.
INFO:kolla.common.utils.nova-base:Preparing to unpack .../012-libavahi-client3_0.7-3.1ubuntu1.2_s390x.deb ...
INFO:kolla.common.utils.nova-base:Unpacking libavahi-client3:s390x (0.7-3.1ubuntu1.2) ...
INFO:kolla.common.utils.nova-base:Selecting previously unselected package libblas3:s390x.
INFO:kolla.common.utils.nova-base:Preparing to unpack .../013-libblas3_3.7.1-4ubuntu1_s390x.deb ...
INFO:kolla.common.utils.nova-base:Unpacking libblas3:s390x (3.7.1-4ubuntu1) ...
INFO:kolla.common.utils.nova-base:Selecting previously unselected package libcurl3-gnutls:s390x.
INFO:kolla.common.utils.nova-base:Preparing to unpack .../014-libcurl3-gnutls_7.58.0-2ubuntu3.8_s390x.deb ...
INFO:kolla.common.utils.nova-base:Unpacking libcurl3-gnutls:s390x (7.58.0-2ubuntu3.8) ...
INFO:kolla.common.utils.nova-base:Selecting previously unselected package libevent-2.1-6:s390x.
INFO:kolla.common.utils.nova-base:Preparing to unpack .../015-libevent-2.1-6_2.1.8-stable-4build1_s390x.deb ...
INFO:kolla.common.utils.nova-base:Unpacking libevent-2.1-6:s390x (2.1.8-stable-4build1) ...
INFO:kolla.common.utils.nova-base:Selecting previously unselected package libgfortran4:s390x.
INFO:kolla.common.utils.nova-base:Preparing to unpack .../016-libgfortran4_7.4.0-1ubuntu1~18.04.1_s390x.deb ...
INFO:kolla.common.utils.nova-base:Unpacking libgfortran4:s390x (7.4.0-1ubuntu1~18.04.1) ...
INFO:kolla.common.utils.nova-base:Selecting previously unselected package liblapack3:s390x.
INFO:kolla.common.utils.nova-base:Preparing to unpack .../017-liblapack3_3.7.1-4ubuntu1_s390x.deb ...
INFO:kolla.common.utils.nova-base:Unpacking liblapack3:s390x (3.7.1-4ubuntu1) ...
INFO:kolla.common.utils.nova-base:Selecting previously unselected package libnuma1:s390x.
INFO:kolla.common.utils.nova-base:Preparing to unpack .../018-libnuma1_2.0.12-1~cloud0_s390x.deb ...
INFO:kolla.common.utils.nova-base:Unpacking libnuma1:s390x (2.0.12-1~cloud0) ...
INFO:kolla.common.utils.nova-base:Selecting previously unselected package libunbound2:s390x.
INFO:kolla.common.utils.nova-base:Preparing to unpack .../019-libunbound2_1.6.7-1ubuntu2.2_s390x.deb ...
INFO:kolla.common.utils.nova-base:Unpacking libunbound2:s390x (1.6.7-1ubuntu2.2) ...
INFO:kolla.common.utils.nova-base:Selecting previously unselected package libyajl2:s390x.
INFO:kolla.common.utils.nova-base:Preparing to unpack .../020-libyajl2_2.1.0-2build1_s390x.deb ...
INFO:kolla.common.utils.nova-base:Unpacking libyajl2:s390x (2.1.0-2build1) ...
INFO:kolla.common.utils.nova-base:Selecting previously unselected package libvirt0:s390x.
INFO:kolla.common.utils.nova-base:Preparing to unpack .../021-libvirt0_5.4.0-0ubuntu5~cloud0_s390x.deb ...
INFO:kolla.common.utils.nova-base:Unpacking libvirt0:s390x (5.4.0-0ubuntu5~cloud0) ...
INFO:kolla.common.utils.nova-base:Selecting previously unselected package libxmlsec1:s390x.
INFO:kolla.common.utils.nova-base:Preparing to unpack .../022-libxmlsec1_1.2.25-1build1_s390x.deb ...
INFO:kolla.common.utils.nova-base:Unpacking libxmlsec1:s390x (1.2.25-1build1) ...
INFO:kolla.common.utils.nova-base:Selecting previously unselected package libxmlsec1-openssl:s390x.
INFO:kolla.common.utils.nova-base:Preparing to unpack .../023-libxmlsec1-openssl_1.2.25-1build1_s390x.deb ...
INFO:kolla.common.utils.nova-base:Unpacking libxmlsec1-openssl:s390x (1.2.25-1build1) ...
INFO:kolla.common.utils.nova-base:Selecting previously unselected package openvswitch-common.
INFO:kolla.common.utils.nova-base:Preparing to unpack .../024-openvswitch-common_2.12.0-0ubuntu1~cloud0_s390x.deb ...
INFO:kolla.common.utils.nova-base:Unpacking openvswitch-common (2.12.0-0ubuntu1~cloud0) ...
INFO:kolla.common.utils.nova-base:Selecting previously unselected package python3-sortedcontainers.
INFO:kolla.common.utils.nova-base:Preparing to unpack .../025-python3-sortedcontainers_1.5.7-1_all.deb ...
INFO:kolla.common.utils.nova-base:Unpacking python3-sortedcontainers (1.5.7-1) ...
INFO:kolla.common.utils.nova-base:Selecting previously unselected package python3-openvswitch.
INFO:kolla.common.utils.nova-base:Preparing to unpack .../026-python3-openvswitch_2.12.0-0ubuntu1~cloud0_all.deb ...
INFO:kolla.common.utils.nova-base:Unpacking python3-openvswitch (2.12.0-0ubuntu1~cloud0) ...
INFO:kolla.common.utils.nova-base:Selecting previously unselected package openvswitch-switch.
INFO:kolla.common.utils.nova-base:Preparing to unpack .../027-openvswitch-switch_2.12.0-0ubuntu1~cloud0_s390x.deb ...
INFO:kolla.common.utils.nova-base:Unpacking openvswitch-switch (2.12.0-0ubuntu1~cloud0) ...
INFO:kolla.common.utils.nova-base:Selecting previously unselected package os-brick-common.
INFO:kolla.common.utils.nova-base:Preparing to unpack .../028-os-brick-common_2.10.0-0ubuntu1~cloud0_all.deb ...
INFO:kolla.common.utils.nova-base:Unpacking os-brick-common (2.10.0-0ubuntu1~cloud0) ...
INFO:kolla.common.utils.nova-base:Selecting previously unselected package pycadf-common.
INFO:kolla.common.utils.nova-base:Preparing to unpack .../029-pycadf-common_2.7.0-0ubuntu1_all.deb ...
INFO:kolla.common.utils.nova-base:Unpacking pycadf-common (2.7.0-0ubuntu1) ...
INFO:kolla.common.utils.nova-base:Selecting previously unselected package python-pastedeploy-tpl.
INFO:kolla.common.utils.nova-base:Preparing to unpack .../030-python-pastedeploy-tpl_1.5.2-4_all.deb ...
INFO:kolla.common.utils.nova-base:Unpacking python-pastedeploy-tpl (1.5.2-4) ...
INFO:kolla.common.utils.nova-base:Selecting previously unselected package python3-vine.
INFO:kolla.common.utils.nova-base:Preparing to unpack .../031-python3-vine_1.1.4+dfsg-2_all.deb ...
INFO:kolla.common.utils.nova-base:Unpacking python3-vine (1.1.4+dfsg-2) ...
INFO:kolla.common.utils.nova-base:Selecting previously unselected package python3-amqp.
INFO:kolla.common.utils.nova-base:Preparing to unpack .../032-python3-amqp_2.5.0-2~cloud0_all.deb ...
INFO:kolla.common.utils.nova-base:Unpacking python3-amqp (2.5.0-2~cloud0) ...
INFO:kolla.common.utils.nova-base:Selecting previously unselected package python3-aniso8601.
INFO:kolla.common.utils.nova-base:Preparing to unpack .../033-python3-aniso8601_2.0.0-1_all.deb ...
INFO:kolla.common.utils.nova-base:Unpacking python3-aniso8601 (2.0.0-1) ...
INFO:kolla.common.utils.nova-base:Selecting previously unselected package python3-anyjson.
INFO:kolla.common.utils.nova-base:Preparing to unpack .../034-python3-anyjson_0.3.3-1build1_all.deb ...
INFO:kolla.common.utils.nova-base:Unpacking python3-anyjson (0.3.3-1build1) ...
INFO:kolla.common.utils.nova-base:Selecting previously unselected package python3-automaton.
INFO:kolla.common.utils.nova-base:Preparing to unpack .../035-python3-automaton_1.14.0-0ubuntu1_all.deb ...
INFO:kolla.common.utils.nova-base:Unpacking python3-automaton (1.14.0-0ubuntu1) ...
INFO:kolla.common.utils.nova-base:Selecting previously unselected package python3-cachetools.
INFO:kolla.common.utils.nova-base:Preparing to unpack .../036-python3-cachetools_3.1.0-2~cloud0_all.deb ...
INFO:kolla.common.utils.nova-base:Unpacking python3-cachetools (3.1.0-2~cloud0) ...
INFO:kolla.common.utils.nova-base:Selecting previously unselected package python3-castellan.
INFO:kolla.common.utils.nova-base:Preparing to unpack .../037-python3-castellan_1.3.1-0ubuntu1~cloud0_all.deb ...
INFO:kolla.common.utils.nova-base:Unpacking python3-castellan (1.3.1-0ubuntu1~cloud0) ...
INFO:kolla.common.utils.nova-base:Selecting previously unselected package python3-pycparser.
INFO:kolla.common.utils.nova-base:Preparing to unpack .../038-python3-pycparser_2.18-2_all.deb ...
INFO:kolla.common.utils.nova-base:Unpacking python3-pycparser (2.18-2) ...
INFO:kolla.common.utils.nova-base:Selecting previously unselected package python3-cffi.
INFO:kolla.common.utils.nova-base:Preparing to unpack .../039-python3-cffi_1.11.5-1_all.deb ...
INFO:kolla.common.utils.nova-base:Unpacking python3-cffi (1.11.5-1) ...
INFO:kolla.common.utils.nova-base:Selecting previously unselected package python3-colorama.
INFO:kolla.common.utils.nova-base:Preparing to unpack .../040-python3-colorama_0.3.7-1_all.deb ...
INFO:kolla.common.utils.nova-base:Unpacking python3-colorama (0.3.7-1) ...
INFO:kolla.common.utils.nova-base:Selecting previously unselected package python3-click.
INFO:kolla.common.utils.nova-base:Preparing to unpack .../041-python3-click_6.7-3_all.deb ...
INFO:kolla.common.utils.nova-base:Unpacking python3-click (6.7-3) ...
INFO:kolla.common.utils.nova-base:Selecting previously unselected package python3-cursive.
INFO:kolla.common.utils.nova-base:Preparing to unpack .../042-python3-cursive_0.2.1-0ubuntu1_all.deb ...
INFO:kolla.common.utils.nova-base:Unpacking python3-cursive (0.2.1-0ubuntu1) ...
INFO:kolla.common.utils.nova-base:Selecting previously unselected package python3-ddt.
INFO:kolla.common.utils.nova-base:Preparing to unpack .../043-python3-ddt_1.2.1-2ubuntu1~cloud0_all.deb ...
INFO:kolla.common.utils.nova-base:Unpacking python3-ddt (1.2.1-2ubuntu1~cloud0) ...
INFO:kolla.common.utils.nova-base:Selecting previously unselected package python3-defusedxml.
INFO:kolla.common.utils.nova-base:Preparing to unpack .../044-python3-defusedxml_0.5.0-1ubuntu1_all.deb ...
INFO:kolla.common.utils.nova-base:Unpacking python3-defusedxml (0.5.0-1ubuntu1) ...
INFO:kolla.common.utils.nova-base:Selecting previously unselected package python3-itsdangerous.
INFO:kolla.common.utils.nova-base:Preparing to unpack .../045-python3-itsdangerous_0.24+dfsg1-2_all.deb ...
INFO:kolla.common.utils.nova-base:Unpacking python3-itsdangerous (0.24+dfsg1-2) ...
INFO:kolla.common.utils.nova-base:Selecting previously unselected package python3-jinja2.
INFO:kolla.common.utils.nova-base:Preparing to unpack .../046-python3-jinja2_2.10-1ubuntu0.18.04.1_all.deb ...
INFO:kolla.common.utils.nova-base:Unpacking python3-jinja2 (2.10-1ubuntu0.18.04.1) ...
INFO:kolla.common.utils.nova-base:Selecting previously unselected package python3-werkzeug.
INFO:kolla.common.utils.nova-base:Preparing to unpack .../047-python3-werkzeug_0.14.1+dfsg1-1_all.deb ...
INFO:kolla.common.utils.nova-base:Unpacking python3-werkzeug (0.14.1+dfsg1-1) ...
INFO:kolla.common.utils.nova-base:Selecting previously unselected package python3-flask.
INFO:kolla.common.utils.nova-base:Preparing to unpack .../048-python3-flask_1.0.2-3~cloud0_all.deb ...
INFO:kolla.common.utils.nova-base:Unpacking python3-flask (1.0.2-3~cloud0) ...
INFO:kolla.common.utils.nova-base:Selecting previously unselected package python3-flask-restful.
INFO:kolla.common.utils.nova-base:Preparing to unpack .../049-python3-flask-restful_0.3.6-1_all.deb ...
INFO:kolla.common.utils.nova-base:Unpacking python3-flask-restful (0.3.6-1) ...
INFO:kolla.common.utils.nova-base:Selecting previously unselected package python3-future.
INFO:kolla.common.utils.nova-base:Preparing to unpack .../050-python3-future_0.15.2-4ubuntu2_all.deb ...
INFO:kolla.common.utils.nova-base:Unpacking python3-future (0.15.2-4ubuntu2) ...
INFO:kolla.common.utils.nova-base:Selecting previously unselected package python3-httplib2.
INFO:kolla.common.utils.nova-base:Preparing to unpack .../051-python3-httplib2_0.9.2+dfsg-1ubuntu0.1_all.deb ...
INFO:kolla.common.utils.nova-base:Unpacking python3-httplib2 (0.9.2+dfsg-1ubuntu0.1) ...
INFO:kolla.common.utils.nova-base:Selecting previously unselected package python3-oslo.cache.
INFO:kolla.common.utils.nova-base:Preparing to unpack .../052-python3-oslo.cache_1.37.0-0ubuntu1~cloud0_all.deb ...
INFO:kolla.common.utils.nova-base:Unpacking python3-oslo.cache (1.37.0-0ubuntu1~cloud0) ...
INFO:kolla.common.utils.nova-base:Selecting previously unselected package python3-pycadf.
INFO:kolla.common.utils.nova-base:Preparing to unpack .../053-python3-pycadf_2.7.0-0ubuntu1_all.deb ...
INFO:kolla.common.utils.nova-base:Unpacking python3-pycadf (2.7.0-0ubuntu1) ...
INFO:kolla.common.utils.nova-base:Selecting previously unselected package python3-keystonemiddleware.
INFO:kolla.common.utils.nova-base:Preparing to unpack .../054-python3-keystonemiddleware_7.0.1-0ubuntu1~cloud0_all.deb ...
INFO:kolla.common.utils.nova-base:Unpacking python3-keystonemiddleware (7.0.1-0ubuntu1~cloud0) ...
INFO:kolla.common.utils.nova-base:Selecting previously unselected package python3-kombu.
INFO:kolla.common.utils.nova-base:Preparing to unpack .../055-python3-kombu_4.1.0-1_all.deb ...
INFO:kolla.common.utils.nova-base:Unpacking python3-kombu (4.1.0-1) ...
INFO:kolla.common.utils.nova-base:Selecting previously unselected package python3-pyasn1.
INFO:kolla.common.utils.nova-base:Preparing to unpack .../056-python3-pyasn1_0.4.2-3_all.deb ...
INFO:kolla.common.utils.nova-base:Unpacking python3-pyasn1 (0.4.2-3) ...
INFO:kolla.common.utils.nova-base:Selecting previously unselected package python3-pyasn1-modules.
INFO:kolla.common.utils.nova-base:Preparing to unpack .../057-python3-pyasn1-modules_0.2.1-0.2_all.deb ...
INFO:kolla.common.utils.nova-base:Unpacking python3-pyasn1-modules (0.2.1-0.2) ...
INFO:kolla.common.utils.nova-base:Selecting previously unselected package python3-ldap.
INFO:kolla.common.utils.nova-base:Preparing to unpack .../058-python3-ldap_3.0.0-1ubuntu0.1_s390x.deb ...
INFO:kolla.common.utils.nova-base:Unpacking python3-ldap (3.0.0-1ubuntu0.1) ...
INFO:kolla.common.utils.nova-base:Selecting previously unselected package python3-libvirt.
INFO:kolla.common.utils.nova-base:Preparing to unpack .../059-python3-libvirt_5.0.0-1~cloud0_s390x.deb ...
INFO:kolla.common.utils.nova-base:Unpacking python3-libvirt (5.0.0-1~cloud0) ...
INFO:kolla.common.utils.nova-base:Selecting previously unselected package python3-microversion-parse.
INFO:kolla.common.utils.nova-base:Preparing to unpack .../060-python3-microversion-parse_0.2.1-0ubuntu2~cloud0_all.deb ...
INFO:kolla.common.utils.nova-base:Unpacking python3-microversion-parse (0.2.1-0ubuntu2~cloud0) ...
INFO:kolla.common.utils.nova-base:Selecting previously unselected package python3-sqlparse.
INFO:kolla.common.utils.nova-base:Preparing to unpack .../061-python3-sqlparse_0.2.4-0.1_all.deb ...
INFO:kolla.common.utils.nova-base:Unpacking python3-sqlparse (0.2.4-0.1) ...
INFO:kolla.common.utils.nova-base:Selecting previously unselected package python3-tempita.
INFO:kolla.common.utils.nova-base:Preparing to unpack .../062-python3-tempita_0.5.2-2_all.deb ...
INFO:kolla.common.utils.nova-base:Unpacking python3-tempita (0.5.2-2) ...
INFO:kolla.common.utils.nova-base:Selecting previously unselected package python3-migrate.
INFO:kolla.common.utils.nova-base:Preparing to unpack .../063-python3-migrate_0.12.0-3~cloud0_all.deb ...
INFO:kolla.common.utils.nova-base:Unpacking python3-migrate (0.12.0-3~cloud0) ...
INFO:kolla.common.utils.nova-base:Selecting previously unselected package python3-networkx.
INFO:kolla.common.utils.nova-base:Preparing to unpack .../064-python3-networkx_1.11-1ubuntu3_all.deb ...
INFO:kolla.common.utils.nova-base:Unpacking python3-networkx (1.11-1ubuntu3) ...
INFO:kolla.common.utils.nova-base:Selecting previously unselected package python3-numpy.
INFO:kolla.common.utils.nova-base:Preparing to unpack .../065-python3-numpy_1%3a1.13.3-2ubuntu1_s390x.deb ...
INFO:kolla.common.utils.nova-base:Unpacking python3-numpy (1:1.13.3-2ubuntu1) ...
INFO:kolla.common.utils.nova-base:Selecting previously unselected package python3-paste.
INFO:kolla.common.utils.nova-base:Preparing to unpack .../066-python3-paste_2.0.3+dfsg-4ubuntu1_all.deb ...
INFO:kolla.common.utils.nova-base:Unpacking python3-paste (2.0.3+dfsg-4ubuntu1) ...
INFO:kolla.common.utils.nova-base:Selecting previously unselected package python3-pastedeploy.
INFO:kolla.common.utils.nova-base:Preparing to unpack .../067-python3-pastedeploy_1.5.2-4_all.deb ...
INFO:kolla.common.utils.nova-base:Unpacking python3-pastedeploy (1.5.2-4) ...
INFO:kolla.common.utils.nova-base:Selecting previously unselected package python3-repoze.lru.
INFO:kolla.common.utils.nova-base:Preparing to unpack .../068-python3-repoze.lru_0.7-1_all.deb ...
INFO:kolla.common.utils.nova-base:Unpacking python3-repoze.lru (0.7-1) ...
INFO:kolla.common.utils.nova-base:Selecting previously unselected package python3-routes.
INFO:kolla.common.utils.nova-base:Preparing to unpack .../069-python3-routes_2.4.1-1_all.deb ...
INFO:kolla.common.utils.nova-base:Unpacking python3-routes (2.4.1-1) ...
INFO:kolla.common.utils.nova-base:Selecting previously unselected package python3-oslo.service.
INFO:kolla.common.utils.nova-base:Preparing to unpack .../070-python3-oslo.service_1.40.2-0ubuntu1~cloud0_all.deb ...
INFO:kolla.common.utils.nova-base:Unpacking python3-oslo.service (1.40.2-0ubuntu1~cloud0) ...
INFO:kolla.common.utils.nova-base:Selecting previously unselected package python3-os-win.
INFO:kolla.common.utils.nova-base:Preparing to unpack .../071-python3-os-win_4.3.2-0ubuntu1~cloud0_all.deb ...
INFO:kolla.common.utils.nova-base:Unpacking python3-os-win (4.3.2-0ubuntu1~cloud0) ...
INFO:kolla.common.utils.nova-base:Selecting previously unselected package python3-oslo.privsep.
INFO:kolla.common.utils.nova-base:Preparing to unpack .../072-python3-oslo.privsep_1.33.3-0ubuntu1~cloud0_all.deb ...
INFO:kolla.common.utils.nova-base:Unpacking python3-oslo.privsep (1.33.3-0ubuntu1~cloud0) ...
INFO:kolla.common.utils.nova-base:Selecting previously unselected package python3-retrying.
INFO:kolla.common.utils.nova-base:Preparing to unpack .../073-python3-retrying_1.3.3-3_all.deb ...
INFO:kolla.common.utils.nova-base:Unpacking python3-retrying (1.3.3-3) ...
INFO:kolla.common.utils.nova-base:Selecting previously unselected package python3-os-brick.
INFO:kolla.common.utils.nova-base:Preparing to unpack .../074-python3-os-brick_2.10.0-0ubuntu1~cloud0_all.deb ...
INFO:kolla.common.utils.nova-base:Unpacking python3-os-brick (2.10.0-0ubuntu1~cloud0) ...
INFO:kolla.common.utils.nova-base:Selecting previously unselected package python3-os-resource-classes.
INFO:kolla.common.utils.nova-base:Preparing to unpack .../075-python3-os-resource-classes_0.5.0-0ubuntu1~cloud0_all.deb ...
INFO:kolla.common.utils.nova-base:Unpacking python3-os-resource-classes (0.5.0-0ubuntu1~cloud0) ...
INFO:kolla.common.utils.nova-base:Selecting previously unselected package python3-os-traits.
INFO:kolla.common.utils.nova-base:Preparing to unpack .../076-python3-os-traits_0.16.0-0ubuntu1~cloud0_all.deb ...
INFO:kolla.common.utils.nova-base:Unpacking python3-os-traits (0.16.0-0ubuntu1~cloud0) ...
INFO:kolla.common.utils.nova-base:Selecting previously unselected package python3-oslo.middleware.
INFO:kolla.common.utils.nova-base:Preparing to unpack .../077-python3-oslo.middleware_3.38.1-0ubuntu1~cloud0_all.deb ...
INFO:kolla.common.utils.nova-base:Unpacking python3-oslo.middleware (3.38.1-0ubuntu1~cloud0) ...
INFO:kolla.common.utils.nova-base:Selecting previously unselected package python3-tenacity.
INFO:kolla.common.utils.nova-base:Preparing to unpack .../078-python3-tenacity_5.1.1-0ubuntu2~cloud0_all.deb ...
INFO:kolla.common.utils.nova-base:Unpacking python3-tenacity (5.1.1-0ubuntu2~cloud0) ...
INFO:kolla.common.utils.nova-base:Selecting previously unselected package python3-oslo.messaging.
INFO:kolla.common.utils.nova-base:Preparing to unpack .../079-python3-oslo.messaging_9.7.1-0ubuntu3~cloud0_all.deb ...
INFO:kolla.common.utils.nova-base:Unpacking python3-oslo.messaging (9.7.1-0ubuntu3~cloud0) ...
INFO:kolla.common.utils.nova-base:Selecting previously unselected package python3-oslo.versionedobjects.
INFO:kolla.common.utils.nova-base:Preparing to unpack .../080-python3-oslo.versionedobjects_1.36.1-0ubuntu1~cloud0_all.deb ...
INFO:kolla.common.utils.nova-base:Unpacking python3-oslo.versionedobjects (1.36.1-0ubuntu1~cloud0) ...
INFO:kolla.common.utils.nova-base:Selecting previously unselected package python3-ovsdbapp.
INFO:kolla.common.utils.nova-base:Preparing to unpack .../081-python3-ovsdbapp_0.17.0-0ubuntu1~cloud0_all.deb ...
INFO:kolla.common.utils.nova-base:Unpacking python3-ovsdbapp (0.17.0-0ubuntu1~cloud0) ...
INFO:kolla.common.utils.nova-base:Selecting previously unselected package python3-pyroute2.
INFO:kolla.common.utils.nova-base:Preparing to unpack .../082-python3-pyroute2_0.5.6-0ubuntu1~cloud0_all.deb ...
INFO:kolla.common.utils.nova-base:Unpacking python3-pyroute2 (0.5.6-0ubuntu1~cloud0) ...
INFO:kolla.common.utils.nova-base:Selecting previously unselected package python3-os-vif.
INFO:kolla.common.utils.nova-base:Preparing to unpack .../083-python3-os-vif_1.17.0-0ubuntu1~cloud0_all.deb ...
INFO:kolla.common.utils.nova-base:Unpacking python3-os-vif (1.17.0-0ubuntu1~cloud0) ...
INFO:kolla.common.utils.nova-base:Selecting previously unselected package python3-paramiko.
INFO:kolla.common.utils.nova-base:Preparing to unpack .../084-python3-paramiko_2.0.0-1ubuntu1.2_all.deb ...
INFO:kolla.common.utils.nova-base:Unpacking python3-paramiko (2.0.0-1ubuntu1.2) ...
INFO:kolla.common.utils.nova-base:Selecting previously unselected package python3-os-xenapi.
INFO:kolla.common.utils.nova-base:Preparing to unpack .../085-python3-os-xenapi_0.3.4-0ubuntu2~cloud0_all.deb ...
INFO:kolla.common.utils.nova-base:Unpacking python3-os-xenapi (0.3.4-0ubuntu2~cloud0) ...
INFO:kolla.common.utils.nova-base:Selecting previously unselected package python3-testresources.
INFO:kolla.common.utils.nova-base:Preparing to unpack .../086-python3-testresources_2.0.0-2_all.deb ...
INFO:kolla.common.utils.nova-base:Unpacking python3-testresources (2.0.0-2) ...
INFO:kolla.common.utils.nova-base:Selecting previously unselected package python3-testscenarios.
INFO:kolla.common.utils.nova-base:Preparing to unpack .../087-python3-testscenarios_0.5.0-2~cloud0_all.deb ...
INFO:kolla.common.utils.nova-base:Unpacking python3-testscenarios (0.5.0-2~cloud0) ...
INFO:kolla.common.utils.nova-base:Selecting previously unselected package python3-oslo.db.
INFO:kolla.common.utils.nova-base:Preparing to unpack .../088-python3-oslo.db_5.0.2-0ubuntu1~cloud0_all.deb ...
INFO:kolla.common.utils.nova-base:Unpacking python3-oslo.db (5.0.2-0ubuntu1~cloud0) ...
INFO:kolla.common.utils.nova-base:Selecting previously unselected package python3-oslo.policy.
INFO:kolla.common.utils.nova-base:Preparing to unpack .../089-python3-oslo.policy_2.3.2-0ubuntu1~cloud0_all.deb ...
INFO:kolla.common.utils.nova-base:Unpacking python3-oslo.policy (2.3.2-0ubuntu1~cloud0) ...
INFO:kolla.common.utils.nova-base:Selecting previously unselected package python3-psutil.
INFO:kolla.common.utils.nova-base:Preparing to unpack .../090-python3-psutil_5.5.1-1build1~cloud0_s390x.deb ...
INFO:kolla.common.utils.nova-base:Unpacking python3-psutil (5.5.1-1build1~cloud0) ...
INFO:kolla.common.utils.nova-base:Selecting previously unselected package python3-oslo.reports.
INFO:kolla.common.utils.nova-base:Preparing to unpack .../091-python3-oslo.reports_1.30.0-0ubuntu1~cloud0_all.deb ...
INFO:kolla.common.utils.nova-base:Unpacking python3-oslo.reports (1.30.0-0ubuntu1~cloud0) ...
INFO:kolla.common.utils.nova-base:Selecting previously unselected package python3-oslo.rootwrap.
INFO:kolla.common.utils.nova-base:Preparing to unpack .../092-python3-oslo.rootwrap_5.16.1-0ubuntu1~cloud0_all.deb ...
INFO:kolla.common.utils.nova-base:Unpacking python3-oslo.rootwrap (5.16.1-0ubuntu1~cloud0) ...
INFO:kolla.common.utils.nova-base:Selecting previously unselected package python3-oslo.upgradecheck.
INFO:kolla.common.utils.nova-base:Preparing to unpack .../093-python3-oslo.upgradecheck_0.3.2-0ubuntu1~cloud0_all.deb ...
INFO:kolla.common.utils.nova-base:Unpacking python3-oslo.upgradecheck (0.3.2-0ubuntu1~cloud0) ...
INFO:kolla.common.utils.nova-base:Selecting previously unselected package python3-suds.
INFO:kolla.common.utils.nova-base:Preparing to unpack .../094-python3-suds_0.7~git20150727.94664dd-5_all.deb ...
INFO:kolla.common.utils.nova-base:Unpacking python3-suds (0.7~git20150727.94664dd-5) ...
INFO:kolla.common.utils.nova-base:Selecting previously unselected package python3-oslo.vmware.
INFO:kolla.common.utils.nova-base:Preparing to unpack .../095-python3-oslo.vmware_2.34.1-0ubuntu1~cloud0_all.deb ...
INFO:kolla.common.utils.nova-base:Unpacking python3-oslo.vmware (2.34.1-0ubuntu1~cloud0) ...
INFO:kolla.common.utils.nova-base:Selecting previously unselected package python3-taskflow.
INFO:kolla.common.utils.nova-base:Preparing to unpack .../096-python3-taskflow_3.7.1-0ubuntu2~cloud0_all.deb ...
INFO:kolla.common.utils.nova-base:Unpacking python3-taskflow (3.7.1-0ubuntu2~cloud0) ...
INFO:kolla.common.utils.nova-base:Selecting previously unselected package python3-pypowervm.
INFO:kolla.common.utils.nova-base:Preparing to unpack .../097-python3-pypowervm_1.1.20-0ubuntu2~cloud0_all.deb ...
INFO:kolla.common.utils.nova-base:Unpacking python3-pypowervm (1.1.20-0ubuntu2~cloud0) ...
INFO:kolla.common.utils.nova-base:Selecting previously unselected package xmlsec1.
INFO:kolla.common.utils.nova-base:Preparing to unpack .../098-xmlsec1_1.2.25-1build1_s390x.deb ...
INFO:kolla.common.utils.nova-base:Unpacking xmlsec1 (1.2.25-1build1) ...
INFO:kolla.common.utils.nova-base:Selecting previously unselected package python3-pysaml2.
INFO:kolla.common.utils.nova-base:Preparing to unpack .../099-python3-pysaml2_4.5.0+dfsg1-0ubuntu2~cloud0_all.deb ...
INFO:kolla.common.utils.nova-base:Unpacking python3-pysaml2 (4.5.0+dfsg1-0ubuntu2~cloud0) ...
INFO:kolla.common.utils.nova-base:Selecting previously unselected package python3-scrypt.
INFO:kolla.common.utils.nova-base:Preparing to unpack .../100-python3-scrypt_0.8.0-0ubuntu3_s390x.deb ...
INFO:kolla.common.utils.nova-base:Unpacking python3-scrypt (0.8.0-0ubuntu3) ...
INFO:kolla.common.utils.nova-base:Selecting previously unselected package python3-voluptuous.
INFO:kolla.common.utils.nova-base:Preparing to unpack .../101-python3-voluptuous_0.9.3-1_all.deb ...
INFO:kolla.common.utils.nova-base:Unpacking python3-voluptuous (0.9.3-1) ...
INFO:kolla.common.utils.nova-base:Selecting previously unselected package python3-tooz.
INFO:kolla.common.utils.nova-base:Preparing to unpack .../102-python3-tooz_1.66.2-0ubuntu1~cloud0_all.deb ...
INFO:kolla.common.utils.nova-base:Unpacking python3-tooz (1.66.2-0ubuntu1~cloud0) ...
INFO:kolla.common.utils.nova-base:Selecting previously unselected package websockify-common.
INFO:kolla.common.utils.nova-base:Preparing to unpack .../103-websockify-common_0.8.0+dfsg1-9_all.deb ...
INFO:kolla.common.utils.nova-base:Unpacking websockify-common (0.8.0+dfsg1-9) ...
INFO:kolla.common.utils.nova-base:Selecting previously unselected package python3-websockify.
INFO:kolla.common.utils.nova-base:Preparing to unpack .../104-python3-websockify_0.8.0+dfsg1-9_s390x.deb ...
INFO:kolla.common.utils.nova-base:Unpacking python3-websockify (0.8.0+dfsg1-9) ...
INFO:kolla.common.utils.nova-base:Selecting previously unselected package zvmcloudconnector-common.
INFO:kolla.common.utils.nova-base:Preparing to unpack .../105-zvmcloudconnector-common_2.0.0~b1~git2019062011.4fc9142.really.1.4.1-0ubuntu2~cloud0_all.deb ...
INFO:kolla.common.utils.nova-base:Unpacking zvmcloudconnector-common (2.0.0~b1~git2019062011.4fc9142.really.1.4.1-0ubuntu2~cloud0) ...
INFO:kolla.common.utils.nova-base:Selecting previously unselected package python3-zvmcloudconnector.
INFO:kolla.common.utils.nova-base:Preparing to unpack .../106-python3-zvmcloudconnector_2.0.0~b1~git2019062011.4fc9142.really.1.4.1-0ubuntu2~cloud0_all.deb ...
INFO:kolla.common.utils.nova-base:Unpacking python3-zvmcloudconnector (2.0.0~b1~git2019062011.4fc9142.really.1.4.1-0ubuntu2~cloud0) ...
INFO:kolla.common.utils.nova-base:Selecting previously unselected package keystone-common.
INFO:kolla.common.utils.nova-base:Preparing to unpack .../107-keystone-common_2%3a16.0.0-0ubuntu1~cloud0_all.deb ...
INFO:kolla.common.utils.nova-base:Unpacking keystone-common (2:16.0.0-0ubuntu1~cloud0) ...
INFO:kolla.common.utils.nova-base:Selecting previously unselected package nova-common.
INFO:kolla.common.utils.nova-base:Preparing to unpack .../108-nova-common_2%3a20.0.0-0ubuntu1~cloud0_all.deb ...
INFO:kolla.common.utils.nova-base:Unpacking nova-common (2:20.0.0-0ubuntu1~cloud0) ...
INFO:kolla.common.utils.nova-base:Selecting previously unselected package python3-bcrypt.
INFO:kolla.common.utils.nova-base:Preparing to unpack .../109-python3-bcrypt_3.1.4-2_s390x.deb ...
INFO:kolla.common.utils.nova-base:Unpacking python3-bcrypt (3.1.4-2) ...
INFO:kolla.common.utils.nova-base:Selecting previously unselected package python3-passlib.
INFO:kolla.common.utils.nova-base:Preparing to unpack .../110-python3-passlib_1.7.1-1_all.deb ...
INFO:kolla.common.utils.nova-base:Unpacking python3-passlib (1.7.1-1) ...
INFO:kolla.common.utils.nova-base:Selecting previously unselected package python3-keystone.
INFO:kolla.common.utils.nova-base:Preparing to unpack .../111-python3-keystone_2%3a16.0.0-0ubuntu1~cloud0_all.deb ...
INFO:kolla.common.utils.nova-base:Unpacking python3-keystone (2:16.0.0-0ubuntu1~cloud0) ...
INFO:kolla.common.utils.nova-base:Selecting previously unselected package python3-nova.
INFO:kolla.common.utils.nova-base:Preparing to unpack .../112-python3-nova_2%3a20.0.0-0ubuntu1~cloud0_all.deb ...
INFO:kolla.common.utils.nova-base:Unpacking python3-nova (2:20.0.0-0ubuntu1~cloud0) ...
INFO:kolla.common.utils.nova-base:Setting up libedit2:s390x (3.1-20170329-1) ...
INFO:kolla.common.utils.nova-base:Setting up libjs-jquery (3.2.1-1) ...
INFO:kolla.common.utils.nova-base:Setting up python3-werkzeug (0.14.1+dfsg1-1) ...
INFO:kolla.common.utils.nova-base:Setting up python3-sqlalchemy (1.2.18+ds1-2ubuntu2~cloud0) ...
INFO:kolla.common.utils.nova-base:Setting up python3-os-resource-classes (0.5.0-0ubuntu1~cloud0) ...
INFO:kolla.common.utils.nova-base:Setting up python3-passlib (1.7.1-1) ...
INFO:kolla.common.utils.nova-base:Setting up libevent-2.1-6:s390x (2.1.8-stable-4build1) ...
INFO:kolla.common.utils.nova-base:Setting up nova-common (2:20.0.0-0ubuntu1~cloud0) ...
INFO:kolla.common.utils.nova-base:Setting up libjs-underscore (1.8.3~dfsg-1) ...
INFO:kolla.common.utils.nova-base:Setting up python3-scrypt (0.8.0-0ubuntu3) ...
INFO:kolla.common.utils.nova-base:Setting up python3-sqlparse (0.2.4-0.1) ...
INFO:kolla.common.utils.nova-base:Setting up websockify-common (0.8.0+dfsg1-9) ...
INFO:kolla.common.utils.nova-base:Setting up python3-oslo.rootwrap (5.16.1-0ubuntu1~cloud0) ...
INFO:kolla.common.utils.nova-base:Setting up python3-tempita (0.5.2-2) ...
INFO:kolla.common.utils.nova-base:Setting up libcurl3-gnutls:s390x (7.58.0-2ubuntu3.8) ...
INFO:kolla.common.utils.nova-base:Setting up libnuma1:s390x (2.0.12-1~cloud0) ...
INFO:kolla.common.utils.nova-base:Setting up python3-bcrypt (3.1.4-2) ...
INFO:kolla.common.utils.nova-base:Setting up zvmcloudconnector-common (2.0.0~b1~git2019062011.4fc9142.really.1.4.1-0ubuntu2~cloud0) ...
INFO:kolla.common.utils.nova-base:Adding system user `zvmsdk' (UID 102) ...
INFO:kolla.common.utils.nova-base:Adding new user `zvmsdk' (UID 102) with group `zvmsdk' ...
INFO:kolla.common.utils.nova-base:Not creating home directory `/var/lib/zvmsdk'.
INFO:kolla.common.utils.nova-base:Setting up python3-colorama (0.3.7-1) ...
INFO:kolla.common.utils.nova-base:Setting up python3-alembic (1.0.0-2ubuntu2~cloud0) ...
INFO:kolla.common.utils.nova-base:Setting up libjs-sphinxdoc (1.8.5-3~cloud0) ...
INFO:kolla.common.utils.nova-base:Setting up keystone-common (2:16.0.0-0ubuntu1~cloud0) ...
INFO:kolla.common.utils.nova-base:Setting up python3-castellan (1.3.1-0ubuntu1~cloud0) ...
INFO:kolla.common.utils.nova-base:Setting up python3-tenacity (5.1.1-0ubuntu2~cloud0) ...
INFO:kolla.common.utils.nova-base:Setting up python3-testscenarios (0.5.0-2~cloud0) ...
INFO:kolla.common.utils.nova-base:Setting up python3-cursive (0.2.1-0ubuntu1) ...
INFO:kolla.common.utils.nova-base:Setting up python3-oslo.policy (2.3.2-0ubuntu1~cloud0) ...
INFO:kolla.common.utils.nova-base:Setting up python3-psutil (5.5.1-1build1~cloud0) ...
INFO:kolla.common.utils.nova-base:Setting up python3-suds (0.7~git20150727.94664dd-5) ...
INFO:kolla.common.utils.nova-base:Setting up python3-microversion-parse (0.2.1-0ubuntu2~cloud0) ...
INFO:kolla.common.utils.nova-base:Setting up python3-os-traits (0.16.0-0ubuntu1~cloud0) ...
INFO:kolla.common.utils.nova-base:Setting up python3-testresources (2.0.0-2) ...
INFO:kolla.common.utils.nova-base:Setting up uuid-runtime (2.31.1-0.4ubuntu3.5) ...
INFO:kolla.common.utils.nova-base:Adding group `uuidd' (GID 105) ...
INFO:kolla.common.utils.nova-base:Done.
INFO:kolla.common.utils.nova-base:Warning: The home dir /run/uuidd you specified can't be accessed: No such file or directory
INFO:kolla.common.utils.nova-base:Adding system user `uuidd' (UID 103) ...
INFO:kolla.common.utils.nova-base:Adding new user `uuidd' (UID 103) with group `uuidd' ...
INFO:kolla.common.utils.nova-base:Not creating home directory `/run/uuidd'.
INFO:kolla.common.utils.nova-base:invoke-rc.d: could not determine current runlevel
INFO:kolla.common.utils.nova-base:invoke-rc.d: policy-rc.d denied execution of start.
INFO:kolla.common.utils.nova-base:Setting up python3-ddt (1.2.1-2ubuntu1~cloud0) ...
INFO:kolla.common.utils.nova-base:Setting up python3-sortedcontainers (1.5.7-1) ...
INFO:kolla.common.utils.nova-base:Setting up gcc-7-base:s390x (7.4.0-1ubuntu1~18.04.1) ...
INFO:kolla.common.utils.nova-base:Setting up libxmlsec1:s390x (1.2.25-1build1) ...
INFO:kolla.common.utils.nova-base:Setting up libyajl2:s390x (2.1.0-2build1) ...
INFO:kolla.common.utils.nova-base:Setting up python3-pyasn1 (0.4.2-3) ...
INFO:kolla.common.utils.nova-base:Setting up pycadf-common (2.7.0-0ubuntu1) ...
INFO:kolla.common.utils.nova-base:Setting up libblas3:s390x (3.7.1-4ubuntu1) ...
INFO:kolla.common.utils.nova-base:update-alternatives: using /usr/lib/s390x-linux-gnu/blas/libblas.so.3 to provide /usr/lib/s390x-linux-gnu/libblas.so.3 (libblas.so.3-s390x-linux-gnu) in auto mode
INFO:kolla.common.utils.nova-base:Setting up python3-future (0.15.2-4ubuntu2) ...
INFO:kolla.common.utils.nova-base:update-alternatives: using /usr/bin/python3-futurize to provide /usr/bin/futurize (futurize) in auto mode
INFO:kolla.common.utils.nova-base:update-alternatives: using /usr/bin/python3-pasteurize to provide /usr/bin/pasteurize (pasteurize) in auto mode
INFO:kolla.common.utils.nova-base:Setting up python3-defusedxml (0.5.0-1ubuntu1) ...
INFO:kolla.common.utils.nova-base:Setting up python3-oslo.cache (1.37.0-0ubuntu1~cloud0) ...
INFO:kolla.common.utils.nova-base:Setting up python3-networkx (1.11-1ubuntu3) ...
INFO:kolla.common.utils.nova-base:Setting up os-brick-common (2.10.0-0ubuntu1~cloud0) ...
INFO:kolla.common.utils.nova-base:Setting up python3-pycadf (2.7.0-0ubuntu1) ...
INFO:kolla.common.utils.nova-base:Setting up python3-jinja2 (2.10-1ubuntu0.18.04.1) ...
INFO:kolla.common.utils.nova-base:Setting up python3-repoze.lru (0.7-1) ...
INFO:kolla.common.utils.nova-base:Setting up python3-httplib2 (0.9.2+dfsg-1ubuntu0.1) ...
INFO:kolla.common.utils.nova-base:Setting up python3-pyasn1-modules (0.2.1-0.2) ...
INFO:kolla.common.utils.nova-base:Setting up python3-retrying (1.3.3-3) ...
INFO:kolla.common.utils.nova-base:Setting up python3-paste (2.0.3+dfsg-4ubuntu1) ...
INFO:kolla.common.utils.nova-base:Setting up python3-pycparser (2.18-2) ...
INFO:kolla.common.utils.nova-base:Setting up python3-migrate (0.12.0-3~cloud0) ...
INFO:kolla.common.utils.nova-base:Setting up python3-openvswitch (2.12.0-0ubuntu1~cloud0) ...
INFO:kolla.common.utils.nova-base:Setting up python3-anyjson (0.3.3-1build1) ...
INFO:kolla.common.utils.nova-base:Setting up python3-cffi (1.11.5-1) ...
INFO:kolla.common.utils.nova-base:Setting up python3-ovsdbapp (0.17.0-0ubuntu1~cloud0) ...
INFO:kolla.common.utils.nova-base:Setting up python3-keystonemiddleware (7.0.1-0ubuntu1~cloud0) ...
INFO:kolla.common.utils.nova-base:Setting up python-pastedeploy-tpl (1.5.2-4) ...
INFO:kolla.common.utils.nova-base:Setting up python3-cachetools (3.1.0-2~cloud0) ...
INFO:kolla.common.utils.nova-base:Setting up python3-vine (1.1.4+dfsg-2) ...
INFO:kolla.common.utils.nova-base:Setting up openssh-client (1:7.6p1-4ubuntu0.3) ...
INFO:kolla.common.utils.nova-base:Setting up python3-automaton (1.14.0-0ubuntu1) ...
INFO:kolla.common.utils.nova-base:Setting up python3-itsdangerous (0.24+dfsg1-2) ...
INFO:kolla.common.utils.nova-base:Setting up python3-voluptuous (0.9.3-1) ...
INFO:kolla.common.utils.nova-base:Setting up python3-aniso8601 (2.0.0-1) ...
INFO:kolla.common.utils.nova-base:Setting up python3-oslo.upgradecheck (0.3.2-0ubuntu1~cloud0) ...
INFO:kolla.common.utils.nova-base:Setting up python3-pyroute2 (0.5.6-0ubuntu1~cloud0) ...
INFO:kolla.common.utils.nova-base:update-alternatives: using /usr/bin/python3-ss2 to provide /usr/bin/ss2 (ss2) in auto mode
INFO:kolla.common.utils.nova-base:update-alternatives: using /usr/bin/python3-pyroute2-cli to provide /usr/bin/pyroute2-cli (pyroute2-cli) in auto mode
INFO:kolla.common.utils.nova-base:Setting up alembic (1.0.0-2ubuntu2~cloud0) ...
INFO:kolla.common.utils.nova-base:Setting up python3-routes (2.4.1-1) ...
INFO:kolla.common.utils.nova-base:Setting up libavahi-common-data:s390x (0.7-3.1ubuntu1.2) ...
INFO:kolla.common.utils.nova-base:Setting up python3-paramiko (2.0.0-1ubuntu1.2) ...
INFO:kolla.common.utils.nova-base:Setting up python3-oslo.middleware (3.38.1-0ubuntu1~cloud0) ...
INFO:kolla.common.utils.nova-base:Setting up python3-ldap (3.0.0-1ubuntu0.1) ...
INFO:kolla.common.utils.nova-base:Setting up libunbound2:s390x (1.6.7-1ubuntu2.2) ...
INFO:kolla.common.utils.nova-base:Setting up libxmlsec1-openssl:s390x (1.2.25-1build1) ...
INFO:kolla.common.utils.nova-base:Setting up libgfortran4:s390x (7.4.0-1ubuntu1~18.04.1) ...
INFO:kolla.common.utils.nova-base:Setting up python3-amqp (2.5.0-2~cloud0) ...
INFO:kolla.common.utils.nova-base:Setting up python3-oslo.reports (1.30.0-0ubuntu1~cloud0) ...
INFO:kolla.common.utils.nova-base:Setting up openvswitch-common (2.12.0-0ubuntu1~cloud0) ...
INFO:kolla.common.utils.nova-base:Setting up liblapack3:s390x (3.7.1-4ubuntu1) ...
INFO:kolla.common.utils.nova-base:update-alternatives: using /usr/lib/s390x-linux-gnu/lapack/liblapack.so.3 to provide /usr/lib/s390x-linux-gnu/liblapack.so.3 (liblapack.so.3-s390x-linux-gnu) in auto mode
INFO:kolla.common.utils.nova-base:Setting up python3-click (6.7-3) ...
INFO:kolla.common.utils.nova-base:Setting up python3-tooz (1.66.2-0ubuntu1~cloud0) ...
INFO:kolla.common.utils.nova-base:Setting up python3-kombu (4.1.0-1) ...
INFO:kolla.common.utils.nova-base:Setting up python3-oslo.db (5.0.2-0ubuntu1~cloud0) ...
INFO:kolla.common.utils.nova-base:Setting up python3-os-xenapi (0.3.4-0ubuntu2~cloud0) ...
INFO:kolla.common.utils.nova-base:Setting up python3-zvmcloudconnector (2.0.0~b1~git2019062011.4fc9142.really.1.4.1-0ubuntu2~cloud0) ...
INFO:kolla.common.utils.nova-base:Setting up python3-oslo.privsep (1.33.3-0ubuntu1~cloud0) ...
INFO:kolla.common.utils.nova-base:Setting up python3-oslo.vmware (2.34.1-0ubuntu1~cloud0) ...
INFO:kolla.common.utils.nova-base:Setting up openvswitch-switch (2.12.0-0ubuntu1~cloud0) ...
INFO:kolla.common.utils.nova-base:update-alternatives: using /usr/lib/openvswitch-switch/ovs-vswitchd to provide /usr/sbin/ovs-vswitchd (ovs-vswitchd) in auto mode
INFO:kolla.common.utils.nova-base:invoke-rc.d: could not determine current runlevel
INFO:kolla.common.utils.nova-base:invoke-rc.d: policy-rc.d denied execution of start.
INFO:kolla.common.utils.nova-base:Setting up python3-pastedeploy (1.5.2-4) ...
INFO:kolla.common.utils.nova-base:Setting up libavahi-common3:s390x (0.7-3.1ubuntu1.2) ...
INFO:kolla.common.utils.nova-base:Setting up xmlsec1 (1.2.25-1build1) ...
INFO:kolla.common.utils.nova-base:Setting up python3-taskflow (3.7.1-0ubuntu2~cloud0) ...
INFO:kolla.common.utils.nova-base:Setting up python3-flask (1.0.2-3~cloud0) ...
INFO:kolla.common.utils.nova-base:Setting up python3-numpy (1:1.13.3-2ubuntu1) ...
INFO:kolla.common.utils.nova-base:Setting up python3-pysaml2 (4.5.0+dfsg1-0ubuntu2~cloud0) ...
INFO:kolla.common.utils.nova-base:update-alternatives: using /usr/bin/python3-make_metadata to provide /usr/bin/make_metadata (make_metadata) in auto mode
INFO:kolla.common.utils.nova-base:update-alternatives: using /usr/bin/python3-mdexport to provide /usr/bin/mdexport (mdexport) in auto mode
INFO:kolla.common.utils.nova-base:update-alternatives: using /usr/bin/python3-parse_xsd2 to provide /usr/bin/parse_xsd2 (parse_xsd2) in auto mode
INFO:kolla.common.utils.nova-base:update-alternatives: using /usr/bin/python3-merge_metadata to provide /usr/bin/merge_metadata (merge_metadata) in auto mode
INFO:kolla.common.utils.nova-base:Setting up python3-oslo.service (1.40.2-0ubuntu1~cloud0) ...
INFO:kolla.common.utils.nova-base:Setting up python3-os-win (4.3.2-0ubuntu1~cloud0) ...
INFO:kolla.common.utils.nova-base:Setting up python3-flask-restful (0.3.6-1) ...
INFO:kolla.common.utils.nova-base:Setting up libavahi-client3:s390x (0.7-3.1ubuntu1.2) ...
INFO:kolla.common.utils.nova-base:Setting up python3-pypowervm (1.1.20-0ubuntu2~cloud0) ...
INFO:kolla.common.utils.nova-base:Setting up python3-websockify (0.8.0+dfsg1-9) ...
INFO:kolla.common.utils.nova-base:update-alternatives: using /usr/bin/python3-websockify to provide /usr/bin/websockify (websockify) in auto mode
INFO:kolla.common.utils.nova-base:Setting up python3-oslo.messaging (9.7.1-0ubuntu3~cloud0) ...
INFO:kolla.common.utils.nova-base:Setting up libvirt0:s390x (5.4.0-0ubuntu5~cloud0) ...
INFO:kolla.common.utils.nova-base:Setting up python3-os-brick (2.10.0-0ubuntu1~cloud0) ...
INFO:kolla.common.utils.nova-base:Setting up python3-keystone (2:16.0.0-0ubuntu1~cloud0) ...
INFO:kolla.common.utils.nova-base:Setting up python3-oslo.versionedobjects (1.36.1-0ubuntu1~cloud0) ...
INFO:kolla.common.utils.nova-base:Setting up python3-libvirt (5.0.0-1~cloud0) ...
INFO:kolla.common.utils.nova-base:Setting up python3-os-vif (1.17.0-0ubuntu1~cloud0) ...
INFO:kolla.common.utils.nova-base:Setting up python3-nova (2:20.0.0-0ubuntu1~cloud0) ...
INFO:kolla.common.utils.nova-base:Processing triggers for libc-bin (2.27-3ubuntu1) ...
INFO:kolla.common.utils.nova-base:Removing intermediate container ca04c0e1679a
INFO:kolla.common.utils.nova-base: ---> 2f1fef2a91b4
INFO:kolla.common.utils.nova-base:Step 5/6 : COPY extend_start.sh /usr/local/bin/kolla_extend_start
INFO:kolla.common.utils.nova-base: ---> 86ee8e1348bd
INFO:kolla.common.utils.nova-base:Step 6/6 : RUN touch /usr/local/bin/kolla_nova_extend_start     && chmod 755 /usr/local/bin/kolla_extend_start /usr/local/bin/kolla_nova_extend_start
INFO:kolla.common.utils.nova-base: ---> Running in 7a3708c295c8
INFO:kolla.common.utils.nova-base:Removing intermediate container 7a3708c295c8
INFO:kolla.common.utils.nova-base: ---> 635ef465de63
INFO:kolla.common.utils.nova-base:Successfully built 635ef465de63
INFO:kolla.common.utils.nova-base:Successfully tagged s390x/ubuntu-binary-nova-base:9.1.0
INFO:kolla.common.utils.nova-base:Built at 2020-03-02 21:41:50.542320 (took 0:01:09.040698)
