INFO:kolla.common.utils.nova-conductor:Building started at 2020-03-02 21:44:26.594417
INFO:kolla.common.utils.nova-conductor:Step 1/6 : FROM s390x/ubuntu-binary-nova-base:9.1.0
INFO:kolla.common.utils.nova-conductor: ---> 635ef465de63
INFO:kolla.common.utils.nova-conductor:Step 2/6 : LABEL maintainer="Kolla Project (https://launchpad.net/kolla)" name="nova-conductor" build-date="20200302"
INFO:kolla.common.utils.nova-conductor: ---> Running in 992c8ea60f9a
INFO:kolla.common.utils.nova-conductor:Removing intermediate container 992c8ea60f9a
INFO:kolla.common.utils.nova-conductor: ---> 1c96aaf8e772
INFO:kolla.common.utils.nova-conductor:Step 3/6 : RUN apt-get update && apt-get -y install --no-install-recommends nova-conductor && apt-get clean && rm -rf /var/lib/apt/lists/*
INFO:kolla.common.utils.nova-conductor: ---> Running in b371b004eb62
INFO:kolla.common.utils.nova-conductor:Get:1 http://ports.ubuntu.com bionic InRelease [242 kB]
INFO:kolla.common.utils.nova-conductor:Ign:2 http://ubuntu-cloud.archive.canonical.com/ubuntu bionic-updates/ussuri InRelease
INFO:kolla.common.utils.nova-conductor:Get:3 http://ubuntu-cloud.archive.canonical.com/ubuntu bionic-updates/ussuri Release [7,884 B]
INFO:kolla.common.utils.nova-conductor:Get:4 http://ports.ubuntu.com bionic-updates InRelease [88.7 kB]
INFO:kolla.common.utils.nova-conductor:Get:5 http://ubuntu-cloud.archive.canonical.com/ubuntu bionic-updates/ussuri Release.gpg [543 B]
INFO:kolla.common.utils.nova-conductor:Get:6 http://ports.ubuntu.com bionic-security InRelease [88.7 kB]
INFO:kolla.common.utils.nova-conductor:Get:7 http://ports.ubuntu.com bionic-backports InRelease [74.6 kB]
INFO:kolla.common.utils.nova-conductor:Get:8 http://ports.ubuntu.com bionic/universe s390x Packages [10.8 MB]
INFO:kolla.common.utils.nova-conductor:Get:9 http://ubuntu-cloud.archive.canonical.com/ubuntu bionic-updates/ussuri/main s390x Packages [145 kB]
INFO:kolla.common.utils.nova-conductor:Get:10 http://ports.ubuntu.com bionic/main s390x Packages [1,244 kB]
INFO:kolla.common.utils.nova-conductor:Get:11 http://ports.ubuntu.com bionic-updates/universe s390x Packages [1,075 kB]
INFO:kolla.common.utils.nova-conductor:Get:12 http://ports.ubuntu.com bionic-updates/main s390x Packages [730 kB]
INFO:kolla.common.utils.nova-conductor:Get:13 http://ports.ubuntu.com bionic-security/main s390x Packages [467 kB]
INFO:kolla.common.utils.nova-conductor:Get:14 http://ports.ubuntu.com bionic-security/universe s390x Packages [625 kB]
INFO:kolla.common.utils.nova-conductor:Get:15 http://ports.ubuntu.com bionic-backports/main s390x Packages [2,494 B]
INFO:kolla.common.utils.nova-conductor:Get:16 http://ports.ubuntu.com bionic-backports/universe s390x Packages [4,242 B]
INFO:kolla.common.utils.nova-conductor:Fetched 15.6 MB in 2s (6,658 kB/s)
INFO:kolla.common.utils.nova-conductor:Reading package lists...
INFO:kolla.common.utils.nova-conductor:Reading package lists...
INFO:kolla.common.utils.nova-conductor:Building dependency tree...
INFO:kolla.common.utils.nova-conductor:Reading state information...
INFO:kolla.common.utils.nova-conductor:The following NEW packages will be installed:
INFO:kolla.common.utils.nova-conductor:  nova-conductor
INFO:kolla.common.utils.nova-conductor:0 upgraded, 1 newly installed, 0 to remove and 0 not upgraded.
INFO:kolla.common.utils.nova-conductor:Need to get 36.7 kB of archives.
INFO:kolla.common.utils.nova-conductor:After this operation, 60.4 kB of additional disk space will be used.
INFO:kolla.common.utils.nova-conductor:Get:1 http://ubuntu-cloud.archive.canonical.com/ubuntu bionic-updates/ussuri/main s390x nova-conductor all 2:20.0.0-0ubuntu1~cloud0 [36.7 kB]
INFO:kolla.common.utils.nova-conductor:Fetched 36.7 kB in 0s (770 kB/s)
INFO:kolla.common.utils.nova-conductor:Selecting previously unselected package nova-conductor.
INFO:kolla.common.utils.nova-conductor:(Reading database ... 
INFO:kolla.common.utils.nova-conductor:(Reading database ... 5%(Reading database ... 10%(Reading database ... 15%(Reading database ... 20%(Reading database ... 25%(Reading database ... 30%(Reading database ... 35%(Reading database ... 40%(Reading database ... 45%(Reading database ... 50%(Reading database ... 55%(Reading database ... 60%
INFO:kolla.common.utils.nova-conductor:(Reading database ... 65%
INFO:kolla.common.utils.nova-conductor:(Reading database ... 70%
INFO:kolla.common.utils.nova-conductor:(Reading database ... 75%
INFO:kolla.common.utils.nova-conductor:(Reading database ... 80%
INFO:kolla.common.utils.nova-conductor:(Reading database ... 85%
INFO:kolla.common.utils.nova-conductor:(Reading database ... 90%
INFO:kolla.common.utils.nova-conductor:(Reading database ... 95%
INFO:kolla.common.utils.nova-conductor:(Reading database ... 100%(Reading database ... 32742 files and directories currently installed.)
INFO:kolla.common.utils.nova-conductor:Preparing to unpack .../nova-conductor_2%3a20.0.0-0ubuntu1~cloud0_all.deb ...
INFO:kolla.common.utils.nova-conductor:Unpacking nova-conductor (2:20.0.0-0ubuntu1~cloud0) ...
INFO:kolla.common.utils.nova-conductor:Setting up nova-conductor (2:20.0.0-0ubuntu1~cloud0) ...
INFO:kolla.common.utils.nova-conductor:invoke-rc.d: could not determine current runlevel
INFO:kolla.common.utils.nova-conductor:invoke-rc.d: policy-rc.d denied execution of start.
INFO:kolla.common.utils.nova-conductor:Removing intermediate container b371b004eb62
INFO:kolla.common.utils.nova-conductor: ---> 6e74cb2fedcb
INFO:kolla.common.utils.nova-conductor:Step 4/6 : COPY extend_start.sh /usr/local/bin/kolla_nova_extend_start
INFO:kolla.common.utils.nova-conductor: ---> 3c4e5a89c92c
INFO:kolla.common.utils.nova-conductor:Step 5/6 : RUN chmod 755 /usr/local/bin/kolla_nova_extend_start
INFO:kolla.common.utils.nova-conductor: ---> Running in 42372956ba16
INFO:kolla.common.utils.nova-conductor:Removing intermediate container 42372956ba16
INFO:kolla.common.utils.nova-conductor: ---> 424006caccfe
INFO:kolla.common.utils.nova-conductor:Step 6/6 : USER nova
INFO:kolla.common.utils.nova-conductor: ---> Running in 682865f561b5
INFO:kolla.common.utils.nova-conductor:Removing intermediate container 682865f561b5
INFO:kolla.common.utils.nova-conductor: ---> ba1236533b7c
INFO:kolla.common.utils.nova-conductor:Successfully built ba1236533b7c
INFO:kolla.common.utils.nova-conductor:Successfully tagged s390x/ubuntu-binary-nova-conductor:9.1.0
INFO:kolla.common.utils.nova-conductor:Built at 2020-03-02 21:44:38.912226 (took 0:00:12.317809)
