INFO:kolla.common.utils.octavia-worker:Building started at 2020-03-02 21:46:04.389751
INFO:kolla.common.utils.octavia-worker:Step 1/4 : FROM s390x/ubuntu-binary-octavia-base:9.1.0
INFO:kolla.common.utils.octavia-worker: ---> e0301563b547
INFO:kolla.common.utils.octavia-worker:Step 2/4 : LABEL maintainer="Kolla Project (https://launchpad.net/kolla)" name="octavia-worker" build-date="20200302"
INFO:kolla.common.utils.octavia-worker: ---> Running in 629d3b27fe29
INFO:kolla.common.utils.octavia-worker:Removing intermediate container 629d3b27fe29
INFO:kolla.common.utils.octavia-worker: ---> d994b5b04402
INFO:kolla.common.utils.octavia-worker:Step 3/4 : RUN apt-get update && apt-get -y install --no-install-recommends octavia-worker && apt-get clean && rm -rf /var/lib/apt/lists/*
INFO:kolla.common.utils.octavia-worker: ---> Running in a13dbad14836
INFO:kolla.common.utils.octavia-worker:Get:1 http://ports.ubuntu.com bionic InRelease [242 kB]
INFO:kolla.common.utils.octavia-worker:Ign:2 http://ubuntu-cloud.archive.canonical.com/ubuntu bionic-updates/ussuri InRelease
INFO:kolla.common.utils.octavia-worker:Get:3 http://ports.ubuntu.com bionic-updates InRelease [88.7 kB]
INFO:kolla.common.utils.octavia-worker:Get:4 http://ubuntu-cloud.archive.canonical.com/ubuntu bionic-updates/ussuri Release [7,884 B]
INFO:kolla.common.utils.octavia-worker:Get:5 http://ubuntu-cloud.archive.canonical.com/ubuntu bionic-updates/ussuri Release.gpg [543 B]
INFO:kolla.common.utils.octavia-worker:Get:6 http://ports.ubuntu.com bionic-security InRelease [88.7 kB]
INFO:kolla.common.utils.octavia-worker:Get:7 http://ports.ubuntu.com bionic-backports InRelease [74.6 kB]
INFO:kolla.common.utils.octavia-worker:Get:8 http://ports.ubuntu.com bionic/universe s390x Packages [10.8 MB]
INFO:kolla.common.utils.octavia-worker:Get:9 http://ubuntu-cloud.archive.canonical.com/ubuntu bionic-updates/ussuri/main s390x Packages [145 kB]
INFO:kolla.common.utils.octavia-worker:Get:10 http://ports.ubuntu.com bionic/main s390x Packages [1,244 kB]
INFO:kolla.common.utils.octavia-worker:Get:11 http://ports.ubuntu.com bionic-updates/main s390x Packages [730 kB]
INFO:kolla.common.utils.octavia-worker:Get:12 http://ports.ubuntu.com bionic-updates/universe s390x Packages [1,075 kB]
INFO:kolla.common.utils.octavia-worker:Get:13 http://ports.ubuntu.com bionic-security/universe s390x Packages [625 kB]
INFO:kolla.common.utils.octavia-worker:Get:14 http://ports.ubuntu.com bionic-security/main s390x Packages [467 kB]
INFO:kolla.common.utils.octavia-worker:Get:15 http://ports.ubuntu.com bionic-backports/main s390x Packages [2,494 B]
INFO:kolla.common.utils.octavia-worker:Get:16 http://ports.ubuntu.com bionic-backports/universe s390x Packages [4,242 B]
INFO:kolla.common.utils.octavia-worker:Fetched 15.6 MB in 3s (5,582 kB/s)
INFO:kolla.common.utils.octavia-worker:Reading package lists...
INFO:kolla.common.utils.octavia-worker:Reading package lists...
INFO:kolla.common.utils.octavia-worker:Building dependency tree...
INFO:kolla.common.utils.octavia-worker:Reading state information...
INFO:kolla.common.utils.octavia-worker:The following NEW packages will be installed:
INFO:kolla.common.utils.octavia-worker:  octavia-worker
INFO:kolla.common.utils.octavia-worker:0 upgraded, 1 newly installed, 0 to remove and 0 not upgraded.
INFO:kolla.common.utils.octavia-worker:Need to get 6,960 B of archives.
INFO:kolla.common.utils.octavia-worker:After this operation, 27.6 kB of additional disk space will be used.
INFO:kolla.common.utils.octavia-worker:Get:1 http://ubuntu-cloud.archive.canonical.com/ubuntu bionic-updates/ussuri/main s390x octavia-worker all 5.0.0-0ubuntu1~cloud0 [6,960 B]
INFO:kolla.common.utils.octavia-worker:Fetched 6,960 B in 0s (202 kB/s)
INFO:kolla.common.utils.octavia-worker:Selecting previously unselected package octavia-worker.
INFO:kolla.common.utils.octavia-worker:(Reading database ... 
INFO:kolla.common.utils.octavia-worker:(Reading database ... 5%(Reading database ... 10%(Reading database ... 15%(Reading database ... 20%(Reading database ... 25%(Reading database ... 30%(Reading database ... 35%
INFO:kolla.common.utils.octavia-worker:(Reading database ... 40%(Reading database ... 45%(Reading database ... 50%(Reading database ... 55%(Reading database ... 60%
INFO:kolla.common.utils.octavia-worker:(Reading database ... 65%
INFO:kolla.common.utils.octavia-worker:(Reading database ... 70%
INFO:kolla.common.utils.octavia-worker:(Reading database ... 75%
INFO:kolla.common.utils.octavia-worker:(Reading database ... 80%
INFO:kolla.common.utils.octavia-worker:(Reading database ... 85%
INFO:kolla.common.utils.octavia-worker:(Reading database ... 90%
INFO:kolla.common.utils.octavia-worker:(Reading database ... 95%
INFO:kolla.common.utils.octavia-worker:(Reading database ... 100%(Reading database ... 27481 files and directories currently installed.)
INFO:kolla.common.utils.octavia-worker:Preparing to unpack .../octavia-worker_5.0.0-0ubuntu1~cloud0_all.deb ...
INFO:kolla.common.utils.octavia-worker:Unpacking octavia-worker (5.0.0-0ubuntu1~cloud0) ...
INFO:kolla.common.utils.octavia-worker:Setting up octavia-worker (5.0.0-0ubuntu1~cloud0) ...
INFO:kolla.common.utils.octavia-worker:invoke-rc.d: could not determine current runlevel
INFO:kolla.common.utils.octavia-worker:invoke-rc.d: policy-rc.d denied execution of start.
INFO:kolla.common.utils.octavia-worker:Removing intermediate container a13dbad14836
INFO:kolla.common.utils.octavia-worker: ---> b23a3d74f4c7
INFO:kolla.common.utils.octavia-worker:Step 4/4 : USER octavia
INFO:kolla.common.utils.octavia-worker: ---> Running in d927a3f7f588
INFO:kolla.common.utils.octavia-worker:Removing intermediate container d927a3f7f588
INFO:kolla.common.utils.octavia-worker: ---> 1b0d688d161d
INFO:kolla.common.utils.octavia-worker:Successfully built 1b0d688d161d
INFO:kolla.common.utils.octavia-worker:Successfully tagged s390x/ubuntu-binary-octavia-worker:9.1.0
INFO:kolla.common.utils.octavia-worker:Built at 2020-03-02 21:46:12.771013 (took 0:00:08.381262)
