INFO:kolla.common.utils.octavia-housekeeping:Building started at 2020-03-02 21:45:58.934164
INFO:kolla.common.utils.octavia-housekeeping:Step 1/4 : FROM s390x/ubuntu-binary-octavia-base:9.1.0
INFO:kolla.common.utils.octavia-housekeeping: ---> e0301563b547
INFO:kolla.common.utils.octavia-housekeeping:Step 2/4 : LABEL maintainer="Kolla Project (https://launchpad.net/kolla)" name="octavia-housekeeping" build-date="20200302"
INFO:kolla.common.utils.octavia-housekeeping: ---> Running in 004b5227a68c
INFO:kolla.common.utils.octavia-housekeeping:Removing intermediate container 004b5227a68c
INFO:kolla.common.utils.octavia-housekeeping: ---> 76b9cbe00985
INFO:kolla.common.utils.octavia-housekeeping:Step 3/4 : RUN apt-get update && apt-get -y install --no-install-recommends octavia-housekeeping && apt-get clean && rm -rf /var/lib/apt/lists/*
INFO:kolla.common.utils.octavia-housekeeping: ---> Running in 13a8efaf7b19
INFO:kolla.common.utils.octavia-housekeeping:Ign:1 http://ubuntu-cloud.archive.canonical.com/ubuntu bionic-updates/ussuri InRelease
INFO:kolla.common.utils.octavia-housekeeping:Get:2 http://ports.ubuntu.com bionic InRelease [242 kB]
INFO:kolla.common.utils.octavia-housekeeping:Get:3 http://ubuntu-cloud.archive.canonical.com/ubuntu bionic-updates/ussuri Release [7,884 B]
INFO:kolla.common.utils.octavia-housekeeping:Get:4 http://ubuntu-cloud.archive.canonical.com/ubuntu bionic-updates/ussuri Release.gpg [543 B]
INFO:kolla.common.utils.octavia-housekeeping:Get:5 http://ports.ubuntu.com bionic-updates InRelease [88.7 kB]
INFO:kolla.common.utils.octavia-housekeeping:Get:6 http://ubuntu-cloud.archive.canonical.com/ubuntu bionic-updates/ussuri/main s390x Packages [145 kB]
INFO:kolla.common.utils.octavia-housekeeping:Get:7 http://ports.ubuntu.com bionic-security InRelease [88.7 kB]
INFO:kolla.common.utils.octavia-housekeeping:Get:8 http://ports.ubuntu.com bionic-backports InRelease [74.6 kB]
INFO:kolla.common.utils.octavia-housekeeping:Get:9 http://ports.ubuntu.com bionic/main s390x Packages [1,244 kB]
INFO:kolla.common.utils.octavia-housekeeping:Get:10 http://ports.ubuntu.com bionic/universe s390x Packages [10.8 MB]
INFO:kolla.common.utils.octavia-housekeeping:Get:11 http://ports.ubuntu.com bionic-updates/universe s390x Packages [1,075 kB]
INFO:kolla.common.utils.octavia-housekeeping:Get:12 http://ports.ubuntu.com bionic-updates/main s390x Packages [730 kB]
INFO:kolla.common.utils.octavia-housekeeping:Get:13 http://ports.ubuntu.com bionic-security/main s390x Packages [467 kB]
INFO:kolla.common.utils.octavia-housekeeping:Get:14 http://ports.ubuntu.com bionic-security/universe s390x Packages [625 kB]
INFO:kolla.common.utils.octavia-housekeeping:Get:15 http://ports.ubuntu.com bionic-backports/main s390x Packages [2,494 B]
INFO:kolla.common.utils.octavia-housekeeping:Get:16 http://ports.ubuntu.com bionic-backports/universe s390x Packages [4,242 B]
INFO:kolla.common.utils.octavia-housekeeping:Fetched 15.6 MB in 4s (4,189 kB/s)
INFO:kolla.common.utils.octavia-housekeeping:Reading package lists...
INFO:kolla.common.utils.octavia-housekeeping:Reading package lists...
INFO:kolla.common.utils.octavia-housekeeping:Building dependency tree...
INFO:kolla.common.utils.octavia-housekeeping:Reading state information...
INFO:kolla.common.utils.octavia-housekeeping:The following NEW packages will be installed:
INFO:kolla.common.utils.octavia-housekeeping:  octavia-housekeeping
INFO:kolla.common.utils.octavia-housekeeping:0 upgraded, 1 newly installed, 0 to remove and 0 not upgraded.
INFO:kolla.common.utils.octavia-housekeeping:Need to get 6,988 B of archives.
INFO:kolla.common.utils.octavia-housekeeping:After this operation, 27.6 kB of additional disk space will be used.
INFO:kolla.common.utils.octavia-housekeeping:Get:1 http://ubuntu-cloud.archive.canonical.com/ubuntu bionic-updates/ussuri/main s390x octavia-housekeeping all 5.0.0-0ubuntu1~cloud0 [6,988 B]
INFO:kolla.common.utils.octavia-housekeeping:Fetched 6,988 B in 0s (132 kB/s)
INFO:kolla.common.utils.octavia-housekeeping:Selecting previously unselected package octavia-housekeeping.
INFO:kolla.common.utils.octavia-housekeeping:(Reading database ... (Reading database ... 5%(Reading database ... 10%(Reading database ... 15%(Reading database ... 20%(Reading database ... 25%(Reading database ... 30%(Reading database ... 35%(Reading database ... 40%(Reading database ... 45%(Reading database ... 50%(Reading database ... 55%(Reading database ... 60%(Reading database ... 65%
INFO:kolla.common.utils.octavia-housekeeping:(Reading database ... 70%
INFO:kolla.common.utils.octavia-housekeeping:(Reading database ... 75%
INFO:kolla.common.utils.octavia-housekeeping:(Reading database ... 80%
INFO:kolla.common.utils.octavia-housekeeping:(Reading database ... 85%
INFO:kolla.common.utils.octavia-housekeeping:(Reading database ... 90%
INFO:kolla.common.utils.octavia-housekeeping:(Reading database ... 95%
INFO:kolla.common.utils.octavia-housekeeping:(Reading database ... 100%(Reading database ... 27481 files and directories currently installed.)
INFO:kolla.common.utils.octavia-housekeeping:Preparing to unpack .../octavia-housekeeping_5.0.0-0ubuntu1~cloud0_all.deb ...
INFO:kolla.common.utils.octavia-housekeeping:Unpacking octavia-housekeeping (5.0.0-0ubuntu1~cloud0) ...
INFO:kolla.common.utils.octavia-housekeeping:Setting up octavia-housekeeping (5.0.0-0ubuntu1~cloud0) ...
INFO:kolla.common.utils.octavia-housekeeping:invoke-rc.d: could not determine current runlevel
INFO:kolla.common.utils.octavia-housekeeping:invoke-rc.d: policy-rc.d denied execution of start.
INFO:kolla.common.utils.octavia-housekeeping:Removing intermediate container 13a8efaf7b19
INFO:kolla.common.utils.octavia-housekeeping: ---> da670ac0fde2
INFO:kolla.common.utils.octavia-housekeeping:Step 4/4 : USER octavia
INFO:kolla.common.utils.octavia-housekeeping: ---> Running in 4021ea931b2a
INFO:kolla.common.utils.octavia-housekeeping:Removing intermediate container 4021ea931b2a
INFO:kolla.common.utils.octavia-housekeeping: ---> ba928c5a57df
INFO:kolla.common.utils.octavia-housekeeping:Successfully built ba928c5a57df
INFO:kolla.common.utils.octavia-housekeeping:Successfully tagged s390x/ubuntu-binary-octavia-housekeeping:9.1.0
INFO:kolla.common.utils.octavia-housekeeping:Built at 2020-03-02 21:46:08.829632 (took 0:00:09.895468)
