INFO:kolla.common.utils.octavia-base:Building started at 2020-03-02 21:42:04.786217
INFO:kolla.common.utils.octavia-base:Step 1/6 : FROM s390x/ubuntu-binary-openstack-base:9.1.0
INFO:kolla.common.utils.octavia-base: ---> 0b248122f3fe
INFO:kolla.common.utils.octavia-base:Step 2/6 : LABEL maintainer="Kolla Project (https://launchpad.net/kolla)" name="octavia-base" build-date="20200302"
INFO:kolla.common.utils.octavia-base: ---> Running in 6bbc3603bafd
INFO:kolla.common.utils.octavia-base:Removing intermediate container 6bbc3603bafd
INFO:kolla.common.utils.octavia-base: ---> b6954e8eab2d
INFO:kolla.common.utils.octavia-base:Step 3/6 : RUN usermod --append --home /var/lib/octavia --groups kolla octavia     && mkdir -p /var/lib/octavia     && chown -R 42437:42437 /var/lib/octavia
INFO:kolla.common.utils.octavia-base: ---> Running in b312760a451a
INFO:kolla.common.utils.octavia-base:Removing intermediate container b312760a451a
INFO:kolla.common.utils.octavia-base: ---> b3d61e6d7222
INFO:kolla.common.utils.octavia-base:Step 4/6 : RUN apt-get update && apt-get -y install --no-install-recommends octavia-common && apt-get clean && rm -rf /var/lib/apt/lists/*
INFO:kolla.common.utils.octavia-base: ---> Running in 4dadf968e647
INFO:kolla.common.utils.octavia-base:Ign:1 http://ubuntu-cloud.archive.canonical.com/ubuntu bionic-updates/ussuri InRelease
INFO:kolla.common.utils.octavia-base:Get:2 http://ports.ubuntu.com bionic InRelease [242 kB]
INFO:kolla.common.utils.octavia-base:Get:3 http://ubuntu-cloud.archive.canonical.com/ubuntu bionic-updates/ussuri Release [7,884 B]
INFO:kolla.common.utils.octavia-base:Get:4 http://ports.ubuntu.com bionic-updates InRelease [88.7 kB]
INFO:kolla.common.utils.octavia-base:Get:5 http://ubuntu-cloud.archive.canonical.com/ubuntu bionic-updates/ussuri Release.gpg [543 B]
INFO:kolla.common.utils.octavia-base:Get:6 http://ports.ubuntu.com bionic-security InRelease [88.7 kB]
INFO:kolla.common.utils.octavia-base:Get:7 http://ports.ubuntu.com bionic-backports InRelease [74.6 kB]
INFO:kolla.common.utils.octavia-base:Get:8 http://ports.ubuntu.com bionic/universe s390x Packages [10.8 MB]
INFO:kolla.common.utils.octavia-base:Get:9 http://ubuntu-cloud.archive.canonical.com/ubuntu bionic-updates/ussuri/main s390x Packages [145 kB]
INFO:kolla.common.utils.octavia-base:Get:10 http://ports.ubuntu.com bionic/main s390x Packages [1,244 kB]
INFO:kolla.common.utils.octavia-base:Get:11 http://ports.ubuntu.com bionic-updates/main s390x Packages [730 kB]
INFO:kolla.common.utils.octavia-base:Get:12 http://ports.ubuntu.com bionic-updates/universe s390x Packages [1,075 kB]
INFO:kolla.common.utils.octavia-base:Get:13 http://ports.ubuntu.com bionic-security/universe s390x Packages [625 kB]
INFO:kolla.common.utils.octavia-base:Get:14 http://ports.ubuntu.com bionic-security/main s390x Packages [467 kB]
INFO:kolla.common.utils.octavia-base:Get:15 http://ports.ubuntu.com bionic-backports/main s390x Packages [2,494 B]
INFO:kolla.common.utils.octavia-base:Get:16 http://ports.ubuntu.com bionic-backports/universe s390x Packages [4,242 B]
INFO:kolla.common.utils.octavia-base:Fetched 15.6 MB in 2s (6,456 kB/s)
INFO:kolla.common.utils.octavia-base:Reading package lists...
INFO:kolla.common.utils.octavia-base:Reading package lists...
INFO:kolla.common.utils.octavia-base:Building dependency tree...
INFO:kolla.common.utils.octavia-base:Reading state information...
INFO:kolla.common.utils.octavia-base:The following additional packages will be installed:
INFO:kolla.common.utils.octavia-base:  alembic dbconfig-common debootstrap jq kpartx libcurl3-gnutls libiscsi7
INFO:kolla.common.utils.octavia-base:  libjq1 libjs-jquery libjs-sphinxdoc libjs-underscore libnspr4 libnss3
INFO:kolla.common.utils.octavia-base:  libonig4 librados2 librbd1 libxkbcommon0 pycadf-common
INFO:kolla.common.utils.octavia-base:  python-pastedeploy-tpl python3-alembic python3-amqp python3-anyjson
INFO:kolla.common.utils.octavia-base:  python3-automaton python3-bs4 python3-cachetools python3-castellan
INFO:kolla.common.utils.octavia-base:  python3-click python3-colorama python3-cotyledon python3-diskimage-builder
INFO:kolla.common.utils.octavia-base:  python3-distro python3-entrypoints python3-flake8 python3-flask
INFO:kolla.common.utils.octavia-base:  python3-gunicorn python3-itsdangerous python3-jinja2
INFO:kolla.common.utils.octavia-base:  python3-keystonemiddleware python3-kombu python3-logutils python3-mccabe
INFO:kolla.common.utils.octavia-base:  python3-migrate python3-networkx python3-octavia python3-octavia-lib
INFO:kolla.common.utils.octavia-base:  python3-oslo.cache python3-oslo.db python3-oslo.messaging
INFO:kolla.common.utils.octavia-base:  python3-oslo.middleware python3-oslo.policy python3-oslo.reports
INFO:kolla.common.utils.octavia-base:  python3-oslo.service python3-oslo.upgradecheck python3-paste
INFO:kolla.common.utils.octavia-base:  python3-pastedeploy python3-pecan python3-psutil python3-pyasn1
INFO:kolla.common.utils.octavia-base:  python3-pyasn1-modules python3-pycadf python3-pycodestyle python3-pyflakes
INFO:kolla.common.utils.octavia-base:  python3-pyroute2 python3-repoze.lru python3-retrying python3-routes
INFO:kolla.common.utils.octavia-base:  python3-setproctitle python3-simplegeneric python3-singledispatch
INFO:kolla.common.utils.octavia-base:  python3-sqlalchemy python3-sqlparse python3-taskflow python3-tempita
INFO:kolla.common.utils.octavia-base:  python3-tenacity python3-testresources python3-testscenarios python3-vine
INFO:kolla.common.utils.octavia-base:  python3-waitress python3-webtest python3-werkzeug python3-wsme
INFO:kolla.common.utils.octavia-base:  qemu-block-extra qemu-utils ucf uuid-runtime wget xkb-data
INFO:kolla.common.utils.octavia-base:Suggested packages:
INFO:kolla.common.utils.octavia-base:  dbconfig-mysql | dbconfig-pgsql | dbconfig-sqlite | dbconfig-sqlite3
INFO:kolla.common.utils.octavia-base:  | dbconfig-no-thanks ubuntu-archive-keyring python3-editor python-amqp-doc
INFO:kolla.common.utils.octavia-base:  python-automaton-doc python-castellan-doc python-cotyledon-doc
INFO:kolla.common.utils.octavia-base:  python-flask-doc python-jinja2-doc python-kombu-doc python3-boto
INFO:kolla.common.utils.octavia-base:  python3-django python3-pymongo python-migrate-doc python3-pydotplus
INFO:kolla.common.utils.octavia-base:  python3-scipy python-oslo.cache-doc python3-confluent-kafka
INFO:kolla.common.utils.octavia-base:  python-oslo.middleware-doc python-oslo.policy-doc python-oslo.reports-doc
INFO:kolla.common.utils.octavia-base:  python-oslo.service-doc httpd-wsgi libapache2-mod-python libapache2-mod-scgi
INFO:kolla.common.utils.octavia-base:  libjs-mochikit python-pecan-doc python-psutil-doc python-pyroute2-doc
INFO:kolla.common.utils.octavia-base:  python-sqlalchemy-doc python3-fdb python-sqlparse-doc python3-pydot
INFO:kolla.common.utils.octavia-base:  python-tenacity-doc python-waitress-doc python-webtest-doc ipython3
INFO:kolla.common.utils.octavia-base:  python3-termcolor python3-watchdog python-werkzeug-doc
INFO:kolla.common.utils.octavia-base:Recommended packages:
INFO:kolla.common.utils.octavia-base:  javascript-common python3-numpy python3-pastescript pyflakes3
INFO:kolla.common.utils.octavia-base:  python3-sqlalchemy-ext sharutils
INFO:kolla.common.utils.octavia-base:The following NEW packages will be installed:
INFO:kolla.common.utils.octavia-base:  alembic dbconfig-common debootstrap jq kpartx libcurl3-gnutls libiscsi7
INFO:kolla.common.utils.octavia-base:  libjq1 libjs-jquery libjs-sphinxdoc libjs-underscore libnspr4 libnss3
INFO:kolla.common.utils.octavia-base:  libonig4 librados2 librbd1 libxkbcommon0 octavia-common pycadf-common
INFO:kolla.common.utils.octavia-base:  python-pastedeploy-tpl python3-alembic python3-amqp python3-anyjson
INFO:kolla.common.utils.octavia-base:  python3-automaton python3-bs4 python3-cachetools python3-castellan
INFO:kolla.common.utils.octavia-base:  python3-click python3-colorama python3-cotyledon python3-diskimage-builder
INFO:kolla.common.utils.octavia-base:  python3-distro python3-entrypoints python3-flake8 python3-flask
INFO:kolla.common.utils.octavia-base:  python3-gunicorn python3-itsdangerous python3-jinja2
INFO:kolla.common.utils.octavia-base:  python3-keystonemiddleware python3-kombu python3-logutils python3-mccabe
INFO:kolla.common.utils.octavia-base:  python3-migrate python3-networkx python3-octavia python3-octavia-lib
INFO:kolla.common.utils.octavia-base:  python3-oslo.cache python3-oslo.db python3-oslo.messaging
INFO:kolla.common.utils.octavia-base:  python3-oslo.middleware python3-oslo.policy python3-oslo.reports
INFO:kolla.common.utils.octavia-base:  python3-oslo.service python3-oslo.upgradecheck python3-paste
INFO:kolla.common.utils.octavia-base:  python3-pastedeploy python3-pecan python3-psutil python3-pyasn1
INFO:kolla.common.utils.octavia-base:  python3-pyasn1-modules python3-pycadf python3-pycodestyle python3-pyflakes
INFO:kolla.common.utils.octavia-base:  python3-pyroute2 python3-repoze.lru python3-retrying python3-routes
INFO:kolla.common.utils.octavia-base:  python3-setproctitle python3-simplegeneric python3-singledispatch
INFO:kolla.common.utils.octavia-base:  python3-sqlalchemy python3-sqlparse python3-taskflow python3-tempita
INFO:kolla.common.utils.octavia-base:  python3-tenacity python3-testresources python3-testscenarios python3-vine
INFO:kolla.common.utils.octavia-base:  python3-waitress python3-webtest python3-werkzeug python3-wsme
INFO:kolla.common.utils.octavia-base:  qemu-block-extra qemu-utils ucf uuid-runtime wget xkb-data
INFO:kolla.common.utils.octavia-base:0 upgraded, 88 newly installed, 0 to remove and 0 not upgraded.
INFO:kolla.common.utils.octavia-base:Need to get 14.4 MB of archives.
INFO:kolla.common.utils.octavia-base:After this operation, 76.9 MB of additional disk space will be used.
INFO:kolla.common.utils.octavia-base:Get:1 http://ports.ubuntu.com bionic-updates/main s390x uuid-runtime s390x 2.31.1-0.4ubuntu3.5 [33.7 kB]
INFO:kolla.common.utils.octavia-base:Get:2 http://ubuntu-cloud.archive.canonical.com/ubuntu bionic-updates/ussuri/main s390x python3-sqlalchemy all 1.2.18+ds1-2ubuntu2~cloud0 [728 kB]
INFO:kolla.common.utils.octavia-base:Get:3 http://ports.ubuntu.com bionic/main s390x ucf all 3.0038 [50.5 kB]
INFO:kolla.common.utils.octavia-base:Get:4 http://ports.ubuntu.com bionic-updates/main s390x xkb-data all 2.23.1-1ubuntu1.18.04.1 [325 kB]
INFO:kolla.common.utils.octavia-base:Get:5 http://ports.ubuntu.com bionic-updates/main s390x wget s390x 1.19.4-1ubuntu2.2 [306 kB]
INFO:kolla.common.utils.octavia-base:Get:6 http://ubuntu-cloud.archive.canonical.com/ubuntu bionic-updates/ussuri/main s390x python3-alembic all 1.0.0-2ubuntu2~cloud0 [111 kB]
INFO:kolla.common.utils.octavia-base:Get:7 http://ports.ubuntu.com bionic/main s390x libjs-jquery all 3.2.1-1 [152 kB]
INFO:kolla.common.utils.octavia-base:Get:8 http://ports.ubuntu.com bionic/main s390x libjs-underscore all 1.8.3~dfsg-1 [59.9 kB]
INFO:kolla.common.utils.octavia-base:Get:9 http://ports.ubuntu.com bionic/main s390x dbconfig-common all 2.0.9 [601 kB]
INFO:kolla.common.utils.octavia-base:Get:10 http://ports.ubuntu.com bionic/universe s390x libonig4 s390x 6.7.0-1 [115 kB]
INFO:kolla.common.utils.octavia-base:Get:11 http://ports.ubuntu.com bionic/universe s390x libjq1 s390x 1.5+dfsg-2 [114 kB]
INFO:kolla.common.utils.octavia-base:Get:12 http://ports.ubuntu.com bionic/universe s390x jq s390x 1.5+dfsg-2 [46.1 kB]
INFO:kolla.common.utils.octavia-base:Get:13 http://ports.ubuntu.com bionic-updates/main s390x libcurl3-gnutls s390x 7.58.0-2ubuntu3.8 [195 kB]
INFO:kolla.common.utils.octavia-base:Get:14 http://ports.ubuntu.com bionic/main s390x libiscsi7 s390x 1.17.0-1.1 [52.9 kB]
INFO:kolla.common.utils.octavia-base:Get:15 http://ports.ubuntu.com bionic/main s390x libnspr4 s390x 2:4.18-1ubuntu1 [107 kB]
INFO:kolla.common.utils.octavia-base:Get:16 http://ports.ubuntu.com bionic-updates/main s390x libnss3 s390x 2:3.35-2ubuntu2.7 [1,034 kB]
INFO:kolla.common.utils.octavia-base:Get:17 http://ports.ubuntu.com bionic-updates/main s390x libxkbcommon0 s390x 0.8.2-1~ubuntu18.04.1 [92.0 kB]
INFO:kolla.common.utils.octavia-base:Get:18 http://ports.ubuntu.com bionic/main s390x python3-setproctitle s390x 1.1.10-1build2 [14.6 kB]
INFO:kolla.common.utils.octavia-base:Get:19 http://ubuntu-cloud.archive.canonical.com/ubuntu bionic-updates/ussuri/main s390x libjs-sphinxdoc all 1.8.5-3~cloud0 [96.6 kB]
INFO:kolla.common.utils.octavia-base:Get:20 http://ports.ubuntu.com bionic/universe s390x python3-cotyledon all 1.6.8-0ubuntu1 [15.9 kB]
INFO:kolla.common.utils.octavia-base:Get:21 http://ports.ubuntu.com bionic-updates/main s390x debootstrap all 1.0.95ubuntu0.5 [35.6 kB]
INFO:kolla.common.utils.octavia-base:Get:22 http://ubuntu-cloud.archive.canonical.com/ubuntu bionic-updates/ussuri/main s390x alembic all 1.0.0-2ubuntu2~cloud0 [369 kB]
INFO:kolla.common.utils.octavia-base:Get:23 http://ports.ubuntu.com bionic/main s390x kpartx s390x 0.7.4-2ubuntu3 [27.2 kB]
INFO:kolla.common.utils.octavia-base:Get:24 http://ports.ubuntu.com bionic-updates/universe s390x python3-networkx all 1.11-1ubuntu3 [606 kB]
INFO:kolla.common.utils.octavia-base:Get:25 http://ubuntu-cloud.archive.canonical.com/ubuntu bionic-updates/ussuri/main s390x librados2 s390x 14.2.2-0ubuntu3~cloud0 [2,708 kB]
INFO:kolla.common.utils.octavia-base:Get:26 http://ports.ubuntu.com bionic/universe s390x python3-mccabe all 0.6.1-2 [7,816 B]
INFO:kolla.common.utils.octavia-base:Get:27 http://ports.ubuntu.com bionic/universe s390x python3-diskimage-builder all 2.11.0-0ubuntu1 [46.6 kB]
INFO:kolla.common.utils.octavia-base:Get:28 http://ports.ubuntu.com bionic/main s390x python3-colorama all 0.3.7-1 [14.9 kB]
INFO:kolla.common.utils.octavia-base:Get:29 http://ports.ubuntu.com bionic/main s390x python3-click all 6.7-3 [56.5 kB]
INFO:kolla.common.utils.octavia-base:Get:30 http://ports.ubuntu.com bionic/main s390x python3-itsdangerous all 0.24+dfsg1-2 [12.0 kB]
INFO:kolla.common.utils.octavia-base:Get:31 http://ports.ubuntu.com bionic-updates/main s390x python3-jinja2 all 2.10-1ubuntu0.18.04.1 [95.4 kB]
INFO:kolla.common.utils.octavia-base:Get:32 http://ports.ubuntu.com bionic/universe s390x python3-werkzeug all 0.14.1+dfsg1-1 [174 kB]
INFO:kolla.common.utils.octavia-base:Get:33 http://ports.ubuntu.com bionic/main s390x pycadf-common all 2.7.0-0ubuntu1 [4,440 B]
INFO:kolla.common.utils.octavia-base:Get:34 http://ports.ubuntu.com bionic/universe s390x python3-pycadf all 2.7.0-0ubuntu1 [17.4 kB]
INFO:kolla.common.utils.octavia-base:Get:35 http://ports.ubuntu.com bionic/main s390x python3-sqlparse all 0.2.4-0.1 [28.1 kB]
INFO:kolla.common.utils.octavia-base:Get:36 http://ports.ubuntu.com bionic/main s390x python3-tempita all 0.5.2-2 [13.9 kB]
INFO:kolla.common.utils.octavia-base:Get:37 http://ports.ubuntu.com bionic/universe s390x python3-testresources all 2.0.0-2 [26.4 kB]
INFO:kolla.common.utils.octavia-base:Get:38 http://ports.ubuntu.com bionic/main s390x python3-vine all 1.1.4+dfsg-2 [15.7 kB]
INFO:kolla.common.utils.octavia-base:Get:39 http://ports.ubuntu.com bionic/universe s390x python3-anyjson all 0.3.3-1build1 [7,062 B]
INFO:kolla.common.utils.octavia-base:Get:40 http://ports.ubuntu.com bionic/universe s390x python3-kombu all 4.1.0-1 [126 kB]
INFO:kolla.common.utils.octavia-base:Get:41 http://ports.ubuntu.com bionic/main s390x python3-paste all 2.0.3+dfsg-4ubuntu1 [456 kB]
INFO:kolla.common.utils.octavia-base:Get:42 http://ubuntu-cloud.archive.canonical.com/ubuntu bionic-updates/ussuri/main s390x librbd1 s390x 14.2.2-0ubuntu3~cloud0 [1,226 kB]
INFO:kolla.common.utils.octavia-base:Get:43 http://ports.ubuntu.com bionic/main s390x python-pastedeploy-tpl all 1.5.2-4 [4,796 B]
INFO:kolla.common.utils.octavia-base:Get:44 http://ports.ubuntu.com bionic/main s390x python3-pastedeploy all 1.5.2-4 [13.4 kB]
INFO:kolla.common.utils.octavia-base:Get:45 http://ports.ubuntu.com bionic/universe s390x python3-repoze.lru all 0.7-1 [11.7 kB]
INFO:kolla.common.utils.octavia-base:Get:46 http://ports.ubuntu.com bionic/universe s390x python3-routes all 2.4.1-1 [28.4 kB]
INFO:kolla.common.utils.octavia-base:Get:47 http://ports.ubuntu.com bionic/universe s390x python3-logutils all 0.3.3-5 [16.7 kB]
INFO:kolla.common.utils.octavia-base:Get:48 http://ports.ubuntu.com bionic/universe s390x python3-simplegeneric all 0.8.1-1 [11.5 kB]
INFO:kolla.common.utils.octavia-base:Get:49 http://ports.ubuntu.com bionic/universe s390x python3-singledispatch all 3.4.0.3-2 [7,022 B]
INFO:kolla.common.utils.octavia-base:Get:50 http://ubuntu-cloud.archive.canonical.com/ubuntu bionic-updates/ussuri/main s390x python3-castellan all 1.3.1-0ubuntu1~cloud0 [41.1 kB]
INFO:kolla.common.utils.octavia-base:Get:51 http://ubuntu-cloud.archive.canonical.com/ubuntu bionic-updates/ussuri/main s390x qemu-block-extra s390x 1:4.0+dfsg-0ubuntu9~cloud0 [114 kB]
INFO:kolla.common.utils.octavia-base:Get:52 http://ubuntu-cloud.archive.canonical.com/ubuntu bionic-updates/ussuri/main s390x qemu-utils s390x 1:4.0+dfsg-0ubuntu9~cloud0 [1,131 kB]
INFO:kolla.common.utils.octavia-base:Get:53 http://ports.ubuntu.com bionic/main s390x python3-bs4 all 4.6.0-1 [67.8 kB]
INFO:kolla.common.utils.octavia-base:Get:54 http://ports.ubuntu.com bionic/main s390x python3-waitress all 1.0.1-1 [53.4 kB]
INFO:kolla.common.utils.octavia-base:Get:55 http://ports.ubuntu.com bionic/main s390x python3-webtest all 2.0.28-1ubuntu1 [27.9 kB]
INFO:kolla.common.utils.octavia-base:Get:56 http://ports.ubuntu.com bionic/main s390x python3-pyasn1 all 0.4.2-3 [46.8 kB]
INFO:kolla.common.utils.octavia-base:Get:57 http://ports.ubuntu.com bionic/main s390x python3-pyasn1-modules all 0.2.1-0.2 [32.9 kB]
INFO:kolla.common.utils.octavia-base:Get:58 http://ports.ubuntu.com bionic/universe s390x python3-automaton all 1.14.0-0ubuntu1 [15.0 kB]
INFO:kolla.common.utils.octavia-base:Get:59 http://ports.ubuntu.com bionic/universe s390x python3-retrying all 1.3.3-3 [7,980 B]
INFO:kolla.common.utils.octavia-base:Get:60 http://ubuntu-cloud.archive.canonical.com/ubuntu bionic-updates/ussuri/main s390x python3-pyflakes all 2.1.1-1~cloud0 [55.7 kB]
INFO:kolla.common.utils.octavia-base:Get:61 http://ubuntu-cloud.archive.canonical.com/ubuntu bionic-updates/ussuri/main s390x python3-entrypoints all 0.3-1~cloud0 [5,624 B]
INFO:kolla.common.utils.octavia-base:Get:62 http://ubuntu-cloud.archive.canonical.com/ubuntu bionic-updates/ussuri/main s390x python3-pycodestyle all 2.5.0-1~cloud0 [36.7 kB]
INFO:kolla.common.utils.octavia-base:Get:63 http://ubuntu-cloud.archive.canonical.com/ubuntu bionic-updates/ussuri/main s390x python3-flake8 all 3.7.8-3~cloud0 [64.8 kB]
INFO:kolla.common.utils.octavia-base:Get:64 http://ubuntu-cloud.archive.canonical.com/ubuntu bionic-updates/ussuri/main s390x python3-distro all 1.3.0-1~cloud0 [12.5 kB]
INFO:kolla.common.utils.octavia-base:Get:65 http://ubuntu-cloud.archive.canonical.com/ubuntu bionic-updates/ussuri/main s390x python3-flask all 1.0.2-3~cloud0 [93.2 kB]
INFO:kolla.common.utils.octavia-base:Get:66 http://ubuntu-cloud.archive.canonical.com/ubuntu bionic-updates/ussuri/main s390x python3-gunicorn all 19.9.0-1~cloud0 [88.5 kB]
INFO:kolla.common.utils.octavia-base:Get:67 http://ubuntu-cloud.archive.canonical.com/ubuntu bionic-updates/ussuri/main s390x python3-oslo.cache all 1.37.0-0ubuntu1~cloud0 [34.5 kB]
INFO:kolla.common.utils.octavia-base:Get:68 http://ubuntu-cloud.archive.canonical.com/ubuntu bionic-updates/ussuri/main s390x python3-keystonemiddleware all 7.0.1-0ubuntu1~cloud0 [68.6 kB]
INFO:kolla.common.utils.octavia-base:Get:69 http://ubuntu-cloud.archive.canonical.com/ubuntu bionic-updates/ussuri/main s390x python3-tenacity all 5.1.1-0ubuntu2~cloud0 [34.9 kB]
INFO:kolla.common.utils.octavia-base:Get:70 http://ubuntu-cloud.archive.canonical.com/ubuntu bionic-updates/ussuri/main s390x python3-octavia-lib all 1.4.0-0ubuntu1~cloud0 [22.2 kB]
INFO:kolla.common.utils.octavia-base:Get:71 http://ubuntu-cloud.archive.canonical.com/ubuntu bionic-updates/ussuri/main s390x python3-migrate all 0.12.0-3~cloud0 [79.3 kB]
INFO:kolla.common.utils.octavia-base:Get:72 http://ubuntu-cloud.archive.canonical.com/ubuntu bionic-updates/ussuri/main s390x python3-testscenarios all 0.5.0-2~cloud0 [13.5 kB]
INFO:kolla.common.utils.octavia-base:Get:73 http://ubuntu-cloud.archive.canonical.com/ubuntu bionic-updates/ussuri/main s390x python3-oslo.db all 5.0.2-0ubuntu1~cloud0 [115 kB]
INFO:kolla.common.utils.octavia-base:Get:74 http://ubuntu-cloud.archive.canonical.com/ubuntu bionic-updates/ussuri/main s390x python3-amqp all 2.5.0-2~cloud0 [42.2 kB]
INFO:kolla.common.utils.octavia-base:Get:75 http://ubuntu-cloud.archive.canonical.com/ubuntu bionic-updates/ussuri/main s390x python3-cachetools all 3.1.0-2~cloud0 [9,892 B]
INFO:kolla.common.utils.octavia-base:Get:76 http://ubuntu-cloud.archive.canonical.com/ubuntu bionic-updates/ussuri/main s390x python3-oslo.middleware all 3.38.1-0ubuntu1~cloud0 [33.1 kB]
INFO:kolla.common.utils.octavia-base:Get:77 http://ubuntu-cloud.archive.canonical.com/ubuntu bionic-updates/ussuri/main s390x python3-oslo.service all 1.40.2-0ubuntu1~cloud0 [50.6 kB]
INFO:kolla.common.utils.octavia-base:Get:78 http://ubuntu-cloud.archive.canonical.com/ubuntu bionic-updates/ussuri/main s390x python3-oslo.messaging all 9.7.1-0ubuntu3~cloud0 [149 kB]
INFO:kolla.common.utils.octavia-base:Get:79 http://ubuntu-cloud.archive.canonical.com/ubuntu bionic-updates/ussuri/main s390x python3-oslo.policy all 2.3.2-0ubuntu1~cloud0 [50.3 kB]
INFO:kolla.common.utils.octavia-base:Get:80 http://ubuntu-cloud.archive.canonical.com/ubuntu bionic-updates/ussuri/main s390x python3-psutil s390x 5.5.1-1build1~cloud0 [166 kB]
INFO:kolla.common.utils.octavia-base:Get:81 http://ubuntu-cloud.archive.canonical.com/ubuntu bionic-updates/ussuri/main s390x python3-oslo.reports all 1.30.0-0ubuntu1~cloud0 [26.9 kB]
INFO:kolla.common.utils.octavia-base:Get:82 http://ubuntu-cloud.archive.canonical.com/ubuntu bionic-updates/ussuri/main s390x python3-oslo.upgradecheck all 0.3.2-0ubuntu1~cloud0 [7,484 B]
INFO:kolla.common.utils.octavia-base:Get:83 http://ubuntu-cloud.archive.canonical.com/ubuntu bionic-updates/ussuri/main s390x python3-pecan all 1.3.3-0ubuntu2~cloud0 [104 kB]
INFO:kolla.common.utils.octavia-base:Get:84 http://ubuntu-cloud.archive.canonical.com/ubuntu bionic-updates/ussuri/main s390x python3-pyroute2 all 0.5.6-0ubuntu1~cloud0 [216 kB]
INFO:kolla.common.utils.octavia-base:Get:85 http://ubuntu-cloud.archive.canonical.com/ubuntu bionic-updates/ussuri/main s390x python3-taskflow all 3.7.1-0ubuntu2~cloud0 [253 kB]
INFO:kolla.common.utils.octavia-base:Get:86 http://ubuntu-cloud.archive.canonical.com/ubuntu bionic-updates/ussuri/main s390x python3-wsme all 0.9.3-3~cloud0 [61.6 kB]
INFO:kolla.common.utils.octavia-base:Get:87 http://ubuntu-cloud.archive.canonical.com/ubuntu bionic-updates/ussuri/main s390x python3-octavia all 5.0.0-0ubuntu1~cloud0 [458 kB]
INFO:kolla.common.utils.octavia-base:Get:88 http://ubuntu-cloud.archive.canonical.com/ubuntu bionic-updates/ussuri/main s390x octavia-common all 5.0.0-0ubuntu1~cloud0 [48.6 kB]
INFO:kolla.common.utils.octavia-base:Preconfiguring packages ...
INFO:kolla.common.utils.octavia-base:Fetched 14.4 MB in 0s (30.6 MB/s)
INFO:kolla.common.utils.octavia-base:Selecting previously unselected package uuid-runtime.
INFO:kolla.common.utils.octavia-base:(Reading database ... (Reading database ... 5%(Reading database ... 10%(Reading database ... 15%(Reading database ... 20%(Reading database ... 25%(Reading database ... 30%(Reading database ... 35%(Reading database ... 40%(Reading database ... 45%(Reading database ... 50%(Reading database ... 55%(Reading database ... 60%(Reading database ... 65%(Reading database ... 70%(Reading database ... 75%(Reading database ... 80%(Reading database ... 85%(Reading database ... 90%
INFO:kolla.common.utils.octavia-base:(Reading database ... 95%
INFO:kolla.common.utils.octavia-base:(Reading database ... 100%(Reading database ... 22243 files and directories currently installed.)
INFO:kolla.common.utils.octavia-base:Preparing to unpack .../00-uuid-runtime_2.31.1-0.4ubuntu3.5_s390x.deb ...
INFO:kolla.common.utils.octavia-base:Unpacking uuid-runtime (2.31.1-0.4ubuntu3.5) ...
INFO:kolla.common.utils.octavia-base:Selecting previously unselected package ucf.
INFO:kolla.common.utils.octavia-base:Preparing to unpack .../01-ucf_3.0038_all.deb ...
INFO:kolla.common.utils.octavia-base:Moving old data out of the way
INFO:kolla.common.utils.octavia-base:Unpacking ucf (3.0038) ...
INFO:kolla.common.utils.octavia-base:Selecting previously unselected package xkb-data.
INFO:kolla.common.utils.octavia-base:Preparing to unpack .../02-xkb-data_2.23.1-1ubuntu1.18.04.1_all.deb ...
INFO:kolla.common.utils.octavia-base:Unpacking xkb-data (2.23.1-1ubuntu1.18.04.1) ...
INFO:kolla.common.utils.octavia-base:Selecting previously unselected package wget.
INFO:kolla.common.utils.octavia-base:Preparing to unpack .../03-wget_1.19.4-1ubuntu2.2_s390x.deb ...
INFO:kolla.common.utils.octavia-base:Unpacking wget (1.19.4-1ubuntu2.2) ...
INFO:kolla.common.utils.octavia-base:Selecting previously unselected package python3-sqlalchemy.
INFO:kolla.common.utils.octavia-base:Preparing to unpack .../04-python3-sqlalchemy_1.2.18+ds1-2ubuntu2~cloud0_all.deb ...
INFO:kolla.common.utils.octavia-base:Unpacking python3-sqlalchemy (1.2.18+ds1-2ubuntu2~cloud0) ...
INFO:kolla.common.utils.octavia-base:Selecting previously unselected package python3-alembic.
INFO:kolla.common.utils.octavia-base:Preparing to unpack .../05-python3-alembic_1.0.0-2ubuntu2~cloud0_all.deb ...
INFO:kolla.common.utils.octavia-base:Unpacking python3-alembic (1.0.0-2ubuntu2~cloud0) ...
INFO:kolla.common.utils.octavia-base:Selecting previously unselected package libjs-jquery.
INFO:kolla.common.utils.octavia-base:Preparing to unpack .../06-libjs-jquery_3.2.1-1_all.deb ...
INFO:kolla.common.utils.octavia-base:Unpacking libjs-jquery (3.2.1-1) ...
INFO:kolla.common.utils.octavia-base:Selecting previously unselected package libjs-underscore.
INFO:kolla.common.utils.octavia-base:Preparing to unpack .../07-libjs-underscore_1.8.3~dfsg-1_all.deb ...
INFO:kolla.common.utils.octavia-base:Unpacking libjs-underscore (1.8.3~dfsg-1) ...
INFO:kolla.common.utils.octavia-base:Selecting previously unselected package libjs-sphinxdoc.
INFO:kolla.common.utils.octavia-base:Preparing to unpack .../08-libjs-sphinxdoc_1.8.5-3~cloud0_all.deb ...
INFO:kolla.common.utils.octavia-base:Unpacking libjs-sphinxdoc (1.8.5-3~cloud0) ...
INFO:kolla.common.utils.octavia-base:Selecting previously unselected package alembic.
INFO:kolla.common.utils.octavia-base:Preparing to unpack .../09-alembic_1.0.0-2ubuntu2~cloud0_all.deb ...
INFO:kolla.common.utils.octavia-base:Unpacking alembic (1.0.0-2ubuntu2~cloud0) ...
INFO:kolla.common.utils.octavia-base:Selecting previously unselected package dbconfig-common.
INFO:kolla.common.utils.octavia-base:Preparing to unpack .../10-dbconfig-common_2.0.9_all.deb ...
INFO:kolla.common.utils.octavia-base:Unpacking dbconfig-common (2.0.9) ...
INFO:kolla.common.utils.octavia-base:Selecting previously unselected package libonig4:s390x.
INFO:kolla.common.utils.octavia-base:Preparing to unpack .../11-libonig4_6.7.0-1_s390x.deb ...
INFO:kolla.common.utils.octavia-base:Unpacking libonig4:s390x (6.7.0-1) ...
INFO:kolla.common.utils.octavia-base:Selecting previously unselected package libjq1:s390x.
INFO:kolla.common.utils.octavia-base:Preparing to unpack .../12-libjq1_1.5+dfsg-2_s390x.deb ...
INFO:kolla.common.utils.octavia-base:Unpacking libjq1:s390x (1.5+dfsg-2) ...
INFO:kolla.common.utils.octavia-base:Selecting previously unselected package jq.
INFO:kolla.common.utils.octavia-base:Preparing to unpack .../13-jq_1.5+dfsg-2_s390x.deb ...
INFO:kolla.common.utils.octavia-base:Unpacking jq (1.5+dfsg-2) ...
INFO:kolla.common.utils.octavia-base:Selecting previously unselected package libcurl3-gnutls:s390x.
INFO:kolla.common.utils.octavia-base:Preparing to unpack .../14-libcurl3-gnutls_7.58.0-2ubuntu3.8_s390x.deb ...
INFO:kolla.common.utils.octavia-base:Unpacking libcurl3-gnutls:s390x (7.58.0-2ubuntu3.8) ...
INFO:kolla.common.utils.octavia-base:Selecting previously unselected package libiscsi7:s390x.
INFO:kolla.common.utils.octavia-base:Preparing to unpack .../15-libiscsi7_1.17.0-1.1_s390x.deb ...
INFO:kolla.common.utils.octavia-base:Unpacking libiscsi7:s390x (1.17.0-1.1) ...
INFO:kolla.common.utils.octavia-base:Selecting previously unselected package libnspr4:s390x.
INFO:kolla.common.utils.octavia-base:Preparing to unpack .../16-libnspr4_2%3a4.18-1ubuntu1_s390x.deb ...
INFO:kolla.common.utils.octavia-base:Unpacking libnspr4:s390x (2:4.18-1ubuntu1) ...
INFO:kolla.common.utils.octavia-base:Selecting previously unselected package libnss3:s390x.
INFO:kolla.common.utils.octavia-base:Preparing to unpack .../17-libnss3_2%3a3.35-2ubuntu2.7_s390x.deb ...
INFO:kolla.common.utils.octavia-base:Unpacking libnss3:s390x (2:3.35-2ubuntu2.7) ...
INFO:kolla.common.utils.octavia-base:Selecting previously unselected package librados2.
INFO:kolla.common.utils.octavia-base:Preparing to unpack .../18-librados2_14.2.2-0ubuntu3~cloud0_s390x.deb ...
INFO:kolla.common.utils.octavia-base:Unpacking librados2 (14.2.2-0ubuntu3~cloud0) ...
INFO:kolla.common.utils.octavia-base:Selecting previously unselected package librbd1.
INFO:kolla.common.utils.octavia-base:Preparing to unpack .../19-librbd1_14.2.2-0ubuntu3~cloud0_s390x.deb ...
INFO:kolla.common.utils.octavia-base:Unpacking librbd1 (14.2.2-0ubuntu3~cloud0) ...
INFO:kolla.common.utils.octavia-base:Selecting previously unselected package libxkbcommon0:s390x.
INFO:kolla.common.utils.octavia-base:Preparing to unpack .../20-libxkbcommon0_0.8.2-1~ubuntu18.04.1_s390x.deb ...
INFO:kolla.common.utils.octavia-base:Unpacking libxkbcommon0:s390x (0.8.2-1~ubuntu18.04.1) ...
INFO:kolla.common.utils.octavia-base:Selecting previously unselected package python3-castellan.
INFO:kolla.common.utils.octavia-base:Preparing to unpack .../21-python3-castellan_1.3.1-0ubuntu1~cloud0_all.deb ...
INFO:kolla.common.utils.octavia-base:Unpacking python3-castellan (1.3.1-0ubuntu1~cloud0) ...
INFO:kolla.common.utils.octavia-base:Selecting previously unselected package python3-setproctitle:s390x.
INFO:kolla.common.utils.octavia-base:Preparing to unpack .../22-python3-setproctitle_1.1.10-1build2_s390x.deb ...
INFO:kolla.common.utils.octavia-base:Unpacking python3-setproctitle:s390x (1.1.10-1build2) ...
INFO:kolla.common.utils.octavia-base:Selecting previously unselected package python3-cotyledon.
INFO:kolla.common.utils.octavia-base:Preparing to unpack .../23-python3-cotyledon_1.6.8-0ubuntu1_all.deb ...
INFO:kolla.common.utils.octavia-base:Unpacking python3-cotyledon (1.6.8-0ubuntu1) ...
INFO:kolla.common.utils.octavia-base:Selecting previously unselected package debootstrap.
INFO:kolla.common.utils.octavia-base:Preparing to unpack .../24-debootstrap_1.0.95ubuntu0.5_all.deb ...
INFO:kolla.common.utils.octavia-base:Unpacking debootstrap (1.0.95ubuntu0.5) ...
INFO:kolla.common.utils.octavia-base:Selecting previously unselected package kpartx.
INFO:kolla.common.utils.octavia-base:Preparing to unpack .../25-kpartx_0.7.4-2ubuntu3_s390x.deb ...
INFO:kolla.common.utils.octavia-base:Unpacking kpartx (0.7.4-2ubuntu3) ...
INFO:kolla.common.utils.octavia-base:Selecting previously unselected package python3-networkx.
INFO:kolla.common.utils.octavia-base:Preparing to unpack .../26-python3-networkx_1.11-1ubuntu3_all.deb ...
INFO:kolla.common.utils.octavia-base:Unpacking python3-networkx (1.11-1ubuntu3) ...
INFO:kolla.common.utils.octavia-base:Selecting previously unselected package qemu-block-extra:s390x.
INFO:kolla.common.utils.octavia-base:Preparing to unpack .../27-qemu-block-extra_1%3a4.0+dfsg-0ubuntu9~cloud0_s390x.deb ...
INFO:kolla.common.utils.octavia-base:Unpacking qemu-block-extra:s390x (1:4.0+dfsg-0ubuntu9~cloud0) ...
INFO:kolla.common.utils.octavia-base:Selecting previously unselected package qemu-utils.
INFO:kolla.common.utils.octavia-base:Preparing to unpack .../28-qemu-utils_1%3a4.0+dfsg-0ubuntu9~cloud0_s390x.deb ...
INFO:kolla.common.utils.octavia-base:Unpacking qemu-utils (1:4.0+dfsg-0ubuntu9~cloud0) ...
INFO:kolla.common.utils.octavia-base:Selecting previously unselected package python3-mccabe.
INFO:kolla.common.utils.octavia-base:Preparing to unpack .../29-python3-mccabe_0.6.1-2_all.deb ...
INFO:kolla.common.utils.octavia-base:Unpacking python3-mccabe (0.6.1-2) ...
INFO:kolla.common.utils.octavia-base:Selecting previously unselected package python3-pyflakes.
INFO:kolla.common.utils.octavia-base:Preparing to unpack .../30-python3-pyflakes_2.1.1-1~cloud0_all.deb ...
INFO:kolla.common.utils.octavia-base:Unpacking python3-pyflakes (2.1.1-1~cloud0) ...
INFO:kolla.common.utils.octavia-base:Selecting previously unselected package python3-entrypoints.
INFO:kolla.common.utils.octavia-base:Preparing to unpack .../31-python3-entrypoints_0.3-1~cloud0_all.deb ...
INFO:kolla.common.utils.octavia-base:Unpacking python3-entrypoints (0.3-1~cloud0) ...
INFO:kolla.common.utils.octavia-base:Selecting previously unselected package python3-pycodestyle.
INFO:kolla.common.utils.octavia-base:Preparing to unpack .../32-python3-pycodestyle_2.5.0-1~cloud0_all.deb ...
INFO:kolla.common.utils.octavia-base:Unpacking python3-pycodestyle (2.5.0-1~cloud0) ...
INFO:kolla.common.utils.octavia-base:Selecting previously unselected package python3-flake8.
INFO:kolla.common.utils.octavia-base:Preparing to unpack .../33-python3-flake8_3.7.8-3~cloud0_all.deb ...
INFO:kolla.common.utils.octavia-base:Unpacking python3-flake8 (3.7.8-3~cloud0) ...
INFO:kolla.common.utils.octavia-base:Selecting previously unselected package python3-diskimage-builder.
INFO:kolla.common.utils.octavia-base:Preparing to unpack .../34-python3-diskimage-builder_2.11.0-0ubuntu1_all.deb ...
INFO:kolla.common.utils.octavia-base:Unpacking python3-diskimage-builder (2.11.0-0ubuntu1) ...
INFO:kolla.common.utils.octavia-base:Selecting previously unselected package python3-distro.
INFO:kolla.common.utils.octavia-base:Preparing to unpack .../35-python3-distro_1.3.0-1~cloud0_all.deb ...
INFO:kolla.common.utils.octavia-base:Unpacking python3-distro (1.3.0-1~cloud0) ...
INFO:kolla.common.utils.octavia-base:Selecting previously unselected package python3-colorama.
INFO:kolla.common.utils.octavia-base:Preparing to unpack .../36-python3-colorama_0.3.7-1_all.deb ...
INFO:kolla.common.utils.octavia-base:Unpacking python3-colorama (0.3.7-1) ...
INFO:kolla.common.utils.octavia-base:Selecting previously unselected package python3-click.
INFO:kolla.common.utils.octavia-base:Preparing to unpack .../37-python3-click_6.7-3_all.deb ...
INFO:kolla.common.utils.octavia-base:Unpacking python3-click (6.7-3) ...
INFO:kolla.common.utils.octavia-base:Selecting previously unselected package python3-itsdangerous.
INFO:kolla.common.utils.octavia-base:Preparing to unpack .../38-python3-itsdangerous_0.24+dfsg1-2_all.deb ...
INFO:kolla.common.utils.octavia-base:Unpacking python3-itsdangerous (0.24+dfsg1-2) ...
INFO:kolla.common.utils.octavia-base:Selecting previously unselected package python3-jinja2.
INFO:kolla.common.utils.octavia-base:Preparing to unpack .../39-python3-jinja2_2.10-1ubuntu0.18.04.1_all.deb ...
INFO:kolla.common.utils.octavia-base:Unpacking python3-jinja2 (2.10-1ubuntu0.18.04.1) ...
INFO:kolla.common.utils.octavia-base:Selecting previously unselected package python3-werkzeug.
INFO:kolla.common.utils.octavia-base:Preparing to unpack .../40-python3-werkzeug_0.14.1+dfsg1-1_all.deb ...
INFO:kolla.common.utils.octavia-base:Unpacking python3-werkzeug (0.14.1+dfsg1-1) ...
INFO:kolla.common.utils.octavia-base:Selecting previously unselected package python3-flask.
INFO:kolla.common.utils.octavia-base:Preparing to unpack .../41-python3-flask_1.0.2-3~cloud0_all.deb ...
INFO:kolla.common.utils.octavia-base:Unpacking python3-flask (1.0.2-3~cloud0) ...
INFO:kolla.common.utils.octavia-base:Selecting previously unselected package python3-gunicorn.
INFO:kolla.common.utils.octavia-base:Preparing to unpack .../42-python3-gunicorn_19.9.0-1~cloud0_all.deb ...
INFO:kolla.common.utils.octavia-base:Unpacking python3-gunicorn (19.9.0-1~cloud0) ...
INFO:kolla.common.utils.octavia-base:Selecting previously unselected package python3-oslo.cache.
INFO:kolla.common.utils.octavia-base:Preparing to unpack .../43-python3-oslo.cache_1.37.0-0ubuntu1~cloud0_all.deb ...
INFO:kolla.common.utils.octavia-base:Unpacking python3-oslo.cache (1.37.0-0ubuntu1~cloud0) ...
INFO:kolla.common.utils.octavia-base:Selecting previously unselected package pycadf-common.
INFO:kolla.common.utils.octavia-base:Preparing to unpack .../44-pycadf-common_2.7.0-0ubuntu1_all.deb ...
INFO:kolla.common.utils.octavia-base:Unpacking pycadf-common (2.7.0-0ubuntu1) ...
INFO:kolla.common.utils.octavia-base:Selecting previously unselected package python3-pycadf.
INFO:kolla.common.utils.octavia-base:Preparing to unpack .../45-python3-pycadf_2.7.0-0ubuntu1_all.deb ...
INFO:kolla.common.utils.octavia-base:Unpacking python3-pycadf (2.7.0-0ubuntu1) ...
INFO:kolla.common.utils.octavia-base:Selecting previously unselected package python3-keystonemiddleware.
INFO:kolla.common.utils.octavia-base:Preparing to unpack .../46-python3-keystonemiddleware_7.0.1-0ubuntu1~cloud0_all.deb ...
INFO:kolla.common.utils.octavia-base:Unpacking python3-keystonemiddleware (7.0.1-0ubuntu1~cloud0) ...
INFO:kolla.common.utils.octavia-base:Selecting previously unselected package python3-tenacity.
INFO:kolla.common.utils.octavia-base:Preparing to unpack .../47-python3-tenacity_5.1.1-0ubuntu2~cloud0_all.deb ...
INFO:kolla.common.utils.octavia-base:Unpacking python3-tenacity (5.1.1-0ubuntu2~cloud0) ...
INFO:kolla.common.utils.octavia-base:Selecting previously unselected package python3-octavia-lib.
INFO:kolla.common.utils.octavia-base:Preparing to unpack .../48-python3-octavia-lib_1.4.0-0ubuntu1~cloud0_all.deb ...
INFO:kolla.common.utils.octavia-base:Unpacking python3-octavia-lib (1.4.0-0ubuntu1~cloud0) ...
INFO:kolla.common.utils.octavia-base:Selecting previously unselected package python3-sqlparse.
INFO:kolla.common.utils.octavia-base:Preparing to unpack .../49-python3-sqlparse_0.2.4-0.1_all.deb ...
INFO:kolla.common.utils.octavia-base:Unpacking python3-sqlparse (0.2.4-0.1) ...
INFO:kolla.common.utils.octavia-base:Selecting previously unselected package python3-tempita.
INFO:kolla.common.utils.octavia-base:Preparing to unpack .../50-python3-tempita_0.5.2-2_all.deb ...
INFO:kolla.common.utils.octavia-base:Unpacking python3-tempita (0.5.2-2) ...
INFO:kolla.common.utils.octavia-base:Selecting previously unselected package python3-migrate.
INFO:kolla.common.utils.octavia-base:Preparing to unpack .../51-python3-migrate_0.12.0-3~cloud0_all.deb ...
INFO:kolla.common.utils.octavia-base:Unpacking python3-migrate (0.12.0-3~cloud0) ...
INFO:kolla.common.utils.octavia-base:Selecting previously unselected package python3-testresources.
INFO:kolla.common.utils.octavia-base:Preparing to unpack .../52-python3-testresources_2.0.0-2_all.deb ...
INFO:kolla.common.utils.octavia-base:Unpacking python3-testresources (2.0.0-2) ...
INFO:kolla.common.utils.octavia-base:Selecting previously unselected package python3-testscenarios.
INFO:kolla.common.utils.octavia-base:Preparing to unpack .../53-python3-testscenarios_0.5.0-2~cloud0_all.deb ...
INFO:kolla.common.utils.octavia-base:Unpacking python3-testscenarios (0.5.0-2~cloud0) ...
INFO:kolla.common.utils.octavia-base:Selecting previously unselected package python3-oslo.db.
INFO:kolla.common.utils.octavia-base:Preparing to unpack .../54-python3-oslo.db_5.0.2-0ubuntu1~cloud0_all.deb ...
INFO:kolla.common.utils.octavia-base:Unpacking python3-oslo.db (5.0.2-0ubuntu1~cloud0) ...
INFO:kolla.common.utils.octavia-base:Selecting previously unselected package python3-vine.
INFO:kolla.common.utils.octavia-base:Preparing to unpack .../55-python3-vine_1.1.4+dfsg-2_all.deb ...
INFO:kolla.common.utils.octavia-base:Unpacking python3-vine (1.1.4+dfsg-2) ...
INFO:kolla.common.utils.octavia-base:Selecting previously unselected package python3-amqp.
INFO:kolla.common.utils.octavia-base:Preparing to unpack .../56-python3-amqp_2.5.0-2~cloud0_all.deb ...
INFO:kolla.common.utils.octavia-base:Unpacking python3-amqp (2.5.0-2~cloud0) ...
INFO:kolla.common.utils.octavia-base:Selecting previously unselected package python3-cachetools.
INFO:kolla.common.utils.octavia-base:Preparing to unpack .../57-python3-cachetools_3.1.0-2~cloud0_all.deb ...
INFO:kolla.common.utils.octavia-base:Unpacking python3-cachetools (3.1.0-2~cloud0) ...
INFO:kolla.common.utils.octavia-base:Selecting previously unselected package python3-anyjson.
INFO:kolla.common.utils.octavia-base:Preparing to unpack .../58-python3-anyjson_0.3.3-1build1_all.deb ...
INFO:kolla.common.utils.octavia-base:Unpacking python3-anyjson (0.3.3-1build1) ...
INFO:kolla.common.utils.octavia-base:Selecting previously unselected package python3-kombu.
INFO:kolla.common.utils.octavia-base:Preparing to unpack .../59-python3-kombu_4.1.0-1_all.deb ...
INFO:kolla.common.utils.octavia-base:Unpacking python3-kombu (4.1.0-1) ...
INFO:kolla.common.utils.octavia-base:Selecting previously unselected package python3-oslo.middleware.
INFO:kolla.common.utils.octavia-base:Preparing to unpack .../60-python3-oslo.middleware_3.38.1-0ubuntu1~cloud0_all.deb ...
INFO:kolla.common.utils.octavia-base:Unpacking python3-oslo.middleware (3.38.1-0ubuntu1~cloud0) ...
INFO:kolla.common.utils.octavia-base:Selecting previously unselected package python3-paste.
INFO:kolla.common.utils.octavia-base:Preparing to unpack .../61-python3-paste_2.0.3+dfsg-4ubuntu1_all.deb ...
INFO:kolla.common.utils.octavia-base:Unpacking python3-paste (2.0.3+dfsg-4ubuntu1) ...
INFO:kolla.common.utils.octavia-base:Selecting previously unselected package python-pastedeploy-tpl.
INFO:kolla.common.utils.octavia-base:Preparing to unpack .../62-python-pastedeploy-tpl_1.5.2-4_all.deb ...
INFO:kolla.common.utils.octavia-base:Unpacking python-pastedeploy-tpl (1.5.2-4) ...
INFO:kolla.common.utils.octavia-base:Selecting previously unselected package python3-pastedeploy.
INFO:kolla.common.utils.octavia-base:Preparing to unpack .../63-python3-pastedeploy_1.5.2-4_all.deb ...
INFO:kolla.common.utils.octavia-base:Unpacking python3-pastedeploy (1.5.2-4) ...
INFO:kolla.common.utils.octavia-base:Selecting previously unselected package python3-repoze.lru.
INFO:kolla.common.utils.octavia-base:Preparing to unpack .../64-python3-repoze.lru_0.7-1_all.deb ...
INFO:kolla.common.utils.octavia-base:Unpacking python3-repoze.lru (0.7-1) ...
INFO:kolla.common.utils.octavia-base:Selecting previously unselected package python3-routes.
INFO:kolla.common.utils.octavia-base:Preparing to unpack .../65-python3-routes_2.4.1-1_all.deb ...
INFO:kolla.common.utils.octavia-base:Unpacking python3-routes (2.4.1-1) ...
INFO:kolla.common.utils.octavia-base:Selecting previously unselected package python3-oslo.service.
INFO:kolla.common.utils.octavia-base:Preparing to unpack .../66-python3-oslo.service_1.40.2-0ubuntu1~cloud0_all.deb ...
INFO:kolla.common.utils.octavia-base:Unpacking python3-oslo.service (1.40.2-0ubuntu1~cloud0) ...
INFO:kolla.common.utils.octavia-base:Selecting previously unselected package python3-oslo.messaging.
INFO:kolla.common.utils.octavia-base:Preparing to unpack .../67-python3-oslo.messaging_9.7.1-0ubuntu3~cloud0_all.deb ...
INFO:kolla.common.utils.octavia-base:Unpacking python3-oslo.messaging (9.7.1-0ubuntu3~cloud0) ...
INFO:kolla.common.utils.octavia-base:Selecting previously unselected package python3-oslo.policy.
INFO:kolla.common.utils.octavia-base:Preparing to unpack .../68-python3-oslo.policy_2.3.2-0ubuntu1~cloud0_all.deb ...
INFO:kolla.common.utils.octavia-base:Unpacking python3-oslo.policy (2.3.2-0ubuntu1~cloud0) ...
INFO:kolla.common.utils.octavia-base:Selecting previously unselected package python3-psutil.
INFO:kolla.common.utils.octavia-base:Preparing to unpack .../69-python3-psutil_5.5.1-1build1~cloud0_s390x.deb ...
INFO:kolla.common.utils.octavia-base:Unpacking python3-psutil (5.5.1-1build1~cloud0) ...
INFO:kolla.common.utils.octavia-base:Selecting previously unselected package python3-oslo.reports.
INFO:kolla.common.utils.octavia-base:Preparing to unpack .../70-python3-oslo.reports_1.30.0-0ubuntu1~cloud0_all.deb ...
INFO:kolla.common.utils.octavia-base:Unpacking python3-oslo.reports (1.30.0-0ubuntu1~cloud0) ...
INFO:kolla.common.utils.octavia-base:Selecting previously unselected package python3-oslo.upgradecheck.
INFO:kolla.common.utils.octavia-base:Preparing to unpack .../71-python3-oslo.upgradecheck_0.3.2-0ubuntu1~cloud0_all.deb ...
INFO:kolla.common.utils.octavia-base:Unpacking python3-oslo.upgradecheck (0.3.2-0ubuntu1~cloud0) ...
INFO:kolla.common.utils.octavia-base:Selecting previously unselected package python3-logutils.
INFO:kolla.common.utils.octavia-base:Preparing to unpack .../72-python3-logutils_0.3.3-5_all.deb ...
INFO:kolla.common.utils.octavia-base:Unpacking python3-logutils (0.3.3-5) ...
INFO:kolla.common.utils.octavia-base:Selecting previously unselected package python3-simplegeneric.
INFO:kolla.common.utils.octavia-base:Preparing to unpack .../73-python3-simplegeneric_0.8.1-1_all.deb ...
INFO:kolla.common.utils.octavia-base:Unpacking python3-simplegeneric (0.8.1-1) ...
INFO:kolla.common.utils.octavia-base:Selecting previously unselected package python3-singledispatch.
INFO:kolla.common.utils.octavia-base:Preparing to unpack .../74-python3-singledispatch_3.4.0.3-2_all.deb ...
INFO:kolla.common.utils.octavia-base:Unpacking python3-singledispatch (3.4.0.3-2) ...
INFO:kolla.common.utils.octavia-base:Selecting previously unselected package python3-bs4.
INFO:kolla.common.utils.octavia-base:Preparing to unpack .../75-python3-bs4_4.6.0-1_all.deb ...
INFO:kolla.common.utils.octavia-base:Unpacking python3-bs4 (4.6.0-1) ...
INFO:kolla.common.utils.octavia-base:Selecting previously unselected package python3-waitress.
INFO:kolla.common.utils.octavia-base:Preparing to unpack .../76-python3-waitress_1.0.1-1_all.deb ...
INFO:kolla.common.utils.octavia-base:Unpacking python3-waitress (1.0.1-1) ...
INFO:kolla.common.utils.octavia-base:Selecting previously unselected package python3-webtest.
INFO:kolla.common.utils.octavia-base:Preparing to unpack .../77-python3-webtest_2.0.28-1ubuntu1_all.deb ...
INFO:kolla.common.utils.octavia-base:Unpacking python3-webtest (2.0.28-1ubuntu1) ...
INFO:kolla.common.utils.octavia-base:Selecting previously unselected package python3-pecan.
INFO:kolla.common.utils.octavia-base:Preparing to unpack .../78-python3-pecan_1.3.3-0ubuntu2~cloud0_all.deb ...
INFO:kolla.common.utils.octavia-base:Unpacking python3-pecan (1.3.3-0ubuntu2~cloud0) ...
INFO:kolla.common.utils.octavia-base:Selecting previously unselected package python3-pyasn1.
INFO:kolla.common.utils.octavia-base:Preparing to unpack .../79-python3-pyasn1_0.4.2-3_all.deb ...
INFO:kolla.common.utils.octavia-base:Unpacking python3-pyasn1 (0.4.2-3) ...
INFO:kolla.common.utils.octavia-base:Selecting previously unselected package python3-pyasn1-modules.
INFO:kolla.common.utils.octavia-base:Preparing to unpack .../80-python3-pyasn1-modules_0.2.1-0.2_all.deb ...
INFO:kolla.common.utils.octavia-base:Unpacking python3-pyasn1-modules (0.2.1-0.2) ...
INFO:kolla.common.utils.octavia-base:Selecting previously unselected package python3-pyroute2.
INFO:kolla.common.utils.octavia-base:Preparing to unpack .../81-python3-pyroute2_0.5.6-0ubuntu1~cloud0_all.deb ...
INFO:kolla.common.utils.octavia-base:Unpacking python3-pyroute2 (0.5.6-0ubuntu1~cloud0) ...
INFO:kolla.common.utils.octavia-base:Selecting previously unselected package python3-automaton.
INFO:kolla.common.utils.octavia-base:Preparing to unpack .../82-python3-automaton_1.14.0-0ubuntu1_all.deb ...
INFO:kolla.common.utils.octavia-base:Unpacking python3-automaton (1.14.0-0ubuntu1) ...
INFO:kolla.common.utils.octavia-base:Selecting previously unselected package python3-retrying.
INFO:kolla.common.utils.octavia-base:Preparing to unpack .../83-python3-retrying_1.3.3-3_all.deb ...
INFO:kolla.common.utils.octavia-base:Unpacking python3-retrying (1.3.3-3) ...
INFO:kolla.common.utils.octavia-base:Selecting previously unselected package python3-taskflow.
INFO:kolla.common.utils.octavia-base:Preparing to unpack .../84-python3-taskflow_3.7.1-0ubuntu2~cloud0_all.deb ...
INFO:kolla.common.utils.octavia-base:Unpacking python3-taskflow (3.7.1-0ubuntu2~cloud0) ...
INFO:kolla.common.utils.octavia-base:Selecting previously unselected package python3-wsme.
INFO:kolla.common.utils.octavia-base:Preparing to unpack .../85-python3-wsme_0.9.3-3~cloud0_all.deb ...
INFO:kolla.common.utils.octavia-base:Unpacking python3-wsme (0.9.3-3~cloud0) ...
INFO:kolla.common.utils.octavia-base:Selecting previously unselected package python3-octavia.
INFO:kolla.common.utils.octavia-base:Preparing to unpack .../86-python3-octavia_5.0.0-0ubuntu1~cloud0_all.deb ...
INFO:kolla.common.utils.octavia-base:Unpacking python3-octavia (5.0.0-0ubuntu1~cloud0) ...
INFO:kolla.common.utils.octavia-base:Selecting previously unselected package octavia-common.
INFO:kolla.common.utils.octavia-base:Preparing to unpack .../87-octavia-common_5.0.0-0ubuntu1~cloud0_all.deb ...
INFO:kolla.common.utils.octavia-base:Unpacking octavia-common (5.0.0-0ubuntu1~cloud0) ...
INFO:kolla.common.utils.octavia-base:Setting up python3-setproctitle:s390x (1.1.10-1build2) ...
INFO:kolla.common.utils.octavia-base:Setting up python3-logutils (0.3.3-5) ...
INFO:kolla.common.utils.octavia-base:Setting up libjs-jquery (3.2.1-1) ...
INFO:kolla.common.utils.octavia-base:Setting up python3-werkzeug (0.14.1+dfsg1-1) ...
INFO:kolla.common.utils.octavia-base:Setting up python3-entrypoints (0.3-1~cloud0) ...
INFO:kolla.common.utils.octavia-base:Setting up python3-sqlalchemy (1.2.18+ds1-2ubuntu2~cloud0) ...
INFO:kolla.common.utils.octavia-base:Setting up python3-simplegeneric (0.8.1-1) ...
INFO:kolla.common.utils.octavia-base:Setting up libjs-underscore (1.8.3~dfsg-1) ...
INFO:kolla.common.utils.octavia-base:Setting up python3-waitress (1.0.1-1) ...
INFO:kolla.common.utils.octavia-base:update-alternatives: using /usr/bin/waitress-serve-python3 to provide /usr/bin/waitress-serve (waitress-serve) in auto mode
INFO:kolla.common.utils.octavia-base:Setting up python3-sqlparse (0.2.4-0.1) ...
INFO:kolla.common.utils.octavia-base:Setting up python3-tempita (0.5.2-2) ...
INFO:kolla.common.utils.octavia-base:Setting up libcurl3-gnutls:s390x (7.58.0-2ubuntu3.8) ...
INFO:kolla.common.utils.octavia-base:Setting up libiscsi7:s390x (1.17.0-1.1) ...
INFO:kolla.common.utils.octavia-base:Setting up libonig4:s390x (6.7.0-1) ...
INFO:kolla.common.utils.octavia-base:Setting up xkb-data (2.23.1-1ubuntu1.18.04.1) ...
INFO:kolla.common.utils.octavia-base:Setting up python3-colorama (0.3.7-1) ...
INFO:kolla.common.utils.octavia-base:Setting up python3-singledispatch (3.4.0.3-2) ...
INFO:kolla.common.utils.octavia-base:Setting up python3-alembic (1.0.0-2ubuntu2~cloud0) ...
INFO:kolla.common.utils.octavia-base:Setting up libjs-sphinxdoc (1.8.5-3~cloud0) ...
INFO:kolla.common.utils.octavia-base:Setting up python3-castellan (1.3.1-0ubuntu1~cloud0) ...
INFO:kolla.common.utils.octavia-base:Setting up python3-tenacity (5.1.1-0ubuntu2~cloud0) ...
INFO:kolla.common.utils.octavia-base:Setting up python3-testscenarios (0.5.0-2~cloud0) ...
INFO:kolla.common.utils.octavia-base:Setting up python3-bs4 (4.6.0-1) ...
INFO:kolla.common.utils.octavia-base:Setting up python3-oslo.policy (2.3.2-0ubuntu1~cloud0) ...
INFO:kolla.common.utils.octavia-base:Setting up python3-psutil (5.5.1-1build1~cloud0) ...
INFO:kolla.common.utils.octavia-base:Setting up libnspr4:s390x (2:4.18-1ubuntu1) ...
INFO:kolla.common.utils.octavia-base:Setting up ucf (3.0038) ...
INFO:kolla.common.utils.octavia-base:Setting up python3-testresources (2.0.0-2) ...
INFO:kolla.common.utils.octavia-base:Setting up uuid-runtime (2.31.1-0.4ubuntu3.5) ...
INFO:kolla.common.utils.octavia-base:Adding group `uuidd' (GID 104) ...
INFO:kolla.common.utils.octavia-base:Done.
INFO:kolla.common.utils.octavia-base:Warning: The home dir /run/uuidd you specified can't be accessed: No such file or directory
INFO:kolla.common.utils.octavia-base:Adding system user `uuidd' (UID 102) ...
INFO:kolla.common.utils.octavia-base:Adding new user `uuidd' (UID 102) with group `uuidd' ...
INFO:kolla.common.utils.octavia-base:Not creating home directory `/run/uuidd'.
INFO:kolla.common.utils.octavia-base:invoke-rc.d: could not determine current runlevel
INFO:kolla.common.utils.octavia-base:invoke-rc.d: policy-rc.d denied execution of start.
INFO:kolla.common.utils.octavia-base:Setting up libjq1:s390x (1.5+dfsg-2) ...
INFO:kolla.common.utils.octavia-base:Setting up python3-pyasn1 (0.4.2-3) ...
INFO:kolla.common.utils.octavia-base:Setting up pycadf-common (2.7.0-0ubuntu1) ...
INFO:kolla.common.utils.octavia-base:Setting up python3-pycodestyle (2.5.0-1~cloud0) ...
INFO:kolla.common.utils.octavia-base:Setting up python3-gunicorn (19.9.0-1~cloud0) ...
INFO:kolla.common.utils.octavia-base:Setting up kpartx (0.7.4-2ubuntu3) ...
INFO:kolla.common.utils.octavia-base:Setting up python3-oslo.cache (1.37.0-0ubuntu1~cloud0) ...
INFO:kolla.common.utils.octavia-base:Setting up python3-networkx (1.11-1ubuntu3) ...
INFO:kolla.common.utils.octavia-base:Setting up python3-pycadf (2.7.0-0ubuntu1) ...
INFO:kolla.common.utils.octavia-base:Setting up python3-jinja2 (2.10-1ubuntu0.18.04.1) ...
INFO:kolla.common.utils.octavia-base:Setting up python3-repoze.lru (0.7-1) ...
INFO:kolla.common.utils.octavia-base:Setting up python3-distro (1.3.0-1~cloud0) ...
INFO:kolla.common.utils.octavia-base:Setting up wget (1.19.4-1ubuntu2.2) ...
INFO:kolla.common.utils.octavia-base:Setting up python3-pyasn1-modules (0.2.1-0.2) ...
INFO:kolla.common.utils.octavia-base:Setting up python3-retrying (1.3.3-3) ...
INFO:kolla.common.utils.octavia-base:Setting up python3-paste (2.0.3+dfsg-4ubuntu1) ...
INFO:kolla.common.utils.octavia-base:Setting up libxkbcommon0:s390x (0.8.2-1~ubuntu18.04.1) ...
INFO:kolla.common.utils.octavia-base:Setting up python3-migrate (0.12.0-3~cloud0) ...
INFO:kolla.common.utils.octavia-base:Setting up python3-anyjson (0.3.3-1build1) ...
INFO:kolla.common.utils.octavia-base:Setting up debootstrap (1.0.95ubuntu0.5) ...
INFO:kolla.common.utils.octavia-base:Setting up python3-keystonemiddleware (7.0.1-0ubuntu1~cloud0) ...
INFO:kolla.common.utils.octavia-base:Setting up python-pastedeploy-tpl (1.5.2-4) ...
INFO:kolla.common.utils.octavia-base:Setting up python3-cachetools (3.1.0-2~cloud0) ...
INFO:kolla.common.utils.octavia-base:Setting up python3-mccabe (0.6.1-2) ...
INFO:kolla.common.utils.octavia-base:Setting up python3-vine (1.1.4+dfsg-2) ...
INFO:kolla.common.utils.octavia-base:Setting up dbconfig-common (2.0.9) ...
INFO:kolla.common.utils.octavia-base:
INFO:kolla.common.utils.octavia-base:Creating config file /etc/dbconfig-common/config with new version
INFO:kolla.common.utils.octavia-base:Setting up python3-automaton (1.14.0-0ubuntu1) ...
INFO:kolla.common.utils.octavia-base:Setting up python3-itsdangerous (0.24+dfsg1-2) ...
INFO:kolla.common.utils.octavia-base:Setting up python3-pyflakes (2.1.1-1~cloud0) ...
INFO:kolla.common.utils.octavia-base:Setting up python3-oslo.upgradecheck (0.3.2-0ubuntu1~cloud0) ...
INFO:kolla.common.utils.octavia-base:Setting up python3-pyroute2 (0.5.6-0ubuntu1~cloud0) ...
INFO:kolla.common.utils.octavia-base:update-alternatives: using /usr/bin/python3-ss2 to provide /usr/bin/ss2 (ss2) in auto mode
INFO:kolla.common.utils.octavia-base:update-alternatives: using /usr/bin/python3-pyroute2-cli to provide /usr/bin/pyroute2-cli (pyroute2-cli) in auto mode
INFO:kolla.common.utils.octavia-base:Setting up python3-cotyledon (1.6.8-0ubuntu1) ...
INFO:kolla.common.utils.octavia-base:Setting up alembic (1.0.0-2ubuntu2~cloud0) ...
INFO:kolla.common.utils.octavia-base:Setting up python3-routes (2.4.1-1) ...
INFO:kolla.common.utils.octavia-base:Setting up python3-oslo.middleware (3.38.1-0ubuntu1~cloud0) ...
INFO:kolla.common.utils.octavia-base:Setting up jq (1.5+dfsg-2) ...
INFO:kolla.common.utils.octavia-base:Setting up python3-amqp (2.5.0-2~cloud0) ...
INFO:kolla.common.utils.octavia-base:Setting up python3-oslo.reports (1.30.0-0ubuntu1~cloud0) ...
INFO:kolla.common.utils.octavia-base:Setting up python3-octavia-lib (1.4.0-0ubuntu1~cloud0) ...
INFO:kolla.common.utils.octavia-base:Setting up python3-click (6.7-3) ...
INFO:kolla.common.utils.octavia-base:Setting up libnss3:s390x (2:3.35-2ubuntu2.7) ...
INFO:kolla.common.utils.octavia-base:Setting up python3-kombu (4.1.0-1) ...
INFO:kolla.common.utils.octavia-base:Setting up python3-oslo.db (5.0.2-0ubuntu1~cloud0) ...
INFO:kolla.common.utils.octavia-base:Setting up librados2 (14.2.2-0ubuntu3~cloud0) ...
INFO:kolla.common.utils.octavia-base:Setting up python3-wsme (0.9.3-3~cloud0) ...
INFO:kolla.common.utils.octavia-base:Setting up python3-flake8 (3.7.8-3~cloud0) ...
INFO:kolla.common.utils.octavia-base:Setting up python3-pastedeploy (1.5.2-4) ...
INFO:kolla.common.utils.octavia-base:Setting up python3-taskflow (3.7.1-0ubuntu2~cloud0) ...
INFO:kolla.common.utils.octavia-base:Setting up python3-flask (1.0.2-3~cloud0) ...
INFO:kolla.common.utils.octavia-base:Setting up python3-webtest (2.0.28-1ubuntu1) ...
INFO:kolla.common.utils.octavia-base:Setting up librbd1 (14.2.2-0ubuntu3~cloud0) ...
INFO:kolla.common.utils.octavia-base:Setting up python3-pecan (1.3.3-0ubuntu2~cloud0) ...
INFO:kolla.common.utils.octavia-base:Setting up qemu-block-extra:s390x (1:4.0+dfsg-0ubuntu9~cloud0) ...
INFO:kolla.common.utils.octavia-base:Setting up qemu-utils (1:4.0+dfsg-0ubuntu9~cloud0) ...
INFO:kolla.common.utils.octavia-base:Setting up python3-oslo.service (1.40.2-0ubuntu1~cloud0) ...
INFO:kolla.common.utils.octavia-base:Setting up python3-oslo.messaging (9.7.1-0ubuntu3~cloud0) ...
INFO:kolla.common.utils.octavia-base:Setting up python3-diskimage-builder (2.11.0-0ubuntu1) ...
INFO:kolla.common.utils.octavia-base:update-alternatives: using /usr/bin/python3-dib-block-device to provide /usr/bin/dib-block-device (dib-block-device) in auto mode
INFO:kolla.common.utils.octavia-base:update-alternatives: using /usr/bin/python3-dib-lint to provide /usr/bin/dib-lint (dib-lint) in auto mode
INFO:kolla.common.utils.octavia-base:update-alternatives: using /usr/bin/python3-disk-image-create to provide /usr/bin/disk-image-create (disk-image-create) in auto mode
INFO:kolla.common.utils.octavia-base:update-alternatives: using /usr/bin/python3-element-info to provide /usr/bin/element-info (element-info) in auto mode
INFO:kolla.common.utils.octavia-base:update-alternatives: using /usr/bin/python3-ramdisk-image-create to provide /usr/bin/ramdisk-image-create (ramdisk-image-create) in auto mode
INFO:kolla.common.utils.octavia-base:Setting up python3-octavia (5.0.0-0ubuntu1~cloud0) ...
INFO:kolla.common.utils.octavia-base:Setting up octavia-common (5.0.0-0ubuntu1~cloud0) ...
INFO:kolla.common.utils.octavia-base:Processing triggers for libc-bin (2.27-3ubuntu1) ...
INFO:kolla.common.utils.octavia-base:Removing intermediate container 4dadf968e647
INFO:kolla.common.utils.octavia-base: ---> 3ee4a26b920e
INFO:kolla.common.utils.octavia-base:Step 5/6 : COPY extend_start.sh /usr/local/bin/kolla_extend_start
INFO:kolla.common.utils.octavia-base: ---> e96c1ce2644f
INFO:kolla.common.utils.octavia-base:Step 6/6 : RUN touch /usr/local/bin/kolla_octavia_extend_start     && chmod 755 /usr/local/bin/kolla_extend_start /usr/local/bin/kolla_octavia_extend_start
INFO:kolla.common.utils.octavia-base: ---> Running in c9c10b44af4a
INFO:kolla.common.utils.octavia-base:Removing intermediate container c9c10b44af4a
INFO:kolla.common.utils.octavia-base: ---> e0301563b547
INFO:kolla.common.utils.octavia-base:Successfully built e0301563b547
INFO:kolla.common.utils.octavia-base:Successfully tagged s390x/ubuntu-binary-octavia-base:9.1.0
INFO:kolla.common.utils.octavia-base:Built at 2020-03-02 21:42:49.791823 (took 0:00:45.005606)
