INFO:kolla.common.utils.ovn-controller:Building started at 2020-03-02 21:42:58.334360
INFO:kolla.common.utils.ovn-controller:Step 1/3 : FROM s390x/ubuntu-binary-ovn-base:9.1.0
INFO:kolla.common.utils.ovn-controller: ---> 847231a5b41d
INFO:kolla.common.utils.ovn-controller:Step 2/3 : LABEL maintainer="Kolla Project (https://launchpad.net/kolla)" name="ovn-controller" build-date="20200302"
INFO:kolla.common.utils.ovn-controller: ---> Running in 0046afa4c52d
INFO:kolla.common.utils.ovn-controller:Removing intermediate container 0046afa4c52d
INFO:kolla.common.utils.ovn-controller: ---> 5037febdd729
INFO:kolla.common.utils.ovn-controller:Step 3/3 : RUN apt-get update && apt-get -y install --no-install-recommends ovn-host && apt-get clean && rm -rf /var/lib/apt/lists/*
INFO:kolla.common.utils.ovn-controller: ---> Running in b860890d8b16
INFO:kolla.common.utils.ovn-controller:Ign:1 http://ubuntu-cloud.archive.canonical.com/ubuntu bionic-updates/ussuri InRelease
INFO:kolla.common.utils.ovn-controller:Get:2 http://ports.ubuntu.com bionic InRelease [242 kB]
INFO:kolla.common.utils.ovn-controller:Get:3 http://ubuntu-cloud.archive.canonical.com/ubuntu bionic-updates/ussuri Release [7,884 B]
INFO:kolla.common.utils.ovn-controller:Get:4 http://ubuntu-cloud.archive.canonical.com/ubuntu bionic-updates/ussuri Release.gpg [543 B]
INFO:kolla.common.utils.ovn-controller:Get:5 http://ports.ubuntu.com bionic-updates InRelease [88.7 kB]
INFO:kolla.common.utils.ovn-controller:Get:6 http://ports.ubuntu.com bionic-security InRelease [88.7 kB]
INFO:kolla.common.utils.ovn-controller:Get:7 http://ports.ubuntu.com bionic-backports InRelease [74.6 kB]
INFO:kolla.common.utils.ovn-controller:Get:8 http://ubuntu-cloud.archive.canonical.com/ubuntu bionic-updates/ussuri/main s390x Packages [145 kB]
INFO:kolla.common.utils.ovn-controller:Get:9 http://ports.ubuntu.com bionic/main s390x Packages [1,244 kB]
INFO:kolla.common.utils.ovn-controller:Get:10 http://ports.ubuntu.com bionic/universe s390x Packages [10.8 MB]
INFO:kolla.common.utils.ovn-controller:Get:11 http://ports.ubuntu.com bionic-updates/universe s390x Packages [1,075 kB]
INFO:kolla.common.utils.ovn-controller:Get:12 http://ports.ubuntu.com bionic-updates/main s390x Packages [730 kB]
INFO:kolla.common.utils.ovn-controller:Get:13 http://ports.ubuntu.com bionic-security/main s390x Packages [467 kB]
INFO:kolla.common.utils.ovn-controller:Get:14 http://ports.ubuntu.com bionic-security/universe s390x Packages [625 kB]
INFO:kolla.common.utils.ovn-controller:Get:15 http://ports.ubuntu.com bionic-backports/universe s390x Packages [4,242 B]
INFO:kolla.common.utils.ovn-controller:Get:16 http://ports.ubuntu.com bionic-backports/main s390x Packages [2,494 B]
INFO:kolla.common.utils.ovn-controller:Fetched 15.6 MB in 3s (6,187 kB/s)
INFO:kolla.common.utils.ovn-controller:Reading package lists...
INFO:kolla.common.utils.ovn-controller:Reading package lists...
INFO:kolla.common.utils.ovn-controller:Building dependency tree...
INFO:kolla.common.utils.ovn-controller:Reading state information...
INFO:kolla.common.utils.ovn-controller:The following NEW packages will be installed:
INFO:kolla.common.utils.ovn-controller:  ovn-host
INFO:kolla.common.utils.ovn-controller:0 upgraded, 1 newly installed, 0 to remove and 0 not upgraded.
INFO:kolla.common.utils.ovn-controller:Need to get 749 kB of archives.
INFO:kolla.common.utils.ovn-controller:After this operation, 2,773 kB of additional disk space will be used.
INFO:kolla.common.utils.ovn-controller:Get:1 http://ubuntu-cloud.archive.canonical.com/ubuntu bionic-updates/ussuri/main s390x ovn-host s390x 2.12.0-0ubuntu1~cloud0 [749 kB]
INFO:kolla.common.utils.ovn-controller:Fetched 749 kB in 0s (2,965 kB/s)
INFO:kolla.common.utils.ovn-controller:Selecting previously unselected package ovn-host.
INFO:kolla.common.utils.ovn-controller:(Reading database ... 
INFO:kolla.common.utils.ovn-controller:(Reading database ... 5%(Reading database ... 10%(Reading database ... 15%(Reading database ... 20%(Reading database ... 25%(Reading database ... 30%(Reading database ... 35%(Reading database ... 40%(Reading database ... 45%(Reading database ... 50%(Reading database ... 55%(Reading database ... 60%(Reading database ... 65%
INFO:kolla.common.utils.ovn-controller:(Reading database ... 70%
INFO:kolla.common.utils.ovn-controller:(Reading database ... 75%
INFO:kolla.common.utils.ovn-controller:(Reading database ... 80%
INFO:kolla.common.utils.ovn-controller:(Reading database ... 85%
INFO:kolla.common.utils.ovn-controller:(Reading database ... 90%
INFO:kolla.common.utils.ovn-controller:(Reading database ... 95%
INFO:kolla.common.utils.ovn-controller:(Reading database ... 100%(Reading database ... 9474 files and directories currently installed.)
INFO:kolla.common.utils.ovn-controller:Preparing to unpack .../ovn-host_2.12.0-0ubuntu1~cloud0_s390x.deb ...
INFO:kolla.common.utils.ovn-controller:Unpacking ovn-host (2.12.0-0ubuntu1~cloud0) ...
INFO:kolla.common.utils.ovn-controller:Setting up ovn-host (2.12.0-0ubuntu1~cloud0) ...
INFO:kolla.common.utils.ovn-controller:invoke-rc.d: could not determine current runlevel
INFO:kolla.common.utils.ovn-controller:invoke-rc.d: policy-rc.d denied execution of start.
INFO:kolla.common.utils.ovn-controller:Removing intermediate container b860890d8b16
INFO:kolla.common.utils.ovn-controller: ---> 9301f174b2d3
INFO:kolla.common.utils.ovn-controller:Successfully built 9301f174b2d3
INFO:kolla.common.utils.ovn-controller:Successfully tagged s390x/ubuntu-binary-ovn-controller:9.1.0
INFO:kolla.common.utils.ovn-controller:Built at 2020-03-02 21:43:06.263839 (took 0:00:07.929479)
