INFO:kolla.common.utils.panko-api:Building started at 2020-03-02 21:43:04.085255
INFO:kolla.common.utils.panko-api:Step 1/5 : FROM s390x/ubuntu-binary-panko-base:9.1.0
INFO:kolla.common.utils.panko-api: ---> 8d95e3fe679c
INFO:kolla.common.utils.panko-api:Step 2/5 : LABEL maintainer="Kolla Project (https://launchpad.net/kolla)" name="panko-api" build-date="20200302"
INFO:kolla.common.utils.panko-api: ---> Running in 657873ef44d1
INFO:kolla.common.utils.panko-api:Removing intermediate container 657873ef44d1
INFO:kolla.common.utils.panko-api: ---> f36238907598
INFO:kolla.common.utils.panko-api:Step 3/5 : RUN apt-get update && apt-get -y install --no-install-recommends panko-api python3-pymongo && apt-get clean && rm -rf /var/lib/apt/lists/*
INFO:kolla.common.utils.panko-api: ---> Running in 0ee9f8f18cd5
INFO:kolla.common.utils.panko-api:Get:1 http://ports.ubuntu.com bionic InRelease [242 kB]
INFO:kolla.common.utils.panko-api:Get:2 http://ports.ubuntu.com bionic-updates InRelease [88.7 kB]
INFO:kolla.common.utils.panko-api:Ign:3 http://ubuntu-cloud.archive.canonical.com/ubuntu bionic-updates/ussuri InRelease
INFO:kolla.common.utils.panko-api:Get:4 http://ports.ubuntu.com bionic-security InRelease [88.7 kB]
INFO:kolla.common.utils.panko-api:Get:5 http://ubuntu-cloud.archive.canonical.com/ubuntu bionic-updates/ussuri Release [7,884 B]
INFO:kolla.common.utils.panko-api:Get:6 http://ports.ubuntu.com bionic-backports InRelease [74.6 kB]
INFO:kolla.common.utils.panko-api:Get:7 http://ubuntu-cloud.archive.canonical.com/ubuntu bionic-updates/ussuri Release.gpg [543 B]
INFO:kolla.common.utils.panko-api:Get:8 http://ports.ubuntu.com bionic/main s390x Packages [1,244 kB]
INFO:kolla.common.utils.panko-api:Get:9 http://ubuntu-cloud.archive.canonical.com/ubuntu bionic-updates/ussuri/main s390x Packages [145 kB]
INFO:kolla.common.utils.panko-api:Get:10 http://ports.ubuntu.com bionic/universe s390x Packages [10.8 MB]
INFO:kolla.common.utils.panko-api:Get:11 http://ports.ubuntu.com bionic-updates/main s390x Packages [730 kB]
INFO:kolla.common.utils.panko-api:Get:12 http://ports.ubuntu.com bionic-updates/universe s390x Packages [1,075 kB]
INFO:kolla.common.utils.panko-api:Get:13 http://ports.ubuntu.com bionic-security/main s390x Packages [467 kB]
INFO:kolla.common.utils.panko-api:Get:14 http://ports.ubuntu.com bionic-security/universe s390x Packages [625 kB]
INFO:kolla.common.utils.panko-api:Get:15 http://ports.ubuntu.com bionic-backports/universe s390x Packages [4,242 B]
INFO:kolla.common.utils.panko-api:Get:16 http://ports.ubuntu.com bionic-backports/main s390x Packages [2,494 B]
INFO:kolla.common.utils.panko-api:Fetched 15.6 MB in 2s (6,271 kB/s)
INFO:kolla.common.utils.panko-api:Reading package lists...
INFO:kolla.common.utils.panko-api:Reading package lists...
INFO:kolla.common.utils.panko-api:Building dependency tree...
INFO:kolla.common.utils.panko-api:Reading state information...
INFO:kolla.common.utils.panko-api:The following additional packages will be installed:
INFO:kolla.common.utils.panko-api:  alembic libjs-jquery libjs-sphinxdoc libjs-underscore panko-common
INFO:kolla.common.utils.panko-api:  pycadf-common python-pastedeploy-tpl python3-alembic python3-bs4
INFO:kolla.common.utils.panko-api:  python3-bson python3-jinja2 python3-keystonemiddleware python3-logutils
INFO:kolla.common.utils.panko-api:  python3-migrate python3-oslo.cache python3-oslo.db python3-oslo.middleware
INFO:kolla.common.utils.panko-api:  python3-oslo.policy python3-oslo.reports python3-panko python3-paste
INFO:kolla.common.utils.panko-api:  python3-pastedeploy python3-pecan python3-psutil python3-pycadf
INFO:kolla.common.utils.panko-api:  python3-simplegeneric python3-singledispatch python3-sqlalchemy
INFO:kolla.common.utils.panko-api:  python3-sqlparse python3-tempita python3-tenacity python3-testresources
INFO:kolla.common.utils.panko-api:  python3-testscenarios python3-waitress python3-webtest python3-wsme
INFO:kolla.common.utils.panko-api:Suggested packages:
INFO:kolla.common.utils.panko-api:  python3-editor python-jinja2-doc python-migrate-doc python-oslo.cache-doc
INFO:kolla.common.utils.panko-api:  python-oslo.middleware-doc python-oslo.policy-doc python-oslo.reports-doc
INFO:kolla.common.utils.panko-api:  python-panko-doc libapache2-mod-python libapache2-mod-scgi libjs-mochikit
INFO:kolla.common.utils.panko-api:  python-pecan-doc python-psutil-doc python-pymongo-doc python-sqlalchemy-doc
INFO:kolla.common.utils.panko-api:  python3-fdb python-sqlparse-doc python-tenacity-doc python-waitress-doc
INFO:kolla.common.utils.panko-api:  python-webtest-doc
INFO:kolla.common.utils.panko-api:Recommended packages:
INFO:kolla.common.utils.panko-api:  javascript-common python3-pastescript python3-gridfs python3-sqlalchemy-ext
INFO:kolla.common.utils.panko-api:The following NEW packages will be installed:
INFO:kolla.common.utils.panko-api:  alembic libjs-jquery libjs-sphinxdoc libjs-underscore panko-api panko-common
INFO:kolla.common.utils.panko-api:  pycadf-common python-pastedeploy-tpl python3-alembic python3-bs4
INFO:kolla.common.utils.panko-api:  python3-bson python3-jinja2 python3-keystonemiddleware python3-logutils
INFO:kolla.common.utils.panko-api:  python3-migrate python3-oslo.cache python3-oslo.db python3-oslo.middleware
INFO:kolla.common.utils.panko-api:  python3-oslo.policy python3-oslo.reports python3-panko python3-paste
INFO:kolla.common.utils.panko-api:  python3-pastedeploy python3-pecan python3-psutil python3-pycadf
INFO:kolla.common.utils.panko-api:  python3-pymongo python3-simplegeneric python3-singledispatch
INFO:kolla.common.utils.panko-api:  python3-sqlalchemy python3-sqlparse python3-tempita python3-tenacity
INFO:kolla.common.utils.panko-api:  python3-testresources python3-testscenarios python3-waitress python3-webtest
INFO:kolla.common.utils.panko-api:  python3-wsme
INFO:kolla.common.utils.panko-api:0 upgraded, 38 newly installed, 0 to remove and 0 not upgraded.
INFO:kolla.common.utils.panko-api:Need to get 3,383 kB of archives.
INFO:kolla.common.utils.panko-api:After this operation, 17.5 MB of additional disk space will be used.
INFO:kolla.common.utils.panko-api:Get:1 http://ports.ubuntu.com bionic/main s390x libjs-jquery all 3.2.1-1 [152 kB]
INFO:kolla.common.utils.panko-api:Get:2 http://ubuntu-cloud.archive.canonical.com/ubuntu bionic-updates/ussuri/main s390x python3-sqlalchemy all 1.2.18+ds1-2ubuntu2~cloud0 [728 kB]
INFO:kolla.common.utils.panko-api:Get:3 http://ports.ubuntu.com bionic/main s390x libjs-underscore all 1.8.3~dfsg-1 [59.9 kB]
INFO:kolla.common.utils.panko-api:Get:4 http://ports.ubuntu.com bionic/main s390x pycadf-common all 2.7.0-0ubuntu1 [4,440 B]
INFO:kolla.common.utils.panko-api:Get:5 http://ports.ubuntu.com bionic/universe s390x python3-pycadf all 2.7.0-0ubuntu1 [17.4 kB]
INFO:kolla.common.utils.panko-api:Get:6 http://ports.ubuntu.com bionic/main s390x python3-sqlparse all 0.2.4-0.1 [28.1 kB]
INFO:kolla.common.utils.panko-api:Get:7 http://ports.ubuntu.com bionic/main s390x python3-tempita all 0.5.2-2 [13.9 kB]
INFO:kolla.common.utils.panko-api:Get:8 http://ports.ubuntu.com bionic/universe s390x python3-testresources all 2.0.0-2 [26.4 kB]
INFO:kolla.common.utils.panko-api:Get:9 http://ports.ubuntu.com bionic-updates/main s390x python3-jinja2 all 2.10-1ubuntu0.18.04.1 [95.4 kB]
INFO:kolla.common.utils.panko-api:Get:10 http://ports.ubuntu.com bionic/main s390x python3-paste all 2.0.3+dfsg-4ubuntu1 [456 kB]
INFO:kolla.common.utils.panko-api:Get:11 http://ubuntu-cloud.archive.canonical.com/ubuntu bionic-updates/ussuri/main s390x python3-alembic all 1.0.0-2ubuntu2~cloud0 [111 kB]
INFO:kolla.common.utils.panko-api:Get:12 http://ubuntu-cloud.archive.canonical.com/ubuntu bionic-updates/ussuri/main s390x libjs-sphinxdoc all 1.8.5-3~cloud0 [96.6 kB]
INFO:kolla.common.utils.panko-api:Get:13 http://ports.ubuntu.com bionic/main s390x python-pastedeploy-tpl all 1.5.2-4 [4,796 B]
INFO:kolla.common.utils.panko-api:Get:14 http://ports.ubuntu.com bionic/main s390x python3-pastedeploy all 1.5.2-4 [13.4 kB]
INFO:kolla.common.utils.panko-api:Get:15 http://ports.ubuntu.com bionic/universe s390x python3-logutils all 0.3.3-5 [16.7 kB]
INFO:kolla.common.utils.panko-api:Get:16 http://ports.ubuntu.com bionic/universe s390x python3-simplegeneric all 0.8.1-1 [11.5 kB]
INFO:kolla.common.utils.panko-api:Get:17 http://ports.ubuntu.com bionic/universe s390x python3-singledispatch all 3.4.0.3-2 [7,022 B]
INFO:kolla.common.utils.panko-api:Get:18 http://ubuntu-cloud.archive.canonical.com/ubuntu bionic-updates/ussuri/main s390x alembic all 1.0.0-2ubuntu2~cloud0 [369 kB]
INFO:kolla.common.utils.panko-api:Get:19 http://ports.ubuntu.com bionic/main s390x python3-bs4 all 4.6.0-1 [67.8 kB]
INFO:kolla.common.utils.panko-api:Get:20 http://ports.ubuntu.com bionic/main s390x python3-waitress all 1.0.1-1 [53.4 kB]
INFO:kolla.common.utils.panko-api:Get:21 http://ports.ubuntu.com bionic/main s390x python3-webtest all 2.0.28-1ubuntu1 [27.9 kB]
INFO:kolla.common.utils.panko-api:Get:22 http://ports.ubuntu.com bionic/main s390x python3-bson s390x 3.6.1+dfsg1-1 [31.8 kB]
INFO:kolla.common.utils.panko-api:Get:23 http://ports.ubuntu.com bionic/main s390x python3-pymongo s390x 3.6.1+dfsg1-1 [125 kB]
INFO:kolla.common.utils.panko-api:Get:24 http://ubuntu-cloud.archive.canonical.com/ubuntu bionic-updates/ussuri/main s390x panko-common all 7.0.0-0ubuntu1~cloud0 [11.1 kB]
INFO:kolla.common.utils.panko-api:Get:25 http://ubuntu-cloud.archive.canonical.com/ubuntu bionic-updates/ussuri/main s390x python3-oslo.cache all 1.37.0-0ubuntu1~cloud0 [34.5 kB]
INFO:kolla.common.utils.panko-api:Get:26 http://ubuntu-cloud.archive.canonical.com/ubuntu bionic-updates/ussuri/main s390x python3-keystonemiddleware all 7.0.1-0ubuntu1~cloud0 [68.6 kB]
INFO:kolla.common.utils.panko-api:Get:27 http://ubuntu-cloud.archive.canonical.com/ubuntu bionic-updates/ussuri/main s390x python3-migrate all 0.12.0-3~cloud0 [79.3 kB]
INFO:kolla.common.utils.panko-api:Get:28 http://ubuntu-cloud.archive.canonical.com/ubuntu bionic-updates/ussuri/main s390x python3-testscenarios all 0.5.0-2~cloud0 [13.5 kB]
INFO:kolla.common.utils.panko-api:Get:29 http://ubuntu-cloud.archive.canonical.com/ubuntu bionic-updates/ussuri/main s390x python3-oslo.db all 5.0.2-0ubuntu1~cloud0 [115 kB]
INFO:kolla.common.utils.panko-api:Get:30 http://ubuntu-cloud.archive.canonical.com/ubuntu bionic-updates/ussuri/main s390x python3-oslo.middleware all 3.38.1-0ubuntu1~cloud0 [33.1 kB]
INFO:kolla.common.utils.panko-api:Get:31 http://ubuntu-cloud.archive.canonical.com/ubuntu bionic-updates/ussuri/main s390x python3-oslo.policy all 2.3.2-0ubuntu1~cloud0 [50.3 kB]
INFO:kolla.common.utils.panko-api:Get:32 http://ubuntu-cloud.archive.canonical.com/ubuntu bionic-updates/ussuri/main s390x python3-psutil s390x 5.5.1-1build1~cloud0 [166 kB]
INFO:kolla.common.utils.panko-api:Get:33 http://ubuntu-cloud.archive.canonical.com/ubuntu bionic-updates/ussuri/main s390x python3-oslo.reports all 1.30.0-0ubuntu1~cloud0 [26.9 kB]
INFO:kolla.common.utils.panko-api:Get:34 http://ubuntu-cloud.archive.canonical.com/ubuntu bionic-updates/ussuri/main s390x python3-pecan all 1.3.3-0ubuntu2~cloud0 [104 kB]
INFO:kolla.common.utils.panko-api:Get:35 http://ubuntu-cloud.archive.canonical.com/ubuntu bionic-updates/ussuri/main s390x python3-tenacity all 5.1.1-0ubuntu2~cloud0 [34.9 kB]
INFO:kolla.common.utils.panko-api:Get:36 http://ubuntu-cloud.archive.canonical.com/ubuntu bionic-updates/ussuri/main s390x python3-wsme all 0.9.3-3~cloud0 [61.6 kB]
INFO:kolla.common.utils.panko-api:Get:37 http://ubuntu-cloud.archive.canonical.com/ubuntu bionic-updates/ussuri/main s390x python3-panko all 7.0.0-0ubuntu1~cloud0 [62.0 kB]
INFO:kolla.common.utils.panko-api:Get:38 http://ubuntu-cloud.archive.canonical.com/ubuntu bionic-updates/ussuri/main s390x panko-api all 7.0.0-0ubuntu1~cloud0 [4,852 B]
INFO:kolla.common.utils.panko-api:Fetched 3,383 kB in 0s (19.4 MB/s)
INFO:kolla.common.utils.panko-api:Selecting previously unselected package python3-sqlalchemy.
INFO:kolla.common.utils.panko-api:(Reading database ... 
INFO:kolla.common.utils.panko-api:(Reading database ... 5%(Reading database ... 10%(Reading database ... 15%(Reading database ... 20%(Reading database ... 25%(Reading database ... 30%(Reading database ... 35%(Reading database ... 40%(Reading database ... 45%(Reading database ... 50%(Reading database ... 55%(Reading database ... 60%
INFO:kolla.common.utils.panko-api:(Reading database ... 65%
INFO:kolla.common.utils.panko-api:(Reading database ... 70%
INFO:kolla.common.utils.panko-api:(Reading database ... 75%
INFO:kolla.common.utils.panko-api:(Reading database ... 80%(Reading database ... 85%
INFO:kolla.common.utils.panko-api:(Reading database ... 90%
INFO:kolla.common.utils.panko-api:(Reading database ... 95%
INFO:kolla.common.utils.panko-api:(Reading database ... 100%(Reading database ... 22967 files and directories currently installed.)
INFO:kolla.common.utils.panko-api:Preparing to unpack .../00-python3-sqlalchemy_1.2.18+ds1-2ubuntu2~cloud0_all.deb ...
INFO:kolla.common.utils.panko-api:Unpacking python3-sqlalchemy (1.2.18+ds1-2ubuntu2~cloud0) ...
INFO:kolla.common.utils.panko-api:Selecting previously unselected package python3-alembic.
INFO:kolla.common.utils.panko-api:Preparing to unpack .../01-python3-alembic_1.0.0-2ubuntu2~cloud0_all.deb ...
INFO:kolla.common.utils.panko-api:Unpacking python3-alembic (1.0.0-2ubuntu2~cloud0) ...
INFO:kolla.common.utils.panko-api:Selecting previously unselected package libjs-jquery.
INFO:kolla.common.utils.panko-api:Preparing to unpack .../02-libjs-jquery_3.2.1-1_all.deb ...
INFO:kolla.common.utils.panko-api:Unpacking libjs-jquery (3.2.1-1) ...
INFO:kolla.common.utils.panko-api:Selecting previously unselected package libjs-underscore.
INFO:kolla.common.utils.panko-api:Preparing to unpack .../03-libjs-underscore_1.8.3~dfsg-1_all.deb ...
INFO:kolla.common.utils.panko-api:Unpacking libjs-underscore (1.8.3~dfsg-1) ...
INFO:kolla.common.utils.panko-api:Selecting previously unselected package libjs-sphinxdoc.
INFO:kolla.common.utils.panko-api:Preparing to unpack .../04-libjs-sphinxdoc_1.8.5-3~cloud0_all.deb ...
INFO:kolla.common.utils.panko-api:Unpacking libjs-sphinxdoc (1.8.5-3~cloud0) ...
INFO:kolla.common.utils.panko-api:Selecting previously unselected package alembic.
INFO:kolla.common.utils.panko-api:Preparing to unpack .../05-alembic_1.0.0-2ubuntu2~cloud0_all.deb ...
INFO:kolla.common.utils.panko-api:Unpacking alembic (1.0.0-2ubuntu2~cloud0) ...
INFO:kolla.common.utils.panko-api:Selecting previously unselected package panko-common.
INFO:kolla.common.utils.panko-api:Preparing to unpack .../06-panko-common_7.0.0-0ubuntu1~cloud0_all.deb ...
INFO:kolla.common.utils.panko-api:Unpacking panko-common (7.0.0-0ubuntu1~cloud0) ...
INFO:kolla.common.utils.panko-api:Selecting previously unselected package python3-oslo.cache.
INFO:kolla.common.utils.panko-api:Preparing to unpack .../07-python3-oslo.cache_1.37.0-0ubuntu1~cloud0_all.deb ...
INFO:kolla.common.utils.panko-api:Unpacking python3-oslo.cache (1.37.0-0ubuntu1~cloud0) ...
INFO:kolla.common.utils.panko-api:Selecting previously unselected package pycadf-common.
INFO:kolla.common.utils.panko-api:Preparing to unpack .../08-pycadf-common_2.7.0-0ubuntu1_all.deb ...
INFO:kolla.common.utils.panko-api:Unpacking pycadf-common (2.7.0-0ubuntu1) ...
INFO:kolla.common.utils.panko-api:Selecting previously unselected package python3-pycadf.
INFO:kolla.common.utils.panko-api:Preparing to unpack .../09-python3-pycadf_2.7.0-0ubuntu1_all.deb ...
INFO:kolla.common.utils.panko-api:Unpacking python3-pycadf (2.7.0-0ubuntu1) ...
INFO:kolla.common.utils.panko-api:Selecting previously unselected package python3-keystonemiddleware.
INFO:kolla.common.utils.panko-api:Preparing to unpack .../10-python3-keystonemiddleware_7.0.1-0ubuntu1~cloud0_all.deb ...
INFO:kolla.common.utils.panko-api:Unpacking python3-keystonemiddleware (7.0.1-0ubuntu1~cloud0) ...
INFO:kolla.common.utils.panko-api:Selecting previously unselected package python3-sqlparse.
INFO:kolla.common.utils.panko-api:Preparing to unpack .../11-python3-sqlparse_0.2.4-0.1_all.deb ...
INFO:kolla.common.utils.panko-api:Unpacking python3-sqlparse (0.2.4-0.1) ...
INFO:kolla.common.utils.panko-api:Selecting previously unselected package python3-tempita.
INFO:kolla.common.utils.panko-api:Preparing to unpack .../12-python3-tempita_0.5.2-2_all.deb ...
INFO:kolla.common.utils.panko-api:Unpacking python3-tempita (0.5.2-2) ...
INFO:kolla.common.utils.panko-api:Selecting previously unselected package python3-migrate.
INFO:kolla.common.utils.panko-api:Preparing to unpack .../13-python3-migrate_0.12.0-3~cloud0_all.deb ...
INFO:kolla.common.utils.panko-api:Unpacking python3-migrate (0.12.0-3~cloud0) ...
INFO:kolla.common.utils.panko-api:Selecting previously unselected package python3-testresources.
INFO:kolla.common.utils.panko-api:Preparing to unpack .../14-python3-testresources_2.0.0-2_all.deb ...
INFO:kolla.common.utils.panko-api:Unpacking python3-testresources (2.0.0-2) ...
INFO:kolla.common.utils.panko-api:Selecting previously unselected package python3-testscenarios.
INFO:kolla.common.utils.panko-api:Preparing to unpack .../15-python3-testscenarios_0.5.0-2~cloud0_all.deb ...
INFO:kolla.common.utils.panko-api:Unpacking python3-testscenarios (0.5.0-2~cloud0) ...
INFO:kolla.common.utils.panko-api:Selecting previously unselected package python3-oslo.db.
INFO:kolla.common.utils.panko-api:Preparing to unpack .../16-python3-oslo.db_5.0.2-0ubuntu1~cloud0_all.deb ...
INFO:kolla.common.utils.panko-api:Unpacking python3-oslo.db (5.0.2-0ubuntu1~cloud0) ...
INFO:kolla.common.utils.panko-api:Selecting previously unselected package python3-jinja2.
INFO:kolla.common.utils.panko-api:Preparing to unpack .../17-python3-jinja2_2.10-1ubuntu0.18.04.1_all.deb ...
INFO:kolla.common.utils.panko-api:Unpacking python3-jinja2 (2.10-1ubuntu0.18.04.1) ...
INFO:kolla.common.utils.panko-api:Selecting previously unselected package python3-oslo.middleware.
INFO:kolla.common.utils.panko-api:Preparing to unpack .../18-python3-oslo.middleware_3.38.1-0ubuntu1~cloud0_all.deb ...
INFO:kolla.common.utils.panko-api:Unpacking python3-oslo.middleware (3.38.1-0ubuntu1~cloud0) ...
INFO:kolla.common.utils.panko-api:Selecting previously unselected package python3-oslo.policy.
INFO:kolla.common.utils.panko-api:Preparing to unpack .../19-python3-oslo.policy_2.3.2-0ubuntu1~cloud0_all.deb ...
INFO:kolla.common.utils.panko-api:Unpacking python3-oslo.policy (2.3.2-0ubuntu1~cloud0) ...
INFO:kolla.common.utils.panko-api:Selecting previously unselected package python3-psutil.
INFO:kolla.common.utils.panko-api:Preparing to unpack .../20-python3-psutil_5.5.1-1build1~cloud0_s390x.deb ...
INFO:kolla.common.utils.panko-api:Unpacking python3-psutil (5.5.1-1build1~cloud0) ...
INFO:kolla.common.utils.panko-api:Selecting previously unselected package python3-oslo.reports.
INFO:kolla.common.utils.panko-api:Preparing to unpack .../21-python3-oslo.reports_1.30.0-0ubuntu1~cloud0_all.deb ...
INFO:kolla.common.utils.panko-api:Unpacking python3-oslo.reports (1.30.0-0ubuntu1~cloud0) ...
INFO:kolla.common.utils.panko-api:Selecting previously unselected package python3-paste.
INFO:kolla.common.utils.panko-api:Preparing to unpack .../22-python3-paste_2.0.3+dfsg-4ubuntu1_all.deb ...
INFO:kolla.common.utils.panko-api:Unpacking python3-paste (2.0.3+dfsg-4ubuntu1) ...
INFO:kolla.common.utils.panko-api:Selecting previously unselected package python-pastedeploy-tpl.
INFO:kolla.common.utils.panko-api:Preparing to unpack .../23-python-pastedeploy-tpl_1.5.2-4_all.deb ...
INFO:kolla.common.utils.panko-api:Unpacking python-pastedeploy-tpl (1.5.2-4) ...
INFO:kolla.common.utils.panko-api:Selecting previously unselected package python3-pastedeploy.
INFO:kolla.common.utils.panko-api:Preparing to unpack .../24-python3-pastedeploy_1.5.2-4_all.deb ...
INFO:kolla.common.utils.panko-api:Unpacking python3-pastedeploy (1.5.2-4) ...
INFO:kolla.common.utils.panko-api:Selecting previously unselected package python3-logutils.
INFO:kolla.common.utils.panko-api:Preparing to unpack .../25-python3-logutils_0.3.3-5_all.deb ...
INFO:kolla.common.utils.panko-api:Unpacking python3-logutils (0.3.3-5) ...
INFO:kolla.common.utils.panko-api:Selecting previously unselected package python3-simplegeneric.
INFO:kolla.common.utils.panko-api:Preparing to unpack .../26-python3-simplegeneric_0.8.1-1_all.deb ...
INFO:kolla.common.utils.panko-api:Unpacking python3-simplegeneric (0.8.1-1) ...
INFO:kolla.common.utils.panko-api:Selecting previously unselected package python3-singledispatch.
INFO:kolla.common.utils.panko-api:Preparing to unpack .../27-python3-singledispatch_3.4.0.3-2_all.deb ...
INFO:kolla.common.utils.panko-api:Unpacking python3-singledispatch (3.4.0.3-2) ...
INFO:kolla.common.utils.panko-api:Selecting previously unselected package python3-bs4.
INFO:kolla.common.utils.panko-api:Preparing to unpack .../28-python3-bs4_4.6.0-1_all.deb ...
INFO:kolla.common.utils.panko-api:Unpacking python3-bs4 (4.6.0-1) ...
INFO:kolla.common.utils.panko-api:Selecting previously unselected package python3-waitress.
INFO:kolla.common.utils.panko-api:Preparing to unpack .../29-python3-waitress_1.0.1-1_all.deb ...
INFO:kolla.common.utils.panko-api:Unpacking python3-waitress (1.0.1-1) ...
INFO:kolla.common.utils.panko-api:Selecting previously unselected package python3-webtest.
INFO:kolla.common.utils.panko-api:Preparing to unpack .../30-python3-webtest_2.0.28-1ubuntu1_all.deb ...
INFO:kolla.common.utils.panko-api:Unpacking python3-webtest (2.0.28-1ubuntu1) ...
INFO:kolla.common.utils.panko-api:Selecting previously unselected package python3-pecan.
INFO:kolla.common.utils.panko-api:Preparing to unpack .../31-python3-pecan_1.3.3-0ubuntu2~cloud0_all.deb ...
INFO:kolla.common.utils.panko-api:Unpacking python3-pecan (1.3.3-0ubuntu2~cloud0) ...
INFO:kolla.common.utils.panko-api:Selecting previously unselected package python3-tenacity.
INFO:kolla.common.utils.panko-api:Preparing to unpack .../32-python3-tenacity_5.1.1-0ubuntu2~cloud0_all.deb ...
INFO:kolla.common.utils.panko-api:Unpacking python3-tenacity (5.1.1-0ubuntu2~cloud0) ...
INFO:kolla.common.utils.panko-api:Selecting previously unselected package python3-wsme.
INFO:kolla.common.utils.panko-api:Preparing to unpack .../33-python3-wsme_0.9.3-3~cloud0_all.deb ...
INFO:kolla.common.utils.panko-api:Unpacking python3-wsme (0.9.3-3~cloud0) ...
INFO:kolla.common.utils.panko-api:Selecting previously unselected package python3-bson.
INFO:kolla.common.utils.panko-api:Preparing to unpack .../34-python3-bson_3.6.1+dfsg1-1_s390x.deb ...
INFO:kolla.common.utils.panko-api:Unpacking python3-bson (3.6.1+dfsg1-1) ...
INFO:kolla.common.utils.panko-api:Selecting previously unselected package python3-pymongo.
INFO:kolla.common.utils.panko-api:Preparing to unpack .../35-python3-pymongo_3.6.1+dfsg1-1_s390x.deb ...
INFO:kolla.common.utils.panko-api:Unpacking python3-pymongo (3.6.1+dfsg1-1) ...
INFO:kolla.common.utils.panko-api:Selecting previously unselected package python3-panko.
INFO:kolla.common.utils.panko-api:Preparing to unpack .../36-python3-panko_7.0.0-0ubuntu1~cloud0_all.deb ...
INFO:kolla.common.utils.panko-api:Unpacking python3-panko (7.0.0-0ubuntu1~cloud0) ...
INFO:kolla.common.utils.panko-api:Selecting previously unselected package panko-api.
INFO:kolla.common.utils.panko-api:Preparing to unpack .../37-panko-api_7.0.0-0ubuntu1~cloud0_all.deb ...
INFO:kolla.common.utils.panko-api:Unpacking panko-api (7.0.0-0ubuntu1~cloud0) ...
INFO:kolla.common.utils.panko-api:Setting up python3-logutils (0.3.3-5) ...
INFO:kolla.common.utils.panko-api:Setting up libjs-jquery (3.2.1-1) ...
INFO:kolla.common.utils.panko-api:Setting up python3-sqlalchemy (1.2.18+ds1-2ubuntu2~cloud0) ...
INFO:kolla.common.utils.panko-api:Setting up python3-simplegeneric (0.8.1-1) ...
INFO:kolla.common.utils.panko-api:Setting up libjs-underscore (1.8.3~dfsg-1) ...
INFO:kolla.common.utils.panko-api:Setting up python3-waitress (1.0.1-1) ...
INFO:kolla.common.utils.panko-api:update-alternatives: 
INFO:kolla.common.utils.panko-api:using /usr/bin/waitress-serve-python3 to provide /usr/bin/waitress-serve (waitress-serve) in auto mode
INFO:kolla.common.utils.panko-api:
INFO:kolla.common.utils.panko-api:Setting up python3-sqlparse (0.2.4-0.1) ...
INFO:kolla.common.utils.panko-api:Setting up python3-tempita (0.5.2-2) ...
INFO:kolla.common.utils.panko-api:Setting up python3-singledispatch (3.4.0.3-2) ...
INFO:kolla.common.utils.panko-api:Setting up python3-alembic (1.0.0-2ubuntu2~cloud0) ...
INFO:kolla.common.utils.panko-api:Setting up libjs-sphinxdoc (1.8.5-3~cloud0) ...
INFO:kolla.common.utils.panko-api:Setting up python3-tenacity (5.1.1-0ubuntu2~cloud0) ...
INFO:kolla.common.utils.panko-api:Setting up python3-testscenarios (0.5.0-2~cloud0) ...
INFO:kolla.common.utils.panko-api:Setting up python3-bs4 (4.6.0-1) ...
INFO:kolla.common.utils.panko-api:Setting up python3-oslo.policy (2.3.2-0ubuntu1~cloud0) ...
INFO:kolla.common.utils.panko-api:Setting up python3-psutil (5.5.1-1build1~cloud0) ...
INFO:kolla.common.utils.panko-api:Setting up python3-testresources (2.0.0-2) ...
INFO:kolla.common.utils.panko-api:Setting up panko-common (7.0.0-0ubuntu1~cloud0) ...
INFO:kolla.common.utils.panko-api:Setting up pycadf-common (2.7.0-0ubuntu1) ...
INFO:kolla.common.utils.panko-api:Setting up python3-oslo.cache (1.37.0-0ubuntu1~cloud0) ...
INFO:kolla.common.utils.panko-api:Setting up python3-pycadf (2.7.0-0ubuntu1) ...
INFO:kolla.common.utils.panko-api:Setting up python3-jinja2 (2.10-1ubuntu0.18.04.1) ...
INFO:kolla.common.utils.panko-api:Setting up python3-paste (2.0.3+dfsg-4ubuntu1) ...
INFO:kolla.common.utils.panko-api:Setting up python3-migrate (0.12.0-3~cloud0) ...
INFO:kolla.common.utils.panko-api:Setting up python3-keystonemiddleware (7.0.1-0ubuntu1~cloud0) ...
INFO:kolla.common.utils.panko-api:Setting up python-pastedeploy-tpl (1.5.2-4) ...
INFO:kolla.common.utils.panko-api:Setting up alembic (1.0.0-2ubuntu2~cloud0) ...
INFO:kolla.common.utils.panko-api:Setting up python3-bson (3.6.1+dfsg1-1) ...
INFO:kolla.common.utils.panko-api:Setting up python3-oslo.middleware (3.38.1-0ubuntu1~cloud0) ...
INFO:kolla.common.utils.panko-api:Setting up python3-oslo.reports (1.30.0-0ubuntu1~cloud0) ...
INFO:kolla.common.utils.panko-api:Setting up python3-oslo.db (5.0.2-0ubuntu1~cloud0) ...
INFO:kolla.common.utils.panko-api:Setting up python3-wsme (0.9.3-3~cloud0) ...
INFO:kolla.common.utils.panko-api:Setting up python3-pymongo (3.6.1+dfsg1-1) ...
INFO:kolla.common.utils.panko-api:Setting up python3-pastedeploy (1.5.2-4) ...
INFO:kolla.common.utils.panko-api:Setting up python3-webtest (2.0.28-1ubuntu1) ...
INFO:kolla.common.utils.panko-api:Setting up python3-pecan (1.3.3-0ubuntu2~cloud0) ...
INFO:kolla.common.utils.panko-api:Setting up python3-panko (7.0.0-0ubuntu1~cloud0) ...
INFO:kolla.common.utils.panko-api:Setting up panko-api (7.0.0-0ubuntu1~cloud0) ...
INFO:kolla.common.utils.panko-api:apache2_invoke: Enable site panko-api.conf
INFO:kolla.common.utils.panko-api:invoke-rc.d: could not determine current runlevel
INFO:kolla.common.utils.panko-api:invoke-rc.d: policy-rc.d denied execution of reload.
INFO:kolla.common.utils.panko-api:Removing intermediate container 0ee9f8f18cd5
INFO:kolla.common.utils.panko-api: ---> 7cd57868d9ed
INFO:kolla.common.utils.panko-api:Step 4/5 : COPY extend_start.sh /usr/local/bin/kolla_panko_extend_start
INFO:kolla.common.utils.panko-api: ---> 263b217ef142
INFO:kolla.common.utils.panko-api:Step 5/5 : RUN chmod 755 /usr/local/bin/kolla_panko_extend_start
INFO:kolla.common.utils.panko-api: ---> Running in 0fcd6009ef64
INFO:kolla.common.utils.panko-api:Removing intermediate container 0fcd6009ef64
INFO:kolla.common.utils.panko-api: ---> 626a7844ac0b
INFO:kolla.common.utils.panko-api:Successfully built 626a7844ac0b
INFO:kolla.common.utils.panko-api:Successfully tagged s390x/ubuntu-binary-panko-api:9.1.0
INFO:kolla.common.utils.panko-api:Built at 2020-03-02 21:43:26.141169 (took 0:00:22.055914)
