INFO:kolla.common.utils.placement-api:Building started at 2020-03-02 21:45:57.873144
INFO:kolla.common.utils.placement-api:Step 1/5 : FROM s390x/ubuntu-binary-placement-base:9.1.0
INFO:kolla.common.utils.placement-api: ---> fc72f9db3397
INFO:kolla.common.utils.placement-api:Step 2/5 : LABEL maintainer="Kolla Project (https://launchpad.net/kolla)" name="placement-api" build-date="20200302"
INFO:kolla.common.utils.placement-api: ---> Running in 897ce2c5d311
INFO:kolla.common.utils.placement-api:Removing intermediate container 897ce2c5d311
INFO:kolla.common.utils.placement-api: ---> ecac66ee8e16
INFO:kolla.common.utils.placement-api:Step 3/5 : RUN apt-get update && apt-get -y install --no-install-recommends apache2 libapache2-mod-wsgi-py3 placement-api && apt-get clean && rm -rf /var/lib/apt/lists/*
INFO:kolla.common.utils.placement-api: ---> Running in 622145be0d74
INFO:kolla.common.utils.placement-api:Get:1 http://ports.ubuntu.com bionic InRelease [242 kB]
INFO:kolla.common.utils.placement-api:Ign:2 http://ubuntu-cloud.archive.canonical.com/ubuntu bionic-updates/ussuri InRelease
INFO:kolla.common.utils.placement-api:Get:3 http://ubuntu-cloud.archive.canonical.com/ubuntu bionic-updates/ussuri Release [7,884 B]
INFO:kolla.common.utils.placement-api:Get:4 http://ports.ubuntu.com bionic-updates InRelease [88.7 kB]
INFO:kolla.common.utils.placement-api:Get:5 http://ubuntu-cloud.archive.canonical.com/ubuntu bionic-updates/ussuri Release.gpg [543 B]
INFO:kolla.common.utils.placement-api:Get:6 http://ports.ubuntu.com bionic-security InRelease [88.7 kB]
INFO:kolla.common.utils.placement-api:Get:7 http://ports.ubuntu.com bionic-backports InRelease [74.6 kB]
INFO:kolla.common.utils.placement-api:Get:8 http://ports.ubuntu.com bionic/main s390x Packages [1,244 kB]
INFO:kolla.common.utils.placement-api:Get:9 http://ubuntu-cloud.archive.canonical.com/ubuntu bionic-updates/ussuri/main s390x Packages [145 kB]
INFO:kolla.common.utils.placement-api:Get:10 http://ports.ubuntu.com bionic/universe s390x Packages [10.8 MB]
INFO:kolla.common.utils.placement-api:Get:11 http://ports.ubuntu.com bionic-updates/universe s390x Packages [1,075 kB]
INFO:kolla.common.utils.placement-api:Get:12 http://ports.ubuntu.com bionic-updates/main s390x Packages [730 kB]
INFO:kolla.common.utils.placement-api:Get:13 http://ports.ubuntu.com bionic-security/main s390x Packages [467 kB]
INFO:kolla.common.utils.placement-api:Get:14 http://ports.ubuntu.com bionic-security/universe s390x Packages [625 kB]
INFO:kolla.common.utils.placement-api:Get:15 http://ports.ubuntu.com bionic-backports/universe s390x Packages [4,242 B]
INFO:kolla.common.utils.placement-api:Get:16 http://ports.ubuntu.com bionic-backports/main s390x Packages [2,494 B]
INFO:kolla.common.utils.placement-api:Fetched 15.6 MB in 3s (4,804 kB/s)
INFO:kolla.common.utils.placement-api:Reading package lists...
INFO:kolla.common.utils.placement-api:Reading package lists...
INFO:kolla.common.utils.placement-api:Building dependency tree...
INFO:kolla.common.utils.placement-api:Reading state information...
INFO:kolla.common.utils.placement-api:The following additional packages will be installed:
INFO:kolla.common.utils.placement-api:  alembic apache2-bin apache2-data apache2-utils libapr1 libaprutil1
INFO:kolla.common.utils.placement-api:  libaprutil1-dbd-sqlite3 libaprutil1-ldap libjs-jquery libjs-sphinxdoc
INFO:kolla.common.utils.placement-api:  libjs-underscore liblua5.2-0 libpython3.6 pycadf-common
INFO:kolla.common.utils.placement-api:  python-pastedeploy-tpl python3-alembic python3-amqp python3-anyjson
INFO:kolla.common.utils.placement-api:  python3-cachetools python3-jinja2 python3-keystonemiddleware python3-kombu
INFO:kolla.common.utils.placement-api:  python3-microversion-parse python3-migrate python3-os-resource-classes
INFO:kolla.common.utils.placement-api:  python3-os-traits python3-oslo.cache python3-oslo.db python3-oslo.messaging
INFO:kolla.common.utils.placement-api:  python3-oslo.middleware python3-oslo.policy python3-oslo.service
INFO:kolla.common.utils.placement-api:  python3-oslo.upgradecheck python3-oslo.versionedobjects python3-paste
INFO:kolla.common.utils.placement-api:  python3-pastedeploy python3-placement python3-pycadf python3-repoze.lru
INFO:kolla.common.utils.placement-api:  python3-routes python3-sqlalchemy python3-sqlparse python3-tempita
INFO:kolla.common.utils.placement-api:  python3-tenacity python3-testresources python3-testscenarios python3-vine
INFO:kolla.common.utils.placement-api:Suggested packages:
INFO:kolla.common.utils.placement-api:  www-browser apache2-doc apache2-suexec-pristine | apache2-suexec-custom ufw
INFO:kolla.common.utils.placement-api:  python3-editor python-amqp-doc python-jinja2-doc python-kombu-doc
INFO:kolla.common.utils.placement-api:  python3-boto python3-django python3-pymongo python-microversion-parse-doc
INFO:kolla.common.utils.placement-api:  python-migrate-doc python-os-traits-doc python-oslo.cache-doc
INFO:kolla.common.utils.placement-api:  python3-confluent-kafka python-oslo.middleware-doc python-oslo.policy-doc
INFO:kolla.common.utils.placement-api:  python-oslo.service-doc python-oslo.versionedobjects-doc
INFO:kolla.common.utils.placement-api:  libapache2-mod-python libapache2-mod-scgi libjs-mochikit
INFO:kolla.common.utils.placement-api:  python-sqlalchemy-doc python3-fdb python-sqlparse-doc python-tenacity-doc
INFO:kolla.common.utils.placement-api:Recommended packages:
INFO:kolla.common.utils.placement-api:  ssl-cert javascript-common python3-pastescript python3-sqlalchemy-ext
INFO:kolla.common.utils.placement-api:The following NEW packages will be installed:
INFO:kolla.common.utils.placement-api:  alembic apache2 apache2-bin apache2-data apache2-utils
INFO:kolla.common.utils.placement-api:  libapache2-mod-wsgi-py3 libapr1 libaprutil1 libaprutil1-dbd-sqlite3
INFO:kolla.common.utils.placement-api:  libaprutil1-ldap libjs-jquery libjs-sphinxdoc libjs-underscore liblua5.2-0
INFO:kolla.common.utils.placement-api:  libpython3.6 placement-api pycadf-common python-pastedeploy-tpl
INFO:kolla.common.utils.placement-api:  python3-alembic python3-amqp python3-anyjson python3-cachetools
INFO:kolla.common.utils.placement-api:  python3-jinja2 python3-keystonemiddleware python3-kombu
INFO:kolla.common.utils.placement-api:  python3-microversion-parse python3-migrate python3-os-resource-classes
INFO:kolla.common.utils.placement-api:  python3-os-traits python3-oslo.cache python3-oslo.db python3-oslo.messaging
INFO:kolla.common.utils.placement-api:  python3-oslo.middleware python3-oslo.policy python3-oslo.service
INFO:kolla.common.utils.placement-api:  python3-oslo.upgradecheck python3-oslo.versionedobjects python3-paste
INFO:kolla.common.utils.placement-api:  python3-pastedeploy python3-placement python3-pycadf python3-repoze.lru
INFO:kolla.common.utils.placement-api:  python3-routes python3-sqlalchemy python3-sqlparse python3-tempita
INFO:kolla.common.utils.placement-api:  python3-tenacity python3-testresources python3-testscenarios python3-vine
INFO:kolla.common.utils.placement-api:0 upgraded, 50 newly installed, 0 to remove and 0 not upgraded.
INFO:kolla.common.utils.placement-api:Need to get 6,316 kB of archives.
INFO:kolla.common.utils.placement-api:After this operation, 29.9 MB of additional disk space will be used.
INFO:kolla.common.utils.placement-api:Get:1 http://ubuntu-cloud.archive.canonical.com/ubuntu bionic-updates/ussuri/main s390x python3-sqlalchemy all 1.2.18+ds1-2ubuntu2~cloud0 [728 kB]
INFO:kolla.common.utils.placement-api:Get:2 http://ports.ubuntu.com bionic/main s390x libapr1 s390x 1.6.3-2 [87.4 kB]
INFO:kolla.common.utils.placement-api:Get:3 http://ports.ubuntu.com bionic/main s390x libaprutil1 s390x 1.6.1-2 [81.8 kB]
INFO:kolla.common.utils.placement-api:Get:4 http://ubuntu-cloud.archive.canonical.com/ubuntu bionic-updates/ussuri/main s390x python3-alembic all 1.0.0-2ubuntu2~cloud0 [111 kB]
INFO:kolla.common.utils.placement-api:Get:5 http://ports.ubuntu.com bionic/main s390x libaprutil1-dbd-sqlite3 s390x 1.6.1-2 [10.4 kB]
INFO:kolla.common.utils.placement-api:Get:6 http://ports.ubuntu.com bionic/main s390x libaprutil1-ldap s390x 1.6.1-2 [8,652 B]
INFO:kolla.common.utils.placement-api:Get:7 http://ports.ubuntu.com bionic/main s390x liblua5.2-0 s390x 5.2.4-1.1build1 [99.9 kB]
INFO:kolla.common.utils.placement-api:Get:8 http://ubuntu-cloud.archive.canonical.com/ubuntu bionic-updates/ussuri/main s390x libjs-sphinxdoc all 1.8.5-3~cloud0 [96.6 kB]
INFO:kolla.common.utils.placement-api:Get:9 http://ports.ubuntu.com bionic-updates/main s390x apache2-bin s390x 2.4.29-1ubuntu4.12 [978 kB]
INFO:kolla.common.utils.placement-api:Get:10 http://ubuntu-cloud.archive.canonical.com/ubuntu bionic-updates/ussuri/main s390x alembic all 1.0.0-2ubuntu2~cloud0 [369 kB]
INFO:kolla.common.utils.placement-api:Get:11 http://ubuntu-cloud.archive.canonical.com/ubuntu bionic-updates/ussuri/main s390x python3-oslo.cache all 1.37.0-0ubuntu1~cloud0 [34.5 kB]
INFO:kolla.common.utils.placement-api:Get:12 http://ubuntu-cloud.archive.canonical.com/ubuntu bionic-updates/ussuri/main s390x python3-keystonemiddleware all 7.0.1-0ubuntu1~cloud0 [68.6 kB]
INFO:kolla.common.utils.placement-api:Get:13 http://ubuntu-cloud.archive.canonical.com/ubuntu bionic-updates/ussuri/main s390x python3-microversion-parse all 0.2.1-0ubuntu2~cloud0 [11.3 kB]
INFO:kolla.common.utils.placement-api:Get:14 http://ubuntu-cloud.archive.canonical.com/ubuntu bionic-updates/ussuri/main s390x python3-os-resource-classes all 0.5.0-0ubuntu1~cloud0 [6,420 B]
INFO:kolla.common.utils.placement-api:Get:15 http://ubuntu-cloud.archive.canonical.com/ubuntu bionic-updates/ussuri/main s390x python3-os-traits all 0.16.0-0ubuntu1~cloud0 [13.8 kB]
INFO:kolla.common.utils.placement-api:Get:16 http://ubuntu-cloud.archive.canonical.com/ubuntu bionic-updates/ussuri/main s390x python3-migrate all 0.12.0-3~cloud0 [79.3 kB]
INFO:kolla.common.utils.placement-api:Get:17 http://ubuntu-cloud.archive.canonical.com/ubuntu bionic-updates/ussuri/main s390x python3-testscenarios all 0.5.0-2~cloud0 [13.5 kB]
INFO:kolla.common.utils.placement-api:Get:18 http://ubuntu-cloud.archive.canonical.com/ubuntu bionic-updates/ussuri/main s390x python3-oslo.db all 5.0.2-0ubuntu1~cloud0 [115 kB]
INFO:kolla.common.utils.placement-api:Get:19 http://ubuntu-cloud.archive.canonical.com/ubuntu bionic-updates/ussuri/main s390x python3-oslo.middleware all 3.38.1-0ubuntu1~cloud0 [33.1 kB]
INFO:kolla.common.utils.placement-api:Get:20 http://ubuntu-cloud.archive.canonical.com/ubuntu bionic-updates/ussuri/main s390x python3-oslo.policy all 2.3.2-0ubuntu1~cloud0 [50.3 kB]
INFO:kolla.common.utils.placement-api:Get:21 http://ubuntu-cloud.archive.canonical.com/ubuntu bionic-updates/ussuri/main s390x python3-oslo.upgradecheck all 0.3.2-0ubuntu1~cloud0 [7,484 B]
INFO:kolla.common.utils.placement-api:Get:22 http://ubuntu-cloud.archive.canonical.com/ubuntu bionic-updates/ussuri/main s390x python3-amqp all 2.5.0-2~cloud0 [42.2 kB]
INFO:kolla.common.utils.placement-api:Get:23 http://ports.ubuntu.com bionic-updates/main s390x apache2-utils s390x 2.4.29-1ubuntu4.12 [81.3 kB]
INFO:kolla.common.utils.placement-api:Get:24 http://ports.ubuntu.com bionic-updates/main s390x apache2-data all 2.4.29-1ubuntu4.12 [160 kB]
INFO:kolla.common.utils.placement-api:Get:25 http://ubuntu-cloud.archive.canonical.com/ubuntu bionic-updates/ussuri/main s390x python3-cachetools all 3.1.0-2~cloud0 [9,892 B]
INFO:kolla.common.utils.placement-api:Get:26 http://ubuntu-cloud.archive.canonical.com/ubuntu bionic-updates/ussuri/main s390x python3-oslo.service all 1.40.2-0ubuntu1~cloud0 [50.6 kB]
INFO:kolla.common.utils.placement-api:Get:27 http://ubuntu-cloud.archive.canonical.com/ubuntu bionic-updates/ussuri/main s390x python3-tenacity all 5.1.1-0ubuntu2~cloud0 [34.9 kB]
INFO:kolla.common.utils.placement-api:Get:28 http://ports.ubuntu.com bionic-updates/main s390x apache2 s390x 2.4.29-1ubuntu4.12 [95.1 kB]
INFO:kolla.common.utils.placement-api:Get:29 http://ubuntu-cloud.archive.canonical.com/ubuntu bionic-updates/ussuri/main s390x python3-oslo.messaging all 9.7.1-0ubuntu3~cloud0 [149 kB]
INFO:kolla.common.utils.placement-api:Get:30 http://ports.ubuntu.com bionic/main s390x libjs-jquery all 3.2.1-1 [152 kB]
INFO:kolla.common.utils.placement-api:Get:31 http://ports.ubuntu.com bionic/main s390x libjs-underscore all 1.8.3~dfsg-1 [59.9 kB]
INFO:kolla.common.utils.placement-api:Get:32 http://ubuntu-cloud.archive.canonical.com/ubuntu bionic-updates/ussuri/main s390x python3-oslo.versionedobjects all 1.36.1-0ubuntu1~cloud0 [59.1 kB]
INFO:kolla.common.utils.placement-api:Get:33 http://ports.ubuntu.com bionic-updates/main s390x libpython3.6 s390x 3.6.9-1~18.04 [1,284 kB]
INFO:kolla.common.utils.placement-api:Get:34 http://ubuntu-cloud.archive.canonical.com/ubuntu bionic-updates/ussuri/main s390x python3-placement all 2.0.0-0ubuntu1~cloud0 [200 kB]
INFO:kolla.common.utils.placement-api:Get:35 http://ports.ubuntu.com bionic-updates/universe s390x libapache2-mod-wsgi-py3 s390x 4.5.17-1ubuntu1 [81.9 kB]
INFO:kolla.common.utils.placement-api:Get:36 http://ports.ubuntu.com bionic/main s390x pycadf-common all 2.7.0-0ubuntu1 [4,440 B]
INFO:kolla.common.utils.placement-api:Get:37 http://ports.ubuntu.com bionic/universe s390x python3-pycadf all 2.7.0-0ubuntu1 [17.4 kB]
INFO:kolla.common.utils.placement-api:Get:38 http://ports.ubuntu.com bionic/main s390x python3-sqlparse all 0.2.4-0.1 [28.1 kB]
INFO:kolla.common.utils.placement-api:Get:39 http://ports.ubuntu.com bionic/main s390x python3-tempita all 0.5.2-2 [13.9 kB]
INFO:kolla.common.utils.placement-api:Get:40 http://ports.ubuntu.com bionic/universe s390x python3-testresources all 2.0.0-2 [26.4 kB]
INFO:kolla.common.utils.placement-api:Get:41 http://ports.ubuntu.com bionic-updates/main s390x python3-jinja2 all 2.10-1ubuntu0.18.04.1 [95.4 kB]
INFO:kolla.common.utils.placement-api:Get:42 http://ports.ubuntu.com bionic/main s390x python3-vine all 1.1.4+dfsg-2 [15.7 kB]
INFO:kolla.common.utils.placement-api:Get:43 http://ports.ubuntu.com bionic/universe s390x python3-anyjson all 0.3.3-1build1 [7,062 B]
INFO:kolla.common.utils.placement-api:Get:44 http://ports.ubuntu.com bionic/universe s390x python3-kombu all 4.1.0-1 [126 kB]
INFO:kolla.common.utils.placement-api:Get:45 http://ports.ubuntu.com bionic/main s390x python3-paste all 2.0.3+dfsg-4ubuntu1 [456 kB]
INFO:kolla.common.utils.placement-api:Get:46 http://ports.ubuntu.com bionic/main s390x python-pastedeploy-tpl all 1.5.2-4 [4,796 B]
INFO:kolla.common.utils.placement-api:Get:47 http://ports.ubuntu.com bionic/main s390x python3-pastedeploy all 1.5.2-4 [13.4 kB]
INFO:kolla.common.utils.placement-api:Get:48 http://ubuntu-cloud.archive.canonical.com/ubuntu bionic-updates/ussuri/main s390x placement-api all 2.0.0-0ubuntu1~cloud0 [4,100 B]
INFO:kolla.common.utils.placement-api:Get:49 http://ports.ubuntu.com bionic/universe s390x python3-repoze.lru all 0.7-1 [11.7 kB]
INFO:kolla.common.utils.placement-api:Get:50 http://ports.ubuntu.com bionic/universe s390x python3-routes all 2.4.1-1 [28.4 kB]
INFO:kolla.common.utils.placement-api:Fetched 6,316 kB in 0s (31.7 MB/s)
INFO:kolla.common.utils.placement-api:Selecting previously unselected package libapr1:s390x.
INFO:kolla.common.utils.placement-api:(Reading database ... 
INFO:kolla.common.utils.placement-api:(Reading database ... 5%(Reading database ... 10%(Reading database ... 15%(Reading database ... 20%(Reading database ... 25%(Reading database ... 30%(Reading database ... 35%(Reading database ... 40%(Reading database ... 45%(Reading database ... 50%(Reading database ... 55%(Reading database ... 60%
INFO:kolla.common.utils.placement-api:(Reading database ... 65%(Reading database ... 70%(Reading database ... 75%(Reading database ... 80%
INFO:kolla.common.utils.placement-api:(Reading database ... 85%(Reading database ... 90%(Reading database ... 95%(Reading database ... 100%(Reading database ... 22328 files and directories currently installed.)
INFO:kolla.common.utils.placement-api:Preparing to unpack .../00-libapr1_1.6.3-2_s390x.deb ...
INFO:kolla.common.utils.placement-api:Unpacking libapr1:s390x (1.6.3-2) ...
INFO:kolla.common.utils.placement-api:Selecting previously unselected package libaprutil1:s390x.
INFO:kolla.common.utils.placement-api:Preparing to unpack .../01-libaprutil1_1.6.1-2_s390x.deb ...
INFO:kolla.common.utils.placement-api:Unpacking libaprutil1:s390x (1.6.1-2) ...
INFO:kolla.common.utils.placement-api:Selecting previously unselected package libaprutil1-dbd-sqlite3:s390x.
INFO:kolla.common.utils.placement-api:Preparing to unpack .../02-libaprutil1-dbd-sqlite3_1.6.1-2_s390x.deb ...
INFO:kolla.common.utils.placement-api:Unpacking libaprutil1-dbd-sqlite3:s390x (1.6.1-2) ...
INFO:kolla.common.utils.placement-api:Selecting previously unselected package libaprutil1-ldap:s390x.
INFO:kolla.common.utils.placement-api:Preparing to unpack .../03-libaprutil1-ldap_1.6.1-2_s390x.deb ...
INFO:kolla.common.utils.placement-api:Unpacking libaprutil1-ldap:s390x (1.6.1-2) ...
INFO:kolla.common.utils.placement-api:Selecting previously unselected package liblua5.2-0:s390x.
INFO:kolla.common.utils.placement-api:Preparing to unpack .../04-liblua5.2-0_5.2.4-1.1build1_s390x.deb ...
INFO:kolla.common.utils.placement-api:Unpacking liblua5.2-0:s390x (5.2.4-1.1build1) ...
INFO:kolla.common.utils.placement-api:Selecting previously unselected package apache2-bin.
INFO:kolla.common.utils.placement-api:Preparing to unpack .../05-apache2-bin_2.4.29-1ubuntu4.12_s390x.deb ...
INFO:kolla.common.utils.placement-api:Unpacking apache2-bin (2.4.29-1ubuntu4.12) ...
INFO:kolla.common.utils.placement-api:Selecting previously unselected package apache2-utils.
INFO:kolla.common.utils.placement-api:Preparing to unpack .../06-apache2-utils_2.4.29-1ubuntu4.12_s390x.deb ...
INFO:kolla.common.utils.placement-api:Unpacking apache2-utils (2.4.29-1ubuntu4.12) ...
INFO:kolla.common.utils.placement-api:Selecting previously unselected package apache2-data.
INFO:kolla.common.utils.placement-api:Preparing to unpack .../07-apache2-data_2.4.29-1ubuntu4.12_all.deb ...
INFO:kolla.common.utils.placement-api:Unpacking apache2-data (2.4.29-1ubuntu4.12) ...
INFO:kolla.common.utils.placement-api:Selecting previously unselected package apache2.
INFO:kolla.common.utils.placement-api:Preparing to unpack .../08-apache2_2.4.29-1ubuntu4.12_s390x.deb ...
INFO:kolla.common.utils.placement-api:Unpacking apache2 (2.4.29-1ubuntu4.12) ...
INFO:kolla.common.utils.placement-api:Selecting previously unselected package python3-sqlalchemy.
INFO:kolla.common.utils.placement-api:Preparing to unpack .../09-python3-sqlalchemy_1.2.18+ds1-2ubuntu2~cloud0_all.deb ...
INFO:kolla.common.utils.placement-api:Unpacking python3-sqlalchemy (1.2.18+ds1-2ubuntu2~cloud0) ...
INFO:kolla.common.utils.placement-api:Selecting previously unselected package python3-alembic.
INFO:kolla.common.utils.placement-api:Preparing to unpack .../10-python3-alembic_1.0.0-2ubuntu2~cloud0_all.deb ...
INFO:kolla.common.utils.placement-api:Unpacking python3-alembic (1.0.0-2ubuntu2~cloud0) ...
INFO:kolla.common.utils.placement-api:Selecting previously unselected package libjs-jquery.
INFO:kolla.common.utils.placement-api:Preparing to unpack .../11-libjs-jquery_3.2.1-1_all.deb ...
INFO:kolla.common.utils.placement-api:Unpacking libjs-jquery (3.2.1-1) ...
INFO:kolla.common.utils.placement-api:Selecting previously unselected package libjs-underscore.
INFO:kolla.common.utils.placement-api:Preparing to unpack .../12-libjs-underscore_1.8.3~dfsg-1_all.deb ...
INFO:kolla.common.utils.placement-api:Unpacking libjs-underscore (1.8.3~dfsg-1) ...
INFO:kolla.common.utils.placement-api:Selecting previously unselected package libjs-sphinxdoc.
INFO:kolla.common.utils.placement-api:Preparing to unpack .../13-libjs-sphinxdoc_1.8.5-3~cloud0_all.deb ...
INFO:kolla.common.utils.placement-api:Unpacking libjs-sphinxdoc (1.8.5-3~cloud0) ...
INFO:kolla.common.utils.placement-api:Selecting previously unselected package alembic.
INFO:kolla.common.utils.placement-api:Preparing to unpack .../14-alembic_1.0.0-2ubuntu2~cloud0_all.deb ...
INFO:kolla.common.utils.placement-api:Unpacking alembic (1.0.0-2ubuntu2~cloud0) ...
INFO:kolla.common.utils.placement-api:Selecting previously unselected package libpython3.6:s390x.
INFO:kolla.common.utils.placement-api:Preparing to unpack .../15-libpython3.6_3.6.9-1~18.04_s390x.deb ...
INFO:kolla.common.utils.placement-api:Unpacking libpython3.6:s390x (3.6.9-1~18.04) ...
INFO:kolla.common.utils.placement-api:Selecting previously unselected package libapache2-mod-wsgi-py3.
INFO:kolla.common.utils.placement-api:Preparing to unpack .../16-libapache2-mod-wsgi-py3_4.5.17-1ubuntu1_s390x.deb ...
INFO:kolla.common.utils.placement-api:Unpacking libapache2-mod-wsgi-py3 (4.5.17-1ubuntu1) ...
INFO:kolla.common.utils.placement-api:Selecting previously unselected package python3-oslo.cache.
INFO:kolla.common.utils.placement-api:Preparing to unpack .../17-python3-oslo.cache_1.37.0-0ubuntu1~cloud0_all.deb ...
INFO:kolla.common.utils.placement-api:Unpacking python3-oslo.cache (1.37.0-0ubuntu1~cloud0) ...
INFO:kolla.common.utils.placement-api:Selecting previously unselected package pycadf-common.
INFO:kolla.common.utils.placement-api:Preparing to unpack .../18-pycadf-common_2.7.0-0ubuntu1_all.deb ...
INFO:kolla.common.utils.placement-api:Unpacking pycadf-common (2.7.0-0ubuntu1) ...
INFO:kolla.common.utils.placement-api:Selecting previously unselected package python3-pycadf.
INFO:kolla.common.utils.placement-api:Preparing to unpack .../19-python3-pycadf_2.7.0-0ubuntu1_all.deb ...
INFO:kolla.common.utils.placement-api:Unpacking python3-pycadf (2.7.0-0ubuntu1) ...
INFO:kolla.common.utils.placement-api:Selecting previously unselected package python3-keystonemiddleware.
INFO:kolla.common.utils.placement-api:Preparing to unpack .../20-python3-keystonemiddleware_7.0.1-0ubuntu1~cloud0_all.deb ...
INFO:kolla.common.utils.placement-api:Unpacking python3-keystonemiddleware (7.0.1-0ubuntu1~cloud0) ...
INFO:kolla.common.utils.placement-api:Selecting previously unselected package python3-microversion-parse.
INFO:kolla.common.utils.placement-api:Preparing to unpack .../21-python3-microversion-parse_0.2.1-0ubuntu2~cloud0_all.deb ...
INFO:kolla.common.utils.placement-api:Unpacking python3-microversion-parse (0.2.1-0ubuntu2~cloud0) ...
INFO:kolla.common.utils.placement-api:Selecting previously unselected package python3-os-resource-classes.
INFO:kolla.common.utils.placement-api:Preparing to unpack .../22-python3-os-resource-classes_0.5.0-0ubuntu1~cloud0_all.deb ...
INFO:kolla.common.utils.placement-api:Unpacking python3-os-resource-classes (0.5.0-0ubuntu1~cloud0) ...
INFO:kolla.common.utils.placement-api:Selecting previously unselected package python3-os-traits.
INFO:kolla.common.utils.placement-api:Preparing to unpack .../23-python3-os-traits_0.16.0-0ubuntu1~cloud0_all.deb ...
INFO:kolla.common.utils.placement-api:Unpacking python3-os-traits (0.16.0-0ubuntu1~cloud0) ...
INFO:kolla.common.utils.placement-api:Selecting previously unselected package python3-sqlparse.
INFO:kolla.common.utils.placement-api:Preparing to unpack .../24-python3-sqlparse_0.2.4-0.1_all.deb ...
INFO:kolla.common.utils.placement-api:Unpacking python3-sqlparse (0.2.4-0.1) ...
INFO:kolla.common.utils.placement-api:Selecting previously unselected package python3-tempita.
INFO:kolla.common.utils.placement-api:Preparing to unpack .../25-python3-tempita_0.5.2-2_all.deb ...
INFO:kolla.common.utils.placement-api:Unpacking python3-tempita (0.5.2-2) ...
INFO:kolla.common.utils.placement-api:Selecting previously unselected package python3-migrate.
INFO:kolla.common.utils.placement-api:Preparing to unpack .../26-python3-migrate_0.12.0-3~cloud0_all.deb ...
INFO:kolla.common.utils.placement-api:Unpacking python3-migrate (0.12.0-3~cloud0) ...
INFO:kolla.common.utils.placement-api:Selecting previously unselected package python3-testresources.
INFO:kolla.common.utils.placement-api:Preparing to unpack .../27-python3-testresources_2.0.0-2_all.deb ...
INFO:kolla.common.utils.placement-api:Unpacking python3-testresources (2.0.0-2) ...
INFO:kolla.common.utils.placement-api:Selecting previously unselected package python3-testscenarios.
INFO:kolla.common.utils.placement-api:Preparing to unpack .../28-python3-testscenarios_0.5.0-2~cloud0_all.deb ...
INFO:kolla.common.utils.placement-api:Unpacking python3-testscenarios (0.5.0-2~cloud0) ...
INFO:kolla.common.utils.placement-api:Selecting previously unselected package python3-oslo.db.
INFO:kolla.common.utils.placement-api:Preparing to unpack .../29-python3-oslo.db_5.0.2-0ubuntu1~cloud0_all.deb ...
INFO:kolla.common.utils.placement-api:Unpacking python3-oslo.db (5.0.2-0ubuntu1~cloud0) ...
INFO:kolla.common.utils.placement-api:Selecting previously unselected package python3-jinja2.
INFO:kolla.common.utils.placement-api:Preparing to unpack .../30-python3-jinja2_2.10-1ubuntu0.18.04.1_all.deb ...
INFO:kolla.common.utils.placement-api:Unpacking python3-jinja2 (2.10-1ubuntu0.18.04.1) ...
INFO:kolla.common.utils.placement-api:Selecting previously unselected package python3-oslo.middleware.
INFO:kolla.common.utils.placement-api:Preparing to unpack .../31-python3-oslo.middleware_3.38.1-0ubuntu1~cloud0_all.deb ...
INFO:kolla.common.utils.placement-api:Unpacking python3-oslo.middleware (3.38.1-0ubuntu1~cloud0) ...
INFO:kolla.common.utils.placement-api:Selecting previously unselected package python3-oslo.policy.
INFO:kolla.common.utils.placement-api:Preparing to unpack .../32-python3-oslo.policy_2.3.2-0ubuntu1~cloud0_all.deb ...
INFO:kolla.common.utils.placement-api:Unpacking python3-oslo.policy (2.3.2-0ubuntu1~cloud0) ...
INFO:kolla.common.utils.placement-api:Selecting previously unselected package python3-oslo.upgradecheck.
INFO:kolla.common.utils.placement-api:Preparing to unpack .../33-python3-oslo.upgradecheck_0.3.2-0ubuntu1~cloud0_all.deb ...
INFO:kolla.common.utils.placement-api:Unpacking python3-oslo.upgradecheck (0.3.2-0ubuntu1~cloud0) ...
INFO:kolla.common.utils.placement-api:Selecting previously unselected package python3-vine.
INFO:kolla.common.utils.placement-api:Preparing to unpack .../34-python3-vine_1.1.4+dfsg-2_all.deb ...
INFO:kolla.common.utils.placement-api:Unpacking python3-vine (1.1.4+dfsg-2) ...
INFO:kolla.common.utils.placement-api:Selecting previously unselected package python3-amqp.
INFO:kolla.common.utils.placement-api:Preparing to unpack .../35-python3-amqp_2.5.0-2~cloud0_all.deb ...
INFO:kolla.common.utils.placement-api:Unpacking python3-amqp (2.5.0-2~cloud0) ...
INFO:kolla.common.utils.placement-api:Selecting previously unselected package python3-cachetools.
INFO:kolla.common.utils.placement-api:Preparing to unpack .../36-python3-cachetools_3.1.0-2~cloud0_all.deb ...
INFO:kolla.common.utils.placement-api:Unpacking python3-cachetools (3.1.0-2~cloud0) ...
INFO:kolla.common.utils.placement-api:Selecting previously unselected package python3-anyjson.
INFO:kolla.common.utils.placement-api:Preparing to unpack .../37-python3-anyjson_0.3.3-1build1_all.deb ...
INFO:kolla.common.utils.placement-api:Unpacking python3-anyjson (0.3.3-1build1) ...
INFO:kolla.common.utils.placement-api:Selecting previously unselected package python3-kombu.
INFO:kolla.common.utils.placement-api:Preparing to unpack .../38-python3-kombu_4.1.0-1_all.deb ...
INFO:kolla.common.utils.placement-api:Unpacking python3-kombu (4.1.0-1) ...
INFO:kolla.common.utils.placement-api:Selecting previously unselected package python3-paste.
INFO:kolla.common.utils.placement-api:Preparing to unpack .../39-python3-paste_2.0.3+dfsg-4ubuntu1_all.deb ...
INFO:kolla.common.utils.placement-api:Unpacking python3-paste (2.0.3+dfsg-4ubuntu1) ...
INFO:kolla.common.utils.placement-api:Selecting previously unselected package python-pastedeploy-tpl.
INFO:kolla.common.utils.placement-api:Preparing to unpack .../40-python-pastedeploy-tpl_1.5.2-4_all.deb ...
INFO:kolla.common.utils.placement-api:Unpacking python-pastedeploy-tpl (1.5.2-4) ...
INFO:kolla.common.utils.placement-api:Selecting previously unselected package python3-pastedeploy.
INFO:kolla.common.utils.placement-api:Preparing to unpack .../41-python3-pastedeploy_1.5.2-4_all.deb ...
INFO:kolla.common.utils.placement-api:Unpacking python3-pastedeploy (1.5.2-4) ...
INFO:kolla.common.utils.placement-api:Selecting previously unselected package python3-repoze.lru.
INFO:kolla.common.utils.placement-api:Preparing to unpack .../42-python3-repoze.lru_0.7-1_all.deb ...
INFO:kolla.common.utils.placement-api:Unpacking python3-repoze.lru (0.7-1) ...
INFO:kolla.common.utils.placement-api:Selecting previously unselected package python3-routes.
INFO:kolla.common.utils.placement-api:Preparing to unpack .../43-python3-routes_2.4.1-1_all.deb ...
INFO:kolla.common.utils.placement-api:Unpacking python3-routes (2.4.1-1) ...
INFO:kolla.common.utils.placement-api:Selecting previously unselected package python3-oslo.service.
INFO:kolla.common.utils.placement-api:Preparing to unpack .../44-python3-oslo.service_1.40.2-0ubuntu1~cloud0_all.deb ...
INFO:kolla.common.utils.placement-api:Unpacking python3-oslo.service (1.40.2-0ubuntu1~cloud0) ...
INFO:kolla.common.utils.placement-api:Selecting previously unselected package python3-tenacity.
INFO:kolla.common.utils.placement-api:Preparing to unpack .../45-python3-tenacity_5.1.1-0ubuntu2~cloud0_all.deb ...
INFO:kolla.common.utils.placement-api:Unpacking python3-tenacity (5.1.1-0ubuntu2~cloud0) ...
INFO:kolla.common.utils.placement-api:Selecting previously unselected package python3-oslo.messaging.
INFO:kolla.common.utils.placement-api:Preparing to unpack .../46-python3-oslo.messaging_9.7.1-0ubuntu3~cloud0_all.deb ...
INFO:kolla.common.utils.placement-api:Unpacking python3-oslo.messaging (9.7.1-0ubuntu3~cloud0) ...
INFO:kolla.common.utils.placement-api:Selecting previously unselected package python3-oslo.versionedobjects.
INFO:kolla.common.utils.placement-api:Preparing to unpack .../47-python3-oslo.versionedobjects_1.36.1-0ubuntu1~cloud0_all.deb ...
INFO:kolla.common.utils.placement-api:Unpacking python3-oslo.versionedobjects (1.36.1-0ubuntu1~cloud0) ...
INFO:kolla.common.utils.placement-api:Selecting previously unselected package python3-placement.
INFO:kolla.common.utils.placement-api:Preparing to unpack .../48-python3-placement_2.0.0-0ubuntu1~cloud0_all.deb ...
INFO:kolla.common.utils.placement-api:Unpacking python3-placement (2.0.0-0ubuntu1~cloud0) ...
INFO:kolla.common.utils.placement-api:Selecting previously unselected package placement-api.
INFO:kolla.common.utils.placement-api:Preparing to unpack .../49-placement-api_2.0.0-0ubuntu1~cloud0_all.deb ...
INFO:kolla.common.utils.placement-api:Unpacking placement-api (2.0.0-0ubuntu1~cloud0) ...
INFO:kolla.common.utils.placement-api:Setting up libjs-jquery (3.2.1-1) ...
INFO:kolla.common.utils.placement-api:Setting up libapr1:s390x (1.6.3-2) ...
INFO:kolla.common.utils.placement-api:Setting up python3-sqlalchemy (1.2.18+ds1-2ubuntu2~cloud0) ...
INFO:kolla.common.utils.placement-api:Setting up python3-os-resource-classes (0.5.0-0ubuntu1~cloud0) ...
INFO:kolla.common.utils.placement-api:Setting up libjs-underscore (1.8.3~dfsg-1) ...
INFO:kolla.common.utils.placement-api:Setting up python3-sqlparse (0.2.4-0.1) ...
INFO:kolla.common.utils.placement-api:Setting up python3-tempita (0.5.2-2) ...
INFO:kolla.common.utils.placement-api:Setting up python3-alembic (1.0.0-2ubuntu2~cloud0) ...
INFO:kolla.common.utils.placement-api:Setting up libjs-sphinxdoc (1.8.5-3~cloud0) ...
INFO:kolla.common.utils.placement-api:Setting up apache2-data (2.4.29-1ubuntu4.12) ...
INFO:kolla.common.utils.placement-api:Setting up python3-tenacity (5.1.1-0ubuntu2~cloud0) ...
INFO:kolla.common.utils.placement-api:Setting up python3-testscenarios (0.5.0-2~cloud0) ...
INFO:kolla.common.utils.placement-api:Setting up python3-oslo.policy (2.3.2-0ubuntu1~cloud0) ...
INFO:kolla.common.utils.placement-api:Setting up python3-microversion-parse (0.2.1-0ubuntu2~cloud0) ...
INFO:kolla.common.utils.placement-api:Setting up python3-os-traits (0.16.0-0ubuntu1~cloud0) ...
INFO:kolla.common.utils.placement-api:Setting up python3-testresources (2.0.0-2) ...
INFO:kolla.common.utils.placement-api:Setting up pycadf-common (2.7.0-0ubuntu1) ...
INFO:kolla.common.utils.placement-api:Setting up python3-oslo.cache (1.37.0-0ubuntu1~cloud0) ...
INFO:kolla.common.utils.placement-api:Setting up python3-pycadf (2.7.0-0ubuntu1) ...
INFO:kolla.common.utils.placement-api:Setting up libaprutil1:s390x (1.6.1-2) ...
INFO:kolla.common.utils.placement-api:Setting up python3-jinja2 (2.10-1ubuntu0.18.04.1) ...
INFO:kolla.common.utils.placement-api:Setting up python3-repoze.lru (0.7-1) ...
INFO:kolla.common.utils.placement-api:Setting up python3-paste (2.0.3+dfsg-4ubuntu1) ...
INFO:kolla.common.utils.placement-api:Setting up python3-migrate (0.12.0-3~cloud0) ...
INFO:kolla.common.utils.placement-api:Setting up python3-anyjson (0.3.3-1build1) ...
INFO:kolla.common.utils.placement-api:Setting up liblua5.2-0:s390x (5.2.4-1.1build1) ...
INFO:kolla.common.utils.placement-api:Setting up python3-keystonemiddleware (7.0.1-0ubuntu1~cloud0) ...
INFO:kolla.common.utils.placement-api:Setting up python-pastedeploy-tpl (1.5.2-4) ...
INFO:kolla.common.utils.placement-api:Setting up python3-cachetools (3.1.0-2~cloud0) ...
INFO:kolla.common.utils.placement-api:Setting up python3-vine (1.1.4+dfsg-2) ...
INFO:kolla.common.utils.placement-api:Setting up python3-oslo.upgradecheck (0.3.2-0ubuntu1~cloud0) ...
INFO:kolla.common.utils.placement-api:Setting up alembic (1.0.0-2ubuntu2~cloud0) ...
INFO:kolla.common.utils.placement-api:Setting up python3-routes (2.4.1-1) ...
INFO:kolla.common.utils.placement-api:Setting up libpython3.6:s390x (3.6.9-1~18.04) ...
INFO:kolla.common.utils.placement-api:Setting up libaprutil1-ldap:s390x (1.6.1-2) ...
INFO:kolla.common.utils.placement-api:Setting up python3-oslo.middleware (3.38.1-0ubuntu1~cloud0) ...
INFO:kolla.common.utils.placement-api:Setting up libaprutil1-dbd-sqlite3:s390x (1.6.1-2) ...
INFO:kolla.common.utils.placement-api:Setting up python3-amqp (2.5.0-2~cloud0) ...
INFO:kolla.common.utils.placement-api:Setting up apache2-utils (2.4.29-1ubuntu4.12) ...
INFO:kolla.common.utils.placement-api:Setting up apache2-bin (2.4.29-1ubuntu4.12) ...
INFO:kolla.common.utils.placement-api:Setting up python3-kombu (4.1.0-1) ...
INFO:kolla.common.utils.placement-api:Setting up python3-oslo.db (5.0.2-0ubuntu1~cloud0) ...
INFO:kolla.common.utils.placement-api:Setting up python3-pastedeploy (1.5.2-4) ...
INFO:kolla.common.utils.placement-api:Setting up libapache2-mod-wsgi-py3 (4.5.17-1ubuntu1) ...
INFO:kolla.common.utils.placement-api:Package apache2 is not configured yet. Will defer actions by package libapache2-mod-wsgi-py3.
INFO:kolla.common.utils.placement-api:Setting up apache2 (2.4.29-1ubuntu4.12) ...
INFO:kolla.common.utils.placement-api:Enabling module mpm_event.
INFO:kolla.common.utils.placement-api:Enabling module authz_core.
INFO:kolla.common.utils.placement-api:Enabling module authz_host.
INFO:kolla.common.utils.placement-api:Enabling module authn_core.
INFO:kolla.common.utils.placement-api:Enabling module auth_basic.
INFO:kolla.common.utils.placement-api:Enabling module access_compat.
INFO:kolla.common.utils.placement-api:Enabling module authn_file.
INFO:kolla.common.utils.placement-api:Enabling module authz_user.
INFO:kolla.common.utils.placement-api:Enabling module alias.
INFO:kolla.common.utils.placement-api:Enabling module dir.
INFO:kolla.common.utils.placement-api:Enabling module autoindex.
INFO:kolla.common.utils.placement-api:Enabling module env.
INFO:kolla.common.utils.placement-api:Enabling module mime.
INFO:kolla.common.utils.placement-api:Enabling module negotiation.
INFO:kolla.common.utils.placement-api:Enabling module setenvif.
INFO:kolla.common.utils.placement-api:Enabling module filter.
INFO:kolla.common.utils.placement-api:Enabling module deflate.
INFO:kolla.common.utils.placement-api:Enabling module status.
INFO:kolla.common.utils.placement-api:Enabling module reqtimeout.
INFO:kolla.common.utils.placement-api:Enabling conf charset.
INFO:kolla.common.utils.placement-api:Enabling conf localized-error-pages.
INFO:kolla.common.utils.placement-api:Enabling conf other-vhosts-access-log.
INFO:kolla.common.utils.placement-api:Enabling conf security.
INFO:kolla.common.utils.placement-api:Enabling conf serve-cgi-bin.
INFO:kolla.common.utils.placement-api:Enabling site 000-default.
INFO:kolla.common.utils.placement-api:info: Executing deferred 'a2enmod wsgi' for package libapache2-mod-wsgi-py3
INFO:kolla.common.utils.placement-api:Enabling module wsgi.
INFO:kolla.common.utils.placement-api:invoke-rc.d: could not determine current runlevel
INFO:kolla.common.utils.placement-api:invoke-rc.d: policy-rc.d denied execution of start.
INFO:kolla.common.utils.placement-api:Setting up python3-oslo.service (1.40.2-0ubuntu1~cloud0) ...
INFO:kolla.common.utils.placement-api:Setting up python3-oslo.messaging (9.7.1-0ubuntu3~cloud0) ...
INFO:kolla.common.utils.placement-api:Setting up python3-oslo.versionedobjects (1.36.1-0ubuntu1~cloud0) ...
INFO:kolla.common.utils.placement-api:Setting up python3-placement (2.0.0-0ubuntu1~cloud0) ...
INFO:kolla.common.utils.placement-api:Setting up placement-api (2.0.0-0ubuntu1~cloud0) ...
INFO:kolla.common.utils.placement-api:apache2_invoke: Enable site placement-api.conf
INFO:kolla.common.utils.placement-api:invoke-rc.d: could not determine current runlevel
INFO:kolla.common.utils.placement-api:invoke-rc.d: policy-rc.d denied execution of reload.
INFO:kolla.common.utils.placement-api:Processing triggers for libc-bin (2.27-3ubuntu1) ...
INFO:kolla.common.utils.placement-api:Removing intermediate container 622145be0d74
INFO:kolla.common.utils.placement-api: ---> deb0eb2db539
INFO:kolla.common.utils.placement-api:Step 4/5 : RUN truncate -s 0 /etc/apache2/ports.conf     && rm -f /etc/apache2/sites-enabled/placement-api.conf
INFO:kolla.common.utils.placement-api: ---> Running in ead0ab010316
INFO:kolla.common.utils.placement-api:Removing intermediate container ead0ab010316
INFO:kolla.common.utils.placement-api: ---> 4ec243428984
INFO:kolla.common.utils.placement-api:Step 5/5 : COPY extend_start.sh /usr/local/bin/kolla_placement_extend_start
INFO:kolla.common.utils.placement-api: ---> 13c18e7fc81c
INFO:kolla.common.utils.placement-api:Successfully built 13c18e7fc81c
INFO:kolla.common.utils.placement-api:Successfully tagged s390x/ubuntu-binary-placement-api:9.1.0
INFO:kolla.common.utils.placement-api:Built at 2020-03-02 21:46:25.391382 (took 0:00:27.518238)
