INFO:kolla.common.utils.prometheus-memcached-exporter:Building started at 2020-03-02 21:40:11.963397
INFO:kolla.common.utils.prometheus-memcached-exporter:Step 1/5 : FROM s390x/ubuntu-binary-prometheus-base:9.1.0
INFO:kolla.common.utils.prometheus-memcached-exporter: ---> 3a4f3fd769cf
INFO:kolla.common.utils.prometheus-memcached-exporter:Step 2/5 : LABEL maintainer="Kolla Project (https://launchpad.net/kolla)" name="prometheus-memcached-exporter" build-date="20200302"
INFO:kolla.common.utils.prometheus-memcached-exporter: ---> Running in 6ae3f58ab590
INFO:kolla.common.utils.prometheus-memcached-exporter:Removing intermediate container 6ae3f58ab590
INFO:kolla.common.utils.prometheus-memcached-exporter: ---> 78acd8e83bd6
INFO:kolla.common.utils.prometheus-memcached-exporter:Step 3/5 : ENV memcached_exporter_version=0.5.0
INFO:kolla.common.utils.prometheus-memcached-exporter: ---> Running in a3e6bd7dca58
INFO:kolla.common.utils.prometheus-memcached-exporter:Removing intermediate container a3e6bd7dca58
INFO:kolla.common.utils.prometheus-memcached-exporter: ---> 462a217cad88
INFO:kolla.common.utils.prometheus-memcached-exporter:Step 4/5 : RUN curl -sSL -o /tmp/memcached_exporter.tar.gz https://github.com/prometheus/memcached_exporter/releases/download/v${memcached_exporter_version}/memcached_exporter-${memcached_exporter_version}.linux-s390x.tar.gz     && tar xvf /tmp/memcached_exporter.tar.gz -C /opt/     && rm -f /tmp/memcached_exporter.tar.gz     && ln -s /opt/memcached_exporter* /opt/memcached_exporter
INFO:kolla.common.utils.prometheus-memcached-exporter: ---> Running in 156c8bf4e932
INFO:kolla.common.utils.prometheus-memcached-exporter:curl (https://github-production-release-asset-2e65be.s3.amazonaws.com/57182606/01977380-d266-11e8-953a-6a3e355c5533?X-Amz-Algorithm=AWS4-HMAC-SHA256&X-Amz-Credential=AKIAIWNJYAX4CSVEH53A%2F20200302%2Fus-east-1%2Fs3%2Faws4_request&X-Amz-Date=20200302T214015Z&X-Amz-Expires=300&X-Amz-Signature=1a9db3b0041d5b391b85abbd33dbc43870b568eb4cd506d7e8e65a11b033795c&X-Amz-SignedHeaders=host&actor_id=0&response-content-disposition=attachment%3B%20filename%3Dmemcached_exporter-0.5.0.linux-s390x.tar.gz&response-content-type=application%2Foctet-stream): response: 200, time: 3.589419, size: 5846048
INFO:kolla.common.utils.prometheus-memcached-exporter:memcached_exporter-0.5.0.linux-s390x/
INFO:kolla.common.utils.prometheus-memcached-exporter:memcached_exporter-0.5.0.linux-s390x/CHANGELOG.md
INFO:kolla.common.utils.prometheus-memcached-exporter:memcached_exporter-0.5.0.linux-s390x/LICENSE
INFO:kolla.common.utils.prometheus-memcached-exporter:memcached_exporter-0.5.0.linux-s390x/README.md
INFO:kolla.common.utils.prometheus-memcached-exporter:memcached_exporter-0.5.0.linux-s390x/NOTICE
INFO:kolla.common.utils.prometheus-memcached-exporter:memcached_exporter-0.5.0.linux-s390x/memcached_exporter
INFO:kolla.common.utils.prometheus-memcached-exporter:Removing intermediate container 156c8bf4e932
INFO:kolla.common.utils.prometheus-memcached-exporter: ---> 36a9ee57d735
INFO:kolla.common.utils.prometheus-memcached-exporter:Step 5/5 : USER prometheus
INFO:kolla.common.utils.prometheus-memcached-exporter: ---> Running in 408f2d4b39cf
INFO:kolla.common.utils.prometheus-memcached-exporter:Removing intermediate container 408f2d4b39cf
INFO:kolla.common.utils.prometheus-memcached-exporter: ---> c7a2b2e7f72a
INFO:kolla.common.utils.prometheus-memcached-exporter:Successfully built c7a2b2e7f72a
INFO:kolla.common.utils.prometheus-memcached-exporter:Successfully tagged s390x/ubuntu-binary-prometheus-memcached-exporter:9.1.0
INFO:kolla.common.utils.prometheus-memcached-exporter:Built at 2020-03-02 21:40:21.088722 (took 0:00:09.125325)
