INFO:kolla.common.utils.prometheus-mysqld-exporter:Building started at 2020-03-02 21:40:18.850720
INFO:kolla.common.utils.prometheus-mysqld-exporter:Step 1/5 : FROM s390x/ubuntu-binary-prometheus-base:9.1.0
INFO:kolla.common.utils.prometheus-mysqld-exporter: ---> 3a4f3fd769cf
INFO:kolla.common.utils.prometheus-mysqld-exporter:Step 2/5 : LABEL maintainer="Kolla Project (https://launchpad.net/kolla)" name="prometheus-mysqld-exporter" build-date="20200302"
INFO:kolla.common.utils.prometheus-mysqld-exporter: ---> Running in a344b077f679
INFO:kolla.common.utils.prometheus-mysqld-exporter:Removing intermediate container a344b077f679
INFO:kolla.common.utils.prometheus-mysqld-exporter: ---> 7a17016d06e4
INFO:kolla.common.utils.prometheus-mysqld-exporter:Step 3/5 : ENV mysqld_exporter_version=0.11.0
INFO:kolla.common.utils.prometheus-mysqld-exporter: ---> Running in 171b9ae0bb59
INFO:kolla.common.utils.prometheus-mysqld-exporter:Removing intermediate container 171b9ae0bb59
INFO:kolla.common.utils.prometheus-mysqld-exporter: ---> 09909c396c31
INFO:kolla.common.utils.prometheus-mysqld-exporter:Step 4/5 : RUN curl -ssL -o /tmp/mysqld_exporter.tar.gz https://github.com/prometheus/mysqld_exporter/releases/download/v${mysqld_exporter_version}/mysqld_exporter-${mysqld_exporter_version}.linux-s390x.tar.gz     && tar xvf /tmp/mysqld_exporter.tar.gz -C /opt/     && rm -f /tmp/mysqld_exporter.tar.gz     && ln -s /opt/mysqld_exporter* /opt/mysqld_exporter
INFO:kolla.common.utils.prometheus-mysqld-exporter: ---> Running in 31b74673d6ea
INFO:kolla.common.utils.prometheus-mysqld-exporter:curl (https://github.com/prometheus/mysqld_exporter/releases/download/v0.11.0/mysqld_exporter-0.11.0.linux-s390x.tar.gz): response: 404, time: 0.183168, size: 9
INFO:kolla.common.utils.prometheus-mysqld-exporter:[91mtar: This does not look like a tar archive
INFO:kolla.common.utils.prometheus-mysqld-exporter:[0m
INFO:kolla.common.utils.prometheus-mysqld-exporter:[91m
INFO:kolla.common.utils.prometheus-mysqld-exporter:gzip: stdin: not in gzip format
INFO:kolla.common.utils.prometheus-mysqld-exporter:[0m
INFO:kolla.common.utils.prometheus-mysqld-exporter:[91mtar: Child returned status 1
INFO:kolla.common.utils.prometheus-mysqld-exporter:tar: Error is not recoverable: exiting now
INFO:kolla.common.utils.prometheus-mysqld-exporter:[0m
INFO:kolla.common.utils.prometheus-mysqld-exporter:Removing intermediate container 31b74673d6ea
ERROR:kolla.common.utils.prometheus-mysqld-exporter:Error'd with the following message
ERROR:kolla.common.utils.prometheus-mysqld-exporter:The command '/bin/sh -c curl -ssL -o /tmp/mysqld_exporter.tar.gz https://github.com/prometheus/mysqld_exporter/releases/download/v${mysqld_exporter_version}/mysqld_exporter-${mysqld_exporter_version}.linux-s390x.tar.gz     && tar xvf /tmp/mysqld_exporter.tar.gz -C /opt/     && rm -f /tmp/mysqld_exporter.tar.gz     && ln -s /opt/mysqld_exporter* /opt/mysqld_exporter' returned a non-zero code: 2
