INFO:kolla.common.utils.prometheus-base:Building started at 2020-03-02 21:38:59.308535
INFO:kolla.common.utils.prometheus-base:Step 1/5 : FROM s390x/ubuntu-binary-base:9.1.0
INFO:kolla.common.utils.prometheus-base: ---> 682558ff6b31
INFO:kolla.common.utils.prometheus-base:Step 2/5 : LABEL maintainer="Kolla Project (https://launchpad.net/kolla)" name="prometheus-base" build-date="20200302"
INFO:kolla.common.utils.prometheus-base: ---> Running in 5f6787cfec47
INFO:kolla.common.utils.prometheus-base:Removing intermediate container 5f6787cfec47
INFO:kolla.common.utils.prometheus-base: ---> e8d9d9477a92
INFO:kolla.common.utils.prometheus-base:Step 3/5 : RUN usermod --append --home /var/lib/prometheus --groups kolla prometheus     && mkdir -p /var/lib/prometheus     && chown -R 42472:42472 /var/lib/prometheus
INFO:kolla.common.utils.prometheus-base: ---> Running in afc441b6b532
INFO:kolla.common.utils.prometheus-base:Removing intermediate container afc441b6b532
INFO:kolla.common.utils.prometheus-base: ---> f06f8c9587d7
INFO:kolla.common.utils.prometheus-base:Step 4/5 : COPY extend_start.sh /usr/local/bin/kolla_extend_start
INFO:kolla.common.utils.prometheus-base: ---> b92c84ddec7d
INFO:kolla.common.utils.prometheus-base:Step 5/5 : RUN chmod 755 /usr/local/bin/kolla_extend_start
INFO:kolla.common.utils.prometheus-base: ---> Running in 0da40ca9d5b0
INFO:kolla.common.utils.prometheus-base:Removing intermediate container 0da40ca9d5b0
INFO:kolla.common.utils.prometheus-base: ---> 3a4f3fd769cf
INFO:kolla.common.utils.prometheus-base:Successfully built 3a4f3fd769cf
INFO:kolla.common.utils.prometheus-base:Successfully tagged s390x/ubuntu-binary-prometheus-base:9.1.0
INFO:kolla.common.utils.prometheus-base:Built at 2020-03-02 21:39:06.142928 (took 0:00:06.834393)
