INFO:kolla.common.utils.prometheus-alertmanager:Building started at 2020-03-02 21:40:08.018235
INFO:kolla.common.utils.prometheus-alertmanager:Step 1/5 : FROM s390x/ubuntu-binary-prometheus-base:9.1.0
INFO:kolla.common.utils.prometheus-alertmanager: ---> 3a4f3fd769cf
INFO:kolla.common.utils.prometheus-alertmanager:Step 2/5 : LABEL maintainer="Kolla Project (https://launchpad.net/kolla)" name="prometheus-alertmanager" build-date="20200302"
INFO:kolla.common.utils.prometheus-alertmanager: ---> Running in 64f79db75232
INFO:kolla.common.utils.prometheus-alertmanager:Removing intermediate container 64f79db75232
INFO:kolla.common.utils.prometheus-alertmanager: ---> 1c5b30e2eb06
INFO:kolla.common.utils.prometheus-alertmanager:Step 3/5 : ENV prometheus_alertmanager_version=0.16.1
INFO:kolla.common.utils.prometheus-alertmanager: ---> Running in 253cb5ed9e20
INFO:kolla.common.utils.prometheus-alertmanager:Removing intermediate container 253cb5ed9e20
INFO:kolla.common.utils.prometheus-alertmanager: ---> 940d6031de92
INFO:kolla.common.utils.prometheus-alertmanager:Step 4/5 : RUN curl -sSL -o /tmp/prometheus_alertmanager.tar.gz https://github.com/prometheus/alertmanager/releases/download/v${prometheus_alertmanager_version}/alertmanager-${prometheus_alertmanager_version}.linux-s390x.tar.gz     && tar xvf /tmp/prometheus_alertmanager.tar.gz -C /opt/     && rm -f /tmp/prometheus_alertmanager.tar.gz     && ln -s /opt/alertmanager* /opt/prometheus_alertmanager
INFO:kolla.common.utils.prometheus-alertmanager: ---> Running in aa056f0f35b6
INFO:kolla.common.utils.prometheus-alertmanager:curl (https://github.com/prometheus/alertmanager/releases/download/v0.16.1/alertmanager-0.16.1.linux-s390x.tar.gz): response: 404, time: 0.155001, size: 9
INFO:kolla.common.utils.prometheus-alertmanager:[91mtar: This does not look like a tar archive
INFO:kolla.common.utils.prometheus-alertmanager:[0m
INFO:kolla.common.utils.prometheus-alertmanager:[91m
INFO:kolla.common.utils.prometheus-alertmanager:gzip: stdin: not in gzip format
INFO:kolla.common.utils.prometheus-alertmanager:[0m
INFO:kolla.common.utils.prometheus-alertmanager:[91mtar: Child returned status 1
INFO:kolla.common.utils.prometheus-alertmanager:tar: Error is not recoverable: exiting now
INFO:kolla.common.utils.prometheus-alertmanager:[0m
INFO:kolla.common.utils.prometheus-alertmanager:Removing intermediate container aa056f0f35b6
ERROR:kolla.common.utils.prometheus-alertmanager:Error'd with the following message
ERROR:kolla.common.utils.prometheus-alertmanager:The command '/bin/sh -c curl -sSL -o /tmp/prometheus_alertmanager.tar.gz https://github.com/prometheus/alertmanager/releases/download/v${prometheus_alertmanager_version}/alertmanager-${prometheus_alertmanager_version}.linux-s390x.tar.gz     && tar xvf /tmp/prometheus_alertmanager.tar.gz -C /opt/     && rm -f /tmp/prometheus_alertmanager.tar.gz     && ln -s /opt/alertmanager* /opt/prometheus_alertmanager' returned a non-zero code: 2
