INFO:kolla.common.utils.ptp:Building started at 2020-03-02 21:37:41.159448
INFO:kolla.common.utils.ptp:Step 1/5 : FROM s390x/ubuntu-binary-base:9.1.0
INFO:kolla.common.utils.ptp: ---> 682558ff6b31
INFO:kolla.common.utils.ptp:Step 2/5 : LABEL maintainer="Kolla Project (https://launchpad.net/kolla)" name="ptp" build-date="20200302"
INFO:kolla.common.utils.ptp: ---> Running in 62652d056f40
INFO:kolla.common.utils.ptp:Removing intermediate container 62652d056f40
INFO:kolla.common.utils.ptp: ---> 0c7a16aab53e
INFO:kolla.common.utils.ptp:Step 3/5 : RUN apt-get update && apt-get -y install --no-install-recommends linuxptp && apt-get clean && rm -rf /var/lib/apt/lists/*
INFO:kolla.common.utils.ptp: ---> Running in f67ae7d3f614
INFO:kolla.common.utils.ptp:Ign:1 http://ubuntu-cloud.archive.canonical.com/ubuntu bionic-updates/ussuri InRelease
INFO:kolla.common.utils.ptp:Get:2 http://ports.ubuntu.com bionic InRelease [242 kB]
INFO:kolla.common.utils.ptp:Get:3 http://ubuntu-cloud.archive.canonical.com/ubuntu bionic-updates/ussuri Release [7,884 B]
INFO:kolla.common.utils.ptp:Get:4 http://ports.ubuntu.com bionic-updates InRelease [88.7 kB]
INFO:kolla.common.utils.ptp:Get:5 http://ubuntu-cloud.archive.canonical.com/ubuntu bionic-updates/ussuri Release.gpg [543 B]
INFO:kolla.common.utils.ptp:Get:6 http://ports.ubuntu.com bionic-security InRelease [88.7 kB]
INFO:kolla.common.utils.ptp:Get:7 http://ubuntu-cloud.archive.canonical.com/ubuntu bionic-updates/ussuri/main s390x Packages [145 kB]
INFO:kolla.common.utils.ptp:Get:8 http://ports.ubuntu.com bionic-backports InRelease [74.6 kB]
INFO:kolla.common.utils.ptp:Get:9 http://ports.ubuntu.com bionic/universe s390x Packages [10.8 MB]
INFO:kolla.common.utils.ptp:Get:10 http://ports.ubuntu.com bionic/main s390x Packages [1,244 kB]
INFO:kolla.common.utils.ptp:Get:11 http://ports.ubuntu.com bionic-updates/main s390x Packages [730 kB]
INFO:kolla.common.utils.ptp:Get:12 http://ports.ubuntu.com bionic-updates/universe s390x Packages [1,075 kB]
INFO:kolla.common.utils.ptp:Get:13 http://ports.ubuntu.com bionic-security/main s390x Packages [467 kB]
INFO:kolla.common.utils.ptp:Get:14 http://ports.ubuntu.com bionic-security/universe s390x Packages [625 kB]
INFO:kolla.common.utils.ptp:Get:15 http://ports.ubuntu.com bionic-backports/universe s390x Packages [4,242 B]
INFO:kolla.common.utils.ptp:Get:16 http://ports.ubuntu.com bionic-backports/main s390x Packages [2,494 B]
INFO:kolla.common.utils.ptp:Fetched 15.6 MB in 4s (3,934 kB/s)
INFO:kolla.common.utils.ptp:Reading package lists...
INFO:kolla.common.utils.ptp:Reading package lists...
INFO:kolla.common.utils.ptp:Building dependency tree...
INFO:kolla.common.utils.ptp:Reading state information...
INFO:kolla.common.utils.ptp:The following NEW packages will be installed:
INFO:kolla.common.utils.ptp:  linuxptp
INFO:kolla.common.utils.ptp:0 upgraded, 1 newly installed, 0 to remove and 0 not upgraded.
INFO:kolla.common.utils.ptp:Need to get 105 kB of archives.
INFO:kolla.common.utils.ptp:After this operation, 434 kB of additional disk space will be used.
INFO:kolla.common.utils.ptp:Get:1 http://ports.ubuntu.com bionic/universe s390x linuxptp s390x 1.8-1 [105 kB]
INFO:kolla.common.utils.ptp:Fetched 105 kB in 0s (772 kB/s)
INFO:kolla.common.utils.ptp:Selecting previously unselected package linuxptp.
INFO:kolla.common.utils.ptp:(Reading database ... 
INFO:kolla.common.utils.ptp:(Reading database ... 5%(Reading database ... 10%(Reading database ... 15%(Reading database ... 20%(Reading database ... 25%(Reading database ... 30%(Reading database ... 35%(Reading database ... 40%(Reading database ... 45%(Reading database ... 50%(Reading database ... 55%(Reading database ... 60%(Reading database ... 65%(Reading database ... 70%(Reading database ... 75%(Reading database ... 80%(Reading database ... 85%(Reading database ... 90%(Reading database ... 95%(Reading database ... 100%(Reading database ... 9244 files and directories currently installed.)
INFO:kolla.common.utils.ptp:Preparing to unpack .../linuxptp_1.8-1_s390x.deb ...
INFO:kolla.common.utils.ptp:Unpacking linuxptp (1.8-1) ...
INFO:kolla.common.utils.ptp:Setting up linuxptp (1.8-1) ...
INFO:kolla.common.utils.ptp:Removing intermediate container f67ae7d3f614
INFO:kolla.common.utils.ptp: ---> a4727cc3251b
INFO:kolla.common.utils.ptp:Step 4/5 : COPY extend_start.sh /usr/local/bin/kolla_extend_start
INFO:kolla.common.utils.ptp: ---> cae01f16fe85
INFO:kolla.common.utils.ptp:Step 5/5 : RUN chmod 755 /usr/local/bin/kolla_extend_start
INFO:kolla.common.utils.ptp: ---> Running in 823697e4bbe2
INFO:kolla.common.utils.ptp:Removing intermediate container 823697e4bbe2
INFO:kolla.common.utils.ptp: ---> 74daa6e3f827
INFO:kolla.common.utils.ptp:Successfully built 74daa6e3f827
INFO:kolla.common.utils.ptp:Successfully tagged s390x/ubuntu-binary-ptp:9.1.0
INFO:kolla.common.utils.ptp:Built at 2020-03-02 21:37:53.733448 (took 0:00:12.574000)
