INFO:kolla.common.utils.qdrouterd:Building started at 2020-03-02 21:38:05.939670
INFO:kolla.common.utils.qdrouterd:Step 1/9 : FROM s390x/ubuntu-binary-base:9.1.0
INFO:kolla.common.utils.qdrouterd: ---> 682558ff6b31
INFO:kolla.common.utils.qdrouterd:Step 2/9 : LABEL maintainer="Kolla Project (https://launchpad.net/kolla)" name="qdrouterd" build-date="20200302"
INFO:kolla.common.utils.qdrouterd: ---> Running in 91d78e180917
INFO:kolla.common.utils.qdrouterd:Removing intermediate container 91d78e180917
INFO:kolla.common.utils.qdrouterd: ---> 6ea2a10295e9
INFO:kolla.common.utils.qdrouterd:Step 3/9 : RUN usermod --append --home /var/lib/qdrouterd --groups kolla qdrouterd     && mkdir -p /var/lib/qdrouterd     && chown -R 42465:42465 /var/lib/qdrouterd
INFO:kolla.common.utils.qdrouterd: ---> Running in 9080a917ab57
INFO:kolla.common.utils.qdrouterd:Removing intermediate container 9080a917ab57
INFO:kolla.common.utils.qdrouterd: ---> 4a31adb723ce
INFO:kolla.common.utils.qdrouterd:Step 4/9 : RUN echo "deb http://ppa.launchpad.net/qpid/released/ubuntu/ bionic main" >/etc/apt/sources.list.d/qdrouterd.list
INFO:kolla.common.utils.qdrouterd: ---> Running in 035c1661c78b
INFO:kolla.common.utils.qdrouterd:Removing intermediate container 035c1661c78b
INFO:kolla.common.utils.qdrouterd: ---> e9c6526351f6
INFO:kolla.common.utils.qdrouterd:Step 5/9 : RUN apt-get update && apt-get -y install --no-install-recommends sasl2-bin libpython2.7 qdrouterd qdmanage qdstat && apt-get clean && rm -rf /var/lib/apt/lists/*
INFO:kolla.common.utils.qdrouterd: ---> Running in 39dacd351015
INFO:kolla.common.utils.qdrouterd:Ign:1 http://ubuntu-cloud.archive.canonical.com/ubuntu bionic-updates/ussuri InRelease
INFO:kolla.common.utils.qdrouterd:Get:2 http://ports.ubuntu.com bionic InRelease [242 kB]
INFO:kolla.common.utils.qdrouterd:Get:3 http://ubuntu-cloud.archive.canonical.com/ubuntu bionic-updates/ussuri Release [7,884 B]
INFO:kolla.common.utils.qdrouterd:Get:4 http://ppa.launchpad.net/qpid/released/ubuntu bionic InRelease [15.9 kB]
INFO:kolla.common.utils.qdrouterd:Get:5 http://ports.ubuntu.com bionic-updates InRelease [88.7 kB]
INFO:kolla.common.utils.qdrouterd:Get:6 http://ubuntu-cloud.archive.canonical.com/ubuntu bionic-updates/ussuri Release.gpg [543 B]
INFO:kolla.common.utils.qdrouterd:Get:7 http://ports.ubuntu.com bionic-security InRelease [88.7 kB]
INFO:kolla.common.utils.qdrouterd:Get:8 http://ports.ubuntu.com bionic-backports InRelease [74.6 kB]
INFO:kolla.common.utils.qdrouterd:Get:9 http://ports.ubuntu.com bionic/universe s390x Packages [10.8 MB]
INFO:kolla.common.utils.qdrouterd:Get:10 http://ubuntu-cloud.archive.canonical.com/ubuntu bionic-updates/ussuri/main s390x Packages [145 kB]
INFO:kolla.common.utils.qdrouterd:Get:11 http://ppa.launchpad.net/qpid/released/ubuntu bionic/main s390x Packages [2,500 B]
INFO:kolla.common.utils.qdrouterd:Get:12 http://ports.ubuntu.com bionic/main s390x Packages [1,244 kB]
INFO:kolla.common.utils.qdrouterd:Get:13 http://ports.ubuntu.com bionic-updates/universe s390x Packages [1,075 kB]
INFO:kolla.common.utils.qdrouterd:Get:14 http://ports.ubuntu.com bionic-updates/main s390x Packages [730 kB]
INFO:kolla.common.utils.qdrouterd:Get:15 http://ports.ubuntu.com bionic-security/main s390x Packages [467 kB]
INFO:kolla.common.utils.qdrouterd:Get:16 http://ports.ubuntu.com bionic-security/universe s390x Packages [625 kB]
INFO:kolla.common.utils.qdrouterd:Get:17 http://ports.ubuntu.com bionic-backports/universe s390x Packages [4,242 B]
INFO:kolla.common.utils.qdrouterd:Get:18 http://ports.ubuntu.com bionic-backports/main s390x Packages [2,494 B]
INFO:kolla.common.utils.qdrouterd:Fetched 15.6 MB in 3s (5,873 kB/s)
INFO:kolla.common.utils.qdrouterd:Reading package lists...
INFO:kolla.common.utils.qdrouterd:Reading package lists...
INFO:kolla.common.utils.qdrouterd:Building dependency tree...
INFO:kolla.common.utils.qdrouterd:Reading state information...
INFO:kolla.common.utils.qdrouterd:[91mE: Unable to locate package qdrouterd
INFO:kolla.common.utils.qdrouterd:[0m
INFO:kolla.common.utils.qdrouterd:Removing intermediate container 39dacd351015
ERROR:kolla.common.utils.qdrouterd:Error'd with the following message
ERROR:kolla.common.utils.qdrouterd:The command '/bin/sh -c apt-get update && apt-get -y install --no-install-recommends sasl2-bin libpython2.7 qdrouterd qdmanage qdstat && apt-get clean && rm -rf /var/lib/apt/lists/*' returned a non-zero code: 100
