INFO:kolla.common.utils.redis-base:Building started at 2020-03-02 21:37:55.007388
INFO:kolla.common.utils.redis-base:Step 1/5 : FROM s390x/ubuntu-binary-base:9.1.0
INFO:kolla.common.utils.redis-base: ---> 682558ff6b31
INFO:kolla.common.utils.redis-base:Step 2/5 : LABEL maintainer="Kolla Project (https://launchpad.net/kolla)" name="redis-base" build-date="20200302"
INFO:kolla.common.utils.redis-base: ---> Running in 85391420989e
INFO:kolla.common.utils.redis-base:Removing intermediate container 85391420989e
INFO:kolla.common.utils.redis-base: ---> 7ced9b1fc36a
INFO:kolla.common.utils.redis-base:Step 3/5 : RUN usermod --append --home /run/redis --groups kolla redis     && mkdir -p /run/redis     && chown -R 42460:42460 /run/redis
INFO:kolla.common.utils.redis-base: ---> Running in db1708497b41
INFO:kolla.common.utils.redis-base:Removing intermediate container db1708497b41
INFO:kolla.common.utils.redis-base: ---> 5e19ab86fc40
INFO:kolla.common.utils.redis-base:Step 4/5 : COPY extend_start.sh /usr/local/bin/kolla_extend_start
INFO:kolla.common.utils.redis-base: ---> 329d331762e2
INFO:kolla.common.utils.redis-base:Step 5/5 : RUN chmod 755 /usr/local/bin/kolla_extend_start
INFO:kolla.common.utils.redis-base: ---> Running in c1d78cdf74ce
INFO:kolla.common.utils.redis-base:Removing intermediate container c1d78cdf74ce
INFO:kolla.common.utils.redis-base: ---> 1acef7cdf9f6
INFO:kolla.common.utils.redis-base:Successfully built 1acef7cdf9f6
INFO:kolla.common.utils.redis-base:Successfully tagged s390x/ubuntu-binary-redis-base:9.1.0
INFO:kolla.common.utils.redis-base:Built at 2020-03-02 21:38:00.416177 (took 0:00:05.408789)
