INFO:kolla.common.utils.sahara-engine:Building started at 2020-03-02 21:45:57.320266
INFO:kolla.common.utils.sahara-engine:Step 1/4 : FROM s390x/ubuntu-binary-sahara-base:9.1.0
INFO:kolla.common.utils.sahara-engine: ---> 0c285e7548b5
INFO:kolla.common.utils.sahara-engine:Step 2/4 : LABEL maintainer="Kolla Project (https://launchpad.net/kolla)" name="sahara-engine" build-date="20200302"
INFO:kolla.common.utils.sahara-engine: ---> Running in abc1ec9542f1
INFO:kolla.common.utils.sahara-engine:Removing intermediate container abc1ec9542f1
INFO:kolla.common.utils.sahara-engine: ---> 57999f611190
INFO:kolla.common.utils.sahara-engine:Step 3/4 : RUN apt-get update && apt-get -y install --no-install-recommends netcat sahara-engine && apt-get clean && rm -rf /var/lib/apt/lists/*
INFO:kolla.common.utils.sahara-engine: ---> Running in 7353488ee1aa
INFO:kolla.common.utils.sahara-engine:Get:1 http://ports.ubuntu.com bionic InRelease [242 kB]
INFO:kolla.common.utils.sahara-engine:Ign:2 http://ubuntu-cloud.archive.canonical.com/ubuntu bionic-updates/ussuri InRelease
INFO:kolla.common.utils.sahara-engine:Get:3 http://ubuntu-cloud.archive.canonical.com/ubuntu bionic-updates/ussuri Release [7,884 B]
INFO:kolla.common.utils.sahara-engine:Get:4 http://ports.ubuntu.com bionic-updates InRelease [88.7 kB]
INFO:kolla.common.utils.sahara-engine:Get:5 http://ubuntu-cloud.archive.canonical.com/ubuntu bionic-updates/ussuri Release.gpg [543 B]
INFO:kolla.common.utils.sahara-engine:Get:6 http://ports.ubuntu.com bionic-security InRelease [88.7 kB]
INFO:kolla.common.utils.sahara-engine:Get:7 http://ports.ubuntu.com bionic-backports InRelease [74.6 kB]
INFO:kolla.common.utils.sahara-engine:Get:8 http://ports.ubuntu.com bionic/main s390x Packages [1,244 kB]
INFO:kolla.common.utils.sahara-engine:Get:9 http://ubuntu-cloud.archive.canonical.com/ubuntu bionic-updates/ussuri/main s390x Packages [145 kB]
INFO:kolla.common.utils.sahara-engine:Get:10 http://ports.ubuntu.com bionic/universe s390x Packages [10.8 MB]
INFO:kolla.common.utils.sahara-engine:Get:11 http://ports.ubuntu.com bionic-updates/universe s390x Packages [1,075 kB]
INFO:kolla.common.utils.sahara-engine:Get:12 http://ports.ubuntu.com bionic-updates/main s390x Packages [730 kB]
INFO:kolla.common.utils.sahara-engine:Get:13 http://ports.ubuntu.com bionic-security/universe s390x Packages [625 kB]
INFO:kolla.common.utils.sahara-engine:Get:14 http://ports.ubuntu.com bionic-security/main s390x Packages [467 kB]
INFO:kolla.common.utils.sahara-engine:Get:15 http://ports.ubuntu.com bionic-backports/main s390x Packages [2,494 B]
INFO:kolla.common.utils.sahara-engine:Get:16 http://ports.ubuntu.com bionic-backports/universe s390x Packages [4,242 B]
INFO:kolla.common.utils.sahara-engine:Fetched 15.6 MB in 3s (5,774 kB/s)
INFO:kolla.common.utils.sahara-engine:Reading package lists...
INFO:kolla.common.utils.sahara-engine:Reading package lists...
INFO:kolla.common.utils.sahara-engine:Building dependency tree...
INFO:kolla.common.utils.sahara-engine:Reading state information...
INFO:kolla.common.utils.sahara-engine:The following additional packages will be installed:
INFO:kolla.common.utils.sahara-engine:  netcat-traditional
INFO:kolla.common.utils.sahara-engine:The following NEW packages will be installed:
INFO:kolla.common.utils.sahara-engine:  netcat netcat-traditional sahara-engine
INFO:kolla.common.utils.sahara-engine:0 upgraded, 3 newly installed, 0 to remove and 0 not upgraded.
INFO:kolla.common.utils.sahara-engine:Need to get 76.6 kB of archives.
INFO:kolla.common.utils.sahara-engine:After this operation, 189 kB of additional disk space will be used.
INFO:kolla.common.utils.sahara-engine:Get:1 http://ubuntu-cloud.archive.canonical.com/ubuntu bionic-updates/ussuri/main s390x sahara-engine all 1:11.0.0-0ubuntu1~cloud0 [11.9 kB]
INFO:kolla.common.utils.sahara-engine:Get:2 http://ports.ubuntu.com bionic/universe s390x netcat-traditional s390x 1.10-41.1 [61.3 kB]
INFO:kolla.common.utils.sahara-engine:Get:3 http://ports.ubuntu.com bionic/universe s390x netcat all 1.10-41.1 [3,436 B]
INFO:kolla.common.utils.sahara-engine:Fetched 76.6 kB in 0s (1,144 kB/s)
INFO:kolla.common.utils.sahara-engine:Selecting previously unselected package netcat-traditional.
INFO:kolla.common.utils.sahara-engine:(Reading database ... 
INFO:kolla.common.utils.sahara-engine:(Reading database ... 5%(Reading database ... 10%(Reading database ... 15%(Reading database ... 20%(Reading database ... 25%(Reading database ... 30%(Reading database ... 35%(Reading database ... 40%(Reading database ... 45%(Reading database ... 50%(Reading database ... 55%(Reading database ... 60%
INFO:kolla.common.utils.sahara-engine:(Reading database ... 65%
INFO:kolla.common.utils.sahara-engine:(Reading database ... 70%
INFO:kolla.common.utils.sahara-engine:(Reading database ... 75%
INFO:kolla.common.utils.sahara-engine:(Reading database ... 80%
INFO:kolla.common.utils.sahara-engine:(Reading database ... 85%
INFO:kolla.common.utils.sahara-engine:(Reading database ... 90%
INFO:kolla.common.utils.sahara-engine:(Reading database ... 95%
INFO:kolla.common.utils.sahara-engine:(Reading database ... 100%(Reading database ... 26165 files and directories currently installed.)
INFO:kolla.common.utils.sahara-engine:Preparing to unpack .../netcat-traditional_1.10-41.1_s390x.deb ...
INFO:kolla.common.utils.sahara-engine:Unpacking netcat-traditional (1.10-41.1) ...
INFO:kolla.common.utils.sahara-engine:Selecting previously unselected package netcat.
INFO:kolla.common.utils.sahara-engine:Preparing to unpack .../netcat_1.10-41.1_all.deb ...
INFO:kolla.common.utils.sahara-engine:Unpacking netcat (1.10-41.1) ...
INFO:kolla.common.utils.sahara-engine:Selecting previously unselected package sahara-engine.
INFO:kolla.common.utils.sahara-engine:Preparing to unpack .../sahara-engine_1%3a11.0.0-0ubuntu1~cloud0_all.deb ...
INFO:kolla.common.utils.sahara-engine:Unpacking sahara-engine (1:11.0.0-0ubuntu1~cloud0) ...
INFO:kolla.common.utils.sahara-engine:Setting up netcat-traditional (1.10-41.1) ...
INFO:kolla.common.utils.sahara-engine:update-alternatives: using /bin/nc.traditional to provide /bin/nc (nc) in auto mode
INFO:kolla.common.utils.sahara-engine:update-alternatives: warning: skip creation of /usr/share/man/man1/nc.1.gz because associated file /usr/share/man/man1/nc.traditional.1.gz (of link group nc) doesn't exist
INFO:kolla.common.utils.sahara-engine:update-alternatives: warning: skip creation of /usr/share/man/man1/netcat.1.gz because associated file /usr/share/man/man1/nc.traditional.1.gz (of link group nc) doesn't exist
INFO:kolla.common.utils.sahara-engine:Setting up netcat (1.10-41.1) ...
INFO:kolla.common.utils.sahara-engine:Setting up sahara-engine (1:11.0.0-0ubuntu1~cloud0) ...
INFO:kolla.common.utils.sahara-engine:invoke-rc.d: could not determine current runlevel
INFO:kolla.common.utils.sahara-engine:invoke-rc.d: policy-rc.d denied execution of start.
INFO:kolla.common.utils.sahara-engine:Removing intermediate container 7353488ee1aa
INFO:kolla.common.utils.sahara-engine: ---> 5a71ff4ce5b3
INFO:kolla.common.utils.sahara-engine:Step 4/4 : USER sahara
INFO:kolla.common.utils.sahara-engine: ---> Running in 679e79b3829f
INFO:kolla.common.utils.sahara-engine:Removing intermediate container 679e79b3829f
INFO:kolla.common.utils.sahara-engine: ---> b15b54f8145e
INFO:kolla.common.utils.sahara-engine:Successfully built b15b54f8145e
INFO:kolla.common.utils.sahara-engine:Successfully tagged s390x/ubuntu-binary-sahara-engine:9.1.0
INFO:kolla.common.utils.sahara-engine:Built at 2020-03-02 21:46:06.661000 (took 0:00:09.340734)
