INFO:kolla.common.utils.sahara-base:Building started at 2020-03-02 21:42:08.678232
INFO:kolla.common.utils.sahara-base:Step 1/7 : FROM s390x/ubuntu-binary-openstack-base:9.1.0
INFO:kolla.common.utils.sahara-base: ---> 0b248122f3fe
INFO:kolla.common.utils.sahara-base:Step 2/7 : LABEL maintainer="Kolla Project (https://launchpad.net/kolla)" name="sahara-base" build-date="20200302"
INFO:kolla.common.utils.sahara-base: ---> Running in af106948f6dd
INFO:kolla.common.utils.sahara-base:Removing intermediate container af106948f6dd
INFO:kolla.common.utils.sahara-base: ---> 51ae669f83e0
INFO:kolla.common.utils.sahara-base:Step 3/7 : RUN usermod --append --home /var/lib/sahara --groups kolla sahara     && mkdir -p /var/lib/sahara     && chown -R 42441:42441 /var/lib/sahara
INFO:kolla.common.utils.sahara-base: ---> Running in 265014d9338e
INFO:kolla.common.utils.sahara-base:Removing intermediate container 265014d9338e
INFO:kolla.common.utils.sahara-base: ---> 8c941624402a
INFO:kolla.common.utils.sahara-base:Step 4/7 : RUN apt-get update && apt-get -y install --no-install-recommends sahara-common && apt-get clean && rm -rf /var/lib/apt/lists/*
INFO:kolla.common.utils.sahara-base: ---> Running in db66b00d5da6
INFO:kolla.common.utils.sahara-base:Get:1 http://ports.ubuntu.com bionic InRelease [242 kB]
INFO:kolla.common.utils.sahara-base:Ign:2 http://ubuntu-cloud.archive.canonical.com/ubuntu bionic-updates/ussuri InRelease
INFO:kolla.common.utils.sahara-base:Get:3 http://ubuntu-cloud.archive.canonical.com/ubuntu bionic-updates/ussuri Release [7,884 B]
INFO:kolla.common.utils.sahara-base:Get:4 http://ports.ubuntu.com bionic-updates InRelease [88.7 kB]
INFO:kolla.common.utils.sahara-base:Get:5 http://ubuntu-cloud.archive.canonical.com/ubuntu bionic-updates/ussuri Release.gpg [543 B]
INFO:kolla.common.utils.sahara-base:Get:6 http://ports.ubuntu.com bionic-security InRelease [88.7 kB]
INFO:kolla.common.utils.sahara-base:Get:7 http://ports.ubuntu.com bionic-backports InRelease [74.6 kB]
INFO:kolla.common.utils.sahara-base:Get:8 http://ubuntu-cloud.archive.canonical.com/ubuntu bionic-updates/ussuri/main s390x Packages [145 kB]
INFO:kolla.common.utils.sahara-base:Get:9 http://ports.ubuntu.com bionic/main s390x Packages [1,244 kB]
INFO:kolla.common.utils.sahara-base:Get:10 http://ports.ubuntu.com bionic/universe s390x Packages [10.8 MB]
INFO:kolla.common.utils.sahara-base:Get:11 http://ports.ubuntu.com bionic-updates/universe s390x Packages [1,075 kB]
INFO:kolla.common.utils.sahara-base:Get:12 http://ports.ubuntu.com bionic-updates/main s390x Packages [730 kB]
INFO:kolla.common.utils.sahara-base:Get:13 http://ports.ubuntu.com bionic-security/main s390x Packages [467 kB]
INFO:kolla.common.utils.sahara-base:Get:14 http://ports.ubuntu.com bionic-security/universe s390x Packages [625 kB]
INFO:kolla.common.utils.sahara-base:Get:15 http://ports.ubuntu.com bionic-backports/main s390x Packages [2,494 B]
INFO:kolla.common.utils.sahara-base:Get:16 http://ports.ubuntu.com bionic-backports/universe s390x Packages [4,242 B]
INFO:kolla.common.utils.sahara-base:Fetched 15.6 MB in 3s (5,975 kB/s)
INFO:kolla.common.utils.sahara-base:Reading package lists...
INFO:kolla.common.utils.sahara-base:Reading package lists...
INFO:kolla.common.utils.sahara-base:Building dependency tree...
INFO:kolla.common.utils.sahara-base:Reading state information...
INFO:kolla.common.utils.sahara-base:The following additional packages will be installed:
INFO:kolla.common.utils.sahara-base:  alembic dbconfig-common libjs-jquery libjs-sphinxdoc libjs-underscore
INFO:kolla.common.utils.sahara-base:  pycadf-common python-pastedeploy-tpl python3-alembic python3-amqp
INFO:kolla.common.utils.sahara-base:  python3-anyjson python3-botocore python3-cachetools python3-castellan
INFO:kolla.common.utils.sahara-base:  python3-click python3-colorama python3-flask python3-itsdangerous
INFO:kolla.common.utils.sahara-base:  python3-jinja2 python3-keystonemiddleware python3-kombu
INFO:kolla.common.utils.sahara-base:  python3-microversion-parse python3-migrate python3-oslo.cache
INFO:kolla.common.utils.sahara-base:  python3-oslo.db python3-oslo.messaging python3-oslo.middleware
INFO:kolla.common.utils.sahara-base:  python3-oslo.policy python3-oslo.rootwrap python3-oslo.service
INFO:kolla.common.utils.sahara-base:  python3-oslo.upgradecheck python3-paramiko python3-paste python3-pastedeploy
INFO:kolla.common.utils.sahara-base:  python3-pastescript python3-pyasn1 python3-pycadf python3-repoze.lru
INFO:kolla.common.utils.sahara-base:  python3-routes python3-sahara python3-sqlalchemy python3-sqlparse
INFO:kolla.common.utils.sahara-base:  python3-tempita python3-tenacity python3-testresources python3-testscenarios
INFO:kolla.common.utils.sahara-base:  python3-tooz python3-vine python3-voluptuous python3-werkzeug sqlite3 ucf
INFO:kolla.common.utils.sahara-base:Suggested packages:
INFO:kolla.common.utils.sahara-base:  dbconfig-mysql | dbconfig-pgsql | dbconfig-sqlite | dbconfig-sqlite3
INFO:kolla.common.utils.sahara-base:  | dbconfig-no-thanks python3-editor python-amqp-doc python-castellan-doc
INFO:kolla.common.utils.sahara-base:  python-flask-doc python-jinja2-doc python-kombu-doc python3-boto
INFO:kolla.common.utils.sahara-base:  python3-django python3-pymongo python-microversion-parse-doc
INFO:kolla.common.utils.sahara-base:  python-migrate-doc python-oslo.cache-doc python3-confluent-kafka
INFO:kolla.common.utils.sahara-base:  python-oslo.middleware-doc python-oslo.policy-doc python-oslo.service-doc
INFO:kolla.common.utils.sahara-base:  python3-gssapi httpd-wsgi libapache2-mod-python libapache2-mod-scgi
INFO:kolla.common.utils.sahara-base:  libjs-mochikit python3-cherrypy3 python-sqlalchemy-doc python3-fdb
INFO:kolla.common.utils.sahara-base:  python-sqlparse-doc python-tenacity-doc ipython3 python3-termcolor
INFO:kolla.common.utils.sahara-base:  python3-watchdog python-werkzeug-doc sqlite3-doc
INFO:kolla.common.utils.sahara-base:Recommended packages:
INFO:kolla.common.utils.sahara-base:  javascript-common python3-ldap python3-sqlalchemy-ext
INFO:kolla.common.utils.sahara-base:The following NEW packages will be installed:
INFO:kolla.common.utils.sahara-base:  alembic dbconfig-common libjs-jquery libjs-sphinxdoc libjs-underscore
INFO:kolla.common.utils.sahara-base:  pycadf-common python-pastedeploy-tpl python3-alembic python3-amqp
INFO:kolla.common.utils.sahara-base:  python3-anyjson python3-botocore python3-cachetools python3-castellan
INFO:kolla.common.utils.sahara-base:  python3-click python3-colorama python3-flask python3-itsdangerous
INFO:kolla.common.utils.sahara-base:  python3-jinja2 python3-keystonemiddleware python3-kombu
INFO:kolla.common.utils.sahara-base:  python3-microversion-parse python3-migrate python3-oslo.cache
INFO:kolla.common.utils.sahara-base:  python3-oslo.db python3-oslo.messaging python3-oslo.middleware
INFO:kolla.common.utils.sahara-base:  python3-oslo.policy python3-oslo.rootwrap python3-oslo.service
INFO:kolla.common.utils.sahara-base:  python3-oslo.upgradecheck python3-paramiko python3-paste python3-pastedeploy
INFO:kolla.common.utils.sahara-base:  python3-pastescript python3-pyasn1 python3-pycadf python3-repoze.lru
INFO:kolla.common.utils.sahara-base:  python3-routes python3-sahara python3-sqlalchemy python3-sqlparse
INFO:kolla.common.utils.sahara-base:  python3-tempita python3-tenacity python3-testresources python3-testscenarios
INFO:kolla.common.utils.sahara-base:  python3-tooz python3-vine python3-voluptuous python3-werkzeug sahara-common
INFO:kolla.common.utils.sahara-base:  sqlite3 ucf
INFO:kolla.common.utils.sahara-base:0 upgraded, 52 newly installed, 0 to remove and 0 not upgraded.
INFO:kolla.common.utils.sahara-base:Need to get 7,252 kB of archives.
INFO:kolla.common.utils.sahara-base:After this operation, 53.8 MB of additional disk space will be used.
INFO:kolla.common.utils.sahara-base:Get:1 http://ports.ubuntu.com bionic/main s390x ucf all 3.0038 [50.5 kB]
INFO:kolla.common.utils.sahara-base:Get:2 http://ports.ubuntu.com bionic/main s390x libjs-jquery all 3.2.1-1 [152 kB]
INFO:kolla.common.utils.sahara-base:Get:3 http://ubuntu-cloud.archive.canonical.com/ubuntu bionic-updates/ussuri/main s390x python3-sqlalchemy all 1.2.18+ds1-2ubuntu2~cloud0 [728 kB]
INFO:kolla.common.utils.sahara-base:Get:4 http://ports.ubuntu.com bionic/main s390x libjs-underscore all 1.8.3~dfsg-1 [59.9 kB]
INFO:kolla.common.utils.sahara-base:Get:5 http://ports.ubuntu.com bionic/main s390x dbconfig-common all 2.0.9 [601 kB]
INFO:kolla.common.utils.sahara-base:Get:6 http://ubuntu-cloud.archive.canonical.com/ubuntu bionic-updates/ussuri/main s390x python3-alembic all 1.0.0-2ubuntu2~cloud0 [111 kB]
INFO:kolla.common.utils.sahara-base:Get:7 http://ubuntu-cloud.archive.canonical.com/ubuntu bionic-updates/ussuri/main s390x libjs-sphinxdoc all 1.8.5-3~cloud0 [96.6 kB]
INFO:kolla.common.utils.sahara-base:Get:8 http://ubuntu-cloud.archive.canonical.com/ubuntu bionic-updates/ussuri/main s390x alembic all 1.0.0-2ubuntu2~cloud0 [369 kB]
INFO:kolla.common.utils.sahara-base:Get:9 http://ports.ubuntu.com bionic/main s390x pycadf-common all 2.7.0-0ubuntu1 [4,440 B]
INFO:kolla.common.utils.sahara-base:Get:10 http://ports.ubuntu.com bionic/main s390x python-pastedeploy-tpl all 1.5.2-4 [4,796 B]
INFO:kolla.common.utils.sahara-base:Get:11 http://ports.ubuntu.com bionic/main s390x python3-vine all 1.1.4+dfsg-2 [15.7 kB]
INFO:kolla.common.utils.sahara-base:Get:12 http://ports.ubuntu.com bionic/universe s390x python3-anyjson all 0.3.3-1build1 [7,062 B]
INFO:kolla.common.utils.sahara-base:Get:13 http://ubuntu-cloud.archive.canonical.com/ubuntu bionic-updates/ussuri/main s390x python3-amqp all 2.5.0-2~cloud0 [42.2 kB]
INFO:kolla.common.utils.sahara-base:Get:14 http://ports.ubuntu.com bionic/universe s390x python3-botocore all 1.8.48+repack-1 [1,764 kB]
INFO:kolla.common.utils.sahara-base:Get:15 http://ubuntu-cloud.archive.canonical.com/ubuntu bionic-updates/ussuri/main s390x python3-cachetools all 3.1.0-2~cloud0 [9,892 B]
INFO:kolla.common.utils.sahara-base:Get:16 http://ubuntu-cloud.archive.canonical.com/ubuntu bionic-updates/ussuri/main s390x python3-castellan all 1.3.1-0ubuntu1~cloud0 [41.1 kB]
INFO:kolla.common.utils.sahara-base:Get:17 http://ubuntu-cloud.archive.canonical.com/ubuntu bionic-updates/ussuri/main s390x python3-flask all 1.0.2-3~cloud0 [93.2 kB]
INFO:kolla.common.utils.sahara-base:Get:18 http://ubuntu-cloud.archive.canonical.com/ubuntu bionic-updates/ussuri/main s390x python3-oslo.cache all 1.37.0-0ubuntu1~cloud0 [34.5 kB]
INFO:kolla.common.utils.sahara-base:Get:19 http://ubuntu-cloud.archive.canonical.com/ubuntu bionic-updates/ussuri/main s390x python3-keystonemiddleware all 7.0.1-0ubuntu1~cloud0 [68.6 kB]
INFO:kolla.common.utils.sahara-base:Get:20 http://ubuntu-cloud.archive.canonical.com/ubuntu bionic-updates/ussuri/main s390x python3-microversion-parse all 0.2.1-0ubuntu2~cloud0 [11.3 kB]
INFO:kolla.common.utils.sahara-base:Get:21 http://ubuntu-cloud.archive.canonical.com/ubuntu bionic-updates/ussuri/main s390x python3-migrate all 0.12.0-3~cloud0 [79.3 kB]
INFO:kolla.common.utils.sahara-base:Get:22 http://ubuntu-cloud.archive.canonical.com/ubuntu bionic-updates/ussuri/main s390x python3-testscenarios all 0.5.0-2~cloud0 [13.5 kB]
INFO:kolla.common.utils.sahara-base:Get:23 http://ubuntu-cloud.archive.canonical.com/ubuntu bionic-updates/ussuri/main s390x python3-oslo.db all 5.0.2-0ubuntu1~cloud0 [115 kB]
INFO:kolla.common.utils.sahara-base:Get:24 http://ports.ubuntu.com bionic/main s390x python3-colorama all 0.3.7-1 [14.9 kB]
INFO:kolla.common.utils.sahara-base:Get:25 http://ubuntu-cloud.archive.canonical.com/ubuntu bionic-updates/ussuri/main s390x python3-oslo.middleware all 3.38.1-0ubuntu1~cloud0 [33.1 kB]
INFO:kolla.common.utils.sahara-base:Get:26 http://ports.ubuntu.com bionic/main s390x python3-click all 6.7-3 [56.5 kB]
INFO:kolla.common.utils.sahara-base:Get:27 http://ports.ubuntu.com bionic/main s390x python3-itsdangerous all 0.24+dfsg1-2 [12.0 kB]
INFO:kolla.common.utils.sahara-base:Get:28 http://ubuntu-cloud.archive.canonical.com/ubuntu bionic-updates/ussuri/main s390x python3-oslo.service all 1.40.2-0ubuntu1~cloud0 [50.6 kB]
INFO:kolla.common.utils.sahara-base:Get:29 http://ubuntu-cloud.archive.canonical.com/ubuntu bionic-updates/ussuri/main s390x python3-tenacity all 5.1.1-0ubuntu2~cloud0 [34.9 kB]
INFO:kolla.common.utils.sahara-base:Get:30 http://ubuntu-cloud.archive.canonical.com/ubuntu bionic-updates/ussuri/main s390x python3-oslo.messaging all 9.7.1-0ubuntu3~cloud0 [149 kB]
INFO:kolla.common.utils.sahara-base:Get:31 http://ubuntu-cloud.archive.canonical.com/ubuntu bionic-updates/ussuri/main s390x python3-oslo.policy all 2.3.2-0ubuntu1~cloud0 [50.3 kB]
INFO:kolla.common.utils.sahara-base:Get:32 http://ports.ubuntu.com bionic-updates/main s390x python3-jinja2 all 2.10-1ubuntu0.18.04.1 [95.4 kB]
INFO:kolla.common.utils.sahara-base:Get:33 http://ports.ubuntu.com bionic/universe s390x python3-werkzeug all 0.14.1+dfsg1-1 [174 kB]
INFO:kolla.common.utils.sahara-base:Get:34 http://ubuntu-cloud.archive.canonical.com/ubuntu bionic-updates/ussuri/main s390x python3-oslo.rootwrap all 5.16.1-0ubuntu1~cloud0 [25.9 kB]
INFO:kolla.common.utils.sahara-base:Get:35 http://ubuntu-cloud.archive.canonical.com/ubuntu bionic-updates/ussuri/main s390x python3-oslo.upgradecheck all 0.3.2-0ubuntu1~cloud0 [7,484 B]
INFO:kolla.common.utils.sahara-base:Get:36 http://ubuntu-cloud.archive.canonical.com/ubuntu bionic-updates/ussuri/main s390x python3-tooz all 1.66.2-0ubuntu1~cloud0 [50.3 kB]
INFO:kolla.common.utils.sahara-base:Get:37 http://ports.ubuntu.com bionic/universe s390x python3-pycadf all 2.7.0-0ubuntu1 [17.4 kB]
INFO:kolla.common.utils.sahara-base:Get:38 http://ports.ubuntu.com bionic/universe s390x python3-kombu all 4.1.0-1 [126 kB]
INFO:kolla.common.utils.sahara-base:Get:39 http://ports.ubuntu.com bionic/main s390x python3-sqlparse all 0.2.4-0.1 [28.1 kB]
INFO:kolla.common.utils.sahara-base:Get:40 http://ports.ubuntu.com bionic/main s390x python3-tempita all 0.5.2-2 [13.9 kB]
INFO:kolla.common.utils.sahara-base:Get:41 http://ports.ubuntu.com bionic/universe s390x python3-testresources all 2.0.0-2 [26.4 kB]
INFO:kolla.common.utils.sahara-base:Get:42 http://ports.ubuntu.com bionic/main s390x python3-paste all 2.0.3+dfsg-4ubuntu1 [456 kB]
INFO:kolla.common.utils.sahara-base:Get:43 http://ubuntu-cloud.archive.canonical.com/ubuntu bionic-updates/ussuri/main s390x python3-sahara all 1:11.0.0-0ubuntu1~cloud0 [338 kB]
INFO:kolla.common.utils.sahara-base:Get:44 http://ports.ubuntu.com bionic/main s390x python3-pastedeploy all 1.5.2-4 [13.4 kB]
INFO:kolla.common.utils.sahara-base:Get:45 http://ports.ubuntu.com bionic/universe s390x python3-repoze.lru all 0.7-1 [11.7 kB]
INFO:kolla.common.utils.sahara-base:Get:46 http://ports.ubuntu.com bionic/universe s390x python3-routes all 2.4.1-1 [28.4 kB]
INFO:kolla.common.utils.sahara-base:Get:47 http://ports.ubuntu.com bionic/main s390x python3-pyasn1 all 0.4.2-3 [46.8 kB]
INFO:kolla.common.utils.sahara-base:Get:48 http://ports.ubuntu.com bionic-updates/main s390x python3-paramiko all 2.0.0-1ubuntu1.2 [110 kB]
INFO:kolla.common.utils.sahara-base:Get:49 http://ports.ubuntu.com bionic/main s390x python3-pastescript all 2.0.2-2 [54.6 kB]
INFO:kolla.common.utils.sahara-base:Get:50 http://ports.ubuntu.com bionic/main s390x python3-voluptuous all 0.9.3-1 [24.2 kB]
INFO:kolla.common.utils.sahara-base:Get:51 http://ports.ubuntu.com bionic-updates/main s390x sqlite3 s390x 3.22.0-1ubuntu0.2 [688 kB]
INFO:kolla.common.utils.sahara-base:Get:52 http://ubuntu-cloud.archive.canonical.com/ubuntu bionic-updates/ussuri/main s390x sahara-common all 1:11.0.0-0ubuntu1~cloud0 [42.5 kB]
INFO:kolla.common.utils.sahara-base:Preconfiguring packages ...
INFO:kolla.common.utils.sahara-base:Fetched 7,252 kB in 0s (27.7 MB/s)
INFO:kolla.common.utils.sahara-base:Selecting previously unselected package ucf.
INFO:kolla.common.utils.sahara-base:(Reading database ... 
INFO:kolla.common.utils.sahara-base:(Reading database ... 5%(Reading database ... 10%(Reading database ... 15%
INFO:kolla.common.utils.sahara-base:(Reading database ... 20%(Reading database ... 25%(Reading database ... 30%(Reading database ... 35%(Reading database ... 40%(Reading database ... 45%
INFO:kolla.common.utils.sahara-base:(Reading database ... 50%
INFO:kolla.common.utils.sahara-base:(Reading database ... 55%
INFO:kolla.common.utils.sahara-base:(Reading database ... 60%
INFO:kolla.common.utils.sahara-base:(Reading database ... 65%
INFO:kolla.common.utils.sahara-base:(Reading database ... 70%
INFO:kolla.common.utils.sahara-base:(Reading database ... 75%
INFO:kolla.common.utils.sahara-base:(Reading database ... 80%(Reading database ... 85%
INFO:kolla.common.utils.sahara-base:(Reading database ... 90%
INFO:kolla.common.utils.sahara-base:(Reading database ... 95%
INFO:kolla.common.utils.sahara-base:(Reading database ... 100%(Reading database ... 22243 files and directories currently installed.)
INFO:kolla.common.utils.sahara-base:Preparing to unpack .../00-ucf_3.0038_all.deb ...
INFO:kolla.common.utils.sahara-base:Moving old data out of the way
INFO:kolla.common.utils.sahara-base:Unpacking ucf (3.0038) ...
INFO:kolla.common.utils.sahara-base:Selecting previously unselected package python3-sqlalchemy.
INFO:kolla.common.utils.sahara-base:Preparing to unpack .../01-python3-sqlalchemy_1.2.18+ds1-2ubuntu2~cloud0_all.deb ...
INFO:kolla.common.utils.sahara-base:Unpacking python3-sqlalchemy (1.2.18+ds1-2ubuntu2~cloud0) ...
INFO:kolla.common.utils.sahara-base:Selecting previously unselected package python3-alembic.
INFO:kolla.common.utils.sahara-base:Preparing to unpack .../02-python3-alembic_1.0.0-2ubuntu2~cloud0_all.deb ...
INFO:kolla.common.utils.sahara-base:Unpacking python3-alembic (1.0.0-2ubuntu2~cloud0) ...
INFO:kolla.common.utils.sahara-base:Selecting previously unselected package libjs-jquery.
INFO:kolla.common.utils.sahara-base:Preparing to unpack .../03-libjs-jquery_3.2.1-1_all.deb ...
INFO:kolla.common.utils.sahara-base:Unpacking libjs-jquery (3.2.1-1) ...
INFO:kolla.common.utils.sahara-base:Selecting previously unselected package libjs-underscore.
INFO:kolla.common.utils.sahara-base:Preparing to unpack .../04-libjs-underscore_1.8.3~dfsg-1_all.deb ...
INFO:kolla.common.utils.sahara-base:Unpacking libjs-underscore (1.8.3~dfsg-1) ...
INFO:kolla.common.utils.sahara-base:Selecting previously unselected package libjs-sphinxdoc.
INFO:kolla.common.utils.sahara-base:Preparing to unpack .../05-libjs-sphinxdoc_1.8.5-3~cloud0_all.deb ...
INFO:kolla.common.utils.sahara-base:Unpacking libjs-sphinxdoc (1.8.5-3~cloud0) ...
INFO:kolla.common.utils.sahara-base:Selecting previously unselected package alembic.
INFO:kolla.common.utils.sahara-base:Preparing to unpack .../06-alembic_1.0.0-2ubuntu2~cloud0_all.deb ...
INFO:kolla.common.utils.sahara-base:Unpacking alembic (1.0.0-2ubuntu2~cloud0) ...
INFO:kolla.common.utils.sahara-base:Selecting previously unselected package dbconfig-common.
INFO:kolla.common.utils.sahara-base:Preparing to unpack .../07-dbconfig-common_2.0.9_all.deb ...
INFO:kolla.common.utils.sahara-base:Unpacking dbconfig-common (2.0.9) ...
INFO:kolla.common.utils.sahara-base:Selecting previously unselected package pycadf-common.
INFO:kolla.common.utils.sahara-base:Preparing to unpack .../08-pycadf-common_2.7.0-0ubuntu1_all.deb ...
INFO:kolla.common.utils.sahara-base:Unpacking pycadf-common (2.7.0-0ubuntu1) ...
INFO:kolla.common.utils.sahara-base:Selecting previously unselected package python-pastedeploy-tpl.
INFO:kolla.common.utils.sahara-base:Preparing to unpack .../09-python-pastedeploy-tpl_1.5.2-4_all.deb ...
INFO:kolla.common.utils.sahara-base:Unpacking python-pastedeploy-tpl (1.5.2-4) ...
INFO:kolla.common.utils.sahara-base:Selecting previously unselected package python3-vine.
INFO:kolla.common.utils.sahara-base:Preparing to unpack .../10-python3-vine_1.1.4+dfsg-2_all.deb ...
INFO:kolla.common.utils.sahara-base:Unpacking python3-vine (1.1.4+dfsg-2) ...
INFO:kolla.common.utils.sahara-base:Selecting previously unselected package python3-amqp.
INFO:kolla.common.utils.sahara-base:Preparing to unpack .../11-python3-amqp_2.5.0-2~cloud0_all.deb ...
INFO:kolla.common.utils.sahara-base:Unpacking python3-amqp (2.5.0-2~cloud0) ...
INFO:kolla.common.utils.sahara-base:Selecting previously unselected package python3-anyjson.
INFO:kolla.common.utils.sahara-base:Preparing to unpack .../12-python3-anyjson_0.3.3-1build1_all.deb ...
INFO:kolla.common.utils.sahara-base:Unpacking python3-anyjson (0.3.3-1build1) ...
INFO:kolla.common.utils.sahara-base:Selecting previously unselected package python3-botocore.
INFO:kolla.common.utils.sahara-base:Preparing to unpack .../13-python3-botocore_1.8.48+repack-1_all.deb ...
INFO:kolla.common.utils.sahara-base:Unpacking python3-botocore (1.8.48+repack-1) ...
INFO:kolla.common.utils.sahara-base:Selecting previously unselected package python3-cachetools.
INFO:kolla.common.utils.sahara-base:Preparing to unpack .../14-python3-cachetools_3.1.0-2~cloud0_all.deb ...
INFO:kolla.common.utils.sahara-base:Unpacking python3-cachetools (3.1.0-2~cloud0) ...
INFO:kolla.common.utils.sahara-base:Selecting previously unselected package python3-castellan.
INFO:kolla.common.utils.sahara-base:Preparing to unpack .../15-python3-castellan_1.3.1-0ubuntu1~cloud0_all.deb ...
INFO:kolla.common.utils.sahara-base:Unpacking python3-castellan (1.3.1-0ubuntu1~cloud0) ...
INFO:kolla.common.utils.sahara-base:Selecting previously unselected package python3-colorama.
INFO:kolla.common.utils.sahara-base:Preparing to unpack .../16-python3-colorama_0.3.7-1_all.deb ...
INFO:kolla.common.utils.sahara-base:Unpacking python3-colorama (0.3.7-1) ...
INFO:kolla.common.utils.sahara-base:Selecting previously unselected package python3-click.
INFO:kolla.common.utils.sahara-base:Preparing to unpack .../17-python3-click_6.7-3_all.deb ...
INFO:kolla.common.utils.sahara-base:Unpacking python3-click (6.7-3) ...
INFO:kolla.common.utils.sahara-base:Selecting previously unselected package python3-itsdangerous.
INFO:kolla.common.utils.sahara-base:Preparing to unpack .../18-python3-itsdangerous_0.24+dfsg1-2_all.deb ...
INFO:kolla.common.utils.sahara-base:Unpacking python3-itsdangerous (0.24+dfsg1-2) ...
INFO:kolla.common.utils.sahara-base:Selecting previously unselected package python3-jinja2.
INFO:kolla.common.utils.sahara-base:Preparing to unpack .../19-python3-jinja2_2.10-1ubuntu0.18.04.1_all.deb ...
INFO:kolla.common.utils.sahara-base:Unpacking python3-jinja2 (2.10-1ubuntu0.18.04.1) ...
INFO:kolla.common.utils.sahara-base:Selecting previously unselected package python3-werkzeug.
INFO:kolla.common.utils.sahara-base:Preparing to unpack .../20-python3-werkzeug_0.14.1+dfsg1-1_all.deb ...
INFO:kolla.common.utils.sahara-base:Unpacking python3-werkzeug (0.14.1+dfsg1-1) ...
INFO:kolla.common.utils.sahara-base:Selecting previously unselected package python3-flask.
INFO:kolla.common.utils.sahara-base:Preparing to unpack .../21-python3-flask_1.0.2-3~cloud0_all.deb ...
INFO:kolla.common.utils.sahara-base:Unpacking python3-flask (1.0.2-3~cloud0) ...
INFO:kolla.common.utils.sahara-base:Selecting previously unselected package python3-oslo.cache.
INFO:kolla.common.utils.sahara-base:Preparing to unpack .../22-python3-oslo.cache_1.37.0-0ubuntu1~cloud0_all.deb ...
INFO:kolla.common.utils.sahara-base:Unpacking python3-oslo.cache (1.37.0-0ubuntu1~cloud0) ...
INFO:kolla.common.utils.sahara-base:Selecting previously unselected package python3-pycadf.
INFO:kolla.common.utils.sahara-base:Preparing to unpack .../23-python3-pycadf_2.7.0-0ubuntu1_all.deb ...
INFO:kolla.common.utils.sahara-base:Unpacking python3-pycadf (2.7.0-0ubuntu1) ...
INFO:kolla.common.utils.sahara-base:Selecting previously unselected package python3-keystonemiddleware.
INFO:kolla.common.utils.sahara-base:Preparing to unpack .../24-python3-keystonemiddleware_7.0.1-0ubuntu1~cloud0_all.deb ...
INFO:kolla.common.utils.sahara-base:Unpacking python3-keystonemiddleware (7.0.1-0ubuntu1~cloud0) ...
INFO:kolla.common.utils.sahara-base:Selecting previously unselected package python3-kombu.
INFO:kolla.common.utils.sahara-base:Preparing to unpack .../25-python3-kombu_4.1.0-1_all.deb ...
INFO:kolla.common.utils.sahara-base:Unpacking python3-kombu (4.1.0-1) ...
INFO:kolla.common.utils.sahara-base:Selecting previously unselected package python3-microversion-parse.
INFO:kolla.common.utils.sahara-base:Preparing to unpack .../26-python3-microversion-parse_0.2.1-0ubuntu2~cloud0_all.deb ...
INFO:kolla.common.utils.sahara-base:Unpacking python3-microversion-parse (0.2.1-0ubuntu2~cloud0) ...
INFO:kolla.common.utils.sahara-base:Selecting previously unselected package python3-sqlparse.
INFO:kolla.common.utils.sahara-base:Preparing to unpack .../27-python3-sqlparse_0.2.4-0.1_all.deb ...
INFO:kolla.common.utils.sahara-base:Unpacking python3-sqlparse (0.2.4-0.1) ...
INFO:kolla.common.utils.sahara-base:Selecting previously unselected package python3-tempita.
INFO:kolla.common.utils.sahara-base:Preparing to unpack .../28-python3-tempita_0.5.2-2_all.deb ...
INFO:kolla.common.utils.sahara-base:Unpacking python3-tempita (0.5.2-2) ...
INFO:kolla.common.utils.sahara-base:Selecting previously unselected package python3-migrate.
INFO:kolla.common.utils.sahara-base:Preparing to unpack .../29-python3-migrate_0.12.0-3~cloud0_all.deb ...
INFO:kolla.common.utils.sahara-base:Unpacking python3-migrate (0.12.0-3~cloud0) ...
INFO:kolla.common.utils.sahara-base:Selecting previously unselected package python3-testresources.
INFO:kolla.common.utils.sahara-base:Preparing to unpack .../30-python3-testresources_2.0.0-2_all.deb ...
INFO:kolla.common.utils.sahara-base:Unpacking python3-testresources (2.0.0-2) ...
INFO:kolla.common.utils.sahara-base:Selecting previously unselected package python3-testscenarios.
INFO:kolla.common.utils.sahara-base:Preparing to unpack .../31-python3-testscenarios_0.5.0-2~cloud0_all.deb ...
INFO:kolla.common.utils.sahara-base:Unpacking python3-testscenarios (0.5.0-2~cloud0) ...
INFO:kolla.common.utils.sahara-base:Selecting previously unselected package python3-oslo.db.
INFO:kolla.common.utils.sahara-base:Preparing to unpack .../32-python3-oslo.db_5.0.2-0ubuntu1~cloud0_all.deb ...
INFO:kolla.common.utils.sahara-base:Unpacking python3-oslo.db (5.0.2-0ubuntu1~cloud0) ...
INFO:kolla.common.utils.sahara-base:Selecting previously unselected package python3-oslo.middleware.
INFO:kolla.common.utils.sahara-base:Preparing to unpack .../33-python3-oslo.middleware_3.38.1-0ubuntu1~cloud0_all.deb ...
INFO:kolla.common.utils.sahara-base:Unpacking python3-oslo.middleware (3.38.1-0ubuntu1~cloud0) ...
INFO:kolla.common.utils.sahara-base:Selecting previously unselected package python3-paste.
INFO:kolla.common.utils.sahara-base:Preparing to unpack .../34-python3-paste_2.0.3+dfsg-4ubuntu1_all.deb ...
INFO:kolla.common.utils.sahara-base:Unpacking python3-paste (2.0.3+dfsg-4ubuntu1) ...
INFO:kolla.common.utils.sahara-base:Selecting previously unselected package python3-pastedeploy.
INFO:kolla.common.utils.sahara-base:Preparing to unpack .../35-python3-pastedeploy_1.5.2-4_all.deb ...
INFO:kolla.common.utils.sahara-base:Unpacking python3-pastedeploy (1.5.2-4) ...
INFO:kolla.common.utils.sahara-base:Selecting previously unselected package python3-repoze.lru.
INFO:kolla.common.utils.sahara-base:Preparing to unpack .../36-python3-repoze.lru_0.7-1_all.deb ...
INFO:kolla.common.utils.sahara-base:Unpacking python3-repoze.lru (0.7-1) ...
INFO:kolla.common.utils.sahara-base:Selecting previously unselected package python3-routes.
INFO:kolla.common.utils.sahara-base:Preparing to unpack .../37-python3-routes_2.4.1-1_all.deb ...
INFO:kolla.common.utils.sahara-base:Unpacking python3-routes (2.4.1-1) ...
INFO:kolla.common.utils.sahara-base:Selecting previously unselected package python3-oslo.service.
INFO:kolla.common.utils.sahara-base:Preparing to unpack .../38-python3-oslo.service_1.40.2-0ubuntu1~cloud0_all.deb ...
INFO:kolla.common.utils.sahara-base:Unpacking python3-oslo.service (1.40.2-0ubuntu1~cloud0) ...
INFO:kolla.common.utils.sahara-base:Selecting previously unselected package python3-tenacity.
INFO:kolla.common.utils.sahara-base:Preparing to unpack .../39-python3-tenacity_5.1.1-0ubuntu2~cloud0_all.deb ...
INFO:kolla.common.utils.sahara-base:Unpacking python3-tenacity (5.1.1-0ubuntu2~cloud0) ...
INFO:kolla.common.utils.sahara-base:Selecting previously unselected package python3-oslo.messaging.
INFO:kolla.common.utils.sahara-base:Preparing to unpack .../40-python3-oslo.messaging_9.7.1-0ubuntu3~cloud0_all.deb ...
INFO:kolla.common.utils.sahara-base:Unpacking python3-oslo.messaging (9.7.1-0ubuntu3~cloud0) ...
INFO:kolla.common.utils.sahara-base:Selecting previously unselected package python3-oslo.policy.
INFO:kolla.common.utils.sahara-base:Preparing to unpack .../41-python3-oslo.policy_2.3.2-0ubuntu1~cloud0_all.deb ...
INFO:kolla.common.utils.sahara-base:Unpacking python3-oslo.policy (2.3.2-0ubuntu1~cloud0) ...
INFO:kolla.common.utils.sahara-base:Selecting previously unselected package python3-oslo.rootwrap.
INFO:kolla.common.utils.sahara-base:Preparing to unpack .../42-python3-oslo.rootwrap_5.16.1-0ubuntu1~cloud0_all.deb ...
INFO:kolla.common.utils.sahara-base:Unpacking python3-oslo.rootwrap (5.16.1-0ubuntu1~cloud0) ...
INFO:kolla.common.utils.sahara-base:Selecting previously unselected package python3-oslo.upgradecheck.
INFO:kolla.common.utils.sahara-base:Preparing to unpack .../43-python3-oslo.upgradecheck_0.3.2-0ubuntu1~cloud0_all.deb ...
INFO:kolla.common.utils.sahara-base:Unpacking python3-oslo.upgradecheck (0.3.2-0ubuntu1~cloud0) ...
INFO:kolla.common.utils.sahara-base:Selecting previously unselected package python3-pyasn1.
INFO:kolla.common.utils.sahara-base:Preparing to unpack .../44-python3-pyasn1_0.4.2-3_all.deb ...
INFO:kolla.common.utils.sahara-base:Unpacking python3-pyasn1 (0.4.2-3) ...
INFO:kolla.common.utils.sahara-base:Selecting previously unselected package python3-paramiko.
INFO:kolla.common.utils.sahara-base:Preparing to unpack .../45-python3-paramiko_2.0.0-1ubuntu1.2_all.deb ...
INFO:kolla.common.utils.sahara-base:Unpacking python3-paramiko (2.0.0-1ubuntu1.2) ...
INFO:kolla.common.utils.sahara-base:Selecting previously unselected package python3-pastescript.
INFO:kolla.common.utils.sahara-base:Preparing to unpack .../46-python3-pastescript_2.0.2-2_all.deb ...
INFO:kolla.common.utils.sahara-base:Unpacking python3-pastescript (2.0.2-2) ...
INFO:kolla.common.utils.sahara-base:Selecting previously unselected package python3-voluptuous.
INFO:kolla.common.utils.sahara-base:Preparing to unpack .../47-python3-voluptuous_0.9.3-1_all.deb ...
INFO:kolla.common.utils.sahara-base:Unpacking python3-voluptuous (0.9.3-1) ...
INFO:kolla.common.utils.sahara-base:Selecting previously unselected package python3-tooz.
INFO:kolla.common.utils.sahara-base:Preparing to unpack .../48-python3-tooz_1.66.2-0ubuntu1~cloud0_all.deb ...
INFO:kolla.common.utils.sahara-base:Unpacking python3-tooz (1.66.2-0ubuntu1~cloud0) ...
INFO:kolla.common.utils.sahara-base:Selecting previously unselected package sqlite3.
INFO:kolla.common.utils.sahara-base:Preparing to unpack .../49-sqlite3_3.22.0-1ubuntu0.2_s390x.deb ...
INFO:kolla.common.utils.sahara-base:Unpacking sqlite3 (3.22.0-1ubuntu0.2) ...
INFO:kolla.common.utils.sahara-base:Selecting previously unselected package python3-sahara.
INFO:kolla.common.utils.sahara-base:Preparing to unpack .../50-python3-sahara_1%3a11.0.0-0ubuntu1~cloud0_all.deb ...
INFO:kolla.common.utils.sahara-base:Unpacking python3-sahara (1:11.0.0-0ubuntu1~cloud0) ...
INFO:kolla.common.utils.sahara-base:Selecting previously unselected package sahara-common.
INFO:kolla.common.utils.sahara-base:Preparing to unpack .../51-sahara-common_1%3a11.0.0-0ubuntu1~cloud0_all.deb ...
INFO:kolla.common.utils.sahara-base:Unpacking sahara-common (1:11.0.0-0ubuntu1~cloud0) ...
INFO:kolla.common.utils.sahara-base:Setting up libjs-jquery (3.2.1-1) ...
INFO:kolla.common.utils.sahara-base:Setting up python3-werkzeug (0.14.1+dfsg1-1) ...
INFO:kolla.common.utils.sahara-base:Setting up python3-sqlalchemy (1.2.18+ds1-2ubuntu2~cloud0) ...
INFO:kolla.common.utils.sahara-base:Setting up libjs-underscore (1.8.3~dfsg-1) ...
INFO:kolla.common.utils.sahara-base:Setting up python3-sqlparse (0.2.4-0.1) ...
INFO:kolla.common.utils.sahara-base:Setting up python3-oslo.rootwrap (5.16.1-0ubuntu1~cloud0) ...
INFO:kolla.common.utils.sahara-base:Setting up python3-tempita (0.5.2-2) ...
INFO:kolla.common.utils.sahara-base:Setting up python3-botocore (1.8.48+repack-1) ...
INFO:kolla.common.utils.sahara-base:Setting up python3-colorama (0.3.7-1) ...
INFO:kolla.common.utils.sahara-base:Setting up python3-alembic (1.0.0-2ubuntu2~cloud0) ...
INFO:kolla.common.utils.sahara-base:Setting up libjs-sphinxdoc (1.8.5-3~cloud0) ...
INFO:kolla.common.utils.sahara-base:Setting up python3-castellan (1.3.1-0ubuntu1~cloud0) ...
INFO:kolla.common.utils.sahara-base:Setting up python3-tenacity (5.1.1-0ubuntu2~cloud0) ...
INFO:kolla.common.utils.sahara-base:Setting up python3-testscenarios (0.5.0-2~cloud0) ...
INFO:kolla.common.utils.sahara-base:Setting up python3-oslo.policy (2.3.2-0ubuntu1~cloud0) ...
INFO:kolla.common.utils.sahara-base:Setting up ucf (3.0038) ...
INFO:kolla.common.utils.sahara-base:Setting up sqlite3 (3.22.0-1ubuntu0.2) ...
INFO:kolla.common.utils.sahara-base:Setting up python3-microversion-parse (0.2.1-0ubuntu2~cloud0) ...
INFO:kolla.common.utils.sahara-base:Setting up python3-testresources (2.0.0-2) ...
INFO:kolla.common.utils.sahara-base:Setting up python3-pyasn1 (0.4.2-3) ...
INFO:kolla.common.utils.sahara-base:Setting up pycadf-common (2.7.0-0ubuntu1) ...
INFO:kolla.common.utils.sahara-base:Setting up python3-oslo.cache (1.37.0-0ubuntu1~cloud0) ...
INFO:kolla.common.utils.sahara-base:Setting up python3-pycadf (2.7.0-0ubuntu1) ...
INFO:kolla.common.utils.sahara-base:Setting up python3-jinja2 (2.10-1ubuntu0.18.04.1) ...
INFO:kolla.common.utils.sahara-base:Setting up python3-repoze.lru (0.7-1) ...
INFO:kolla.common.utils.sahara-base:Setting up python3-paste (2.0.3+dfsg-4ubuntu1) ...
INFO:kolla.common.utils.sahara-base:Setting up python3-migrate (0.12.0-3~cloud0) ...
INFO:kolla.common.utils.sahara-base:Setting up python3-anyjson (0.3.3-1build1) ...
INFO:kolla.common.utils.sahara-base:Setting up python3-keystonemiddleware (7.0.1-0ubuntu1~cloud0) ...
INFO:kolla.common.utils.sahara-base:Setting up python-pastedeploy-tpl (1.5.2-4) ...
INFO:kolla.common.utils.sahara-base:Setting up python3-cachetools (3.1.0-2~cloud0) ...
INFO:kolla.common.utils.sahara-base:Setting up python3-vine (1.1.4+dfsg-2) ...
INFO:kolla.common.utils.sahara-base:Setting up dbconfig-common (2.0.9) ...
INFO:kolla.common.utils.sahara-base:
INFO:kolla.common.utils.sahara-base:Creating config file /etc/dbconfig-common/config with new version
INFO:kolla.common.utils.sahara-base:Setting up python3-itsdangerous (0.24+dfsg1-2) ...
INFO:kolla.common.utils.sahara-base:Setting up python3-voluptuous (0.9.3-1) ...
INFO:kolla.common.utils.sahara-base:Setting up python3-oslo.upgradecheck (0.3.2-0ubuntu1~cloud0) ...
INFO:kolla.common.utils.sahara-base:Setting up alembic (1.0.0-2ubuntu2~cloud0) ...
INFO:kolla.common.utils.sahara-base:Setting up python3-routes (2.4.1-1) ...
INFO:kolla.common.utils.sahara-base:Setting up python3-paramiko (2.0.0-1ubuntu1.2) ...
INFO:kolla.common.utils.sahara-base:Setting up python3-oslo.middleware (3.38.1-0ubuntu1~cloud0) ...
INFO:kolla.common.utils.sahara-base:Setting up python3-amqp (2.5.0-2~cloud0) ...
INFO:kolla.common.utils.sahara-base:Setting up python3-click (6.7-3) ...
INFO:kolla.common.utils.sahara-base:Setting up python3-tooz (1.66.2-0ubuntu1~cloud0) ...
INFO:kolla.common.utils.sahara-base:Setting up python3-kombu (4.1.0-1) ...
INFO:kolla.common.utils.sahara-base:Setting up python3-oslo.db (5.0.2-0ubuntu1~cloud0) ...
INFO:kolla.common.utils.sahara-base:Setting up python3-pastedeploy (1.5.2-4) ...
INFO:kolla.common.utils.sahara-base:Setting up python3-flask (1.0.2-3~cloud0) ...
INFO:kolla.common.utils.sahara-base:Setting up python3-oslo.service (1.40.2-0ubuntu1~cloud0) ...
INFO:kolla.common.utils.sahara-base:Setting up python3-pastescript (2.0.2-2) ...
INFO:kolla.common.utils.sahara-base:Setting up python3-oslo.messaging (9.7.1-0ubuntu3~cloud0) ...
INFO:kolla.common.utils.sahara-base:Setting up python3-sahara (1:11.0.0-0ubuntu1~cloud0) ...
INFO:kolla.common.utils.sahara-base:Setting up sahara-common (1:11.0.0-0ubuntu1~cloud0) ...
INFO:kolla.common.utils.sahara-base:Removing intermediate container db66b00d5da6
INFO:kolla.common.utils.sahara-base: ---> 5df0f9dcdea1
INFO:kolla.common.utils.sahara-base:Step 5/7 : COPY sahara_sudoers /etc/sudoers.d/kolla_sahara_sudoers
INFO:kolla.common.utils.sahara-base: ---> 44f6ae590fa9
INFO:kolla.common.utils.sahara-base:Step 6/7 : COPY extend_start.sh /usr/local/bin/kolla_extend_start
INFO:kolla.common.utils.sahara-base: ---> 2f8679acaf08
INFO:kolla.common.utils.sahara-base:Step 7/7 : RUN chmod 750 /etc/sudoers.d     && chmod 640 /etc/sudoers.d/kolla_sahara_sudoers     && touch /usr/local/bin/kolla_sahara_extend_start     && chmod 755 /usr/local/bin/kolla_extend_start /usr/local/bin/kolla_sahara_extend_start
INFO:kolla.common.utils.sahara-base: ---> Running in 0e570679ae92
INFO:kolla.common.utils.sahara-base:Removing intermediate container 0e570679ae92
INFO:kolla.common.utils.sahara-base: ---> 0c285e7548b5
INFO:kolla.common.utils.sahara-base:Successfully built 0c285e7548b5
INFO:kolla.common.utils.sahara-base:Successfully tagged s390x/ubuntu-binary-sahara-base:9.1.0
INFO:kolla.common.utils.sahara-base:Built at 2020-03-02 21:42:42.242920 (took 0:00:33.564688)
