INFO:kolla.common.utils.sahara-api:Building started at 2020-03-02 21:45:55.708904
INFO:kolla.common.utils.sahara-api:Step 1/6 : FROM s390x/ubuntu-binary-sahara-base:9.1.0
INFO:kolla.common.utils.sahara-api: ---> 0c285e7548b5
INFO:kolla.common.utils.sahara-api:Step 2/6 : LABEL maintainer="Kolla Project (https://launchpad.net/kolla)" name="sahara-api" build-date="20200302"
INFO:kolla.common.utils.sahara-api: ---> Running in 019eb4581ac5
INFO:kolla.common.utils.sahara-api:Removing intermediate container 019eb4581ac5
INFO:kolla.common.utils.sahara-api: ---> 70f4bca4709c
INFO:kolla.common.utils.sahara-api:Step 3/6 : RUN apt-get update && apt-get -y install --no-install-recommends sahara-api && apt-get clean && rm -rf /var/lib/apt/lists/*
INFO:kolla.common.utils.sahara-api: ---> Running in 05241fa8fbe0
INFO:kolla.common.utils.sahara-api:Ign:1 http://ubuntu-cloud.archive.canonical.com/ubuntu bionic-updates/ussuri InRelease
INFO:kolla.common.utils.sahara-api:Get:2 http://ports.ubuntu.com bionic InRelease [242 kB]
INFO:kolla.common.utils.sahara-api:Get:3 http://ubuntu-cloud.archive.canonical.com/ubuntu bionic-updates/ussuri Release [7,884 B]
INFO:kolla.common.utils.sahara-api:Get:4 http://ports.ubuntu.com bionic-updates InRelease [88.7 kB]
INFO:kolla.common.utils.sahara-api:Get:5 http://ubuntu-cloud.archive.canonical.com/ubuntu bionic-updates/ussuri Release.gpg [543 B]
INFO:kolla.common.utils.sahara-api:Get:6 http://ports.ubuntu.com bionic-security InRelease [88.7 kB]
INFO:kolla.common.utils.sahara-api:Get:7 http://ports.ubuntu.com bionic-backports InRelease [74.6 kB]
INFO:kolla.common.utils.sahara-api:Get:8 http://ports.ubuntu.com bionic/universe s390x Packages [10.8 MB]
INFO:kolla.common.utils.sahara-api:Get:9 http://ubuntu-cloud.archive.canonical.com/ubuntu bionic-updates/ussuri/main s390x Packages [145 kB]
INFO:kolla.common.utils.sahara-api:Get:10 http://ports.ubuntu.com bionic/main s390x Packages [1,244 kB]
INFO:kolla.common.utils.sahara-api:Get:11 http://ports.ubuntu.com bionic-updates/universe s390x Packages [1,075 kB]
INFO:kolla.common.utils.sahara-api:Get:12 http://ports.ubuntu.com bionic-updates/main s390x Packages [730 kB]
INFO:kolla.common.utils.sahara-api:Get:13 http://ports.ubuntu.com bionic-security/main s390x Packages [467 kB]
INFO:kolla.common.utils.sahara-api:Get:14 http://ports.ubuntu.com bionic-security/universe s390x Packages [625 kB]
INFO:kolla.common.utils.sahara-api:Get:15 http://ports.ubuntu.com bionic-backports/main s390x Packages [2,494 B]
INFO:kolla.common.utils.sahara-api:Get:16 http://ports.ubuntu.com bionic-backports/universe s390x Packages [4,242 B]
INFO:kolla.common.utils.sahara-api:Fetched 15.6 MB in 3s (5,764 kB/s)
INFO:kolla.common.utils.sahara-api:Reading package lists...
INFO:kolla.common.utils.sahara-api:Reading package lists...
INFO:kolla.common.utils.sahara-api:Building dependency tree...
INFO:kolla.common.utils.sahara-api:Reading state information...
INFO:kolla.common.utils.sahara-api:The following additional packages will be installed:
INFO:kolla.common.utils.sahara-api:  apache2 apache2-bin apache2-data apache2-utils libapache2-mod-wsgi-py3
INFO:kolla.common.utils.sahara-api:  libapr1 libaprutil1 libaprutil1-dbd-sqlite3 libaprutil1-ldap liblua5.2-0
INFO:kolla.common.utils.sahara-api:  libpython3.6 python-q-text-as-data
INFO:kolla.common.utils.sahara-api:Suggested packages:
INFO:kolla.common.utils.sahara-api:  www-browser apache2-doc apache2-suexec-pristine | apache2-suexec-custom ufw
INFO:kolla.common.utils.sahara-api:Recommended packages:
INFO:kolla.common.utils.sahara-api:  ssl-cert
INFO:kolla.common.utils.sahara-api:The following NEW packages will be installed:
INFO:kolla.common.utils.sahara-api:  apache2 apache2-bin apache2-data apache2-utils libapache2-mod-wsgi-py3
INFO:kolla.common.utils.sahara-api:  libapr1 libaprutil1 libaprutil1-dbd-sqlite3 libaprutil1-ldap liblua5.2-0
INFO:kolla.common.utils.sahara-api:  libpython3.6 python-q-text-as-data sahara-api
INFO:kolla.common.utils.sahara-api:0 upgraded, 13 newly installed, 0 to remove and 0 not upgraded.
INFO:kolla.common.utils.sahara-api:Need to get 3,012 kB of archives.
INFO:kolla.common.utils.sahara-api:After this operation, 12.6 MB of additional disk space will be used.
INFO:kolla.common.utils.sahara-api:Get:1 http://ubuntu-cloud.archive.canonical.com/ubuntu bionic-updates/ussuri/main s390x sahara-api all 1:11.0.0-0ubuntu1~cloud0 [24.6 kB]
INFO:kolla.common.utils.sahara-api:Get:2 http://ports.ubuntu.com bionic/main s390x libapr1 s390x 1.6.3-2 [87.4 kB]
INFO:kolla.common.utils.sahara-api:Get:3 http://ports.ubuntu.com bionic/main s390x libaprutil1 s390x 1.6.1-2 [81.8 kB]
INFO:kolla.common.utils.sahara-api:Get:4 http://ports.ubuntu.com bionic/main s390x libaprutil1-dbd-sqlite3 s390x 1.6.1-2 [10.4 kB]
INFO:kolla.common.utils.sahara-api:Get:5 http://ports.ubuntu.com bionic/main s390x libaprutil1-ldap s390x 1.6.1-2 [8,652 B]
INFO:kolla.common.utils.sahara-api:Get:6 http://ports.ubuntu.com bionic/main s390x liblua5.2-0 s390x 5.2.4-1.1build1 [99.9 kB]
INFO:kolla.common.utils.sahara-api:Get:7 http://ports.ubuntu.com bionic-updates/main s390x apache2-bin s390x 2.4.29-1ubuntu4.12 [978 kB]
INFO:kolla.common.utils.sahara-api:Get:8 http://ports.ubuntu.com bionic-updates/main s390x apache2-utils s390x 2.4.29-1ubuntu4.12 [81.3 kB]
INFO:kolla.common.utils.sahara-api:Get:9 http://ports.ubuntu.com bionic-updates/main s390x apache2-data all 2.4.29-1ubuntu4.12 [160 kB]
INFO:kolla.common.utils.sahara-api:Get:10 http://ports.ubuntu.com bionic-updates/main s390x apache2 s390x 2.4.29-1ubuntu4.12 [95.1 kB]
INFO:kolla.common.utils.sahara-api:Get:11 http://ports.ubuntu.com bionic-updates/main s390x libpython3.6 s390x 3.6.9-1~18.04 [1,284 kB]
INFO:kolla.common.utils.sahara-api:Get:12 http://ports.ubuntu.com bionic-updates/universe s390x libapache2-mod-wsgi-py3 s390x 4.5.17-1ubuntu1 [81.9 kB]
INFO:kolla.common.utils.sahara-api:Get:13 http://ports.ubuntu.com bionic/universe s390x python-q-text-as-data all 1.4.0-2 [18.9 kB]
INFO:kolla.common.utils.sahara-api:Preconfiguring packages ...
INFO:kolla.common.utils.sahara-api:Fetched 3,012 kB in 1s (4,501 kB/s)
INFO:kolla.common.utils.sahara-api:Selecting previously unselected package libapr1:s390x.
INFO:kolla.common.utils.sahara-api:(Reading database ... 
INFO:kolla.common.utils.sahara-api:(Reading database ... 5%(Reading database ... 10%(Reading database ... 15%(Reading database ... 20%(Reading database ... 25%(Reading database ... 30%(Reading database ... 35%(Reading database ... 40%(Reading database ... 45%(Reading database ... 50%(Reading database ... 55%(Reading database ... 60%
INFO:kolla.common.utils.sahara-api:(Reading database ... 65%(Reading database ... 70%(Reading database ... 75%(Reading database ... 80%(Reading database ... 85%
INFO:kolla.common.utils.sahara-api:(Reading database ... 90%
INFO:kolla.common.utils.sahara-api:(Reading database ... 95%
INFO:kolla.common.utils.sahara-api:(Reading database ... 100%(Reading database ... 26165 files and directories currently installed.)
INFO:kolla.common.utils.sahara-api:Preparing to unpack .../00-libapr1_1.6.3-2_s390x.deb ...
INFO:kolla.common.utils.sahara-api:Unpacking libapr1:s390x (1.6.3-2) ...
INFO:kolla.common.utils.sahara-api:Selecting previously unselected package libaprutil1:s390x.
INFO:kolla.common.utils.sahara-api:Preparing to unpack .../01-libaprutil1_1.6.1-2_s390x.deb ...
INFO:kolla.common.utils.sahara-api:Unpacking libaprutil1:s390x (1.6.1-2) ...
INFO:kolla.common.utils.sahara-api:Selecting previously unselected package libaprutil1-dbd-sqlite3:s390x.
INFO:kolla.common.utils.sahara-api:Preparing to unpack .../02-libaprutil1-dbd-sqlite3_1.6.1-2_s390x.deb ...
INFO:kolla.common.utils.sahara-api:Unpacking libaprutil1-dbd-sqlite3:s390x (1.6.1-2) ...
INFO:kolla.common.utils.sahara-api:Selecting previously unselected package libaprutil1-ldap:s390x.
INFO:kolla.common.utils.sahara-api:Preparing to unpack .../03-libaprutil1-ldap_1.6.1-2_s390x.deb ...
INFO:kolla.common.utils.sahara-api:Unpacking libaprutil1-ldap:s390x (1.6.1-2) ...
INFO:kolla.common.utils.sahara-api:Selecting previously unselected package liblua5.2-0:s390x.
INFO:kolla.common.utils.sahara-api:Preparing to unpack .../04-liblua5.2-0_5.2.4-1.1build1_s390x.deb ...
INFO:kolla.common.utils.sahara-api:Unpacking liblua5.2-0:s390x (5.2.4-1.1build1) ...
INFO:kolla.common.utils.sahara-api:Selecting previously unselected package apache2-bin.
INFO:kolla.common.utils.sahara-api:Preparing to unpack .../05-apache2-bin_2.4.29-1ubuntu4.12_s390x.deb ...
INFO:kolla.common.utils.sahara-api:Unpacking apache2-bin (2.4.29-1ubuntu4.12) ...
INFO:kolla.common.utils.sahara-api:Selecting previously unselected package apache2-utils.
INFO:kolla.common.utils.sahara-api:Preparing to unpack .../06-apache2-utils_2.4.29-1ubuntu4.12_s390x.deb ...
INFO:kolla.common.utils.sahara-api:Unpacking apache2-utils (2.4.29-1ubuntu4.12) ...
INFO:kolla.common.utils.sahara-api:Selecting previously unselected package apache2-data.
INFO:kolla.common.utils.sahara-api:Preparing to unpack .../07-apache2-data_2.4.29-1ubuntu4.12_all.deb ...
INFO:kolla.common.utils.sahara-api:Unpacking apache2-data (2.4.29-1ubuntu4.12) ...
INFO:kolla.common.utils.sahara-api:Selecting previously unselected package apache2.
INFO:kolla.common.utils.sahara-api:Preparing to unpack .../08-apache2_2.4.29-1ubuntu4.12_s390x.deb ...
INFO:kolla.common.utils.sahara-api:Unpacking apache2 (2.4.29-1ubuntu4.12) ...
INFO:kolla.common.utils.sahara-api:Selecting previously unselected package libpython3.6:s390x.
INFO:kolla.common.utils.sahara-api:Preparing to unpack .../09-libpython3.6_3.6.9-1~18.04_s390x.deb ...
INFO:kolla.common.utils.sahara-api:Unpacking libpython3.6:s390x (3.6.9-1~18.04) ...
INFO:kolla.common.utils.sahara-api:Selecting previously unselected package libapache2-mod-wsgi-py3.
INFO:kolla.common.utils.sahara-api:Preparing to unpack .../10-libapache2-mod-wsgi-py3_4.5.17-1ubuntu1_s390x.deb ...
INFO:kolla.common.utils.sahara-api:Unpacking libapache2-mod-wsgi-py3 (4.5.17-1ubuntu1) ...
INFO:kolla.common.utils.sahara-api:Selecting previously unselected package python-q-text-as-data.
INFO:kolla.common.utils.sahara-api:Preparing to unpack .../11-python-q-text-as-data_1.4.0-2_all.deb ...
INFO:kolla.common.utils.sahara-api:Unpacking python-q-text-as-data (1.4.0-2) ...
INFO:kolla.common.utils.sahara-api:Selecting previously unselected package sahara-api.
INFO:kolla.common.utils.sahara-api:Preparing to unpack .../12-sahara-api_1%3a11.0.0-0ubuntu1~cloud0_all.deb ...
INFO:kolla.common.utils.sahara-api:Unpacking sahara-api (1:11.0.0-0ubuntu1~cloud0) ...
INFO:kolla.common.utils.sahara-api:Setting up libapr1:s390x (1.6.3-2) ...
INFO:kolla.common.utils.sahara-api:Setting up python-q-text-as-data (1.4.0-2) ...
INFO:kolla.common.utils.sahara-api:update-alternatives: using /usr/bin/python2-q-text-as-data to provide /usr/bin/q (q) in auto mode
INFO:kolla.common.utils.sahara-api:Setting up apache2-data (2.4.29-1ubuntu4.12) ...
INFO:kolla.common.utils.sahara-api:Setting up libaprutil1:s390x (1.6.1-2) ...
INFO:kolla.common.utils.sahara-api:Setting up liblua5.2-0:s390x (5.2.4-1.1build1) ...
INFO:kolla.common.utils.sahara-api:Setting up libpython3.6:s390x (3.6.9-1~18.04) ...
INFO:kolla.common.utils.sahara-api:Setting up libaprutil1-ldap:s390x (1.6.1-2) ...
INFO:kolla.common.utils.sahara-api:Setting up libaprutil1-dbd-sqlite3:s390x (1.6.1-2) ...
INFO:kolla.common.utils.sahara-api:Setting up apache2-utils (2.4.29-1ubuntu4.12) ...
INFO:kolla.common.utils.sahara-api:Setting up apache2-bin (2.4.29-1ubuntu4.12) ...
INFO:kolla.common.utils.sahara-api:Setting up libapache2-mod-wsgi-py3 (4.5.17-1ubuntu1) ...
INFO:kolla.common.utils.sahara-api:Package apache2 is not configured yet. Will defer actions by package libapache2-mod-wsgi-py3.
INFO:kolla.common.utils.sahara-api:Setting up apache2 (2.4.29-1ubuntu4.12) ...
INFO:kolla.common.utils.sahara-api:Enabling module mpm_event.
INFO:kolla.common.utils.sahara-api:Enabling module authz_core.
INFO:kolla.common.utils.sahara-api:Enabling module authz_host.
INFO:kolla.common.utils.sahara-api:Enabling module authn_core.
INFO:kolla.common.utils.sahara-api:Enabling module auth_basic.
INFO:kolla.common.utils.sahara-api:Enabling module access_compat.
INFO:kolla.common.utils.sahara-api:Enabling module authn_file.
INFO:kolla.common.utils.sahara-api:Enabling module authz_user.
INFO:kolla.common.utils.sahara-api:Enabling module alias.
INFO:kolla.common.utils.sahara-api:Enabling module dir.
INFO:kolla.common.utils.sahara-api:Enabling module autoindex.
INFO:kolla.common.utils.sahara-api:Enabling module env.
INFO:kolla.common.utils.sahara-api:Enabling module mime.
INFO:kolla.common.utils.sahara-api:Enabling module negotiation.
INFO:kolla.common.utils.sahara-api:Enabling module setenvif.
INFO:kolla.common.utils.sahara-api:Enabling module filter.
INFO:kolla.common.utils.sahara-api:Enabling module deflate.
INFO:kolla.common.utils.sahara-api:Enabling module status.
INFO:kolla.common.utils.sahara-api:Enabling module reqtimeout.
INFO:kolla.common.utils.sahara-api:Enabling conf charset.
INFO:kolla.common.utils.sahara-api:Enabling conf localized-error-pages.
INFO:kolla.common.utils.sahara-api:Enabling conf other-vhosts-access-log.
INFO:kolla.common.utils.sahara-api:Enabling conf security.
INFO:kolla.common.utils.sahara-api:Enabling conf serve-cgi-bin.
INFO:kolla.common.utils.sahara-api:Enabling site 000-default.
INFO:kolla.common.utils.sahara-api:info: Executing deferred 'a2enmod wsgi' for package libapache2-mod-wsgi-py3
INFO:kolla.common.utils.sahara-api:Enabling module wsgi.
INFO:kolla.common.utils.sahara-api:invoke-rc.d: could not determine current runlevel
INFO:kolla.common.utils.sahara-api:invoke-rc.d: policy-rc.d denied execution of start.
INFO:kolla.common.utils.sahara-api:Setting up sahara-api (1:11.0.0-0ubuntu1~cloud0) ...
INFO:kolla.common.utils.sahara-api:Will not register sahara endpoint this time (no user request for it).
INFO:kolla.common.utils.sahara-api:apache2_invoke: Enable site sahara-api.conf
INFO:kolla.common.utils.sahara-api:invoke-rc.d: could not determine current runlevel
INFO:kolla.common.utils.sahara-api:invoke-rc.d: policy-rc.d denied execution of reload.
INFO:kolla.common.utils.sahara-api:Processing triggers for libc-bin (2.27-3ubuntu1) ...
INFO:kolla.common.utils.sahara-api:Removing intermediate container 05241fa8fbe0
INFO:kolla.common.utils.sahara-api: ---> 2427fe969f58
INFO:kolla.common.utils.sahara-api:Step 4/6 : COPY extend_start.sh /usr/local/bin/kolla_sahara_extend_start
INFO:kolla.common.utils.sahara-api: ---> 6b39e69ac7d3
INFO:kolla.common.utils.sahara-api:Step 5/6 : RUN chmod 755 /usr/local/bin/kolla_sahara_extend_start
INFO:kolla.common.utils.sahara-api: ---> Running in 0b247856b6cc
INFO:kolla.common.utils.sahara-api:Removing intermediate container 0b247856b6cc
INFO:kolla.common.utils.sahara-api: ---> adbf50e70e69
INFO:kolla.common.utils.sahara-api:Step 6/6 : USER sahara
INFO:kolla.common.utils.sahara-api: ---> Running in 4ec41675f241
INFO:kolla.common.utils.sahara-api:Removing intermediate container 4ec41675f241
INFO:kolla.common.utils.sahara-api: ---> 9d6a119f3c4a
INFO:kolla.common.utils.sahara-api:Successfully built 9d6a119f3c4a
INFO:kolla.common.utils.sahara-api:Successfully tagged s390x/ubuntu-binary-sahara-api:9.1.0
INFO:kolla.common.utils.sahara-api:Built at 2020-03-02 21:46:11.402482 (took 0:00:15.693578)
