INFO:kolla.common.utils.senlin-base:Building started at 2020-03-02 21:40:34.566063
INFO:kolla.common.utils.senlin-base:Step 1/6 : FROM s390x/ubuntu-binary-openstack-base:9.1.0
INFO:kolla.common.utils.senlin-base: ---> 0b248122f3fe
INFO:kolla.common.utils.senlin-base:Step 2/6 : LABEL maintainer="Kolla Project (https://launchpad.net/kolla)" name="senlin-base" build-date="20200302"
INFO:kolla.common.utils.senlin-base: ---> Running in 5085f6a27cf8
INFO:kolla.common.utils.senlin-base:Removing intermediate container 5085f6a27cf8
INFO:kolla.common.utils.senlin-base: ---> d598db55421b
INFO:kolla.common.utils.senlin-base:Step 3/6 : RUN usermod --append --home /var/lib/senlin --groups kolla senlin     && mkdir -p /var/lib/senlin     && chown -R 42443:42443 /var/lib/senlin
INFO:kolla.common.utils.senlin-base: ---> Running in 1e2dc2927941
INFO:kolla.common.utils.senlin-base:Removing intermediate container 1e2dc2927941
INFO:kolla.common.utils.senlin-base: ---> cad1ab9e514b
INFO:kolla.common.utils.senlin-base:Step 4/6 : RUN apt-get update && apt-get -y install --no-install-recommends senlin-common && apt-get clean && rm -rf /var/lib/apt/lists/*
INFO:kolla.common.utils.senlin-base: ---> Running in df7529d7ec3b
INFO:kolla.common.utils.senlin-base:Ign:1 http://ubuntu-cloud.archive.canonical.com/ubuntu bionic-updates/ussuri InRelease
INFO:kolla.common.utils.senlin-base:Get:2 http://ubuntu-cloud.archive.canonical.com/ubuntu bionic-updates/ussuri Release [7,884 B]
INFO:kolla.common.utils.senlin-base:Get:3 http://ports.ubuntu.com bionic InRelease [242 kB]
INFO:kolla.common.utils.senlin-base:Get:4 http://ports.ubuntu.com bionic-updates InRelease [88.7 kB]
INFO:kolla.common.utils.senlin-base:Get:5 http://ubuntu-cloud.archive.canonical.com/ubuntu bionic-updates/ussuri Release.gpg [543 B]
INFO:kolla.common.utils.senlin-base:Get:6 http://ports.ubuntu.com bionic-security InRelease [88.7 kB]
INFO:kolla.common.utils.senlin-base:Get:7 http://ports.ubuntu.com bionic-backports InRelease [74.6 kB]
INFO:kolla.common.utils.senlin-base:Get:8 http://ubuntu-cloud.archive.canonical.com/ubuntu bionic-updates/ussuri/main s390x Packages [145 kB]
INFO:kolla.common.utils.senlin-base:Get:9 http://ports.ubuntu.com bionic/universe s390x Packages [10.8 MB]
INFO:kolla.common.utils.senlin-base:Get:10 http://ports.ubuntu.com bionic/main s390x Packages [1,244 kB]
INFO:kolla.common.utils.senlin-base:Get:11 http://ports.ubuntu.com bionic-updates/universe s390x Packages [1,075 kB]
INFO:kolla.common.utils.senlin-base:Get:12 http://ports.ubuntu.com bionic-updates/main s390x Packages [730 kB]
INFO:kolla.common.utils.senlin-base:Get:13 http://ports.ubuntu.com bionic-security/main s390x Packages [467 kB]
INFO:kolla.common.utils.senlin-base:Get:14 http://ports.ubuntu.com bionic-security/universe s390x Packages [625 kB]
INFO:kolla.common.utils.senlin-base:Get:15 http://ports.ubuntu.com bionic-backports/main s390x Packages [2,494 B]
INFO:kolla.common.utils.senlin-base:Get:16 http://ports.ubuntu.com bionic-backports/universe s390x Packages [4,242 B]
INFO:kolla.common.utils.senlin-base:Fetched 15.6 MB in 3s (4,999 kB/s)
INFO:kolla.common.utils.senlin-base:Reading package lists...
INFO:kolla.common.utils.senlin-base:Reading package lists...
INFO:kolla.common.utils.senlin-base:Building dependency tree...
INFO:kolla.common.utils.senlin-base:Reading state information...
INFO:kolla.common.utils.senlin-base:The following additional packages will be installed:
INFO:kolla.common.utils.senlin-base:  alembic dbconfig-common golang-docker-credential-helpers libjs-jquery
INFO:kolla.common.utils.senlin-base:  libjs-sphinxdoc libjs-underscore libsecret-1-0 libsecret-common
INFO:kolla.common.utils.senlin-base:  pycadf-common python-pastedeploy-tpl python3-alembic python3-amqp
INFO:kolla.common.utils.senlin-base:  python3-anyjson python3-cachetools python3-docker python3-dockerpycreds
INFO:kolla.common.utils.senlin-base:  python3-jinja2 python3-jsonpath-rw python3-keystonemiddleware python3-kombu
INFO:kolla.common.utils.senlin-base:  python3-microversion-parse python3-migrate python3-oslo.cache
INFO:kolla.common.utils.senlin-base:  python3-oslo.db python3-oslo.messaging python3-oslo.middleware
INFO:kolla.common.utils.senlin-base:  python3-oslo.policy python3-oslo.reports python3-oslo.service
INFO:kolla.common.utils.senlin-base:  python3-oslo.upgradecheck python3-oslo.versionedobjects python3-paste
INFO:kolla.common.utils.senlin-base:  python3-pastedeploy python3-psutil python3-pycadf python3-repoze.lru
INFO:kolla.common.utils.senlin-base:  python3-routes python3-senlin python3-sqlalchemy python3-sqlparse
INFO:kolla.common.utils.senlin-base:  python3-tempita python3-tenacity python3-testresources python3-testscenarios
INFO:kolla.common.utils.senlin-base:  python3-vine python3-websocket sqlite3 ucf
INFO:kolla.common.utils.senlin-base:Suggested packages:
INFO:kolla.common.utils.senlin-base:  dbconfig-mysql | dbconfig-pgsql | dbconfig-sqlite | dbconfig-sqlite3
INFO:kolla.common.utils.senlin-base:  | dbconfig-no-thanks python3-editor python-amqp-doc python-jinja2-doc
INFO:kolla.common.utils.senlin-base:  python-kombu-doc python3-boto python3-django python3-pymongo
INFO:kolla.common.utils.senlin-base:  python-microversion-parse-doc python-migrate-doc python-oslo.cache-doc
INFO:kolla.common.utils.senlin-base:  python3-confluent-kafka python-oslo.middleware-doc python-oslo.policy-doc
INFO:kolla.common.utils.senlin-base:  python-oslo.reports-doc python-oslo.service-doc
INFO:kolla.common.utils.senlin-base:  python-oslo.versionedobjects-doc httpd-wsgi libapache2-mod-python
INFO:kolla.common.utils.senlin-base:  libapache2-mod-scgi libjs-mochikit python-psutil-doc python-sqlalchemy-doc
INFO:kolla.common.utils.senlin-base:  python3-fdb python-sqlparse-doc python-tenacity-doc sqlite3-doc
INFO:kolla.common.utils.senlin-base:Recommended packages:
INFO:kolla.common.utils.senlin-base:  javascript-common python3-pastescript python3-sqlalchemy-ext
INFO:kolla.common.utils.senlin-base:The following NEW packages will be installed:
INFO:kolla.common.utils.senlin-base:  alembic dbconfig-common golang-docker-credential-helpers libjs-jquery
INFO:kolla.common.utils.senlin-base:  libjs-sphinxdoc libjs-underscore libsecret-1-0 libsecret-common
INFO:kolla.common.utils.senlin-base:  pycadf-common python-pastedeploy-tpl python3-alembic python3-amqp
INFO:kolla.common.utils.senlin-base:  python3-anyjson python3-cachetools python3-docker python3-dockerpycreds
INFO:kolla.common.utils.senlin-base:  python3-jinja2 python3-jsonpath-rw python3-keystonemiddleware python3-kombu
INFO:kolla.common.utils.senlin-base:  python3-microversion-parse python3-migrate python3-oslo.cache
INFO:kolla.common.utils.senlin-base:  python3-oslo.db python3-oslo.messaging python3-oslo.middleware
INFO:kolla.common.utils.senlin-base:  python3-oslo.policy python3-oslo.reports python3-oslo.service
INFO:kolla.common.utils.senlin-base:  python3-oslo.upgradecheck python3-oslo.versionedobjects python3-paste
INFO:kolla.common.utils.senlin-base:  python3-pastedeploy python3-psutil python3-pycadf python3-repoze.lru
INFO:kolla.common.utils.senlin-base:  python3-routes python3-senlin python3-sqlalchemy python3-sqlparse
INFO:kolla.common.utils.senlin-base:  python3-tempita python3-tenacity python3-testresources python3-testscenarios
INFO:kolla.common.utils.senlin-base:  python3-vine python3-websocket senlin-common sqlite3 ucf
INFO:kolla.common.utils.senlin-base:0 upgraded, 49 newly installed, 0 to remove and 0 not upgraded.
INFO:kolla.common.utils.senlin-base:Need to get 5,673 kB of archives.
INFO:kolla.common.utils.senlin-base:After this operation, 28.1 MB of additional disk space will be used.
INFO:kolla.common.utils.senlin-base:Get:1 http://ports.ubuntu.com bionic/main s390x ucf all 3.0038 [50.5 kB]
INFO:kolla.common.utils.senlin-base:Get:2 http://ubuntu-cloud.archive.canonical.com/ubuntu bionic-updates/ussuri/main s390x python3-sqlalchemy all 1.2.18+ds1-2ubuntu2~cloud0 [728 kB]
INFO:kolla.common.utils.senlin-base:Get:3 http://ports.ubuntu.com bionic/main s390x libjs-jquery all 3.2.1-1 [152 kB]
INFO:kolla.common.utils.senlin-base:Get:4 http://ports.ubuntu.com bionic/main s390x libjs-underscore all 1.8.3~dfsg-1 [59.9 kB]
INFO:kolla.common.utils.senlin-base:Get:5 http://ports.ubuntu.com bionic/main s390x dbconfig-common all 2.0.9 [601 kB]
INFO:kolla.common.utils.senlin-base:Get:6 http://ubuntu-cloud.archive.canonical.com/ubuntu bionic-updates/ussuri/main s390x python3-alembic all 1.0.0-2ubuntu2~cloud0 [111 kB]
INFO:kolla.common.utils.senlin-base:Get:7 http://ubuntu-cloud.archive.canonical.com/ubuntu bionic-updates/ussuri/main s390x libjs-sphinxdoc all 1.8.5-3~cloud0 [96.6 kB]
INFO:kolla.common.utils.senlin-base:Get:8 http://ubuntu-cloud.archive.canonical.com/ubuntu bionic-updates/ussuri/main s390x alembic all 1.0.0-2ubuntu2~cloud0 [369 kB]
INFO:kolla.common.utils.senlin-base:Get:9 http://ports.ubuntu.com bionic/main s390x libsecret-common all 0.18.6-1 [4,452 B]
INFO:kolla.common.utils.senlin-base:Get:10 http://ports.ubuntu.com bionic/main s390x libsecret-1-0 s390x 0.18.6-1 [87.2 kB]
INFO:kolla.common.utils.senlin-base:Get:11 http://ports.ubuntu.com bionic/main s390x pycadf-common all 2.7.0-0ubuntu1 [4,440 B]
INFO:kolla.common.utils.senlin-base:Get:12 http://ports.ubuntu.com bionic/main s390x python-pastedeploy-tpl all 1.5.2-4 [4,796 B]
INFO:kolla.common.utils.senlin-base:Get:13 http://ports.ubuntu.com bionic/main s390x python3-vine all 1.1.4+dfsg-2 [15.7 kB]
INFO:kolla.common.utils.senlin-base:Get:14 http://ports.ubuntu.com bionic/universe s390x python3-anyjson all 0.3.3-1build1 [7,062 B]
INFO:kolla.common.utils.senlin-base:Get:15 http://ports.ubuntu.com bionic/universe s390x golang-docker-credential-helpers s390x 0.5.0-2 [411 kB]
INFO:kolla.common.utils.senlin-base:Get:16 http://ubuntu-cloud.archive.canonical.com/ubuntu bionic-updates/ussuri/main s390x python3-amqp all 2.5.0-2~cloud0 [42.2 kB]
INFO:kolla.common.utils.senlin-base:Get:17 http://ubuntu-cloud.archive.canonical.com/ubuntu bionic-updates/ussuri/main s390x python3-cachetools all 3.1.0-2~cloud0 [9,892 B]
INFO:kolla.common.utils.senlin-base:Get:18 http://ubuntu-cloud.archive.canonical.com/ubuntu bionic-updates/ussuri/main s390x python3-websocket all 0.53.0-1~cloud0 [32.3 kB]
INFO:kolla.common.utils.senlin-base:Get:19 http://ubuntu-cloud.archive.canonical.com/ubuntu bionic-updates/ussuri/main s390x python3-oslo.cache all 1.37.0-0ubuntu1~cloud0 [34.5 kB]
INFO:kolla.common.utils.senlin-base:Get:20 http://ubuntu-cloud.archive.canonical.com/ubuntu bionic-updates/ussuri/main s390x python3-keystonemiddleware all 7.0.1-0ubuntu1~cloud0 [68.6 kB]
INFO:kolla.common.utils.senlin-base:Get:21 http://ubuntu-cloud.archive.canonical.com/ubuntu bionic-updates/ussuri/main s390x python3-microversion-parse all 0.2.1-0ubuntu2~cloud0 [11.3 kB]
INFO:kolla.common.utils.senlin-base:Get:22 http://ubuntu-cloud.archive.canonical.com/ubuntu bionic-updates/ussuri/main s390x python3-migrate all 0.12.0-3~cloud0 [79.3 kB]
INFO:kolla.common.utils.senlin-base:Get:23 http://ports.ubuntu.com bionic/universe s390x python3-dockerpycreds all 0.2.1-1 [4,206 B]
INFO:kolla.common.utils.senlin-base:Get:24 http://ports.ubuntu.com bionic/universe s390x python3-docker all 2.5.1-1 [69.0 kB]
INFO:kolla.common.utils.senlin-base:Get:25 http://ubuntu-cloud.archive.canonical.com/ubuntu bionic-updates/ussuri/main s390x python3-testscenarios all 0.5.0-2~cloud0 [13.5 kB]
INFO:kolla.common.utils.senlin-base:Get:26 http://ports.ubuntu.com bionic-updates/main s390x python3-jinja2 all 2.10-1ubuntu0.18.04.1 [95.4 kB]
INFO:kolla.common.utils.senlin-base:Get:27 http://ubuntu-cloud.archive.canonical.com/ubuntu bionic-updates/ussuri/main s390x python3-oslo.db all 5.0.2-0ubuntu1~cloud0 [115 kB]
INFO:kolla.common.utils.senlin-base:Get:28 http://ports.ubuntu.com bionic/universe s390x python3-jsonpath-rw all 1.4.0-3 [15.1 kB]
INFO:kolla.common.utils.senlin-base:Get:29 http://ubuntu-cloud.archive.canonical.com/ubuntu bionic-updates/ussuri/main s390x python3-oslo.middleware all 3.38.1-0ubuntu1~cloud0 [33.1 kB]
INFO:kolla.common.utils.senlin-base:Get:30 http://ports.ubuntu.com bionic/universe s390x python3-pycadf all 2.7.0-0ubuntu1 [17.4 kB]
INFO:kolla.common.utils.senlin-base:Get:31 http://ubuntu-cloud.archive.canonical.com/ubuntu bionic-updates/ussuri/main s390x python3-oslo.service all 1.40.2-0ubuntu1~cloud0 [50.6 kB]
INFO:kolla.common.utils.senlin-base:Get:32 http://ubuntu-cloud.archive.canonical.com/ubuntu bionic-updates/ussuri/main s390x python3-tenacity all 5.1.1-0ubuntu2~cloud0 [34.9 kB]
INFO:kolla.common.utils.senlin-base:Get:33 http://ports.ubuntu.com bionic/universe s390x python3-kombu all 4.1.0-1 [126 kB]
INFO:kolla.common.utils.senlin-base:Get:34 http://ubuntu-cloud.archive.canonical.com/ubuntu bionic-updates/ussuri/main s390x python3-oslo.messaging all 9.7.1-0ubuntu3~cloud0 [149 kB]
INFO:kolla.common.utils.senlin-base:Get:35 http://ports.ubuntu.com bionic/main s390x python3-sqlparse all 0.2.4-0.1 [28.1 kB]
INFO:kolla.common.utils.senlin-base:Get:36 http://ports.ubuntu.com bionic/main s390x python3-tempita all 0.5.2-2 [13.9 kB]
INFO:kolla.common.utils.senlin-base:Get:37 http://ports.ubuntu.com bionic/universe s390x python3-testresources all 2.0.0-2 [26.4 kB]
INFO:kolla.common.utils.senlin-base:Get:38 http://ubuntu-cloud.archive.canonical.com/ubuntu bionic-updates/ussuri/main s390x python3-oslo.policy all 2.3.2-0ubuntu1~cloud0 [50.3 kB]
INFO:kolla.common.utils.senlin-base:Get:39 http://ports.ubuntu.com bionic/main s390x python3-paste all 2.0.3+dfsg-4ubuntu1 [456 kB]
INFO:kolla.common.utils.senlin-base:Get:40 http://ubuntu-cloud.archive.canonical.com/ubuntu bionic-updates/ussuri/main s390x python3-psutil s390x 5.5.1-1build1~cloud0 [166 kB]
INFO:kolla.common.utils.senlin-base:Get:41 http://ubuntu-cloud.archive.canonical.com/ubuntu bionic-updates/ussuri/main s390x python3-oslo.reports all 1.30.0-0ubuntu1~cloud0 [26.9 kB]
INFO:kolla.common.utils.senlin-base:Get:42 http://ubuntu-cloud.archive.canonical.com/ubuntu bionic-updates/ussuri/main s390x python3-oslo.upgradecheck all 0.3.2-0ubuntu1~cloud0 [7,484 B]
INFO:kolla.common.utils.senlin-base:Get:43 http://ubuntu-cloud.archive.canonical.com/ubuntu bionic-updates/ussuri/main s390x python3-oslo.versionedobjects all 1.36.1-0ubuntu1~cloud0 [59.1 kB]
INFO:kolla.common.utils.senlin-base:Get:44 http://ubuntu-cloud.archive.canonical.com/ubuntu bionic-updates/ussuri/main s390x python3-senlin all 8.0.0-0ubuntu1~cloud0 [357 kB]
INFO:kolla.common.utils.senlin-base:Get:45 http://ports.ubuntu.com bionic/main s390x python3-pastedeploy all 1.5.2-4 [13.4 kB]
INFO:kolla.common.utils.senlin-base:Get:46 http://ports.ubuntu.com bionic/universe s390x python3-repoze.lru all 0.7-1 [11.7 kB]
INFO:kolla.common.utils.senlin-base:Get:47 http://ubuntu-cloud.archive.canonical.com/ubuntu bionic-updates/ussuri/main s390x senlin-common all 8.0.0-0ubuntu1~cloud0 [38.4 kB]
INFO:kolla.common.utils.senlin-base:Get:48 http://ports.ubuntu.com bionic/universe s390x python3-routes all 2.4.1-1 [28.4 kB]
INFO:kolla.common.utils.senlin-base:Get:49 http://ports.ubuntu.com bionic-updates/main s390x sqlite3 s390x 3.22.0-1ubuntu0.2 [688 kB]
INFO:kolla.common.utils.senlin-base:Preconfiguring packages ...
INFO:kolla.common.utils.senlin-base:Fetched 5,673 kB in 1s (6,080 kB/s)
INFO:kolla.common.utils.senlin-base:Selecting previously unselected package ucf.
INFO:kolla.common.utils.senlin-base:(Reading database ... 
INFO:kolla.common.utils.senlin-base:(Reading database ... 5%(Reading database ... 10%(Reading database ... 15%(Reading database ... 20%(Reading database ... 25%(Reading database ... 30%(Reading database ... 35%(Reading database ... 40%(Reading database ... 45%(Reading database ... 50%(Reading database ... 55%(Reading database ... 60%
INFO:kolla.common.utils.senlin-base:(Reading database ... 65%
INFO:kolla.common.utils.senlin-base:(Reading database ... 70%
INFO:kolla.common.utils.senlin-base:(Reading database ... 75%
INFO:kolla.common.utils.senlin-base:(Reading database ... 80%
INFO:kolla.common.utils.senlin-base:(Reading database ... 85%
INFO:kolla.common.utils.senlin-base:(Reading database ... 90%
INFO:kolla.common.utils.senlin-base:(Reading database ... 95%
INFO:kolla.common.utils.senlin-base:(Reading database ... 100%(Reading database ... 22243 files and directories currently installed.)
INFO:kolla.common.utils.senlin-base:Preparing to unpack .../00-ucf_3.0038_all.deb ...
INFO:kolla.common.utils.senlin-base:Moving old data out of the way
INFO:kolla.common.utils.senlin-base:Unpacking ucf (3.0038) ...
INFO:kolla.common.utils.senlin-base:Selecting previously unselected package python3-sqlalchemy.
INFO:kolla.common.utils.senlin-base:Preparing to unpack .../01-python3-sqlalchemy_1.2.18+ds1-2ubuntu2~cloud0_all.deb ...
INFO:kolla.common.utils.senlin-base:Unpacking python3-sqlalchemy (1.2.18+ds1-2ubuntu2~cloud0) ...
INFO:kolla.common.utils.senlin-base:Selecting previously unselected package python3-alembic.
INFO:kolla.common.utils.senlin-base:Preparing to unpack .../02-python3-alembic_1.0.0-2ubuntu2~cloud0_all.deb ...
INFO:kolla.common.utils.senlin-base:Unpacking python3-alembic (1.0.0-2ubuntu2~cloud0) ...
INFO:kolla.common.utils.senlin-base:Selecting previously unselected package libjs-jquery.
INFO:kolla.common.utils.senlin-base:Preparing to unpack .../03-libjs-jquery_3.2.1-1_all.deb ...
INFO:kolla.common.utils.senlin-base:Unpacking libjs-jquery (3.2.1-1) ...
INFO:kolla.common.utils.senlin-base:Selecting previously unselected package libjs-underscore.
INFO:kolla.common.utils.senlin-base:Preparing to unpack .../04-libjs-underscore_1.8.3~dfsg-1_all.deb ...
INFO:kolla.common.utils.senlin-base:Unpacking libjs-underscore (1.8.3~dfsg-1) ...
INFO:kolla.common.utils.senlin-base:Selecting previously unselected package libjs-sphinxdoc.
INFO:kolla.common.utils.senlin-base:Preparing to unpack .../05-libjs-sphinxdoc_1.8.5-3~cloud0_all.deb ...
INFO:kolla.common.utils.senlin-base:Unpacking libjs-sphinxdoc (1.8.5-3~cloud0) ...
INFO:kolla.common.utils.senlin-base:Selecting previously unselected package alembic.
INFO:kolla.common.utils.senlin-base:Preparing to unpack .../06-alembic_1.0.0-2ubuntu2~cloud0_all.deb ...
INFO:kolla.common.utils.senlin-base:Unpacking alembic (1.0.0-2ubuntu2~cloud0) ...
INFO:kolla.common.utils.senlin-base:Selecting previously unselected package dbconfig-common.
INFO:kolla.common.utils.senlin-base:Preparing to unpack .../07-dbconfig-common_2.0.9_all.deb ...
INFO:kolla.common.utils.senlin-base:Unpacking dbconfig-common (2.0.9) ...
INFO:kolla.common.utils.senlin-base:Selecting previously unselected package libsecret-common.
INFO:kolla.common.utils.senlin-base:Preparing to unpack .../08-libsecret-common_0.18.6-1_all.deb ...
INFO:kolla.common.utils.senlin-base:Unpacking libsecret-common (0.18.6-1) ...
INFO:kolla.common.utils.senlin-base:Selecting previously unselected package libsecret-1-0:s390x.
INFO:kolla.common.utils.senlin-base:Preparing to unpack .../09-libsecret-1-0_0.18.6-1_s390x.deb ...
INFO:kolla.common.utils.senlin-base:Unpacking libsecret-1-0:s390x (0.18.6-1) ...
INFO:kolla.common.utils.senlin-base:Selecting previously unselected package pycadf-common.
INFO:kolla.common.utils.senlin-base:Preparing to unpack .../10-pycadf-common_2.7.0-0ubuntu1_all.deb ...
INFO:kolla.common.utils.senlin-base:Unpacking pycadf-common (2.7.0-0ubuntu1) ...
INFO:kolla.common.utils.senlin-base:Selecting previously unselected package python-pastedeploy-tpl.
INFO:kolla.common.utils.senlin-base:Preparing to unpack .../11-python-pastedeploy-tpl_1.5.2-4_all.deb ...
INFO:kolla.common.utils.senlin-base:Unpacking python-pastedeploy-tpl (1.5.2-4) ...
INFO:kolla.common.utils.senlin-base:Selecting previously unselected package python3-vine.
INFO:kolla.common.utils.senlin-base:Preparing to unpack .../12-python3-vine_1.1.4+dfsg-2_all.deb ...
INFO:kolla.common.utils.senlin-base:Unpacking python3-vine (1.1.4+dfsg-2) ...
INFO:kolla.common.utils.senlin-base:Selecting previously unselected package python3-amqp.
INFO:kolla.common.utils.senlin-base:Preparing to unpack .../13-python3-amqp_2.5.0-2~cloud0_all.deb ...
INFO:kolla.common.utils.senlin-base:Unpacking python3-amqp (2.5.0-2~cloud0) ...
INFO:kolla.common.utils.senlin-base:Selecting previously unselected package python3-anyjson.
INFO:kolla.common.utils.senlin-base:Preparing to unpack .../14-python3-anyjson_0.3.3-1build1_all.deb ...
INFO:kolla.common.utils.senlin-base:Unpacking python3-anyjson (0.3.3-1build1) ...
INFO:kolla.common.utils.senlin-base:Selecting previously unselected package python3-cachetools.
INFO:kolla.common.utils.senlin-base:Preparing to unpack .../15-python3-cachetools_3.1.0-2~cloud0_all.deb ...
INFO:kolla.common.utils.senlin-base:Unpacking python3-cachetools (3.1.0-2~cloud0) ...
INFO:kolla.common.utils.senlin-base:Selecting previously unselected package golang-docker-credential-helpers.
INFO:kolla.common.utils.senlin-base:Preparing to unpack .../16-golang-docker-credential-helpers_0.5.0-2_s390x.deb ...
INFO:kolla.common.utils.senlin-base:Unpacking golang-docker-credential-helpers (0.5.0-2) ...
INFO:kolla.common.utils.senlin-base:Selecting previously unselected package python3-dockerpycreds.
INFO:kolla.common.utils.senlin-base:Preparing to unpack .../17-python3-dockerpycreds_0.2.1-1_all.deb ...
INFO:kolla.common.utils.senlin-base:Unpacking python3-dockerpycreds (0.2.1-1) ...
INFO:kolla.common.utils.senlin-base:Selecting previously unselected package python3-websocket.
INFO:kolla.common.utils.senlin-base:Preparing to unpack .../18-python3-websocket_0.53.0-1~cloud0_all.deb ...
INFO:kolla.common.utils.senlin-base:Unpacking python3-websocket (0.53.0-1~cloud0) ...
INFO:kolla.common.utils.senlin-base:Selecting previously unselected package python3-docker.
INFO:kolla.common.utils.senlin-base:Preparing to unpack .../19-python3-docker_2.5.1-1_all.deb ...
INFO:kolla.common.utils.senlin-base:Unpacking python3-docker (2.5.1-1) ...
INFO:kolla.common.utils.senlin-base:Selecting previously unselected package python3-jinja2.
INFO:kolla.common.utils.senlin-base:Preparing to unpack .../20-python3-jinja2_2.10-1ubuntu0.18.04.1_all.deb ...
INFO:kolla.common.utils.senlin-base:Unpacking python3-jinja2 (2.10-1ubuntu0.18.04.1) ...
INFO:kolla.common.utils.senlin-base:Selecting previously unselected package python3-jsonpath-rw.
INFO:kolla.common.utils.senlin-base:Preparing to unpack .../21-python3-jsonpath-rw_1.4.0-3_all.deb ...
INFO:kolla.common.utils.senlin-base:Unpacking python3-jsonpath-rw (1.4.0-3) ...
INFO:kolla.common.utils.senlin-base:Selecting previously unselected package python3-oslo.cache.
INFO:kolla.common.utils.senlin-base:Preparing to unpack .../22-python3-oslo.cache_1.37.0-0ubuntu1~cloud0_all.deb ...
INFO:kolla.common.utils.senlin-base:Unpacking python3-oslo.cache (1.37.0-0ubuntu1~cloud0) ...
INFO:kolla.common.utils.senlin-base:Selecting previously unselected package python3-pycadf.
INFO:kolla.common.utils.senlin-base:Preparing to unpack .../23-python3-pycadf_2.7.0-0ubuntu1_all.deb ...
INFO:kolla.common.utils.senlin-base:Unpacking python3-pycadf (2.7.0-0ubuntu1) ...
INFO:kolla.common.utils.senlin-base:Selecting previously unselected package python3-keystonemiddleware.
INFO:kolla.common.utils.senlin-base:Preparing to unpack .../24-python3-keystonemiddleware_7.0.1-0ubuntu1~cloud0_all.deb ...
INFO:kolla.common.utils.senlin-base:Unpacking python3-keystonemiddleware (7.0.1-0ubuntu1~cloud0) ...
INFO:kolla.common.utils.senlin-base:Selecting previously unselected package python3-kombu.
INFO:kolla.common.utils.senlin-base:Preparing to unpack .../25-python3-kombu_4.1.0-1_all.deb ...
INFO:kolla.common.utils.senlin-base:Unpacking python3-kombu (4.1.0-1) ...
INFO:kolla.common.utils.senlin-base:Selecting previously unselected package python3-microversion-parse.
INFO:kolla.common.utils.senlin-base:Preparing to unpack .../26-python3-microversion-parse_0.2.1-0ubuntu2~cloud0_all.deb ...
INFO:kolla.common.utils.senlin-base:Unpacking python3-microversion-parse (0.2.1-0ubuntu2~cloud0) ...
INFO:kolla.common.utils.senlin-base:Selecting previously unselected package python3-sqlparse.
INFO:kolla.common.utils.senlin-base:Preparing to unpack .../27-python3-sqlparse_0.2.4-0.1_all.deb ...
INFO:kolla.common.utils.senlin-base:Unpacking python3-sqlparse (0.2.4-0.1) ...
INFO:kolla.common.utils.senlin-base:Selecting previously unselected package python3-tempita.
INFO:kolla.common.utils.senlin-base:Preparing to unpack .../28-python3-tempita_0.5.2-2_all.deb ...
INFO:kolla.common.utils.senlin-base:Unpacking python3-tempita (0.5.2-2) ...
INFO:kolla.common.utils.senlin-base:Selecting previously unselected package python3-migrate.
INFO:kolla.common.utils.senlin-base:Preparing to unpack .../29-python3-migrate_0.12.0-3~cloud0_all.deb ...
INFO:kolla.common.utils.senlin-base:Unpacking python3-migrate (0.12.0-3~cloud0) ...
INFO:kolla.common.utils.senlin-base:Selecting previously unselected package python3-testresources.
INFO:kolla.common.utils.senlin-base:Preparing to unpack .../30-python3-testresources_2.0.0-2_all.deb ...
INFO:kolla.common.utils.senlin-base:Unpacking python3-testresources (2.0.0-2) ...
INFO:kolla.common.utils.senlin-base:Selecting previously unselected package python3-testscenarios.
INFO:kolla.common.utils.senlin-base:Preparing to unpack .../31-python3-testscenarios_0.5.0-2~cloud0_all.deb ...
INFO:kolla.common.utils.senlin-base:Unpacking python3-testscenarios (0.5.0-2~cloud0) ...
INFO:kolla.common.utils.senlin-base:Selecting previously unselected package python3-oslo.db.
INFO:kolla.common.utils.senlin-base:Preparing to unpack .../32-python3-oslo.db_5.0.2-0ubuntu1~cloud0_all.deb ...
INFO:kolla.common.utils.senlin-base:Unpacking python3-oslo.db (5.0.2-0ubuntu1~cloud0) ...
INFO:kolla.common.utils.senlin-base:Selecting previously unselected package python3-oslo.middleware.
INFO:kolla.common.utils.senlin-base:Preparing to unpack .../33-python3-oslo.middleware_3.38.1-0ubuntu1~cloud0_all.deb ...
INFO:kolla.common.utils.senlin-base:Unpacking python3-oslo.middleware (3.38.1-0ubuntu1~cloud0) ...
INFO:kolla.common.utils.senlin-base:Selecting previously unselected package python3-paste.
INFO:kolla.common.utils.senlin-base:Preparing to unpack .../34-python3-paste_2.0.3+dfsg-4ubuntu1_all.deb ...
INFO:kolla.common.utils.senlin-base:Unpacking python3-paste (2.0.3+dfsg-4ubuntu1) ...
INFO:kolla.common.utils.senlin-base:Selecting previously unselected package python3-pastedeploy.
INFO:kolla.common.utils.senlin-base:Preparing to unpack .../35-python3-pastedeploy_1.5.2-4_all.deb ...
INFO:kolla.common.utils.senlin-base:Unpacking python3-pastedeploy (1.5.2-4) ...
INFO:kolla.common.utils.senlin-base:Selecting previously unselected package python3-repoze.lru.
INFO:kolla.common.utils.senlin-base:Preparing to unpack .../36-python3-repoze.lru_0.7-1_all.deb ...
INFO:kolla.common.utils.senlin-base:Unpacking python3-repoze.lru (0.7-1) ...
INFO:kolla.common.utils.senlin-base:Selecting previously unselected package python3-routes.
INFO:kolla.common.utils.senlin-base:Preparing to unpack .../37-python3-routes_2.4.1-1_all.deb ...
INFO:kolla.common.utils.senlin-base:Unpacking python3-routes (2.4.1-1) ...
INFO:kolla.common.utils.senlin-base:Selecting previously unselected package python3-oslo.service.
INFO:kolla.common.utils.senlin-base:Preparing to unpack .../38-python3-oslo.service_1.40.2-0ubuntu1~cloud0_all.deb ...
INFO:kolla.common.utils.senlin-base:Unpacking python3-oslo.service (1.40.2-0ubuntu1~cloud0) ...
INFO:kolla.common.utils.senlin-base:Selecting previously unselected package python3-tenacity.
INFO:kolla.common.utils.senlin-base:Preparing to unpack .../39-python3-tenacity_5.1.1-0ubuntu2~cloud0_all.deb ...
INFO:kolla.common.utils.senlin-base:Unpacking python3-tenacity (5.1.1-0ubuntu2~cloud0) ...
INFO:kolla.common.utils.senlin-base:Selecting previously unselected package python3-oslo.messaging.
INFO:kolla.common.utils.senlin-base:Preparing to unpack .../40-python3-oslo.messaging_9.7.1-0ubuntu3~cloud0_all.deb ...
INFO:kolla.common.utils.senlin-base:Unpacking python3-oslo.messaging (9.7.1-0ubuntu3~cloud0) ...
INFO:kolla.common.utils.senlin-base:Selecting previously unselected package python3-oslo.policy.
INFO:kolla.common.utils.senlin-base:Preparing to unpack .../41-python3-oslo.policy_2.3.2-0ubuntu1~cloud0_all.deb ...
INFO:kolla.common.utils.senlin-base:Unpacking python3-oslo.policy (2.3.2-0ubuntu1~cloud0) ...
INFO:kolla.common.utils.senlin-base:Selecting previously unselected package python3-psutil.
INFO:kolla.common.utils.senlin-base:Preparing to unpack .../42-python3-psutil_5.5.1-1build1~cloud0_s390x.deb ...
INFO:kolla.common.utils.senlin-base:Unpacking python3-psutil (5.5.1-1build1~cloud0) ...
INFO:kolla.common.utils.senlin-base:Selecting previously unselected package python3-oslo.reports.
INFO:kolla.common.utils.senlin-base:Preparing to unpack .../43-python3-oslo.reports_1.30.0-0ubuntu1~cloud0_all.deb ...
INFO:kolla.common.utils.senlin-base:Unpacking python3-oslo.reports (1.30.0-0ubuntu1~cloud0) ...
INFO:kolla.common.utils.senlin-base:Selecting previously unselected package python3-oslo.upgradecheck.
INFO:kolla.common.utils.senlin-base:Preparing to unpack .../44-python3-oslo.upgradecheck_0.3.2-0ubuntu1~cloud0_all.deb ...
INFO:kolla.common.utils.senlin-base:Unpacking python3-oslo.upgradecheck (0.3.2-0ubuntu1~cloud0) ...
INFO:kolla.common.utils.senlin-base:Selecting previously unselected package python3-oslo.versionedobjects.
INFO:kolla.common.utils.senlin-base:Preparing to unpack .../45-python3-oslo.versionedobjects_1.36.1-0ubuntu1~cloud0_all.deb ...
INFO:kolla.common.utils.senlin-base:Unpacking python3-oslo.versionedobjects (1.36.1-0ubuntu1~cloud0) ...
INFO:kolla.common.utils.senlin-base:Selecting previously unselected package python3-senlin.
INFO:kolla.common.utils.senlin-base:Preparing to unpack .../46-python3-senlin_8.0.0-0ubuntu1~cloud0_all.deb ...
INFO:kolla.common.utils.senlin-base:Unpacking python3-senlin (8.0.0-0ubuntu1~cloud0) ...
INFO:kolla.common.utils.senlin-base:Selecting previously unselected package sqlite3.
INFO:kolla.common.utils.senlin-base:Preparing to unpack .../47-sqlite3_3.22.0-1ubuntu0.2_s390x.deb ...
INFO:kolla.common.utils.senlin-base:Unpacking sqlite3 (3.22.0-1ubuntu0.2) ...
INFO:kolla.common.utils.senlin-base:Selecting previously unselected package senlin-common.
INFO:kolla.common.utils.senlin-base:Preparing to unpack .../48-senlin-common_8.0.0-0ubuntu1~cloud0_all.deb ...
INFO:kolla.common.utils.senlin-base:Unpacking senlin-common (8.0.0-0ubuntu1~cloud0) ...
INFO:kolla.common.utils.senlin-base:Setting up libjs-jquery (3.2.1-1) ...
INFO:kolla.common.utils.senlin-base:Setting up libsecret-common (0.18.6-1) ...
INFO:kolla.common.utils.senlin-base:Setting up python3-sqlalchemy (1.2.18+ds1-2ubuntu2~cloud0) ...
INFO:kolla.common.utils.senlin-base:Setting up libjs-underscore (1.8.3~dfsg-1) ...
INFO:kolla.common.utils.senlin-base:Setting up python3-sqlparse (0.2.4-0.1) ...
INFO:kolla.common.utils.senlin-base:Setting up python3-tempita (0.5.2-2) ...
INFO:kolla.common.utils.senlin-base:Setting up python3-jsonpath-rw (1.4.0-3) ...
INFO:kolla.common.utils.senlin-base:update-alternatives: using /usr/bin/python3-jsonpath to provide /usr/bin/jsonpath (jsonpath) in auto mode
INFO:kolla.common.utils.senlin-base:Setting up python3-alembic (1.0.0-2ubuntu2~cloud0) ...
INFO:kolla.common.utils.senlin-base:Setting up libjs-sphinxdoc (1.8.5-3~cloud0) ...
INFO:kolla.common.utils.senlin-base:Setting up python3-tenacity (5.1.1-0ubuntu2~cloud0) ...
INFO:kolla.common.utils.senlin-base:Setting up python3-testscenarios (0.5.0-2~cloud0) ...
INFO:kolla.common.utils.senlin-base:Setting up python3-oslo.policy (2.3.2-0ubuntu1~cloud0) ...
INFO:kolla.common.utils.senlin-base:Setting up python3-psutil (5.5.1-1build1~cloud0) ...
INFO:kolla.common.utils.senlin-base:Setting up ucf (3.0038) ...
INFO:kolla.common.utils.senlin-base:Setting up sqlite3 (3.22.0-1ubuntu0.2) ...
INFO:kolla.common.utils.senlin-base:Setting up python3-microversion-parse (0.2.1-0ubuntu2~cloud0) ...
INFO:kolla.common.utils.senlin-base:Setting up python3-testresources (2.0.0-2) ...
INFO:kolla.common.utils.senlin-base:Setting up pycadf-common (2.7.0-0ubuntu1) ...
INFO:kolla.common.utils.senlin-base:Setting up python3-oslo.cache (1.37.0-0ubuntu1~cloud0) ...
INFO:kolla.common.utils.senlin-base:Setting up python3-pycadf (2.7.0-0ubuntu1) ...
INFO:kolla.common.utils.senlin-base:Setting up python3-jinja2 (2.10-1ubuntu0.18.04.1) ...
INFO:kolla.common.utils.senlin-base:Setting up python3-repoze.lru (0.7-1) ...
INFO:kolla.common.utils.senlin-base:Setting up python3-paste (2.0.3+dfsg-4ubuntu1) ...
INFO:kolla.common.utils.senlin-base:Setting up python3-migrate (0.12.0-3~cloud0) ...
INFO:kolla.common.utils.senlin-base:Setting up python3-anyjson (0.3.3-1build1) ...
INFO:kolla.common.utils.senlin-base:Setting up python3-websocket (0.53.0-1~cloud0) ...
INFO:kolla.common.utils.senlin-base:update-alternatives: using /usr/bin/python3-wsdump to provide /usr/bin/wsdump (wsdump) in auto mode
INFO:kolla.common.utils.senlin-base:Setting up python3-keystonemiddleware (7.0.1-0ubuntu1~cloud0) ...
INFO:kolla.common.utils.senlin-base:Setting up python-pastedeploy-tpl (1.5.2-4) ...
INFO:kolla.common.utils.senlin-base:Setting up python3-cachetools (3.1.0-2~cloud0) ...
INFO:kolla.common.utils.senlin-base:Setting up python3-vine (1.1.4+dfsg-2) ...
INFO:kolla.common.utils.senlin-base:Setting up dbconfig-common (2.0.9) ...
INFO:kolla.common.utils.senlin-base:
INFO:kolla.common.utils.senlin-base:Creating config file /etc/dbconfig-common/config with new version
INFO:kolla.common.utils.senlin-base:Setting up libsecret-1-0:s390x (0.18.6-1) ...
INFO:kolla.common.utils.senlin-base:Setting up python3-oslo.upgradecheck (0.3.2-0ubuntu1~cloud0) ...
INFO:kolla.common.utils.senlin-base:Setting up alembic (1.0.0-2ubuntu2~cloud0) ...
INFO:kolla.common.utils.senlin-base:Setting up python3-routes (2.4.1-1) ...
INFO:kolla.common.utils.senlin-base:Setting up python3-oslo.middleware (3.38.1-0ubuntu1~cloud0) ...
INFO:kolla.common.utils.senlin-base:Setting up python3-amqp (2.5.0-2~cloud0) ...
INFO:kolla.common.utils.senlin-base:Setting up python3-oslo.reports (1.30.0-0ubuntu1~cloud0) ...
INFO:kolla.common.utils.senlin-base:Setting up python3-kombu (4.1.0-1) ...
INFO:kolla.common.utils.senlin-base:Setting up python3-oslo.db (5.0.2-0ubuntu1~cloud0) ...
INFO:kolla.common.utils.senlin-base:Setting up golang-docker-credential-helpers (0.5.0-2) ...
INFO:kolla.common.utils.senlin-base:Setting up python3-pastedeploy (1.5.2-4) ...
INFO:kolla.common.utils.senlin-base:Setting up python3-dockerpycreds (0.2.1-1) ...
INFO:kolla.common.utils.senlin-base:Setting up python3-oslo.service (1.40.2-0ubuntu1~cloud0) ...
INFO:kolla.common.utils.senlin-base:Setting up python3-docker (2.5.1-1) ...
INFO:kolla.common.utils.senlin-base:Setting up python3-oslo.messaging (9.7.1-0ubuntu3~cloud0) ...
INFO:kolla.common.utils.senlin-base:Setting up python3-oslo.versionedobjects (1.36.1-0ubuntu1~cloud0) ...
INFO:kolla.common.utils.senlin-base:Setting up python3-senlin (8.0.0-0ubuntu1~cloud0) ...
INFO:kolla.common.utils.senlin-base:Setting up senlin-common (8.0.0-0ubuntu1~cloud0) ...
INFO:kolla.common.utils.senlin-base:Processing triggers for libc-bin (2.27-3ubuntu1) ...
INFO:kolla.common.utils.senlin-base:Removing intermediate container df7529d7ec3b
INFO:kolla.common.utils.senlin-base: ---> 9154015d7e96
INFO:kolla.common.utils.senlin-base:Step 5/6 : COPY extend_start.sh /usr/local/bin/kolla_extend_start
INFO:kolla.common.utils.senlin-base: ---> 6d14747fad04
INFO:kolla.common.utils.senlin-base:Step 6/6 : RUN touch /usr/local/bin/kolla_senlin_extend_start     && chmod 755 /usr/local/bin/kolla_extend_start /usr/local/bin/kolla_senlin_extend_start
INFO:kolla.common.utils.senlin-base: ---> Running in 95184baa8e1a
INFO:kolla.common.utils.senlin-base:Removing intermediate container 95184baa8e1a
INFO:kolla.common.utils.senlin-base: ---> 4fd2c3ebebf0
INFO:kolla.common.utils.senlin-base:Successfully built 4fd2c3ebebf0
INFO:kolla.common.utils.senlin-base:Successfully tagged s390x/ubuntu-binary-senlin-base:9.1.0
INFO:kolla.common.utils.senlin-base:Built at 2020-03-02 21:41:06.288385 (took 0:00:31.722322)
