INFO:kolla.common.utils.senlin-engine:Building started at 2020-03-02 21:43:34.981612
INFO:kolla.common.utils.senlin-engine:Step 1/4 : FROM s390x/ubuntu-binary-senlin-base:9.1.0
INFO:kolla.common.utils.senlin-engine: ---> 4fd2c3ebebf0
INFO:kolla.common.utils.senlin-engine:Step 2/4 : LABEL maintainer="Kolla Project (https://launchpad.net/kolla)" name="senlin-engine" build-date="20200302"
INFO:kolla.common.utils.senlin-engine: ---> Running in 014162442b45
INFO:kolla.common.utils.senlin-engine:Removing intermediate container 014162442b45
INFO:kolla.common.utils.senlin-engine: ---> 4f336ef46062
INFO:kolla.common.utils.senlin-engine:Step 3/4 : RUN apt-get update && apt-get -y install --no-install-recommends senlin-engine && apt-get clean && rm -rf /var/lib/apt/lists/*
INFO:kolla.common.utils.senlin-engine: ---> Running in fcc0943a1f46
INFO:kolla.common.utils.senlin-engine:Get:1 http://ports.ubuntu.com bionic InRelease [242 kB]
INFO:kolla.common.utils.senlin-engine:Ign:2 http://ubuntu-cloud.archive.canonical.com/ubuntu bionic-updates/ussuri InRelease
INFO:kolla.common.utils.senlin-engine:Get:3 http://ports.ubuntu.com bionic-updates InRelease [88.7 kB]
INFO:kolla.common.utils.senlin-engine:Get:4 http://ubuntu-cloud.archive.canonical.com/ubuntu bionic-updates/ussuri Release [7,884 B]
INFO:kolla.common.utils.senlin-engine:Get:5 http://ports.ubuntu.com bionic-security InRelease [88.7 kB]
INFO:kolla.common.utils.senlin-engine:Get:6 http://ubuntu-cloud.archive.canonical.com/ubuntu bionic-updates/ussuri Release.gpg [543 B]
INFO:kolla.common.utils.senlin-engine:Get:7 http://ports.ubuntu.com bionic-backports InRelease [74.6 kB]
INFO:kolla.common.utils.senlin-engine:Get:8 http://ports.ubuntu.com bionic/universe s390x Packages [10.8 MB]
INFO:kolla.common.utils.senlin-engine:Get:9 http://ubuntu-cloud.archive.canonical.com/ubuntu bionic-updates/ussuri/main s390x Packages [145 kB]
INFO:kolla.common.utils.senlin-engine:Get:10 http://ports.ubuntu.com bionic/main s390x Packages [1,244 kB]
INFO:kolla.common.utils.senlin-engine:Get:11 http://ports.ubuntu.com bionic-updates/main s390x Packages [730 kB]
INFO:kolla.common.utils.senlin-engine:Get:12 http://ports.ubuntu.com bionic-updates/universe s390x Packages [1,075 kB]
INFO:kolla.common.utils.senlin-engine:Get:13 http://ports.ubuntu.com bionic-security/main s390x Packages [467 kB]
INFO:kolla.common.utils.senlin-engine:Get:14 http://ports.ubuntu.com bionic-security/universe s390x Packages [625 kB]
INFO:kolla.common.utils.senlin-engine:Get:15 http://ports.ubuntu.com bionic-backports/main s390x Packages [2,494 B]
INFO:kolla.common.utils.senlin-engine:Get:16 http://ports.ubuntu.com bionic-backports/universe s390x Packages [4,242 B]
INFO:kolla.common.utils.senlin-engine:Fetched 15.6 MB in 2s (6,900 kB/s)
INFO:kolla.common.utils.senlin-engine:Reading package lists...
INFO:kolla.common.utils.senlin-engine:Reading package lists...
INFO:kolla.common.utils.senlin-engine:Building dependency tree...
INFO:kolla.common.utils.senlin-engine:Reading state information...
INFO:kolla.common.utils.senlin-engine:The following NEW packages will be installed:
INFO:kolla.common.utils.senlin-engine:  senlin-engine
INFO:kolla.common.utils.senlin-engine:0 upgraded, 1 newly installed, 0 to remove and 0 not upgraded.
INFO:kolla.common.utils.senlin-engine:Need to get 8,920 B of archives.
INFO:kolla.common.utils.senlin-engine:After this operation, 29.7 kB of additional disk space will be used.
INFO:kolla.common.utils.senlin-engine:Get:1 http://ubuntu-cloud.archive.canonical.com/ubuntu bionic-updates/ussuri/main s390x senlin-engine all 8.0.0-0ubuntu1~cloud0 [8,920 B]
INFO:kolla.common.utils.senlin-engine:Fetched 8,920 B in 0s (228 kB/s)
INFO:kolla.common.utils.senlin-engine:Selecting previously unselected package senlin-engine.
INFO:kolla.common.utils.senlin-engine:(Reading database ... 
INFO:kolla.common.utils.senlin-engine:(Reading database ... 5%(Reading database ... 10%(Reading database ... 15%(Reading database ... 20%
INFO:kolla.common.utils.senlin-engine:(Reading database ... 25%(Reading database ... 30%(Reading database ... 35%(Reading database ... 40%(Reading database ... 45%(Reading database ... 50%(Reading database ... 55%(Reading database ... 60%
INFO:kolla.common.utils.senlin-engine:(Reading database ... 65%
INFO:kolla.common.utils.senlin-engine:(Reading database ... 70%
INFO:kolla.common.utils.senlin-engine:(Reading database ... 75%
INFO:kolla.common.utils.senlin-engine:(Reading database ... 80%
INFO:kolla.common.utils.senlin-engine:(Reading database ... 85%
INFO:kolla.common.utils.senlin-engine:(Reading database ... 90%
INFO:kolla.common.utils.senlin-engine:(Reading database ... 95%
INFO:kolla.common.utils.senlin-engine:(Reading database ... 100%(Reading database ... 24894 files and directories currently installed.)
INFO:kolla.common.utils.senlin-engine:Preparing to unpack .../senlin-engine_8.0.0-0ubuntu1~cloud0_all.deb ...
INFO:kolla.common.utils.senlin-engine:Unpacking senlin-engine (8.0.0-0ubuntu1~cloud0) ...
INFO:kolla.common.utils.senlin-engine:Setting up senlin-engine (8.0.0-0ubuntu1~cloud0) ...
INFO:kolla.common.utils.senlin-engine:invoke-rc.d: could not determine current runlevel
INFO:kolla.common.utils.senlin-engine:invoke-rc.d: policy-rc.d denied execution of start.
INFO:kolla.common.utils.senlin-engine:Removing intermediate container fcc0943a1f46
INFO:kolla.common.utils.senlin-engine: ---> 36e4f2e64a86
INFO:kolla.common.utils.senlin-engine:Step 4/4 : USER senlin
INFO:kolla.common.utils.senlin-engine: ---> Running in 808a61f1bda8
INFO:kolla.common.utils.senlin-engine:Removing intermediate container 808a61f1bda8
INFO:kolla.common.utils.senlin-engine: ---> acc41baac015
INFO:kolla.common.utils.senlin-engine:Successfully built acc41baac015
INFO:kolla.common.utils.senlin-engine:Successfully tagged s390x/ubuntu-binary-senlin-engine:9.1.0
INFO:kolla.common.utils.senlin-engine:Built at 2020-03-02 21:43:45.819404 (took 0:00:10.837792)
