INFO:kolla.common.utils.swift-account:Building started at 2020-03-02 21:45:29.341661
INFO:kolla.common.utils.swift-account:Step 1/4 : FROM s390x/ubuntu-binary-swift-base:9.1.0
INFO:kolla.common.utils.swift-account: ---> 983b5500ecf1
INFO:kolla.common.utils.swift-account:Step 2/4 : LABEL maintainer="Kolla Project (https://launchpad.net/kolla)" name="swift-account" build-date="20200302"
INFO:kolla.common.utils.swift-account: ---> Running in 5af3a110f54d
INFO:kolla.common.utils.swift-account:Removing intermediate container 5af3a110f54d
INFO:kolla.common.utils.swift-account: ---> fde72042992a
INFO:kolla.common.utils.swift-account:Step 3/4 : RUN apt-get update && apt-get -y install --no-install-recommends swift-account && apt-get clean && rm -rf /var/lib/apt/lists/*
INFO:kolla.common.utils.swift-account: ---> Running in c16e54e54e33
INFO:kolla.common.utils.swift-account:Get:1 http://ports.ubuntu.com bionic InRelease [242 kB]
INFO:kolla.common.utils.swift-account:Ign:2 http://ubuntu-cloud.archive.canonical.com/ubuntu bionic-updates/ussuri InRelease
INFO:kolla.common.utils.swift-account:Get:3 http://ubuntu-cloud.archive.canonical.com/ubuntu bionic-updates/ussuri Release [7,884 B]
INFO:kolla.common.utils.swift-account:Get:4 http://ports.ubuntu.com bionic-updates InRelease [88.7 kB]
INFO:kolla.common.utils.swift-account:Get:5 http://ubuntu-cloud.archive.canonical.com/ubuntu bionic-updates/ussuri Release.gpg [543 B]
INFO:kolla.common.utils.swift-account:Get:6 http://ports.ubuntu.com bionic-security InRelease [88.7 kB]
INFO:kolla.common.utils.swift-account:Get:7 http://ports.ubuntu.com bionic-backports InRelease [74.6 kB]
INFO:kolla.common.utils.swift-account:Get:8 http://ports.ubuntu.com bionic/main s390x Packages [1,244 kB]
INFO:kolla.common.utils.swift-account:Get:9 http://ubuntu-cloud.archive.canonical.com/ubuntu bionic-updates/ussuri/main s390x Packages [145 kB]
INFO:kolla.common.utils.swift-account:Get:10 http://ports.ubuntu.com bionic/universe s390x Packages [10.8 MB]
INFO:kolla.common.utils.swift-account:Get:11 http://ports.ubuntu.com bionic-updates/main s390x Packages [730 kB]
INFO:kolla.common.utils.swift-account:Get:12 http://ports.ubuntu.com bionic-updates/universe s390x Packages [1,075 kB]
INFO:kolla.common.utils.swift-account:Get:13 http://ports.ubuntu.com bionic-security/universe s390x Packages [625 kB]
INFO:kolla.common.utils.swift-account:Get:14 http://ports.ubuntu.com bionic-security/main s390x Packages [467 kB]
INFO:kolla.common.utils.swift-account:Get:15 http://ports.ubuntu.com bionic-backports/universe s390x Packages [4,242 B]
INFO:kolla.common.utils.swift-account:Get:16 http://ports.ubuntu.com bionic-backports/main s390x Packages [2,494 B]
INFO:kolla.common.utils.swift-account:Fetched 15.6 MB in 3s (5,221 kB/s)
INFO:kolla.common.utils.swift-account:Reading package lists...
INFO:kolla.common.utils.swift-account:Reading package lists...
INFO:kolla.common.utils.swift-account:Building dependency tree...
INFO:kolla.common.utils.swift-account:Reading state information...
INFO:kolla.common.utils.swift-account:The following NEW packages will be installed:
INFO:kolla.common.utils.swift-account:  swift-account
INFO:kolla.common.utils.swift-account:0 upgraded, 1 newly installed, 0 to remove and 0 not upgraded.
INFO:kolla.common.utils.swift-account:Need to get 31.3 kB of archives.
INFO:kolla.common.utils.swift-account:After this operation, 91.1 kB of additional disk space will be used.
INFO:kolla.common.utils.swift-account:Get:1 http://ubuntu-cloud.archive.canonical.com/ubuntu bionic-updates/ussuri/main s390x swift-account all 2.23.0-0ubuntu1~cloud0 [31.3 kB]
INFO:kolla.common.utils.swift-account:Fetched 31.3 kB in 0s (705 kB/s)
INFO:kolla.common.utils.swift-account:Selecting previously unselected package swift-account.
INFO:kolla.common.utils.swift-account:(Reading database ... 
INFO:kolla.common.utils.swift-account:(Reading database ... 5%(Reading database ... 10%(Reading database ... 15%(Reading database ... 20%(Reading database ... 25%(Reading database ... 30%(Reading database ... 35%(Reading database ... 40%(Reading database ... 45%(Reading database ... 50%(Reading database ... 55%(Reading database ... 60%(Reading database ... 65%(Reading database ... 70%(Reading database ... 75%(Reading database ... 80%(Reading database ... 85%(Reading database ... 90%
INFO:kolla.common.utils.swift-account:(Reading database ... 95%
INFO:kolla.common.utils.swift-account:(Reading database ... 100%(Reading database ... 23128 files and directories currently installed.)
INFO:kolla.common.utils.swift-account:Preparing to unpack .../swift-account_2.23.0-0ubuntu1~cloud0_all.deb ...
INFO:kolla.common.utils.swift-account:Unpacking swift-account (2.23.0-0ubuntu1~cloud0) ...
INFO:kolla.common.utils.swift-account:Setting up swift-account (2.23.0-0ubuntu1~cloud0) ...
INFO:kolla.common.utils.swift-account:Removing intermediate container c16e54e54e33
INFO:kolla.common.utils.swift-account: ---> 82fe65dd8745
INFO:kolla.common.utils.swift-account:Step 4/4 : USER swift
INFO:kolla.common.utils.swift-account: ---> Running in c71f1b28f018
INFO:kolla.common.utils.swift-account:Removing intermediate container c71f1b28f018
INFO:kolla.common.utils.swift-account: ---> d764f0b99cf1
INFO:kolla.common.utils.swift-account:Successfully built d764f0b99cf1
INFO:kolla.common.utils.swift-account:Successfully tagged s390x/ubuntu-binary-swift-account:9.1.0
INFO:kolla.common.utils.swift-account:Built at 2020-03-02 21:45:38.294204 (took 0:00:08.952543)
