INFO:kolla.common.utils.swift-base:Building started at 2020-03-02 21:41:55.557583
INFO:kolla.common.utils.swift-base:Step 1/8 : FROM s390x/ubuntu-binary-openstack-base:9.1.0
INFO:kolla.common.utils.swift-base: ---> 0b248122f3fe
INFO:kolla.common.utils.swift-base:Step 2/8 : LABEL maintainer="Kolla Project (https://launchpad.net/kolla)" name="swift-base" build-date="20200302"
INFO:kolla.common.utils.swift-base: ---> Running in b1a8439c5927
INFO:kolla.common.utils.swift-base:Removing intermediate container b1a8439c5927
INFO:kolla.common.utils.swift-base: ---> e215045da774
INFO:kolla.common.utils.swift-base:Step 3/8 : RUN usermod --append --home /var/lib/swift --groups kolla swift     && mkdir -p /var/lib/swift     && chown -R 42445:42445 /var/lib/swift
INFO:kolla.common.utils.swift-base: ---> Running in 16987787f0b5
INFO:kolla.common.utils.swift-base:Removing intermediate container 16987787f0b5
INFO:kolla.common.utils.swift-base: ---> fed6a4b3e724
INFO:kolla.common.utils.swift-base:Step 4/8 : RUN apt-get update && apt-get -y install --no-install-recommends netcat-openbsd rsync swift && apt-get clean && rm -rf /var/lib/apt/lists/*
INFO:kolla.common.utils.swift-base: ---> Running in 2cc6f81c62fe
INFO:kolla.common.utils.swift-base:Get:1 http://ports.ubuntu.com bionic InRelease [242 kB]
INFO:kolla.common.utils.swift-base:Ign:2 http://ubuntu-cloud.archive.canonical.com/ubuntu bionic-updates/ussuri InRelease
INFO:kolla.common.utils.swift-base:Get:3 http://ports.ubuntu.com bionic-updates InRelease [88.7 kB]
INFO:kolla.common.utils.swift-base:Get:4 http://ubuntu-cloud.archive.canonical.com/ubuntu bionic-updates/ussuri Release [7,884 B]
INFO:kolla.common.utils.swift-base:Get:5 http://ubuntu-cloud.archive.canonical.com/ubuntu bionic-updates/ussuri Release.gpg [543 B]
INFO:kolla.common.utils.swift-base:Get:6 http://ports.ubuntu.com bionic-security InRelease [88.7 kB]
INFO:kolla.common.utils.swift-base:Get:7 http://ubuntu-cloud.archive.canonical.com/ubuntu bionic-updates/ussuri/main s390x Packages [145 kB]
INFO:kolla.common.utils.swift-base:Get:8 http://ports.ubuntu.com bionic-backports InRelease [74.6 kB]
INFO:kolla.common.utils.swift-base:Get:9 http://ports.ubuntu.com bionic/main s390x Packages [1,244 kB]
INFO:kolla.common.utils.swift-base:Get:10 http://ports.ubuntu.com bionic/universe s390x Packages [10.8 MB]
INFO:kolla.common.utils.swift-base:Get:11 http://ports.ubuntu.com bionic-updates/main s390x Packages [730 kB]
INFO:kolla.common.utils.swift-base:Get:12 http://ports.ubuntu.com bionic-updates/universe s390x Packages [1,075 kB]
INFO:kolla.common.utils.swift-base:Get:13 http://ports.ubuntu.com bionic-security/main s390x Packages [467 kB]
INFO:kolla.common.utils.swift-base:Get:14 http://ports.ubuntu.com bionic-security/universe s390x Packages [625 kB]
INFO:kolla.common.utils.swift-base:Get:15 http://ports.ubuntu.com bionic-backports/universe s390x Packages [4,242 B]
INFO:kolla.common.utils.swift-base:Get:16 http://ports.ubuntu.com bionic-backports/main s390x Packages [2,494 B]
INFO:kolla.common.utils.swift-base:Fetched 15.6 MB in 3s (5,712 kB/s)
INFO:kolla.common.utils.swift-base:Reading package lists...
INFO:kolla.common.utils.swift-base:Reading package lists...
INFO:kolla.common.utils.swift-base:Building dependency tree...
INFO:kolla.common.utils.swift-base:Reading state information...
INFO:kolla.common.utils.swift-base:The following additional packages will be installed:
INFO:kolla.common.utils.swift-base:  liberasurecode1 libgf-complete1 libjerasure2 libpopt0 pycadf-common
INFO:kolla.common.utils.swift-base:  python-pastedeploy-tpl python3-cffi python3-keystonemiddleware
INFO:kolla.common.utils.swift-base:  python3-oslo.cache python3-paste python3-pastedeploy python3-pycadf
INFO:kolla.common.utils.swift-base:  python3-pycparser python3-pyeclib python3-swift python3-tempita
INFO:kolla.common.utils.swift-base:  python3-xattr
INFO:kolla.common.utils.swift-base:Suggested packages:
INFO:kolla.common.utils.swift-base:  libisal2 python3-dev python-oslo.cache-doc httpd-wsgi libapache2-mod-python
INFO:kolla.common.utils.swift-base:  libapache2-mod-scgi libjs-mochikit cpp openssh-client openssh-server
INFO:kolla.common.utils.swift-base:  swift-bench
INFO:kolla.common.utils.swift-base:Recommended packages:
INFO:kolla.common.utils.swift-base:  python3-pastescript
INFO:kolla.common.utils.swift-base:The following NEW packages will be installed:
INFO:kolla.common.utils.swift-base:  liberasurecode1 libgf-complete1 libjerasure2 libpopt0 netcat-openbsd
INFO:kolla.common.utils.swift-base:  pycadf-common python-pastedeploy-tpl python3-cffi python3-keystonemiddleware
INFO:kolla.common.utils.swift-base:  python3-oslo.cache python3-paste python3-pastedeploy python3-pycadf
INFO:kolla.common.utils.swift-base:  python3-pycparser python3-pyeclib python3-swift python3-tempita
INFO:kolla.common.utils.swift-base:  python3-xattr rsync swift
INFO:kolla.common.utils.swift-base:0 upgraded, 20 newly installed, 0 to remove and 0 not upgraded.
INFO:kolla.common.utils.swift-base:Need to get 1,965 kB of archives.
INFO:kolla.common.utils.swift-base:After this operation, 8,488 kB of additional disk space will be used.
INFO:kolla.common.utils.swift-base:Get:1 http://ports.ubuntu.com bionic/main s390x libpopt0 s390x 1.16-11 [24.7 kB]
INFO:kolla.common.utils.swift-base:Get:2 http://ubuntu-cloud.archive.canonical.com/ubuntu bionic-updates/ussuri/main s390x python3-oslo.cache all 1.37.0-0ubuntu1~cloud0 [34.5 kB]
INFO:kolla.common.utils.swift-base:Get:3 http://ubuntu-cloud.archive.canonical.com/ubuntu bionic-updates/ussuri/main s390x python3-keystonemiddleware all 7.0.1-0ubuntu1~cloud0 [68.6 kB]
INFO:kolla.common.utils.swift-base:Get:4 http://ports.ubuntu.com bionic-updates/main s390x netcat-openbsd s390x 1.187-1ubuntu0.1 [39.1 kB]
INFO:kolla.common.utils.swift-base:Get:5 http://ubuntu-cloud.archive.canonical.com/ubuntu bionic-updates/ussuri/main s390x python3-swift all 2.23.0-0ubuntu1~cloud0 [592 kB]
INFO:kolla.common.utils.swift-base:Get:6 http://ports.ubuntu.com bionic-updates/main s390x rsync s390x 3.1.2-2.1ubuntu1.1 [321 kB]
INFO:kolla.common.utils.swift-base:Get:7 http://ports.ubuntu.com bionic/main s390x pycadf-common all 2.7.0-0ubuntu1 [4,440 B]
INFO:kolla.common.utils.swift-base:Get:8 http://ports.ubuntu.com bionic/main s390x python-pastedeploy-tpl all 1.5.2-4 [4,796 B]
INFO:kolla.common.utils.swift-base:Get:9 http://ports.ubuntu.com bionic/universe s390x python3-pycparser all 2.18-2 [67.7 kB]
INFO:kolla.common.utils.swift-base:Get:10 http://ports.ubuntu.com bionic/universe s390x python3-cffi all 1.11.5-1 [67.4 kB]
INFO:kolla.common.utils.swift-base:Get:11 http://ubuntu-cloud.archive.canonical.com/ubuntu bionic-updates/ussuri/main s390x swift all 2.23.0-0ubuntu1~cloud0 [75.0 kB]
INFO:kolla.common.utils.swift-base:Get:12 http://ports.ubuntu.com bionic/universe s390x python3-pycadf all 2.7.0-0ubuntu1 [17.4 kB]
INFO:kolla.common.utils.swift-base:Get:13 http://ports.ubuntu.com bionic/main s390x python3-tempita all 0.5.2-2 [13.9 kB]
INFO:kolla.common.utils.swift-base:Get:14 http://ports.ubuntu.com bionic/main s390x python3-paste all 2.0.3+dfsg-4ubuntu1 [456 kB]
INFO:kolla.common.utils.swift-base:Get:15 http://ports.ubuntu.com bionic/main s390x python3-pastedeploy all 1.5.2-4 [13.4 kB]
INFO:kolla.common.utils.swift-base:Get:16 http://ports.ubuntu.com bionic/main s390x liberasurecode1 s390x 1.5.0-1 [38.9 kB]
INFO:kolla.common.utils.swift-base:Get:17 http://ports.ubuntu.com bionic/universe s390x python3-pyeclib s390x 1.3.1-1ubuntu3 [24.6 kB]
INFO:kolla.common.utils.swift-base:Get:18 http://ports.ubuntu.com bionic/main s390x libgf-complete1 s390x 1.0.2-2build1 [58.5 kB]
INFO:kolla.common.utils.swift-base:Get:19 http://ports.ubuntu.com bionic/main s390x libjerasure2 s390x 2.0.0+2017.04.10.git.de1739cc84-1 [25.5 kB]
INFO:kolla.common.utils.swift-base:Get:20 http://ports.ubuntu.com bionic/universe s390x python3-xattr s390x 0.9.2-0ubuntu1 [16.7 kB]
INFO:kolla.common.utils.swift-base:Fetched 1,965 kB in 0s (5,689 kB/s)
INFO:kolla.common.utils.swift-base:Selecting previously unselected package libpopt0:s390x.
INFO:kolla.common.utils.swift-base:(Reading database ... 
INFO:kolla.common.utils.swift-base:(Reading database ... 5%(Reading database ... 10%(Reading database ... 15%(Reading database ... 20%(Reading database ... 25%
INFO:kolla.common.utils.swift-base:(Reading database ... 30%(Reading database ... 35%(Reading database ... 40%(Reading database ... 45%
INFO:kolla.common.utils.swift-base:(Reading database ... 50%(Reading database ... 55%(Reading database ... 60%
INFO:kolla.common.utils.swift-base:(Reading database ... 65%
INFO:kolla.common.utils.swift-base:(Reading database ... 70%
INFO:kolla.common.utils.swift-base:(Reading database ... 75%
INFO:kolla.common.utils.swift-base:(Reading database ... 80%
INFO:kolla.common.utils.swift-base:(Reading database ... 85%
INFO:kolla.common.utils.swift-base:(Reading database ... 90%
INFO:kolla.common.utils.swift-base:(Reading database ... 95%
INFO:kolla.common.utils.swift-base:(Reading database ... 100%(Reading database ... 22243 files and directories currently installed.)
INFO:kolla.common.utils.swift-base:Preparing to unpack .../00-libpopt0_1.16-11_s390x.deb ...
INFO:kolla.common.utils.swift-base:Unpacking libpopt0:s390x (1.16-11) ...
INFO:kolla.common.utils.swift-base:Selecting previously unselected package netcat-openbsd.
INFO:kolla.common.utils.swift-base:Preparing to unpack .../01-netcat-openbsd_1.187-1ubuntu0.1_s390x.deb ...
INFO:kolla.common.utils.swift-base:Unpacking netcat-openbsd (1.187-1ubuntu0.1) ...
INFO:kolla.common.utils.swift-base:Selecting previously unselected package rsync.
INFO:kolla.common.utils.swift-base:Preparing to unpack .../02-rsync_3.1.2-2.1ubuntu1.1_s390x.deb ...
INFO:kolla.common.utils.swift-base:Unpacking rsync (3.1.2-2.1ubuntu1.1) ...
INFO:kolla.common.utils.swift-base:Selecting previously unselected package pycadf-common.
INFO:kolla.common.utils.swift-base:Preparing to unpack .../03-pycadf-common_2.7.0-0ubuntu1_all.deb ...
INFO:kolla.common.utils.swift-base:Unpacking pycadf-common (2.7.0-0ubuntu1) ...
INFO:kolla.common.utils.swift-base:Selecting previously unselected package python-pastedeploy-tpl.
INFO:kolla.common.utils.swift-base:Preparing to unpack .../04-python-pastedeploy-tpl_1.5.2-4_all.deb ...
INFO:kolla.common.utils.swift-base:Unpacking python-pastedeploy-tpl (1.5.2-4) ...
INFO:kolla.common.utils.swift-base:Selecting previously unselected package python3-pycparser.
INFO:kolla.common.utils.swift-base:Preparing to unpack .../05-python3-pycparser_2.18-2_all.deb ...
INFO:kolla.common.utils.swift-base:Unpacking python3-pycparser (2.18-2) ...
INFO:kolla.common.utils.swift-base:Selecting previously unselected package python3-cffi.
INFO:kolla.common.utils.swift-base:Preparing to unpack .../06-python3-cffi_1.11.5-1_all.deb ...
INFO:kolla.common.utils.swift-base:Unpacking python3-cffi (1.11.5-1) ...
INFO:kolla.common.utils.swift-base:Selecting previously unselected package python3-oslo.cache.
INFO:kolla.common.utils.swift-base:Preparing to unpack .../07-python3-oslo.cache_1.37.0-0ubuntu1~cloud0_all.deb ...
INFO:kolla.common.utils.swift-base:Unpacking python3-oslo.cache (1.37.0-0ubuntu1~cloud0) ...
INFO:kolla.common.utils.swift-base:Selecting previously unselected package python3-pycadf.
INFO:kolla.common.utils.swift-base:Preparing to unpack .../08-python3-pycadf_2.7.0-0ubuntu1_all.deb ...
INFO:kolla.common.utils.swift-base:Unpacking python3-pycadf (2.7.0-0ubuntu1) ...
INFO:kolla.common.utils.swift-base:Selecting previously unselected package python3-keystonemiddleware.
INFO:kolla.common.utils.swift-base:Preparing to unpack .../09-python3-keystonemiddleware_7.0.1-0ubuntu1~cloud0_all.deb ...
INFO:kolla.common.utils.swift-base:Unpacking python3-keystonemiddleware (7.0.1-0ubuntu1~cloud0) ...
INFO:kolla.common.utils.swift-base:Selecting previously unselected package python3-tempita.
INFO:kolla.common.utils.swift-base:Preparing to unpack .../10-python3-tempita_0.5.2-2_all.deb ...
INFO:kolla.common.utils.swift-base:Unpacking python3-tempita (0.5.2-2) ...
INFO:kolla.common.utils.swift-base:Selecting previously unselected package python3-paste.
INFO:kolla.common.utils.swift-base:Preparing to unpack .../11-python3-paste_2.0.3+dfsg-4ubuntu1_all.deb ...
INFO:kolla.common.utils.swift-base:Unpacking python3-paste (2.0.3+dfsg-4ubuntu1) ...
INFO:kolla.common.utils.swift-base:Selecting previously unselected package python3-pastedeploy.
INFO:kolla.common.utils.swift-base:Preparing to unpack .../12-python3-pastedeploy_1.5.2-4_all.deb ...
INFO:kolla.common.utils.swift-base:Unpacking python3-pastedeploy (1.5.2-4) ...
INFO:kolla.common.utils.swift-base:Selecting previously unselected package liberasurecode1:s390x.
INFO:kolla.common.utils.swift-base:Preparing to unpack .../13-liberasurecode1_1.5.0-1_s390x.deb ...
INFO:kolla.common.utils.swift-base:Unpacking liberasurecode1:s390x (1.5.0-1) ...
INFO:kolla.common.utils.swift-base:Selecting previously unselected package python3-pyeclib.
INFO:kolla.common.utils.swift-base:Preparing to unpack .../14-python3-pyeclib_1.3.1-1ubuntu3_s390x.deb ...
INFO:kolla.common.utils.swift-base:Unpacking python3-pyeclib (1.3.1-1ubuntu3) ...
INFO:kolla.common.utils.swift-base:Selecting previously unselected package libgf-complete1:s390x.
INFO:kolla.common.utils.swift-base:Preparing to unpack .../15-libgf-complete1_1.0.2-2build1_s390x.deb ...
INFO:kolla.common.utils.swift-base:Unpacking libgf-complete1:s390x (1.0.2-2build1) ...
INFO:kolla.common.utils.swift-base:Selecting previously unselected package libjerasure2:s390x.
INFO:kolla.common.utils.swift-base:Preparing to unpack .../16-libjerasure2_2.0.0+2017.04.10.git.de1739cc84-1_s390x.deb ...
INFO:kolla.common.utils.swift-base:Unpacking libjerasure2:s390x (2.0.0+2017.04.10.git.de1739cc84-1) ...
INFO:kolla.common.utils.swift-base:Selecting previously unselected package python3-xattr.
INFO:kolla.common.utils.swift-base:Preparing to unpack .../17-python3-xattr_0.9.2-0ubuntu1_s390x.deb ...
INFO:kolla.common.utils.swift-base:Unpacking python3-xattr (0.9.2-0ubuntu1) ...
INFO:kolla.common.utils.swift-base:Selecting previously unselected package python3-swift.
INFO:kolla.common.utils.swift-base:Preparing to unpack .../18-python3-swift_2.23.0-0ubuntu1~cloud0_all.deb ...
INFO:kolla.common.utils.swift-base:Unpacking python3-swift (2.23.0-0ubuntu1~cloud0) ...
INFO:kolla.common.utils.swift-base:Selecting previously unselected package swift.
INFO:kolla.common.utils.swift-base:Preparing to unpack .../19-swift_2.23.0-0ubuntu1~cloud0_all.deb ...
INFO:kolla.common.utils.swift-base:Unpacking swift (2.23.0-0ubuntu1~cloud0) ...
INFO:kolla.common.utils.swift-base:Setting up libpopt0:s390x (1.16-11) ...
INFO:kolla.common.utils.swift-base:Setting up python3-tempita (0.5.2-2) ...
INFO:kolla.common.utils.swift-base:Setting up netcat-openbsd (1.187-1ubuntu0.1) ...
INFO:kolla.common.utils.swift-base:update-alternatives: using /bin/nc.openbsd to provide /bin/nc (nc) in auto mode
INFO:kolla.common.utils.swift-base:update-alternatives: warning: skip creation of /usr/share/man/man1/nc.1.gz because associated file /usr/share/man/man1/nc_openbsd.1.gz (of link group nc) doesn't exist
INFO:kolla.common.utils.swift-base:update-alternatives: warning: skip creation of /usr/share/man/man1/netcat.1.gz because associated file /usr/share/man/man1/nc_openbsd.1.gz (of link group nc) doesn't exist
INFO:kolla.common.utils.swift-base:Setting up rsync (3.1.2-2.1ubuntu1.1) ...
INFO:kolla.common.utils.swift-base:invoke-rc.d: could not determine current runlevel
INFO:kolla.common.utils.swift-base:invoke-rc.d: policy-rc.d denied execution of restart.
INFO:kolla.common.utils.swift-base:Setting up pycadf-common (2.7.0-0ubuntu1) ...
INFO:kolla.common.utils.swift-base:Setting up python3-oslo.cache (1.37.0-0ubuntu1~cloud0) ...
INFO:kolla.common.utils.swift-base:Setting up python3-pycadf (2.7.0-0ubuntu1) ...
INFO:kolla.common.utils.swift-base:Setting up python3-paste (2.0.3+dfsg-4ubuntu1) ...
INFO:kolla.common.utils.swift-base:Setting up python3-pycparser (2.18-2) ...
INFO:kolla.common.utils.swift-base:Setting up python3-cffi (1.11.5-1) ...
INFO:kolla.common.utils.swift-base:Setting up python3-keystonemiddleware (7.0.1-0ubuntu1~cloud0) ...
INFO:kolla.common.utils.swift-base:Setting up liberasurecode1:s390x (1.5.0-1) ...
INFO:kolla.common.utils.swift-base:Setting up python-pastedeploy-tpl (1.5.2-4) ...
INFO:kolla.common.utils.swift-base:Setting up python3-pyeclib (1.3.1-1ubuntu3) ...
INFO:kolla.common.utils.swift-base:Setting up libgf-complete1:s390x (1.0.2-2build1) ...
INFO:kolla.common.utils.swift-base:Setting up python3-xattr (0.9.2-0ubuntu1) ...
INFO:kolla.common.utils.swift-base:Setting up libjerasure2:s390x (2.0.0+2017.04.10.git.de1739cc84-1) ...
INFO:kolla.common.utils.swift-base:Setting up python3-pastedeploy (1.5.2-4) ...
INFO:kolla.common.utils.swift-base:Setting up python3-swift (2.23.0-0ubuntu1~cloud0) ...
INFO:kolla.common.utils.swift-base:Setting up swift (2.23.0-0ubuntu1~cloud0) ...
INFO:kolla.common.utils.swift-base:Processing triggers for libc-bin (2.27-3ubuntu1) ...
INFO:kolla.common.utils.swift-base:Removing intermediate container 2cc6f81c62fe
INFO:kolla.common.utils.swift-base: ---> d7fbb34131bf
INFO:kolla.common.utils.swift-base:Step 5/8 : COPY swift-rootwrap /var/lib/kolla/venv/bin/swift-rootwrap
INFO:kolla.common.utils.swift-base: ---> 040d73163c10
INFO:kolla.common.utils.swift-base:Step 6/8 : COPY rootwrap.conf /etc/swift/rootwrap.conf
INFO:kolla.common.utils.swift-base: ---> c999646822a5
INFO:kolla.common.utils.swift-base:Step 7/8 : COPY swift_sudoers /etc/sudoers.d/kolla_swift_sudoers
INFO:kolla.common.utils.swift-base: ---> 60be0186cc0b
INFO:kolla.common.utils.swift-base:Step 8/8 : RUN chmod 755 /var/lib/kolla/venv/bin/swift-rootwrap     && chmod 644 /etc/swift/rootwrap.conf     && sed -i 's|^exec_dirs.*|exec_dirs=/var/lib/kolla/venv/bin,/sbin,/usr/sbin,/bin,/usr/bin,/usr/local/bin,/usr/local/sbin|g' /etc/swift/rootwrap.conf     && chmod 750 /etc/sudoers.d     && chmod 440 /etc/sudoers.d/kolla_swift_sudoers     && mkdir -p /opt/swift
INFO:kolla.common.utils.swift-base: ---> Running in a6f39894690a
INFO:kolla.common.utils.swift-base:Removing intermediate container a6f39894690a
INFO:kolla.common.utils.swift-base: ---> 983b5500ecf1
INFO:kolla.common.utils.swift-base:Successfully built 983b5500ecf1
INFO:kolla.common.utils.swift-base:Successfully tagged s390x/ubuntu-binary-swift-base:9.1.0
INFO:kolla.common.utils.swift-base:Built at 2020-03-02 21:42:13.598386 (took 0:00:18.040803)
