INFO:kolla.common.utils.swift-container:Building started at 2020-03-02 21:45:36.565324
INFO:kolla.common.utils.swift-container:Step 1/4 : FROM s390x/ubuntu-binary-swift-base:9.1.0
INFO:kolla.common.utils.swift-container: ---> 983b5500ecf1
INFO:kolla.common.utils.swift-container:Step 2/4 : LABEL maintainer="Kolla Project (https://launchpad.net/kolla)" name="swift-container" build-date="20200302"
INFO:kolla.common.utils.swift-container: ---> Running in 262f8e82cd04
INFO:kolla.common.utils.swift-container:Removing intermediate container 262f8e82cd04
INFO:kolla.common.utils.swift-container: ---> a4c4f1154ee9
INFO:kolla.common.utils.swift-container:Step 3/4 : RUN apt-get update && apt-get -y install --no-install-recommends swift-container && apt-get clean && rm -rf /var/lib/apt/lists/*
INFO:kolla.common.utils.swift-container: ---> Running in e4a48f6563c3
INFO:kolla.common.utils.swift-container:Get:1 http://ports.ubuntu.com bionic InRelease [242 kB]
INFO:kolla.common.utils.swift-container:Ign:2 http://ubuntu-cloud.archive.canonical.com/ubuntu bionic-updates/ussuri InRelease
INFO:kolla.common.utils.swift-container:Get:3 http://ports.ubuntu.com bionic-updates InRelease [88.7 kB]
INFO:kolla.common.utils.swift-container:Get:4 http://ubuntu-cloud.archive.canonical.com/ubuntu bionic-updates/ussuri Release [7,884 B]
INFO:kolla.common.utils.swift-container:Get:5 http://ports.ubuntu.com bionic-security InRelease [88.7 kB]
INFO:kolla.common.utils.swift-container:Get:6 http://ports.ubuntu.com bionic-backports InRelease [74.6 kB]
INFO:kolla.common.utils.swift-container:Get:7 http://ubuntu-cloud.archive.canonical.com/ubuntu bionic-updates/ussuri Release.gpg [543 B]
INFO:kolla.common.utils.swift-container:Get:8 http://ports.ubuntu.com bionic/main s390x Packages [1,244 kB]
INFO:kolla.common.utils.swift-container:Get:9 http://ports.ubuntu.com bionic/universe s390x Packages [10.8 MB]
INFO:kolla.common.utils.swift-container:Get:10 http://ubuntu-cloud.archive.canonical.com/ubuntu bionic-updates/ussuri/main s390x Packages [145 kB]
INFO:kolla.common.utils.swift-container:Get:11 http://ports.ubuntu.com bionic-updates/universe s390x Packages [1,075 kB]
INFO:kolla.common.utils.swift-container:Get:12 http://ports.ubuntu.com bionic-updates/main s390x Packages [730 kB]
INFO:kolla.common.utils.swift-container:Get:13 http://ports.ubuntu.com bionic-security/main s390x Packages [467 kB]
INFO:kolla.common.utils.swift-container:Get:14 http://ports.ubuntu.com bionic-security/universe s390x Packages [625 kB]
INFO:kolla.common.utils.swift-container:Get:15 http://ports.ubuntu.com bionic-backports/main s390x Packages [2,494 B]
INFO:kolla.common.utils.swift-container:Get:16 http://ports.ubuntu.com bionic-backports/universe s390x Packages [4,242 B]
INFO:kolla.common.utils.swift-container:Fetched 15.6 MB in 3s (5,930 kB/s)
INFO:kolla.common.utils.swift-container:Reading package lists...
INFO:kolla.common.utils.swift-container:Reading package lists...
INFO:kolla.common.utils.swift-container:Building dependency tree...
INFO:kolla.common.utils.swift-container:Reading state information...
INFO:kolla.common.utils.swift-container:The following NEW packages will be installed:
INFO:kolla.common.utils.swift-container:  swift-container
INFO:kolla.common.utils.swift-container:0 upgraded, 1 newly installed, 0 to remove and 0 not upgraded.
INFO:kolla.common.utils.swift-container:Need to get 37.3 kB of archives.
INFO:kolla.common.utils.swift-container:After this operation, 103 kB of additional disk space will be used.
INFO:kolla.common.utils.swift-container:Get:1 http://ubuntu-cloud.archive.canonical.com/ubuntu bionic-updates/ussuri/main s390x swift-container all 2.23.0-0ubuntu1~cloud0 [37.3 kB]
INFO:kolla.common.utils.swift-container:Fetched 37.3 kB in 0s (805 kB/s)
INFO:kolla.common.utils.swift-container:Selecting previously unselected package swift-container.
INFO:kolla.common.utils.swift-container:(Reading database ... 
INFO:kolla.common.utils.swift-container:(Reading database ... 5%(Reading database ... 10%(Reading database ... 15%(Reading database ... 20%(Reading database ... 25%(Reading database ... 30%(Reading database ... 35%(Reading database ... 40%(Reading database ... 45%(Reading database ... 50%(Reading database ... 55%(Reading database ... 60%
INFO:kolla.common.utils.swift-container:(Reading database ... 65%(Reading database ... 70%(Reading database ... 75%
INFO:kolla.common.utils.swift-container:(Reading database ... 80%(Reading database ... 85%
INFO:kolla.common.utils.swift-container:(Reading database ... 90%
INFO:kolla.common.utils.swift-container:(Reading database ... 95%
INFO:kolla.common.utils.swift-container:(Reading database ... 100%(Reading database ... 23128 files and directories currently installed.)
INFO:kolla.common.utils.swift-container:Preparing to unpack .../swift-container_2.23.0-0ubuntu1~cloud0_all.deb ...
INFO:kolla.common.utils.swift-container:Unpacking swift-container (2.23.0-0ubuntu1~cloud0) ...
INFO:kolla.common.utils.swift-container:Setting up swift-container (2.23.0-0ubuntu1~cloud0) ...
INFO:kolla.common.utils.swift-container:Removing intermediate container e4a48f6563c3
INFO:kolla.common.utils.swift-container: ---> de7868c3a282
INFO:kolla.common.utils.swift-container:Step 4/4 : USER swift
INFO:kolla.common.utils.swift-container: ---> Running in 4bcd9c969442
INFO:kolla.common.utils.swift-container:Removing intermediate container 4bcd9c969442
INFO:kolla.common.utils.swift-container: ---> 22a591a0afa6
INFO:kolla.common.utils.swift-container:Successfully built 22a591a0afa6
INFO:kolla.common.utils.swift-container:Successfully tagged s390x/ubuntu-binary-swift-container:9.1.0
INFO:kolla.common.utils.swift-container:Built at 2020-03-02 21:45:45.853631 (took 0:00:09.288307)
