INFO:kolla.common.utils.tempest:Building started at 2020-03-02 21:40:52.736202
INFO:kolla.common.utils.tempest:Step 1/9 : FROM s390x/ubuntu-binary-openstack-base:9.1.0
INFO:kolla.common.utils.tempest: ---> 0b248122f3fe
INFO:kolla.common.utils.tempest:Step 2/9 : LABEL maintainer="Kolla Project (https://launchpad.net/kolla)" name="tempest" build-date="20200302"
INFO:kolla.common.utils.tempest: ---> Running in 8102be452d33
INFO:kolla.common.utils.tempest:Removing intermediate container 8102be452d33
INFO:kolla.common.utils.tempest: ---> 36c50532a2cd
INFO:kolla.common.utils.tempest:Step 3/9 : RUN usermod --append --home /var/lib/tempest --groups kolla tempest     && mkdir -p /var/lib/tempest     && chown -R 42480:42480 /var/lib/tempest
INFO:kolla.common.utils.tempest: ---> Running in 950a63e0d131
INFO:kolla.common.utils.tempest:Removing intermediate container 950a63e0d131
INFO:kolla.common.utils.tempest: ---> 702ddef6132c
INFO:kolla.common.utils.tempest:Step 4/9 : RUN apt-get update && apt-get -y install --no-install-recommends tempest iputils-ping && apt-get clean && rm -rf /var/lib/apt/lists/*
INFO:kolla.common.utils.tempest: ---> Running in e6e4571bc8a4
INFO:kolla.common.utils.tempest:Ign:1 http://ubuntu-cloud.archive.canonical.com/ubuntu bionic-updates/ussuri InRelease
INFO:kolla.common.utils.tempest:Get:2 http://ports.ubuntu.com bionic InRelease [242 kB]
INFO:kolla.common.utils.tempest:Get:3 http://ubuntu-cloud.archive.canonical.com/ubuntu bionic-updates/ussuri Release [7,884 B]
INFO:kolla.common.utils.tempest:Get:4 http://ports.ubuntu.com bionic-updates InRelease [88.7 kB]
INFO:kolla.common.utils.tempest:Get:5 http://ubuntu-cloud.archive.canonical.com/ubuntu bionic-updates/ussuri Release.gpg [543 B]
INFO:kolla.common.utils.tempest:Get:6 http://ports.ubuntu.com bionic-security InRelease [88.7 kB]
INFO:kolla.common.utils.tempest:Get:7 http://ports.ubuntu.com bionic-backports InRelease [74.6 kB]
INFO:kolla.common.utils.tempest:Get:8 http://ubuntu-cloud.archive.canonical.com/ubuntu bionic-updates/ussuri/main s390x Packages [145 kB]
INFO:kolla.common.utils.tempest:Get:9 http://ports.ubuntu.com bionic/universe s390x Packages [10.8 MB]
INFO:kolla.common.utils.tempest:Get:10 http://ports.ubuntu.com bionic/main s390x Packages [1,244 kB]
INFO:kolla.common.utils.tempest:Get:11 http://ports.ubuntu.com bionic-updates/universe s390x Packages [1,075 kB]
INFO:kolla.common.utils.tempest:Get:12 http://ports.ubuntu.com bionic-updates/main s390x Packages [730 kB]
INFO:kolla.common.utils.tempest:Get:13 http://ports.ubuntu.com bionic-security/main s390x Packages [467 kB]
INFO:kolla.common.utils.tempest:Get:14 http://ports.ubuntu.com bionic-security/universe s390x Packages [625 kB]
INFO:kolla.common.utils.tempest:Get:15 http://ports.ubuntu.com bionic-backports/universe s390x Packages [4,242 B]
INFO:kolla.common.utils.tempest:Get:16 http://ports.ubuntu.com bionic-backports/main s390x Packages [2,494 B]
INFO:kolla.common.utils.tempest:Fetched 15.6 MB in 3s (6,095 kB/s)
INFO:kolla.common.utils.tempest:Reading package lists...
INFO:kolla.common.utils.tempest:Reading package lists...
INFO:kolla.common.utils.tempest:Building dependency tree...
INFO:kolla.common.utils.tempest:Reading state information...
INFO:kolla.common.utils.tempest:The following additional packages will be installed:
INFO:kolla.common.utils.tempest:  alembic libcap2 libidn11 libjs-jquery libjs-sphinxdoc libjs-underscore
INFO:kolla.common.utils.tempest:  libsubunit-perl python-extras python-fixtures python-linecache2
INFO:kolla.common.utils.tempest:  python-mimeparse python-pastedeploy-tpl python-subunit python-testrepository
INFO:kolla.common.utils.tempest:  python-testtools python-traceback2 python-unittest2 python3-alembic
INFO:kolla.common.utils.tempest:  python3-amqp python3-anyjson python3-atomicwrites python3-attr python3-bs4
INFO:kolla.common.utils.tempest:  python3-cachetools python3-colorama python3-ddt python3-future python3-gabbi
INFO:kolla.common.utils.tempest:  python3-httplib2 python3-importlib-metadata python3-jinja2
INFO:kolla.common.utils.tempest:  python3-jsonpath-rw python3-jsonpath-rw-ext python3-kombu python3-logutils
INFO:kolla.common.utils.tempest:  python3-migrate python3-mock python3-more-itertools python3-mox3
INFO:kolla.common.utils.tempest:  python3-neutron-lib python3-neutron-tempest-plugin python3-openvswitch
INFO:kolla.common.utils.tempest:  python3-os-ken python3-os-testr python3-os-traits python3-oslo.db
INFO:kolla.common.utils.tempest:  python3-oslo.messaging python3-oslo.middleware python3-oslo.policy
INFO:kolla.common.utils.tempest:  python3-oslo.service python3-oslo.versionedobjects python3-oslotest
INFO:kolla.common.utils.tempest:  python3-packaging python3-paramiko python3-paste python3-pastedeploy
INFO:kolla.common.utils.tempest:  python3-pecan python3-pluggy python3-py python3-pyasn1 python3-pytest
INFO:kolla.common.utils.tempest:  python3-repoze.lru python3-routes python3-setproctitle python3-simplegeneric
INFO:kolla.common.utils.tempest:  python3-singledispatch python3-sortedcontainers python3-sqlalchemy
INFO:kolla.common.utils.tempest:  python3-sqlparse python3-stestr python3-subunit python3-tempest
INFO:kolla.common.utils.tempest:  python3-tempita python3-tenacity python3-testrepository
INFO:kolla.common.utils.tempest:  python3-testresources python3-testscenarios python3-tinyrpc python3-vine
INFO:kolla.common.utils.tempest:  python3-voluptuous python3-waitress python3-wcwidth python3-webtest
INFO:kolla.common.utils.tempest:  python3-wsgi-intercept python3-zipp subunit testrepository
INFO:kolla.common.utils.tempest:Suggested packages:
INFO:kolla.common.utils.tempest:  python-testtools-doc python-twisted python3-editor python-amqp-doc
INFO:kolla.common.utils.tempest:  python-attr-doc python-future-doc python-gabbi-doc python-jinja2-doc
INFO:kolla.common.utils.tempest:  python-jsonpath-rw-ext-doc python-kombu-doc python3-boto python3-django
INFO:kolla.common.utils.tempest:  python3-pymongo python-migrate-doc python-mock-doc python-neutron-lib-doc
INFO:kolla.common.utils.tempest:  python-os-testr-doc python-os-traits-doc python3-confluent-kafka
INFO:kolla.common.utils.tempest:  python-oslo.middleware-doc python-oslo.policy-doc python-oslo.service-doc
INFO:kolla.common.utils.tempest:  python-oslo.versionedobjects-doc python3-gssapi httpd-wsgi
INFO:kolla.common.utils.tempest:  libapache2-mod-python libapache2-mod-scgi libjs-mochikit python-pecan-doc
INFO:kolla.common.utils.tempest:  subversion python-sortedcontainers-doc python-sqlalchemy-doc python3-fdb
INFO:kolla.common.utils.tempest:  python-sqlparse-doc python-stestr-doc python-tenacity-doc python-tinyrpc-doc
INFO:kolla.common.utils.tempest:  python-waitress-doc python-webtest-doc
INFO:kolla.common.utils.tempest:Recommended packages:
INFO:kolla.common.utils.tempest:  libcap2-bin javascript-common python3-pastescript python3-sqlalchemy-ext
INFO:kolla.common.utils.tempest:  python-junitxml
INFO:kolla.common.utils.tempest:The following NEW packages will be installed:
INFO:kolla.common.utils.tempest:  alembic iputils-ping libcap2 libidn11 libjs-jquery libjs-sphinxdoc
INFO:kolla.common.utils.tempest:  libjs-underscore libsubunit-perl python-extras python-fixtures
INFO:kolla.common.utils.tempest:  python-linecache2 python-mimeparse python-pastedeploy-tpl python-subunit
INFO:kolla.common.utils.tempest:  python-testrepository python-testtools python-traceback2 python-unittest2
INFO:kolla.common.utils.tempest:  python3-alembic python3-amqp python3-anyjson python3-atomicwrites
INFO:kolla.common.utils.tempest:  python3-attr python3-bs4 python3-cachetools python3-colorama python3-ddt
INFO:kolla.common.utils.tempest:  python3-future python3-gabbi python3-httplib2 python3-importlib-metadata
INFO:kolla.common.utils.tempest:  python3-jinja2 python3-jsonpath-rw python3-jsonpath-rw-ext python3-kombu
INFO:kolla.common.utils.tempest:  python3-logutils python3-migrate python3-mock python3-more-itertools
INFO:kolla.common.utils.tempest:  python3-mox3 python3-neutron-lib python3-neutron-tempest-plugin
INFO:kolla.common.utils.tempest:  python3-openvswitch python3-os-ken python3-os-testr python3-os-traits
INFO:kolla.common.utils.tempest:  python3-oslo.db python3-oslo.messaging python3-oslo.middleware
INFO:kolla.common.utils.tempest:  python3-oslo.policy python3-oslo.service python3-oslo.versionedobjects
INFO:kolla.common.utils.tempest:  python3-oslotest python3-packaging python3-paramiko python3-paste
INFO:kolla.common.utils.tempest:  python3-pastedeploy python3-pecan python3-pluggy python3-py python3-pyasn1
INFO:kolla.common.utils.tempest:  python3-pytest python3-repoze.lru python3-routes python3-setproctitle
INFO:kolla.common.utils.tempest:  python3-simplegeneric python3-singledispatch python3-sortedcontainers
INFO:kolla.common.utils.tempest:  python3-sqlalchemy python3-sqlparse python3-stestr python3-subunit
INFO:kolla.common.utils.tempest:  python3-tempest python3-tempita python3-tenacity python3-testrepository
INFO:kolla.common.utils.tempest:  python3-testresources python3-testscenarios python3-tinyrpc python3-vine
INFO:kolla.common.utils.tempest:  python3-voluptuous python3-waitress python3-wcwidth python3-webtest
INFO:kolla.common.utils.tempest:  python3-wsgi-intercept python3-zipp subunit tempest testrepository
INFO:kolla.common.utils.tempest:0 upgraded, 89 newly installed, 0 to remove and 0 not upgraded.
INFO:kolla.common.utils.tempest:Need to get 7,982 kB of archives.
INFO:kolla.common.utils.tempest:After this operation, 57.0 MB of additional disk space will be used.
INFO:kolla.common.utils.tempest:Get:1 http://ports.ubuntu.com bionic/main s390x libcap2 s390x 1:2.25-1.2 [13.2 kB]
INFO:kolla.common.utils.tempest:Get:2 http://ports.ubuntu.com bionic-updates/main s390x libidn11 s390x 1.33-2.1ubuntu1.2 [44.9 kB]
INFO:kolla.common.utils.tempest:Get:3 http://ports.ubuntu.com bionic-updates/main s390x iputils-ping s390x 3:20161105-1ubuntu3 [53.2 kB]
INFO:kolla.common.utils.tempest:Get:4 http://ports.ubuntu.com bionic/main s390x libjs-jquery all 3.2.1-1 [152 kB]
INFO:kolla.common.utils.tempest:Get:5 http://ports.ubuntu.com bionic/main s390x libjs-underscore all 1.8.3~dfsg-1 [59.9 kB]
INFO:kolla.common.utils.tempest:Get:6 http://ports.ubuntu.com bionic/main s390x python-extras all 1.0.0-3 [7,392 B]
INFO:kolla.common.utils.tempest:Get:7 http://ports.ubuntu.com bionic/main s390x python-linecache2 all 1.0.0-3 [12.4 kB]
INFO:kolla.common.utils.tempest:Get:8 http://ports.ubuntu.com bionic/main s390x python-traceback2 all 1.4.0-5 [16.4 kB]
INFO:kolla.common.utils.tempest:Get:9 http://ports.ubuntu.com bionic/main s390x python-unittest2 all 1.1.0-6.1 [75.5 kB]
INFO:kolla.common.utils.tempest:Get:10 http://ubuntu-cloud.archive.canonical.com/ubuntu bionic-updates/ussuri/main s390x python3-sqlalchemy all 1.2.18+ds1-2ubuntu2~cloud0 [728 kB]
INFO:kolla.common.utils.tempest:Get:11 http://ports.ubuntu.com bionic/main s390x python-testtools all 2.3.0-3ubuntu2 [124 kB]
INFO:kolla.common.utils.tempest:Get:12 http://ubuntu-cloud.archive.canonical.com/ubuntu bionic-updates/ussuri/main s390x python3-alembic all 1.0.0-2ubuntu2~cloud0 [111 kB]
INFO:kolla.common.utils.tempest:Get:13 http://ubuntu-cloud.archive.canonical.com/ubuntu bionic-updates/ussuri/main s390x libjs-sphinxdoc all 1.8.5-3~cloud0 [96.6 kB]
INFO:kolla.common.utils.tempest:Get:14 http://ubuntu-cloud.archive.canonical.com/ubuntu bionic-updates/ussuri/main s390x alembic all 1.0.0-2ubuntu2~cloud0 [369 kB]
INFO:kolla.common.utils.tempest:Get:15 http://ports.ubuntu.com bionic/main s390x python-fixtures all 3.0.0-2 [32.4 kB]
INFO:kolla.common.utils.tempest:Get:16 http://ubuntu-cloud.archive.canonical.com/ubuntu bionic-updates/ussuri/main s390x libsubunit-perl all 1.3.0-1~cloud0 [8,840 B]
INFO:kolla.common.utils.tempest:Get:17 http://ubuntu-cloud.archive.canonical.com/ubuntu bionic-updates/ussuri/main s390x python-mimeparse all 1.6.0-2~cloud0 [7,152 B]
INFO:kolla.common.utils.tempest:Get:18 http://ubuntu-cloud.archive.canonical.com/ubuntu bionic-updates/ussuri/main s390x python-subunit all 1.3.0-1~cloud0 [64.6 kB]
INFO:kolla.common.utils.tempest:Get:19 http://ports.ubuntu.com bionic/main s390x python-pastedeploy-tpl all 1.5.2-4 [4,796 B]
INFO:kolla.common.utils.tempest:Get:20 http://ports.ubuntu.com bionic/universe s390x python-testrepository all 0.0.20-3 [57.9 kB]
INFO:kolla.common.utils.tempest:Get:21 http://ports.ubuntu.com bionic/main s390x python3-vine all 1.1.4+dfsg-2 [15.7 kB]
INFO:kolla.common.utils.tempest:Get:22 http://ubuntu-cloud.archive.canonical.com/ubuntu bionic-updates/ussuri/main s390x python3-amqp all 2.5.0-2~cloud0 [42.2 kB]
INFO:kolla.common.utils.tempest:Get:23 http://ports.ubuntu.com bionic/universe s390x python3-anyjson all 0.3.3-1build1 [7,062 B]
INFO:kolla.common.utils.tempest:Get:24 http://ubuntu-cloud.archive.canonical.com/ubuntu bionic-updates/ussuri/main s390x python3-atomicwrites all 1.1.5-2~cloud0 [6,996 B]
INFO:kolla.common.utils.tempest:Get:25 http://ports.ubuntu.com bionic/main s390x python3-attr all 17.4.0-2 [23.8 kB]
INFO:kolla.common.utils.tempest:Get:26 http://ports.ubuntu.com bionic/main s390x python3-bs4 all 4.6.0-1 [67.8 kB]
INFO:kolla.common.utils.tempest:Get:27 http://ubuntu-cloud.archive.canonical.com/ubuntu bionic-updates/ussuri/main s390x python3-cachetools all 3.1.0-2~cloud0 [9,892 B]
INFO:kolla.common.utils.tempest:Get:28 http://ubuntu-cloud.archive.canonical.com/ubuntu bionic-updates/ussuri/main s390x python3-ddt all 1.2.1-2ubuntu1~cloud0 [7,288 B]
INFO:kolla.common.utils.tempest:Get:29 http://ports.ubuntu.com bionic/main s390x python3-colorama all 0.3.7-1 [14.9 kB]
INFO:kolla.common.utils.tempest:Get:30 http://ports.ubuntu.com bionic/universe s390x python3-future all 0.15.2-4ubuntu2 [333 kB]
INFO:kolla.common.utils.tempest:Get:31 http://ubuntu-cloud.archive.canonical.com/ubuntu bionic-updates/ussuri/main s390x python3-wsgi-intercept all 1.8.0-0ubuntu1~cloud0 [19.3 kB]
INFO:kolla.common.utils.tempest:Get:32 http://ports.ubuntu.com bionic-updates/main s390x python3-httplib2 all 0.9.2+dfsg-1ubuntu0.1 [28.6 kB]
INFO:kolla.common.utils.tempest:Get:33 http://ports.ubuntu.com bionic/universe s390x python3-jsonpath-rw all 1.4.0-3 [15.1 kB]
INFO:kolla.common.utils.tempest:Get:34 http://ports.ubuntu.com bionic/universe s390x python3-jsonpath-rw-ext all 1.1.3-1 [11.9 kB]
INFO:kolla.common.utils.tempest:Get:35 http://ubuntu-cloud.archive.canonical.com/ubuntu bionic-updates/ussuri/main s390x python3-more-itertools all 4.2.0-1~cloud0 [42.3 kB]
INFO:kolla.common.utils.tempest:Get:36 http://ports.ubuntu.com bionic/universe s390x python3-py all 1.5.2-1 [65.2 kB]
INFO:kolla.common.utils.tempest:Get:37 http://ubuntu-cloud.archive.canonical.com/ubuntu bionic-updates/ussuri/main s390x python3-zipp all 0.5.2-2~cloud0 [4,972 B]
INFO:kolla.common.utils.tempest:Get:38 http://ports.ubuntu.com bionic/universe s390x python3-packaging all 17.1-1 [18.2 kB]
INFO:kolla.common.utils.tempest:Get:39 http://ubuntu-cloud.archive.canonical.com/ubuntu bionic-updates/ussuri/main s390x python3-importlib-metadata all 0.19-1~cloud0 [8,672 B]
INFO:kolla.common.utils.tempest:Get:40 http://ubuntu-cloud.archive.canonical.com/ubuntu bionic-updates/ussuri/main s390x python3-pluggy all 0.12.0-1~cloud0 [18.3 kB]
INFO:kolla.common.utils.tempest:Get:41 http://ports.ubuntu.com bionic/universe s390x python3-gabbi all 1.40.0-0ubuntu1 [39.2 kB]
INFO:kolla.common.utils.tempest:Get:42 http://ubuntu-cloud.archive.canonical.com/ubuntu bionic-updates/ussuri/main s390x python3-wcwidth all 0.1.7+dfsg1-6~cloud0 [15.5 kB]
INFO:kolla.common.utils.tempest:Get:43 http://ports.ubuntu.com bionic-updates/main s390x python3-jinja2 all 2.10-1ubuntu0.18.04.1 [95.4 kB]
INFO:kolla.common.utils.tempest:Get:44 http://ubuntu-cloud.archive.canonical.com/ubuntu bionic-updates/ussuri/main s390x python3-pytest all 4.6.5-2~cloud0 [182 kB]
INFO:kolla.common.utils.tempest:Get:45 http://ports.ubuntu.com bionic/universe s390x python3-kombu all 4.1.0-1 [126 kB]
INFO:kolla.common.utils.tempest:Get:46 http://ports.ubuntu.com bionic/universe s390x python3-logutils all 0.3.3-5 [16.7 kB]
INFO:kolla.common.utils.tempest:Get:47 http://ports.ubuntu.com bionic/main s390x python3-sqlparse all 0.2.4-0.1 [28.1 kB]
INFO:kolla.common.utils.tempest:Get:48 http://ports.ubuntu.com bionic/main s390x python3-tempita all 0.5.2-2 [13.9 kB]
INFO:kolla.common.utils.tempest:Get:49 http://ports.ubuntu.com bionic/universe s390x python3-mox3 all 0.24.0-0ubuntu1 [32.5 kB]
INFO:kolla.common.utils.tempest:Get:50 http://ports.ubuntu.com bionic/universe s390x python3-sortedcontainers all 1.5.7-1 [26.3 kB]
INFO:kolla.common.utils.tempest:Get:51 http://ports.ubuntu.com bionic/universe s390x python3-repoze.lru all 0.7-1 [11.7 kB]
INFO:kolla.common.utils.tempest:Get:52 http://ports.ubuntu.com bionic/universe s390x python3-routes all 2.4.1-1 [28.4 kB]
INFO:kolla.common.utils.tempest:Get:53 http://ports.ubuntu.com bionic/universe s390x python3-tinyrpc all 0.6-1 [17.0 kB]
INFO:kolla.common.utils.tempest:Get:54 http://ports.ubuntu.com bionic/universe s390x python3-testresources all 2.0.0-2 [26.4 kB]
INFO:kolla.common.utils.tempest:Get:55 http://ports.ubuntu.com bionic/main s390x python3-paste all 2.0.3+dfsg-4ubuntu1 [456 kB]
INFO:kolla.common.utils.tempest:Get:56 http://ports.ubuntu.com bionic/main s390x python3-pastedeploy all 1.5.2-4 [13.4 kB]
INFO:kolla.common.utils.tempest:Get:57 http://ubuntu-cloud.archive.canonical.com/ubuntu bionic-updates/ussuri/main s390x python3-migrate all 0.12.0-3~cloud0 [79.3 kB]
INFO:kolla.common.utils.tempest:Get:58 http://ports.ubuntu.com bionic/universe s390x python3-simplegeneric all 0.8.1-1 [11.5 kB]
INFO:kolla.common.utils.tempest:Get:59 http://ubuntu-cloud.archive.canonical.com/ubuntu bionic-updates/ussuri/main s390x python3-mock all 3.0.5-1~cloud0 [26.4 kB]
INFO:kolla.common.utils.tempest:Get:60 http://ports.ubuntu.com bionic/universe s390x python3-singledispatch all 3.4.0.3-2 [7,022 B]
INFO:kolla.common.utils.tempest:Get:61 http://ubuntu-cloud.archive.canonical.com/ubuntu bionic-updates/ussuri/main s390x python3-openvswitch all 2.12.0-0ubuntu1~cloud0 [107 kB]
INFO:kolla.common.utils.tempest:Get:62 http://ports.ubuntu.com bionic/main s390x python3-waitress all 1.0.1-1 [53.4 kB]
INFO:kolla.common.utils.tempest:Get:63 http://ubuntu-cloud.archive.canonical.com/ubuntu bionic-updates/ussuri/main s390x python3-os-ken all 0.4.1-0ubuntu1~cloud0 [771 kB]
INFO:kolla.common.utils.tempest:Get:64 http://ports.ubuntu.com bionic/main s390x python3-webtest all 2.0.28-1ubuntu1 [27.9 kB]
INFO:kolla.common.utils.tempest:Get:65 http://ports.ubuntu.com bionic/main s390x python3-setproctitle s390x 1.1.10-1build2 [14.6 kB]
INFO:kolla.common.utils.tempest:Get:66 http://ports.ubuntu.com bionic/main s390x python3-voluptuous all 0.9.3-1 [24.2 kB]
INFO:kolla.common.utils.tempest:Get:67 http://ports.ubuntu.com bionic/universe s390x python3-os-testr all 1.0.0-0ubuntu2 [28.0 kB]
INFO:kolla.common.utils.tempest:Get:68 http://ports.ubuntu.com bionic/main s390x python3-testrepository all 0.0.20-3 [58.0 kB]
INFO:kolla.common.utils.tempest:Get:69 http://ports.ubuntu.com bionic/universe s390x testrepository all 0.0.20-3 [12.1 kB]
INFO:kolla.common.utils.tempest:Get:70 http://ports.ubuntu.com bionic/main s390x python3-pyasn1 all 0.4.2-3 [46.8 kB]
INFO:kolla.common.utils.tempest:Get:71 http://ports.ubuntu.com bionic-updates/main s390x python3-paramiko all 2.0.0-1ubuntu1.2 [110 kB]
INFO:kolla.common.utils.tempest:Get:72 http://ubuntu-cloud.archive.canonical.com/ubuntu bionic-updates/ussuri/main s390x python3-os-traits all 0.16.0-0ubuntu1~cloud0 [13.8 kB]
INFO:kolla.common.utils.tempest:Get:73 http://ubuntu-cloud.archive.canonical.com/ubuntu bionic-updates/ussuri/main s390x python3-testscenarios all 0.5.0-2~cloud0 [13.5 kB]
INFO:kolla.common.utils.tempest:Get:74 http://ubuntu-cloud.archive.canonical.com/ubuntu bionic-updates/ussuri/main s390x python3-oslo.db all 5.0.2-0ubuntu1~cloud0 [115 kB]
INFO:kolla.common.utils.tempest:Get:75 http://ubuntu-cloud.archive.canonical.com/ubuntu bionic-updates/ussuri/main s390x python3-oslo.middleware all 3.38.1-0ubuntu1~cloud0 [33.1 kB]
INFO:kolla.common.utils.tempest:Get:76 http://ubuntu-cloud.archive.canonical.com/ubuntu bionic-updates/ussuri/main s390x python3-oslo.service all 1.40.2-0ubuntu1~cloud0 [50.6 kB]
INFO:kolla.common.utils.tempest:Get:77 http://ubuntu-cloud.archive.canonical.com/ubuntu bionic-updates/ussuri/main s390x python3-tenacity all 5.1.1-0ubuntu2~cloud0 [34.9 kB]
INFO:kolla.common.utils.tempest:Get:78 http://ubuntu-cloud.archive.canonical.com/ubuntu bionic-updates/ussuri/main s390x python3-oslo.messaging all 9.7.1-0ubuntu3~cloud0 [149 kB]
INFO:kolla.common.utils.tempest:Get:79 http://ubuntu-cloud.archive.canonical.com/ubuntu bionic-updates/ussuri/main s390x python3-oslo.policy all 2.3.2-0ubuntu1~cloud0 [50.3 kB]
INFO:kolla.common.utils.tempest:Get:80 http://ubuntu-cloud.archive.canonical.com/ubuntu bionic-updates/ussuri/main s390x python3-oslo.versionedobjects all 1.36.1-0ubuntu1~cloud0 [59.1 kB]
INFO:kolla.common.utils.tempest:Get:81 http://ubuntu-cloud.archive.canonical.com/ubuntu bionic-updates/ussuri/main s390x python3-pecan all 1.3.3-0ubuntu2~cloud0 [104 kB]
INFO:kolla.common.utils.tempest:Get:82 http://ubuntu-cloud.archive.canonical.com/ubuntu bionic-updates/ussuri/main s390x python3-neutron-lib all 1.29.1-0ubuntu1~cloud0 [188 kB]
INFO:kolla.common.utils.tempest:Get:83 http://ubuntu-cloud.archive.canonical.com/ubuntu bionic-updates/ussuri/main s390x python3-subunit all 1.3.0-1~cloud0 [64.4 kB]
INFO:kolla.common.utils.tempest:Get:84 http://ubuntu-cloud.archive.canonical.com/ubuntu bionic-updates/ussuri/main s390x subunit all 1.3.0-1~cloud0 [13.4 kB]
INFO:kolla.common.utils.tempest:Get:85 http://ubuntu-cloud.archive.canonical.com/ubuntu bionic-updates/ussuri/main s390x python3-stestr all 2.3.1-2~cloud0 [50.7 kB]
INFO:kolla.common.utils.tempest:Get:86 http://ubuntu-cloud.archive.canonical.com/ubuntu bionic-updates/ussuri/main s390x python3-oslotest all 1:3.8.1-0ubuntu1~cloud0 [20.3 kB]
INFO:kolla.common.utils.tempest:Get:87 http://ubuntu-cloud.archive.canonical.com/ubuntu bionic-updates/ussuri/main s390x python3-tempest all 1:22.0.0-0ubuntu1~cloud0 [548 kB]
INFO:kolla.common.utils.tempest:Get:88 http://ubuntu-cloud.archive.canonical.com/ubuntu bionic-updates/ussuri/main s390x python3-neutron-tempest-plugin all 0.2.0-1~cloud0 [87.0 kB]
INFO:kolla.common.utils.tempest:Get:89 http://ubuntu-cloud.archive.canonical.com/ubuntu bionic-updates/ussuri/main s390x tempest all 1:22.0.0-0ubuntu1~cloud0 [1,082 kB]
INFO:kolla.common.utils.tempest:Fetched 7,982 kB in 1s (7,096 kB/s)
INFO:kolla.common.utils.tempest:Selecting previously unselected package libcap2:s390x.
INFO:kolla.common.utils.tempest:(Reading database ... 
INFO:kolla.common.utils.tempest:(Reading database ... 5%(Reading database ... 10%(Reading database ... 15%(Reading database ... 20%(Reading database ... 25%(Reading database ... 30%(Reading database ... 35%(Reading database ... 40%(Reading database ... 45%(Reading database ... 50%(Reading database ... 55%(Reading database ... 60%
INFO:kolla.common.utils.tempest:(Reading database ... 65%
INFO:kolla.common.utils.tempest:(Reading database ... 70%
INFO:kolla.common.utils.tempest:(Reading database ... 75%
INFO:kolla.common.utils.tempest:(Reading database ... 80%
INFO:kolla.common.utils.tempest:(Reading database ... 85%
INFO:kolla.common.utils.tempest:(Reading database ... 90%
INFO:kolla.common.utils.tempest:(Reading database ... 95%
INFO:kolla.common.utils.tempest:(Reading database ... 100%(Reading database ... 22243 files and directories currently installed.)
INFO:kolla.common.utils.tempest:Preparing to unpack .../00-libcap2_1%3a2.25-1.2_s390x.deb ...
INFO:kolla.common.utils.tempest:Unpacking libcap2:s390x (1:2.25-1.2) ...
INFO:kolla.common.utils.tempest:Selecting previously unselected package libidn11:s390x.
INFO:kolla.common.utils.tempest:Preparing to unpack .../01-libidn11_1.33-2.1ubuntu1.2_s390x.deb ...
INFO:kolla.common.utils.tempest:Unpacking libidn11:s390x (1.33-2.1ubuntu1.2) ...
INFO:kolla.common.utils.tempest:Selecting previously unselected package iputils-ping.
INFO:kolla.common.utils.tempest:Preparing to unpack .../02-iputils-ping_3%3a20161105-1ubuntu3_s390x.deb ...
INFO:kolla.common.utils.tempest:Unpacking iputils-ping (3:20161105-1ubuntu3) ...
INFO:kolla.common.utils.tempest:Selecting previously unselected package python3-sqlalchemy.
INFO:kolla.common.utils.tempest:Preparing to unpack .../03-python3-sqlalchemy_1.2.18+ds1-2ubuntu2~cloud0_all.deb ...
INFO:kolla.common.utils.tempest:Unpacking python3-sqlalchemy (1.2.18+ds1-2ubuntu2~cloud0) ...
INFO:kolla.common.utils.tempest:Selecting previously unselected package python3-alembic.
INFO:kolla.common.utils.tempest:Preparing to unpack .../04-python3-alembic_1.0.0-2ubuntu2~cloud0_all.deb ...
INFO:kolla.common.utils.tempest:Unpacking python3-alembic (1.0.0-2ubuntu2~cloud0) ...
INFO:kolla.common.utils.tempest:Selecting previously unselected package libjs-jquery.
INFO:kolla.common.utils.tempest:Preparing to unpack .../05-libjs-jquery_3.2.1-1_all.deb ...
INFO:kolla.common.utils.tempest:Unpacking libjs-jquery (3.2.1-1) ...
INFO:kolla.common.utils.tempest:Selecting previously unselected package libjs-underscore.
INFO:kolla.common.utils.tempest:Preparing to unpack .../06-libjs-underscore_1.8.3~dfsg-1_all.deb ...
INFO:kolla.common.utils.tempest:Unpacking libjs-underscore (1.8.3~dfsg-1) ...
INFO:kolla.common.utils.tempest:Selecting previously unselected package libjs-sphinxdoc.
INFO:kolla.common.utils.tempest:Preparing to unpack .../07-libjs-sphinxdoc_1.8.5-3~cloud0_all.deb ...
INFO:kolla.common.utils.tempest:Unpacking libjs-sphinxdoc (1.8.5-3~cloud0) ...
INFO:kolla.common.utils.tempest:Selecting previously unselected package alembic.
INFO:kolla.common.utils.tempest:Preparing to unpack .../08-alembic_1.0.0-2ubuntu2~cloud0_all.deb ...
INFO:kolla.common.utils.tempest:Unpacking alembic (1.0.0-2ubuntu2~cloud0) ...
INFO:kolla.common.utils.tempest:Selecting previously unselected package libsubunit-perl.
INFO:kolla.common.utils.tempest:Preparing to unpack .../09-libsubunit-perl_1.3.0-1~cloud0_all.deb ...
INFO:kolla.common.utils.tempest:Unpacking libsubunit-perl (1.3.0-1~cloud0) ...
INFO:kolla.common.utils.tempest:Selecting previously unselected package python-extras.
INFO:kolla.common.utils.tempest:Preparing to unpack .../10-python-extras_1.0.0-3_all.deb ...
INFO:kolla.common.utils.tempest:Unpacking python-extras (1.0.0-3) ...
INFO:kolla.common.utils.tempest:Selecting previously unselected package python-linecache2.
INFO:kolla.common.utils.tempest:Preparing to unpack .../11-python-linecache2_1.0.0-3_all.deb ...
INFO:kolla.common.utils.tempest:Unpacking python-linecache2 (1.0.0-3) ...
INFO:kolla.common.utils.tempest:Selecting previously unselected package python-mimeparse.
INFO:kolla.common.utils.tempest:Preparing to unpack .../12-python-mimeparse_1.6.0-2~cloud0_all.deb ...
INFO:kolla.common.utils.tempest:Unpacking python-mimeparse (1.6.0-2~cloud0) ...
INFO:kolla.common.utils.tempest:Selecting previously unselected package python-traceback2.
INFO:kolla.common.utils.tempest:Preparing to unpack .../13-python-traceback2_1.4.0-5_all.deb ...
INFO:kolla.common.utils.tempest:Unpacking python-traceback2 (1.4.0-5) ...
INFO:kolla.common.utils.tempest:Selecting previously unselected package python-unittest2.
INFO:kolla.common.utils.tempest:Preparing to unpack .../14-python-unittest2_1.1.0-6.1_all.deb ...
INFO:kolla.common.utils.tempest:Unpacking python-unittest2 (1.1.0-6.1) ...
INFO:kolla.common.utils.tempest:Selecting previously unselected package python-testtools.
INFO:kolla.common.utils.tempest:Preparing to unpack .../15-python-testtools_2.3.0-3ubuntu2_all.deb ...
INFO:kolla.common.utils.tempest:Unpacking python-testtools (2.3.0-3ubuntu2) ...
INFO:kolla.common.utils.tempest:Selecting previously unselected package python-fixtures.
INFO:kolla.common.utils.tempest:Preparing to unpack .../16-python-fixtures_3.0.0-2_all.deb ...
INFO:kolla.common.utils.tempest:Unpacking python-fixtures (3.0.0-2) ...
INFO:kolla.common.utils.tempest:Selecting previously unselected package python-pastedeploy-tpl.
INFO:kolla.common.utils.tempest:Preparing to unpack .../17-python-pastedeploy-tpl_1.5.2-4_all.deb ...
INFO:kolla.common.utils.tempest:Unpacking python-pastedeploy-tpl (1.5.2-4) ...
INFO:kolla.common.utils.tempest:Selecting previously unselected package python-subunit.
INFO:kolla.common.utils.tempest:Preparing to unpack .../18-python-subunit_1.3.0-1~cloud0_all.deb ...
INFO:kolla.common.utils.tempest:Unpacking python-subunit (1.3.0-1~cloud0) ...
INFO:kolla.common.utils.tempest:Selecting previously unselected package python-testrepository.
INFO:kolla.common.utils.tempest:Preparing to unpack .../19-python-testrepository_0.0.20-3_all.deb ...
INFO:kolla.common.utils.tempest:Unpacking python-testrepository (0.0.20-3) ...
INFO:kolla.common.utils.tempest:Selecting previously unselected package python3-vine.
INFO:kolla.common.utils.tempest:Preparing to unpack .../20-python3-vine_1.1.4+dfsg-2_all.deb ...
INFO:kolla.common.utils.tempest:Unpacking python3-vine (1.1.4+dfsg-2) ...
INFO:kolla.common.utils.tempest:Selecting previously unselected package python3-amqp.
INFO:kolla.common.utils.tempest:Preparing to unpack .../21-python3-amqp_2.5.0-2~cloud0_all.deb ...
INFO:kolla.common.utils.tempest:Unpacking python3-amqp (2.5.0-2~cloud0) ...
INFO:kolla.common.utils.tempest:Selecting previously unselected package python3-anyjson.
INFO:kolla.common.utils.tempest:Preparing to unpack .../22-python3-anyjson_0.3.3-1build1_all.deb ...
INFO:kolla.common.utils.tempest:Unpacking python3-anyjson (0.3.3-1build1) ...
INFO:kolla.common.utils.tempest:Selecting previously unselected package python3-atomicwrites.
INFO:kolla.common.utils.tempest:Preparing to unpack .../23-python3-atomicwrites_1.1.5-2~cloud0_all.deb ...
INFO:kolla.common.utils.tempest:Unpacking python3-atomicwrites (1.1.5-2~cloud0) ...
INFO:kolla.common.utils.tempest:Selecting previously unselected package python3-attr.
INFO:kolla.common.utils.tempest:Preparing to unpack .../24-python3-attr_17.4.0-2_all.deb ...
INFO:kolla.common.utils.tempest:Unpacking python3-attr (17.4.0-2) ...
INFO:kolla.common.utils.tempest:Selecting previously unselected package python3-bs4.
INFO:kolla.common.utils.tempest:Preparing to unpack .../25-python3-bs4_4.6.0-1_all.deb ...
INFO:kolla.common.utils.tempest:Unpacking python3-bs4 (4.6.0-1) ...
INFO:kolla.common.utils.tempest:Selecting previously unselected package python3-cachetools.
INFO:kolla.common.utils.tempest:Preparing to unpack .../26-python3-cachetools_3.1.0-2~cloud0_all.deb ...
INFO:kolla.common.utils.tempest:Unpacking python3-cachetools (3.1.0-2~cloud0) ...
INFO:kolla.common.utils.tempest:Selecting previously unselected package python3-colorama.
INFO:kolla.common.utils.tempest:Preparing to unpack .../27-python3-colorama_0.3.7-1_all.deb ...
INFO:kolla.common.utils.tempest:Unpacking python3-colorama (0.3.7-1) ...
INFO:kolla.common.utils.tempest:Selecting previously unselected package python3-ddt.
INFO:kolla.common.utils.tempest:Preparing to unpack .../28-python3-ddt_1.2.1-2ubuntu1~cloud0_all.deb ...
INFO:kolla.common.utils.tempest:Unpacking python3-ddt (1.2.1-2ubuntu1~cloud0) ...
INFO:kolla.common.utils.tempest:Selecting previously unselected package python3-future.
INFO:kolla.common.utils.tempest:Preparing to unpack .../29-python3-future_0.15.2-4ubuntu2_all.deb ...
INFO:kolla.common.utils.tempest:Unpacking python3-future (0.15.2-4ubuntu2) ...
INFO:kolla.common.utils.tempest:Selecting previously unselected package python3-httplib2.
INFO:kolla.common.utils.tempest:Preparing to unpack .../30-python3-httplib2_0.9.2+dfsg-1ubuntu0.1_all.deb ...
INFO:kolla.common.utils.tempest:Unpacking python3-httplib2 (0.9.2+dfsg-1ubuntu0.1) ...
INFO:kolla.common.utils.tempest:Selecting previously unselected package python3-jsonpath-rw.
INFO:kolla.common.utils.tempest:Preparing to unpack .../31-python3-jsonpath-rw_1.4.0-3_all.deb ...
INFO:kolla.common.utils.tempest:Unpacking python3-jsonpath-rw (1.4.0-3) ...
INFO:kolla.common.utils.tempest:Selecting previously unselected package python3-jsonpath-rw-ext.
INFO:kolla.common.utils.tempest:Preparing to unpack .../32-python3-jsonpath-rw-ext_1.1.3-1_all.deb ...
INFO:kolla.common.utils.tempest:Unpacking python3-jsonpath-rw-ext (1.1.3-1) ...
INFO:kolla.common.utils.tempest:Selecting previously unselected package python3-wsgi-intercept.
INFO:kolla.common.utils.tempest:Preparing to unpack .../33-python3-wsgi-intercept_1.8.0-0ubuntu1~cloud0_all.deb ...
INFO:kolla.common.utils.tempest:Unpacking python3-wsgi-intercept (1.8.0-0ubuntu1~cloud0) ...
INFO:kolla.common.utils.tempest:Selecting previously unselected package python3-more-itertools.
INFO:kolla.common.utils.tempest:Preparing to unpack .../34-python3-more-itertools_4.2.0-1~cloud0_all.deb ...
INFO:kolla.common.utils.tempest:Unpacking python3-more-itertools (4.2.0-1~cloud0) ...
INFO:kolla.common.utils.tempest:Selecting previously unselected package python3-zipp.
INFO:kolla.common.utils.tempest:Preparing to unpack .../35-python3-zipp_0.5.2-2~cloud0_all.deb ...
INFO:kolla.common.utils.tempest:Unpacking python3-zipp (0.5.2-2~cloud0) ...
INFO:kolla.common.utils.tempest:Selecting previously unselected package python3-importlib-metadata.
INFO:kolla.common.utils.tempest:Preparing to unpack .../36-python3-importlib-metadata_0.19-1~cloud0_all.deb ...
INFO:kolla.common.utils.tempest:Unpacking python3-importlib-metadata (0.19-1~cloud0) ...
INFO:kolla.common.utils.tempest:Selecting previously unselected package python3-pluggy.
INFO:kolla.common.utils.tempest:Preparing to unpack .../37-python3-pluggy_0.12.0-1~cloud0_all.deb ...
INFO:kolla.common.utils.tempest:Unpacking python3-pluggy (0.12.0-1~cloud0) ...
INFO:kolla.common.utils.tempest:Selecting previously unselected package python3-py.
INFO:kolla.common.utils.tempest:Preparing to unpack .../38-python3-py_1.5.2-1_all.deb ...
INFO:kolla.common.utils.tempest:Unpacking python3-py (1.5.2-1) ...
INFO:kolla.common.utils.tempest:Selecting previously unselected package python3-packaging.
INFO:kolla.common.utils.tempest:Preparing to unpack .../39-python3-packaging_17.1-1_all.deb ...
INFO:kolla.common.utils.tempest:Unpacking python3-packaging (17.1-1) ...
INFO:kolla.common.utils.tempest:Selecting previously unselected package python3-wcwidth.
INFO:kolla.common.utils.tempest:Preparing to unpack .../40-python3-wcwidth_0.1.7+dfsg1-6~cloud0_all.deb ...
INFO:kolla.common.utils.tempest:Unpacking python3-wcwidth (0.1.7+dfsg1-6~cloud0) ...
INFO:kolla.common.utils.tempest:Selecting previously unselected package python3-pytest.
INFO:kolla.common.utils.tempest:Preparing to unpack .../41-python3-pytest_4.6.5-2~cloud0_all.deb ...
INFO:kolla.common.utils.tempest:Unpacking python3-pytest (4.6.5-2~cloud0) ...
INFO:kolla.common.utils.tempest:Selecting previously unselected package python3-gabbi.
INFO:kolla.common.utils.tempest:Preparing to unpack .../42-python3-gabbi_1.40.0-0ubuntu1_all.deb ...
INFO:kolla.common.utils.tempest:Unpacking python3-gabbi (1.40.0-0ubuntu1) ...
INFO:kolla.common.utils.tempest:Selecting previously unselected package python3-jinja2.
INFO:kolla.common.utils.tempest:Preparing to unpack .../43-python3-jinja2_2.10-1ubuntu0.18.04.1_all.deb ...
INFO:kolla.common.utils.tempest:Unpacking python3-jinja2 (2.10-1ubuntu0.18.04.1) ...
INFO:kolla.common.utils.tempest:Selecting previously unselected package python3-kombu.
INFO:kolla.common.utils.tempest:Preparing to unpack .../44-python3-kombu_4.1.0-1_all.deb ...
INFO:kolla.common.utils.tempest:Unpacking python3-kombu (4.1.0-1) ...
INFO:kolla.common.utils.tempest:Selecting previously unselected package python3-logutils.
INFO:kolla.common.utils.tempest:Preparing to unpack .../45-python3-logutils_0.3.3-5_all.deb ...
INFO:kolla.common.utils.tempest:Unpacking python3-logutils (0.3.3-5) ...
INFO:kolla.common.utils.tempest:Selecting previously unselected package python3-sqlparse.
INFO:kolla.common.utils.tempest:Preparing to unpack .../46-python3-sqlparse_0.2.4-0.1_all.deb ...
INFO:kolla.common.utils.tempest:Unpacking python3-sqlparse (0.2.4-0.1) ...
INFO:kolla.common.utils.tempest:Selecting previously unselected package python3-tempita.
INFO:kolla.common.utils.tempest:Preparing to unpack .../47-python3-tempita_0.5.2-2_all.deb ...
INFO:kolla.common.utils.tempest:Unpacking python3-tempita (0.5.2-2) ...
INFO:kolla.common.utils.tempest:Selecting previously unselected package python3-migrate.
INFO:kolla.common.utils.tempest:Preparing to unpack .../48-python3-migrate_0.12.0-3~cloud0_all.deb ...
INFO:kolla.common.utils.tempest:Unpacking python3-migrate (0.12.0-3~cloud0) ...
INFO:kolla.common.utils.tempest:Selecting previously unselected package python3-mock.
INFO:kolla.common.utils.tempest:Preparing to unpack .../49-python3-mock_3.0.5-1~cloud0_all.deb ...
INFO:kolla.common.utils.tempest:Unpacking python3-mock (3.0.5-1~cloud0) ...
INFO:kolla.common.utils.tempest:Selecting previously unselected package python3-mox3.
INFO:kolla.common.utils.tempest:Preparing to unpack .../50-python3-mox3_0.24.0-0ubuntu1_all.deb ...
INFO:kolla.common.utils.tempest:Unpacking python3-mox3 (0.24.0-0ubuntu1) ...
INFO:kolla.common.utils.tempest:Selecting previously unselected package python3-sortedcontainers.
INFO:kolla.common.utils.tempest:Preparing to unpack .../51-python3-sortedcontainers_1.5.7-1_all.deb ...
INFO:kolla.common.utils.tempest:Unpacking python3-sortedcontainers (1.5.7-1) ...
INFO:kolla.common.utils.tempest:Selecting previously unselected package python3-openvswitch.
INFO:kolla.common.utils.tempest:Preparing to unpack .../52-python3-openvswitch_2.12.0-0ubuntu1~cloud0_all.deb ...
INFO:kolla.common.utils.tempest:Unpacking python3-openvswitch (2.12.0-0ubuntu1~cloud0) ...
INFO:kolla.common.utils.tempest:Selecting previously unselected package python3-repoze.lru.
INFO:kolla.common.utils.tempest:Preparing to unpack .../53-python3-repoze.lru_0.7-1_all.deb ...
INFO:kolla.common.utils.tempest:Unpacking python3-repoze.lru (0.7-1) ...
INFO:kolla.common.utils.tempest:Selecting previously unselected package python3-routes.
INFO:kolla.common.utils.tempest:Preparing to unpack .../54-python3-routes_2.4.1-1_all.deb ...
INFO:kolla.common.utils.tempest:Unpacking python3-routes (2.4.1-1) ...
INFO:kolla.common.utils.tempest:Selecting previously unselected package python3-tinyrpc.
INFO:kolla.common.utils.tempest:Preparing to unpack .../55-python3-tinyrpc_0.6-1_all.deb ...
INFO:kolla.common.utils.tempest:Unpacking python3-tinyrpc (0.6-1) ...
INFO:kolla.common.utils.tempest:Selecting previously unselected package python3-os-ken.
INFO:kolla.common.utils.tempest:Preparing to unpack .../56-python3-os-ken_0.4.1-0ubuntu1~cloud0_all.deb ...
INFO:kolla.common.utils.tempest:Unpacking python3-os-ken (0.4.1-0ubuntu1~cloud0) ...
INFO:kolla.common.utils.tempest:Selecting previously unselected package python3-os-traits.
INFO:kolla.common.utils.tempest:Preparing to unpack .../57-python3-os-traits_0.16.0-0ubuntu1~cloud0_all.deb ...
INFO:kolla.common.utils.tempest:Unpacking python3-os-traits (0.16.0-0ubuntu1~cloud0) ...
INFO:kolla.common.utils.tempest:Selecting previously unselected package python3-testresources.
INFO:kolla.common.utils.tempest:Preparing to unpack .../58-python3-testresources_2.0.0-2_all.deb ...
INFO:kolla.common.utils.tempest:Unpacking python3-testresources (2.0.0-2) ...
INFO:kolla.common.utils.tempest:Selecting previously unselected package python3-testscenarios.
INFO:kolla.common.utils.tempest:Preparing to unpack .../59-python3-testscenarios_0.5.0-2~cloud0_all.deb ...
INFO:kolla.common.utils.tempest:Unpacking python3-testscenarios (0.5.0-2~cloud0) ...
INFO:kolla.common.utils.tempest:Selecting previously unselected package python3-oslo.db.
INFO:kolla.common.utils.tempest:Preparing to unpack .../60-python3-oslo.db_5.0.2-0ubuntu1~cloud0_all.deb ...
INFO:kolla.common.utils.tempest:Unpacking python3-oslo.db (5.0.2-0ubuntu1~cloud0) ...
INFO:kolla.common.utils.tempest:Selecting previously unselected package python3-oslo.middleware.
INFO:kolla.common.utils.tempest:Preparing to unpack .../61-python3-oslo.middleware_3.38.1-0ubuntu1~cloud0_all.deb ...
INFO:kolla.common.utils.tempest:Unpacking python3-oslo.middleware (3.38.1-0ubuntu1~cloud0) ...
INFO:kolla.common.utils.tempest:Selecting previously unselected package python3-paste.
INFO:kolla.common.utils.tempest:Preparing to unpack .../62-python3-paste_2.0.3+dfsg-4ubuntu1_all.deb ...
INFO:kolla.common.utils.tempest:Unpacking python3-paste (2.0.3+dfsg-4ubuntu1) ...
INFO:kolla.common.utils.tempest:Selecting previously unselected package python3-pastedeploy.
INFO:kolla.common.utils.tempest:Preparing to unpack .../63-python3-pastedeploy_1.5.2-4_all.deb ...
INFO:kolla.common.utils.tempest:Unpacking python3-pastedeploy (1.5.2-4) ...
INFO:kolla.common.utils.tempest:Selecting previously unselected package python3-oslo.service.
INFO:kolla.common.utils.tempest:Preparing to unpack .../64-python3-oslo.service_1.40.2-0ubuntu1~cloud0_all.deb ...
INFO:kolla.common.utils.tempest:Unpacking python3-oslo.service (1.40.2-0ubuntu1~cloud0) ...
INFO:kolla.common.utils.tempest:Selecting previously unselected package python3-tenacity.
INFO:kolla.common.utils.tempest:Preparing to unpack .../65-python3-tenacity_5.1.1-0ubuntu2~cloud0_all.deb ...
INFO:kolla.common.utils.tempest:Unpacking python3-tenacity (5.1.1-0ubuntu2~cloud0) ...
INFO:kolla.common.utils.tempest:Selecting previously unselected package python3-oslo.messaging.
INFO:kolla.common.utils.tempest:Preparing to unpack .../66-python3-oslo.messaging_9.7.1-0ubuntu3~cloud0_all.deb ...
INFO:kolla.common.utils.tempest:Unpacking python3-oslo.messaging (9.7.1-0ubuntu3~cloud0) ...
INFO:kolla.common.utils.tempest:Selecting previously unselected package python3-oslo.policy.
INFO:kolla.common.utils.tempest:Preparing to unpack .../67-python3-oslo.policy_2.3.2-0ubuntu1~cloud0_all.deb ...
INFO:kolla.common.utils.tempest:Unpacking python3-oslo.policy (2.3.2-0ubuntu1~cloud0) ...
INFO:kolla.common.utils.tempest:Selecting previously unselected package python3-oslo.versionedobjects.
INFO:kolla.common.utils.tempest:Preparing to unpack .../68-python3-oslo.versionedobjects_1.36.1-0ubuntu1~cloud0_all.deb ...
INFO:kolla.common.utils.tempest:Unpacking python3-oslo.versionedobjects (1.36.1-0ubuntu1~cloud0) ...
INFO:kolla.common.utils.tempest:Selecting previously unselected package python3-simplegeneric.
INFO:kolla.common.utils.tempest:Preparing to unpack .../69-python3-simplegeneric_0.8.1-1_all.deb ...
INFO:kolla.common.utils.tempest:Unpacking python3-simplegeneric (0.8.1-1) ...
INFO:kolla.common.utils.tempest:Selecting previously unselected package python3-singledispatch.
INFO:kolla.common.utils.tempest:Preparing to unpack .../70-python3-singledispatch_3.4.0.3-2_all.deb ...
INFO:kolla.common.utils.tempest:Unpacking python3-singledispatch (3.4.0.3-2) ...
INFO:kolla.common.utils.tempest:Selecting previously unselected package python3-waitress.
INFO:kolla.common.utils.tempest:Preparing to unpack .../71-python3-waitress_1.0.1-1_all.deb ...
INFO:kolla.common.utils.tempest:Unpacking python3-waitress (1.0.1-1) ...
INFO:kolla.common.utils.tempest:Selecting previously unselected package python3-webtest.
INFO:kolla.common.utils.tempest:Preparing to unpack .../72-python3-webtest_2.0.28-1ubuntu1_all.deb ...
INFO:kolla.common.utils.tempest:Unpacking python3-webtest (2.0.28-1ubuntu1) ...
INFO:kolla.common.utils.tempest:Selecting previously unselected package python3-pecan.
INFO:kolla.common.utils.tempest:Preparing to unpack .../73-python3-pecan_1.3.3-0ubuntu2~cloud0_all.deb ...
INFO:kolla.common.utils.tempest:Unpacking python3-pecan (1.3.3-0ubuntu2~cloud0) ...
INFO:kolla.common.utils.tempest:Selecting previously unselected package python3-setproctitle:s390x.
INFO:kolla.common.utils.tempest:Preparing to unpack .../74-python3-setproctitle_1.1.10-1build2_s390x.deb ...
INFO:kolla.common.utils.tempest:Unpacking python3-setproctitle:s390x (1.1.10-1build2) ...
INFO:kolla.common.utils.tempest:Selecting previously unselected package python3-neutron-lib.
INFO:kolla.common.utils.tempest:Preparing to unpack .../75-python3-neutron-lib_1.29.1-0ubuntu1~cloud0_all.deb ...
INFO:kolla.common.utils.tempest:Unpacking python3-neutron-lib (1.29.1-0ubuntu1~cloud0) ...
INFO:kolla.common.utils.tempest:Selecting previously unselected package python3-voluptuous.
INFO:kolla.common.utils.tempest:Preparing to unpack .../76-python3-voluptuous_0.9.3-1_all.deb ...
INFO:kolla.common.utils.tempest:Unpacking python3-voluptuous (0.9.3-1) ...
INFO:kolla.common.utils.tempest:Selecting previously unselected package python3-subunit.
INFO:kolla.common.utils.tempest:Preparing to unpack .../77-python3-subunit_1.3.0-1~cloud0_all.deb ...
INFO:kolla.common.utils.tempest:Unpacking python3-subunit (1.3.0-1~cloud0) ...
INFO:kolla.common.utils.tempest:Selecting previously unselected package subunit.
INFO:kolla.common.utils.tempest:Preparing to unpack .../78-subunit_1.3.0-1~cloud0_all.deb ...
INFO:kolla.common.utils.tempest:Unpacking subunit (1.3.0-1~cloud0) ...
INFO:kolla.common.utils.tempest:Selecting previously unselected package python3-stestr.
INFO:kolla.common.utils.tempest:Preparing to unpack .../79-python3-stestr_2.3.1-2~cloud0_all.deb ...
INFO:kolla.common.utils.tempest:Unpacking python3-stestr (2.3.1-2~cloud0) ...
INFO:kolla.common.utils.tempest:Selecting previously unselected package python3-os-testr.
INFO:kolla.common.utils.tempest:Preparing to unpack .../80-python3-os-testr_1.0.0-0ubuntu2_all.deb ...
INFO:kolla.common.utils.tempest:Unpacking python3-os-testr (1.0.0-0ubuntu2) ...
INFO:kolla.common.utils.tempest:Selecting previously unselected package python3-testrepository.
INFO:kolla.common.utils.tempest:Preparing to unpack .../81-python3-testrepository_0.0.20-3_all.deb ...
INFO:kolla.common.utils.tempest:Unpacking python3-testrepository (0.0.20-3) ...
INFO:kolla.common.utils.tempest:Selecting previously unselected package testrepository.
INFO:kolla.common.utils.tempest:Preparing to unpack .../82-testrepository_0.0.20-3_all.deb ...
INFO:kolla.common.utils.tempest:Unpacking testrepository (0.0.20-3) ...
INFO:kolla.common.utils.tempest:Selecting previously unselected package python3-oslotest.
INFO:kolla.common.utils.tempest:Preparing to unpack .../83-python3-oslotest_1%3a3.8.1-0ubuntu1~cloud0_all.deb ...
INFO:kolla.common.utils.tempest:Unpacking python3-oslotest (1:3.8.1-0ubuntu1~cloud0) ...
INFO:kolla.common.utils.tempest:Selecting previously unselected package python3-pyasn1.
INFO:kolla.common.utils.tempest:Preparing to unpack .../84-python3-pyasn1_0.4.2-3_all.deb ...
INFO:kolla.common.utils.tempest:Unpacking python3-pyasn1 (0.4.2-3) ...
INFO:kolla.common.utils.tempest:Selecting previously unselected package python3-paramiko.
INFO:kolla.common.utils.tempest:Preparing to unpack .../85-python3-paramiko_2.0.0-1ubuntu1.2_all.deb ...
INFO:kolla.common.utils.tempest:Unpacking python3-paramiko (2.0.0-1ubuntu1.2) ...
INFO:kolla.common.utils.tempest:Selecting previously unselected package python3-tempest.
INFO:kolla.common.utils.tempest:Preparing to unpack .../86-python3-tempest_1%3a22.0.0-0ubuntu1~cloud0_all.deb ...
INFO:kolla.common.utils.tempest:Unpacking python3-tempest (1:22.0.0-0ubuntu1~cloud0) ...
INFO:kolla.common.utils.tempest:Selecting previously unselected package python3-neutron-tempest-plugin.
INFO:kolla.common.utils.tempest:Preparing to unpack .../87-python3-neutron-tempest-plugin_0.2.0-1~cloud0_all.deb ...
INFO:kolla.common.utils.tempest:Unpacking python3-neutron-tempest-plugin (0.2.0-1~cloud0) ...
INFO:kolla.common.utils.tempest:Selecting previously unselected package tempest.
INFO:kolla.common.utils.tempest:Preparing to unpack .../88-tempest_1%3a22.0.0-0ubuntu1~cloud0_all.deb ...
INFO:kolla.common.utils.tempest:Unpacking tempest (1:22.0.0-0ubuntu1~cloud0) ...
INFO:kolla.common.utils.tempest:Setting up python3-setproctitle:s390x (1.1.10-1build2) ...
INFO:kolla.common.utils.tempest:Setting up python-linecache2 (1.0.0-3) ...
INFO:kolla.common.utils.tempest:Setting up python3-logutils (0.3.3-5) ...
INFO:kolla.common.utils.tempest:Setting up libjs-jquery (3.2.1-1) ...
INFO:kolla.common.utils.tempest:Setting up python3-sqlalchemy (1.2.18+ds1-2ubuntu2~cloud0) ...
INFO:kolla.common.utils.tempest:Setting up python-extras (1.0.0-3) ...
INFO:kolla.common.utils.tempest:Setting up python3-simplegeneric (0.8.1-1) ...
INFO:kolla.common.utils.tempest:Setting up python3-tinyrpc (0.6-1) ...
INFO:kolla.common.utils.tempest:Setting up libjs-underscore (1.8.3~dfsg-1) ...
INFO:kolla.common.utils.tempest:Setting up python-mimeparse (1.6.0-2~cloud0) ...
INFO:kolla.common.utils.tempest:Setting up python3-mox3 (0.24.0-0ubuntu1) ...
INFO:kolla.common.utils.tempest:Setting up python3-py (1.5.2-1) ...
INFO:kolla.common.utils.tempest:Setting up python3-waitress (1.0.1-1) ...
INFO:kolla.common.utils.tempest:update-alternatives: using /usr/bin/waitress-serve-python3 to provide /usr/bin/waitress-serve (waitress-serve) in auto mode
INFO:kolla.common.utils.tempest:Setting up python3-sqlparse (0.2.4-0.1) ...
INFO:kolla.common.utils.tempest:Setting up python3-mock (3.0.5-1~cloud0) ...
INFO:kolla.common.utils.tempest:Setting up python3-tempita (0.5.2-2) ...
INFO:kolla.common.utils.tempest:Setting up python3-subunit (1.3.0-1~cloud0) ...
INFO:kolla.common.utils.tempest:Setting up python3-jsonpath-rw (1.4.0-3) ...
INFO:kolla.common.utils.tempest:update-alternatives: using /usr/bin/python3-jsonpath to provide /usr/bin/jsonpath (jsonpath) in auto mode
INFO:kolla.common.utils.tempest:Setting up libcap2:s390x (1:2.25-1.2) ...
INFO:kolla.common.utils.tempest:Setting up python3-colorama (0.3.7-1) ...
INFO:kolla.common.utils.tempest:Setting up python3-singledispatch (3.4.0.3-2) ...
INFO:kolla.common.utils.tempest:Setting up python3-alembic (1.0.0-2ubuntu2~cloud0) ...
INFO:kolla.common.utils.tempest:Setting up libjs-sphinxdoc (1.8.5-3~cloud0) ...
INFO:kolla.common.utils.tempest:Setting up python3-zipp (0.5.2-2~cloud0) ...
INFO:kolla.common.utils.tempest:Setting up python3-more-itertools (4.2.0-1~cloud0) ...
INFO:kolla.common.utils.tempest:Setting up python3-tenacity (5.1.1-0ubuntu2~cloud0) ...
INFO:kolla.common.utils.tempest:Setting up python3-testscenarios (0.5.0-2~cloud0) ...
INFO:kolla.common.utils.tempest:Setting up python3-bs4 (4.6.0-1) ...
INFO:kolla.common.utils.tempest:Setting up python3-oslo.policy (2.3.2-0ubuntu1~cloud0) ...
INFO:kolla.common.utils.tempest:Setting up python3-os-traits (0.16.0-0ubuntu1~cloud0) ...
INFO:kolla.common.utils.tempest:Setting up python3-testresources (2.0.0-2) ...
INFO:kolla.common.utils.tempest:Setting up python3-importlib-metadata (0.19-1~cloud0) ...
INFO:kolla.common.utils.tempest:Setting up python3-wcwidth (0.1.7+dfsg1-6~cloud0) ...
INFO:kolla.common.utils.tempest:Setting up python3-jsonpath-rw-ext (1.1.3-1) ...
INFO:kolla.common.utils.tempest:Setting up python3-ddt (1.2.1-2ubuntu1~cloud0) ...
INFO:kolla.common.utils.tempest:Setting up python3-sortedcontainers (1.5.7-1) ...
INFO:kolla.common.utils.tempest:Setting up python3-pyasn1 (0.4.2-3) ...
INFO:kolla.common.utils.tempest:Setting up python3-future (0.15.2-4ubuntu2) ...
INFO:kolla.common.utils.tempest:update-alternatives: using /usr/bin/python3-futurize to provide /usr/bin/futurize (futurize) in auto mode
INFO:kolla.common.utils.tempest:update-alternatives: using /usr/bin/python3-pasteurize to provide /usr/bin/pasteurize (pasteurize) in auto mode
INFO:kolla.common.utils.tempest:Setting up python3-jinja2 (2.10-1ubuntu0.18.04.1) ...
INFO:kolla.common.utils.tempest:Setting up python3-repoze.lru (0.7-1) ...
INFO:kolla.common.utils.tempest:Setting up python3-httplib2 (0.9.2+dfsg-1ubuntu0.1) ...
INFO:kolla.common.utils.tempest:Setting up python3-attr (17.4.0-2) ...
INFO:kolla.common.utils.tempest:Setting up python3-paste (2.0.3+dfsg-4ubuntu1) ...
INFO:kolla.common.utils.tempest:Setting up python3-migrate (0.12.0-3~cloud0) ...
INFO:kolla.common.utils.tempest:Setting up python3-openvswitch (2.12.0-0ubuntu1~cloud0) ...
INFO:kolla.common.utils.tempest:Setting up python3-anyjson (0.3.3-1build1) ...
INFO:kolla.common.utils.tempest:Setting up python-pastedeploy-tpl (1.5.2-4) ...
INFO:kolla.common.utils.tempest:Setting up python-traceback2 (1.4.0-5) ...
INFO:kolla.common.utils.tempest:Setting up python3-packaging (17.1-1) ...
INFO:kolla.common.utils.tempest:Setting up libsubunit-perl (1.3.0-1~cloud0) ...
INFO:kolla.common.utils.tempest:Setting up python3-cachetools (3.1.0-2~cloud0) ...
INFO:kolla.common.utils.tempest:Setting up python3-vine (1.1.4+dfsg-2) ...
INFO:kolla.common.utils.tempest:Setting up python3-voluptuous (0.9.3-1) ...
INFO:kolla.common.utils.tempest:Setting up libidn11:s390x (1.33-2.1ubuntu1.2) ...
INFO:kolla.common.utils.tempest:Setting up alembic (1.0.0-2ubuntu2~cloud0) ...
INFO:kolla.common.utils.tempest:Setting up python3-routes (2.4.1-1) ...
INFO:kolla.common.utils.tempest:Setting up python3-wsgi-intercept (1.8.0-0ubuntu1~cloud0) ...
INFO:kolla.common.utils.tempest:Setting up python3-atomicwrites (1.1.5-2~cloud0) ...
INFO:kolla.common.utils.tempest:Setting up iputils-ping (3:20161105-1ubuntu3) ...
INFO:kolla.common.utils.tempest:Setting up python3-paramiko (2.0.0-1ubuntu1.2) ...
INFO:kolla.common.utils.tempest:Setting up python3-oslo.middleware (3.38.1-0ubuntu1~cloud0) ...
INFO:kolla.common.utils.tempest:Setting up python3-testrepository (0.0.20-3) ...
INFO:kolla.common.utils.tempest:update-alternatives: using /usr/bin/testr-python3 to provide /usr/bin/testr (testr) in auto mode
INFO:kolla.common.utils.tempest:Setting up python3-amqp (2.5.0-2~cloud0) ...
INFO:kolla.common.utils.tempest:Setting up python3-kombu (4.1.0-1) ...
INFO:kolla.common.utils.tempest:Setting up python3-oslo.db (5.0.2-0ubuntu1~cloud0) ...
INFO:kolla.common.utils.tempest:Setting up python3-pluggy (0.12.0-1~cloud0) ...
INFO:kolla.common.utils.tempest:Setting up python-unittest2 (1.1.0-6.1) ...
INFO:kolla.common.utils.tempest:update-alternatives: using /usr/bin/python2-unit2 to provide /usr/bin/unit2 (unit2) in auto mode
INFO:kolla.common.utils.tempest:Setting up python3-os-ken (0.4.1-0ubuntu1~cloud0) ...
INFO:kolla.common.utils.tempest:Setting up python3-pastedeploy (1.5.2-4) ...
INFO:kolla.common.utils.tempest:Setting up python3-webtest (2.0.28-1ubuntu1) ...
INFO:kolla.common.utils.tempest:Setting up python3-pytest (4.6.5-2~cloud0) ...
INFO:kolla.common.utils.tempest:Setting up python3-gabbi (1.40.0-0ubuntu1) ...
INFO:kolla.common.utils.tempest:update-alternatives: 
INFO:kolla.common.utils.tempest:using /usr/bin/python3-gabbi-run to provide /usr/bin/gabbi-run (gabbi-run) in auto mode
INFO:kolla.common.utils.tempest:
INFO:kolla.common.utils.tempest:Setting up python3-pecan (1.3.3-0ubuntu2~cloud0) ...
INFO:kolla.common.utils.tempest:Setting up python3-oslo.service (1.40.2-0ubuntu1~cloud0) ...
INFO:kolla.common.utils.tempest:Setting up python3-oslo.messaging (9.7.1-0ubuntu3~cloud0) ...
INFO:kolla.common.utils.tempest:Setting up python3-oslo.versionedobjects (1.36.1-0ubuntu1~cloud0) ...
INFO:kolla.common.utils.tempest:Setting up python3-neutron-lib (1.29.1-0ubuntu1~cloud0) ...
INFO:kolla.common.utils.tempest:Setting up python-testtools (2.3.0-3ubuntu2) ...
INFO:kolla.common.utils.tempest:Setting up python-subunit (1.3.0-1~cloud0) ...
INFO:kolla.common.utils.tempest:Setting up python3-neutron-tempest-plugin (0.2.0-1~cloud0) ...
INFO:kolla.common.utils.tempest:Setting up python-fixtures (3.0.0-2) ...
INFO:kolla.common.utils.tempest:Setting up subunit (1.3.0-1~cloud0) ...
INFO:kolla.common.utils.tempest:Setting up python-testrepository (0.0.20-3) ...
INFO:kolla.common.utils.tempest:update-alternatives: using /usr/bin/testr-python2 to provide /usr/bin/testr (testr) in auto mode
INFO:kolla.common.utils.tempest:Setting up testrepository (0.0.20-3) ...
INFO:kolla.common.utils.tempest:Setting up python3-stestr (2.3.1-2~cloud0) ...
INFO:kolla.common.utils.tempest:Setting up python3-oslotest (1:3.8.1-0ubuntu1~cloud0) ...
INFO:kolla.common.utils.tempest:Setting up python3-os-testr (1.0.0-0ubuntu2) ...
INFO:kolla.common.utils.tempest:update-alternatives: using /usr/bin/python3-ostestr to provide /usr/bin/ostestr (ostestr) in auto mode
INFO:kolla.common.utils.tempest:update-alternatives: using /usr/bin/python3-subunit-trace to provide /usr/bin/subunit-trace (subunit-trace) in auto mode
INFO:kolla.common.utils.tempest:update-alternatives: using /usr/bin/python3-subunit2html to provide /usr/bin/subunit2html (subunit2html) in auto mode
INFO:kolla.common.utils.tempest:update-alternatives: using /usr/bin/python3-generate-subunit to provide /usr/bin/generate-subunit (generate-subunit) in auto mode
INFO:kolla.common.utils.tempest:Setting up python3-tempest (1:22.0.0-0ubuntu1~cloud0) ...
INFO:kolla.common.utils.tempest:Setting up tempest (1:22.0.0-0ubuntu1~cloud0) ...
INFO:kolla.common.utils.tempest:Processing triggers for libc-bin (2.27-3ubuntu1) ...
INFO:kolla.common.utils.tempest:Removing intermediate container e6e4571bc8a4
INFO:kolla.common.utils.tempest: ---> db5d4f6a9785
INFO:kolla.common.utils.tempest:Step 5/9 : RUN ln -sf /var/lib/tempest /tempest
INFO:kolla.common.utils.tempest: ---> Running in 946de19da7fb
INFO:kolla.common.utils.tempest:Removing intermediate container 946de19da7fb
INFO:kolla.common.utils.tempest: ---> ce2834744bc7
INFO:kolla.common.utils.tempest:Step 6/9 : WORKDIR /tempest
INFO:kolla.common.utils.tempest: ---> Running in 8ccf4e6cdbe2
INFO:kolla.common.utils.tempest:Removing intermediate container 8ccf4e6cdbe2
INFO:kolla.common.utils.tempest: ---> 369bf50e9eec
INFO:kolla.common.utils.tempest:Step 7/9 : COPY extend_start.sh /usr/local/bin/kolla_extend_start
INFO:kolla.common.utils.tempest: ---> f94d34c37047
INFO:kolla.common.utils.tempest:Step 8/9 : RUN chmod 755 /usr/local/bin/kolla_extend_start
INFO:kolla.common.utils.tempest: ---> Running in 7ca07367f7bc
INFO:kolla.common.utils.tempest:Removing intermediate container 7ca07367f7bc
INFO:kolla.common.utils.tempest: ---> 9d2633a66d9b
INFO:kolla.common.utils.tempest:Step 9/9 : USER tempest
INFO:kolla.common.utils.tempest: ---> Running in dad8e44e6b73
INFO:kolla.common.utils.tempest:Removing intermediate container dad8e44e6b73
INFO:kolla.common.utils.tempest: ---> d646ae89f97c
INFO:kolla.common.utils.tempest:Successfully built d646ae89f97c
INFO:kolla.common.utils.tempest:Successfully tagged s390x/ubuntu-binary-tempest:9.1.0
INFO:kolla.common.utils.tempest:Built at 2020-03-02 21:41:49.130058 (took 0:00:56.393856)
