INFO:kolla.common.utils.trove-base:Building started at 2020-03-02 21:41:59.724677
INFO:kolla.common.utils.trove-base:Step 1/6 : FROM s390x/ubuntu-binary-openstack-base:9.1.0
INFO:kolla.common.utils.trove-base: ---> 0b248122f3fe
INFO:kolla.common.utils.trove-base:Step 2/6 : LABEL maintainer="Kolla Project (https://launchpad.net/kolla)" name="trove-base" build-date="20200302"
INFO:kolla.common.utils.trove-base: ---> Running in f0121b083373
INFO:kolla.common.utils.trove-base:Removing intermediate container f0121b083373
INFO:kolla.common.utils.trove-base: ---> b071c434fc7a
INFO:kolla.common.utils.trove-base:Step 3/6 : RUN usermod --append --home /var/lib/trove --groups kolla trove     && mkdir -p /var/lib/trove     && chown -R 42449:42449 /var/lib/trove
INFO:kolla.common.utils.trove-base: ---> Running in 262321bb9d1d
INFO:kolla.common.utils.trove-base:Removing intermediate container 262321bb9d1d
INFO:kolla.common.utils.trove-base: ---> 2a5541bd7c6e
INFO:kolla.common.utils.trove-base:Step 4/6 : RUN apt-get update && apt-get -y install --no-install-recommends trove-common && apt-get clean && rm -rf /var/lib/apt/lists/*
INFO:kolla.common.utils.trove-base: ---> Running in 45d304d57c58
INFO:kolla.common.utils.trove-base:Get:1 http://ports.ubuntu.com bionic InRelease [242 kB]
INFO:kolla.common.utils.trove-base:Ign:2 http://ubuntu-cloud.archive.canonical.com/ubuntu bionic-updates/ussuri InRelease
INFO:kolla.common.utils.trove-base:Get:3 http://ports.ubuntu.com bionic-updates InRelease [88.7 kB]
INFO:kolla.common.utils.trove-base:Get:4 http://ubuntu-cloud.archive.canonical.com/ubuntu bionic-updates/ussuri Release [7,884 B]
INFO:kolla.common.utils.trove-base:Get:5 http://ports.ubuntu.com bionic-security InRelease [88.7 kB]
INFO:kolla.common.utils.trove-base:Get:6 http://ubuntu-cloud.archive.canonical.com/ubuntu bionic-updates/ussuri Release.gpg [543 B]
INFO:kolla.common.utils.trove-base:Get:7 http://ports.ubuntu.com bionic-backports InRelease [74.6 kB]
INFO:kolla.common.utils.trove-base:Get:8 http://ports.ubuntu.com bionic/universe s390x Packages [10.8 MB]
INFO:kolla.common.utils.trove-base:Get:9 http://ubuntu-cloud.archive.canonical.com/ubuntu bionic-updates/ussuri/main s390x Packages [145 kB]
INFO:kolla.common.utils.trove-base:Get:10 http://ports.ubuntu.com bionic/main s390x Packages [1,244 kB]
INFO:kolla.common.utils.trove-base:Get:11 http://ports.ubuntu.com bionic-updates/universe s390x Packages [1,075 kB]
INFO:kolla.common.utils.trove-base:Get:12 http://ports.ubuntu.com bionic-updates/main s390x Packages [730 kB]
INFO:kolla.common.utils.trove-base:Get:13 http://ports.ubuntu.com bionic-security/universe s390x Packages [625 kB]
INFO:kolla.common.utils.trove-base:Get:14 http://ports.ubuntu.com bionic-security/main s390x Packages [467 kB]
INFO:kolla.common.utils.trove-base:Get:15 http://ports.ubuntu.com bionic-backports/main s390x Packages [2,494 B]
INFO:kolla.common.utils.trove-base:Get:16 http://ports.ubuntu.com bionic-backports/universe s390x Packages [4,242 B]
INFO:kolla.common.utils.trove-base:Fetched 15.6 MB in 2s (6,347 kB/s)
INFO:kolla.common.utils.trove-base:Reading package lists...
INFO:kolla.common.utils.trove-base:Reading package lists...
INFO:kolla.common.utils.trove-base:Building dependency tree...
INFO:kolla.common.utils.trove-base:Reading state information...
INFO:kolla.common.utils.trove-base:The following additional packages will be installed:
INFO:kolla.common.utils.trove-base:  alembic dbconfig-common debootstrap jq kpartx libcurl3-gnutls libiscsi7
INFO:kolla.common.utils.trove-base:  libjq1 libjs-jquery libjs-sphinxdoc libjs-underscore libnspr4 libnss3
INFO:kolla.common.utils.trove-base:  libonig4 librados2 librbd1 libxkbcommon0 pycadf-common
INFO:kolla.common.utils.trove-base:  python-pastedeploy-tpl python3-alembic python3-amqp python3-anyjson
INFO:kolla.common.utils.trove-base:  python3-cachetools python3-diskimage-builder python3-entrypoints
INFO:kolla.common.utils.trove-base:  python3-flake8 python3-httplib2 python3-jinja2 python3-keystonemiddleware
INFO:kolla.common.utils.trove-base:  python3-kombu python3-mccabe python3-migrate python3-networkx
INFO:kolla.common.utils.trove-base:  python3-oslo.cache python3-oslo.db python3-oslo.messaging
INFO:kolla.common.utils.trove-base:  python3-oslo.middleware python3-oslo.policy python3-oslo.service
INFO:kolla.common.utils.trove-base:  python3-oslo.upgradecheck python3-passlib python3-paste python3-pastedeploy
INFO:kolla.common.utils.trove-base:  python3-pexpect python3-ptyprocess python3-pycadf python3-pycodestyle
INFO:kolla.common.utils.trove-base:  python3-pyflakes python3-repoze.lru python3-routes python3-sqlalchemy
INFO:kolla.common.utils.trove-base:  python3-sqlparse python3-tempita python3-tenacity python3-testresources
INFO:kolla.common.utils.trove-base:  python3-testscenarios python3-trove python3-vine python3-xmltodict
INFO:kolla.common.utils.trove-base:  qemu-block-extra qemu-utils sqlite3 ucf uuid-runtime wget xkb-data
INFO:kolla.common.utils.trove-base:Suggested packages:
INFO:kolla.common.utils.trove-base:  dbconfig-mysql | dbconfig-pgsql | dbconfig-sqlite | dbconfig-sqlite3
INFO:kolla.common.utils.trove-base:  | dbconfig-no-thanks ubuntu-archive-keyring python3-editor python-amqp-doc
INFO:kolla.common.utils.trove-base:  python-jinja2-doc python-kombu-doc python3-boto python3-django
INFO:kolla.common.utils.trove-base:  python3-pymongo python-migrate-doc python3-pydotplus python3-scipy
INFO:kolla.common.utils.trove-base:  python-oslo.cache-doc python3-confluent-kafka python-oslo.middleware-doc
INFO:kolla.common.utils.trove-base:  python-oslo.policy-doc python-oslo.service-doc httpd-wsgi
INFO:kolla.common.utils.trove-base:  libapache2-mod-python libapache2-mod-scgi libjs-mochikit python-pexpect-doc
INFO:kolla.common.utils.trove-base:  python-sqlalchemy-doc python3-fdb python-sqlparse-doc python-tenacity-doc
INFO:kolla.common.utils.trove-base:  sqlite3-doc
INFO:kolla.common.utils.trove-base:Recommended packages:
INFO:kolla.common.utils.trove-base:  javascript-common python3-numpy python3-pastescript pyflakes3
INFO:kolla.common.utils.trove-base:  python3-sqlalchemy-ext sharutils
INFO:kolla.common.utils.trove-base:The following NEW packages will be installed:
INFO:kolla.common.utils.trove-base:  alembic dbconfig-common debootstrap jq kpartx libcurl3-gnutls libiscsi7
INFO:kolla.common.utils.trove-base:  libjq1 libjs-jquery libjs-sphinxdoc libjs-underscore libnspr4 libnss3
INFO:kolla.common.utils.trove-base:  libonig4 librados2 librbd1 libxkbcommon0 pycadf-common
INFO:kolla.common.utils.trove-base:  python-pastedeploy-tpl python3-alembic python3-amqp python3-anyjson
INFO:kolla.common.utils.trove-base:  python3-cachetools python3-diskimage-builder python3-entrypoints
INFO:kolla.common.utils.trove-base:  python3-flake8 python3-httplib2 python3-jinja2 python3-keystonemiddleware
INFO:kolla.common.utils.trove-base:  python3-kombu python3-mccabe python3-migrate python3-networkx
INFO:kolla.common.utils.trove-base:  python3-oslo.cache python3-oslo.db python3-oslo.messaging
INFO:kolla.common.utils.trove-base:  python3-oslo.middleware python3-oslo.policy python3-oslo.service
INFO:kolla.common.utils.trove-base:  python3-oslo.upgradecheck python3-passlib python3-paste python3-pastedeploy
INFO:kolla.common.utils.trove-base:  python3-pexpect python3-ptyprocess python3-pycadf python3-pycodestyle
INFO:kolla.common.utils.trove-base:  python3-pyflakes python3-repoze.lru python3-routes python3-sqlalchemy
INFO:kolla.common.utils.trove-base:  python3-sqlparse python3-tempita python3-tenacity python3-testresources
INFO:kolla.common.utils.trove-base:  python3-testscenarios python3-trove python3-vine python3-xmltodict
INFO:kolla.common.utils.trove-base:  qemu-block-extra qemu-utils sqlite3 trove-common ucf uuid-runtime wget
INFO:kolla.common.utils.trove-base:  xkb-data
INFO:kolla.common.utils.trove-base:0 upgraded, 67 newly installed, 0 to remove and 0 not upgraded.
INFO:kolla.common.utils.trove-base:Need to get 14.0 MB of archives.
INFO:kolla.common.utils.trove-base:After this operation, 71.7 MB of additional disk space will be used.
INFO:kolla.common.utils.trove-base:Get:1 http://ports.ubuntu.com bionic-updates/main s390x uuid-runtime s390x 2.31.1-0.4ubuntu3.5 [33.7 kB]
INFO:kolla.common.utils.trove-base:Get:2 http://ports.ubuntu.com bionic/main s390x ucf all 3.0038 [50.5 kB]
INFO:kolla.common.utils.trove-base:Get:3 http://ports.ubuntu.com bionic-updates/main s390x xkb-data all 2.23.1-1ubuntu1.18.04.1 [325 kB]
INFO:kolla.common.utils.trove-base:Get:4 http://ubuntu-cloud.archive.canonical.com/ubuntu bionic-updates/ussuri/main s390x python3-sqlalchemy all 1.2.18+ds1-2ubuntu2~cloud0 [728 kB]
INFO:kolla.common.utils.trove-base:Get:5 http://ubuntu-cloud.archive.canonical.com/ubuntu bionic-updates/ussuri/main s390x python3-alembic all 1.0.0-2ubuntu2~cloud0 [111 kB]
INFO:kolla.common.utils.trove-base:Get:6 http://ubuntu-cloud.archive.canonical.com/ubuntu bionic-updates/ussuri/main s390x libjs-sphinxdoc all 1.8.5-3~cloud0 [96.6 kB]
INFO:kolla.common.utils.trove-base:Get:7 http://ubuntu-cloud.archive.canonical.com/ubuntu bionic-updates/ussuri/main s390x alembic all 1.0.0-2ubuntu2~cloud0 [369 kB]
INFO:kolla.common.utils.trove-base:Get:8 http://ubuntu-cloud.archive.canonical.com/ubuntu bionic-updates/ussuri/main s390x librados2 s390x 14.2.2-0ubuntu3~cloud0 [2,708 kB]
INFO:kolla.common.utils.trove-base:Get:9 http://ubuntu-cloud.archive.canonical.com/ubuntu bionic-updates/ussuri/main s390x librbd1 s390x 14.2.2-0ubuntu3~cloud0 [1,226 kB]
INFO:kolla.common.utils.trove-base:Get:10 http://ubuntu-cloud.archive.canonical.com/ubuntu bionic-updates/ussuri/main s390x python3-amqp all 2.5.0-2~cloud0 [42.2 kB]
INFO:kolla.common.utils.trove-base:Get:11 http://ubuntu-cloud.archive.canonical.com/ubuntu bionic-updates/ussuri/main s390x python3-cachetools all 3.1.0-2~cloud0 [9,892 B]
INFO:kolla.common.utils.trove-base:Get:12 http://ubuntu-cloud.archive.canonical.com/ubuntu bionic-updates/ussuri/main s390x qemu-block-extra s390x 1:4.0+dfsg-0ubuntu9~cloud0 [114 kB]
INFO:kolla.common.utils.trove-base:Get:13 http://ubuntu-cloud.archive.canonical.com/ubuntu bionic-updates/ussuri/main s390x qemu-utils s390x 1:4.0+dfsg-0ubuntu9~cloud0 [1,131 kB]
INFO:kolla.common.utils.trove-base:Get:14 http://ports.ubuntu.com bionic-updates/main s390x wget s390x 1.19.4-1ubuntu2.2 [306 kB]
INFO:kolla.common.utils.trove-base:Get:15 http://ports.ubuntu.com bionic/main s390x libjs-jquery all 3.2.1-1 [152 kB]
INFO:kolla.common.utils.trove-base:Get:16 http://ports.ubuntu.com bionic/main s390x libjs-underscore all 1.8.3~dfsg-1 [59.9 kB]
INFO:kolla.common.utils.trove-base:Get:17 http://ports.ubuntu.com bionic/main s390x dbconfig-common all 2.0.9 [601 kB]
INFO:kolla.common.utils.trove-base:Get:18 http://ports.ubuntu.com bionic/universe s390x libonig4 s390x 6.7.0-1 [115 kB]
INFO:kolla.common.utils.trove-base:Get:19 http://ports.ubuntu.com bionic/universe s390x libjq1 s390x 1.5+dfsg-2 [114 kB]
INFO:kolla.common.utils.trove-base:Get:20 http://ports.ubuntu.com bionic/universe s390x jq s390x 1.5+dfsg-2 [46.1 kB]
INFO:kolla.common.utils.trove-base:Get:21 http://ports.ubuntu.com bionic-updates/main s390x libcurl3-gnutls s390x 7.58.0-2ubuntu3.8 [195 kB]
INFO:kolla.common.utils.trove-base:Get:22 http://ports.ubuntu.com bionic/main s390x libiscsi7 s390x 1.17.0-1.1 [52.9 kB]
INFO:kolla.common.utils.trove-base:Get:23 http://ports.ubuntu.com bionic/main s390x libnspr4 s390x 2:4.18-1ubuntu1 [107 kB]
INFO:kolla.common.utils.trove-base:Get:24 http://ports.ubuntu.com bionic-updates/main s390x libnss3 s390x 2:3.35-2ubuntu2.7 [1,034 kB]
INFO:kolla.common.utils.trove-base:Get:25 http://ports.ubuntu.com bionic-updates/main s390x libxkbcommon0 s390x 0.8.2-1~ubuntu18.04.1 [92.0 kB]
INFO:kolla.common.utils.trove-base:Get:26 http://ports.ubuntu.com bionic/main s390x pycadf-common all 2.7.0-0ubuntu1 [4,440 B]
INFO:kolla.common.utils.trove-base:Get:27 http://ports.ubuntu.com bionic/main s390x python-pastedeploy-tpl all 1.5.2-4 [4,796 B]
INFO:kolla.common.utils.trove-base:Get:28 http://ports.ubuntu.com bionic/main s390x python3-vine all 1.1.4+dfsg-2 [15.7 kB]
INFO:kolla.common.utils.trove-base:Get:29 http://ports.ubuntu.com bionic/universe s390x python3-anyjson all 0.3.3-1build1 [7,062 B]
INFO:kolla.common.utils.trove-base:Get:30 http://ports.ubuntu.com bionic-updates/main s390x debootstrap all 1.0.95ubuntu0.5 [35.6 kB]
INFO:kolla.common.utils.trove-base:Get:31 http://ports.ubuntu.com bionic/main s390x kpartx s390x 0.7.4-2ubuntu3 [27.2 kB]
INFO:kolla.common.utils.trove-base:Get:32 http://ports.ubuntu.com bionic-updates/universe s390x python3-networkx all 1.11-1ubuntu3 [606 kB]
INFO:kolla.common.utils.trove-base:Get:33 http://ubuntu-cloud.archive.canonical.com/ubuntu bionic-updates/ussuri/main s390x python3-pyflakes all 2.1.1-1~cloud0 [55.7 kB]
INFO:kolla.common.utils.trove-base:Get:34 http://ubuntu-cloud.archive.canonical.com/ubuntu bionic-updates/ussuri/main s390x python3-entrypoints all 0.3-1~cloud0 [5,624 B]
INFO:kolla.common.utils.trove-base:Get:35 http://ports.ubuntu.com bionic/universe s390x python3-mccabe all 0.6.1-2 [7,816 B]
INFO:kolla.common.utils.trove-base:Get:36 http://ubuntu-cloud.archive.canonical.com/ubuntu bionic-updates/ussuri/main s390x python3-pycodestyle all 2.5.0-1~cloud0 [36.7 kB]
INFO:kolla.common.utils.trove-base:Get:37 http://ubuntu-cloud.archive.canonical.com/ubuntu bionic-updates/ussuri/main s390x python3-flake8 all 3.7.8-3~cloud0 [64.8 kB]
INFO:kolla.common.utils.trove-base:Get:38 http://ports.ubuntu.com bionic/universe s390x python3-diskimage-builder all 2.11.0-0ubuntu1 [46.6 kB]
INFO:kolla.common.utils.trove-base:Get:39 http://ports.ubuntu.com bionic-updates/main s390x python3-httplib2 all 0.9.2+dfsg-1ubuntu0.1 [28.6 kB]
INFO:kolla.common.utils.trove-base:Get:40 http://ubuntu-cloud.archive.canonical.com/ubuntu bionic-updates/ussuri/main s390x python3-oslo.cache all 1.37.0-0ubuntu1~cloud0 [34.5 kB]
INFO:kolla.common.utils.trove-base:Get:41 http://ubuntu-cloud.archive.canonical.com/ubuntu bionic-updates/ussuri/main s390x python3-keystonemiddleware all 7.0.1-0ubuntu1~cloud0 [68.6 kB]
INFO:kolla.common.utils.trove-base:Get:42 http://ports.ubuntu.com bionic-updates/main s390x python3-jinja2 all 2.10-1ubuntu0.18.04.1 [95.4 kB]
INFO:kolla.common.utils.trove-base:Get:43 http://ubuntu-cloud.archive.canonical.com/ubuntu bionic-updates/ussuri/main s390x python3-migrate all 0.12.0-3~cloud0 [79.3 kB]
INFO:kolla.common.utils.trove-base:Get:44 http://ubuntu-cloud.archive.canonical.com/ubuntu bionic-updates/ussuri/main s390x python3-testscenarios all 0.5.0-2~cloud0 [13.5 kB]
INFO:kolla.common.utils.trove-base:Get:45 http://ubuntu-cloud.archive.canonical.com/ubuntu bionic-updates/ussuri/main s390x python3-oslo.db all 5.0.2-0ubuntu1~cloud0 [115 kB]
INFO:kolla.common.utils.trove-base:Get:46 http://ports.ubuntu.com bionic/universe s390x python3-pycadf all 2.7.0-0ubuntu1 [17.4 kB]
INFO:kolla.common.utils.trove-base:Get:47 http://ports.ubuntu.com bionic/universe s390x python3-kombu all 4.1.0-1 [126 kB]
INFO:kolla.common.utils.trove-base:Get:48 http://ubuntu-cloud.archive.canonical.com/ubuntu bionic-updates/ussuri/main s390x python3-oslo.middleware all 3.38.1-0ubuntu1~cloud0 [33.1 kB]
INFO:kolla.common.utils.trove-base:Get:49 http://ubuntu-cloud.archive.canonical.com/ubuntu bionic-updates/ussuri/main s390x python3-oslo.service all 1.40.2-0ubuntu1~cloud0 [50.6 kB]
INFO:kolla.common.utils.trove-base:Get:50 http://ubuntu-cloud.archive.canonical.com/ubuntu bionic-updates/ussuri/main s390x python3-tenacity all 5.1.1-0ubuntu2~cloud0 [34.9 kB]
INFO:kolla.common.utils.trove-base:Get:51 http://ubuntu-cloud.archive.canonical.com/ubuntu bionic-updates/ussuri/main s390x python3-oslo.messaging all 9.7.1-0ubuntu3~cloud0 [149 kB]
INFO:kolla.common.utils.trove-base:Get:52 http://ports.ubuntu.com bionic/main s390x python3-sqlparse all 0.2.4-0.1 [28.1 kB]
INFO:kolla.common.utils.trove-base:Get:53 http://ports.ubuntu.com bionic/main s390x python3-tempita all 0.5.2-2 [13.9 kB]
INFO:kolla.common.utils.trove-base:Get:54 http://ubuntu-cloud.archive.canonical.com/ubuntu bionic-updates/ussuri/main s390x python3-oslo.policy all 2.3.2-0ubuntu1~cloud0 [50.3 kB]
INFO:kolla.common.utils.trove-base:Get:55 http://ports.ubuntu.com bionic/universe s390x python3-testresources all 2.0.0-2 [26.4 kB]
INFO:kolla.common.utils.trove-base:Get:56 http://ports.ubuntu.com bionic/main s390x python3-paste all 2.0.3+dfsg-4ubuntu1 [456 kB]
INFO:kolla.common.utils.trove-base:Get:57 http://ubuntu-cloud.archive.canonical.com/ubuntu bionic-updates/ussuri/main s390x python3-oslo.upgradecheck all 0.3.2-0ubuntu1~cloud0 [7,484 B]
INFO:kolla.common.utils.trove-base:Get:58 http://ubuntu-cloud.archive.canonical.com/ubuntu bionic-updates/ussuri/main s390x python3-trove all 1:12.0.0-0ubuntu1~cloud0 [618 kB]
INFO:kolla.common.utils.trove-base:Get:59 http://ports.ubuntu.com bionic/main s390x python3-pastedeploy all 1.5.2-4 [13.4 kB]
INFO:kolla.common.utils.trove-base:Get:60 http://ports.ubuntu.com bionic/universe s390x python3-repoze.lru all 0.7-1 [11.7 kB]
INFO:kolla.common.utils.trove-base:Get:61 http://ports.ubuntu.com bionic/universe s390x python3-routes all 2.4.1-1 [28.4 kB]
INFO:kolla.common.utils.trove-base:Get:62 http://ports.ubuntu.com bionic/main s390x python3-ptyprocess all 0.5.2-1 [12.7 kB]
INFO:kolla.common.utils.trove-base:Get:63 http://ports.ubuntu.com bionic/main s390x python3-pexpect all 4.2.1-1 [42.4 kB]
INFO:kolla.common.utils.trove-base:Get:64 http://ports.ubuntu.com bionic/universe s390x python3-passlib all 1.7.1-1 [347 kB]
INFO:kolla.common.utils.trove-base:Get:65 http://ports.ubuntu.com bionic/universe s390x python3-xmltodict all 0.11.0-1 [10.4 kB]
INFO:kolla.common.utils.trove-base:Get:66 http://ubuntu-cloud.archive.canonical.com/ubuntu bionic-updates/ussuri/main s390x trove-common all 1:12.0.0-0ubuntu1~cloud0 [35.6 kB]
INFO:kolla.common.utils.trove-base:Get:67 http://ports.ubuntu.com bionic-updates/main s390x sqlite3 s390x 3.22.0-1ubuntu0.2 [688 kB]
INFO:kolla.common.utils.trove-base:Preconfiguring packages ...
INFO:kolla.common.utils.trove-base:Fetched 14.0 MB in 1s (19.3 MB/s)
INFO:kolla.common.utils.trove-base:Selecting previously unselected package uuid-runtime.
INFO:kolla.common.utils.trove-base:(Reading database ... 
INFO:kolla.common.utils.trove-base:(Reading database ... 5%(Reading database ... 10%(Reading database ... 15%(Reading database ... 20%(Reading database ... 25%(Reading database ... 30%(Reading database ... 35%(Reading database ... 40%(Reading database ... 45%(Reading database ... 50%(Reading database ... 55%(Reading database ... 60%
INFO:kolla.common.utils.trove-base:(Reading database ... 65%
INFO:kolla.common.utils.trove-base:(Reading database ... 70%
INFO:kolla.common.utils.trove-base:(Reading database ... 75%
INFO:kolla.common.utils.trove-base:(Reading database ... 80%
INFO:kolla.common.utils.trove-base:(Reading database ... 85%
INFO:kolla.common.utils.trove-base:(Reading database ... 90%
INFO:kolla.common.utils.trove-base:(Reading database ... 95%
INFO:kolla.common.utils.trove-base:(Reading database ... 100%(Reading database ... 22243 files and directories currently installed.)
INFO:kolla.common.utils.trove-base:Preparing to unpack .../00-uuid-runtime_2.31.1-0.4ubuntu3.5_s390x.deb ...
INFO:kolla.common.utils.trove-base:Unpacking uuid-runtime (2.31.1-0.4ubuntu3.5) ...
INFO:kolla.common.utils.trove-base:Selecting previously unselected package ucf.
INFO:kolla.common.utils.trove-base:Preparing to unpack .../01-ucf_3.0038_all.deb ...
INFO:kolla.common.utils.trove-base:Moving old data out of the way
INFO:kolla.common.utils.trove-base:Unpacking ucf (3.0038) ...
INFO:kolla.common.utils.trove-base:Selecting previously unselected package xkb-data.
INFO:kolla.common.utils.trove-base:Preparing to unpack .../02-xkb-data_2.23.1-1ubuntu1.18.04.1_all.deb ...
INFO:kolla.common.utils.trove-base:Unpacking xkb-data (2.23.1-1ubuntu1.18.04.1) ...
INFO:kolla.common.utils.trove-base:Selecting previously unselected package wget.
INFO:kolla.common.utils.trove-base:Preparing to unpack .../03-wget_1.19.4-1ubuntu2.2_s390x.deb ...
INFO:kolla.common.utils.trove-base:Unpacking wget (1.19.4-1ubuntu2.2) ...
INFO:kolla.common.utils.trove-base:Selecting previously unselected package python3-sqlalchemy.
INFO:kolla.common.utils.trove-base:Preparing to unpack .../04-python3-sqlalchemy_1.2.18+ds1-2ubuntu2~cloud0_all.deb ...
INFO:kolla.common.utils.trove-base:Unpacking python3-sqlalchemy (1.2.18+ds1-2ubuntu2~cloud0) ...
INFO:kolla.common.utils.trove-base:Selecting previously unselected package python3-alembic.
INFO:kolla.common.utils.trove-base:Preparing to unpack .../05-python3-alembic_1.0.0-2ubuntu2~cloud0_all.deb ...
INFO:kolla.common.utils.trove-base:Unpacking python3-alembic (1.0.0-2ubuntu2~cloud0) ...
INFO:kolla.common.utils.trove-base:Selecting previously unselected package libjs-jquery.
INFO:kolla.common.utils.trove-base:Preparing to unpack .../06-libjs-jquery_3.2.1-1_all.deb ...
INFO:kolla.common.utils.trove-base:Unpacking libjs-jquery (3.2.1-1) ...
INFO:kolla.common.utils.trove-base:Selecting previously unselected package libjs-underscore.
INFO:kolla.common.utils.trove-base:Preparing to unpack .../07-libjs-underscore_1.8.3~dfsg-1_all.deb ...
INFO:kolla.common.utils.trove-base:Unpacking libjs-underscore (1.8.3~dfsg-1) ...
INFO:kolla.common.utils.trove-base:Selecting previously unselected package libjs-sphinxdoc.
INFO:kolla.common.utils.trove-base:Preparing to unpack .../08-libjs-sphinxdoc_1.8.5-3~cloud0_all.deb ...
INFO:kolla.common.utils.trove-base:Unpacking libjs-sphinxdoc (1.8.5-3~cloud0) ...
INFO:kolla.common.utils.trove-base:Selecting previously unselected package alembic.
INFO:kolla.common.utils.trove-base:Preparing to unpack .../09-alembic_1.0.0-2ubuntu2~cloud0_all.deb ...
INFO:kolla.common.utils.trove-base:Unpacking alembic (1.0.0-2ubuntu2~cloud0) ...
INFO:kolla.common.utils.trove-base:Selecting previously unselected package dbconfig-common.
INFO:kolla.common.utils.trove-base:Preparing to unpack .../10-dbconfig-common_2.0.9_all.deb ...
INFO:kolla.common.utils.trove-base:Unpacking dbconfig-common (2.0.9) ...
INFO:kolla.common.utils.trove-base:Selecting previously unselected package libonig4:s390x.
INFO:kolla.common.utils.trove-base:Preparing to unpack .../11-libonig4_6.7.0-1_s390x.deb ...
INFO:kolla.common.utils.trove-base:Unpacking libonig4:s390x (6.7.0-1) ...
INFO:kolla.common.utils.trove-base:Selecting previously unselected package libjq1:s390x.
INFO:kolla.common.utils.trove-base:Preparing to unpack .../12-libjq1_1.5+dfsg-2_s390x.deb ...
INFO:kolla.common.utils.trove-base:Unpacking libjq1:s390x (1.5+dfsg-2) ...
INFO:kolla.common.utils.trove-base:Selecting previously unselected package jq.
INFO:kolla.common.utils.trove-base:Preparing to unpack .../13-jq_1.5+dfsg-2_s390x.deb ...
INFO:kolla.common.utils.trove-base:Unpacking jq (1.5+dfsg-2) ...
INFO:kolla.common.utils.trove-base:Selecting previously unselected package libcurl3-gnutls:s390x.
INFO:kolla.common.utils.trove-base:Preparing to unpack .../14-libcurl3-gnutls_7.58.0-2ubuntu3.8_s390x.deb ...
INFO:kolla.common.utils.trove-base:Unpacking libcurl3-gnutls:s390x (7.58.0-2ubuntu3.8) ...
INFO:kolla.common.utils.trove-base:Selecting previously unselected package libiscsi7:s390x.
INFO:kolla.common.utils.trove-base:Preparing to unpack .../15-libiscsi7_1.17.0-1.1_s390x.deb ...
INFO:kolla.common.utils.trove-base:Unpacking libiscsi7:s390x (1.17.0-1.1) ...
INFO:kolla.common.utils.trove-base:Selecting previously unselected package libnspr4:s390x.
INFO:kolla.common.utils.trove-base:Preparing to unpack .../16-libnspr4_2%3a4.18-1ubuntu1_s390x.deb ...
INFO:kolla.common.utils.trove-base:Unpacking libnspr4:s390x (2:4.18-1ubuntu1) ...
INFO:kolla.common.utils.trove-base:Selecting previously unselected package libnss3:s390x.
INFO:kolla.common.utils.trove-base:Preparing to unpack .../17-libnss3_2%3a3.35-2ubuntu2.7_s390x.deb ...
INFO:kolla.common.utils.trove-base:Unpacking libnss3:s390x (2:3.35-2ubuntu2.7) ...
INFO:kolla.common.utils.trove-base:Selecting previously unselected package librados2.
INFO:kolla.common.utils.trove-base:Preparing to unpack .../18-librados2_14.2.2-0ubuntu3~cloud0_s390x.deb ...
INFO:kolla.common.utils.trove-base:Unpacking librados2 (14.2.2-0ubuntu3~cloud0) ...
INFO:kolla.common.utils.trove-base:Selecting previously unselected package librbd1.
INFO:kolla.common.utils.trove-base:Preparing to unpack .../19-librbd1_14.2.2-0ubuntu3~cloud0_s390x.deb ...
INFO:kolla.common.utils.trove-base:Unpacking librbd1 (14.2.2-0ubuntu3~cloud0) ...
INFO:kolla.common.utils.trove-base:Selecting previously unselected package libxkbcommon0:s390x.
INFO:kolla.common.utils.trove-base:Preparing to unpack .../20-libxkbcommon0_0.8.2-1~ubuntu18.04.1_s390x.deb ...
INFO:kolla.common.utils.trove-base:Unpacking libxkbcommon0:s390x (0.8.2-1~ubuntu18.04.1) ...
INFO:kolla.common.utils.trove-base:Selecting previously unselected package pycadf-common.
INFO:kolla.common.utils.trove-base:Preparing to unpack .../21-pycadf-common_2.7.0-0ubuntu1_all.deb ...
INFO:kolla.common.utils.trove-base:Unpacking pycadf-common (2.7.0-0ubuntu1) ...
INFO:kolla.common.utils.trove-base:Selecting previously unselected package python-pastedeploy-tpl.
INFO:kolla.common.utils.trove-base:Preparing to unpack .../22-python-pastedeploy-tpl_1.5.2-4_all.deb ...
INFO:kolla.common.utils.trove-base:Unpacking python-pastedeploy-tpl (1.5.2-4) ...
INFO:kolla.common.utils.trove-base:Selecting previously unselected package python3-vine.
INFO:kolla.common.utils.trove-base:Preparing to unpack .../23-python3-vine_1.1.4+dfsg-2_all.deb ...
INFO:kolla.common.utils.trove-base:Unpacking python3-vine (1.1.4+dfsg-2) ...
INFO:kolla.common.utils.trove-base:Selecting previously unselected package python3-amqp.
INFO:kolla.common.utils.trove-base:Preparing to unpack .../24-python3-amqp_2.5.0-2~cloud0_all.deb ...
INFO:kolla.common.utils.trove-base:Unpacking python3-amqp (2.5.0-2~cloud0) ...
INFO:kolla.common.utils.trove-base:Selecting previously unselected package python3-anyjson.
INFO:kolla.common.utils.trove-base:Preparing to unpack .../25-python3-anyjson_0.3.3-1build1_all.deb ...
INFO:kolla.common.utils.trove-base:Unpacking python3-anyjson (0.3.3-1build1) ...
INFO:kolla.common.utils.trove-base:Selecting previously unselected package python3-cachetools.
INFO:kolla.common.utils.trove-base:Preparing to unpack .../26-python3-cachetools_3.1.0-2~cloud0_all.deb ...
INFO:kolla.common.utils.trove-base:Unpacking python3-cachetools (3.1.0-2~cloud0) ...
INFO:kolla.common.utils.trove-base:Selecting previously unselected package debootstrap.
INFO:kolla.common.utils.trove-base:Preparing to unpack .../27-debootstrap_1.0.95ubuntu0.5_all.deb ...
INFO:kolla.common.utils.trove-base:Unpacking debootstrap (1.0.95ubuntu0.5) ...
INFO:kolla.common.utils.trove-base:Selecting previously unselected package kpartx.
INFO:kolla.common.utils.trove-base:Preparing to unpack .../28-kpartx_0.7.4-2ubuntu3_s390x.deb ...
INFO:kolla.common.utils.trove-base:Unpacking kpartx (0.7.4-2ubuntu3) ...
INFO:kolla.common.utils.trove-base:Selecting previously unselected package python3-networkx.
INFO:kolla.common.utils.trove-base:Preparing to unpack .../29-python3-networkx_1.11-1ubuntu3_all.deb ...
INFO:kolla.common.utils.trove-base:Unpacking python3-networkx (1.11-1ubuntu3) ...
INFO:kolla.common.utils.trove-base:Selecting previously unselected package qemu-block-extra:s390x.
INFO:kolla.common.utils.trove-base:Preparing to unpack .../30-qemu-block-extra_1%3a4.0+dfsg-0ubuntu9~cloud0_s390x.deb ...
INFO:kolla.common.utils.trove-base:Unpacking qemu-block-extra:s390x (1:4.0+dfsg-0ubuntu9~cloud0) ...
INFO:kolla.common.utils.trove-base:Selecting previously unselected package qemu-utils.
INFO:kolla.common.utils.trove-base:Preparing to unpack .../31-qemu-utils_1%3a4.0+dfsg-0ubuntu9~cloud0_s390x.deb ...
INFO:kolla.common.utils.trove-base:Unpacking qemu-utils (1:4.0+dfsg-0ubuntu9~cloud0) ...
INFO:kolla.common.utils.trove-base:Selecting previously unselected package python3-mccabe.
INFO:kolla.common.utils.trove-base:Preparing to unpack .../32-python3-mccabe_0.6.1-2_all.deb ...
INFO:kolla.common.utils.trove-base:Unpacking python3-mccabe (0.6.1-2) ...
INFO:kolla.common.utils.trove-base:Selecting previously unselected package python3-pyflakes.
INFO:kolla.common.utils.trove-base:Preparing to unpack .../33-python3-pyflakes_2.1.1-1~cloud0_all.deb ...
INFO:kolla.common.utils.trove-base:Unpacking python3-pyflakes (2.1.1-1~cloud0) ...
INFO:kolla.common.utils.trove-base:Selecting previously unselected package python3-entrypoints.
INFO:kolla.common.utils.trove-base:Preparing to unpack .../34-python3-entrypoints_0.3-1~cloud0_all.deb ...
INFO:kolla.common.utils.trove-base:Unpacking python3-entrypoints (0.3-1~cloud0) ...
INFO:kolla.common.utils.trove-base:Selecting previously unselected package python3-pycodestyle.
INFO:kolla.common.utils.trove-base:Preparing to unpack .../35-python3-pycodestyle_2.5.0-1~cloud0_all.deb ...
INFO:kolla.common.utils.trove-base:Unpacking python3-pycodestyle (2.5.0-1~cloud0) ...
INFO:kolla.common.utils.trove-base:Selecting previously unselected package python3-flake8.
INFO:kolla.common.utils.trove-base:Preparing to unpack .../36-python3-flake8_3.7.8-3~cloud0_all.deb ...
INFO:kolla.common.utils.trove-base:Unpacking python3-flake8 (3.7.8-3~cloud0) ...
INFO:kolla.common.utils.trove-base:Selecting previously unselected package python3-diskimage-builder.
INFO:kolla.common.utils.trove-base:Preparing to unpack .../37-python3-diskimage-builder_2.11.0-0ubuntu1_all.deb ...
INFO:kolla.common.utils.trove-base:Unpacking python3-diskimage-builder (2.11.0-0ubuntu1) ...
INFO:kolla.common.utils.trove-base:Selecting previously unselected package python3-httplib2.
INFO:kolla.common.utils.trove-base:Preparing to unpack .../38-python3-httplib2_0.9.2+dfsg-1ubuntu0.1_all.deb ...
INFO:kolla.common.utils.trove-base:Unpacking python3-httplib2 (0.9.2+dfsg-1ubuntu0.1) ...
INFO:kolla.common.utils.trove-base:Selecting previously unselected package python3-jinja2.
INFO:kolla.common.utils.trove-base:Preparing to unpack .../39-python3-jinja2_2.10-1ubuntu0.18.04.1_all.deb ...
INFO:kolla.common.utils.trove-base:Unpacking python3-jinja2 (2.10-1ubuntu0.18.04.1) ...
INFO:kolla.common.utils.trove-base:Selecting previously unselected package python3-oslo.cache.
INFO:kolla.common.utils.trove-base:Preparing to unpack .../40-python3-oslo.cache_1.37.0-0ubuntu1~cloud0_all.deb ...
INFO:kolla.common.utils.trove-base:Unpacking python3-oslo.cache (1.37.0-0ubuntu1~cloud0) ...
INFO:kolla.common.utils.trove-base:Selecting previously unselected package python3-pycadf.
INFO:kolla.common.utils.trove-base:Preparing to unpack .../41-python3-pycadf_2.7.0-0ubuntu1_all.deb ...
INFO:kolla.common.utils.trove-base:Unpacking python3-pycadf (2.7.0-0ubuntu1) ...
INFO:kolla.common.utils.trove-base:Selecting previously unselected package python3-keystonemiddleware.
INFO:kolla.common.utils.trove-base:Preparing to unpack .../42-python3-keystonemiddleware_7.0.1-0ubuntu1~cloud0_all.deb ...
INFO:kolla.common.utils.trove-base:Unpacking python3-keystonemiddleware (7.0.1-0ubuntu1~cloud0) ...
INFO:kolla.common.utils.trove-base:Selecting previously unselected package python3-kombu.
INFO:kolla.common.utils.trove-base:Preparing to unpack .../43-python3-kombu_4.1.0-1_all.deb ...
INFO:kolla.common.utils.trove-base:Unpacking python3-kombu (4.1.0-1) ...
INFO:kolla.common.utils.trove-base:Selecting previously unselected package python3-sqlparse.
INFO:kolla.common.utils.trove-base:Preparing to unpack .../44-python3-sqlparse_0.2.4-0.1_all.deb ...
INFO:kolla.common.utils.trove-base:Unpacking python3-sqlparse (0.2.4-0.1) ...
INFO:kolla.common.utils.trove-base:Selecting previously unselected package python3-tempita.
INFO:kolla.common.utils.trove-base:Preparing to unpack .../45-python3-tempita_0.5.2-2_all.deb ...
INFO:kolla.common.utils.trove-base:Unpacking python3-tempita (0.5.2-2) ...
INFO:kolla.common.utils.trove-base:Selecting previously unselected package python3-migrate.
INFO:kolla.common.utils.trove-base:Preparing to unpack .../46-python3-migrate_0.12.0-3~cloud0_all.deb ...
INFO:kolla.common.utils.trove-base:Unpacking python3-migrate (0.12.0-3~cloud0) ...
INFO:kolla.common.utils.trove-base:Selecting previously unselected package python3-testresources.
INFO:kolla.common.utils.trove-base:Preparing to unpack .../47-python3-testresources_2.0.0-2_all.deb ...
INFO:kolla.common.utils.trove-base:Unpacking python3-testresources (2.0.0-2) ...
INFO:kolla.common.utils.trove-base:Selecting previously unselected package python3-testscenarios.
INFO:kolla.common.utils.trove-base:Preparing to unpack .../48-python3-testscenarios_0.5.0-2~cloud0_all.deb ...
INFO:kolla.common.utils.trove-base:Unpacking python3-testscenarios (0.5.0-2~cloud0) ...
INFO:kolla.common.utils.trove-base:Selecting previously unselected package python3-oslo.db.
INFO:kolla.common.utils.trove-base:Preparing to unpack .../49-python3-oslo.db_5.0.2-0ubuntu1~cloud0_all.deb ...
INFO:kolla.common.utils.trove-base:Unpacking python3-oslo.db (5.0.2-0ubuntu1~cloud0) ...
INFO:kolla.common.utils.trove-base:Selecting previously unselected package python3-oslo.middleware.
INFO:kolla.common.utils.trove-base:Preparing to unpack .../50-python3-oslo.middleware_3.38.1-0ubuntu1~cloud0_all.deb ...
INFO:kolla.common.utils.trove-base:Unpacking python3-oslo.middleware (3.38.1-0ubuntu1~cloud0) ...
INFO:kolla.common.utils.trove-base:Selecting previously unselected package python3-paste.
INFO:kolla.common.utils.trove-base:Preparing to unpack .../51-python3-paste_2.0.3+dfsg-4ubuntu1_all.deb ...
INFO:kolla.common.utils.trove-base:Unpacking python3-paste (2.0.3+dfsg-4ubuntu1) ...
INFO:kolla.common.utils.trove-base:Selecting previously unselected package python3-pastedeploy.
INFO:kolla.common.utils.trove-base:Preparing to unpack .../52-python3-pastedeploy_1.5.2-4_all.deb ...
INFO:kolla.common.utils.trove-base:Unpacking python3-pastedeploy (1.5.2-4) ...
INFO:kolla.common.utils.trove-base:Selecting previously unselected package python3-repoze.lru.
INFO:kolla.common.utils.trove-base:Preparing to unpack .../53-python3-repoze.lru_0.7-1_all.deb ...
INFO:kolla.common.utils.trove-base:Unpacking python3-repoze.lru (0.7-1) ...
INFO:kolla.common.utils.trove-base:Selecting previously unselected package python3-routes.
INFO:kolla.common.utils.trove-base:Preparing to unpack .../54-python3-routes_2.4.1-1_all.deb ...
INFO:kolla.common.utils.trove-base:Unpacking python3-routes (2.4.1-1) ...
INFO:kolla.common.utils.trove-base:Selecting previously unselected package python3-oslo.service.
INFO:kolla.common.utils.trove-base:Preparing to unpack .../55-python3-oslo.service_1.40.2-0ubuntu1~cloud0_all.deb ...
INFO:kolla.common.utils.trove-base:Unpacking python3-oslo.service (1.40.2-0ubuntu1~cloud0) ...
INFO:kolla.common.utils.trove-base:Selecting previously unselected package python3-tenacity.
INFO:kolla.common.utils.trove-base:Preparing to unpack .../56-python3-tenacity_5.1.1-0ubuntu2~cloud0_all.deb ...
INFO:kolla.common.utils.trove-base:Unpacking python3-tenacity (5.1.1-0ubuntu2~cloud0) ...
INFO:kolla.common.utils.trove-base:Selecting previously unselected package python3-oslo.messaging.
INFO:kolla.common.utils.trove-base:Preparing to unpack .../57-python3-oslo.messaging_9.7.1-0ubuntu3~cloud0_all.deb ...
INFO:kolla.common.utils.trove-base:Unpacking python3-oslo.messaging (9.7.1-0ubuntu3~cloud0) ...
INFO:kolla.common.utils.trove-base:Selecting previously unselected package python3-oslo.policy.
INFO:kolla.common.utils.trove-base:Preparing to unpack .../58-python3-oslo.policy_2.3.2-0ubuntu1~cloud0_all.deb ...
INFO:kolla.common.utils.trove-base:Unpacking python3-oslo.policy (2.3.2-0ubuntu1~cloud0) ...
INFO:kolla.common.utils.trove-base:Selecting previously unselected package python3-oslo.upgradecheck.
INFO:kolla.common.utils.trove-base:Preparing to unpack .../59-python3-oslo.upgradecheck_0.3.2-0ubuntu1~cloud0_all.deb ...
INFO:kolla.common.utils.trove-base:Unpacking python3-oslo.upgradecheck (0.3.2-0ubuntu1~cloud0) ...
INFO:kolla.common.utils.trove-base:Selecting previously unselected package python3-ptyprocess.
INFO:kolla.common.utils.trove-base:Preparing to unpack .../60-python3-ptyprocess_0.5.2-1_all.deb ...
INFO:kolla.common.utils.trove-base:Unpacking python3-ptyprocess (0.5.2-1) ...
INFO:kolla.common.utils.trove-base:Selecting previously unselected package python3-pexpect.
INFO:kolla.common.utils.trove-base:Preparing to unpack .../61-python3-pexpect_4.2.1-1_all.deb ...
INFO:kolla.common.utils.trove-base:Unpacking python3-pexpect (4.2.1-1) ...
INFO:kolla.common.utils.trove-base:Selecting previously unselected package python3-passlib.
INFO:kolla.common.utils.trove-base:Preparing to unpack .../62-python3-passlib_1.7.1-1_all.deb ...
INFO:kolla.common.utils.trove-base:Unpacking python3-passlib (1.7.1-1) ...
INFO:kolla.common.utils.trove-base:Selecting previously unselected package python3-xmltodict.
INFO:kolla.common.utils.trove-base:Preparing to unpack .../63-python3-xmltodict_0.11.0-1_all.deb ...
INFO:kolla.common.utils.trove-base:Unpacking python3-xmltodict (0.11.0-1) ...
INFO:kolla.common.utils.trove-base:Selecting previously unselected package python3-trove.
INFO:kolla.common.utils.trove-base:Preparing to unpack .../64-python3-trove_1%3a12.0.0-0ubuntu1~cloud0_all.deb ...
INFO:kolla.common.utils.trove-base:Unpacking python3-trove (1:12.0.0-0ubuntu1~cloud0) ...
INFO:kolla.common.utils.trove-base:Selecting previously unselected package sqlite3.
INFO:kolla.common.utils.trove-base:Preparing to unpack .../65-sqlite3_3.22.0-1ubuntu0.2_s390x.deb ...
INFO:kolla.common.utils.trove-base:Unpacking sqlite3 (3.22.0-1ubuntu0.2) ...
INFO:kolla.common.utils.trove-base:Selecting previously unselected package trove-common.
INFO:kolla.common.utils.trove-base:Preparing to unpack .../66-trove-common_1%3a12.0.0-0ubuntu1~cloud0_all.deb ...
INFO:kolla.common.utils.trove-base:Unpacking trove-common (1:12.0.0-0ubuntu1~cloud0) ...
INFO:kolla.common.utils.trove-base:Setting up libjs-jquery (3.2.1-1) ...
INFO:kolla.common.utils.trove-base:Setting up python3-entrypoints (0.3-1~cloud0) ...
INFO:kolla.common.utils.trove-base:Setting up python3-sqlalchemy (1.2.18+ds1-2ubuntu2~cloud0) ...
INFO:kolla.common.utils.trove-base:Setting up python3-passlib (1.7.1-1) ...
INFO:kolla.common.utils.trove-base:Setting up libjs-underscore (1.8.3~dfsg-1) ...
INFO:kolla.common.utils.trove-base:Setting up python3-sqlparse (0.2.4-0.1) ...
INFO:kolla.common.utils.trove-base:Setting up python3-tempita (0.5.2-2) ...
INFO:kolla.common.utils.trove-base:Setting up libcurl3-gnutls:s390x (7.58.0-2ubuntu3.8) ...
INFO:kolla.common.utils.trove-base:Setting up libiscsi7:s390x (1.17.0-1.1) ...
INFO:kolla.common.utils.trove-base:Setting up libonig4:s390x (6.7.0-1) ...
INFO:kolla.common.utils.trove-base:Setting up xkb-data (2.23.1-1ubuntu1.18.04.1) ...
INFO:kolla.common.utils.trove-base:Setting up python3-alembic (1.0.0-2ubuntu2~cloud0) ...
INFO:kolla.common.utils.trove-base:Setting up libjs-sphinxdoc (1.8.5-3~cloud0) ...
INFO:kolla.common.utils.trove-base:Setting up python3-tenacity (5.1.1-0ubuntu2~cloud0) ...
INFO:kolla.common.utils.trove-base:Setting up python3-testscenarios (0.5.0-2~cloud0) ...
INFO:kolla.common.utils.trove-base:Setting up python3-oslo.policy (2.3.2-0ubuntu1~cloud0) ...
INFO:kolla.common.utils.trove-base:Setting up libnspr4:s390x (2:4.18-1ubuntu1) ...
INFO:kolla.common.utils.trove-base:Setting up ucf (3.0038) ...
INFO:kolla.common.utils.trove-base:Setting up sqlite3 (3.22.0-1ubuntu0.2) ...
INFO:kolla.common.utils.trove-base:Setting up python3-testresources (2.0.0-2) ...
INFO:kolla.common.utils.trove-base:Setting up uuid-runtime (2.31.1-0.4ubuntu3.5) ...
INFO:kolla.common.utils.trove-base:Adding group `uuidd' (GID 104) ...
INFO:kolla.common.utils.trove-base:Done.
INFO:kolla.common.utils.trove-base:Warning: The home dir /run/uuidd you specified can't be accessed: No such file or directory
INFO:kolla.common.utils.trove-base:Adding system user `uuidd' (UID 102) ...
INFO:kolla.common.utils.trove-base:Adding new user `uuidd' (UID 102) with group `uuidd' ...
INFO:kolla.common.utils.trove-base:Not creating home directory `/run/uuidd'.
INFO:kolla.common.utils.trove-base:invoke-rc.d: could not determine current runlevel
INFO:kolla.common.utils.trove-base:invoke-rc.d: policy-rc.d denied execution of start.
INFO:kolla.common.utils.trove-base:Setting up libjq1:s390x (1.5+dfsg-2) ...
INFO:kolla.common.utils.trove-base:Setting up pycadf-common (2.7.0-0ubuntu1) ...
INFO:kolla.common.utils.trove-base:Setting up python3-pycodestyle (2.5.0-1~cloud0) ...
INFO:kolla.common.utils.trove-base:Setting up kpartx (0.7.4-2ubuntu3) ...
INFO:kolla.common.utils.trove-base:Setting up python3-oslo.cache (1.37.0-0ubuntu1~cloud0) ...
INFO:kolla.common.utils.trove-base:Setting up python3-networkx (1.11-1ubuntu3) ...
INFO:kolla.common.utils.trove-base:Setting up python3-pycadf (2.7.0-0ubuntu1) ...
INFO:kolla.common.utils.trove-base:Setting up python3-jinja2 (2.10-1ubuntu0.18.04.1) ...
INFO:kolla.common.utils.trove-base:Setting up python3-repoze.lru (0.7-1) ...
INFO:kolla.common.utils.trove-base:Setting up python3-httplib2 (0.9.2+dfsg-1ubuntu0.1) ...
INFO:kolla.common.utils.trove-base:Setting up wget (1.19.4-1ubuntu2.2) ...
INFO:kolla.common.utils.trove-base:Setting up python3-paste (2.0.3+dfsg-4ubuntu1) ...
INFO:kolla.common.utils.trove-base:Setting up libxkbcommon0:s390x (0.8.2-1~ubuntu18.04.1) ...
INFO:kolla.common.utils.trove-base:Setting up python3-migrate (0.12.0-3~cloud0) ...
INFO:kolla.common.utils.trove-base:Setting up python3-anyjson (0.3.3-1build1) ...
INFO:kolla.common.utils.trove-base:Setting up python3-xmltodict (0.11.0-1) ...
INFO:kolla.common.utils.trove-base:Setting up debootstrap (1.0.95ubuntu0.5) ...
INFO:kolla.common.utils.trove-base:Setting up python3-keystonemiddleware (7.0.1-0ubuntu1~cloud0) ...
INFO:kolla.common.utils.trove-base:Setting up python-pastedeploy-tpl (1.5.2-4) ...
INFO:kolla.common.utils.trove-base:Setting up python3-cachetools (3.1.0-2~cloud0) ...
INFO:kolla.common.utils.trove-base:Setting up python3-mccabe (0.6.1-2) ...
INFO:kolla.common.utils.trove-base:Setting up python3-vine (1.1.4+dfsg-2) ...
INFO:kolla.common.utils.trove-base:Setting up dbconfig-common (2.0.9) ...
INFO:kolla.common.utils.trove-base:
INFO:kolla.common.utils.trove-base:Creating config file /etc/dbconfig-common/config with new version
INFO:kolla.common.utils.trove-base:Setting up python3-ptyprocess (0.5.2-1) ...
INFO:kolla.common.utils.trove-base:Setting up python3-pyflakes (2.1.1-1~cloud0) ...
INFO:kolla.common.utils.trove-base:Setting up python3-oslo.upgradecheck (0.3.2-0ubuntu1~cloud0) ...
INFO:kolla.common.utils.trove-base:Setting up alembic (1.0.0-2ubuntu2~cloud0) ...
INFO:kolla.common.utils.trove-base:Setting up python3-routes (2.4.1-1) ...
INFO:kolla.common.utils.trove-base:Setting up python3-oslo.middleware (3.38.1-0ubuntu1~cloud0) ...
INFO:kolla.common.utils.trove-base:Setting up jq (1.5+dfsg-2) ...
INFO:kolla.common.utils.trove-base:Setting up python3-amqp (2.5.0-2~cloud0) ...
INFO:kolla.common.utils.trove-base:Setting up libnss3:s390x (2:3.35-2ubuntu2.7) ...
INFO:kolla.common.utils.trove-base:Setting up python3-kombu (4.1.0-1) ...
INFO:kolla.common.utils.trove-base:Setting up python3-oslo.db (5.0.2-0ubuntu1~cloud0) ...
INFO:kolla.common.utils.trove-base:Setting up librados2 (14.2.2-0ubuntu3~cloud0) ...
INFO:kolla.common.utils.trove-base:Setting up python3-flake8 (3.7.8-3~cloud0) ...
INFO:kolla.common.utils.trove-base:Setting up python3-pexpect (4.2.1-1) ...
INFO:kolla.common.utils.trove-base:Setting up python3-pastedeploy (1.5.2-4) ...
INFO:kolla.common.utils.trove-base:Setting up librbd1 (14.2.2-0ubuntu3~cloud0) ...
INFO:kolla.common.utils.trove-base:Setting up qemu-block-extra:s390x (1:4.0+dfsg-0ubuntu9~cloud0) ...
INFO:kolla.common.utils.trove-base:Setting up qemu-utils (1:4.0+dfsg-0ubuntu9~cloud0) ...
INFO:kolla.common.utils.trove-base:Setting up python3-oslo.service (1.40.2-0ubuntu1~cloud0) ...
INFO:kolla.common.utils.trove-base:Setting up python3-oslo.messaging (9.7.1-0ubuntu3~cloud0) ...
INFO:kolla.common.utils.trove-base:Setting up python3-diskimage-builder (2.11.0-0ubuntu1) ...
INFO:kolla.common.utils.trove-base:update-alternatives: using /usr/bin/python3-dib-block-device to provide /usr/bin/dib-block-device (dib-block-device) in auto mode
INFO:kolla.common.utils.trove-base:update-alternatives: using /usr/bin/python3-dib-lint to provide /usr/bin/dib-lint (dib-lint) in auto mode
INFO:kolla.common.utils.trove-base:update-alternatives: using /usr/bin/python3-disk-image-create to provide /usr/bin/disk-image-create (disk-image-create) in auto mode
INFO:kolla.common.utils.trove-base:update-alternatives: using /usr/bin/python3-element-info to provide /usr/bin/element-info (element-info) in auto mode
INFO:kolla.common.utils.trove-base:update-alternatives: using /usr/bin/python3-ramdisk-image-create to provide /usr/bin/ramdisk-image-create (ramdisk-image-create) in auto mode
INFO:kolla.common.utils.trove-base:Setting up python3-trove (1:12.0.0-0ubuntu1~cloud0) ...
INFO:kolla.common.utils.trove-base:Setting up trove-common (1:12.0.0-0ubuntu1~cloud0) ...
INFO:kolla.common.utils.trove-base:Processing triggers for libc-bin (2.27-3ubuntu1) ...
INFO:kolla.common.utils.trove-base:Removing intermediate container 45d304d57c58
INFO:kolla.common.utils.trove-base: ---> 1e52bc2d3179
INFO:kolla.common.utils.trove-base:Step 5/6 : COPY extend_start.sh /usr/local/bin/kolla_extend_start
INFO:kolla.common.utils.trove-base: ---> 72763b3816b0
INFO:kolla.common.utils.trove-base:Step 6/6 : RUN touch /usr/local/bin/kolla_trove_extend_start     && chmod 755 /usr/local/bin/kolla_extend_start /usr/local/bin/kolla_trove_extend_start
INFO:kolla.common.utils.trove-base: ---> Running in 22341ef7f6e1
INFO:kolla.common.utils.trove-base:Removing intermediate container 22341ef7f6e1
INFO:kolla.common.utils.trove-base: ---> 2edfa4cc27ad
INFO:kolla.common.utils.trove-base:Successfully built 2edfa4cc27ad
INFO:kolla.common.utils.trove-base:Successfully tagged s390x/ubuntu-binary-trove-base:9.1.0
INFO:kolla.common.utils.trove-base:Built at 2020-03-02 21:42:37.392189 (took 0:00:37.667512)
