INFO:kolla.common.utils.trove-conductor:Building started at 2020-03-02 21:45:50.305502
INFO:kolla.common.utils.trove-conductor:Step 1/4 : FROM s390x/ubuntu-binary-trove-base:9.1.0
INFO:kolla.common.utils.trove-conductor: ---> 2edfa4cc27ad
INFO:kolla.common.utils.trove-conductor:Step 2/4 : LABEL maintainer="Kolla Project (https://launchpad.net/kolla)" name="trove-conductor" build-date="20200302"
INFO:kolla.common.utils.trove-conductor: ---> Running in f6199a996d25
INFO:kolla.common.utils.trove-conductor:Removing intermediate container f6199a996d25
INFO:kolla.common.utils.trove-conductor: ---> eb04bb518e39
INFO:kolla.common.utils.trove-conductor:Step 3/4 : RUN apt-get update && apt-get -y install --no-install-recommends trove-conductor && apt-get clean && rm -rf /var/lib/apt/lists/*
INFO:kolla.common.utils.trove-conductor: ---> Running in 9262bd0bda5d
INFO:kolla.common.utils.trove-conductor:Ign:1 http://ubuntu-cloud.archive.canonical.com/ubuntu bionic-updates/ussuri InRelease
INFO:kolla.common.utils.trove-conductor:Get:2 http://ports.ubuntu.com bionic InRelease [242 kB]
INFO:kolla.common.utils.trove-conductor:Get:3 http://ubuntu-cloud.archive.canonical.com/ubuntu bionic-updates/ussuri Release [7,884 B]
INFO:kolla.common.utils.trove-conductor:Get:4 http://ports.ubuntu.com bionic-updates InRelease [88.7 kB]
INFO:kolla.common.utils.trove-conductor:Get:5 http://ubuntu-cloud.archive.canonical.com/ubuntu bionic-updates/ussuri Release.gpg [543 B]
INFO:kolla.common.utils.trove-conductor:Get:6 http://ports.ubuntu.com bionic-security InRelease [88.7 kB]
INFO:kolla.common.utils.trove-conductor:Get:7 http://ports.ubuntu.com bionic-backports InRelease [74.6 kB]
INFO:kolla.common.utils.trove-conductor:Get:8 http://ports.ubuntu.com bionic/universe s390x Packages [10.8 MB]
INFO:kolla.common.utils.trove-conductor:Get:9 http://ubuntu-cloud.archive.canonical.com/ubuntu bionic-updates/ussuri/main s390x Packages [145 kB]
INFO:kolla.common.utils.trove-conductor:Get:10 http://ports.ubuntu.com bionic/main s390x Packages [1,244 kB]
INFO:kolla.common.utils.trove-conductor:Get:11 http://ports.ubuntu.com bionic-updates/main s390x Packages [730 kB]
INFO:kolla.common.utils.trove-conductor:Get:12 http://ports.ubuntu.com bionic-updates/universe s390x Packages [1,075 kB]
INFO:kolla.common.utils.trove-conductor:Get:13 http://ports.ubuntu.com bionic-security/main s390x Packages [467 kB]
INFO:kolla.common.utils.trove-conductor:Get:14 http://ports.ubuntu.com bionic-security/universe s390x Packages [625 kB]
INFO:kolla.common.utils.trove-conductor:Get:15 http://ports.ubuntu.com bionic-backports/main s390x Packages [2,494 B]
INFO:kolla.common.utils.trove-conductor:Get:16 http://ports.ubuntu.com bionic-backports/universe s390x Packages [4,242 B]
INFO:kolla.common.utils.trove-conductor:Fetched 15.6 MB in 3s (5,487 kB/s)
INFO:kolla.common.utils.trove-conductor:Reading package lists...
INFO:kolla.common.utils.trove-conductor:Reading package lists...
INFO:kolla.common.utils.trove-conductor:Building dependency tree...
INFO:kolla.common.utils.trove-conductor:Reading state information...
INFO:kolla.common.utils.trove-conductor:The following NEW packages will be installed:
INFO:kolla.common.utils.trove-conductor:  trove-conductor
INFO:kolla.common.utils.trove-conductor:0 upgraded, 1 newly installed, 0 to remove and 0 not upgraded.
INFO:kolla.common.utils.trove-conductor:Need to get 15.1 kB of archives.
INFO:kolla.common.utils.trove-conductor:After this operation, 35.8 kB of additional disk space will be used.
INFO:kolla.common.utils.trove-conductor:Get:1 http://ubuntu-cloud.archive.canonical.com/ubuntu bionic-updates/ussuri/main s390x trove-conductor all 1:12.0.0-0ubuntu1~cloud0 [15.1 kB]
INFO:kolla.common.utils.trove-conductor:Fetched 15.1 kB in 0s (438 kB/s)
INFO:kolla.common.utils.trove-conductor:Selecting previously unselected package trove-conductor.
INFO:kolla.common.utils.trove-conductor:(Reading database ... 
INFO:kolla.common.utils.trove-conductor:(Reading database ... 5%(Reading database ... 10%(Reading database ... 15%(Reading database ... 20%(Reading database ... 25%(Reading database ... 30%(Reading database ... 35%
INFO:kolla.common.utils.trove-conductor:(Reading database ... 40%(Reading database ... 45%(Reading database ... 50%(Reading database ... 55%(Reading database ... 60%
INFO:kolla.common.utils.trove-conductor:(Reading database ... 65%
INFO:kolla.common.utils.trove-conductor:(Reading database ... 70%
INFO:kolla.common.utils.trove-conductor:(Reading database ... 75%
INFO:kolla.common.utils.trove-conductor:(Reading database ... 80%
INFO:kolla.common.utils.trove-conductor:(Reading database ... 85%(Reading database ... 90%
INFO:kolla.common.utils.trove-conductor:(Reading database ... 95%
INFO:kolla.common.utils.trove-conductor:(Reading database ... 100%(Reading database ... 26304 files and directories currently installed.)
INFO:kolla.common.utils.trove-conductor:Preparing to unpack .../trove-conductor_1%3a12.0.0-0ubuntu1~cloud0_all.deb ...
INFO:kolla.common.utils.trove-conductor:Unpacking trove-conductor (1:12.0.0-0ubuntu1~cloud0) ...
INFO:kolla.common.utils.trove-conductor:Setting up trove-conductor (1:12.0.0-0ubuntu1~cloud0) ...
INFO:kolla.common.utils.trove-conductor:invoke-rc.d: could not determine current runlevel
INFO:kolla.common.utils.trove-conductor:invoke-rc.d: policy-rc.d denied execution of start.
INFO:kolla.common.utils.trove-conductor:Removing intermediate container 9262bd0bda5d
INFO:kolla.common.utils.trove-conductor: ---> 92134cbfc2bb
INFO:kolla.common.utils.trove-conductor:Step 4/4 : USER trove
INFO:kolla.common.utils.trove-conductor: ---> Running in fbe529ab78ad
INFO:kolla.common.utils.trove-conductor:Removing intermediate container fbe529ab78ad
INFO:kolla.common.utils.trove-conductor: ---> 27ce4352eb6a
INFO:kolla.common.utils.trove-conductor:Successfully built 27ce4352eb6a
INFO:kolla.common.utils.trove-conductor:Successfully tagged s390x/ubuntu-binary-trove-conductor:9.1.0
INFO:kolla.common.utils.trove-conductor:Built at 2020-03-02 21:45:58.933930 (took 0:00:08.628428)
