INFO:kolla.common.utils.trove-api:Building started at 2020-03-02 21:45:53.075762
INFO:kolla.common.utils.trove-api:Step 1/6 : FROM s390x/ubuntu-binary-trove-base:9.1.0
INFO:kolla.common.utils.trove-api: ---> 2edfa4cc27ad
INFO:kolla.common.utils.trove-api:Step 2/6 : LABEL maintainer="Kolla Project (https://launchpad.net/kolla)" name="trove-api" build-date="20200302"
INFO:kolla.common.utils.trove-api: ---> Running in 4d6c581cd6e7
INFO:kolla.common.utils.trove-api:Removing intermediate container 4d6c581cd6e7
INFO:kolla.common.utils.trove-api: ---> 0128a7c63b9b
INFO:kolla.common.utils.trove-api:Step 3/6 : RUN apt-get update && apt-get -y install --no-install-recommends trove-api && apt-get clean && rm -rf /var/lib/apt/lists/*
INFO:kolla.common.utils.trove-api: ---> Running in 4711e2179b73
INFO:kolla.common.utils.trove-api:Get:1 http://ports.ubuntu.com bionic InRelease [242 kB]
INFO:kolla.common.utils.trove-api:Ign:2 http://ubuntu-cloud.archive.canonical.com/ubuntu bionic-updates/ussuri InRelease
INFO:kolla.common.utils.trove-api:Get:3 http://ports.ubuntu.com bionic-updates InRelease [88.7 kB]
INFO:kolla.common.utils.trove-api:Get:4 http://ubuntu-cloud.archive.canonical.com/ubuntu bionic-updates/ussuri Release [7,884 B]
INFO:kolla.common.utils.trove-api:Get:5 http://ports.ubuntu.com bionic-security InRelease [88.7 kB]
INFO:kolla.common.utils.trove-api:Get:6 http://ubuntu-cloud.archive.canonical.com/ubuntu bionic-updates/ussuri Release.gpg [543 B]
INFO:kolla.common.utils.trove-api:Get:7 http://ports.ubuntu.com bionic-backports InRelease [74.6 kB]
INFO:kolla.common.utils.trove-api:Get:8 http://ports.ubuntu.com bionic/universe s390x Packages [10.8 MB]
INFO:kolla.common.utils.trove-api:Get:9 http://ubuntu-cloud.archive.canonical.com/ubuntu bionic-updates/ussuri/main s390x Packages [145 kB]
INFO:kolla.common.utils.trove-api:Get:10 http://ports.ubuntu.com bionic/main s390x Packages [1,244 kB]
INFO:kolla.common.utils.trove-api:Get:11 http://ports.ubuntu.com bionic-updates/main s390x Packages [730 kB]
INFO:kolla.common.utils.trove-api:Get:12 http://ports.ubuntu.com bionic-updates/universe s390x Packages [1,075 kB]
INFO:kolla.common.utils.trove-api:Get:13 http://ports.ubuntu.com bionic-security/universe s390x Packages [625 kB]
INFO:kolla.common.utils.trove-api:Get:14 http://ports.ubuntu.com bionic-security/main s390x Packages [467 kB]
INFO:kolla.common.utils.trove-api:Get:15 http://ports.ubuntu.com bionic-backports/main s390x Packages [2,494 B]
INFO:kolla.common.utils.trove-api:Get:16 http://ports.ubuntu.com bionic-backports/universe s390x Packages [4,242 B]
INFO:kolla.common.utils.trove-api:Fetched 15.6 MB in 3s (6,152 kB/s)
INFO:kolla.common.utils.trove-api:Reading package lists...
INFO:kolla.common.utils.trove-api:Reading package lists...
INFO:kolla.common.utils.trove-api:Building dependency tree...
INFO:kolla.common.utils.trove-api:Reading state information...
INFO:kolla.common.utils.trove-api:The following additional packages will be installed:
INFO:kolla.common.utils.trove-api:  python-q-text-as-data
INFO:kolla.common.utils.trove-api:The following NEW packages will be installed:
INFO:kolla.common.utils.trove-api:  python-q-text-as-data trove-api
INFO:kolla.common.utils.trove-api:0 upgraded, 2 newly installed, 0 to remove and 0 not upgraded.
INFO:kolla.common.utils.trove-api:Need to get 48.7 kB of archives.
INFO:kolla.common.utils.trove-api:After this operation, 217 kB of additional disk space will be used.
INFO:kolla.common.utils.trove-api:Get:1 http://ports.ubuntu.com bionic/universe s390x python-q-text-as-data all 1.4.0-2 [18.9 kB]
INFO:kolla.common.utils.trove-api:Get:2 http://ubuntu-cloud.archive.canonical.com/ubuntu bionic-updates/ussuri/main s390x trove-api all 1:12.0.0-0ubuntu1~cloud0 [29.8 kB]
INFO:kolla.common.utils.trove-api:Preconfiguring packages ...
INFO:kolla.common.utils.trove-api:Fetched 48.7 kB in 0s (1,243 kB/s)
INFO:kolla.common.utils.trove-api:Selecting previously unselected package python-q-text-as-data.
INFO:kolla.common.utils.trove-api:(Reading database ... (Reading database ... 5%(Reading database ... 10%(Reading database ... 15%(Reading database ... 20%(Reading database ... 25%(Reading database ... 30%(Reading database ... 35%(Reading database ... 40%(Reading database ... 45%(Reading database ... 50%(Reading database ... 55%(Reading database ... 60%
INFO:kolla.common.utils.trove-api:(Reading database ... 65%
INFO:kolla.common.utils.trove-api:(Reading database ... 70%
INFO:kolla.common.utils.trove-api:(Reading database ... 75%
INFO:kolla.common.utils.trove-api:(Reading database ... 80%
INFO:kolla.common.utils.trove-api:(Reading database ... 85%
INFO:kolla.common.utils.trove-api:(Reading database ... 90%
INFO:kolla.common.utils.trove-api:(Reading database ... 95%
INFO:kolla.common.utils.trove-api:(Reading database ... 100%(Reading database ... 26304 files and directories currently installed.)
INFO:kolla.common.utils.trove-api:Preparing to unpack .../python-q-text-as-data_1.4.0-2_all.deb ...
INFO:kolla.common.utils.trove-api:Unpacking python-q-text-as-data (1.4.0-2) ...
INFO:kolla.common.utils.trove-api:Selecting previously unselected package trove-api.
INFO:kolla.common.utils.trove-api:Preparing to unpack .../trove-api_1%3a12.0.0-0ubuntu1~cloud0_all.deb ...
INFO:kolla.common.utils.trove-api:Unpacking trove-api (1:12.0.0-0ubuntu1~cloud0) ...
INFO:kolla.common.utils.trove-api:Setting up python-q-text-as-data (1.4.0-2) ...
INFO:kolla.common.utils.trove-api:update-alternatives: using /usr/bin/python2-q-text-as-data to provide /usr/bin/q (q) in auto mode
INFO:kolla.common.utils.trove-api:Setting up trove-api (1:12.0.0-0ubuntu1~cloud0) ...
INFO:kolla.common.utils.trove-api:Will not register trove endpoint this time (no user request for it).
INFO:kolla.common.utils.trove-api:invoke-rc.d: could not determine current runlevel
INFO:kolla.common.utils.trove-api:invoke-rc.d: policy-rc.d denied execution of start.
INFO:kolla.common.utils.trove-api:Removing intermediate container 4711e2179b73
INFO:kolla.common.utils.trove-api: ---> 4eedaa339c7e
INFO:kolla.common.utils.trove-api:Step 4/6 : COPY extend_start.sh /usr/local/bin/kolla_trove_extend_start
INFO:kolla.common.utils.trove-api: ---> 1624703e85b9
INFO:kolla.common.utils.trove-api:Step 5/6 : RUN chmod 755 /usr/local/bin/kolla_trove_extend_start
INFO:kolla.common.utils.trove-api: ---> Running in 0ae91615a8c8
INFO:kolla.common.utils.trove-api:Removing intermediate container 0ae91615a8c8
INFO:kolla.common.utils.trove-api: ---> 1d9c8134bca5
INFO:kolla.common.utils.trove-api:Step 6/6 : USER trove
INFO:kolla.common.utils.trove-api: ---> Running in d0d47656d75f
INFO:kolla.common.utils.trove-api:Removing intermediate container d0d47656d75f
INFO:kolla.common.utils.trove-api: ---> fcc0af5a73ab
INFO:kolla.common.utils.trove-api:Successfully built fcc0af5a73ab
INFO:kolla.common.utils.trove-api:Successfully tagged s390x/ubuntu-binary-trove-api:9.1.0
INFO:kolla.common.utils.trove-api:Built at 2020-03-02 21:46:04.389524 (took 0:00:11.313762)
