INFO:kolla.common.utils.watcher-api:Building started at 2020-03-02 21:44:11.243813
INFO:kolla.common.utils.watcher-api:Step 1/6 : FROM s390x/ubuntu-binary-watcher-base:9.1.0
INFO:kolla.common.utils.watcher-api: ---> 9dc0b818189e
INFO:kolla.common.utils.watcher-api:Step 2/6 : LABEL maintainer="Kolla Project (https://launchpad.net/kolla)" name="watcher-api" build-date="20200302"
INFO:kolla.common.utils.watcher-api: ---> Running in 8b3587a81fce
INFO:kolla.common.utils.watcher-api:Removing intermediate container 8b3587a81fce
INFO:kolla.common.utils.watcher-api: ---> d9e1a62829d0
INFO:kolla.common.utils.watcher-api:Step 3/6 : RUN apt-get update && apt-get -y install --no-install-recommends watcher-api && apt-get clean && rm -rf /var/lib/apt/lists/*
INFO:kolla.common.utils.watcher-api: ---> Running in 17125b3868db
INFO:kolla.common.utils.watcher-api:Get:1 http://ports.ubuntu.com bionic InRelease [242 kB]
INFO:kolla.common.utils.watcher-api:Get:2 http://ports.ubuntu.com bionic-updates InRelease [88.7 kB]
INFO:kolla.common.utils.watcher-api:Ign:3 http://ubuntu-cloud.archive.canonical.com/ubuntu bionic-updates/ussuri InRelease
INFO:kolla.common.utils.watcher-api:Get:4 http://ports.ubuntu.com bionic-security InRelease [88.7 kB]
INFO:kolla.common.utils.watcher-api:Get:5 http://ubuntu-cloud.archive.canonical.com/ubuntu bionic-updates/ussuri Release [7,884 B]
INFO:kolla.common.utils.watcher-api:Get:6 http://ports.ubuntu.com bionic-backports InRelease [74.6 kB]
INFO:kolla.common.utils.watcher-api:Get:7 http://ubuntu-cloud.archive.canonical.com/ubuntu bionic-updates/ussuri Release.gpg [543 B]
INFO:kolla.common.utils.watcher-api:Get:8 http://ports.ubuntu.com bionic/main s390x Packages [1,244 kB]
INFO:kolla.common.utils.watcher-api:Get:9 http://ports.ubuntu.com bionic/universe s390x Packages [10.8 MB]
INFO:kolla.common.utils.watcher-api:Get:10 http://ubuntu-cloud.archive.canonical.com/ubuntu bionic-updates/ussuri/main s390x Packages [145 kB]
INFO:kolla.common.utils.watcher-api:Get:11 http://ports.ubuntu.com bionic-updates/main s390x Packages [730 kB]
INFO:kolla.common.utils.watcher-api:Get:12 http://ports.ubuntu.com bionic-updates/universe s390x Packages [1,075 kB]
INFO:kolla.common.utils.watcher-api:Get:13 http://ports.ubuntu.com bionic-security/main s390x Packages [467 kB]
INFO:kolla.common.utils.watcher-api:Get:14 http://ports.ubuntu.com bionic-security/universe s390x Packages [625 kB]
INFO:kolla.common.utils.watcher-api:Get:15 http://ports.ubuntu.com bionic-backports/main s390x Packages [2,494 B]
INFO:kolla.common.utils.watcher-api:Get:16 http://ports.ubuntu.com bionic-backports/universe s390x Packages [4,242 B]
INFO:kolla.common.utils.watcher-api:Fetched 15.6 MB in 3s (6,227 kB/s)
INFO:kolla.common.utils.watcher-api:Reading package lists...
INFO:kolla.common.utils.watcher-api:Reading package lists...
INFO:kolla.common.utils.watcher-api:Building dependency tree...
INFO:kolla.common.utils.watcher-api:Reading state information...
INFO:kolla.common.utils.watcher-api:The following additional packages will be installed:
INFO:kolla.common.utils.watcher-api:  net-tools python-q-text-as-data
INFO:kolla.common.utils.watcher-api:The following NEW packages will be installed:
INFO:kolla.common.utils.watcher-api:  net-tools python-q-text-as-data watcher-api
INFO:kolla.common.utils.watcher-api:0 upgraded, 3 newly installed, 0 to remove and 0 not upgraded.
INFO:kolla.common.utils.watcher-api:Need to get 230 kB of archives.
INFO:kolla.common.utils.watcher-api:After this operation, 1,055 kB of additional disk space will be used.
INFO:kolla.common.utils.watcher-api:Get:1 http://ports.ubuntu.com bionic/main s390x net-tools s390x 1.60+git20161116.90da8a0-1ubuntu1 [188 kB]
INFO:kolla.common.utils.watcher-api:Get:2 http://ubuntu-cloud.archive.canonical.com/ubuntu bionic-updates/ussuri/main s390x watcher-api all 1:3.0.0-0ubuntu1~cloud0 [23.7 kB]
INFO:kolla.common.utils.watcher-api:Get:3 http://ports.ubuntu.com bionic/universe s390x python-q-text-as-data all 1.4.0-2 [18.9 kB]
INFO:kolla.common.utils.watcher-api:Preconfiguring packages ...
INFO:kolla.common.utils.watcher-api:Fetched 230 kB in 0s (2,360 kB/s)
INFO:kolla.common.utils.watcher-api:Selecting previously unselected package net-tools.
INFO:kolla.common.utils.watcher-api:(Reading database ... 
INFO:kolla.common.utils.watcher-api:(Reading database ... 5%(Reading database ... 10%(Reading database ... 15%(Reading database ... 20%(Reading database ... 25%(Reading database ... 30%(Reading database ... 35%(Reading database ... 40%(Reading database ... 45%(Reading database ... 50%(Reading database ... 55%(Reading database ... 60%
INFO:kolla.common.utils.watcher-api:(Reading database ... 65%(Reading database ... 70%(Reading database ... 75%(Reading database ... 80%(Reading database ... 85%(Reading database ... 90%
INFO:kolla.common.utils.watcher-api:(Reading database ... 95%
INFO:kolla.common.utils.watcher-api:(Reading database ... 100%(Reading database ... 26251 files and directories currently installed.)
INFO:kolla.common.utils.watcher-api:Preparing to unpack .../net-tools_1.60+git20161116.90da8a0-1ubuntu1_s390x.deb ...
INFO:kolla.common.utils.watcher-api:Unpacking net-tools (1.60+git20161116.90da8a0-1ubuntu1) ...
INFO:kolla.common.utils.watcher-api:Selecting previously unselected package python-q-text-as-data.
INFO:kolla.common.utils.watcher-api:Preparing to unpack .../python-q-text-as-data_1.4.0-2_all.deb ...
INFO:kolla.common.utils.watcher-api:Unpacking python-q-text-as-data (1.4.0-2) ...
INFO:kolla.common.utils.watcher-api:Selecting previously unselected package watcher-api.
INFO:kolla.common.utils.watcher-api:Preparing to unpack .../watcher-api_1%3a3.0.0-0ubuntu1~cloud0_all.deb ...
INFO:kolla.common.utils.watcher-api:Unpacking watcher-api (1:3.0.0-0ubuntu1~cloud0) ...
INFO:kolla.common.utils.watcher-api:Setting up python-q-text-as-data (1.4.0-2) ...
INFO:kolla.common.utils.watcher-api:update-alternatives: using /usr/bin/python2-q-text-as-data to provide /usr/bin/q (q) in auto mode
INFO:kolla.common.utils.watcher-api:Setting up net-tools (1.60+git20161116.90da8a0-1ubuntu1) ...
INFO:kolla.common.utils.watcher-api:Setting up watcher-api (1:3.0.0-0ubuntu1~cloud0) ...
INFO:kolla.common.utils.watcher-api:Will not register watcher endpoint this time (no user request for it).
INFO:kolla.common.utils.watcher-api:invoke-rc.d: could not determine current runlevel
INFO:kolla.common.utils.watcher-api:invoke-rc.d: policy-rc.d denied execution of start.
INFO:kolla.common.utils.watcher-api:Removing intermediate container 17125b3868db
INFO:kolla.common.utils.watcher-api: ---> f9668ef9f8ae
INFO:kolla.common.utils.watcher-api:Step 4/6 : COPY extend_start.sh /usr/local/bin/kolla_watcher_extend_start
INFO:kolla.common.utils.watcher-api: ---> a74e235e3671
INFO:kolla.common.utils.watcher-api:Step 5/6 : RUN chmod 755 /usr/local/bin/kolla_watcher_extend_start
INFO:kolla.common.utils.watcher-api: ---> Running in a6b127cc12bc
INFO:kolla.common.utils.watcher-api:Removing intermediate container a6b127cc12bc
INFO:kolla.common.utils.watcher-api: ---> 7b8c4f75919f
INFO:kolla.common.utils.watcher-api:Step 6/6 : USER watcher
INFO:kolla.common.utils.watcher-api: ---> Running in 148b65cec57d
INFO:kolla.common.utils.watcher-api:Removing intermediate container 148b65cec57d
INFO:kolla.common.utils.watcher-api: ---> 837e6fdcc4dc
INFO:kolla.common.utils.watcher-api:Successfully built 837e6fdcc4dc
INFO:kolla.common.utils.watcher-api:Successfully tagged s390x/ubuntu-binary-watcher-api:9.1.0
INFO:kolla.common.utils.watcher-api:Built at 2020-03-02 21:44:23.210881 (took 0:00:11.967068)
