INFO:kolla.common.utils.watcher-applier:Building started at 2020-03-02 21:44:19.623730
INFO:kolla.common.utils.watcher-applier:Step 1/4 : FROM s390x/ubuntu-binary-watcher-base:9.1.0
INFO:kolla.common.utils.watcher-applier: ---> 9dc0b818189e
INFO:kolla.common.utils.watcher-applier:Step 2/4 : LABEL maintainer="Kolla Project (https://launchpad.net/kolla)" name="watcher-applier" build-date="20200302"
INFO:kolla.common.utils.watcher-applier: ---> Running in aefd81da2eac
INFO:kolla.common.utils.watcher-applier:Removing intermediate container aefd81da2eac
INFO:kolla.common.utils.watcher-applier: ---> 3eb437a39d57
INFO:kolla.common.utils.watcher-applier:Step 3/4 : RUN apt-get update && apt-get -y install --no-install-recommends watcher-applier && apt-get clean && rm -rf /var/lib/apt/lists/*
INFO:kolla.common.utils.watcher-applier: ---> Running in d0f2284b0eeb
INFO:kolla.common.utils.watcher-applier:Get:1 http://ports.ubuntu.com bionic InRelease [242 kB]
INFO:kolla.common.utils.watcher-applier:Ign:2 http://ubuntu-cloud.archive.canonical.com/ubuntu bionic-updates/ussuri InRelease
INFO:kolla.common.utils.watcher-applier:Get:3 http://ports.ubuntu.com bionic-updates InRelease [88.7 kB]
INFO:kolla.common.utils.watcher-applier:Get:4 http://ubuntu-cloud.archive.canonical.com/ubuntu bionic-updates/ussuri Release [7,884 B]
INFO:kolla.common.utils.watcher-applier:Get:5 http://ports.ubuntu.com bionic-security InRelease [88.7 kB]
INFO:kolla.common.utils.watcher-applier:Get:6 http://ubuntu-cloud.archive.canonical.com/ubuntu bionic-updates/ussuri Release.gpg [543 B]
INFO:kolla.common.utils.watcher-applier:Get:7 http://ports.ubuntu.com bionic-backports InRelease [74.6 kB]
INFO:kolla.common.utils.watcher-applier:Get:8 http://ports.ubuntu.com bionic/universe s390x Packages [10.8 MB]
INFO:kolla.common.utils.watcher-applier:Get:9 http://ubuntu-cloud.archive.canonical.com/ubuntu bionic-updates/ussuri/main s390x Packages [145 kB]
INFO:kolla.common.utils.watcher-applier:Get:10 http://ports.ubuntu.com bionic/main s390x Packages [1,244 kB]
INFO:kolla.common.utils.watcher-applier:Get:11 http://ports.ubuntu.com bionic-updates/universe s390x Packages [1,075 kB]
INFO:kolla.common.utils.watcher-applier:Get:12 http://ports.ubuntu.com bionic-updates/main s390x Packages [730 kB]
INFO:kolla.common.utils.watcher-applier:Get:13 http://ports.ubuntu.com bionic-security/main s390x Packages [467 kB]
INFO:kolla.common.utils.watcher-applier:Get:14 http://ports.ubuntu.com bionic-security/universe s390x Packages [625 kB]
INFO:kolla.common.utils.watcher-applier:Get:15 http://ports.ubuntu.com bionic-backports/universe s390x Packages [4,242 B]
INFO:kolla.common.utils.watcher-applier:Get:16 http://ports.ubuntu.com bionic-backports/main s390x Packages [2,494 B]
INFO:kolla.common.utils.watcher-applier:Fetched 15.6 MB in 2s (6,308 kB/s)
INFO:kolla.common.utils.watcher-applier:Reading package lists...
INFO:kolla.common.utils.watcher-applier:Reading package lists...
INFO:kolla.common.utils.watcher-applier:Building dependency tree...
INFO:kolla.common.utils.watcher-applier:Reading state information...
INFO:kolla.common.utils.watcher-applier:The following NEW packages will be installed:
INFO:kolla.common.utils.watcher-applier:  watcher-applier
INFO:kolla.common.utils.watcher-applier:0 upgraded, 1 newly installed, 0 to remove and 0 not upgraded.
INFO:kolla.common.utils.watcher-applier:Need to get 8,936 B of archives.
INFO:kolla.common.utils.watcher-applier:After this operation, 29.7 kB of additional disk space will be used.
INFO:kolla.common.utils.watcher-applier:Get:1 http://ubuntu-cloud.archive.canonical.com/ubuntu bionic-updates/ussuri/main s390x watcher-applier all 1:3.0.0-0ubuntu1~cloud0 [8,936 B]
INFO:kolla.common.utils.watcher-applier:Fetched 8,936 B in 0s (123 kB/s)
INFO:kolla.common.utils.watcher-applier:Selecting previously unselected package watcher-applier.
INFO:kolla.common.utils.watcher-applier:(Reading database ... (Reading database ... 5%(Reading database ... 10%(Reading database ... 15%(Reading database ... 20%(Reading database ... 25%(Reading database ... 30%(Reading database ... 35%(Reading database ... 40%(Reading database ... 45%(Reading database ... 50%(Reading database ... 55%(Reading database ... 60%
INFO:kolla.common.utils.watcher-applier:(Reading database ... 65%
INFO:kolla.common.utils.watcher-applier:(Reading database ... 70%(Reading database ... 75%(Reading database ... 80%(Reading database ... 85%(Reading database ... 90%
INFO:kolla.common.utils.watcher-applier:(Reading database ... 95%
INFO:kolla.common.utils.watcher-applier:(Reading database ... 100%(Reading database ... 26251 files and directories currently installed.)
INFO:kolla.common.utils.watcher-applier:Preparing to unpack .../watcher-applier_1%3a3.0.0-0ubuntu1~cloud0_all.deb ...
INFO:kolla.common.utils.watcher-applier:Unpacking watcher-applier (1:3.0.0-0ubuntu1~cloud0) ...
INFO:kolla.common.utils.watcher-applier:Setting up watcher-applier (1:3.0.0-0ubuntu1~cloud0) ...
INFO:kolla.common.utils.watcher-applier:invoke-rc.d: could not determine current runlevel
INFO:kolla.common.utils.watcher-applier:invoke-rc.d: policy-rc.d denied execution of start.
INFO:kolla.common.utils.watcher-applier:Removing intermediate container d0f2284b0eeb
INFO:kolla.common.utils.watcher-applier: ---> 1b6c7aa603d8
INFO:kolla.common.utils.watcher-applier:Step 4/4 : USER watcher
INFO:kolla.common.utils.watcher-applier: ---> Running in 3d27b9d88669
INFO:kolla.common.utils.watcher-applier:Removing intermediate container 3d27b9d88669
INFO:kolla.common.utils.watcher-applier: ---> 445d0b9adb72
INFO:kolla.common.utils.watcher-applier:Successfully built 445d0b9adb72
INFO:kolla.common.utils.watcher-applier:Successfully tagged s390x/ubuntu-binary-watcher-applier:9.1.0
INFO:kolla.common.utils.watcher-applier:Built at 2020-03-02 21:44:28.300083 (took 0:00:08.676353)
