INFO:kolla.common.utils.aodh-listener:Building started at 2020-03-02 21:28:37.311005
INFO:kolla.common.utils.aodh-listener:Step 1/4 : FROM s390x/debian-binary-aodh-base:9.1.0
INFO:kolla.common.utils.aodh-listener: ---> 6d4538a42e8c
INFO:kolla.common.utils.aodh-listener:Step 2/4 : LABEL maintainer="Kolla Project (https://launchpad.net/kolla)" name="aodh-listener" build-date="20200302"
INFO:kolla.common.utils.aodh-listener: ---> Running in 3283dac3fe30
INFO:kolla.common.utils.aodh-listener:Removing intermediate container 3283dac3fe30
INFO:kolla.common.utils.aodh-listener: ---> 5c820103b99c
INFO:kolla.common.utils.aodh-listener:Step 3/4 : RUN apt-get update && apt-get -y install --no-install-recommends aodh-listener && apt-get clean && rm -rf /var/lib/apt/lists/*
INFO:kolla.common.utils.aodh-listener: ---> Running in f01ce71f79a3
INFO:kolla.common.utils.aodh-listener:Get:1 http://deb.debian.org/debian buster InRelease [122 kB]
INFO:kolla.common.utils.aodh-listener:Get:3 http://deb.debian.org/debian buster-backports InRelease [46.7 kB]
INFO:kolla.common.utils.aodh-listener:Get:4 http://buster-train.debian.net/debian buster-train-backports InRelease [3,660 B]
INFO:kolla.common.utils.aodh-listener:Get:2 http://security-cdn.debian.org/debian-security buster/updates InRelease [65.4 kB]
INFO:kolla.common.utils.aodh-listener:Get:5 http://buster-train.debian.net/debian buster-train-backports-nochange InRelease [3,669 B]
INFO:kolla.common.utils.aodh-listener:Get:6 http://deb.debian.org/debian buster/main s390x Packages [7,624 kB]
INFO:kolla.common.utils.aodh-listener:Get:7 http://deb.debian.org/debian buster-backports/main s390x Packages [209 kB]
INFO:kolla.common.utils.aodh-listener:Get:8 http://security-cdn.debian.org/debian-security buster/updates/main s390x Packages [161 kB]
INFO:kolla.common.utils.aodh-listener:Fetched 8,235 kB in 2s (4,863 kB/s)
INFO:kolla.common.utils.aodh-listener:Reading package lists...
INFO:kolla.common.utils.aodh-listener:[91mW[0m
INFO:kolla.common.utils.aodh-listener:[91m: Skipping acquire of configured file 'main/binary-s390x/Packages' as repository 'http://buster-train.debian.net/debian buster-train-backports InRelease' does not seem to provide it (sources.list entry misspelt?)
INFO:kolla.common.utils.aodh-listener:W: Skipping acquire of configured file 'main/binary-s390x/Packages' as repository 'http://buster-train.debian.net/debian buster-train-backports-nochange InRelease' does not seem to provide it (sources.list entry misspelt?)
INFO:kolla.common.utils.aodh-listener:[0m
INFO:kolla.common.utils.aodh-listener:Reading package lists...
INFO:kolla.common.utils.aodh-listener:Building dependency tree...
INFO:kolla.common.utils.aodh-listener:Reading state information...
INFO:kolla.common.utils.aodh-listener:The following NEW packages will be installed:
INFO:kolla.common.utils.aodh-listener:  aodh-listener
INFO:kolla.common.utils.aodh-listener:0 upgraded, 1 newly installed, 0 to remove and 0 not upgraded.
INFO:kolla.common.utils.aodh-listener:Need to get 8,568 B of archives.
INFO:kolla.common.utils.aodh-listener:After this operation, 29.7 kB of additional disk space will be used.
INFO:kolla.common.utils.aodh-listener:Get:1 http://deb.debian.org/debian buster/main s390x aodh-listener all 7.0.0-5 [8,568 B]
INFO:kolla.common.utils.aodh-listener:Fetched 8,568 B in 0s (282 kB/s)
INFO:kolla.common.utils.aodh-listener:Selecting previously unselected package aodh-listener.
INFO:kolla.common.utils.aodh-listener:(Reading database ... 
INFO:kolla.common.utils.aodh-listener:(Reading database ... 5%(Reading database ... 10%(Reading database ... 15%(Reading database ... 20%(Reading database ... 25%
INFO:kolla.common.utils.aodh-listener:(Reading database ... 30%(Reading database ... 35%(Reading database ... 40%(Reading database ... 45%(Reading database ... 50%(Reading database ... 55%(Reading database ... 60%(Reading database ... 65%(Reading database ... 70%(Reading database ... 75%
INFO:kolla.common.utils.aodh-listener:(Reading database ... 80%
INFO:kolla.common.utils.aodh-listener:(Reading database ... 85%
INFO:kolla.common.utils.aodh-listener:(Reading database ... 90%
INFO:kolla.common.utils.aodh-listener:(Reading database ... 95%
INFO:kolla.common.utils.aodh-listener:(Reading database ... 100%(Reading database ... 27239 files and directories currently installed.)
INFO:kolla.common.utils.aodh-listener:Preparing to unpack .../aodh-listener_7.0.0-5_all.deb ...
INFO:kolla.common.utils.aodh-listener:Unpacking aodh-listener (7.0.0-5) ...
INFO:kolla.common.utils.aodh-listener:Setting up aodh-listener (7.0.0-5) ...
INFO:kolla.common.utils.aodh-listener:invoke-rc.d: could not determine current runlevel
INFO:kolla.common.utils.aodh-listener:invoke-rc.d: policy-rc.d denied execution of start.
INFO:kolla.common.utils.aodh-listener:Removing intermediate container f01ce71f79a3
INFO:kolla.common.utils.aodh-listener: ---> 70635b6ec1bd
INFO:kolla.common.utils.aodh-listener:Step 4/4 : USER aodh
INFO:kolla.common.utils.aodh-listener: ---> Running in ba76c4665339
INFO:kolla.common.utils.aodh-listener:Removing intermediate container ba76c4665339
INFO:kolla.common.utils.aodh-listener: ---> a2c6a2a82240
INFO:kolla.common.utils.aodh-listener:Successfully built a2c6a2a82240
INFO:kolla.common.utils.aodh-listener:Successfully tagged s390x/debian-binary-aodh-listener:9.1.0
INFO:kolla.common.utils.aodh-listener:Built at 2020-03-02 21:28:44.401846 (took 0:00:07.090841)
