INFO:kolla.common.utils.aodh-notifier:Building started at 2020-03-02 21:28:32.739362
INFO:kolla.common.utils.aodh-notifier:Step 1/4 : FROM s390x/debian-binary-aodh-base:9.1.0
INFO:kolla.common.utils.aodh-notifier: ---> 6d4538a42e8c
INFO:kolla.common.utils.aodh-notifier:Step 2/4 : LABEL maintainer="Kolla Project (https://launchpad.net/kolla)" name="aodh-notifier" build-date="20200302"
INFO:kolla.common.utils.aodh-notifier: ---> Running in 99dbf577edab
INFO:kolla.common.utils.aodh-notifier:Removing intermediate container 99dbf577edab
INFO:kolla.common.utils.aodh-notifier: ---> 66cebceb8ca6
INFO:kolla.common.utils.aodh-notifier:Step 3/4 : RUN apt-get update && apt-get -y install --no-install-recommends aodh-notifier && apt-get clean && rm -rf /var/lib/apt/lists/*
INFO:kolla.common.utils.aodh-notifier: ---> Running in dc9b3c297435
INFO:kolla.common.utils.aodh-notifier:Get:1 http://deb.debian.org/debian buster InRelease [122 kB]
INFO:kolla.common.utils.aodh-notifier:Get:3 http://buster-train.debian.net/debian buster-train-backports InRelease [3,660 B]
INFO:kolla.common.utils.aodh-notifier:Get:4 http://deb.debian.org/debian buster-backports InRelease [46.7 kB]
INFO:kolla.common.utils.aodh-notifier:Get:5 http://deb.debian.org/debian buster/main s390x Packages [7,624 kB]
INFO:kolla.common.utils.aodh-notifier:Get:2 http://security-cdn.debian.org/debian-security buster/updates InRelease [65.4 kB]
INFO:kolla.common.utils.aodh-notifier:Get:6 http://buster-train.debian.net/debian buster-train-backports-nochange InRelease [3,669 B]
INFO:kolla.common.utils.aodh-notifier:Get:7 http://deb.debian.org/debian buster-backports/main s390x Packages [209 kB]
INFO:kolla.common.utils.aodh-notifier:Get:8 http://security-cdn.debian.org/debian-security buster/updates/main s390x Packages [161 kB]
INFO:kolla.common.utils.aodh-notifier:Fetched 8,235 kB in 2s (5,016 kB/s)
INFO:kolla.common.utils.aodh-notifier:Reading package lists...
INFO:kolla.common.utils.aodh-notifier:[91mW: Skipping acquire of configured file 'main/binary-s390x/Packages' as repository 'http://buster-train.debian.net/debian buster-train-backports InRelease' does not seem to provide it (sources.list entry misspelt?)
INFO:kolla.common.utils.aodh-notifier:W: Skipping acquire of configured file 'main/binary-s390x/Packages' as repository 'http://buster-train.debian.net/debian buster-train-backports-nochange InRelease' does not seem to provide it (sources.list entry misspelt?)
INFO:kolla.common.utils.aodh-notifier:[0m
INFO:kolla.common.utils.aodh-notifier:Reading package lists...
INFO:kolla.common.utils.aodh-notifier:Building dependency tree...
INFO:kolla.common.utils.aodh-notifier:Reading state information...
INFO:kolla.common.utils.aodh-notifier:The following NEW packages will be installed:
INFO:kolla.common.utils.aodh-notifier:  aodh-notifier
INFO:kolla.common.utils.aodh-notifier:0 upgraded, 1 newly installed, 0 to remove and 0 not upgraded.
INFO:kolla.common.utils.aodh-notifier:Need to get 8,548 B of archives.
INFO:kolla.common.utils.aodh-notifier:After this operation, 29.7 kB of additional disk space will be used.
INFO:kolla.common.utils.aodh-notifier:Get:1 http://deb.debian.org/debian buster/main s390x aodh-notifier all 7.0.0-5 [8,548 B]
INFO:kolla.common.utils.aodh-notifier:Fetched 8,548 B in 0s (272 kB/s)
INFO:kolla.common.utils.aodh-notifier:Selecting previously unselected package aodh-notifier.
INFO:kolla.common.utils.aodh-notifier:(Reading database ... 
INFO:kolla.common.utils.aodh-notifier:(Reading database ... 5%(Reading database ... 10%(Reading database ... 15%(Reading database ... 20%(Reading database ... 25%(Reading database ... 30%(Reading database ... 35%
INFO:kolla.common.utils.aodh-notifier:(Reading database ... 40%(Reading database ... 45%(Reading database ... 50%(Reading database ... 55%(Reading database ... 60%(Reading database ... 65%
INFO:kolla.common.utils.aodh-notifier:(Reading database ... 70%
INFO:kolla.common.utils.aodh-notifier:(Reading database ... 75%(Reading database ... 80%(Reading database ... 85%
INFO:kolla.common.utils.aodh-notifier:(Reading database ... 90%
INFO:kolla.common.utils.aodh-notifier:(Reading database ... 95%
INFO:kolla.common.utils.aodh-notifier:(Reading database ... 100%(Reading database ... 27239 files and directories currently installed.)
INFO:kolla.common.utils.aodh-notifier:Preparing to unpack .../aodh-notifier_7.0.0-5_all.deb ...
INFO:kolla.common.utils.aodh-notifier:Unpacking aodh-notifier (7.0.0-5) ...
INFO:kolla.common.utils.aodh-notifier:Setting up aodh-notifier (7.0.0-5) ...
INFO:kolla.common.utils.aodh-notifier:invoke-rc.d: could not determine current runlevel
INFO:kolla.common.utils.aodh-notifier:invoke-rc.d: policy-rc.d denied execution of start.
INFO:kolla.common.utils.aodh-notifier:Removing intermediate container dc9b3c297435
INFO:kolla.common.utils.aodh-notifier: ---> 7c5b17d95074
INFO:kolla.common.utils.aodh-notifier:Step 4/4 : USER aodh
INFO:kolla.common.utils.aodh-notifier: ---> Running in 9c13a890b533
INFO:kolla.common.utils.aodh-notifier:Removing intermediate container 9c13a890b533
INFO:kolla.common.utils.aodh-notifier: ---> a87220a40eb4
INFO:kolla.common.utils.aodh-notifier:Successfully built a87220a40eb4
INFO:kolla.common.utils.aodh-notifier:Successfully tagged s390x/debian-binary-aodh-notifier:9.1.0
INFO:kolla.common.utils.aodh-notifier:Built at 2020-03-02 21:28:39.236148 (took 0:00:06.496786)
