INFO:kolla.common.utils.aodh-api:Building started at 2020-03-02 21:28:33.008777
INFO:kolla.common.utils.aodh-api:Step 1/6 : FROM s390x/debian-binary-aodh-base:9.1.0
INFO:kolla.common.utils.aodh-api: ---> 6d4538a42e8c
INFO:kolla.common.utils.aodh-api:Step 2/6 : LABEL maintainer="Kolla Project (https://launchpad.net/kolla)" name="aodh-api" build-date="20200302"
INFO:kolla.common.utils.aodh-api: ---> Running in 4e65d12d7189
INFO:kolla.common.utils.aodh-api:Removing intermediate container 4e65d12d7189
INFO:kolla.common.utils.aodh-api: ---> 95698d52343d
INFO:kolla.common.utils.aodh-api:Step 3/6 : RUN apt-get update && apt-get -y install --no-install-recommends aodh-api && apt-get clean && rm -rf /var/lib/apt/lists/*
INFO:kolla.common.utils.aodh-api: ---> Running in 64108a4b467d
INFO:kolla.common.utils.aodh-api:Get:1 http://deb.debian.org/debian buster InRelease [122 kB]
INFO:kolla.common.utils.aodh-api:Get:2 http://deb.debian.org/debian buster-backports InRelease [46.7 kB]
INFO:kolla.common.utils.aodh-api:Get:3 http://security-cdn.debian.org/debian-security buster/updates InRelease [65.4 kB]
INFO:kolla.common.utils.aodh-api:Get:4 http://buster-train.debian.net/debian buster-train-backports InRelease [3,660 B]
INFO:kolla.common.utils.aodh-api:Get:5 http://deb.debian.org/debian buster/main s390x Packages [7,624 kB]
INFO:kolla.common.utils.aodh-api:Get:6 http://buster-train.debian.net/debian buster-train-backports-nochange InRelease [3,669 B]
INFO:kolla.common.utils.aodh-api:Get:7 http://deb.debian.org/debian buster-backports/main s390x Packages [209 kB]
INFO:kolla.common.utils.aodh-api:Get:8 http://security-cdn.debian.org/debian-security buster/updates/main s390x Packages [161 kB]
INFO:kolla.common.utils.aodh-api:Fetched 8,235 kB in 2s (4,950 kB/s)
INFO:kolla.common.utils.aodh-api:Reading package lists...
INFO:kolla.common.utils.aodh-api:[91mW: Skipping acquire of configured file 'main/binary-s390x/Packages' as repository 'http://buster-train.debian.net/debian buster-train-backports InRelease' does not seem to provide it (sources.list entry misspelt?)
INFO:kolla.common.utils.aodh-api:W: Skipping acquire of configured file 'main/binary-s390x/Packages' as repository 'http://buster-train.debian.net/debian buster-train-backports-nochange InRelease' does not seem to provide it (sources.list entry misspelt?)
INFO:kolla.common.utils.aodh-api:[0m
INFO:kolla.common.utils.aodh-api:Reading package lists...
INFO:kolla.common.utils.aodh-api:Building dependency tree...
INFO:kolla.common.utils.aodh-api:Reading state information...
INFO:kolla.common.utils.aodh-api:The following additional packages will be installed:
INFO:kolla.common.utils.aodh-api:  libmatheval1 python-q-text-as-data python-six python3-pastescript uwsgi-core
INFO:kolla.common.utils.aodh-api:  uwsgi-plugin-python3
INFO:kolla.common.utils.aodh-api:Suggested packages:
INFO:kolla.common.utils.aodh-api:  python3-cherrypy3 nginx-full | cherokee | libapache2-mod-proxy-uwsgi
INFO:kolla.common.utils.aodh-api:  | libapache2-mod-uwsgi | libapache2-mod-ruwsgi uwsgi-dev uwsgi-extra
INFO:kolla.common.utils.aodh-api:  uwsgi-plugins-all python3-uwsgidecorators
INFO:kolla.common.utils.aodh-api:The following NEW packages will be installed:
INFO:kolla.common.utils.aodh-api:  aodh-api libmatheval1 python-q-text-as-data python-six python3-pastescript
INFO:kolla.common.utils.aodh-api:  uwsgi-core uwsgi-plugin-python3
INFO:kolla.common.utils.aodh-api:0 upgraded, 7 newly installed, 0 to remove and 0 not upgraded.
INFO:kolla.common.utils.aodh-api:Need to get 771 kB of archives.
INFO:kolla.common.utils.aodh-api:After this operation, 3,098 kB of additional disk space will be used.
INFO:kolla.common.utils.aodh-api:Get:1 http://deb.debian.org/debian buster/main s390x python3-pastescript all 2.0.2-2 [62.5 kB]
INFO:kolla.common.utils.aodh-api:Get:2 http://deb.debian.org/debian buster/main s390x python-six all 1.12.0-1 [15.7 kB]
INFO:kolla.common.utils.aodh-api:Get:3 http://deb.debian.org/debian buster/main s390x python-q-text-as-data all 1.7.4+2018.12.21+git+28f776ed46-1 [26.3 kB]
INFO:kolla.common.utils.aodh-api:Get:4 http://deb.debian.org/debian buster/main s390x libmatheval1 s390x 1.1.11+dfsg-3 [22.4 kB]
INFO:kolla.common.utils.aodh-api:Get:5 http://deb.debian.org/debian buster/main s390x uwsgi-core s390x 2.0.18-1 [514 kB]
INFO:kolla.common.utils.aodh-api:Get:6 http://deb.debian.org/debian buster/main s390x uwsgi-plugin-python3 s390x 2.0.18-1 [105 kB]
INFO:kolla.common.utils.aodh-api:Get:7 http://deb.debian.org/debian buster/main s390x aodh-api all 7.0.0-5 [24.1 kB]
INFO:kolla.common.utils.aodh-api:Preconfiguring packages ...
INFO:kolla.common.utils.aodh-api:Fetched 771 kB in 0s (10.5 MB/s)
INFO:kolla.common.utils.aodh-api:Selecting previously unselected package python3-pastescript.
INFO:kolla.common.utils.aodh-api:(Reading database ... 
INFO:kolla.common.utils.aodh-api:(Reading database ... 5%(Reading database ... 10%(Reading database ... 15%(Reading database ... 20%(Reading database ... 25%(Reading database ... 30%(Reading database ... 35%(Reading database ... 40%(Reading database ... 45%(Reading database ... 50%(Reading database ... 55%(Reading database ... 60%(Reading database ... 65%
INFO:kolla.common.utils.aodh-api:(Reading database ... 70%(Reading database ... 75%(Reading database ... 80%
INFO:kolla.common.utils.aodh-api:(Reading database ... 85%
INFO:kolla.common.utils.aodh-api:(Reading database ... 90%
INFO:kolla.common.utils.aodh-api:(Reading database ... 95%
INFO:kolla.common.utils.aodh-api:(Reading database ... 100%(Reading database ... 27239 files and directories currently installed.)
INFO:kolla.common.utils.aodh-api:Preparing to unpack .../0-python3-pastescript_2.0.2-2_all.deb ...
INFO:kolla.common.utils.aodh-api:Unpacking python3-pastescript (2.0.2-2) ...
INFO:kolla.common.utils.aodh-api:Selecting previously unselected package python-six.
INFO:kolla.common.utils.aodh-api:Preparing to unpack .../1-python-six_1.12.0-1_all.deb ...
INFO:kolla.common.utils.aodh-api:Unpacking python-six (1.12.0-1) ...
INFO:kolla.common.utils.aodh-api:Selecting previously unselected package python-q-text-as-data.
INFO:kolla.common.utils.aodh-api:Preparing to unpack .../2-python-q-text-as-data_1.7.4+2018.12.21+git+28f776ed46-1_all.deb ...
INFO:kolla.common.utils.aodh-api:Unpacking python-q-text-as-data (1.7.4+2018.12.21+git+28f776ed46-1) ...
INFO:kolla.common.utils.aodh-api:Selecting previously unselected package libmatheval1:s390x.
INFO:kolla.common.utils.aodh-api:Preparing to unpack .../3-libmatheval1_1.1.11+dfsg-3_s390x.deb ...
INFO:kolla.common.utils.aodh-api:Unpacking libmatheval1:s390x (1.1.11+dfsg-3) ...
INFO:kolla.common.utils.aodh-api:Selecting previously unselected package uwsgi-core.
INFO:kolla.common.utils.aodh-api:Preparing to unpack .../4-uwsgi-core_2.0.18-1_s390x.deb ...
INFO:kolla.common.utils.aodh-api:Unpacking uwsgi-core (2.0.18-1) ...
INFO:kolla.common.utils.aodh-api:Selecting previously unselected package uwsgi-plugin-python3.
INFO:kolla.common.utils.aodh-api:Preparing to unpack .../5-uwsgi-plugin-python3_2.0.18-1_s390x.deb ...
INFO:kolla.common.utils.aodh-api:Unpacking uwsgi-plugin-python3 (2.0.18-1) ...
INFO:kolla.common.utils.aodh-api:Selecting previously unselected package aodh-api.
INFO:kolla.common.utils.aodh-api:Preparing to unpack .../6-aodh-api_7.0.0-5_all.deb ...
INFO:kolla.common.utils.aodh-api:Unpacking aodh-api (7.0.0-5) ...
INFO:kolla.common.utils.aodh-api:Setting up python3-pastescript (2.0.2-2) ...
INFO:kolla.common.utils.aodh-api:Setting up python-six (1.12.0-1) ...
INFO:kolla.common.utils.aodh-api:Setting up libmatheval1:s390x (1.1.11+dfsg-3) ...
INFO:kolla.common.utils.aodh-api:Setting up python-q-text-as-data (1.7.4+2018.12.21+git+28f776ed46-1) ...
INFO:kolla.common.utils.aodh-api:update-alternatives: using /usr/bin/python2-q-text-as-data to provide /usr/bin/q (q) in auto mode
INFO:kolla.common.utils.aodh-api:Setting up uwsgi-core (2.0.18-1) ...
INFO:kolla.common.utils.aodh-api:Setting up uwsgi-plugin-python3 (2.0.18-1) ...
INFO:kolla.common.utils.aodh-api:Setting up aodh-api (7.0.0-5) ...
INFO:kolla.common.utils.aodh-api:Will not register aodh endpoint this time (no user request for it).
INFO:kolla.common.utils.aodh-api:invoke-rc.d: could not determine current runlevel
INFO:kolla.common.utils.aodh-api:invoke-rc.d: policy-rc.d denied execution of start.
INFO:kolla.common.utils.aodh-api:Processing triggers for libc-bin (2.28-10) ...
INFO:kolla.common.utils.aodh-api:Removing intermediate container 64108a4b467d
INFO:kolla.common.utils.aodh-api: ---> 8d6acdaeb52e
INFO:kolla.common.utils.aodh-api:Step 4/6 : RUN rm -rf /etc/apache2/sites-enabled/aodh-api.conf
INFO:kolla.common.utils.aodh-api: ---> Running in 986e99969871
INFO:kolla.common.utils.aodh-api:Removing intermediate container 986e99969871
INFO:kolla.common.utils.aodh-api: ---> b0a6f0b96496
INFO:kolla.common.utils.aodh-api:Step 5/6 : COPY extend_start.sh /usr/local/bin/kolla_aodh_extend_start
INFO:kolla.common.utils.aodh-api: ---> 6655bccb87a2
INFO:kolla.common.utils.aodh-api:Step 6/6 : RUN chmod 755 /usr/local/bin/kolla_aodh_extend_start
INFO:kolla.common.utils.aodh-api: ---> Running in 9063ba55f6f8
INFO:kolla.common.utils.aodh-api:Removing intermediate container 9063ba55f6f8
INFO:kolla.common.utils.aodh-api: ---> c2d17ae9fc9f
INFO:kolla.common.utils.aodh-api:Successfully built c2d17ae9fc9f
INFO:kolla.common.utils.aodh-api:Successfully tagged s390x/debian-binary-aodh-api:9.1.0
INFO:kolla.common.utils.aodh-api:Built at 2020-03-02 21:28:44.311912 (took 0:00:11.303135)
