INFO:kolla.common.utils.aodh-expirer:Building started at 2020-03-02 21:28:36.111861
INFO:kolla.common.utils.aodh-expirer:Step 1/4 : FROM s390x/debian-binary-aodh-base:9.1.0
INFO:kolla.common.utils.aodh-expirer: ---> 6d4538a42e8c
INFO:kolla.common.utils.aodh-expirer:Step 2/4 : LABEL maintainer="Kolla Project (https://launchpad.net/kolla)" name="aodh-expirer" build-date="20200302"
INFO:kolla.common.utils.aodh-expirer: ---> Running in 42a2b49c9ea0
INFO:kolla.common.utils.aodh-expirer:Removing intermediate container 42a2b49c9ea0
INFO:kolla.common.utils.aodh-expirer: ---> a68d39cbbb60
INFO:kolla.common.utils.aodh-expirer:Step 3/4 : RUN apt-get update && apt-get -y install --no-install-recommends aodh-expirer && apt-get clean && rm -rf /var/lib/apt/lists/*
INFO:kolla.common.utils.aodh-expirer: ---> Running in 94d22e82d7af
INFO:kolla.common.utils.aodh-expirer:Get:1 http://deb.debian.org/debian buster InRelease [122 kB]
INFO:kolla.common.utils.aodh-expirer:Get:2 http://deb.debian.org/debian buster-backports InRelease [46.7 kB]
INFO:kolla.common.utils.aodh-expirer:Get:3 http://security-cdn.debian.org/debian-security buster/updates InRelease [65.4 kB]
INFO:kolla.common.utils.aodh-expirer:Get:4 http://buster-train.debian.net/debian buster-train-backports InRelease [3,660 B]
INFO:kolla.common.utils.aodh-expirer:Get:5 http://deb.debian.org/debian buster/main s390x Packages [7,624 kB]
INFO:kolla.common.utils.aodh-expirer:Get:6 http://buster-train.debian.net/debian buster-train-backports-nochange InRelease [3,669 B]
INFO:kolla.common.utils.aodh-expirer:Get:7 http://deb.debian.org/debian buster-backports/main s390x Packages [209 kB]
INFO:kolla.common.utils.aodh-expirer:Get:8 http://security-cdn.debian.org/debian-security buster/updates/main s390x Packages [161 kB]
INFO:kolla.common.utils.aodh-expirer:Fetched 8,235 kB in 2s (5,301 kB/s)
INFO:kolla.common.utils.aodh-expirer:Reading package lists...
INFO:kolla.common.utils.aodh-expirer:[91mW[0m
INFO:kolla.common.utils.aodh-expirer:[91m: Skipping acquire of configured file 'main/binary-s390x/Packages' as repository 'http://buster-train.debian.net/debian buster-train-backports InRelease' does not seem to provide it (sources.list entry misspelt?)
INFO:kolla.common.utils.aodh-expirer:W: Skipping acquire of configured file 'main/binary-s390x/Packages' as repository 'http://buster-train.debian.net/debian buster-train-backports-nochange InRelease' does not seem to provide it (sources.list entry misspelt?)
INFO:kolla.common.utils.aodh-expirer:[0m
INFO:kolla.common.utils.aodh-expirer:Reading package lists...
INFO:kolla.common.utils.aodh-expirer:Building dependency tree...
INFO:kolla.common.utils.aodh-expirer:Reading state information...
INFO:kolla.common.utils.aodh-expirer:The following NEW packages will be installed:
INFO:kolla.common.utils.aodh-expirer:  aodh-expirer
INFO:kolla.common.utils.aodh-expirer:0 upgraded, 1 newly installed, 0 to remove and 0 not upgraded.
INFO:kolla.common.utils.aodh-expirer:Need to get 8,600 B of archives.
INFO:kolla.common.utils.aodh-expirer:After this operation, 29.7 kB of additional disk space will be used.
INFO:kolla.common.utils.aodh-expirer:Get:1 http://deb.debian.org/debian buster/main s390x aodh-expirer all 7.0.0-5 [8,600 B]
INFO:kolla.common.utils.aodh-expirer:Fetched 8,600 B in 0s (302 kB/s)
INFO:kolla.common.utils.aodh-expirer:Selecting previously unselected package aodh-expirer.
INFO:kolla.common.utils.aodh-expirer:(Reading database ... 
INFO:kolla.common.utils.aodh-expirer:(Reading database ... 5%(Reading database ... 10%(Reading database ... 15%(Reading database ... 20%(Reading database ... 25%(Reading database ... 30%(Reading database ... 35%(Reading database ... 40%
INFO:kolla.common.utils.aodh-expirer:(Reading database ... 45%(Reading database ... 50%(Reading database ... 55%(Reading database ... 60%(Reading database ... 65%
INFO:kolla.common.utils.aodh-expirer:(Reading database ... 70%
INFO:kolla.common.utils.aodh-expirer:(Reading database ... 75%
INFO:kolla.common.utils.aodh-expirer:(Reading database ... 80%
INFO:kolla.common.utils.aodh-expirer:(Reading database ... 85%
INFO:kolla.common.utils.aodh-expirer:(Reading database ... 90%
INFO:kolla.common.utils.aodh-expirer:(Reading database ... 95%
INFO:kolla.common.utils.aodh-expirer:(Reading database ... 100%(Reading database ... 27239 files and directories currently installed.)
INFO:kolla.common.utils.aodh-expirer:Preparing to unpack .../aodh-expirer_7.0.0-5_all.deb ...
INFO:kolla.common.utils.aodh-expirer:Unpacking aodh-expirer (7.0.0-5) ...
INFO:kolla.common.utils.aodh-expirer:Setting up aodh-expirer (7.0.0-5) ...
INFO:kolla.common.utils.aodh-expirer:invoke-rc.d: could not determine current runlevel
INFO:kolla.common.utils.aodh-expirer:invoke-rc.d: policy-rc.d denied execution of start.
INFO:kolla.common.utils.aodh-expirer:Removing intermediate container 94d22e82d7af
INFO:kolla.common.utils.aodh-expirer: ---> e1d24b9ae95d
INFO:kolla.common.utils.aodh-expirer:Step 4/4 : USER aodh
INFO:kolla.common.utils.aodh-expirer: ---> Running in 92069bb2d434
INFO:kolla.common.utils.aodh-expirer:Removing intermediate container 92069bb2d434
INFO:kolla.common.utils.aodh-expirer: ---> 127aa6bd4f86
INFO:kolla.common.utils.aodh-expirer:Successfully built 127aa6bd4f86
INFO:kolla.common.utils.aodh-expirer:Successfully tagged s390x/debian-binary-aodh-expirer:9.1.0
INFO:kolla.common.utils.aodh-expirer:Built at 2020-03-02 21:28:42.979210 (took 0:00:06.867349)
