INFO:kolla.common.utils.barbican-worker:Building started at 2020-03-02 21:28:00.531532
INFO:kolla.common.utils.barbican-worker:Step 1/4 : FROM s390x/debian-binary-barbican-base:9.1.0
INFO:kolla.common.utils.barbican-worker: ---> 55911d98aa85
INFO:kolla.common.utils.barbican-worker:Step 2/4 : LABEL maintainer="Kolla Project (https://launchpad.net/kolla)" name="barbican-worker" build-date="20200302"
INFO:kolla.common.utils.barbican-worker: ---> Running in 32c683dd1eaa
INFO:kolla.common.utils.barbican-worker:Removing intermediate container 32c683dd1eaa
INFO:kolla.common.utils.barbican-worker: ---> 0d4d53fe7558
INFO:kolla.common.utils.barbican-worker:Step 3/4 : RUN apt-get update && apt-get -y install --no-install-recommends barbican-worker && apt-get clean && rm -rf /var/lib/apt/lists/*
INFO:kolla.common.utils.barbican-worker: ---> Running in caecc5dafc30
INFO:kolla.common.utils.barbican-worker:Get:1 http://deb.debian.org/debian buster InRelease [122 kB]
INFO:kolla.common.utils.barbican-worker:Get:2 http://deb.debian.org/debian buster-backports InRelease [46.7 kB]
INFO:kolla.common.utils.barbican-worker:Get:3 http://security-cdn.debian.org/debian-security buster/updates InRelease [65.4 kB]
INFO:kolla.common.utils.barbican-worker:Get:4 http://buster-train.debian.net/debian buster-train-backports InRelease [3,660 B]
INFO:kolla.common.utils.barbican-worker:Get:5 http://deb.debian.org/debian buster/main s390x Packages [7,624 kB]
INFO:kolla.common.utils.barbican-worker:Get:6 http://buster-train.debian.net/debian buster-train-backports-nochange InRelease [3,669 B]
INFO:kolla.common.utils.barbican-worker:Get:7 http://deb.debian.org/debian buster-backports/main s390x Packages [209 kB]
INFO:kolla.common.utils.barbican-worker:Get:8 http://security-cdn.debian.org/debian-security buster/updates/main s390x Packages [161 kB]
INFO:kolla.common.utils.barbican-worker:Fetched 8,235 kB in 2s (5,048 kB/s)
INFO:kolla.common.utils.barbican-worker:Reading package lists...
INFO:kolla.common.utils.barbican-worker:[91mW: Skipping acquire of configured file 'main/binary-s390x/Packages' as repository 'http://buster-train.debian.net/debian buster-train-backports InRelease' does not seem to provide it (sources.list entry misspelt?)
INFO:kolla.common.utils.barbican-worker:W: Skipping acquire of configured file 'main/binary-s390x/Packages' as repository 'http://buster-train.debian.net/debian buster-train-backports-nochange InRelease' does not seem to provide it (sources.list entry misspelt?)
INFO:kolla.common.utils.barbican-worker:[0m
INFO:kolla.common.utils.barbican-worker:Reading package lists...
INFO:kolla.common.utils.barbican-worker:Building dependency tree...
INFO:kolla.common.utils.barbican-worker:Reading state information...
INFO:kolla.common.utils.barbican-worker:The following NEW packages will be installed:
INFO:kolla.common.utils.barbican-worker:  barbican-worker
INFO:kolla.common.utils.barbican-worker:0 upgraded, 1 newly installed, 0 to remove and 0 not upgraded.
INFO:kolla.common.utils.barbican-worker:Need to get 8,124 B of archives.
INFO:kolla.common.utils.barbican-worker:After this operation, 28.7 kB of additional disk space will be used.
INFO:kolla.common.utils.barbican-worker:Get:1 http://deb.debian.org/debian buster/main s390x barbican-worker all 1:7.0.0-1 [8,124 B]
INFO:kolla.common.utils.barbican-worker:Fetched 8,124 B in 0s (238 kB/s)
INFO:kolla.common.utils.barbican-worker:Selecting previously unselected package barbican-worker.
INFO:kolla.common.utils.barbican-worker:(Reading database ... 
INFO:kolla.common.utils.barbican-worker:(Reading database ... 5%(Reading database ... 10%(Reading database ... 15%(Reading database ... 20%(Reading database ... 25%(Reading database ... 30%(Reading database ... 35%(Reading database ... 40%(Reading database ... 45%(Reading database ... 50%(Reading database ... 55%(Reading database ... 60%
INFO:kolla.common.utils.barbican-worker:(Reading database ... 65%(Reading database ... 70%(Reading database ... 75%(Reading database ... 80%(Reading database ... 85%(Reading database ... 90%(Reading database ... 95%
INFO:kolla.common.utils.barbican-worker:(Reading database ... 100%(Reading database ... 25147 files and directories currently installed.)
INFO:kolla.common.utils.barbican-worker:Preparing to unpack .../barbican-worker_1%3a7.0.0-1_all.deb ...
INFO:kolla.common.utils.barbican-worker:Unpacking barbican-worker (1:7.0.0-1) ...
INFO:kolla.common.utils.barbican-worker:Setting up barbican-worker (1:7.0.0-1) ...
INFO:kolla.common.utils.barbican-worker:invoke-rc.d: could not determine current runlevel
INFO:kolla.common.utils.barbican-worker:invoke-rc.d: policy-rc.d denied execution of start.
INFO:kolla.common.utils.barbican-worker:Removing intermediate container caecc5dafc30
INFO:kolla.common.utils.barbican-worker: ---> 8f22c3f9a657
INFO:kolla.common.utils.barbican-worker:Step 4/4 : USER barbican
INFO:kolla.common.utils.barbican-worker: ---> Running in afe4ac51da92
INFO:kolla.common.utils.barbican-worker:Removing intermediate container afe4ac51da92
INFO:kolla.common.utils.barbican-worker: ---> 8bcb199ccf7c
INFO:kolla.common.utils.barbican-worker:Successfully built 8bcb199ccf7c
INFO:kolla.common.utils.barbican-worker:Successfully tagged s390x/debian-binary-barbican-worker:9.1.0
INFO:kolla.common.utils.barbican-worker:Built at 2020-03-02 21:28:07.333236 (took 0:00:06.801704)
