INFO:kolla.common.utils.ceilometer-ipmi:Building started at 2020-03-02 21:28:20.321710
INFO:kolla.common.utils.ceilometer-ipmi:Step 1/4 : FROM s390x/debian-binary-ceilometer-base:9.1.0
INFO:kolla.common.utils.ceilometer-ipmi: ---> 6fec932beab9
INFO:kolla.common.utils.ceilometer-ipmi:Step 2/4 : LABEL maintainer="Kolla Project (https://launchpad.net/kolla)" name="ceilometer-ipmi" build-date="20200302"
INFO:kolla.common.utils.ceilometer-ipmi: ---> Running in 70ee209b7d9c
INFO:kolla.common.utils.ceilometer-ipmi:Removing intermediate container 70ee209b7d9c
INFO:kolla.common.utils.ceilometer-ipmi: ---> 75dd3acd7786
INFO:kolla.common.utils.ceilometer-ipmi:Step 3/4 : RUN apt-get update && apt-get -y install --no-install-recommends ceilometer-agent-ipmi && apt-get clean && rm -rf /var/lib/apt/lists/*
INFO:kolla.common.utils.ceilometer-ipmi: ---> Running in 314a7cc79220
INFO:kolla.common.utils.ceilometer-ipmi:Get:2 http://buster-train.debian.net/debian buster-train-backports InRelease [3,660 B]
INFO:kolla.common.utils.ceilometer-ipmi:Get:1 http://security-cdn.debian.org/debian-security buster/updates InRelease [65.4 kB]
INFO:kolla.common.utils.ceilometer-ipmi:Get:3 http://deb.debian.org/debian buster InRelease [122 kB]
INFO:kolla.common.utils.ceilometer-ipmi:Get:4 http://deb.debian.org/debian buster-backports InRelease [46.7 kB]
INFO:kolla.common.utils.ceilometer-ipmi:Get:5 http://buster-train.debian.net/debian buster-train-backports-nochange InRelease [3,669 B]
INFO:kolla.common.utils.ceilometer-ipmi:Get:6 http://security-cdn.debian.org/debian-security buster/updates/main s390x Packages [161 kB]
INFO:kolla.common.utils.ceilometer-ipmi:Get:7 http://deb.debian.org/debian buster/main s390x Packages [7,624 kB]
INFO:kolla.common.utils.ceilometer-ipmi:Get:8 http://deb.debian.org/debian buster-backports/main s390x Packages [209 kB]
INFO:kolla.common.utils.ceilometer-ipmi:Fetched 8,235 kB in 2s (4,626 kB/s)
INFO:kolla.common.utils.ceilometer-ipmi:Reading package lists...
INFO:kolla.common.utils.ceilometer-ipmi:[91mW: Skipping acquire of configured file 'main/binary-s390x/Packages' as repository 'http://buster-train.debian.net/debian buster-train-backports InRelease' does not seem to provide it (sources.list entry misspelt?)
INFO:kolla.common.utils.ceilometer-ipmi:W: Skipping acquire of configured file 'main/binary-s390x/Packages' as repository 'http://buster-train.debian.net/debian buster-train-backports-nochange InRelease' does not seem to provide it (sources.list entry misspelt?)
INFO:kolla.common.utils.ceilometer-ipmi:[0m
INFO:kolla.common.utils.ceilometer-ipmi:Reading package lists...
INFO:kolla.common.utils.ceilometer-ipmi:Building dependency tree...
INFO:kolla.common.utils.ceilometer-ipmi:Reading state information...
INFO:kolla.common.utils.ceilometer-ipmi:The following additional packages will be installed:
INFO:kolla.common.utils.ceilometer-ipmi:  freeipmi-common ipmitool libfreeipmi17
INFO:kolla.common.utils.ceilometer-ipmi:Suggested packages:
INFO:kolla.common.utils.ceilometer-ipmi:  freeipmi-tools
INFO:kolla.common.utils.ceilometer-ipmi:Recommended packages:
INFO:kolla.common.utils.ceilometer-ipmi:  openipmi
INFO:kolla.common.utils.ceilometer-ipmi:The following NEW packages will be installed:
INFO:kolla.common.utils.ceilometer-ipmi:  ceilometer-agent-ipmi freeipmi-common ipmitool libfreeipmi17
INFO:kolla.common.utils.ceilometer-ipmi:0 upgraded, 4 newly installed, 0 to remove and 0 not upgraded.
INFO:kolla.common.utils.ceilometer-ipmi:Need to get 1,543 kB of archives.
INFO:kolla.common.utils.ceilometer-ipmi:After this operation, 7,737 kB of additional disk space will be used.
INFO:kolla.common.utils.ceilometer-ipmi:Get:1 http://deb.debian.org/debian buster/main s390x freeipmi-common all 1.6.3-1.1 [349 kB]
INFO:kolla.common.utils.ceilometer-ipmi:Get:2 http://deb.debian.org/debian buster/main s390x libfreeipmi17 s390x 1.6.3-1.1 [795 kB]
INFO:kolla.common.utils.ceilometer-ipmi:Get:3 http://deb.debian.org/debian buster/main s390x ipmitool s390x 1.8.18-6 [387 kB]
INFO:kolla.common.utils.ceilometer-ipmi:Get:4 http://deb.debian.org/debian buster/main s390x ceilometer-agent-ipmi all 1:11.0.1-5 [11.5 kB]
INFO:kolla.common.utils.ceilometer-ipmi:Fetched 1,543 kB in 0s (18.0 MB/s)
INFO:kolla.common.utils.ceilometer-ipmi:Selecting previously unselected package freeipmi-common.
INFO:kolla.common.utils.ceilometer-ipmi:(Reading database ... 
INFO:kolla.common.utils.ceilometer-ipmi:(Reading database ... 5%(Reading database ... 10%(Reading database ... 15%(Reading database ... 20%(Reading database ... 25%(Reading database ... 30%
INFO:kolla.common.utils.ceilometer-ipmi:(Reading database ... 35%(Reading database ... 40%(Reading database ... 45%(Reading database ... 50%(Reading database ... 55%(Reading database ... 60%(Reading database ... 65%
INFO:kolla.common.utils.ceilometer-ipmi:(Reading database ... 70%
INFO:kolla.common.utils.ceilometer-ipmi:(Reading database ... 75%
INFO:kolla.common.utils.ceilometer-ipmi:(Reading database ... 80%
INFO:kolla.common.utils.ceilometer-ipmi:(Reading database ... 85%
INFO:kolla.common.utils.ceilometer-ipmi:(Reading database ... 90%
INFO:kolla.common.utils.ceilometer-ipmi:(Reading database ... 95%
INFO:kolla.common.utils.ceilometer-ipmi:(Reading database ... 100%(Reading database ... 27704 files and directories currently installed.)
INFO:kolla.common.utils.ceilometer-ipmi:Preparing to unpack .../freeipmi-common_1.6.3-1.1_all.deb ...
INFO:kolla.common.utils.ceilometer-ipmi:Unpacking freeipmi-common (1.6.3-1.1) ...
INFO:kolla.common.utils.ceilometer-ipmi:Selecting previously unselected package libfreeipmi17.
INFO:kolla.common.utils.ceilometer-ipmi:Preparing to unpack .../libfreeipmi17_1.6.3-1.1_s390x.deb ...
INFO:kolla.common.utils.ceilometer-ipmi:Unpacking libfreeipmi17 (1.6.3-1.1) ...
INFO:kolla.common.utils.ceilometer-ipmi:Selecting previously unselected package ipmitool.
INFO:kolla.common.utils.ceilometer-ipmi:Preparing to unpack .../ipmitool_1.8.18-6_s390x.deb ...
INFO:kolla.common.utils.ceilometer-ipmi:Unpacking ipmitool (1.8.18-6) ...
INFO:kolla.common.utils.ceilometer-ipmi:Selecting previously unselected package ceilometer-agent-ipmi.
INFO:kolla.common.utils.ceilometer-ipmi:Preparing to unpack .../ceilometer-agent-ipmi_1%3a11.0.1-5_all.deb ...
INFO:kolla.common.utils.ceilometer-ipmi:Unpacking ceilometer-agent-ipmi (1:11.0.1-5) ...
INFO:kolla.common.utils.ceilometer-ipmi:Setting up freeipmi-common (1.6.3-1.1) ...
INFO:kolla.common.utils.ceilometer-ipmi:Setting up libfreeipmi17 (1.6.3-1.1) ...
INFO:kolla.common.utils.ceilometer-ipmi:Setting up ipmitool (1.8.18-6) ...
INFO:kolla.common.utils.ceilometer-ipmi:invoke-rc.d: could not determine current runlevel
INFO:kolla.common.utils.ceilometer-ipmi:invoke-rc.d: policy-rc.d denied execution of start.
INFO:kolla.common.utils.ceilometer-ipmi:Setting up ceilometer-agent-ipmi (1:11.0.1-5) ...
INFO:kolla.common.utils.ceilometer-ipmi:invoke-rc.d: could not determine current runlevel
INFO:kolla.common.utils.ceilometer-ipmi:invoke-rc.d: policy-rc.d denied execution of start.
INFO:kolla.common.utils.ceilometer-ipmi:Processing triggers for libc-bin (2.28-10) ...
INFO:kolla.common.utils.ceilometer-ipmi:Removing intermediate container 314a7cc79220
INFO:kolla.common.utils.ceilometer-ipmi: ---> c11f8716324a
INFO:kolla.common.utils.ceilometer-ipmi:Step 4/4 : USER ceilometer
INFO:kolla.common.utils.ceilometer-ipmi: ---> Running in e83882ae9421
INFO:kolla.common.utils.ceilometer-ipmi:Removing intermediate container e83882ae9421
INFO:kolla.common.utils.ceilometer-ipmi: ---> 623b9b638218
INFO:kolla.common.utils.ceilometer-ipmi:Successfully built 623b9b638218
INFO:kolla.common.utils.ceilometer-ipmi:Successfully tagged s390x/debian-binary-ceilometer-ipmi:9.1.0
INFO:kolla.common.utils.ceilometer-ipmi:Built at 2020-03-02 21:28:28.193816 (took 0:00:07.872106)
