INFO:kolla.common.utils.ceilometer-compute:Building started at 2020-03-02 21:28:22.012985
INFO:kolla.common.utils.ceilometer-compute:Step 1/3 : FROM s390x/debian-binary-ceilometer-base:9.1.0
INFO:kolla.common.utils.ceilometer-compute: ---> 6fec932beab9
INFO:kolla.common.utils.ceilometer-compute:Step 2/3 : LABEL maintainer="Kolla Project (https://launchpad.net/kolla)" name="ceilometer-compute" build-date="20200302"
INFO:kolla.common.utils.ceilometer-compute: ---> Running in 5580fc4a9403
INFO:kolla.common.utils.ceilometer-compute:Removing intermediate container 5580fc4a9403
INFO:kolla.common.utils.ceilometer-compute: ---> d23ba8aeb256
INFO:kolla.common.utils.ceilometer-compute:Step 3/3 : RUN apt-get update && apt-get -y install --no-install-recommends ceilometer-agent-compute python3-libvirt && apt-get clean && rm -rf /var/lib/apt/lists/*
INFO:kolla.common.utils.ceilometer-compute: ---> Running in 71cedcd1cacc
INFO:kolla.common.utils.ceilometer-compute:Get:1 http://deb.debian.org/debian buster InRelease [122 kB]
INFO:kolla.common.utils.ceilometer-compute:Get:2 http://deb.debian.org/debian buster-backports InRelease [46.7 kB]
INFO:kolla.common.utils.ceilometer-compute:Get:3 http://security-cdn.debian.org/debian-security buster/updates InRelease [65.4 kB]
INFO:kolla.common.utils.ceilometer-compute:Get:4 http://buster-train.debian.net/debian buster-train-backports InRelease [3,660 B]
INFO:kolla.common.utils.ceilometer-compute:Get:5 http://deb.debian.org/debian buster/main s390x Packages [7,624 kB]
INFO:kolla.common.utils.ceilometer-compute:Get:6 http://buster-train.debian.net/debian buster-train-backports-nochange InRelease [3,669 B]
INFO:kolla.common.utils.ceilometer-compute:Get:7 http://deb.debian.org/debian buster-backports/main s390x Packages [209 kB]
INFO:kolla.common.utils.ceilometer-compute:Get:8 http://security-cdn.debian.org/debian-security buster/updates/main s390x Packages [161 kB]
INFO:kolla.common.utils.ceilometer-compute:Fetched 8,235 kB in 2s (5,209 kB/s)
INFO:kolla.common.utils.ceilometer-compute:Reading package lists...
INFO:kolla.common.utils.ceilometer-compute:[91mW: Skipping acquire of configured file 'main/binary-s390x/Packages' as repository 'http://buster-train.debian.net/debian buster-train-backports InRelease' does not seem to provide it (sources.list entry misspelt?)
INFO:kolla.common.utils.ceilometer-compute:W: Skipping acquire of configured file 'main/binary-s390x/Packages' as repository 'http://buster-train.debian.net/debian buster-train-backports-nochange InRelease' does not seem to provide it (sources.list entry misspelt?)
INFO:kolla.common.utils.ceilometer-compute:[0m
INFO:kolla.common.utils.ceilometer-compute:Reading package lists...
INFO:kolla.common.utils.ceilometer-compute:Building dependency tree...
INFO:kolla.common.utils.ceilometer-compute:Reading state information...
INFO:kolla.common.utils.ceilometer-compute:The following additional packages will be installed:
INFO:kolla.common.utils.ceilometer-compute:  libavahi-client3 libavahi-common-data libavahi-common3 libcurl3-gnutls
INFO:kolla.common.utils.ceilometer-compute:  libvirt0 libyajl2
INFO:kolla.common.utils.ceilometer-compute:Recommended packages:
INFO:kolla.common.utils.ceilometer-compute:  libvirt-daemon
INFO:kolla.common.utils.ceilometer-compute:The following NEW packages will be installed:
INFO:kolla.common.utils.ceilometer-compute:  ceilometer-agent-compute libavahi-client3 libavahi-common-data
INFO:kolla.common.utils.ceilometer-compute:  libavahi-common3 libcurl3-gnutls libvirt0 libyajl2 python3-libvirt
INFO:kolla.common.utils.ceilometer-compute:0 upgraded, 8 newly installed, 0 to remove and 0 not upgraded.
INFO:kolla.common.utils.ceilometer-compute:Need to get 5,651 kB of archives.
INFO:kolla.common.utils.ceilometer-compute:After this operation, 11.6 MB of additional disk space will be used.
INFO:kolla.common.utils.ceilometer-compute:Get:1 http://deb.debian.org/debian buster/main s390x ceilometer-agent-compute all 1:11.0.1-5 [11.7 kB]
INFO:kolla.common.utils.ceilometer-compute:Get:2 http://deb.debian.org/debian buster/main s390x libavahi-common-data s390x 0.7-4+b1 [122 kB]
INFO:kolla.common.utils.ceilometer-compute:Get:3 http://deb.debian.org/debian buster/main s390x libavahi-common3 s390x 0.7-4+b1 [52.7 kB]
INFO:kolla.common.utils.ceilometer-compute:Get:4 http://deb.debian.org/debian buster/main s390x libavahi-client3 s390x 0.7-4+b1 [55.5 kB]
INFO:kolla.common.utils.ceilometer-compute:Get:5 http://deb.debian.org/debian buster/main s390x libyajl2 s390x 2.1.0-3 [22.5 kB]
INFO:kolla.common.utils.ceilometer-compute:Get:6 http://deb.debian.org/debian buster/main s390x libvirt0 s390x 5.0.0-4+deb10u1 [4,871 kB]
INFO:kolla.common.utils.ceilometer-compute:Get:7 http://security-cdn.debian.org/debian-security buster/updates/main s390x libcurl3-gnutls s390x 7.64.0-4+deb10u1 [307 kB]
INFO:kolla.common.utils.ceilometer-compute:Get:8 http://deb.debian.org/debian buster/main s390x python3-libvirt s390x 5.0.0-1 [208 kB]
INFO:kolla.common.utils.ceilometer-compute:Fetched 5,651 kB in 0s (24.9 MB/s)
INFO:kolla.common.utils.ceilometer-compute:Selecting previously unselected package ceilometer-agent-compute.
INFO:kolla.common.utils.ceilometer-compute:(Reading database ... 
INFO:kolla.common.utils.ceilometer-compute:(Reading database ... 5%(Reading database ... 10%(Reading database ... 15%(Reading database ... 20%(Reading database ... 25%(Reading database ... 30%(Reading database ... 35%
INFO:kolla.common.utils.ceilometer-compute:(Reading database ... 40%(Reading database ... 45%(Reading database ... 50%(Reading database ... 55%(Reading database ... 60%(Reading database ... 65%
INFO:kolla.common.utils.ceilometer-compute:(Reading database ... 70%
INFO:kolla.common.utils.ceilometer-compute:(Reading database ... 75%
INFO:kolla.common.utils.ceilometer-compute:(Reading database ... 80%
INFO:kolla.common.utils.ceilometer-compute:(Reading database ... 85%
INFO:kolla.common.utils.ceilometer-compute:(Reading database ... 90%
INFO:kolla.common.utils.ceilometer-compute:(Reading database ... 95%
INFO:kolla.common.utils.ceilometer-compute:(Reading database ... 100%(Reading database ... 27704 files and directories currently installed.)
INFO:kolla.common.utils.ceilometer-compute:Preparing to unpack .../0-ceilometer-agent-compute_1%3a11.0.1-5_all.deb ...
INFO:kolla.common.utils.ceilometer-compute:Unpacking ceilometer-agent-compute (1:11.0.1-5) ...
INFO:kolla.common.utils.ceilometer-compute:Selecting previously unselected package libavahi-common-data:s390x.
INFO:kolla.common.utils.ceilometer-compute:Preparing to unpack .../1-libavahi-common-data_0.7-4+b1_s390x.deb ...
INFO:kolla.common.utils.ceilometer-compute:Unpacking libavahi-common-data:s390x (0.7-4+b1) ...
INFO:kolla.common.utils.ceilometer-compute:Selecting previously unselected package libavahi-common3:s390x.
INFO:kolla.common.utils.ceilometer-compute:Preparing to unpack .../2-libavahi-common3_0.7-4+b1_s390x.deb ...
INFO:kolla.common.utils.ceilometer-compute:Unpacking libavahi-common3:s390x (0.7-4+b1) ...
INFO:kolla.common.utils.ceilometer-compute:Selecting previously unselected package libavahi-client3:s390x.
INFO:kolla.common.utils.ceilometer-compute:Preparing to unpack .../3-libavahi-client3_0.7-4+b1_s390x.deb ...
INFO:kolla.common.utils.ceilometer-compute:Unpacking libavahi-client3:s390x (0.7-4+b1) ...
INFO:kolla.common.utils.ceilometer-compute:Selecting previously unselected package libcurl3-gnutls:s390x.
INFO:kolla.common.utils.ceilometer-compute:Preparing to unpack .../4-libcurl3-gnutls_7.64.0-4+deb10u1_s390x.deb ...
INFO:kolla.common.utils.ceilometer-compute:Unpacking libcurl3-gnutls:s390x (7.64.0-4+deb10u1) ...
INFO:kolla.common.utils.ceilometer-compute:Selecting previously unselected package libyajl2:s390x.
INFO:kolla.common.utils.ceilometer-compute:Preparing to unpack .../5-libyajl2_2.1.0-3_s390x.deb ...
INFO:kolla.common.utils.ceilometer-compute:Unpacking libyajl2:s390x (2.1.0-3) ...
INFO:kolla.common.utils.ceilometer-compute:Selecting previously unselected package libvirt0:s390x.
INFO:kolla.common.utils.ceilometer-compute:Preparing to unpack .../6-libvirt0_5.0.0-4+deb10u1_s390x.deb ...
INFO:kolla.common.utils.ceilometer-compute:Unpacking libvirt0:s390x (5.0.0-4+deb10u1) ...
INFO:kolla.common.utils.ceilometer-compute:Selecting previously unselected package python3-libvirt.
INFO:kolla.common.utils.ceilometer-compute:Preparing to unpack .../7-python3-libvirt_5.0.0-1_s390x.deb ...
INFO:kolla.common.utils.ceilometer-compute:Unpacking python3-libvirt (5.0.0-1) ...
INFO:kolla.common.utils.ceilometer-compute:Setting up ceilometer-agent-compute (1:11.0.1-5) ...
INFO:kolla.common.utils.ceilometer-compute:invoke-rc.d: could not determine current runlevel
INFO:kolla.common.utils.ceilometer-compute:invoke-rc.d: policy-rc.d denied execution of start.
INFO:kolla.common.utils.ceilometer-compute:Setting up libyajl2:s390x (2.1.0-3) ...
INFO:kolla.common.utils.ceilometer-compute:Setting up libcurl3-gnutls:s390x (7.64.0-4+deb10u1) ...
INFO:kolla.common.utils.ceilometer-compute:Setting up libavahi-common-data:s390x (0.7-4+b1) ...
INFO:kolla.common.utils.ceilometer-compute:Setting up libavahi-common3:s390x (0.7-4+b1) ...
INFO:kolla.common.utils.ceilometer-compute:Setting up libavahi-client3:s390x (0.7-4+b1) ...
INFO:kolla.common.utils.ceilometer-compute:Setting up libvirt0:s390x (5.0.0-4+deb10u1) ...
INFO:kolla.common.utils.ceilometer-compute:Setting up python3-libvirt (5.0.0-1) ...
INFO:kolla.common.utils.ceilometer-compute:Processing triggers for libc-bin (2.28-10) ...
INFO:kolla.common.utils.ceilometer-compute:Removing intermediate container 71cedcd1cacc
INFO:kolla.common.utils.ceilometer-compute: ---> 9666bbd86666
INFO:kolla.common.utils.ceilometer-compute:Successfully built 9666bbd86666
INFO:kolla.common.utils.ceilometer-compute:Successfully tagged s390x/debian-binary-ceilometer-compute:9.1.0
INFO:kolla.common.utils.ceilometer-compute:Built at 2020-03-02 21:28:29.480323 (took 0:00:07.467338)
