INFO:kolla.common.utils.chrony:Building started at 2020-03-02 21:22:39.241825
INFO:kolla.common.utils.chrony:Step 1/6 : FROM s390x/debian-binary-base:9.1.0
INFO:kolla.common.utils.chrony: ---> 4244142526cc
INFO:kolla.common.utils.chrony:Step 2/6 : LABEL maintainer="Kolla Project (https://launchpad.net/kolla)" name="chrony" build-date="20200302"
INFO:kolla.common.utils.chrony: ---> Running in 4874dff11193
INFO:kolla.common.utils.chrony:Removing intermediate container 4874dff11193
INFO:kolla.common.utils.chrony: ---> ab942ec4520e
INFO:kolla.common.utils.chrony:Step 3/6 : RUN usermod --append --home /var/lib/chrony --groups kolla chrony     && mkdir -p /var/lib/chrony     && chown -R 42406:42406 /var/lib/chrony
INFO:kolla.common.utils.chrony: ---> Running in ebab092f6bb3
INFO:kolla.common.utils.chrony:Removing intermediate container ebab092f6bb3
INFO:kolla.common.utils.chrony: ---> 5f31b39ecc0e
INFO:kolla.common.utils.chrony:Step 4/6 : RUN apt-get update && apt-get -y install --no-install-recommends chrony && apt-get clean && rm -rf /var/lib/apt/lists/*
INFO:kolla.common.utils.chrony: ---> Running in de34781fb881
INFO:kolla.common.utils.chrony:Get:1 http://deb.debian.org/debian buster InRelease [122 kB]
INFO:kolla.common.utils.chrony:Get:2 http://deb.debian.org/debian buster-backports InRelease [46.7 kB]
INFO:kolla.common.utils.chrony:Get:3 http://security-cdn.debian.org/debian-security buster/updates InRelease [65.4 kB]
INFO:kolla.common.utils.chrony:Get:4 http://deb.debian.org/debian buster/main s390x Packages [7,624 kB]
INFO:kolla.common.utils.chrony:Get:5 http://buster-train.debian.net/debian buster-train-backports InRelease [3,660 B]
INFO:kolla.common.utils.chrony:Get:6 http://buster-train.debian.net/debian buster-train-backports-nochange InRelease [3,669 B]
INFO:kolla.common.utils.chrony:Get:7 http://deb.debian.org/debian buster-backports/main s390x Packages [209 kB]
INFO:kolla.common.utils.chrony:Get:8 http://security-cdn.debian.org/debian-security buster/updates/main s390x Packages [161 kB]
INFO:kolla.common.utils.chrony:Fetched 8,235 kB in 2s (4,946 kB/s)
INFO:kolla.common.utils.chrony:Reading package lists...
INFO:kolla.common.utils.chrony:[91mW: Skipping acquire of configured file 'main/binary-s390x/Packages' as repository 'http://buster-train.debian.net/debian buster-train-backports InRelease' does not seem to provide it (sources.list entry misspelt?)
INFO:kolla.common.utils.chrony:W: Skipping acquire of configured file 'main/binary-s390x/Packages' as repository 'http://buster-train.debian.net/debian buster-train-backports-nochange InRelease' does not seem to provide it (sources.list entry misspelt?)
INFO:kolla.common.utils.chrony:[0m
INFO:kolla.common.utils.chrony:Reading package lists...
INFO:kolla.common.utils.chrony:Building dependency tree...
INFO:kolla.common.utils.chrony:Reading state information...
INFO:kolla.common.utils.chrony:The following additional packages will be installed:
INFO:kolla.common.utils.chrony:  libbsd0 libedit2 sensible-utils ucf
INFO:kolla.common.utils.chrony:Suggested packages:
INFO:kolla.common.utils.chrony:  dnsutils networkd-dispatcher
INFO:kolla.common.utils.chrony:The following NEW packages will be installed:
INFO:kolla.common.utils.chrony:  chrony libbsd0 libedit2 sensible-utils ucf
INFO:kolla.common.utils.chrony:0 upgraded, 5 newly installed, 0 to remove and 0 not upgraded.
INFO:kolla.common.utils.chrony:Need to get 496 kB of archives.
INFO:kolla.common.utils.chrony:After this operation, 1,245 kB of additional disk space will be used.
INFO:kolla.common.utils.chrony:Get:1 http://deb.debian.org/debian buster/main s390x sensible-utils all 0.0.12 [15.8 kB]
INFO:kolla.common.utils.chrony:Get:2 http://deb.debian.org/debian buster/main s390x ucf all 3.0038+nmu1 [69.0 kB]
INFO:kolla.common.utils.chrony:Get:3 http://deb.debian.org/debian buster/main s390x libbsd0 s390x 0.9.1-2 [98.0 kB]
INFO:kolla.common.utils.chrony:Get:4 http://deb.debian.org/debian buster/main s390x libedit2 s390x 3.1-20181209-1 [89.2 kB]
INFO:kolla.common.utils.chrony:Get:5 http://deb.debian.org/debian buster/main s390x chrony s390x 3.4-4 [223 kB]
INFO:kolla.common.utils.chrony:Preconfiguring packages ...
INFO:kolla.common.utils.chrony:Fetched 496 kB in 0s (2,845 kB/s)
INFO:kolla.common.utils.chrony:Selecting previously unselected package sensible-utils.
INFO:kolla.common.utils.chrony:(Reading database ... 
INFO:kolla.common.utils.chrony:(Reading database ... 5%(Reading database ... 10%(Reading database ... 15%(Reading database ... 20%(Reading database ... 25%(Reading database ... 30%(Reading database ... 35%(Reading database ... 40%(Reading database ... 45%(Reading database ... 50%(Reading database ... 55%(Reading database ... 60%(Reading database ... 65%(Reading database ... 70%(Reading database ... 75%
INFO:kolla.common.utils.chrony:(Reading database ... 80%(Reading database ... 85%
INFO:kolla.common.utils.chrony:(Reading database ... 90%
INFO:kolla.common.utils.chrony:(Reading database ... 95%
INFO:kolla.common.utils.chrony:(Reading database ... 100%(Reading database ... 12012 files and directories currently installed.)
INFO:kolla.common.utils.chrony:Preparing to unpack .../sensible-utils_0.0.12_all.deb ...
INFO:kolla.common.utils.chrony:Unpacking sensible-utils (0.0.12) ...
INFO:kolla.common.utils.chrony:Selecting previously unselected package ucf.
INFO:kolla.common.utils.chrony:Preparing to unpack .../ucf_3.0038+nmu1_all.deb ...
INFO:kolla.common.utils.chrony:Moving old data out of the way
INFO:kolla.common.utils.chrony:Unpacking ucf (3.0038+nmu1) ...
INFO:kolla.common.utils.chrony:Selecting previously unselected package libbsd0:s390x.
INFO:kolla.common.utils.chrony:Preparing to unpack .../libbsd0_0.9.1-2_s390x.deb ...
INFO:kolla.common.utils.chrony:Unpacking libbsd0:s390x (0.9.1-2) ...
INFO:kolla.common.utils.chrony:Selecting previously unselected package libedit2:s390x.
INFO:kolla.common.utils.chrony:Preparing to unpack .../libedit2_3.1-20181209-1_s390x.deb ...
INFO:kolla.common.utils.chrony:Unpacking libedit2:s390x (3.1-20181209-1) ...
INFO:kolla.common.utils.chrony:Selecting previously unselected package chrony.
INFO:kolla.common.utils.chrony:Preparing to unpack .../chrony_3.4-4_s390x.deb ...
INFO:kolla.common.utils.chrony:Unpacking chrony (3.4-4) ...
INFO:kolla.common.utils.chrony:Setting up sensible-utils (0.0.12) ...
INFO:kolla.common.utils.chrony:Setting up libbsd0:s390x (0.9.1-2) ...
INFO:kolla.common.utils.chrony:Setting up libedit2:s390x (3.1-20181209-1) ...
INFO:kolla.common.utils.chrony:Setting up ucf (3.0038+nmu1) ...
INFO:kolla.common.utils.chrony:Setting up chrony (3.4-4) ...
INFO:kolla.common.utils.chrony:Creating '_chrony' system user/group for the chronyd daemon…
INFO:kolla.common.utils.chrony:
INFO:kolla.common.utils.chrony:Creating config file /etc/chrony/chrony.conf with new version
INFO:kolla.common.utils.chrony:
INFO:kolla.common.utils.chrony:Creating config file /etc/chrony/chrony.keys with new version
INFO:kolla.common.utils.chrony:invoke-rc.d: could not determine current runlevel
INFO:kolla.common.utils.chrony:invoke-rc.d: policy-rc.d denied execution of start.
INFO:kolla.common.utils.chrony:Processing triggers for mime-support (3.62) ...
INFO:kolla.common.utils.chrony:Processing triggers for libc-bin (2.28-10) ...
INFO:kolla.common.utils.chrony:Removing intermediate container de34781fb881
INFO:kolla.common.utils.chrony: ---> ee159bfb8317
INFO:kolla.common.utils.chrony:Step 5/6 : COPY extend_start.sh /usr/local/bin/kolla_extend_start
INFO:kolla.common.utils.chrony: ---> 533c93af0095
INFO:kolla.common.utils.chrony:Step 6/6 : RUN chmod 755 /usr/local/bin/kolla_extend_start
INFO:kolla.common.utils.chrony: ---> Running in 41a9e46c29b6
INFO:kolla.common.utils.chrony:Removing intermediate container 41a9e46c29b6
INFO:kolla.common.utils.chrony: ---> 0db14438dee4
INFO:kolla.common.utils.chrony:Successfully built 0db14438dee4
INFO:kolla.common.utils.chrony:Successfully tagged s390x/debian-binary-chrony:9.1.0
INFO:kolla.common.utils.chrony:Built at 2020-03-02 21:22:54.141679 (took 0:00:14.899854)
