INFO:kolla.common.utils.cinder-backup:Building started at 2020-03-02 21:27:19.647802
INFO:kolla.common.utils.cinder-backup:Step 1/4 : FROM s390x/debian-binary-cinder-base:9.1.0
INFO:kolla.common.utils.cinder-backup: ---> f3e867a76e50
INFO:kolla.common.utils.cinder-backup:Step 2/4 : LABEL maintainer="Kolla Project (https://launchpad.net/kolla)" name="cinder-backup" build-date="20200302"
INFO:kolla.common.utils.cinder-backup: ---> Running in 389c6b878648
INFO:kolla.common.utils.cinder-backup:Removing intermediate container 389c6b878648
INFO:kolla.common.utils.cinder-backup: ---> aaaf08e56dcc
INFO:kolla.common.utils.cinder-backup:Step 3/4 : RUN apt-get update && apt-get -y install --no-install-recommends cinder-backup nfs-common && apt-get clean && rm -rf /var/lib/apt/lists/*
INFO:kolla.common.utils.cinder-backup: ---> Running in 978fdd301c2a
INFO:kolla.common.utils.cinder-backup:Get:1 http://deb.debian.org/debian buster InRelease [122 kB]
INFO:kolla.common.utils.cinder-backup:Get:2 http://deb.debian.org/debian buster-backports InRelease [46.7 kB]
INFO:kolla.common.utils.cinder-backup:Get:3 http://security-cdn.debian.org/debian-security buster/updates InRelease [65.4 kB]
INFO:kolla.common.utils.cinder-backup:Get:4 http://buster-train.debian.net/debian buster-train-backports InRelease [3,660 B]
INFO:kolla.common.utils.cinder-backup:Get:5 http://deb.debian.org/debian buster/main s390x Packages [7,624 kB]
INFO:kolla.common.utils.cinder-backup:Get:6 http://buster-train.debian.net/debian buster-train-backports-nochange InRelease [3,669 B]
INFO:kolla.common.utils.cinder-backup:Get:7 http://deb.debian.org/debian buster-backports/main s390x Packages [209 kB]
INFO:kolla.common.utils.cinder-backup:Get:8 http://security-cdn.debian.org/debian-security buster/updates/main s390x Packages [161 kB]
INFO:kolla.common.utils.cinder-backup:Fetched 8,235 kB in 2s (5,178 kB/s)
INFO:kolla.common.utils.cinder-backup:Reading package lists...
INFO:kolla.common.utils.cinder-backup:[91mW: Skipping acquire of configured file 'main/binary-s390x/Packages' as repository 'http://buster-train.debian.net/debian buster-train-backports InRelease' does not seem to provide it (sources.list entry misspelt?)
INFO:kolla.common.utils.cinder-backup:W: Skipping acquire of configured file 'main/binary-s390x/Packages' as repository 'http://buster-train.debian.net/debian buster-train-backports-nochange InRelease' does not seem to provide it (sources.list entry misspelt?)
INFO:kolla.common.utils.cinder-backup:[0m
INFO:kolla.common.utils.cinder-backup:Reading package lists...
INFO:kolla.common.utils.cinder-backup:Building dependency tree...
INFO:kolla.common.utils.cinder-backup:Reading state information...
INFO:kolla.common.utils.cinder-backup:The following additional packages will be installed:
INFO:kolla.common.utils.cinder-backup:  keyutils libevent-2.1-6 libnfsidmap2 libtirpc-common libtirpc3 rpcbind
INFO:kolla.common.utils.cinder-backup:Suggested packages:
INFO:kolla.common.utils.cinder-backup:  watchdog
INFO:kolla.common.utils.cinder-backup:Recommended packages:
INFO:kolla.common.utils.cinder-backup:  python
INFO:kolla.common.utils.cinder-backup:The following NEW packages will be installed:
INFO:kolla.common.utils.cinder-backup:  cinder-backup keyutils libevent-2.1-6 libnfsidmap2 libtirpc-common libtirpc3
INFO:kolla.common.utils.cinder-backup:  nfs-common rpcbind
INFO:kolla.common.utils.cinder-backup:0 upgraded, 8 newly installed, 0 to remove and 0 not upgraded.
INFO:kolla.common.utils.cinder-backup:Need to get 633 kB of archives.
INFO:kolla.common.utils.cinder-backup:After this operation, 2,012 kB of additional disk space will be used.
INFO:kolla.common.utils.cinder-backup:Get:1 http://deb.debian.org/debian buster/main s390x cinder-backup all 2:13.0.3-1 [14.8 kB]
INFO:kolla.common.utils.cinder-backup:Get:2 http://deb.debian.org/debian buster/main s390x keyutils s390x 1.6-6 [49.8 kB]
INFO:kolla.common.utils.cinder-backup:Get:3 http://deb.debian.org/debian buster/main s390x libevent-2.1-6 s390x 2.1.8-stable-4 [170 kB]
INFO:kolla.common.utils.cinder-backup:Get:4 http://deb.debian.org/debian buster/main s390x libnfsidmap2 s390x 0.25-5.1 [30.9 kB]
INFO:kolla.common.utils.cinder-backup:Get:5 http://deb.debian.org/debian buster/main s390x libtirpc-common all 1.1.4-0.4 [16.7 kB]
INFO:kolla.common.utils.cinder-backup:Get:6 http://deb.debian.org/debian buster/main s390x libtirpc3 s390x 1.1.4-0.4 [86.8 kB]
INFO:kolla.common.utils.cinder-backup:Get:7 http://deb.debian.org/debian buster/main s390x rpcbind s390x 1.2.5-0.3+deb10u1 [44.1 kB]
INFO:kolla.common.utils.cinder-backup:Get:8 http://deb.debian.org/debian buster/main s390x nfs-common s390x 1:1.3.4-2.5 [220 kB]
INFO:kolla.common.utils.cinder-backup:Fetched 633 kB in 0s (7,987 kB/s)
INFO:kolla.common.utils.cinder-backup:Selecting previously unselected package cinder-backup.
INFO:kolla.common.utils.cinder-backup:(Reading database ... 
INFO:kolla.common.utils.cinder-backup:(Reading database ... 5%(Reading database ... 10%(Reading database ... 15%(Reading database ... 20%(Reading database ... 25%(Reading database ... 30%(Reading database ... 35%(Reading database ... 40%(Reading database ... 45%(Reading database ... 50%(Reading database ... 55%(Reading database ... 60%
INFO:kolla.common.utils.cinder-backup:(Reading database ... 65%
INFO:kolla.common.utils.cinder-backup:(Reading database ... 70%
INFO:kolla.common.utils.cinder-backup:(Reading database ... 75%(Reading database ... 80%(Reading database ... 85%(Reading database ... 90%(Reading database ... 95%(Reading database ... 100%(Reading database ... 28122 files and directories currently installed.)
INFO:kolla.common.utils.cinder-backup:Preparing to unpack .../0-cinder-backup_2%3a13.0.3-1_all.deb ...
INFO:kolla.common.utils.cinder-backup:Unpacking cinder-backup (2:13.0.3-1) ...
INFO:kolla.common.utils.cinder-backup:Selecting previously unselected package keyutils.
INFO:kolla.common.utils.cinder-backup:Preparing to unpack .../1-keyutils_1.6-6_s390x.deb ...
INFO:kolla.common.utils.cinder-backup:Unpacking keyutils (1.6-6) ...
INFO:kolla.common.utils.cinder-backup:Selecting previously unselected package libevent-2.1-6:s390x.
INFO:kolla.common.utils.cinder-backup:Preparing to unpack .../2-libevent-2.1-6_2.1.8-stable-4_s390x.deb ...
INFO:kolla.common.utils.cinder-backup:Unpacking libevent-2.1-6:s390x (2.1.8-stable-4) ...
INFO:kolla.common.utils.cinder-backup:Selecting previously unselected package libnfsidmap2:s390x.
INFO:kolla.common.utils.cinder-backup:Preparing to unpack .../3-libnfsidmap2_0.25-5.1_s390x.deb ...
INFO:kolla.common.utils.cinder-backup:Unpacking libnfsidmap2:s390x (0.25-5.1) ...
INFO:kolla.common.utils.cinder-backup:Selecting previously unselected package libtirpc-common.
INFO:kolla.common.utils.cinder-backup:Preparing to unpack .../4-libtirpc-common_1.1.4-0.4_all.deb ...
INFO:kolla.common.utils.cinder-backup:Unpacking libtirpc-common (1.1.4-0.4) ...
INFO:kolla.common.utils.cinder-backup:Selecting previously unselected package libtirpc3:s390x.
INFO:kolla.common.utils.cinder-backup:Preparing to unpack .../5-libtirpc3_1.1.4-0.4_s390x.deb ...
INFO:kolla.common.utils.cinder-backup:Unpacking libtirpc3:s390x (1.1.4-0.4) ...
INFO:kolla.common.utils.cinder-backup:Selecting previously unselected package rpcbind.
INFO:kolla.common.utils.cinder-backup:Preparing to unpack .../6-rpcbind_1.2.5-0.3+deb10u1_s390x.deb ...
INFO:kolla.common.utils.cinder-backup:Unpacking rpcbind (1.2.5-0.3+deb10u1) ...
INFO:kolla.common.utils.cinder-backup:Selecting previously unselected package nfs-common.
INFO:kolla.common.utils.cinder-backup:Preparing to unpack .../7-nfs-common_1%3a1.3.4-2.5_s390x.deb ...
INFO:kolla.common.utils.cinder-backup:Unpacking nfs-common (1:1.3.4-2.5) ...
INFO:kolla.common.utils.cinder-backup:Setting up libtirpc-common (1.1.4-0.4) ...
INFO:kolla.common.utils.cinder-backup:Setting up libevent-2.1-6:s390x (2.1.8-stable-4) ...
INFO:kolla.common.utils.cinder-backup:Setting up keyutils (1.6-6) ...
INFO:kolla.common.utils.cinder-backup:Setting up cinder-backup (2:13.0.3-1) ...
INFO:kolla.common.utils.cinder-backup:invoke-rc.d: could not determine current runlevel
INFO:kolla.common.utils.cinder-backup:invoke-rc.d: policy-rc.d denied execution of start.
INFO:kolla.common.utils.cinder-backup:Setting up libnfsidmap2:s390x (0.25-5.1) ...
INFO:kolla.common.utils.cinder-backup:Setting up libtirpc3:s390x (1.1.4-0.4) ...
INFO:kolla.common.utils.cinder-backup:Setting up rpcbind (1.2.5-0.3+deb10u1) ...
INFO:kolla.common.utils.cinder-backup:invoke-rc.d: could not determine current runlevel
INFO:kolla.common.utils.cinder-backup:invoke-rc.d: policy-rc.d denied execution of start.
INFO:kolla.common.utils.cinder-backup:Setting up nfs-common (1:1.3.4-2.5) ...
INFO:kolla.common.utils.cinder-backup:
INFO:kolla.common.utils.cinder-backup:Creating config file /etc/idmapd.conf with new version
INFO:kolla.common.utils.cinder-backup:Adding system user `statd' (UID 103) ...
INFO:kolla.common.utils.cinder-backup:Adding new user `statd' (UID 103) with group `nogroup' ...
INFO:kolla.common.utils.cinder-backup:Not creating home directory `/var/lib/nfs'.
INFO:kolla.common.utils.cinder-backup:invoke-rc.d: could not determine current runlevel
INFO:kolla.common.utils.cinder-backup:invoke-rc.d: policy-rc.d denied execution of start.
INFO:kolla.common.utils.cinder-backup:Processing triggers for libc-bin (2.28-10) ...
INFO:kolla.common.utils.cinder-backup:Removing intermediate container 978fdd301c2a
INFO:kolla.common.utils.cinder-backup: ---> 0943e83f32e9
INFO:kolla.common.utils.cinder-backup:Step 4/4 : USER cinder
INFO:kolla.common.utils.cinder-backup: ---> Running in 31a038f730ae
INFO:kolla.common.utils.cinder-backup:Removing intermediate container 31a038f730ae
INFO:kolla.common.utils.cinder-backup: ---> 6f221ab38327
INFO:kolla.common.utils.cinder-backup:Successfully built 6f221ab38327
INFO:kolla.common.utils.cinder-backup:Successfully tagged s390x/debian-binary-cinder-backup:9.1.0
INFO:kolla.common.utils.cinder-backup:Built at 2020-03-02 21:27:29.231326 (took 0:00:09.583524)
