INFO:kolla.common.utils.cinder-base:Building started at 2020-03-02 21:24:10.168463
INFO:kolla.common.utils.cinder-base:Step 1/7 : FROM s390x/debian-binary-openstack-base:9.1.0
INFO:kolla.common.utils.cinder-base: ---> d0f37d4345b6
INFO:kolla.common.utils.cinder-base:Step 2/7 : LABEL maintainer="Kolla Project (https://launchpad.net/kolla)" name="cinder-base" build-date="20200302"
INFO:kolla.common.utils.cinder-base: ---> Running in dec4502cb3de
INFO:kolla.common.utils.cinder-base:Removing intermediate container dec4502cb3de
INFO:kolla.common.utils.cinder-base: ---> 1a4051240182
INFO:kolla.common.utils.cinder-base:Step 3/7 : RUN usermod --append --home /var/lib/cinder --groups kolla cinder     && mkdir -p /var/lib/cinder     && chown -R 42407:42407 /var/lib/cinder
INFO:kolla.common.utils.cinder-base: ---> Running in 96aaf980f1b2
INFO:kolla.common.utils.cinder-base:Removing intermediate container 96aaf980f1b2
INFO:kolla.common.utils.cinder-base: ---> 0242f951d1df
INFO:kolla.common.utils.cinder-base:Step 4/7 : RUN apt-get update && apt-get -y install --no-install-recommends ceph-common cinder-common lvm2 cryptsetup python3-cephfs python3-oslo.vmware python3-rados python3-rbd && apt-get clean && rm -rf /var/lib/apt/lists/*
INFO:kolla.common.utils.cinder-base: ---> Running in ee98ade4d844
INFO:kolla.common.utils.cinder-base:Get:1 http://deb.debian.org/debian buster InRelease [122 kB]
INFO:kolla.common.utils.cinder-base:Get:2 http://deb.debian.org/debian buster-backports InRelease [46.7 kB]
INFO:kolla.common.utils.cinder-base:Get:3 http://security-cdn.debian.org/debian-security buster/updates InRelease [65.4 kB]
INFO:kolla.common.utils.cinder-base:Get:4 http://deb.debian.org/debian buster/main s390x Packages [7,624 kB]
INFO:kolla.common.utils.cinder-base:Get:5 http://buster-train.debian.net/debian buster-train-backports InRelease [3,660 B]
INFO:kolla.common.utils.cinder-base:Get:6 http://deb.debian.org/debian buster-backports/main s390x Packages [209 kB]
INFO:kolla.common.utils.cinder-base:Get:7 http://buster-train.debian.net/debian buster-train-backports-nochange InRelease [3,669 B]
INFO:kolla.common.utils.cinder-base:Get:8 http://security-cdn.debian.org/debian-security buster/updates/main s390x Packages [161 kB]
INFO:kolla.common.utils.cinder-base:Fetched 8,235 kB in 2s (4,995 kB/s)
INFO:kolla.common.utils.cinder-base:Reading package lists...
INFO:kolla.common.utils.cinder-base:[91mW: Skipping acquire of configured file 'main/binary-s390x/Packages' as repository 'http://buster-train.debian.net/debian buster-train-backports InRelease' does not seem to provide it (sources.list entry misspelt?)
INFO:kolla.common.utils.cinder-base:W: Skipping acquire of configured file 'main/binary-s390x/Packages' as repository 'http://buster-train.debian.net/debian buster-train-backports-nochange InRelease' does not seem to provide it (sources.list entry misspelt?)
INFO:kolla.common.utils.cinder-base:[0m
INFO:kolla.common.utils.cinder-base:Reading package lists...
INFO:kolla.common.utils.cinder-base:Building dependency tree...
INFO:kolla.common.utils.cinder-base:Reading state information...
INFO:kolla.common.utils.cinder-base:lvm2 is already the newest version (2.03.02-3).
INFO:kolla.common.utils.cinder-base:The following additional packages will be installed:
INFO:kolla.common.utils.cinder-base:  alembic busybox cpio cryptsetup-bin cryptsetup-initramfs cryptsetup-run
INFO:kolla.common.utils.cinder-base:  dbconfig-common initramfs-tools initramfs-tools-core klibc-utils libargon2-1
INFO:kolla.common.utils.cinder-base:  libbabeltrace1 libboost-atomic1.67.0 libboost-iostreams1.67.0
INFO:kolla.common.utils.cinder-base:  libboost-program-options1.67.0 libboost-system1.67.0 libboost-thread1.67.0
INFO:kolla.common.utils.cinder-base:  libcephfs2 libcryptsetup12 libcurl3-gnutls libdw1 libjs-jquery
INFO:kolla.common.utils.cinder-base:  libjs-sphinxdoc libjs-underscore libjson-c3 libklibc libleveldb1d libnorm1
INFO:kolla.common.utils.cinder-base:  libnspr4 libnss3 liboath0 libpgm-5.2-0 libpopt0 libpython3.7 librabbitmq4
INFO:kolla.common.utils.cinder-base:  librados2 libradosstriper1 librbd1 libsnappy1v5 libsodium23 libzmq5
INFO:kolla.common.utils.cinder-base:  linux-base os-brick-common pycadf-common python-pastedeploy-tpl
INFO:kolla.common.utils.cinder-base:  python3-alembic python3-amqp python3-anyjson python3-automaton
INFO:kolla.common.utils.cinder-base:  python3-bcrypt python3-cachetools python3-castellan python3-ceph-argparse
INFO:kolla.common.utils.cinder-base:  python3-cffi python3-cinder python3-cursive python3-ddt python3-defusedxml
INFO:kolla.common.utils.cinder-base:  python3-editor python3-googleapi python3-httplib2 python3-kafka
INFO:kolla.common.utils.cinder-base:  python3-keystonemiddleware python3-kombu python3-mako python3-migrate
INFO:kolla.common.utils.cinder-base:  python3-nacl python3-networkx python3-oauth2client python3-os-brick
INFO:kolla.common.utils.cinder-base:  python3-os-win python3-oslo.cache python3-oslo.db python3-oslo.messaging
INFO:kolla.common.utils.cinder-base:  python3-oslo.middleware python3-oslo.policy python3-oslo.privsep
INFO:kolla.common.utils.cinder-base:  python3-oslo.reports python3-oslo.rootwrap python3-oslo.service
INFO:kolla.common.utils.cinder-base:  python3-oslo.versionedobjects python3-paramiko python3-paste
INFO:kolla.common.utils.cinder-base:  python3-pastedeploy python3-psutil python3-pyasn1 python3-pyasn1-modules
INFO:kolla.common.utils.cinder-base:  python3-pycadf python3-pycparser python3-pyudev python3-repoze.lru
INFO:kolla.common.utils.cinder-base:  python3-retrying python3-routes python3-rsa python3-rtslib-fb
INFO:kolla.common.utils.cinder-base:  python3-sphinx-feature-classification python3-sqlalchemy python3-sqlparse
INFO:kolla.common.utils.cinder-base:  python3-statsd python3-suds python3-taskflow python3-tempita
INFO:kolla.common.utils.cinder-base:  python3-tenacity python3-testresources python3-testscenarios python3-tooz
INFO:kolla.common.utils.cinder-base:  python3-uritemplate python3-vine python3-voluptuous python3-zmq sqlite3 ucf
INFO:kolla.common.utils.cinder-base:Suggested packages:
INFO:kolla.common.utils.cinder-base:  ceph ceph-mds libarchive1 dosfstools keyutils liblocale-gettext-perl
INFO:kolla.common.utils.cinder-base:  dbconfig-mysql | dbconfig-pgsql | dbconfig-sqlite | dbconfig-sqlite3
INFO:kolla.common.utils.cinder-base:  | dbconfig-no-thanks bash-completion python-amqp-doc python-automaton-doc
INFO:kolla.common.utils.cinder-base:  python-castellan-doc python3-dev python-cursive-doc python-kafka-doc
INFO:kolla.common.utils.cinder-base:  python-kombu-doc python3-boto python3-django python3-pymongo python3-beaker
INFO:kolla.common.utils.cinder-base:  python-mako-doc python-migrate-doc python-nacl-doc python-networkx-doc
INFO:kolla.common.utils.cinder-base:  python-os-brick-doc python-os-win-doc python-oslo.cache-doc
INFO:kolla.common.utils.cinder-base:  python-oslo.middleware-doc python-oslo.policy-doc python-oslo.privsep-doc
INFO:kolla.common.utils.cinder-base:  python-oslo.reports-doc python-oslo.service-doc
INFO:kolla.common.utils.cinder-base:  python-oslo.versionedobjects-doc python3-gssapi httpd-wsgi
INFO:kolla.common.utils.cinder-base:  libapache2-mod-python libapache2-mod-scgi libjs-mochikit python-psutil-doc
INFO:kolla.common.utils.cinder-base:  cpp python-rtslib-fb-doc python-sphinx-feature-classification-doc
INFO:kolla.common.utils.cinder-base:  python-sqlalchemy-doc python3-fdb python-sqlparse-doc python-tenacity-doc
INFO:kolla.common.utils.cinder-base:  sqlite3-doc
INFO:kolla.common.utils.cinder-base:Recommended packages:
INFO:kolla.common.utils.cinder-base:  console-setup kbd pigz javascript-common python3-ceph python3-hp3parclient
INFO:kolla.common.utils.cinder-base:  python3-gdal python3-numpy python3-scipy python3-pastescript
INFO:kolla.common.utils.cinder-base:  python3-sqlalchemy-ext
INFO:kolla.common.utils.cinder-base:The following NEW packages will be installed:
INFO:kolla.common.utils.cinder-base:  alembic busybox ceph-common cinder-common cpio cryptsetup cryptsetup-bin
INFO:kolla.common.utils.cinder-base:  cryptsetup-initramfs cryptsetup-run dbconfig-common initramfs-tools
INFO:kolla.common.utils.cinder-base:  initramfs-tools-core klibc-utils libargon2-1 libbabeltrace1
INFO:kolla.common.utils.cinder-base:  libboost-atomic1.67.0 libboost-iostreams1.67.0
INFO:kolla.common.utils.cinder-base:  libboost-program-options1.67.0 libboost-system1.67.0 libboost-thread1.67.0
INFO:kolla.common.utils.cinder-base:  libcephfs2 libcryptsetup12 libcurl3-gnutls libdw1 libjs-jquery
INFO:kolla.common.utils.cinder-base:  libjs-sphinxdoc libjs-underscore libjson-c3 libklibc libleveldb1d libnorm1
INFO:kolla.common.utils.cinder-base:  libnspr4 libnss3 liboath0 libpgm-5.2-0 libpopt0 libpython3.7 librabbitmq4
INFO:kolla.common.utils.cinder-base:  librados2 libradosstriper1 librbd1 libsnappy1v5 libsodium23 libzmq5
INFO:kolla.common.utils.cinder-base:  linux-base os-brick-common pycadf-common python-pastedeploy-tpl
INFO:kolla.common.utils.cinder-base:  python3-alembic python3-amqp python3-anyjson python3-automaton
INFO:kolla.common.utils.cinder-base:  python3-bcrypt python3-cachetools python3-castellan python3-ceph-argparse
INFO:kolla.common.utils.cinder-base:  python3-cephfs python3-cffi python3-cinder python3-cursive python3-ddt
INFO:kolla.common.utils.cinder-base:  python3-defusedxml python3-editor python3-googleapi python3-httplib2
INFO:kolla.common.utils.cinder-base:  python3-kafka python3-keystonemiddleware python3-kombu python3-mako
INFO:kolla.common.utils.cinder-base:  python3-migrate python3-nacl python3-networkx python3-oauth2client
INFO:kolla.common.utils.cinder-base:  python3-os-brick python3-os-win python3-oslo.cache python3-oslo.db
INFO:kolla.common.utils.cinder-base:  python3-oslo.messaging python3-oslo.middleware python3-oslo.policy
INFO:kolla.common.utils.cinder-base:  python3-oslo.privsep python3-oslo.reports python3-oslo.rootwrap
INFO:kolla.common.utils.cinder-base:  python3-oslo.service python3-oslo.versionedobjects python3-oslo.vmware
INFO:kolla.common.utils.cinder-base:  python3-paramiko python3-paste python3-pastedeploy python3-psutil
INFO:kolla.common.utils.cinder-base:  python3-pyasn1 python3-pyasn1-modules python3-pycadf python3-pycparser
INFO:kolla.common.utils.cinder-base:  python3-pyudev python3-rados python3-rbd python3-repoze.lru python3-retrying
INFO:kolla.common.utils.cinder-base:  python3-routes python3-rsa python3-rtslib-fb
INFO:kolla.common.utils.cinder-base:  python3-sphinx-feature-classification python3-sqlalchemy python3-sqlparse
INFO:kolla.common.utils.cinder-base:  python3-statsd python3-suds python3-taskflow python3-tempita
INFO:kolla.common.utils.cinder-base:  python3-tenacity python3-testresources python3-testscenarios python3-tooz
INFO:kolla.common.utils.cinder-base:  python3-uritemplate python3-vine python3-voluptuous python3-zmq sqlite3 ucf
INFO:kolla.common.utils.cinder-base:0 upgraded, 119 newly installed, 0 to remove and 0 not upgraded.
INFO:kolla.common.utils.cinder-base:Need to get 36.6 MB of archives.
INFO:kolla.common.utils.cinder-base:After this operation, 188 MB of additional disk space will be used.
INFO:kolla.common.utils.cinder-base:Get:1 http://deb.debian.org/debian buster/main s390x cpio s390x 2.12+dfsg-9 [218 kB]
INFO:kolla.common.utils.cinder-base:Get:2 http://deb.debian.org/debian buster/main s390x ucf all 3.0038+nmu1 [69.0 kB]
INFO:kolla.common.utils.cinder-base:Get:3 http://deb.debian.org/debian buster/main s390x python3-editor all 1.0.3-1 [4,928 B]
INFO:kolla.common.utils.cinder-base:Get:4 http://deb.debian.org/debian buster/main s390x python3-mako all 1.0.7+ds1-1 [61.5 kB]
INFO:kolla.common.utils.cinder-base:Get:6 http://deb.debian.org/debian buster/main s390x python3-sqlalchemy all 1.2.18+ds1-2 [727 kB]
INFO:kolla.common.utils.cinder-base:Get:7 http://deb.debian.org/debian buster/main s390x python3-alembic all 1.0.0-3 [110 kB]
INFO:kolla.common.utils.cinder-base:Get:8 http://deb.debian.org/debian buster/main s390x libjs-jquery all 3.3.1~dfsg-3 [332 kB]
INFO:kolla.common.utils.cinder-base:Get:9 http://deb.debian.org/debian buster/main s390x libjs-underscore all 1.9.1~dfsg-1 [99.4 kB]
INFO:kolla.common.utils.cinder-base:Get:10 http://deb.debian.org/debian buster/main s390x libjs-sphinxdoc all 1.8.4-1 [95.9 kB]
INFO:kolla.common.utils.cinder-base:Get:5 http://security-cdn.debian.org/debian-security buster/updates/main s390x libcurl3-gnutls s390x 7.64.0-4+deb10u1 [307 kB]
INFO:kolla.common.utils.cinder-base:Get:11 http://deb.debian.org/debian buster/main s390x alembic all 1.0.0-3 [370 kB]
INFO:kolla.common.utils.cinder-base:Get:12 http://deb.debian.org/debian buster/main s390x busybox s390x 1:1.30.1-4 [428 kB]
INFO:kolla.common.utils.cinder-base:Get:13 http://deb.debian.org/debian buster/main s390x libboost-iostreams1.67.0 s390x 1.67.0-13+deb10u1 [247 kB]
INFO:kolla.common.utils.cinder-base:Get:14 http://deb.debian.org/debian buster/main s390x libboost-system1.67.0 s390x 1.67.0-13+deb10u1 [229 kB]
INFO:kolla.common.utils.cinder-base:Get:15 http://deb.debian.org/debian buster/main s390x libboost-atomic1.67.0 s390x 1.67.0-13+deb10u1 [226 kB]
INFO:kolla.common.utils.cinder-base:Get:16 http://deb.debian.org/debian buster/main s390x libboost-thread1.67.0 s390x 1.67.0-13+deb10u1 [264 kB]
INFO:kolla.common.utils.cinder-base:Get:17 http://deb.debian.org/debian buster/main s390x libnspr4 s390x 2:4.20-1 [107 kB]
INFO:kolla.common.utils.cinder-base:Get:18 http://deb.debian.org/debian buster/main s390x libnss3 s390x 2:3.42.1-1+deb10u2 [1,051 kB]
INFO:kolla.common.utils.cinder-base:Get:19 http://deb.debian.org/debian buster-backports/main s390x librados2 s390x 14.2.6-4~bpo10+1 [2,702 kB]
INFO:kolla.common.utils.cinder-base:Get:20 http://deb.debian.org/debian buster-backports/main s390x librbd1 s390x 14.2.6-4~bpo10+1 [1,241 kB]
INFO:kolla.common.utils.cinder-base:Get:21 http://deb.debian.org/debian buster-backports/main s390x libcephfs2 s390x 14.2.6-4~bpo10+1 [411 kB]
INFO:kolla.common.utils.cinder-base:Get:22 http://deb.debian.org/debian buster-backports/main s390x python3-ceph-argparse s390x 14.2.6-4~bpo10+1 [47.7 kB]
INFO:kolla.common.utils.cinder-base:Get:23 http://deb.debian.org/debian buster/main s390x libpython3.7 s390x 3.7.3-2+deb10u1 [1,359 kB]
INFO:kolla.common.utils.cinder-base:Get:24 http://deb.debian.org/debian buster-backports/main s390x python3-rados s390x 14.2.6-4~bpo10+1 [262 kB]
INFO:kolla.common.utils.cinder-base:Get:25 http://deb.debian.org/debian buster-backports/main s390x python3-cephfs s390x 14.2.6-4~bpo10+1 [125 kB]
INFO:kolla.common.utils.cinder-base:Get:26 http://deb.debian.org/debian buster-backports/main s390x python3-rbd s390x 14.2.6-4~bpo10+1 [234 kB]
INFO:kolla.common.utils.cinder-base:Get:27 http://deb.debian.org/debian buster/main s390x libdw1 s390x 0.176-1.1 [220 kB]
INFO:kolla.common.utils.cinder-base:Get:28 http://deb.debian.org/debian buster/main s390x libpopt0 s390x 1.16-12 [47.7 kB]
INFO:kolla.common.utils.cinder-base:Get:29 http://deb.debian.org/debian buster/main s390x libbabeltrace1 s390x 1.5.6-2+deb10u1 [157 kB]
INFO:kolla.common.utils.cinder-base:Get:30 http://deb.debian.org/debian buster/main s390x libboost-program-options1.67.0 s390x 1.67.0-13+deb10u1 [342 kB]
INFO:kolla.common.utils.cinder-base:Get:31 http://deb.debian.org/debian buster/main s390x libsnappy1v5 s390x 1.1.7-1 [16.9 kB]
INFO:kolla.common.utils.cinder-base:Get:32 http://deb.debian.org/debian buster/main s390x libleveldb1d s390x 1.20-2.1 [126 kB]
INFO:kolla.common.utils.cinder-base:Get:33 http://deb.debian.org/debian buster/main s390x liboath0 s390x 2.6.1-1.3 [76.7 kB]
INFO:kolla.common.utils.cinder-base:Get:34 http://deb.debian.org/debian buster/main s390x librabbitmq4 s390x 0.9.0-0.2 [39.2 kB]
INFO:kolla.common.utils.cinder-base:Get:35 http://deb.debian.org/debian buster-backports/main s390x libradosstriper1 s390x 14.2.6-4~bpo10+1 [336 kB]
INFO:kolla.common.utils.cinder-base:Get:36 http://deb.debian.org/debian buster-backports/main s390x ceph-common s390x 14.2.6-4~bpo10+1 [13.2 MB]
INFO:kolla.common.utils.cinder-base:Get:37 http://deb.debian.org/debian buster/main s390x dbconfig-common all 2.0.11+deb10u1 [599 kB]
INFO:kolla.common.utils.cinder-base:Get:38 http://deb.debian.org/debian buster/main s390x python3-castellan all 0.19.0-1 [35.4 kB]
INFO:kolla.common.utils.cinder-base:Get:39 http://deb.debian.org/debian buster/main s390x python3-cursive all 0.2.1-2 [14.1 kB]
INFO:kolla.common.utils.cinder-base:Get:40 http://deb.debian.org/debian buster/main s390x python3-defusedxml all 0.5.0-2 [20.1 kB]
INFO:kolla.common.utils.cinder-base:Get:41 http://deb.debian.org/debian buster/main s390x python3-httplib2 all 0.11.3-2 [29.2 kB]
INFO:kolla.common.utils.cinder-base:Get:42 http://deb.debian.org/debian buster/main s390x python3-pyasn1 all 0.4.2-3 [57.7 kB]
INFO:kolla.common.utils.cinder-base:Get:43 http://deb.debian.org/debian buster/main s390x python3-pyasn1-modules all 0.2.1-0.2 [34.5 kB]
INFO:kolla.common.utils.cinder-base:Get:44 http://deb.debian.org/debian buster/main s390x python3-rsa all 4.0-2 [26.7 kB]
INFO:kolla.common.utils.cinder-base:Get:45 http://deb.debian.org/debian buster/main s390x python3-uritemplate all 0.6-3 [5,208 B]
INFO:kolla.common.utils.cinder-base:Get:46 http://deb.debian.org/debian buster/main s390x python3-oauth2client all 4.1.2-3 [69.3 kB]
INFO:kolla.common.utils.cinder-base:Get:47 http://deb.debian.org/debian buster/main s390x python3-googleapi all 1.5.5-1 [42.5 kB]
INFO:kolla.common.utils.cinder-base:Get:48 http://deb.debian.org/debian buster/main s390x python3-oslo.cache all 1.30.3-1 [28.6 kB]
INFO:kolla.common.utils.cinder-base:Get:49 http://deb.debian.org/debian buster/main s390x pycadf-common all 2.7.0-2 [5,332 B]
INFO:kolla.common.utils.cinder-base:Get:50 http://deb.debian.org/debian buster/main s390x python3-pycadf all 2.7.0-2 [18.9 kB]
INFO:kolla.common.utils.cinder-base:Get:51 http://deb.debian.org/debian buster/main s390x python3-keystonemiddleware all 5.2.0-2 [71.9 kB]
INFO:kolla.common.utils.cinder-base:Get:52 http://deb.debian.org/debian buster/main s390x python3-sqlparse all 0.2.4-1 [33.5 kB]
INFO:kolla.common.utils.cinder-base:Get:53 http://deb.debian.org/debian buster/main s390x python3-tempita all 0.5.2-2 [13.9 kB]
INFO:kolla.common.utils.cinder-base:Get:54 http://deb.debian.org/debian buster/main s390x python3-migrate all 0.11.0-5 [79.2 kB]
INFO:kolla.common.utils.cinder-base:Get:55 http://deb.debian.org/debian buster/main s390x os-brick-common all 2.5.5-1 [3,740 B]
INFO:kolla.common.utils.cinder-base:Get:56 http://deb.debian.org/debian buster/main s390x python3-os-win all 4.0.0-3 [147 kB]
INFO:kolla.common.utils.cinder-base:Get:57 http://deb.debian.org/debian buster/main s390x python3-pycparser all 2.19-1 [75.6 kB]
INFO:kolla.common.utils.cinder-base:Get:58 http://deb.debian.org/debian buster/main s390x python3-cffi all 1.12.2-1 [83.3 kB]
INFO:kolla.common.utils.cinder-base:Get:59 http://deb.debian.org/debian buster/main s390x python3-oslo.privsep all 1.29.0-2 [18.9 kB]
INFO:kolla.common.utils.cinder-base:Get:60 http://deb.debian.org/debian buster/main s390x python3-paste all 3.0.6+dfsg-1 [475 kB]
INFO:kolla.common.utils.cinder-base:Get:61 http://deb.debian.org/debian buster/main s390x python-pastedeploy-tpl all 2.0.1-1 [8,516 B]
INFO:kolla.common.utils.cinder-base:Get:62 http://deb.debian.org/debian buster/main s390x python3-pastedeploy all 2.0.1-1 [18.8 kB]
INFO:kolla.common.utils.cinder-base:Get:63 http://deb.debian.org/debian buster/main s390x python3-repoze.lru all 0.7-1 [11.7 kB]
INFO:kolla.common.utils.cinder-base:Get:64 http://deb.debian.org/debian buster/main s390x python3-routes all 2.4.1-1 [38.2 kB]
INFO:kolla.common.utils.cinder-base:Get:65 http://deb.debian.org/debian buster/main s390x python3-oslo.service all 1.31.8-1 [40.3 kB]
INFO:kolla.common.utils.cinder-base:Get:66 http://deb.debian.org/debian buster/main s390x python3-retrying all 1.3.3-3 [8,708 B]
INFO:kolla.common.utils.cinder-base:Get:67 http://deb.debian.org/debian buster/main s390x python3-os-brick all 2.5.5-1 [120 kB]
INFO:kolla.common.utils.cinder-base:Get:68 http://deb.debian.org/debian buster/main s390x python3-testresources all 2.0.0-2 [27.2 kB]
INFO:kolla.common.utils.cinder-base:Get:69 http://deb.debian.org/debian buster/main s390x python3-testscenarios all 0.5.0-2 [13.4 kB]
INFO:kolla.common.utils.cinder-base:Get:70 http://deb.debian.org/debian buster/main s390x python3-oslo.db all 4.40.0-3 [111 kB]
INFO:kolla.common.utils.cinder-base:Get:71 http://deb.debian.org/debian buster/main s390x python3-vine all 1.1.4+dfsg-2 [15.7 kB]
INFO:kolla.common.utils.cinder-base:Get:72 http://deb.debian.org/debian buster/main s390x python3-amqp all 2.4.0-2 [41.8 kB]
INFO:kolla.common.utils.cinder-base:Get:73 http://deb.debian.org/debian buster/main s390x python3-cachetools all 3.1.0-2 [11.6 kB]
INFO:kolla.common.utils.cinder-base:Get:74 http://deb.debian.org/debian buster/main s390x python3-kafka all 1.4.3-1 [166 kB]
INFO:kolla.common.utils.cinder-base:Get:75 http://deb.debian.org/debian buster/main s390x python3-anyjson all 0.3.3-1 [8,290 B]
INFO:kolla.common.utils.cinder-base:Get:76 http://deb.debian.org/debian buster/main s390x python3-kombu all 4.2.1-3 [163 kB]
INFO:kolla.common.utils.cinder-base:Get:77 http://deb.debian.org/debian buster/main s390x python3-statsd all 3.2.1-2 [11.4 kB]
INFO:kolla.common.utils.cinder-base:Get:78 http://deb.debian.org/debian buster/main s390x python3-oslo.middleware all 3.36.0-2 [30.6 kB]
INFO:kolla.common.utils.cinder-base:Get:79 http://deb.debian.org/debian buster/main s390x python3-tenacity all 4.12.0-2 [34.1 kB]
INFO:kolla.common.utils.cinder-base:Get:80 http://deb.debian.org/debian buster/main s390x libnorm1 s390x 1.5.8+dfsg2-1 [258 kB]
INFO:kolla.common.utils.cinder-base:Get:81 http://deb.debian.org/debian buster/main s390x libpgm-5.2-0 s390x 5.2.122~dfsg-3 [148 kB]
INFO:kolla.common.utils.cinder-base:Get:82 http://deb.debian.org/debian buster/main s390x libsodium23 s390x 1.0.17-1 [126 kB]
INFO:kolla.common.utils.cinder-base:Get:83 http://deb.debian.org/debian buster/main s390x libzmq5 s390x 4.3.1-4+deb10u1 [217 kB]
INFO:kolla.common.utils.cinder-base:Get:84 http://deb.debian.org/debian buster/main s390x python3-zmq s390x 17.1.2-2 [250 kB]
INFO:kolla.common.utils.cinder-base:Get:85 http://deb.debian.org/debian buster/main s390x python3-oslo.messaging all 8.1.4-1+deb10u1 [166 kB]
INFO:kolla.common.utils.cinder-base:Get:86 http://deb.debian.org/debian buster/main s390x python3-oslo.policy all 1.38.1-2 [43.6 kB]
INFO:kolla.common.utils.cinder-base:Get:87 http://deb.debian.org/debian buster/main s390x python3-psutil s390x 5.5.1-1 [166 kB]
INFO:kolla.common.utils.cinder-base:Get:88 http://deb.debian.org/debian buster/main s390x python3-oslo.reports all 1.28.0-2 [25.2 kB]
INFO:kolla.common.utils.cinder-base:Get:89 http://deb.debian.org/debian buster/main s390x python3-oslo.rootwrap all 5.14.1-2 [23.9 kB]
INFO:kolla.common.utils.cinder-base:Get:90 http://deb.debian.org/debian buster/main s390x python3-oslo.versionedobjects all 1.33.3-2 [55.9 kB]
INFO:kolla.common.utils.cinder-base:Get:91 http://deb.debian.org/debian buster/main s390x python3-ddt all 1.1.1-1 [6,532 B]
INFO:kolla.common.utils.cinder-base:Get:92 http://deb.debian.org/debian buster/main s390x python3-suds all 0.7~git20150727.94664dd-5 [147 kB]
INFO:kolla.common.utils.cinder-base:Get:93 http://deb.debian.org/debian buster/main s390x python3-oslo.vmware all 2.31.0-2 [156 kB]
INFO:kolla.common.utils.cinder-base:Get:94 http://deb.debian.org/debian buster/main s390x python3-bcrypt s390x 3.1.6-1 [27.8 kB]
INFO:kolla.common.utils.cinder-base:Get:95 http://deb.debian.org/debian buster/main s390x python3-nacl s390x 1.3.0-2 [48.6 kB]
INFO:kolla.common.utils.cinder-base:Get:96 http://deb.debian.org/debian buster/main s390x python3-paramiko all 2.4.2-0.1 [120 kB]
INFO:kolla.common.utils.cinder-base:Get:97 http://deb.debian.org/debian buster/main s390x python3-pyudev all 0.21.0-1 [40.2 kB]
INFO:kolla.common.utils.cinder-base:Get:98 http://deb.debian.org/debian buster/main s390x python3-rtslib-fb all 2.1.66-2 [33.7 kB]
INFO:kolla.common.utils.cinder-base:Get:99 http://deb.debian.org/debian buster/main s390x python3-automaton all 1.15.0-1 [14.9 kB]
INFO:kolla.common.utils.cinder-base:Get:100 http://deb.debian.org/debian buster/main s390x python3-networkx all 2.2-1 [818 kB]
INFO:kolla.common.utils.cinder-base:Get:101 http://deb.debian.org/debian buster/main s390x python3-taskflow all 3.2.0-3 [214 kB]
INFO:kolla.common.utils.cinder-base:Get:102 http://deb.debian.org/debian buster/main s390x python3-voluptuous all 0.11.1-1 [33.2 kB]
INFO:kolla.common.utils.cinder-base:Get:103 http://deb.debian.org/debian buster/main s390x python3-tooz all 1.62.0-3 [48.7 kB]
INFO:kolla.common.utils.cinder-base:Get:104 http://deb.debian.org/debian buster/main s390x python3-sphinx-feature-classification all 0.3.0-1 [8,028 B]
INFO:kolla.common.utils.cinder-base:Get:105 http://deb.debian.org/debian buster/main s390x python3-cinder all 2:13.0.3-1 [2,474 kB]
INFO:kolla.common.utils.cinder-base:Get:106 http://deb.debian.org/debian buster/main s390x sqlite3 s390x 3.27.2-3 [855 kB]
INFO:kolla.common.utils.cinder-base:Get:107 http://deb.debian.org/debian buster/main s390x cinder-common all 2:13.0.3-1 [69.9 kB]
INFO:kolla.common.utils.cinder-base:Get:108 http://deb.debian.org/debian buster/main s390x libargon2-1 s390x 0~20171227-0.2 [37.5 kB]
INFO:kolla.common.utils.cinder-base:Get:109 http://deb.debian.org/debian buster/main s390x libjson-c3 s390x 0.12.1+ds-2 [25.9 kB]
INFO:kolla.common.utils.cinder-base:Get:110 http://deb.debian.org/debian buster/main s390x libcryptsetup12 s390x 2:2.1.0-5+deb10u2 [174 kB]
INFO:kolla.common.utils.cinder-base:Get:111 http://deb.debian.org/debian buster/main s390x cryptsetup-bin s390x 2:2.1.0-5+deb10u2 [296 kB]
INFO:kolla.common.utils.cinder-base:Get:112 http://deb.debian.org/debian buster/main s390x cryptsetup-run s390x 2:2.1.0-5+deb10u2 [198 kB]
INFO:kolla.common.utils.cinder-base:Get:113 http://deb.debian.org/debian buster/main s390x libklibc s390x 2.0.6-1 [59.3 kB]
INFO:kolla.common.utils.cinder-base:Get:114 http://deb.debian.org/debian buster/main s390x klibc-utils s390x 2.0.6-1 [101 kB]
INFO:kolla.common.utils.cinder-base:Get:115 http://deb.debian.org/debian buster/main s390x initramfs-tools-core all 0.133+deb10u1 [99.2 kB]
INFO:kolla.common.utils.cinder-base:Get:116 http://deb.debian.org/debian buster/main s390x linux-base all 4.6 [32.4 kB]
INFO:kolla.common.utils.cinder-base:Get:117 http://deb.debian.org/debian buster/main s390x initramfs-tools all 0.133+deb10u1 [69.7 kB]
INFO:kolla.common.utils.cinder-base:Get:118 http://deb.debian.org/debian buster/main s390x cryptsetup-initramfs all 2:2.1.0-5+deb10u2 [69.6 kB]
INFO:kolla.common.utils.cinder-base:Get:119 http://deb.debian.org/debian buster/main s390x cryptsetup all 2:2.1.0-5+deb10u2 [51.5 kB]
INFO:kolla.common.utils.cinder-base:Preconfiguring packages ...
INFO:kolla.common.utils.cinder-base:[91mFile descriptor 3 (pipe:[573922]) leaked on vgdisplay invocation. Parent PID 486: /bin/sh
INFO:kolla.common.utils.cinder-base:[0m
INFO:kolla.common.utils.cinder-base:Fetched 36.6 MB in 1s (43.7 MB/s)
INFO:kolla.common.utils.cinder-base:Selecting previously unselected package cpio.
INFO:kolla.common.utils.cinder-base:(Reading database ... 
INFO:kolla.common.utils.cinder-base:(Reading database ... 5%(Reading database ... 10%(Reading database ... 15%(Reading database ... 20%(Reading database ... 25%
INFO:kolla.common.utils.cinder-base:(Reading database ... 30%(Reading database ... 35%(Reading database ... 40%(Reading database ... 45%(Reading database ... 50%(Reading database ... 55%(Reading database ... 60%(Reading database ... 65%
INFO:kolla.common.utils.cinder-base:(Reading database ... 70%
INFO:kolla.common.utils.cinder-base:(Reading database ... 75%
INFO:kolla.common.utils.cinder-base:(Reading database ... 80%
INFO:kolla.common.utils.cinder-base:(Reading database ... 85%
INFO:kolla.common.utils.cinder-base:(Reading database ... 90%
INFO:kolla.common.utils.cinder-base:(Reading database ... 95%
INFO:kolla.common.utils.cinder-base:(Reading database ... 100%(Reading database ... 21603 files and directories currently installed.)
INFO:kolla.common.utils.cinder-base:Preparing to unpack .../000-cpio_2.12+dfsg-9_s390x.deb ...
INFO:kolla.common.utils.cinder-base:Unpacking cpio (2.12+dfsg-9) ...
INFO:kolla.common.utils.cinder-base:Selecting previously unselected package ucf.
INFO:kolla.common.utils.cinder-base:Preparing to unpack .../001-ucf_3.0038+nmu1_all.deb ...
INFO:kolla.common.utils.cinder-base:Moving old data out of the way
INFO:kolla.common.utils.cinder-base:Unpacking ucf (3.0038+nmu1) ...
INFO:kolla.common.utils.cinder-base:Selecting previously unselected package python3-editor.
INFO:kolla.common.utils.cinder-base:Preparing to unpack .../002-python3-editor_1.0.3-1_all.deb ...
INFO:kolla.common.utils.cinder-base:Unpacking python3-editor (1.0.3-1) ...
INFO:kolla.common.utils.cinder-base:Selecting previously unselected package python3-mako.
INFO:kolla.common.utils.cinder-base:Preparing to unpack .../003-python3-mako_1.0.7+ds1-1_all.deb ...
INFO:kolla.common.utils.cinder-base:Unpacking python3-mako (1.0.7+ds1-1) ...
INFO:kolla.common.utils.cinder-base:Selecting previously unselected package python3-sqlalchemy.
INFO:kolla.common.utils.cinder-base:Preparing to unpack .../004-python3-sqlalchemy_1.2.18+ds1-2_all.deb ...
INFO:kolla.common.utils.cinder-base:Unpacking python3-sqlalchemy (1.2.18+ds1-2) ...
INFO:kolla.common.utils.cinder-base:Selecting previously unselected package python3-alembic.
INFO:kolla.common.utils.cinder-base:Preparing to unpack .../005-python3-alembic_1.0.0-3_all.deb ...
INFO:kolla.common.utils.cinder-base:Unpacking python3-alembic (1.0.0-3) ...
INFO:kolla.common.utils.cinder-base:Selecting previously unselected package libjs-jquery.
INFO:kolla.common.utils.cinder-base:Preparing to unpack .../006-libjs-jquery_3.3.1~dfsg-3_all.deb ...
INFO:kolla.common.utils.cinder-base:Unpacking libjs-jquery (3.3.1~dfsg-3) ...
INFO:kolla.common.utils.cinder-base:Selecting previously unselected package libjs-underscore.
INFO:kolla.common.utils.cinder-base:Preparing to unpack .../007-libjs-underscore_1.9.1~dfsg-1_all.deb ...
INFO:kolla.common.utils.cinder-base:Unpacking libjs-underscore (1.9.1~dfsg-1) ...
INFO:kolla.common.utils.cinder-base:Selecting previously unselected package libjs-sphinxdoc.
INFO:kolla.common.utils.cinder-base:Preparing to unpack .../008-libjs-sphinxdoc_1.8.4-1_all.deb ...
INFO:kolla.common.utils.cinder-base:Unpacking libjs-sphinxdoc (1.8.4-1) ...
INFO:kolla.common.utils.cinder-base:Selecting previously unselected package alembic.
INFO:kolla.common.utils.cinder-base:Preparing to unpack .../009-alembic_1.0.0-3_all.deb ...
INFO:kolla.common.utils.cinder-base:Unpacking alembic (1.0.0-3) ...
INFO:kolla.common.utils.cinder-base:Selecting previously unselected package busybox.
INFO:kolla.common.utils.cinder-base:Preparing to unpack .../010-busybox_1%3a1.30.1-4_s390x.deb ...
INFO:kolla.common.utils.cinder-base:Unpacking busybox (1:1.30.1-4) ...
INFO:kolla.common.utils.cinder-base:Selecting previously unselected package libboost-iostreams1.67.0:s390x.
INFO:kolla.common.utils.cinder-base:Preparing to unpack .../011-libboost-iostreams1.67.0_1.67.0-13+deb10u1_s390x.deb ...
INFO:kolla.common.utils.cinder-base:Unpacking libboost-iostreams1.67.0:s390x (1.67.0-13+deb10u1) ...
INFO:kolla.common.utils.cinder-base:Selecting previously unselected package libboost-system1.67.0:s390x.
INFO:kolla.common.utils.cinder-base:Preparing to unpack .../012-libboost-system1.67.0_1.67.0-13+deb10u1_s390x.deb ...
INFO:kolla.common.utils.cinder-base:Unpacking libboost-system1.67.0:s390x (1.67.0-13+deb10u1) ...
INFO:kolla.common.utils.cinder-base:Selecting previously unselected package libboost-atomic1.67.0:s390x.
INFO:kolla.common.utils.cinder-base:Preparing to unpack .../013-libboost-atomic1.67.0_1.67.0-13+deb10u1_s390x.deb ...
INFO:kolla.common.utils.cinder-base:Unpacking libboost-atomic1.67.0:s390x (1.67.0-13+deb10u1) ...
INFO:kolla.common.utils.cinder-base:Selecting previously unselected package libboost-thread1.67.0:s390x.
INFO:kolla.common.utils.cinder-base:Preparing to unpack .../014-libboost-thread1.67.0_1.67.0-13+deb10u1_s390x.deb ...
INFO:kolla.common.utils.cinder-base:Unpacking libboost-thread1.67.0:s390x (1.67.0-13+deb10u1) ...
INFO:kolla.common.utils.cinder-base:Selecting previously unselected package libnspr4:s390x.
INFO:kolla.common.utils.cinder-base:Preparing to unpack .../015-libnspr4_2%3a4.20-1_s390x.deb ...
INFO:kolla.common.utils.cinder-base:Unpacking libnspr4:s390x (2:4.20-1) ...
INFO:kolla.common.utils.cinder-base:Selecting previously unselected package libnss3:s390x.
INFO:kolla.common.utils.cinder-base:Preparing to unpack .../016-libnss3_2%3a3.42.1-1+deb10u2_s390x.deb ...
INFO:kolla.common.utils.cinder-base:Unpacking libnss3:s390x (2:3.42.1-1+deb10u2) ...
INFO:kolla.common.utils.cinder-base:Selecting previously unselected package librados2.
INFO:kolla.common.utils.cinder-base:Preparing to unpack .../017-librados2_14.2.6-4~bpo10+1_s390x.deb ...
INFO:kolla.common.utils.cinder-base:Unpacking librados2 (14.2.6-4~bpo10+1) ...
INFO:kolla.common.utils.cinder-base:Selecting previously unselected package librbd1.
INFO:kolla.common.utils.cinder-base:Preparing to unpack .../018-librbd1_14.2.6-4~bpo10+1_s390x.deb ...
INFO:kolla.common.utils.cinder-base:Unpacking librbd1 (14.2.6-4~bpo10+1) ...
INFO:kolla.common.utils.cinder-base:Selecting previously unselected package libcephfs2.
INFO:kolla.common.utils.cinder-base:Preparing to unpack .../019-libcephfs2_14.2.6-4~bpo10+1_s390x.deb ...
INFO:kolla.common.utils.cinder-base:Unpacking libcephfs2 (14.2.6-4~bpo10+1) ...
INFO:kolla.common.utils.cinder-base:Selecting previously unselected package python3-ceph-argparse.
INFO:kolla.common.utils.cinder-base:Preparing to unpack .../020-python3-ceph-argparse_14.2.6-4~bpo10+1_s390x.deb ...
INFO:kolla.common.utils.cinder-base:Unpacking python3-ceph-argparse (14.2.6-4~bpo10+1) ...
INFO:kolla.common.utils.cinder-base:Selecting previously unselected package libpython3.7:s390x.
INFO:kolla.common.utils.cinder-base:Preparing to unpack .../021-libpython3.7_3.7.3-2+deb10u1_s390x.deb ...
INFO:kolla.common.utils.cinder-base:Unpacking libpython3.7:s390x (3.7.3-2+deb10u1) ...
INFO:kolla.common.utils.cinder-base:Selecting previously unselected package python3-rados.
INFO:kolla.common.utils.cinder-base:Preparing to unpack .../022-python3-rados_14.2.6-4~bpo10+1_s390x.deb ...
INFO:kolla.common.utils.cinder-base:Unpacking python3-rados (14.2.6-4~bpo10+1) ...
INFO:kolla.common.utils.cinder-base:Selecting previously unselected package python3-cephfs.
INFO:kolla.common.utils.cinder-base:Preparing to unpack .../023-python3-cephfs_14.2.6-4~bpo10+1_s390x.deb ...
INFO:kolla.common.utils.cinder-base:Unpacking python3-cephfs (14.2.6-4~bpo10+1) ...
INFO:kolla.common.utils.cinder-base:Selecting previously unselected package python3-rbd.
INFO:kolla.common.utils.cinder-base:Preparing to unpack .../024-python3-rbd_14.2.6-4~bpo10+1_s390x.deb ...
INFO:kolla.common.utils.cinder-base:Unpacking python3-rbd (14.2.6-4~bpo10+1) ...
INFO:kolla.common.utils.cinder-base:Selecting previously unselected package libdw1:s390x.
INFO:kolla.common.utils.cinder-base:Preparing to unpack .../025-libdw1_0.176-1.1_s390x.deb ...
INFO:kolla.common.utils.cinder-base:Unpacking libdw1:s390x (0.176-1.1) ...
INFO:kolla.common.utils.cinder-base:Selecting previously unselected package libpopt0:s390x.
INFO:kolla.common.utils.cinder-base:Preparing to unpack .../026-libpopt0_1.16-12_s390x.deb ...
INFO:kolla.common.utils.cinder-base:Unpacking libpopt0:s390x (1.16-12) ...
INFO:kolla.common.utils.cinder-base:Selecting previously unselected package libbabeltrace1:s390x.
INFO:kolla.common.utils.cinder-base:Preparing to unpack .../027-libbabeltrace1_1.5.6-2+deb10u1_s390x.deb ...
INFO:kolla.common.utils.cinder-base:Unpacking libbabeltrace1:s390x (1.5.6-2+deb10u1) ...
INFO:kolla.common.utils.cinder-base:Selecting previously unselected package libboost-program-options1.67.0:s390x.
INFO:kolla.common.utils.cinder-base:Preparing to unpack .../028-libboost-program-options1.67.0_1.67.0-13+deb10u1_s390x.deb ...
INFO:kolla.common.utils.cinder-base:Unpacking libboost-program-options1.67.0:s390x (1.67.0-13+deb10u1) ...
INFO:kolla.common.utils.cinder-base:Selecting previously unselected package libcurl3-gnutls:s390x.
INFO:kolla.common.utils.cinder-base:Preparing to unpack .../029-libcurl3-gnutls_7.64.0-4+deb10u1_s390x.deb ...
INFO:kolla.common.utils.cinder-base:Unpacking libcurl3-gnutls:s390x (7.64.0-4+deb10u1) ...
INFO:kolla.common.utils.cinder-base:Selecting previously unselected package libsnappy1v5:s390x.
INFO:kolla.common.utils.cinder-base:Preparing to unpack .../030-libsnappy1v5_1.1.7-1_s390x.deb ...
INFO:kolla.common.utils.cinder-base:Unpacking libsnappy1v5:s390x (1.1.7-1) ...
INFO:kolla.common.utils.cinder-base:Selecting previously unselected package libleveldb1d:s390x.
INFO:kolla.common.utils.cinder-base:Preparing to unpack .../031-libleveldb1d_1.20-2.1_s390x.deb ...
INFO:kolla.common.utils.cinder-base:Unpacking libleveldb1d:s390x (1.20-2.1) ...
INFO:kolla.common.utils.cinder-base:Selecting previously unselected package liboath0.
INFO:kolla.common.utils.cinder-base:Preparing to unpack .../032-liboath0_2.6.1-1.3_s390x.deb ...
INFO:kolla.common.utils.cinder-base:Unpacking liboath0 (2.6.1-1.3) ...
INFO:kolla.common.utils.cinder-base:Selecting previously unselected package librabbitmq4:s390x.
INFO:kolla.common.utils.cinder-base:Preparing to unpack .../033-librabbitmq4_0.9.0-0.2_s390x.deb ...
INFO:kolla.common.utils.cinder-base:Unpacking librabbitmq4:s390x (0.9.0-0.2) ...
INFO:kolla.common.utils.cinder-base:Selecting previously unselected package libradosstriper1.
INFO:kolla.common.utils.cinder-base:Preparing to unpack .../034-libradosstriper1_14.2.6-4~bpo10+1_s390x.deb ...
INFO:kolla.common.utils.cinder-base:Unpacking libradosstriper1 (14.2.6-4~bpo10+1) ...
INFO:kolla.common.utils.cinder-base:Selecting previously unselected package ceph-common.
INFO:kolla.common.utils.cinder-base:Preparing to unpack .../035-ceph-common_14.2.6-4~bpo10+1_s390x.deb ...
INFO:kolla.common.utils.cinder-base:Unpacking ceph-common (14.2.6-4~bpo10+1) ...
INFO:kolla.common.utils.cinder-base:Selecting previously unselected package dbconfig-common.
INFO:kolla.common.utils.cinder-base:Preparing to unpack .../036-dbconfig-common_2.0.11+deb10u1_all.deb ...
INFO:kolla.common.utils.cinder-base:Unpacking dbconfig-common (2.0.11+deb10u1) ...
INFO:kolla.common.utils.cinder-base:Selecting previously unselected package python3-castellan.
INFO:kolla.common.utils.cinder-base:Preparing to unpack .../037-python3-castellan_0.19.0-1_all.deb ...
INFO:kolla.common.utils.cinder-base:Unpacking python3-castellan (0.19.0-1) ...
INFO:kolla.common.utils.cinder-base:Selecting previously unselected package python3-cursive.
INFO:kolla.common.utils.cinder-base:Preparing to unpack .../038-python3-cursive_0.2.1-2_all.deb ...
INFO:kolla.common.utils.cinder-base:Unpacking python3-cursive (0.2.1-2) ...
INFO:kolla.common.utils.cinder-base:Selecting previously unselected package python3-defusedxml.
INFO:kolla.common.utils.cinder-base:Preparing to unpack .../039-python3-defusedxml_0.5.0-2_all.deb ...
INFO:kolla.common.utils.cinder-base:Unpacking python3-defusedxml (0.5.0-2) ...
INFO:kolla.common.utils.cinder-base:Selecting previously unselected package python3-httplib2.
INFO:kolla.common.utils.cinder-base:Preparing to unpack .../040-python3-httplib2_0.11.3-2_all.deb ...
INFO:kolla.common.utils.cinder-base:Unpacking python3-httplib2 (0.11.3-2) ...
INFO:kolla.common.utils.cinder-base:Selecting previously unselected package python3-pyasn1.
INFO:kolla.common.utils.cinder-base:Preparing to unpack .../041-python3-pyasn1_0.4.2-3_all.deb ...
INFO:kolla.common.utils.cinder-base:Unpacking python3-pyasn1 (0.4.2-3) ...
INFO:kolla.common.utils.cinder-base:Selecting previously unselected package python3-pyasn1-modules.
INFO:kolla.common.utils.cinder-base:Preparing to unpack .../042-python3-pyasn1-modules_0.2.1-0.2_all.deb ...
INFO:kolla.common.utils.cinder-base:Unpacking python3-pyasn1-modules (0.2.1-0.2) ...
INFO:kolla.common.utils.cinder-base:Selecting previously unselected package python3-rsa.
INFO:kolla.common.utils.cinder-base:Preparing to unpack .../043-python3-rsa_4.0-2_all.deb ...
INFO:kolla.common.utils.cinder-base:Unpacking python3-rsa (4.0-2) ...
INFO:kolla.common.utils.cinder-base:Selecting previously unselected package python3-uritemplate.
INFO:kolla.common.utils.cinder-base:Preparing to unpack .../044-python3-uritemplate_0.6-3_all.deb ...
INFO:kolla.common.utils.cinder-base:Unpacking python3-uritemplate (0.6-3) ...
INFO:kolla.common.utils.cinder-base:Selecting previously unselected package python3-oauth2client.
INFO:kolla.common.utils.cinder-base:Preparing to unpack .../045-python3-oauth2client_4.1.2-3_all.deb ...
INFO:kolla.common.utils.cinder-base:Unpacking python3-oauth2client (4.1.2-3) ...
INFO:kolla.common.utils.cinder-base:Selecting previously unselected package python3-googleapi.
INFO:kolla.common.utils.cinder-base:Preparing to unpack .../046-python3-googleapi_1.5.5-1_all.deb ...
INFO:kolla.common.utils.cinder-base:Unpacking python3-googleapi (1.5.5-1) ...
INFO:kolla.common.utils.cinder-base:Selecting previously unselected package python3-oslo.cache.
INFO:kolla.common.utils.cinder-base:Preparing to unpack .../047-python3-oslo.cache_1.30.3-1_all.deb ...
INFO:kolla.common.utils.cinder-base:Unpacking python3-oslo.cache (1.30.3-1) ...
INFO:kolla.common.utils.cinder-base:Selecting previously unselected package pycadf-common.
INFO:kolla.common.utils.cinder-base:Preparing to unpack .../048-pycadf-common_2.7.0-2_all.deb ...
INFO:kolla.common.utils.cinder-base:Unpacking pycadf-common (2.7.0-2) ...
INFO:kolla.common.utils.cinder-base:Selecting previously unselected package python3-pycadf.
INFO:kolla.common.utils.cinder-base:Preparing to unpack .../049-python3-pycadf_2.7.0-2_all.deb ...
INFO:kolla.common.utils.cinder-base:Unpacking python3-pycadf (2.7.0-2) ...
INFO:kolla.common.utils.cinder-base:Selecting previously unselected package python3-keystonemiddleware.
INFO:kolla.common.utils.cinder-base:Preparing to unpack .../050-python3-keystonemiddleware_5.2.0-2_all.deb ...
INFO:kolla.common.utils.cinder-base:Unpacking python3-keystonemiddleware (5.2.0-2) ...
INFO:kolla.common.utils.cinder-base:Selecting previously unselected package python3-sqlparse.
INFO:kolla.common.utils.cinder-base:Preparing to unpack .../051-python3-sqlparse_0.2.4-1_all.deb ...
INFO:kolla.common.utils.cinder-base:Unpacking python3-sqlparse (0.2.4-1) ...
INFO:kolla.common.utils.cinder-base:Selecting previously unselected package python3-tempita.
INFO:kolla.common.utils.cinder-base:Preparing to unpack .../052-python3-tempita_0.5.2-2_all.deb ...
INFO:kolla.common.utils.cinder-base:Unpacking python3-tempita (0.5.2-2) ...
INFO:kolla.common.utils.cinder-base:Selecting previously unselected package python3-migrate.
INFO:kolla.common.utils.cinder-base:Preparing to unpack .../053-python3-migrate_0.11.0-5_all.deb ...
INFO:kolla.common.utils.cinder-base:Unpacking python3-migrate (0.11.0-5) ...
INFO:kolla.common.utils.cinder-base:Selecting previously unselected package os-brick-common.
INFO:kolla.common.utils.cinder-base:Preparing to unpack .../054-os-brick-common_2.5.5-1_all.deb ...
INFO:kolla.common.utils.cinder-base:Unpacking os-brick-common (2.5.5-1) ...
INFO:kolla.common.utils.cinder-base:Selecting previously unselected package python3-os-win.
INFO:kolla.common.utils.cinder-base:Preparing to unpack .../055-python3-os-win_4.0.0-3_all.deb ...
INFO:kolla.common.utils.cinder-base:Unpacking python3-os-win (4.0.0-3) ...
INFO:kolla.common.utils.cinder-base:Selecting previously unselected package python3-pycparser.
INFO:kolla.common.utils.cinder-base:Preparing to unpack .../056-python3-pycparser_2.19-1_all.deb ...
INFO:kolla.common.utils.cinder-base:Unpacking python3-pycparser (2.19-1) ...
INFO:kolla.common.utils.cinder-base:Selecting previously unselected package python3-cffi.
INFO:kolla.common.utils.cinder-base:Preparing to unpack .../057-python3-cffi_1.12.2-1_all.deb ...
INFO:kolla.common.utils.cinder-base:Unpacking python3-cffi (1.12.2-1) ...
INFO:kolla.common.utils.cinder-base:Selecting previously unselected package python3-oslo.privsep.
INFO:kolla.common.utils.cinder-base:Preparing to unpack .../058-python3-oslo.privsep_1.29.0-2_all.deb ...
INFO:kolla.common.utils.cinder-base:Unpacking python3-oslo.privsep (1.29.0-2) ...
INFO:kolla.common.utils.cinder-base:Selecting previously unselected package python3-paste.
INFO:kolla.common.utils.cinder-base:Preparing to unpack .../059-python3-paste_3.0.6+dfsg-1_all.deb ...
INFO:kolla.common.utils.cinder-base:Unpacking python3-paste (3.0.6+dfsg-1) ...
INFO:kolla.common.utils.cinder-base:Selecting previously unselected package python-pastedeploy-tpl.
INFO:kolla.common.utils.cinder-base:Preparing to unpack .../060-python-pastedeploy-tpl_2.0.1-1_all.deb ...
INFO:kolla.common.utils.cinder-base:Unpacking python-pastedeploy-tpl (2.0.1-1) ...
INFO:kolla.common.utils.cinder-base:Selecting previously unselected package python3-pastedeploy.
INFO:kolla.common.utils.cinder-base:Preparing to unpack .../061-python3-pastedeploy_2.0.1-1_all.deb ...
INFO:kolla.common.utils.cinder-base:Unpacking python3-pastedeploy (2.0.1-1) ...
INFO:kolla.common.utils.cinder-base:Selecting previously unselected package python3-repoze.lru.
INFO:kolla.common.utils.cinder-base:Preparing to unpack .../062-python3-repoze.lru_0.7-1_all.deb ...
INFO:kolla.common.utils.cinder-base:Unpacking python3-repoze.lru (0.7-1) ...
INFO:kolla.common.utils.cinder-base:Selecting previously unselected package python3-routes.
INFO:kolla.common.utils.cinder-base:Preparing to unpack .../063-python3-routes_2.4.1-1_all.deb ...
INFO:kolla.common.utils.cinder-base:Unpacking python3-routes (2.4.1-1) ...
INFO:kolla.common.utils.cinder-base:Selecting previously unselected package python3-oslo.service.
INFO:kolla.common.utils.cinder-base:Preparing to unpack .../064-python3-oslo.service_1.31.8-1_all.deb ...
INFO:kolla.common.utils.cinder-base:Unpacking python3-oslo.service (1.31.8-1) ...
INFO:kolla.common.utils.cinder-base:Selecting previously unselected package python3-retrying.
INFO:kolla.common.utils.cinder-base:Preparing to unpack .../065-python3-retrying_1.3.3-3_all.deb ...
INFO:kolla.common.utils.cinder-base:Unpacking python3-retrying (1.3.3-3) ...
INFO:kolla.common.utils.cinder-base:Selecting previously unselected package python3-os-brick.
INFO:kolla.common.utils.cinder-base:Preparing to unpack .../066-python3-os-brick_2.5.5-1_all.deb ...
INFO:kolla.common.utils.cinder-base:Unpacking python3-os-brick (2.5.5-1) ...
INFO:kolla.common.utils.cinder-base:Selecting previously unselected package python3-testresources.
INFO:kolla.common.utils.cinder-base:Preparing to unpack .../067-python3-testresources_2.0.0-2_all.deb ...
INFO:kolla.common.utils.cinder-base:Unpacking python3-testresources (2.0.0-2) ...
INFO:kolla.common.utils.cinder-base:Selecting previously unselected package python3-testscenarios.
INFO:kolla.common.utils.cinder-base:Preparing to unpack .../068-python3-testscenarios_0.5.0-2_all.deb ...
INFO:kolla.common.utils.cinder-base:Unpacking python3-testscenarios (0.5.0-2) ...
INFO:kolla.common.utils.cinder-base:Selecting previously unselected package python3-oslo.db.
INFO:kolla.common.utils.cinder-base:Preparing to unpack .../069-python3-oslo.db_4.40.0-3_all.deb ...
INFO:kolla.common.utils.cinder-base:Unpacking python3-oslo.db (4.40.0-3) ...
INFO:kolla.common.utils.cinder-base:Selecting previously unselected package python3-vine.
INFO:kolla.common.utils.cinder-base:Preparing to unpack .../070-python3-vine_1.1.4+dfsg-2_all.deb ...
INFO:kolla.common.utils.cinder-base:Unpacking python3-vine (1.1.4+dfsg-2) ...
INFO:kolla.common.utils.cinder-base:Selecting previously unselected package python3-amqp.
INFO:kolla.common.utils.cinder-base:Preparing to unpack .../071-python3-amqp_2.4.0-2_all.deb ...
INFO:kolla.common.utils.cinder-base:Unpacking python3-amqp (2.4.0-2) ...
INFO:kolla.common.utils.cinder-base:Selecting previously unselected package python3-cachetools.
INFO:kolla.common.utils.cinder-base:Preparing to unpack .../072-python3-cachetools_3.1.0-2_all.deb ...
INFO:kolla.common.utils.cinder-base:Unpacking python3-cachetools (3.1.0-2) ...
INFO:kolla.common.utils.cinder-base:Selecting previously unselected package python3-kafka.
INFO:kolla.common.utils.cinder-base:Preparing to unpack .../073-python3-kafka_1.4.3-1_all.deb ...
INFO:kolla.common.utils.cinder-base:Unpacking python3-kafka (1.4.3-1) ...
INFO:kolla.common.utils.cinder-base:Selecting previously unselected package python3-anyjson.
INFO:kolla.common.utils.cinder-base:Preparing to unpack .../074-python3-anyjson_0.3.3-1_all.deb ...
INFO:kolla.common.utils.cinder-base:Unpacking python3-anyjson (0.3.3-1) ...
INFO:kolla.common.utils.cinder-base:Selecting previously unselected package python3-kombu.
INFO:kolla.common.utils.cinder-base:Preparing to unpack .../075-python3-kombu_4.2.1-3_all.deb ...
INFO:kolla.common.utils.cinder-base:Unpacking python3-kombu (4.2.1-3) ...
INFO:kolla.common.utils.cinder-base:Selecting previously unselected package python3-statsd.
INFO:kolla.common.utils.cinder-base:Preparing to unpack .../076-python3-statsd_3.2.1-2_all.deb ...
INFO:kolla.common.utils.cinder-base:Unpacking python3-statsd (3.2.1-2) ...
INFO:kolla.common.utils.cinder-base:Selecting previously unselected package python3-oslo.middleware.
INFO:kolla.common.utils.cinder-base:Preparing to unpack .../077-python3-oslo.middleware_3.36.0-2_all.deb ...
INFO:kolla.common.utils.cinder-base:Unpacking python3-oslo.middleware (3.36.0-2) ...
INFO:kolla.common.utils.cinder-base:Selecting previously unselected package python3-tenacity.
INFO:kolla.common.utils.cinder-base:Preparing to unpack .../078-python3-tenacity_4.12.0-2_all.deb ...
INFO:kolla.common.utils.cinder-base:Unpacking python3-tenacity (4.12.0-2) ...
INFO:kolla.common.utils.cinder-base:Selecting previously unselected package libnorm1:s390x.
INFO:kolla.common.utils.cinder-base:Preparing to unpack .../079-libnorm1_1.5.8+dfsg2-1_s390x.deb ...
INFO:kolla.common.utils.cinder-base:Unpacking libnorm1:s390x (1.5.8+dfsg2-1) ...
INFO:kolla.common.utils.cinder-base:Selecting previously unselected package libpgm-5.2-0:s390x.
INFO:kolla.common.utils.cinder-base:Preparing to unpack .../080-libpgm-5.2-0_5.2.122~dfsg-3_s390x.deb ...
INFO:kolla.common.utils.cinder-base:Unpacking libpgm-5.2-0:s390x (5.2.122~dfsg-3) ...
INFO:kolla.common.utils.cinder-base:Selecting previously unselected package libsodium23:s390x.
INFO:kolla.common.utils.cinder-base:Preparing to unpack .../081-libsodium23_1.0.17-1_s390x.deb ...
INFO:kolla.common.utils.cinder-base:Unpacking libsodium23:s390x (1.0.17-1) ...
INFO:kolla.common.utils.cinder-base:Selecting previously unselected package libzmq5:s390x.
INFO:kolla.common.utils.cinder-base:Preparing to unpack .../082-libzmq5_4.3.1-4+deb10u1_s390x.deb ...
INFO:kolla.common.utils.cinder-base:Unpacking libzmq5:s390x (4.3.1-4+deb10u1) ...
INFO:kolla.common.utils.cinder-base:Selecting previously unselected package python3-zmq.
INFO:kolla.common.utils.cinder-base:Preparing to unpack .../083-python3-zmq_17.1.2-2_s390x.deb ...
INFO:kolla.common.utils.cinder-base:Unpacking python3-zmq (17.1.2-2) ...
INFO:kolla.common.utils.cinder-base:Selecting previously unselected package python3-oslo.messaging.
INFO:kolla.common.utils.cinder-base:Preparing to unpack .../084-python3-oslo.messaging_8.1.4-1+deb10u1_all.deb ...
INFO:kolla.common.utils.cinder-base:Unpacking python3-oslo.messaging (8.1.4-1+deb10u1) ...
INFO:kolla.common.utils.cinder-base:Selecting previously unselected package python3-oslo.policy.
INFO:kolla.common.utils.cinder-base:Preparing to unpack .../085-python3-oslo.policy_1.38.1-2_all.deb ...
INFO:kolla.common.utils.cinder-base:Unpacking python3-oslo.policy (1.38.1-2) ...
INFO:kolla.common.utils.cinder-base:Selecting previously unselected package python3-psutil.
INFO:kolla.common.utils.cinder-base:Preparing to unpack .../086-python3-psutil_5.5.1-1_s390x.deb ...
INFO:kolla.common.utils.cinder-base:Unpacking python3-psutil (5.5.1-1) ...
INFO:kolla.common.utils.cinder-base:Selecting previously unselected package python3-oslo.reports.
INFO:kolla.common.utils.cinder-base:Preparing to unpack .../087-python3-oslo.reports_1.28.0-2_all.deb ...
INFO:kolla.common.utils.cinder-base:Unpacking python3-oslo.reports (1.28.0-2) ...
INFO:kolla.common.utils.cinder-base:Selecting previously unselected package python3-oslo.rootwrap.
INFO:kolla.common.utils.cinder-base:Preparing to unpack .../088-python3-oslo.rootwrap_5.14.1-2_all.deb ...
INFO:kolla.common.utils.cinder-base:Unpacking python3-oslo.rootwrap (5.14.1-2) ...
INFO:kolla.common.utils.cinder-base:Selecting previously unselected package python3-oslo.versionedobjects.
INFO:kolla.common.utils.cinder-base:Preparing to unpack .../089-python3-oslo.versionedobjects_1.33.3-2_all.deb ...
INFO:kolla.common.utils.cinder-base:Unpacking python3-oslo.versionedobjects (1.33.3-2) ...
INFO:kolla.common.utils.cinder-base:Selecting previously unselected package python3-ddt.
INFO:kolla.common.utils.cinder-base:Preparing to unpack .../090-python3-ddt_1.1.1-1_all.deb ...
INFO:kolla.common.utils.cinder-base:Unpacking python3-ddt (1.1.1-1) ...
INFO:kolla.common.utils.cinder-base:Selecting previously unselected package python3-suds.
INFO:kolla.common.utils.cinder-base:Preparing to unpack .../091-python3-suds_0.7~git20150727.94664dd-5_all.deb ...
INFO:kolla.common.utils.cinder-base:Unpacking python3-suds (0.7~git20150727.94664dd-5) ...
INFO:kolla.common.utils.cinder-base:Selecting previously unselected package python3-oslo.vmware.
INFO:kolla.common.utils.cinder-base:Preparing to unpack .../092-python3-oslo.vmware_2.31.0-2_all.deb ...
INFO:kolla.common.utils.cinder-base:Unpacking python3-oslo.vmware (2.31.0-2) ...
INFO:kolla.common.utils.cinder-base:Selecting previously unselected package python3-bcrypt.
INFO:kolla.common.utils.cinder-base:Preparing to unpack .../093-python3-bcrypt_3.1.6-1_s390x.deb ...
INFO:kolla.common.utils.cinder-base:Unpacking python3-bcrypt (3.1.6-1) ...
INFO:kolla.common.utils.cinder-base:Selecting previously unselected package python3-nacl.
INFO:kolla.common.utils.cinder-base:Preparing to unpack .../094-python3-nacl_1.3.0-2_s390x.deb ...
INFO:kolla.common.utils.cinder-base:Unpacking python3-nacl (1.3.0-2) ...
INFO:kolla.common.utils.cinder-base:Selecting previously unselected package python3-paramiko.
INFO:kolla.common.utils.cinder-base:Preparing to unpack .../095-python3-paramiko_2.4.2-0.1_all.deb ...
INFO:kolla.common.utils.cinder-base:Unpacking python3-paramiko (2.4.2-0.1) ...
INFO:kolla.common.utils.cinder-base:Selecting previously unselected package python3-pyudev.
INFO:kolla.common.utils.cinder-base:Preparing to unpack .../096-python3-pyudev_0.21.0-1_all.deb ...
INFO:kolla.common.utils.cinder-base:Unpacking python3-pyudev (0.21.0-1) ...
INFO:kolla.common.utils.cinder-base:Selecting previously unselected package python3-rtslib-fb.
INFO:kolla.common.utils.cinder-base:Preparing to unpack .../097-python3-rtslib-fb_2.1.66-2_all.deb ...
INFO:kolla.common.utils.cinder-base:Unpacking python3-rtslib-fb (2.1.66-2) ...
INFO:kolla.common.utils.cinder-base:Selecting previously unselected package python3-automaton.
INFO:kolla.common.utils.cinder-base:Preparing to unpack .../098-python3-automaton_1.15.0-1_all.deb ...
INFO:kolla.common.utils.cinder-base:Unpacking python3-automaton (1.15.0-1) ...
INFO:kolla.common.utils.cinder-base:Selecting previously unselected package python3-networkx.
INFO:kolla.common.utils.cinder-base:Preparing to unpack .../099-python3-networkx_2.2-1_all.deb ...
INFO:kolla.common.utils.cinder-base:Unpacking python3-networkx (2.2-1) ...
INFO:kolla.common.utils.cinder-base:Selecting previously unselected package python3-taskflow.
INFO:kolla.common.utils.cinder-base:Preparing to unpack .../100-python3-taskflow_3.2.0-3_all.deb ...
INFO:kolla.common.utils.cinder-base:Unpacking python3-taskflow (3.2.0-3) ...
INFO:kolla.common.utils.cinder-base:Selecting previously unselected package python3-voluptuous.
INFO:kolla.common.utils.cinder-base:Preparing to unpack .../101-python3-voluptuous_0.11.1-1_all.deb ...
INFO:kolla.common.utils.cinder-base:Unpacking python3-voluptuous (0.11.1-1) ...
INFO:kolla.common.utils.cinder-base:Selecting previously unselected package python3-tooz.
INFO:kolla.common.utils.cinder-base:Preparing to unpack .../102-python3-tooz_1.62.0-3_all.deb ...
INFO:kolla.common.utils.cinder-base:Unpacking python3-tooz (1.62.0-3) ...
INFO:kolla.common.utils.cinder-base:Selecting previously unselected package python3-sphinx-feature-classification.
INFO:kolla.common.utils.cinder-base:Preparing to unpack .../103-python3-sphinx-feature-classification_0.3.0-1_all.deb ...
INFO:kolla.common.utils.cinder-base:Unpacking python3-sphinx-feature-classification (0.3.0-1) ...
INFO:kolla.common.utils.cinder-base:Selecting previously unselected package python3-cinder.
INFO:kolla.common.utils.cinder-base:Preparing to unpack .../104-python3-cinder_2%3a13.0.3-1_all.deb ...
INFO:kolla.common.utils.cinder-base:Unpacking python3-cinder (2:13.0.3-1) ...
INFO:kolla.common.utils.cinder-base:Selecting previously unselected package sqlite3.
INFO:kolla.common.utils.cinder-base:Preparing to unpack .../105-sqlite3_3.27.2-3_s390x.deb ...
INFO:kolla.common.utils.cinder-base:Unpacking sqlite3 (3.27.2-3) ...
INFO:kolla.common.utils.cinder-base:Selecting previously unselected package cinder-common.
INFO:kolla.common.utils.cinder-base:Preparing to unpack .../106-cinder-common_2%3a13.0.3-1_all.deb ...
INFO:kolla.common.utils.cinder-base:Unpacking cinder-common (2:13.0.3-1) ...
INFO:kolla.common.utils.cinder-base:Selecting previously unselected package libargon2-1:s390x.
INFO:kolla.common.utils.cinder-base:Preparing to unpack .../107-libargon2-1_0~20171227-0.2_s390x.deb ...
INFO:kolla.common.utils.cinder-base:Unpacking libargon2-1:s390x (0~20171227-0.2) ...
INFO:kolla.common.utils.cinder-base:Selecting previously unselected package libjson-c3:s390x.
INFO:kolla.common.utils.cinder-base:Preparing to unpack .../108-libjson-c3_0.12.1+ds-2_s390x.deb ...
INFO:kolla.common.utils.cinder-base:Unpacking libjson-c3:s390x (0.12.1+ds-2) ...
INFO:kolla.common.utils.cinder-base:Selecting previously unselected package libcryptsetup12:s390x.
INFO:kolla.common.utils.cinder-base:Preparing to unpack .../109-libcryptsetup12_2%3a2.1.0-5+deb10u2_s390x.deb ...
INFO:kolla.common.utils.cinder-base:Unpacking libcryptsetup12:s390x (2:2.1.0-5+deb10u2) ...
INFO:kolla.common.utils.cinder-base:Selecting previously unselected package cryptsetup-bin.
INFO:kolla.common.utils.cinder-base:Preparing to unpack .../110-cryptsetup-bin_2%3a2.1.0-5+deb10u2_s390x.deb ...
INFO:kolla.common.utils.cinder-base:Unpacking cryptsetup-bin (2:2.1.0-5+deb10u2) ...
INFO:kolla.common.utils.cinder-base:Selecting previously unselected package cryptsetup-run.
INFO:kolla.common.utils.cinder-base:Preparing to unpack .../111-cryptsetup-run_2%3a2.1.0-5+deb10u2_s390x.deb ...
INFO:kolla.common.utils.cinder-base:Unpacking cryptsetup-run (2:2.1.0-5+deb10u2) ...
INFO:kolla.common.utils.cinder-base:Selecting previously unselected package libklibc:s390x.
INFO:kolla.common.utils.cinder-base:Preparing to unpack .../112-libklibc_2.0.6-1_s390x.deb ...
INFO:kolla.common.utils.cinder-base:Unpacking libklibc:s390x (2.0.6-1) ...
INFO:kolla.common.utils.cinder-base:Selecting previously unselected package klibc-utils.
INFO:kolla.common.utils.cinder-base:Preparing to unpack .../113-klibc-utils_2.0.6-1_s390x.deb ...
INFO:kolla.common.utils.cinder-base:Unpacking klibc-utils (2.0.6-1) ...
INFO:kolla.common.utils.cinder-base:Selecting previously unselected package initramfs-tools-core.
INFO:kolla.common.utils.cinder-base:Preparing to unpack .../114-initramfs-tools-core_0.133+deb10u1_all.deb ...
INFO:kolla.common.utils.cinder-base:Unpacking initramfs-tools-core (0.133+deb10u1) ...
INFO:kolla.common.utils.cinder-base:Selecting previously unselected package linux-base.
INFO:kolla.common.utils.cinder-base:Preparing to unpack .../115-linux-base_4.6_all.deb ...
INFO:kolla.common.utils.cinder-base:Unpacking linux-base (4.6) ...
INFO:kolla.common.utils.cinder-base:Selecting previously unselected package initramfs-tools.
INFO:kolla.common.utils.cinder-base:Preparing to unpack .../116-initramfs-tools_0.133+deb10u1_all.deb ...
INFO:kolla.common.utils.cinder-base:Unpacking initramfs-tools (0.133+deb10u1) ...
INFO:kolla.common.utils.cinder-base:Selecting previously unselected package cryptsetup-initramfs.
INFO:kolla.common.utils.cinder-base:Preparing to unpack .../117-cryptsetup-initramfs_2%3a2.1.0-5+deb10u2_all.deb ...
INFO:kolla.common.utils.cinder-base:Unpacking cryptsetup-initramfs (2:2.1.0-5+deb10u2) ...
INFO:kolla.common.utils.cinder-base:Selecting previously unselected package cryptsetup.
INFO:kolla.common.utils.cinder-base:Preparing to unpack .../118-cryptsetup_2%3a2.1.0-5+deb10u2_all.deb ...
INFO:kolla.common.utils.cinder-base:Unpacking cryptsetup (2:2.1.0-5+deb10u2) ...
INFO:kolla.common.utils.cinder-base:Setting up python3-castellan (0.19.0-1) ...
INFO:kolla.common.utils.cinder-base:Setting up cpio (2.12+dfsg-9) ...
INFO:kolla.common.utils.cinder-base:update-alternatives: using /bin/mt-gnu to provide /bin/mt (mt) in auto mode
INFO:kolla.common.utils.cinder-base:update-alternatives: warning: skip creation of /usr/share/man/man1/mt.1.gz because associated file /usr/share/man/man1/mt-gnu.1.gz (of link group mt) doesn't exist
INFO:kolla.common.utils.cinder-base:Setting up python3-oslo.policy (1.38.1-2) ...
INFO:kolla.common.utils.cinder-base:update-alternatives: using /usr/bin/python3-oslopolicy-checker to provide /usr/bin/oslopolicy-checker (oslopolicy-checker) in auto mode
INFO:kolla.common.utils.cinder-base:update-alternatives: using /usr/bin/python3-oslopolicy-list-redundant to provide /usr/bin/oslopolicy-list-redundant (oslopolicy-list-redundant) in auto mode
INFO:kolla.common.utils.cinder-base:update-alternatives: using /usr/bin/python3-oslopolicy-policy-generator to provide /usr/bin/oslopolicy-policy-generator (oslopolicy-policy-generator) in auto mode
INFO:kolla.common.utils.cinder-base:update-alternatives: using /usr/bin/python3-oslopolicy-sample-generator to provide /usr/bin/oslopolicy-sample-generator (oslopolicy-sample-generator) in auto mode
INFO:kolla.common.utils.cinder-base:Setting up libboost-program-options1.67.0:s390x (1.67.0-13+deb10u1) ...
INFO:kolla.common.utils.cinder-base:Setting up libjson-c3:s390x (0.12.1+ds-2) ...
INFO:kolla.common.utils.cinder-base:Setting up libdw1:s390x (0.176-1.1) ...
INFO:kolla.common.utils.cinder-base:Setting up librabbitmq4:s390x (0.9.0-0.2) ...
INFO:kolla.common.utils.cinder-base:Setting up python3-testresources (2.0.0-2) ...
INFO:kolla.common.utils.cinder-base:Setting up libsodium23:s390x (1.0.17-1) ...
INFO:kolla.common.utils.cinder-base:Setting up python3-ddt (1.1.1-1) ...
INFO:kolla.common.utils.cinder-base:Setting up linux-base (4.6) ...
INFO:kolla.common.utils.cinder-base:Setting up python3-repoze.lru (0.7-1) ...
INFO:kolla.common.utils.cinder-base:Setting up liboath0 (2.6.1-1.3) ...
INFO:kolla.common.utils.cinder-base:Setting up libpython3.7:s390x (3.7.3-2+deb10u1) ...
INFO:kolla.common.utils.cinder-base:Setting up python3-cachetools (3.1.0-2) ...
INFO:kolla.common.utils.cinder-base:Setting up python3-defusedxml (0.5.0-2) ...
INFO:kolla.common.utils.cinder-base:Setting up python3-os-win (4.0.0-3) ...
INFO:kolla.common.utils.cinder-base:Setting up python3-statsd (3.2.1-2) ...
INFO:kolla.common.utils.cinder-base:Setting up libargon2-1:s390x (0~20171227-0.2) ...
INFO:kolla.common.utils.cinder-base:Setting up python3-tenacity (4.12.0-2) ...
INFO:kolla.common.utils.cinder-base:Setting up python3-bcrypt (3.1.6-1) ...
INFO:kolla.common.utils.cinder-base:Setting up python3-retrying (1.3.3-3) ...
INFO:kolla.common.utils.cinder-base:Setting up libnorm1:s390x (1.5.8+dfsg2-1) ...
INFO:kolla.common.utils.cinder-base:Setting up python3-ceph-argparse (14.2.6-4~bpo10+1) ...
INFO:kolla.common.utils.cinder-base:Setting up libcurl3-gnutls:s390x (7.64.0-4+deb10u1) ...
INFO:kolla.common.utils.cinder-base:Setting up python3-kafka (1.4.3-1) ...
INFO:kolla.common.utils.cinder-base:Setting up python3-networkx (2.2-1) ...
INFO:kolla.common.utils.cinder-base:Setting up python3-sphinx-feature-classification (0.3.0-1) ...
INFO:kolla.common.utils.cinder-base:Setting up python3-psutil (5.5.1-1) ...
INFO:kolla.common.utils.cinder-base:Setting up python3-pycparser (2.19-1) ...
INFO:kolla.common.utils.cinder-base:Setting up python3-sqlalchemy (1.2.18+ds1-2) ...
INFO:kolla.common.utils.cinder-base:Setting up python3-vine (1.1.4+dfsg-2) ...
INFO:kolla.common.utils.cinder-base:Setting up libsnappy1v5:s390x (1.1.7-1) ...
INFO:kolla.common.utils.cinder-base:Setting up python3-uritemplate (0.6-3) ...
INFO:kolla.common.utils.cinder-base:Setting up python3-routes (2.4.1-1) ...
INFO:kolla.common.utils.cinder-base:Setting up busybox (1:1.30.1-4) ...
INFO:kolla.common.utils.cinder-base:Setting up libklibc:s390x (2.0.6-1) ...
INFO:kolla.common.utils.cinder-base:Setting up python3-tempita (0.5.2-2) ...
INFO:kolla.common.utils.cinder-base:Setting up python3-sqlparse (0.2.4-1) ...
INFO:kolla.common.utils.cinder-base:Setting up python-pastedeploy-tpl (2.0.1-1) ...
INFO:kolla.common.utils.cinder-base:Setting up python3-paste (3.0.6+dfsg-1) ...
INFO:kolla.common.utils.cinder-base:Setting up libnspr4:s390x (2:4.20-1) ...
INFO:kolla.common.utils.cinder-base:Setting up python3-oslo.middleware (3.36.0-2) ...
INFO:kolla.common.utils.cinder-base:Setting up python3-oslo.rootwrap (5.14.1-2) ...
INFO:kolla.common.utils.cinder-base:update-alternatives: using /usr/bin/python3-oslo-rootwrap to provide /usr/bin/oslo-rootwrap (oslo-rootwrap) in auto mode
INFO:kolla.common.utils.cinder-base:update-alternatives: using /usr/bin/python3-oslo-rootwrap-daemon to provide /usr/bin/oslo-rootwrap-daemon (oslo-rootwrap-daemon) in auto mode
INFO:kolla.common.utils.cinder-base:Setting up libboost-iostreams1.67.0:s390x (1.67.0-13+deb10u1) ...
INFO:kolla.common.utils.cinder-base:Setting up ucf (3.0038+nmu1) ...
INFO:kolla.common.utils.cinder-base:Setting up python3-automaton (1.15.0-1) ...
INFO:kolla.common.utils.cinder-base:Setting up pycadf-common (2.7.0-2) ...
INFO:kolla.common.utils.cinder-base:Setting up python3-amqp (2.4.0-2) ...
INFO:kolla.common.utils.cinder-base:Setting up python3-pyasn1 (0.4.2-3) ...
INFO:kolla.common.utils.cinder-base:Setting up python3-httplib2 (0.11.3-2) ...
INFO:kolla.common.utils.cinder-base:Setting up python3-testscenarios (0.5.0-2) ...
INFO:kolla.common.utils.cinder-base:Setting up os-brick-common (2.5.5-1) ...
INFO:kolla.common.utils.cinder-base:Setting up libcryptsetup12:s390x (2:2.1.0-5+deb10u2) ...
INFO:kolla.common.utils.cinder-base:Setting up libboost-atomic1.67.0:s390x (1.67.0-13+deb10u1) ...
INFO:kolla.common.utils.cinder-base:Setting up python3-anyjson (0.3.3-1) ...
INFO:kolla.common.utils.cinder-base:Setting up python3-voluptuous (0.11.1-1) ...
INFO:kolla.common.utils.cinder-base:Setting up python3-oslo.cache (1.30.3-1) ...
INFO:kolla.common.utils.cinder-base:Setting up libjs-jquery (3.3.1~dfsg-3) ...
INFO:kolla.common.utils.cinder-base:Setting up libboost-system1.67.0:s390x (1.67.0-13+deb10u1) ...
INFO:kolla.common.utils.cinder-base:Setting up python3-pyudev (0.21.0-1) ...
INFO:kolla.common.utils.cinder-base:Setting up klibc-utils (2.0.6-1) ...
INFO:kolla.common.utils.cinder-base:No diversion 'diversion of /usr/share/initramfs-tools/hooks/klibc to /usr/share/initramfs-tools/hooks/klibc^i-t by klibc-utils', none removed.
INFO:kolla.common.utils.cinder-base:Setting up python3-cursive (0.2.1-2) ...
INFO:kolla.common.utils.cinder-base:Setting up python3-suds (0.7~git20150727.94664dd-5) ...
INFO:kolla.common.utils.cinder-base:Setting up python3-pycadf (2.7.0-2) ...
INFO:kolla.common.utils.cinder-base:Setting up python3-migrate (0.11.0-5) ...
INFO:kolla.common.utils.cinder-base:update-alternatives: using /usr/bin/python3-migrate to provide /usr/bin/migrate (migrate) in auto mode
INFO:kolla.common.utils.cinder-base:update-alternatives: 
INFO:kolla.common.utils.cinder-base:using /usr/bin/python3-migrate-repository to provide /usr/bin/migrate-repository (migrate-repository) in auto mode
INFO:kolla.common.utils.cinder-base:
INFO:kolla.common.utils.cinder-base:Setting up sqlite3 (3.27.2-3) ...
INFO:kolla.common.utils.cinder-base:Setting up python3-nacl (1.3.0-2) ...
INFO:kolla.common.utils.cinder-base:Setting up python3-mako (1.0.7+ds1-1) ...
INFO:kolla.common.utils.cinder-base:Setting up python3-editor (1.0.3-1) ...
INFO:kolla.common.utils.cinder-base:Setting up libpgm-5.2-0:s390x (5.2.122~dfsg-3) ...
INFO:kolla.common.utils.cinder-base:Setting up libjs-underscore (1.9.1~dfsg-1) ...
INFO:kolla.common.utils.cinder-base:Setting up libpopt0:s390x (1.16-12) ...
INFO:kolla.common.utils.cinder-base:Setting up cryptsetup-bin (2:2.1.0-5+deb10u2) ...
INFO:kolla.common.utils.cinder-base:Setting up libleveldb1d:s390x (1.20-2.1) ...
INFO:kolla.common.utils.cinder-base:Setting up python3-oslo.vmware (2.31.0-2) ...
INFO:kolla.common.utils.cinder-base:Setting up python3-oslo.reports (1.28.0-2) ...
INFO:kolla.common.utils.cinder-base:Setting up python3-tooz (1.62.0-3) ...
INFO:kolla.common.utils.cinder-base:Setting up libzmq5:s390x (4.3.1-4+deb10u1) ...
INFO:kolla.common.utils.cinder-base:Setting up libboost-thread1.67.0:s390x (1.67.0-13+deb10u1) ...
INFO:kolla.common.utils.cinder-base:Setting up python3-keystonemiddleware (5.2.0-2) ...
INFO:kolla.common.utils.cinder-base:Setting up python3-rtslib-fb (2.1.66-2) ...
INFO:kolla.common.utils.cinder-base:update-alternatives: using /usr/bin/targetctl-python3 to provide /usr/bin/targetctl (targetctl) in auto mode
INFO:kolla.common.utils.cinder-base:Setting up python3-pastedeploy (2.0.1-1) ...
INFO:kolla.common.utils.cinder-base:Setting up python3-cffi (1.12.2-1) ...
INFO:kolla.common.utils.cinder-base:Setting up libnss3:s390x (2:3.42.1-1+deb10u2) ...
INFO:kolla.common.utils.cinder-base:Setting up dbconfig-common (2.0.11+deb10u1) ...
INFO:kolla.common.utils.cinder-base:
INFO:kolla.common.utils.cinder-base:Creating config file /etc/dbconfig-common/config with new version
INFO:kolla.common.utils.cinder-base:Setting up python3-oslo.service (1.31.8-1) ...
INFO:kolla.common.utils.cinder-base:Setting up python3-kombu (4.2.1-3) ...
INFO:kolla.common.utils.cinder-base:Setting up cryptsetup-run (2:2.1.0-5+deb10u2) ...
INFO:kolla.common.utils.cinder-base:Setting up python3-pyasn1-modules (0.2.1-0.2) ...
INFO:kolla.common.utils.cinder-base:Setting up python3-zmq (17.1.2-2) ...
INFO:kolla.common.utils.cinder-base:Setting up libbabeltrace1:s390x (1.5.6-2+deb10u1) ...
INFO:kolla.common.utils.cinder-base:Setting up libjs-sphinxdoc (1.8.4-1) ...
INFO:kolla.common.utils.cinder-base:Setting up python3-oslo.messaging (8.1.4-1+deb10u1) ...
INFO:kolla.common.utils.cinder-base:update-alternatives: using /usr/bin/python3-oslo-messaging-send-notification to provide /usr/bin/oslo-messaging-send-notification (oslo-messaging-send-notification) in auto mode
INFO:kolla.common.utils.cinder-base:update-alternatives: using /usr/bin/python3-oslo-messaging-zmq-broker to provide /usr/bin/oslo-messaging-zmq-broker (oslo-messaging-zmq-broker) in auto mode
INFO:kolla.common.utils.cinder-base:Setting up python3-alembic (1.0.0-3) ...
INFO:kolla.common.utils.cinder-base:Setting up python3-rsa (4.0-2) ...
INFO:kolla.common.utils.cinder-base:Setting up python3-oslo.privsep (1.29.0-2) ...
INFO:kolla.common.utils.cinder-base:update-alternatives: using /usr/bin/python3-privsep-helper to provide /usr/bin/privsep-helper (privsep-helper) in auto mode
INFO:kolla.common.utils.cinder-base:Setting up python3-paramiko (2.4.2-0.1) ...
INFO:kolla.common.utils.cinder-base:Setting up initramfs-tools-core (0.133+deb10u1) ...
INFO:kolla.common.utils.cinder-base:Setting up alembic (1.0.0-3) ...
INFO:kolla.common.utils.cinder-base:Setting up librados2 (14.2.6-4~bpo10+1) ...
INFO:kolla.common.utils.cinder-base:Setting up python3-oauth2client (4.1.2-3) ...
INFO:kolla.common.utils.cinder-base:Setting up python3-oslo.versionedobjects (1.33.3-2) ...
INFO:kolla.common.utils.cinder-base:Setting up initramfs-tools (0.133+deb10u1) ...
INFO:kolla.common.utils.cinder-base:update-initramfs: deferring update (trigger activated)
INFO:kolla.common.utils.cinder-base:Setting up python3-os-brick (2.5.5-1) ...
INFO:kolla.common.utils.cinder-base:Setting up libcephfs2 (14.2.6-4~bpo10+1) ...
INFO:kolla.common.utils.cinder-base:Setting up libradosstriper1 (14.2.6-4~bpo10+1) ...
INFO:kolla.common.utils.cinder-base:Setting up librbd1 (14.2.6-4~bpo10+1) ...
INFO:kolla.common.utils.cinder-base:Setting up python3-oslo.db (4.40.0-3) ...
INFO:kolla.common.utils.cinder-base:Setting up python3-googleapi (1.5.5-1) ...
INFO:kolla.common.utils.cinder-base:Setting up python3-taskflow (3.2.0-3) ...
INFO:kolla.common.utils.cinder-base:Setting up cryptsetup-initramfs (2:2.1.0-5+deb10u2) ...
INFO:kolla.common.utils.cinder-base:update-initramfs: deferring update (trigger activated)
INFO:kolla.common.utils.cinder-base:Setting up python3-rados (14.2.6-4~bpo10+1) ...
INFO:kolla.common.utils.cinder-base:Setting up cryptsetup (2:2.1.0-5+deb10u2) ...
INFO:kolla.common.utils.cinder-base:Setting up python3-rbd (14.2.6-4~bpo10+1) ...
INFO:kolla.common.utils.cinder-base:Setting up python3-cinder (2:13.0.3-1) ...
INFO:kolla.common.utils.cinder-base:Setting up python3-cephfs (14.2.6-4~bpo10+1) ...
INFO:kolla.common.utils.cinder-base:Setting up cinder-common (2:13.0.3-1) ...
INFO:kolla.common.utils.cinder-base:File descriptor 3 (pipe:[688785]) leaked on vgdisplay invocation. Parent PID 2517: /bin/sh
INFO:kolla.common.utils.cinder-base:Setting up ceph-common (14.2.6-4~bpo10+1) ...
INFO:kolla.common.utils.cinder-base:Adding group ceph..
INFO:kolla.common.utils.cinder-base:..done
INFO:kolla.common.utils.cinder-base:Adding system user ceph..
INFO:kolla.common.utils.cinder-base:..done
INFO:kolla.common.utils.cinder-base:Setting system user ceph properties..
INFO:kolla.common.utils.cinder-base:..done
INFO:kolla.common.utils.cinder-base:Processing triggers for libc-bin (2.28-10) ...
INFO:kolla.common.utils.cinder-base:Processing triggers for initramfs-tools (0.133+deb10u1) ...
INFO:kolla.common.utils.cinder-base:Removing intermediate container ee98ade4d844
INFO:kolla.common.utils.cinder-base: ---> e5638f0f8872
INFO:kolla.common.utils.cinder-base:Step 5/7 : COPY cinder_sudoers /etc/sudoers.d/kolla_cinder_sudoers
INFO:kolla.common.utils.cinder-base: ---> a274395e68d3
INFO:kolla.common.utils.cinder-base:Step 6/7 : COPY extend_start.sh /usr/local/bin/kolla_extend_start
INFO:kolla.common.utils.cinder-base: ---> 0c1d0196710c
INFO:kolla.common.utils.cinder-base:Step 7/7 : RUN chmod 750 /etc/sudoers.d     && chmod 440 /etc/sudoers.d/kolla_cinder_sudoers     && touch /usr/local/bin/kolla_cinder_extend_start     && chmod 755 /usr/local/bin/kolla_extend_start /usr/local/bin/kolla_cinder_extend_start
INFO:kolla.common.utils.cinder-base: ---> Running in ec8a4facbac4
INFO:kolla.common.utils.cinder-base:Removing intermediate container ec8a4facbac4
INFO:kolla.common.utils.cinder-base: ---> f3e867a76e50
INFO:kolla.common.utils.cinder-base:Successfully built f3e867a76e50
INFO:kolla.common.utils.cinder-base:Successfully tagged s390x/debian-binary-cinder-base:9.1.0
INFO:kolla.common.utils.cinder-base:Built at 2020-03-02 21:25:09.025605 (took 0:00:58.857142)
