INFO:kolla.common.utils.cinder-volume:Building started at 2020-03-02 21:27:21.430902
INFO:kolla.common.utils.cinder-volume:Step 1/9 : FROM s390x/debian-binary-cinder-base:9.1.0
INFO:kolla.common.utils.cinder-volume: ---> f3e867a76e50
INFO:kolla.common.utils.cinder-volume:Step 2/9 : LABEL maintainer="Kolla Project (https://launchpad.net/kolla)" name="cinder-volume" build-date="20200302"
INFO:kolla.common.utils.cinder-volume: ---> Running in d5f3ff4ff731
INFO:kolla.common.utils.cinder-volume:Removing intermediate container d5f3ff4ff731
INFO:kolla.common.utils.cinder-volume: ---> 07c6fd032759
INFO:kolla.common.utils.cinder-volume:Step 3/9 : RUN apt-get update && apt-get -y install --no-install-recommends nfs-common sysfsutils python3-rtslib-fb targetcli-fb thin-provisioning-tools tgt && apt-get clean && rm -rf /var/lib/apt/lists/*
INFO:kolla.common.utils.cinder-volume: ---> Running in 8f93eddf9663
INFO:kolla.common.utils.cinder-volume:Get:1 http://deb.debian.org/debian buster InRelease [122 kB]
INFO:kolla.common.utils.cinder-volume:Get:3 http://deb.debian.org/debian buster-backports InRelease [46.7 kB]
INFO:kolla.common.utils.cinder-volume:Get:2 http://security-cdn.debian.org/debian-security buster/updates InRelease [65.4 kB]
INFO:kolla.common.utils.cinder-volume:Get:4 http://buster-train.debian.net/debian buster-train-backports InRelease [3,660 B]
INFO:kolla.common.utils.cinder-volume:Get:5 http://deb.debian.org/debian buster/main s390x Packages [7,624 kB]
INFO:kolla.common.utils.cinder-volume:Get:6 http://buster-train.debian.net/debian buster-train-backports-nochange InRelease [3,669 B]
INFO:kolla.common.utils.cinder-volume:Get:7 http://deb.debian.org/debian buster-backports/main s390x Packages [209 kB]
INFO:kolla.common.utils.cinder-volume:Get:8 http://security-cdn.debian.org/debian-security buster/updates/main s390x Packages [161 kB]
INFO:kolla.common.utils.cinder-volume:Fetched 8,235 kB in 2s (5,037 kB/s)
INFO:kolla.common.utils.cinder-volume:Reading package lists...
INFO:kolla.common.utils.cinder-volume:[91mW: Skipping acquire of configured file 'main/binary-s390x/Packages' as repository 'http://buster-train.debian.net/debian buster-train-backports InRelease' does not seem to provide it (sources.list entry misspelt?)
INFO:kolla.common.utils.cinder-volume:W: Skipping acquire of configured file 'main/binary-s390x/Packages' as repository 'http://buster-train.debian.net/debian buster-train-backports-nochange InRelease' does not seem to provide it (sources.list entry misspelt?)
INFO:kolla.common.utils.cinder-volume:[0m
INFO:kolla.common.utils.cinder-volume:Reading package lists...
INFO:kolla.common.utils.cinder-volume:Building dependency tree...
INFO:kolla.common.utils.cinder-volume:Reading state information...
INFO:kolla.common.utils.cinder-volume:python3-rtslib-fb is already the newest version (2.1.66-2).
INFO:kolla.common.utils.cinder-volume:python3-rtslib-fb set to manually installed.
INFO:kolla.common.utils.cinder-volume:tgt is already the newest version (1:1.0.74-1).
INFO:kolla.common.utils.cinder-volume:The following additional packages will be installed:
INFO:kolla.common.utils.cinder-volume:  gir1.2-glib-2.0 keyutils libevent-2.1-6 libgirepository-1.0-1 libnfsidmap2
INFO:kolla.common.utils.cinder-volume:  libsysfs2 libtirpc-common libtirpc3 python3-configshell-fb python3-gi
INFO:kolla.common.utils.cinder-volume:  python3-urwid rpcbind
INFO:kolla.common.utils.cinder-volume:Suggested packages:
INFO:kolla.common.utils.cinder-volume:  watchdog python-configshell-fb-doc python-urwid-doc
INFO:kolla.common.utils.cinder-volume:Recommended packages:
INFO:kolla.common.utils.cinder-volume:  python
INFO:kolla.common.utils.cinder-volume:The following NEW packages will be installed:
INFO:kolla.common.utils.cinder-volume:  gir1.2-glib-2.0 keyutils libevent-2.1-6 libgirepository-1.0-1 libnfsidmap2
INFO:kolla.common.utils.cinder-volume:  libsysfs2 libtirpc-common libtirpc3 nfs-common python3-configshell-fb
INFO:kolla.common.utils.cinder-volume:  python3-gi python3-urwid rpcbind sysfsutils targetcli-fb
INFO:kolla.common.utils.cinder-volume:  thin-provisioning-tools
INFO:kolla.common.utils.cinder-volume:0 upgraded, 16 newly installed, 0 to remove and 0 not upgraded.
INFO:kolla.common.utils.cinder-volume:Need to get 1,608 kB of archives.
INFO:kolla.common.utils.cinder-volume:After this operation, 6,896 kB of additional disk space will be used.
INFO:kolla.common.utils.cinder-volume:Get:1 http://deb.debian.org/debian buster/main s390x libgirepository-1.0-1 s390x 1.58.3-2 [88.1 kB]
INFO:kolla.common.utils.cinder-volume:Get:2 http://deb.debian.org/debian buster/main s390x gir1.2-glib-2.0 s390x 1.58.3-2 [142 kB]
INFO:kolla.common.utils.cinder-volume:Get:3 http://deb.debian.org/debian buster/main s390x keyutils s390x 1.6-6 [49.8 kB]
INFO:kolla.common.utils.cinder-volume:Get:4 http://deb.debian.org/debian buster/main s390x libevent-2.1-6 s390x 2.1.8-stable-4 [170 kB]
INFO:kolla.common.utils.cinder-volume:Get:5 http://deb.debian.org/debian buster/main s390x libnfsidmap2 s390x 0.25-5.1 [30.9 kB]
INFO:kolla.common.utils.cinder-volume:Get:6 http://deb.debian.org/debian buster/main s390x libsysfs2 s390x 2.1.0+repack-5 [22.6 kB]
INFO:kolla.common.utils.cinder-volume:Get:7 http://deb.debian.org/debian buster/main s390x libtirpc-common all 1.1.4-0.4 [16.7 kB]
INFO:kolla.common.utils.cinder-volume:Get:8 http://deb.debian.org/debian buster/main s390x libtirpc3 s390x 1.1.4-0.4 [86.8 kB]
INFO:kolla.common.utils.cinder-volume:Get:9 http://deb.debian.org/debian buster/main s390x rpcbind s390x 1.2.5-0.3+deb10u1 [44.1 kB]
INFO:kolla.common.utils.cinder-volume:Get:10 http://deb.debian.org/debian buster/main s390x nfs-common s390x 1:1.3.4-2.5 [220 kB]
INFO:kolla.common.utils.cinder-volume:Get:11 http://deb.debian.org/debian buster/main s390x python3-urwid s390x 2.0.1-2+b1 [174 kB]
INFO:kolla.common.utils.cinder-volume:Get:12 http://deb.debian.org/debian buster/main s390x python3-configshell-fb all 1.1.24-1 [27.7 kB]
INFO:kolla.common.utils.cinder-volume:Get:13 http://deb.debian.org/debian buster/main s390x python3-gi s390x 3.30.4-1 [171 kB]
INFO:kolla.common.utils.cinder-volume:Get:14 http://deb.debian.org/debian buster/main s390x sysfsutils s390x 2.1.0+repack-5 [21.1 kB]
INFO:kolla.common.utils.cinder-volume:Get:15 http://deb.debian.org/debian buster/main s390x targetcli-fb all 2.1.48-2 [29.6 kB]
INFO:kolla.common.utils.cinder-volume:Get:16 http://deb.debian.org/debian buster/main s390x thin-provisioning-tools s390x 0.7.6-2.1 [314 kB]
INFO:kolla.common.utils.cinder-volume:Fetched 1,608 kB in 0s (13.6 MB/s)
INFO:kolla.common.utils.cinder-volume:Selecting previously unselected package libgirepository-1.0-1:s390x.
INFO:kolla.common.utils.cinder-volume:(Reading database ... 
INFO:kolla.common.utils.cinder-volume:(Reading database ... 5%
INFO:kolla.common.utils.cinder-volume:(Reading database ... 10%(Reading database ... 15%
INFO:kolla.common.utils.cinder-volume:(Reading database ... 20%
INFO:kolla.common.utils.cinder-volume:(Reading database ... 25%(Reading database ... 30%
INFO:kolla.common.utils.cinder-volume:(Reading database ... 35%
INFO:kolla.common.utils.cinder-volume:(Reading database ... 40%
INFO:kolla.common.utils.cinder-volume:(Reading database ... 45%(Reading database ... 50%
INFO:kolla.common.utils.cinder-volume:(Reading database ... 55%(Reading database ... 60%
INFO:kolla.common.utils.cinder-volume:(Reading database ... 65%
INFO:kolla.common.utils.cinder-volume:(Reading database ... 70%
INFO:kolla.common.utils.cinder-volume:(Reading database ... 75%
INFO:kolla.common.utils.cinder-volume:(Reading database ... 80%
INFO:kolla.common.utils.cinder-volume:(Reading database ... 85%
INFO:kolla.common.utils.cinder-volume:(Reading database ... 90%
INFO:kolla.common.utils.cinder-volume:(Reading database ... 95%
INFO:kolla.common.utils.cinder-volume:(Reading database ... 100%(Reading database ... 
INFO:kolla.common.utils.cinder-volume:28122 files and directories currently installed.)
INFO:kolla.common.utils.cinder-volume:Preparing to unpack .../00-libgirepository-1.0-1_1.58.3-2_s390x.deb ...
INFO:kolla.common.utils.cinder-volume:Unpacking libgirepository-1.0-1:s390x (1.58.3-2) ...
INFO:kolla.common.utils.cinder-volume:Selecting previously unselected package gir1.2-glib-2.0:s390x.
INFO:kolla.common.utils.cinder-volume:Preparing to unpack .../01-gir1.2-glib-2.0_1.58.3-2_s390x.deb ...
INFO:kolla.common.utils.cinder-volume:Unpacking gir1.2-glib-2.0:s390x (1.58.3-2) ...
INFO:kolla.common.utils.cinder-volume:Selecting previously unselected package keyutils.
INFO:kolla.common.utils.cinder-volume:Preparing to unpack .../02-keyutils_1.6-6_s390x.deb ...
INFO:kolla.common.utils.cinder-volume:Unpacking keyutils (1.6-6) ...
INFO:kolla.common.utils.cinder-volume:Selecting previously unselected package libevent-2.1-6:s390x.
INFO:kolla.common.utils.cinder-volume:Preparing to unpack .../03-libevent-2.1-6_2.1.8-stable-4_s390x.deb ...
INFO:kolla.common.utils.cinder-volume:Unpacking libevent-2.1-6:s390x (2.1.8-stable-4) ...
INFO:kolla.common.utils.cinder-volume:Selecting previously unselected package libnfsidmap2:s390x.
INFO:kolla.common.utils.cinder-volume:Preparing to unpack .../04-libnfsidmap2_0.25-5.1_s390x.deb ...
INFO:kolla.common.utils.cinder-volume:Unpacking libnfsidmap2:s390x (0.25-5.1) ...
INFO:kolla.common.utils.cinder-volume:Selecting previously unselected package libsysfs2:s390x.
INFO:kolla.common.utils.cinder-volume:Preparing to unpack .../05-libsysfs2_2.1.0+repack-5_s390x.deb ...
INFO:kolla.common.utils.cinder-volume:Unpacking libsysfs2:s390x (2.1.0+repack-5) ...
INFO:kolla.common.utils.cinder-volume:Selecting previously unselected package libtirpc-common.
INFO:kolla.common.utils.cinder-volume:Preparing to unpack .../06-libtirpc-common_1.1.4-0.4_all.deb ...
INFO:kolla.common.utils.cinder-volume:Unpacking libtirpc-common (1.1.4-0.4) ...
INFO:kolla.common.utils.cinder-volume:Selecting previously unselected package libtirpc3:s390x.
INFO:kolla.common.utils.cinder-volume:Preparing to unpack .../07-libtirpc3_1.1.4-0.4_s390x.deb ...
INFO:kolla.common.utils.cinder-volume:Unpacking libtirpc3:s390x (1.1.4-0.4) ...
INFO:kolla.common.utils.cinder-volume:Selecting previously unselected package rpcbind.
INFO:kolla.common.utils.cinder-volume:Preparing to unpack .../08-rpcbind_1.2.5-0.3+deb10u1_s390x.deb ...
INFO:kolla.common.utils.cinder-volume:Unpacking rpcbind (1.2.5-0.3+deb10u1) ...
INFO:kolla.common.utils.cinder-volume:Selecting previously unselected package nfs-common.
INFO:kolla.common.utils.cinder-volume:Preparing to unpack .../09-nfs-common_1%3a1.3.4-2.5_s390x.deb ...
INFO:kolla.common.utils.cinder-volume:Unpacking nfs-common (1:1.3.4-2.5) ...
INFO:kolla.common.utils.cinder-volume:Selecting previously unselected package python3-urwid.
INFO:kolla.common.utils.cinder-volume:Preparing to unpack .../10-python3-urwid_2.0.1-2+b1_s390x.deb ...
INFO:kolla.common.utils.cinder-volume:Unpacking python3-urwid (2.0.1-2+b1) ...
INFO:kolla.common.utils.cinder-volume:Selecting previously unselected package python3-configshell-fb.
INFO:kolla.common.utils.cinder-volume:Preparing to unpack .../11-python3-configshell-fb_1.1.24-1_all.deb ...
INFO:kolla.common.utils.cinder-volume:Unpacking python3-configshell-fb (1.1.24-1) ...
INFO:kolla.common.utils.cinder-volume:Selecting previously unselected package python3-gi.
INFO:kolla.common.utils.cinder-volume:Preparing to unpack .../12-python3-gi_3.30.4-1_s390x.deb ...
INFO:kolla.common.utils.cinder-volume:Unpacking python3-gi (3.30.4-1) ...
INFO:kolla.common.utils.cinder-volume:Selecting previously unselected package sysfsutils.
INFO:kolla.common.utils.cinder-volume:Preparing to unpack .../13-sysfsutils_2.1.0+repack-5_s390x.deb ...
INFO:kolla.common.utils.cinder-volume:Unpacking sysfsutils (2.1.0+repack-5) ...
INFO:kolla.common.utils.cinder-volume:Selecting previously unselected package targetcli-fb.
INFO:kolla.common.utils.cinder-volume:Preparing to unpack .../14-targetcli-fb_2.1.48-2_all.deb ...
INFO:kolla.common.utils.cinder-volume:Unpacking targetcli-fb (2.1.48-2) ...
INFO:kolla.common.utils.cinder-volume:Selecting previously unselected package thin-provisioning-tools.
INFO:kolla.common.utils.cinder-volume:Preparing to unpack .../15-thin-provisioning-tools_0.7.6-2.1_s390x.deb ...
INFO:kolla.common.utils.cinder-volume:Unpacking thin-provisioning-tools (0.7.6-2.1) ...
INFO:kolla.common.utils.cinder-volume:Setting up libsysfs2:s390x (2.1.0+repack-5) ...
INFO:kolla.common.utils.cinder-volume:Setting up sysfsutils (2.1.0+repack-5) ...
INFO:kolla.common.utils.cinder-volume:update-rc.d: warning: start and stop actions are no longer supported; falling back to defaults
INFO:kolla.common.utils.cinder-volume:invoke-rc.d: could not determine current runlevel
INFO:kolla.common.utils.cinder-volume:invoke-rc.d: policy-rc.d denied execution of start.
INFO:kolla.common.utils.cinder-volume:Setting up libtirpc-common (1.1.4-0.4) ...
INFO:kolla.common.utils.cinder-volume:Setting up python3-urwid (2.0.1-2+b1) ...
INFO:kolla.common.utils.cinder-volume:Setting up thin-provisioning-tools (0.7.6-2.1) ...
INFO:kolla.common.utils.cinder-volume:update-initramfs: deferring update (trigger activated)
INFO:kolla.common.utils.cinder-volume:Setting up libevent-2.1-6:s390x (2.1.8-stable-4) ...
INFO:kolla.common.utils.cinder-volume:Setting up keyutils (1.6-6) ...
INFO:kolla.common.utils.cinder-volume:Setting up libgirepository-1.0-1:s390x (1.58.3-2) ...
INFO:kolla.common.utils.cinder-volume:Setting up python3-configshell-fb (1.1.24-1) ...
INFO:kolla.common.utils.cinder-volume:Setting up libnfsidmap2:s390x (0.25-5.1) ...
INFO:kolla.common.utils.cinder-volume:Setting up libtirpc3:s390x (1.1.4-0.4) ...
INFO:kolla.common.utils.cinder-volume:Setting up rpcbind (1.2.5-0.3+deb10u1) ...
INFO:kolla.common.utils.cinder-volume:invoke-rc.d: could not determine current runlevel
INFO:kolla.common.utils.cinder-volume:invoke-rc.d: policy-rc.d denied execution of start.
INFO:kolla.common.utils.cinder-volume:Setting up nfs-common (1:1.3.4-2.5) ...
INFO:kolla.common.utils.cinder-volume:
INFO:kolla.common.utils.cinder-volume:Creating config file /etc/idmapd.conf with new version
INFO:kolla.common.utils.cinder-volume:Adding system user `statd' (UID 103) ...
INFO:kolla.common.utils.cinder-volume:Adding new user `statd' (UID 103) with group `nogroup' ...
INFO:kolla.common.utils.cinder-volume:Not creating home directory `/var/lib/nfs'.
INFO:kolla.common.utils.cinder-volume:invoke-rc.d: could not determine current runlevel
INFO:kolla.common.utils.cinder-volume:invoke-rc.d: policy-rc.d denied execution of start.
INFO:kolla.common.utils.cinder-volume:Setting up gir1.2-glib-2.0:s390x (1.58.3-2) ...
INFO:kolla.common.utils.cinder-volume:Setting up python3-gi (3.30.4-1) ...
INFO:kolla.common.utils.cinder-volume:Setting up targetcli-fb (2.1.48-2) ...
INFO:kolla.common.utils.cinder-volume:Processing triggers for libc-bin (2.28-10) ...
INFO:kolla.common.utils.cinder-volume:Processing triggers for initramfs-tools (0.133+deb10u1) ...
INFO:kolla.common.utils.cinder-volume:Removing intermediate container 8f93eddf9663
INFO:kolla.common.utils.cinder-volume: ---> 9d20139cb3d0
INFO:kolla.common.utils.cinder-volume:Step 4/9 : RUN sed -i '1 i include /var/lib/cinder/volumes/*' /etc/tgt/targets.conf
INFO:kolla.common.utils.cinder-volume: ---> Running in 3a4c85ee0a70
INFO:kolla.common.utils.cinder-volume:Removing intermediate container 3a4c85ee0a70
INFO:kolla.common.utils.cinder-volume: ---> 8c0e07c4afe8
INFO:kolla.common.utils.cinder-volume:Step 5/9 : RUN apt-get update && apt-get -y install --no-install-recommends cinder-volume && apt-get clean && rm -rf /var/lib/apt/lists/*
INFO:kolla.common.utils.cinder-volume: ---> Running in 836c9aeecba9
INFO:kolla.common.utils.cinder-volume:Get:1 http://deb.debian.org/debian buster InRelease [122 kB]
INFO:kolla.common.utils.cinder-volume:Get:3 http://deb.debian.org/debian buster-backports InRelease [46.7 kB]
INFO:kolla.common.utils.cinder-volume:Get:2 http://security-cdn.debian.org/debian-security buster/updates InRelease [65.4 kB]
INFO:kolla.common.utils.cinder-volume:Get:4 http://buster-train.debian.net/debian buster-train-backports InRelease [3,660 B]
INFO:kolla.common.utils.cinder-volume:Get:5 http://deb.debian.org/debian buster/main s390x Packages [7,624 kB]
INFO:kolla.common.utils.cinder-volume:Get:6 http://buster-train.debian.net/debian buster-train-backports-nochange InRelease [3,669 B]
INFO:kolla.common.utils.cinder-volume:Get:7 http://deb.debian.org/debian buster-backports/main s390x Packages [209 kB]
INFO:kolla.common.utils.cinder-volume:Get:8 http://security-cdn.debian.org/debian-security buster/updates/main s390x Packages [161 kB]
INFO:kolla.common.utils.cinder-volume:Fetched 8,235 kB in 2s (5,435 kB/s)
INFO:kolla.common.utils.cinder-volume:Reading package lists...
INFO:kolla.common.utils.cinder-volume:[91mW: Skipping acquire of configured file 'main/binary-s390x/Packages' as repository 'http://buster-train.debian.net/debian buster-train-backports InRelease' does not seem to provide it (sources.list entry misspelt?)
INFO:kolla.common.utils.cinder-volume:W: Skipping acquire of configured file 'main/binary-s390x/Packages' as repository 'http://buster-train.debian.net/debian buster-train-backports-nochange InRelease' does not seem to provide it (sources.list entry misspelt?)
INFO:kolla.common.utils.cinder-volume:[0m
INFO:kolla.common.utils.cinder-volume:Reading package lists...
INFO:kolla.common.utils.cinder-volume:Building dependency tree...
INFO:kolla.common.utils.cinder-volume:Reading state information...
INFO:kolla.common.utils.cinder-volume:The following additional packages will be installed:
INFO:kolla.common.utils.cinder-volume:  qemu-utils
INFO:kolla.common.utils.cinder-volume:Suggested packages:
INFO:kolla.common.utils.cinder-volume:  debootstrap qemu-block-extra
INFO:kolla.common.utils.cinder-volume:The following NEW packages will be installed:
INFO:kolla.common.utils.cinder-volume:  cinder-volume qemu-utils
INFO:kolla.common.utils.cinder-volume:0 upgraded, 2 newly installed, 0 to remove and 0 not upgraded.
INFO:kolla.common.utils.cinder-volume:Need to get 911 kB of archives.
INFO:kolla.common.utils.cinder-volume:After this operation, 6,002 kB of additional disk space will be used.
INFO:kolla.common.utils.cinder-volume:Get:1 http://deb.debian.org/debian buster/main s390x cinder-volume all 2:13.0.3-1 [25.2 kB]
INFO:kolla.common.utils.cinder-volume:Get:2 http://security-cdn.debian.org/debian-security buster/updates/main s390x qemu-utils s390x 1:3.1+dfsg-8+deb10u4 [885 kB]
INFO:kolla.common.utils.cinder-volume:Fetched 911 kB in 0s (6,796 kB/s)
INFO:kolla.common.utils.cinder-volume:Selecting previously unselected package qemu-utils.
INFO:kolla.common.utils.cinder-volume:(Reading database ... (Reading database ... 5%(Reading database ... 10%(Reading database ... 15%(Reading database ... 20%(Reading database ... 25%(Reading database ... 30%(Reading database ... 35%(Reading database ... 40%(Reading database ... 45%(Reading database ... 50%(Reading database ... 55%(Reading database ... 60%(Reading database ... 65%
INFO:kolla.common.utils.cinder-volume:(Reading database ... 70%
INFO:kolla.common.utils.cinder-volume:(Reading database ... 75%
INFO:kolla.common.utils.cinder-volume:(Reading database ... 80%
INFO:kolla.common.utils.cinder-volume:(Reading database ... 85%
INFO:kolla.common.utils.cinder-volume:(Reading database ... 90%
INFO:kolla.common.utils.cinder-volume:(Reading database ... 95%
INFO:kolla.common.utils.cinder-volume:(Reading database ... 100%(Reading database ... 28474 files and directories currently installed.)
INFO:kolla.common.utils.cinder-volume:Preparing to unpack .../qemu-utils_1%3a3.1+dfsg-8+deb10u4_s390x.deb ...
INFO:kolla.common.utils.cinder-volume:Unpacking qemu-utils (1:3.1+dfsg-8+deb10u4) ...
INFO:kolla.common.utils.cinder-volume:Selecting previously unselected package cinder-volume.
INFO:kolla.common.utils.cinder-volume:Preparing to unpack .../cinder-volume_2%3a13.0.3-1_all.deb ...
INFO:kolla.common.utils.cinder-volume:Unpacking cinder-volume (2:13.0.3-1) ...
INFO:kolla.common.utils.cinder-volume:Setting up qemu-utils (1:3.1+dfsg-8+deb10u4) ...
INFO:kolla.common.utils.cinder-volume:Setting up cinder-volume (2:13.0.3-1) ...
INFO:kolla.common.utils.cinder-volume:invoke-rc.d: could not determine current runlevel
INFO:kolla.common.utils.cinder-volume:invoke-rc.d: policy-rc.d denied execution of start.
INFO:kolla.common.utils.cinder-volume:Removing intermediate container 836c9aeecba9
INFO:kolla.common.utils.cinder-volume: ---> 70fdf488468b
INFO:kolla.common.utils.cinder-volume:Step 6/9 : COPY cinder_sudoers /etc/sudoers.d/kolla_cinder_volume_sudoers
INFO:kolla.common.utils.cinder-volume: ---> a921be7d94e6
INFO:kolla.common.utils.cinder-volume:Step 7/9 : COPY extend_start.sh /usr/local/bin/kolla_cinder_extend_start
INFO:kolla.common.utils.cinder-volume: ---> ba5629016662
INFO:kolla.common.utils.cinder-volume:Step 8/9 : RUN chmod 750 /etc/sudoers.d     && chmod 440 /etc/sudoers.d/kolla_cinder_volume_sudoers     && chmod 755 /usr/local/bin/kolla_cinder_extend_start
INFO:kolla.common.utils.cinder-volume: ---> Running in bd2237230c2d
INFO:kolla.common.utils.cinder-volume:Removing intermediate container bd2237230c2d
INFO:kolla.common.utils.cinder-volume: ---> 0d90be820a00
INFO:kolla.common.utils.cinder-volume:Step 9/9 : USER cinder
INFO:kolla.common.utils.cinder-volume: ---> Running in 1fad75283d43
INFO:kolla.common.utils.cinder-volume:Removing intermediate container 1fad75283d43
INFO:kolla.common.utils.cinder-volume: ---> 03ef8f1c31d7
INFO:kolla.common.utils.cinder-volume:Successfully built 03ef8f1c31d7
INFO:kolla.common.utils.cinder-volume:Successfully tagged s390x/debian-binary-cinder-volume:9.1.0
INFO:kolla.common.utils.cinder-volume:Built at 2020-03-02 21:27:45.220144 (took 0:00:23.789242)
