INFO:kolla.common.utils.collectd:Building started at 2020-03-02 21:26:30.279063
INFO:kolla.common.utils.collectd:Step 1/7 : FROM s390x/debian-binary-openstack-base:9.1.0
INFO:kolla.common.utils.collectd: ---> d0f37d4345b6
INFO:kolla.common.utils.collectd:Step 2/7 : LABEL maintainer="Kolla Project (https://launchpad.net/kolla)" name="collectd" build-date="20200302"
INFO:kolla.common.utils.collectd: ---> Running in a79f64a1f99b
INFO:kolla.common.utils.collectd:Removing intermediate container a79f64a1f99b
INFO:kolla.common.utils.collectd: ---> 7b464ad6d9b5
INFO:kolla.common.utils.collectd:Step 3/7 : RUN usermod --append --home /var/lib/collectd --groups kolla collectd     && mkdir -p /var/lib/collectd     && chown -R 42409:42409 /var/lib/collectd
INFO:kolla.common.utils.collectd: ---> Running in f594971743ec
INFO:kolla.common.utils.collectd:Removing intermediate container f594971743ec
INFO:kolla.common.utils.collectd: ---> 840e5dad6a1e
INFO:kolla.common.utils.collectd:Step 4/7 : RUN apt-get update && apt-get -y install --no-install-recommends collectd && apt-get clean && rm -rf /var/lib/apt/lists/*
INFO:kolla.common.utils.collectd: ---> Running in 40e7398823f1
INFO:kolla.common.utils.collectd:Get:1 http://deb.debian.org/debian buster InRelease [122 kB]
INFO:kolla.common.utils.collectd:Get:2 http://security-cdn.debian.org/debian-security buster/updates InRelease [65.4 kB]
INFO:kolla.common.utils.collectd:Get:3 http://deb.debian.org/debian buster-backports InRelease [46.7 kB]
INFO:kolla.common.utils.collectd:Get:4 http://deb.debian.org/debian buster/main s390x Packages [7,624 kB]
INFO:kolla.common.utils.collectd:Get:5 http://buster-train.debian.net/debian buster-train-backports InRelease [3,660 B]
INFO:kolla.common.utils.collectd:Get:6 http://buster-train.debian.net/debian buster-train-backports-nochange InRelease [3,669 B]
INFO:kolla.common.utils.collectd:Get:7 http://security-cdn.debian.org/debian-security buster/updates/main s390x Packages [161 kB]
INFO:kolla.common.utils.collectd:Get:8 http://deb.debian.org/debian buster-backports/main s390x Packages [209 kB]
INFO:kolla.common.utils.collectd:Fetched 8,235 kB in 2s (5,040 kB/s)
INFO:kolla.common.utils.collectd:Reading package lists...
INFO:kolla.common.utils.collectd:[91mW: Skipping acquire of configured file 'main/binary-s390x/Packages' as repository 'http://buster-train.debian.net/debian buster-train-backports InRelease' does not seem to provide it (sources.list entry misspelt?)
INFO:kolla.common.utils.collectd:W: Skipping acquire of configured file 'main/binary-s390x/Packages' as repository 'http://buster-train.debian.net/debian buster-train-backports-nochange InRelease' does not seem to provide it (sources.list entry misspelt?)
INFO:kolla.common.utils.collectd:[0m
INFO:kolla.common.utils.collectd:Reading package lists...
INFO:kolla.common.utils.collectd:Building dependency tree...
INFO:kolla.common.utils.collectd:Reading state information...
INFO:kolla.common.utils.collectd:The following additional packages will be installed:
INFO:kolla.common.utils.collectd:  collectd-core fontconfig fontconfig-config fonts-dejavu-core libcairo2
INFO:kolla.common.utils.collectd:  libdatrie1 libdbi1 libfontconfig1 libfreetype6 libfribidi0 libgraphite2-3
INFO:kolla.common.utils.collectd:  libharfbuzz0b libpango-1.0-0 libpangocairo-1.0-0 libpangoft2-1.0-0
INFO:kolla.common.utils.collectd:  libpixman-1-0 libpng16-16 librrd8 libthai-data libthai0 libxcb-render0
INFO:kolla.common.utils.collectd:  libxcb-shm0 libxrender1 ucf
INFO:kolla.common.utils.collectd:Suggested packages:
INFO:kolla.common.utils.collectd:  collectd-dev librrds-perl liburi-perl libhtml-parser-perl
INFO:kolla.common.utils.collectd:  libregexp-common-perl httpd-cgi apache2 apcupsd bind9 ceph chrony
INFO:kolla.common.utils.collectd:  default-mysql-server gpsd hddtemp iptables ipvsadm lm-sensors mbmon
INFO:kolla.common.utils.collectd:  memcached nginx notification-daemon nut openvpn olsrd pdns-server postgresql
INFO:kolla.common.utils.collectd:  redis-server slapd time-daemon varnish zookeeper libatasmart4
INFO:kolla.common.utils.collectd:  libcurl3-gnutls libesmtp6 libganglia1 libgdk-pixbuf2.0-0 libgps23
INFO:kolla.common.utils.collectd:  libhiredis0.14 libi2c0 libip4tc0 libip6tc0 liblua5.3-0 libmemcached11
INFO:kolla.common.utils.collectd:  libmicrohttpd12 libmodbus5 libmosquitto1 libnotify4 libnspr4 libnss3
INFO:kolla.common.utils.collectd:  libopenipmi0 liboping0 libowcapi-3.2-3 libpcap0.8 libprotobuf-c1
INFO:kolla.common.utils.collectd:  libpython2.7 librabbitmq4 librdkafka1 libriemann-client0 libsensors5
INFO:kolla.common.utils.collectd:  libsnmp30 libtokyotyrant3 libupsclient4 libvarnishapi2 libvirt0 libyajl2
INFO:kolla.common.utils.collectd:  default-jre-headless
INFO:kolla.common.utils.collectd:Recommended packages:
INFO:kolla.common.utils.collectd:  libatasmart4 libcurl3-gnutls libesmtp6 libganglia1 libgdk-pixbuf2.0-0
INFO:kolla.common.utils.collectd:  libgps23 libhiredis0.14 libi2c0 libip4tc0 libip6tc0 liblua5.3-0
INFO:kolla.common.utils.collectd:  libmemcached11 libmicrohttpd12 libmodbus5 libmosquitto1 libnotify4 libnspr4
INFO:kolla.common.utils.collectd:  libnss3 libopenipmi0 liboping0 libowcapi-3.2-3 libpcap0.8 libprotobuf-c1
INFO:kolla.common.utils.collectd:  libpython2.7 librabbitmq4 librdkafka1 libriemann-client0 libsensors5
INFO:kolla.common.utils.collectd:  libsnmp30 libtokyotyrant3 libupsclient4 libvarnishapi2 libvirt0 libyajl2
INFO:kolla.common.utils.collectd:  default-jre-headless rrdtool
INFO:kolla.common.utils.collectd:The following NEW packages will be installed:
INFO:kolla.common.utils.collectd:  collectd collectd-core fontconfig fontconfig-config fonts-dejavu-core
INFO:kolla.common.utils.collectd:  libcairo2 libdatrie1 libdbi1 libfontconfig1 libfreetype6 libfribidi0
INFO:kolla.common.utils.collectd:  libgraphite2-3 libharfbuzz0b libpango-1.0-0 libpangocairo-1.0-0
INFO:kolla.common.utils.collectd:  libpangoft2-1.0-0 libpixman-1-0 libpng16-16 librrd8 libthai-data libthai0
INFO:kolla.common.utils.collectd:  libxcb-render0 libxcb-shm0 libxrender1 ucf
INFO:kolla.common.utils.collectd:0 upgraded, 25 newly installed, 0 to remove and 0 not upgraded.
INFO:kolla.common.utils.collectd:Need to get 7,345 kB of archives.
INFO:kolla.common.utils.collectd:After this operation, 17.5 MB of additional disk space will be used.
INFO:kolla.common.utils.collectd:Get:1 http://deb.debian.org/debian buster/main s390x ucf all 3.0038+nmu1 [69.0 kB]
INFO:kolla.common.utils.collectd:Get:2 http://deb.debian.org/debian buster/main s390x collectd-core s390x 5.8.1-1.3 [981 kB]
INFO:kolla.common.utils.collectd:Get:3 http://deb.debian.org/debian buster/main s390x libpng16-16 s390x 1.6.36-6 [285 kB]
INFO:kolla.common.utils.collectd:Get:4 http://deb.debian.org/debian buster/main s390x libfreetype6 s390x 2.9.1-3+deb10u1 [353 kB]
INFO:kolla.common.utils.collectd:Get:5 http://deb.debian.org/debian buster/main s390x fonts-dejavu-core all 2.37-1 [1,068 kB]
INFO:kolla.common.utils.collectd:Get:6 http://deb.debian.org/debian buster/main s390x fontconfig-config all 2.13.1-2 [280 kB]
INFO:kolla.common.utils.collectd:Get:7 http://deb.debian.org/debian buster/main s390x libfontconfig1 s390x 2.13.1-2 [339 kB]
INFO:kolla.common.utils.collectd:Get:8 http://deb.debian.org/debian buster/main s390x libpixman-1-0 s390x 0.36.0-1 [444 kB]
INFO:kolla.common.utils.collectd:Get:9 http://deb.debian.org/debian buster/main s390x libxcb-render0 s390x 1.13.1-2 [109 kB]
INFO:kolla.common.utils.collectd:Get:10 http://deb.debian.org/debian buster/main s390x libxcb-shm0 s390x 1.13.1-2 [99.1 kB]
INFO:kolla.common.utils.collectd:Get:11 http://deb.debian.org/debian buster/main s390x libxrender1 s390x 1:0.9.10-1 [32.0 kB]
INFO:kolla.common.utils.collectd:Get:12 http://deb.debian.org/debian buster/main s390x libcairo2 s390x 1.16.0-4 [637 kB]
INFO:kolla.common.utils.collectd:Get:13 http://deb.debian.org/debian buster/main s390x libdbi1 s390x 0.9.0-5 [31.2 kB]
INFO:kolla.common.utils.collectd:Get:14 http://deb.debian.org/debian buster/main s390x fontconfig s390x 2.13.1-2 [405 kB]
INFO:kolla.common.utils.collectd:Get:15 http://deb.debian.org/debian buster/main s390x libfribidi0 s390x 1.0.5-3.1+deb10u1 [64.4 kB]
INFO:kolla.common.utils.collectd:Get:16 http://deb.debian.org/debian buster/main s390x libthai-data all 0.1.28-2 [170 kB]
INFO:kolla.common.utils.collectd:Get:17 http://deb.debian.org/debian buster/main s390x libdatrie1 s390x 0.2.12-2 [38.9 kB]
INFO:kolla.common.utils.collectd:Get:18 http://deb.debian.org/debian buster/main s390x libthai0 s390x 0.1.28-2 [54.2 kB]
INFO:kolla.common.utils.collectd:Get:19 http://deb.debian.org/debian buster/main s390x libpango-1.0-0 s390x 1.42.4-7~deb10u1 [180 kB]
INFO:kolla.common.utils.collectd:Get:20 http://deb.debian.org/debian buster/main s390x libgraphite2-3 s390x 1.3.13-7 [73.8 kB]
INFO:kolla.common.utils.collectd:Get:21 http://deb.debian.org/debian buster/main s390x libharfbuzz0b s390x 2.3.1-1 [1,151 kB]
INFO:kolla.common.utils.collectd:Get:22 http://deb.debian.org/debian buster/main s390x libpangoft2-1.0-0 s390x 1.42.4-7~deb10u1 [65.9 kB]
INFO:kolla.common.utils.collectd:Get:23 http://deb.debian.org/debian buster/main s390x libpangocairo-1.0-0 s390x 1.42.4-7~deb10u1 [53.4 kB]
INFO:kolla.common.utils.collectd:Get:24 http://deb.debian.org/debian buster/main s390x librrd8 s390x 1.7.1-2 [237 kB]
INFO:kolla.common.utils.collectd:Get:25 http://deb.debian.org/debian buster/main s390x collectd s390x 5.8.1-1.3 [122 kB]
INFO:kolla.common.utils.collectd:Preconfiguring packages ...
INFO:kolla.common.utils.collectd:Fetched 7,345 kB in 0s (24.2 MB/s)
INFO:kolla.common.utils.collectd:Selecting previously unselected package ucf.
INFO:kolla.common.utils.collectd:(Reading database ... (Reading database ... 5%
INFO:kolla.common.utils.collectd:(Reading database ... 10%(Reading database ... 15%(Reading database ... 20%(Reading database ... 25%(Reading database ... 30%(Reading database ... 35%(Reading database ... 40%(Reading database ... 45%(Reading database ... 50%(Reading database ... 55%(Reading database ... 60%(Reading database ... 65%(Reading database ... 70%(Reading database ... 75%(Reading database ... 80%(Reading database ... 85%(Reading database ... 90%
INFO:kolla.common.utils.collectd:(Reading database ... 95%
INFO:kolla.common.utils.collectd:(Reading database ... 100%(Reading database ... 21603 files and directories currently installed.)
INFO:kolla.common.utils.collectd:Preparing to unpack .../00-ucf_3.0038+nmu1_all.deb ...
INFO:kolla.common.utils.collectd:Moving old data out of the way
INFO:kolla.common.utils.collectd:Unpacking ucf (3.0038+nmu1) ...
INFO:kolla.common.utils.collectd:Selecting previously unselected package collectd-core.
INFO:kolla.common.utils.collectd:Preparing to unpack .../01-collectd-core_5.8.1-1.3_s390x.deb ...
INFO:kolla.common.utils.collectd:Unpacking collectd-core (5.8.1-1.3) ...
INFO:kolla.common.utils.collectd:Selecting previously unselected package libpng16-16:s390x.
INFO:kolla.common.utils.collectd:Preparing to unpack .../02-libpng16-16_1.6.36-6_s390x.deb ...
INFO:kolla.common.utils.collectd:Unpacking libpng16-16:s390x (1.6.36-6) ...
INFO:kolla.common.utils.collectd:Selecting previously unselected package libfreetype6:s390x.
INFO:kolla.common.utils.collectd:Preparing to unpack .../03-libfreetype6_2.9.1-3+deb10u1_s390x.deb ...
INFO:kolla.common.utils.collectd:Unpacking libfreetype6:s390x (2.9.1-3+deb10u1) ...
INFO:kolla.common.utils.collectd:Selecting previously unselected package fonts-dejavu-core.
INFO:kolla.common.utils.collectd:Preparing to unpack .../04-fonts-dejavu-core_2.37-1_all.deb ...
INFO:kolla.common.utils.collectd:Unpacking fonts-dejavu-core (2.37-1) ...
INFO:kolla.common.utils.collectd:Selecting previously unselected package fontconfig-config.
INFO:kolla.common.utils.collectd:Preparing to unpack .../05-fontconfig-config_2.13.1-2_all.deb ...
INFO:kolla.common.utils.collectd:Unpacking fontconfig-config (2.13.1-2) ...
INFO:kolla.common.utils.collectd:Selecting previously unselected package libfontconfig1:s390x.
INFO:kolla.common.utils.collectd:Preparing to unpack .../06-libfontconfig1_2.13.1-2_s390x.deb ...
INFO:kolla.common.utils.collectd:Unpacking libfontconfig1:s390x (2.13.1-2) ...
INFO:kolla.common.utils.collectd:Selecting previously unselected package libpixman-1-0:s390x.
INFO:kolla.common.utils.collectd:Preparing to unpack .../07-libpixman-1-0_0.36.0-1_s390x.deb ...
INFO:kolla.common.utils.collectd:Unpacking libpixman-1-0:s390x (0.36.0-1) ...
INFO:kolla.common.utils.collectd:Selecting previously unselected package libxcb-render0:s390x.
INFO:kolla.common.utils.collectd:Preparing to unpack .../08-libxcb-render0_1.13.1-2_s390x.deb ...
INFO:kolla.common.utils.collectd:Unpacking libxcb-render0:s390x (1.13.1-2) ...
INFO:kolla.common.utils.collectd:Selecting previously unselected package libxcb-shm0:s390x.
INFO:kolla.common.utils.collectd:Preparing to unpack .../09-libxcb-shm0_1.13.1-2_s390x.deb ...
INFO:kolla.common.utils.collectd:Unpacking libxcb-shm0:s390x (1.13.1-2) ...
INFO:kolla.common.utils.collectd:Selecting previously unselected package libxrender1:s390x.
INFO:kolla.common.utils.collectd:Preparing to unpack .../10-libxrender1_1%3a0.9.10-1_s390x.deb ...
INFO:kolla.common.utils.collectd:Unpacking libxrender1:s390x (1:0.9.10-1) ...
INFO:kolla.common.utils.collectd:Selecting previously unselected package libcairo2:s390x.
INFO:kolla.common.utils.collectd:Preparing to unpack .../11-libcairo2_1.16.0-4_s390x.deb ...
INFO:kolla.common.utils.collectd:Unpacking libcairo2:s390x (1.16.0-4) ...
INFO:kolla.common.utils.collectd:Selecting previously unselected package libdbi1:s390x.
INFO:kolla.common.utils.collectd:Preparing to unpack .../12-libdbi1_0.9.0-5_s390x.deb ...
INFO:kolla.common.utils.collectd:Unpacking libdbi1:s390x (0.9.0-5) ...
INFO:kolla.common.utils.collectd:Selecting previously unselected package fontconfig.
INFO:kolla.common.utils.collectd:Preparing to unpack .../13-fontconfig_2.13.1-2_s390x.deb ...
INFO:kolla.common.utils.collectd:Unpacking fontconfig (2.13.1-2) ...
INFO:kolla.common.utils.collectd:Selecting previously unselected package libfribidi0:s390x.
INFO:kolla.common.utils.collectd:Preparing to unpack .../14-libfribidi0_1.0.5-3.1+deb10u1_s390x.deb ...
INFO:kolla.common.utils.collectd:Unpacking libfribidi0:s390x (1.0.5-3.1+deb10u1) ...
INFO:kolla.common.utils.collectd:Selecting previously unselected package libthai-data.
INFO:kolla.common.utils.collectd:Preparing to unpack .../15-libthai-data_0.1.28-2_all.deb ...
INFO:kolla.common.utils.collectd:Unpacking libthai-data (0.1.28-2) ...
INFO:kolla.common.utils.collectd:Selecting previously unselected package libdatrie1:s390x.
INFO:kolla.common.utils.collectd:Preparing to unpack .../16-libdatrie1_0.2.12-2_s390x.deb ...
INFO:kolla.common.utils.collectd:Unpacking libdatrie1:s390x (0.2.12-2) ...
INFO:kolla.common.utils.collectd:Selecting previously unselected package libthai0:s390x.
INFO:kolla.common.utils.collectd:Preparing to unpack .../17-libthai0_0.1.28-2_s390x.deb ...
INFO:kolla.common.utils.collectd:Unpacking libthai0:s390x (0.1.28-2) ...
INFO:kolla.common.utils.collectd:Selecting previously unselected package libpango-1.0-0:s390x.
INFO:kolla.common.utils.collectd:Preparing to unpack .../18-libpango-1.0-0_1.42.4-7~deb10u1_s390x.deb ...
INFO:kolla.common.utils.collectd:Unpacking libpango-1.0-0:s390x (1.42.4-7~deb10u1) ...
INFO:kolla.common.utils.collectd:Selecting previously unselected package libgraphite2-3:s390x.
INFO:kolla.common.utils.collectd:Preparing to unpack .../19-libgraphite2-3_1.3.13-7_s390x.deb ...
INFO:kolla.common.utils.collectd:Unpacking libgraphite2-3:s390x (1.3.13-7) ...
INFO:kolla.common.utils.collectd:Selecting previously unselected package libharfbuzz0b:s390x.
INFO:kolla.common.utils.collectd:Preparing to unpack .../20-libharfbuzz0b_2.3.1-1_s390x.deb ...
INFO:kolla.common.utils.collectd:Unpacking libharfbuzz0b:s390x (2.3.1-1) ...
INFO:kolla.common.utils.collectd:Selecting previously unselected package libpangoft2-1.0-0:s390x.
INFO:kolla.common.utils.collectd:Preparing to unpack .../21-libpangoft2-1.0-0_1.42.4-7~deb10u1_s390x.deb ...
INFO:kolla.common.utils.collectd:Unpacking libpangoft2-1.0-0:s390x (1.42.4-7~deb10u1) ...
INFO:kolla.common.utils.collectd:Selecting previously unselected package libpangocairo-1.0-0:s390x.
INFO:kolla.common.utils.collectd:Preparing to unpack .../22-libpangocairo-1.0-0_1.42.4-7~deb10u1_s390x.deb ...
INFO:kolla.common.utils.collectd:Unpacking libpangocairo-1.0-0:s390x (1.42.4-7~deb10u1) ...
INFO:kolla.common.utils.collectd:Selecting previously unselected package librrd8:s390x.
INFO:kolla.common.utils.collectd:Preparing to unpack .../23-librrd8_1.7.1-2_s390x.deb ...
INFO:kolla.common.utils.collectd:Unpacking librrd8:s390x (1.7.1-2) ...
INFO:kolla.common.utils.collectd:Selecting previously unselected package collectd.
INFO:kolla.common.utils.collectd:Preparing to unpack .../24-collectd_5.8.1-1.3_s390x.deb ...
INFO:kolla.common.utils.collectd:Unpacking collectd (5.8.1-1.3) ...
INFO:kolla.common.utils.collectd:Setting up libgraphite2-3:s390x (1.3.13-7) ...
INFO:kolla.common.utils.collectd:Setting up libpixman-1-0:s390x (0.36.0-1) ...
INFO:kolla.common.utils.collectd:Setting up libdbi1:s390x (0.9.0-5) ...
INFO:kolla.common.utils.collectd:Setting up collectd-core (5.8.1-1.3) ...
INFO:kolla.common.utils.collectd:invoke-rc.d: could not determine current runlevel
INFO:kolla.common.utils.collectd:invoke-rc.d: policy-rc.d denied execution of start.
INFO:kolla.common.utils.collectd:Setting up libxrender1:s390x (1:0.9.10-1) ...
INFO:kolla.common.utils.collectd:Setting up libdatrie1:s390x (0.2.12-2) ...
INFO:kolla.common.utils.collectd:Setting up libxcb-render0:s390x (1.13.1-2) ...
INFO:kolla.common.utils.collectd:Setting up libxcb-shm0:s390x (1.13.1-2) ...
INFO:kolla.common.utils.collectd:Setting up libfribidi0:s390x (1.0.5-3.1+deb10u1) ...
INFO:kolla.common.utils.collectd:Setting up libpng16-16:s390x (1.6.36-6) ...
INFO:kolla.common.utils.collectd:Setting up fonts-dejavu-core (2.37-1) ...
INFO:kolla.common.utils.collectd:Setting up ucf (3.0038+nmu1) ...
INFO:kolla.common.utils.collectd:Setting up libthai-data (0.1.28-2) ...
INFO:kolla.common.utils.collectd:Setting up fontconfig-config (2.13.1-2) ...
INFO:kolla.common.utils.collectd:Setting up libthai0:s390x (0.1.28-2) ...
INFO:kolla.common.utils.collectd:Setting up libfreetype6:s390x (2.9.1-3+deb10u1) ...
INFO:kolla.common.utils.collectd:Setting up libharfbuzz0b:s390x (2.3.1-1) ...
INFO:kolla.common.utils.collectd:Processing triggers for libc-bin (2.28-10) ...
INFO:kolla.common.utils.collectd:Processing triggers for sgml-base (1.29) ...
INFO:kolla.common.utils.collectd:Setting up libfontconfig1:s390x (2.13.1-2) ...
INFO:kolla.common.utils.collectd:Setting up fontconfig (2.13.1-2) ...
INFO:kolla.common.utils.collectd:Regenerating fonts cache... 
INFO:kolla.common.utils.collectd:done.
INFO:kolla.common.utils.collectd:Setting up libpango-1.0-0:s390x (1.42.4-7~deb10u1) ...
INFO:kolla.common.utils.collectd:Setting up libcairo2:s390x (1.16.0-4) ...
INFO:kolla.common.utils.collectd:Setting up libpangoft2-1.0-0:s390x (1.42.4-7~deb10u1) ...
INFO:kolla.common.utils.collectd:Setting up libpangocairo-1.0-0:s390x (1.42.4-7~deb10u1) ...
INFO:kolla.common.utils.collectd:Setting up librrd8:s390x (1.7.1-2) ...
INFO:kolla.common.utils.collectd:Setting up collectd (5.8.1-1.3) ...
INFO:kolla.common.utils.collectd:invoke-rc.d: could not determine current runlevel
INFO:kolla.common.utils.collectd:invoke-rc.d: policy-rc.d denied execution of restart.
INFO:kolla.common.utils.collectd:Processing triggers for libc-bin (2.28-10) ...
INFO:kolla.common.utils.collectd:Removing intermediate container 40e7398823f1
INFO:kolla.common.utils.collectd: ---> 1e908ccc1967
INFO:kolla.common.utils.collectd:Step 5/7 : COPY extend_start.sh /usr/local/bin/kolla_extend_start
INFO:kolla.common.utils.collectd: ---> d0362601b0cd
INFO:kolla.common.utils.collectd:Step 6/7 : RUN chmod 755 /usr/local/bin/kolla_extend_start     && chown -R collectd /var/lib/collectd     && chown -R collectd /etc/collectd*     && chown -R collectd /var/run/
INFO:kolla.common.utils.collectd: ---> Running in d45ecc4c46f8
INFO:kolla.common.utils.collectd:Removing intermediate container d45ecc4c46f8
INFO:kolla.common.utils.collectd: ---> 9327a887980c
INFO:kolla.common.utils.collectd:Step 7/7 : USER collectd
INFO:kolla.common.utils.collectd: ---> Running in d3327fefc3d7
INFO:kolla.common.utils.collectd:Removing intermediate container d3327fefc3d7
INFO:kolla.common.utils.collectd: ---> 3d59cf18f0ed
INFO:kolla.common.utils.collectd:Successfully built 3d59cf18f0ed
INFO:kolla.common.utils.collectd:Successfully tagged s390x/debian-binary-collectd:9.1.0
INFO:kolla.common.utils.collectd:Built at 2020-03-02 21:26:56.261954 (took 0:00:25.982891)
