INFO:kolla.common.utils.designate-mdns:Building started at 2020-03-02 21:28:07.606207
INFO:kolla.common.utils.designate-mdns:Step 1/4 : FROM s390x/debian-binary-designate-base:9.1.0
INFO:kolla.common.utils.designate-mdns: ---> f4cc9494fd1d
INFO:kolla.common.utils.designate-mdns:Step 2/4 : LABEL maintainer="Kolla Project (https://launchpad.net/kolla)" name="designate-mdns" build-date="20200302"
INFO:kolla.common.utils.designate-mdns: ---> Running in 5bc25306e80f
INFO:kolla.common.utils.designate-mdns:Removing intermediate container 5bc25306e80f
INFO:kolla.common.utils.designate-mdns: ---> 1bf3d3af7a42
INFO:kolla.common.utils.designate-mdns:Step 3/4 : RUN apt-get update && apt-get -y install --no-install-recommends designate-mdns && apt-get clean && rm -rf /var/lib/apt/lists/*
INFO:kolla.common.utils.designate-mdns: ---> Running in 0d9bd0c5b21b
INFO:kolla.common.utils.designate-mdns:Get:1 http://deb.debian.org/debian buster InRelease [122 kB]
INFO:kolla.common.utils.designate-mdns:Get:2 http://deb.debian.org/debian buster-backports InRelease [46.7 kB]
INFO:kolla.common.utils.designate-mdns:Get:4 http://buster-train.debian.net/debian buster-train-backports InRelease [3,660 B]
INFO:kolla.common.utils.designate-mdns:Get:3 http://security-cdn.debian.org/debian-security buster/updates InRelease [65.4 kB]
INFO:kolla.common.utils.designate-mdns:Get:5 http://buster-train.debian.net/debian buster-train-backports-nochange InRelease [3,669 B]
INFO:kolla.common.utils.designate-mdns:Get:6 http://deb.debian.org/debian buster/main s390x Packages [7,624 kB]
INFO:kolla.common.utils.designate-mdns:Get:7 http://deb.debian.org/debian buster-backports/main s390x Packages [209 kB]
INFO:kolla.common.utils.designate-mdns:Get:8 http://security-cdn.debian.org/debian-security buster/updates/main s390x Packages [161 kB]
INFO:kolla.common.utils.designate-mdns:Fetched 8,235 kB in 2s (4,975 kB/s)
INFO:kolla.common.utils.designate-mdns:Reading package lists...
INFO:kolla.common.utils.designate-mdns:[91mW: Skipping acquire of configured file 'main/binary-s390x/Packages' as repository 'http://buster-train.debian.net/debian buster-train-backports InRelease' does not seem to provide it (sources.list entry misspelt?)
INFO:kolla.common.utils.designate-mdns:W: Skipping acquire of configured file 'main/binary-s390x/Packages' as repository 'http://buster-train.debian.net/debian buster-train-backports-nochange InRelease' does not seem to provide it (sources.list entry misspelt?)
INFO:kolla.common.utils.designate-mdns:[0m
INFO:kolla.common.utils.designate-mdns:Reading package lists...
INFO:kolla.common.utils.designate-mdns:Building dependency tree...
INFO:kolla.common.utils.designate-mdns:Reading state information...
INFO:kolla.common.utils.designate-mdns:The following NEW packages will be installed:
INFO:kolla.common.utils.designate-mdns:  designate-mdns
INFO:kolla.common.utils.designate-mdns:0 upgraded, 1 newly installed, 0 to remove and 0 not upgraded.
INFO:kolla.common.utils.designate-mdns:Need to get 9,580 B of archives.
INFO:kolla.common.utils.designate-mdns:After this operation, 31.7 kB of additional disk space will be used.
INFO:kolla.common.utils.designate-mdns:Get:1 http://deb.debian.org/debian buster/main s390x designate-mdns all 1:7.0.0-2 [9,580 B]
INFO:kolla.common.utils.designate-mdns:Fetched 9,580 B in 0s (273 kB/s)
INFO:kolla.common.utils.designate-mdns:Selecting previously unselected package designate-mdns.
INFO:kolla.common.utils.designate-mdns:(Reading database ... 
INFO:kolla.common.utils.designate-mdns:(Reading database ... 5%(Reading database ... 10%(Reading database ... 15%(Reading database ... 20%(Reading database ... 25%(Reading database ... 30%(Reading database ... 35%(Reading database ... 40%(Reading database ... 45%(Reading database ... 50%(Reading database ... 55%(Reading database ... 60%
INFO:kolla.common.utils.designate-mdns:(Reading database ... 65%(Reading database ... 70%
INFO:kolla.common.utils.designate-mdns:(Reading database ... 75%(Reading database ... 80%(Reading database ... 85%
INFO:kolla.common.utils.designate-mdns:(Reading database ... 90%
INFO:kolla.common.utils.designate-mdns:(Reading database ... 95%
INFO:kolla.common.utils.designate-mdns:(Reading database ... 100%(Reading database ... 25496 files and directories currently installed.)
INFO:kolla.common.utils.designate-mdns:Preparing to unpack .../designate-mdns_1%3a7.0.0-2_all.deb ...
INFO:kolla.common.utils.designate-mdns:Unpacking designate-mdns (1:7.0.0-2) ...
INFO:kolla.common.utils.designate-mdns:Setting up designate-mdns (1:7.0.0-2) ...
INFO:kolla.common.utils.designate-mdns:invoke-rc.d: could not determine current runlevel
INFO:kolla.common.utils.designate-mdns:invoke-rc.d: policy-rc.d denied execution of start.
INFO:kolla.common.utils.designate-mdns:Removing intermediate container 0d9bd0c5b21b
INFO:kolla.common.utils.designate-mdns: ---> 4c1c62041e4d
INFO:kolla.common.utils.designate-mdns:Step 4/4 : USER designate
INFO:kolla.common.utils.designate-mdns: ---> Running in 22f6e703cc25
INFO:kolla.common.utils.designate-mdns:Removing intermediate container 22f6e703cc25
INFO:kolla.common.utils.designate-mdns: ---> 175a329631ed
INFO:kolla.common.utils.designate-mdns:Successfully built 175a329631ed
INFO:kolla.common.utils.designate-mdns:Successfully tagged s390x/debian-binary-designate-mdns:9.1.0
INFO:kolla.common.utils.designate-mdns:Built at 2020-03-02 21:28:15.301137 (took 0:00:07.694930)
