INFO:kolla.common.utils.designate-producer:Building started at 2020-03-02 21:28:12.602851
INFO:kolla.common.utils.designate-producer:Step 1/4 : FROM s390x/debian-binary-designate-base:9.1.0
INFO:kolla.common.utils.designate-producer: ---> f4cc9494fd1d
INFO:kolla.common.utils.designate-producer:Step 2/4 : LABEL maintainer="Kolla Project (https://launchpad.net/kolla)" name="designate-producer" build-date="20200302"
INFO:kolla.common.utils.designate-producer: ---> Running in d95c38320bca
INFO:kolla.common.utils.designate-producer:Removing intermediate container d95c38320bca
INFO:kolla.common.utils.designate-producer: ---> 3cb2123e8838
INFO:kolla.common.utils.designate-producer:Step 3/4 : RUN apt-get update && apt-get -y install --no-install-recommends designate-producer && apt-get clean && rm -rf /var/lib/apt/lists/*
INFO:kolla.common.utils.designate-producer: ---> Running in 9d01f60c8733
INFO:kolla.common.utils.designate-producer:Get:1 http://deb.debian.org/debian buster InRelease [122 kB]
INFO:kolla.common.utils.designate-producer:Get:2 http://deb.debian.org/debian buster-backports InRelease [46.7 kB]
INFO:kolla.common.utils.designate-producer:Get:3 http://security-cdn.debian.org/debian-security buster/updates InRelease [65.4 kB]
INFO:kolla.common.utils.designate-producer:Get:4 http://deb.debian.org/debian buster/main s390x Packages [7,624 kB]
INFO:kolla.common.utils.designate-producer:Get:5 http://buster-train.debian.net/debian buster-train-backports InRelease [3,660 B]
INFO:kolla.common.utils.designate-producer:Get:6 http://buster-train.debian.net/debian buster-train-backports-nochange InRelease [3,669 B]
INFO:kolla.common.utils.designate-producer:Get:7 http://deb.debian.org/debian buster-backports/main s390x Packages [209 kB]
INFO:kolla.common.utils.designate-producer:Get:8 http://security-cdn.debian.org/debian-security buster/updates/main s390x Packages [161 kB]
INFO:kolla.common.utils.designate-producer:Fetched 8,235 kB in 2s (4,958 kB/s)
INFO:kolla.common.utils.designate-producer:Reading package lists...
INFO:kolla.common.utils.designate-producer:[91mW: Skipping acquire of configured file 'main/binary-s390x/Packages' as repository 'http://buster-train.debian.net/debian buster-train-backports InRelease' does not seem to provide it (sources.list entry misspelt?)
INFO:kolla.common.utils.designate-producer:W: Skipping acquire of configured file 'main/binary-s390x/Packages' as repository 'http://buster-train.debian.net/debian buster-train-backports-nochange InRelease' does not seem to provide it (sources.list entry misspelt?)
INFO:kolla.common.utils.designate-producer:[0m
INFO:kolla.common.utils.designate-producer:Reading package lists...
INFO:kolla.common.utils.designate-producer:Building dependency tree...
INFO:kolla.common.utils.designate-producer:Reading state information...
INFO:kolla.common.utils.designate-producer:The following NEW packages will be installed:
INFO:kolla.common.utils.designate-producer:  designate-producer
INFO:kolla.common.utils.designate-producer:0 upgraded, 1 newly installed, 0 to remove and 0 not upgraded.
INFO:kolla.common.utils.designate-producer:Need to get 9,588 B of archives.
INFO:kolla.common.utils.designate-producer:After this operation, 31.7 kB of additional disk space will be used.
INFO:kolla.common.utils.designate-producer:Get:1 http://deb.debian.org/debian buster/main s390x designate-producer all 1:7.0.0-2 [9,588 B]
INFO:kolla.common.utils.designate-producer:Fetched 9,588 B in 0s (299 kB/s)
INFO:kolla.common.utils.designate-producer:Selecting previously unselected package designate-producer.
INFO:kolla.common.utils.designate-producer:(Reading database ... 
INFO:kolla.common.utils.designate-producer:(Reading database ... 5%(Reading database ... 10%(Reading database ... 15%(Reading database ... 20%(Reading database ... 25%(Reading database ... 30%(Reading database ... 35%(Reading database ... 40%(Reading database ... 45%(Reading database ... 50%(Reading database ... 55%(Reading database ... 60%
INFO:kolla.common.utils.designate-producer:(Reading database ... 65%
INFO:kolla.common.utils.designate-producer:(Reading database ... 70%
INFO:kolla.common.utils.designate-producer:(Reading database ... 75%
INFO:kolla.common.utils.designate-producer:(Reading database ... 80%
INFO:kolla.common.utils.designate-producer:(Reading database ... 85%
INFO:kolla.common.utils.designate-producer:(Reading database ... 90%
INFO:kolla.common.utils.designate-producer:(Reading database ... 95%
INFO:kolla.common.utils.designate-producer:(Reading database ... 100%(Reading database ... 25496 files and directories currently installed.)
INFO:kolla.common.utils.designate-producer:Preparing to unpack .../designate-producer_1%3a7.0.0-2_all.deb ...
INFO:kolla.common.utils.designate-producer:Unpacking designate-producer (1:7.0.0-2) ...
INFO:kolla.common.utils.designate-producer:Setting up designate-producer (1:7.0.0-2) ...
INFO:kolla.common.utils.designate-producer:invoke-rc.d: could not determine current runlevel
INFO:kolla.common.utils.designate-producer:invoke-rc.d: policy-rc.d denied execution of start.
INFO:kolla.common.utils.designate-producer:Removing intermediate container 9d01f60c8733
INFO:kolla.common.utils.designate-producer: ---> 4864377a3a5e
INFO:kolla.common.utils.designate-producer:Step 4/4 : USER designate
INFO:kolla.common.utils.designate-producer: ---> Running in 8da6173d5fc0
INFO:kolla.common.utils.designate-producer:Removing intermediate container 8da6173d5fc0
INFO:kolla.common.utils.designate-producer: ---> 4f5a97ebdf61
INFO:kolla.common.utils.designate-producer:Successfully built 4f5a97ebdf61
INFO:kolla.common.utils.designate-producer:Successfully tagged s390x/debian-binary-designate-producer:9.1.0
INFO:kolla.common.utils.designate-producer:Built at 2020-03-02 21:28:20.321484 (took 0:00:07.718633)
