INFO:kolla.common.utils.designate-worker:Building started at 2020-03-02 21:28:07.333505
INFO:kolla.common.utils.designate-worker:Step 1/4 : FROM s390x/debian-binary-designate-base:9.1.0
INFO:kolla.common.utils.designate-worker: ---> f4cc9494fd1d
INFO:kolla.common.utils.designate-worker:Step 2/4 : LABEL maintainer="Kolla Project (https://launchpad.net/kolla)" name="designate-worker" build-date="20200302"
INFO:kolla.common.utils.designate-worker: ---> Running in d15c4a42086b
INFO:kolla.common.utils.designate-worker:Removing intermediate container d15c4a42086b
INFO:kolla.common.utils.designate-worker: ---> b4cfe158504e
INFO:kolla.common.utils.designate-worker:Step 3/4 : RUN apt-get update && apt-get -y install --no-install-recommends bind9 designate-worker && apt-get clean && rm -rf /var/lib/apt/lists/*
INFO:kolla.common.utils.designate-worker: ---> Running in 76ed548c4e5d
INFO:kolla.common.utils.designate-worker:Get:1 http://deb.debian.org/debian buster InRelease [122 kB]
INFO:kolla.common.utils.designate-worker:Get:2 http://deb.debian.org/debian buster-backports InRelease [46.7 kB]
INFO:kolla.common.utils.designate-worker:Get:3 http://security-cdn.debian.org/debian-security buster/updates InRelease [65.4 kB]
INFO:kolla.common.utils.designate-worker:Get:4 http://buster-train.debian.net/debian buster-train-backports InRelease [3,660 B]
INFO:kolla.common.utils.designate-worker:Get:5 http://deb.debian.org/debian buster/main s390x Packages [7,624 kB]
INFO:kolla.common.utils.designate-worker:Get:6 http://buster-train.debian.net/debian buster-train-backports-nochange InRelease [3,669 B]
INFO:kolla.common.utils.designate-worker:Get:7 http://deb.debian.org/debian buster-backports/main s390x Packages [209 kB]
INFO:kolla.common.utils.designate-worker:Get:8 http://security-cdn.debian.org/debian-security buster/updates/main s390x Packages [161 kB]
INFO:kolla.common.utils.designate-worker:Fetched 8,235 kB in 2s (5,308 kB/s)
INFO:kolla.common.utils.designate-worker:Reading package lists...
INFO:kolla.common.utils.designate-worker:[91mW: Skipping acquire of configured file 'main/binary-s390x/Packages' as repository 'http://buster-train.debian.net/debian buster-train-backports InRelease' does not seem to provide it (sources.list entry misspelt?)
INFO:kolla.common.utils.designate-worker:W: Skipping acquire of configured file 'main/binary-s390x/Packages' as repository 'http://buster-train.debian.net/debian buster-train-backports-nochange InRelease' does not seem to provide it (sources.list entry misspelt?)
INFO:kolla.common.utils.designate-worker:[0m
INFO:kolla.common.utils.designate-worker:Reading package lists...
INFO:kolla.common.utils.designate-worker:Building dependency tree...
INFO:kolla.common.utils.designate-worker:Reading state information...
INFO:kolla.common.utils.designate-worker:The following additional packages will be installed:
INFO:kolla.common.utils.designate-worker:  bind9utils dns-root-data libbind9-161 libdns1104 libfstrm0 libgeoip1
INFO:kolla.common.utils.designate-worker:  libisc1100 libisccc161 libisccfg163 libjson-c3 liblmdb0 liblwres161
INFO:kolla.common.utils.designate-worker:  libprotobuf-c1 net-tools
INFO:kolla.common.utils.designate-worker:Suggested packages:
INFO:kolla.common.utils.designate-worker:  bind9-doc dnsutils resolvconf ufw geoip-bin
INFO:kolla.common.utils.designate-worker:Recommended packages:
INFO:kolla.common.utils.designate-worker:  geoip-database
INFO:kolla.common.utils.designate-worker:The following NEW packages will be installed:
INFO:kolla.common.utils.designate-worker:  bind9 bind9utils designate-worker dns-root-data libbind9-161 libdns1104
INFO:kolla.common.utils.designate-worker:  libfstrm0 libgeoip1 libisc1100 libisccc161 libisccfg163 libjson-c3 liblmdb0
INFO:kolla.common.utils.designate-worker:  liblwres161 libprotobuf-c1 net-tools
INFO:kolla.common.utils.designate-worker:0 upgraded, 16 newly installed, 0 to remove and 0 not upgraded.
INFO:kolla.common.utils.designate-worker:Need to get 3,988 kB of archives.
INFO:kolla.common.utils.designate-worker:After this operation, 13.1 MB of additional disk space will be used.
INFO:kolla.common.utils.designate-worker:Get:1 http://deb.debian.org/debian buster/main s390x libfstrm0 s390x 0.4.0-1 [19.4 kB]
INFO:kolla.common.utils.designate-worker:Get:2 http://deb.debian.org/debian buster/main s390x libgeoip1 s390x 1.6.12-1 [91.3 kB]
INFO:kolla.common.utils.designate-worker:Get:3 http://deb.debian.org/debian buster/main s390x libjson-c3 s390x 0.12.1+ds-2 [25.9 kB]
INFO:kolla.common.utils.designate-worker:Get:4 http://deb.debian.org/debian buster/main s390x liblmdb0 s390x 0.9.22-1 [44.3 kB]
INFO:kolla.common.utils.designate-worker:Get:5 http://deb.debian.org/debian buster/main s390x libprotobuf-c1 s390x 1.3.1-1+b1 [26.4 kB]
INFO:kolla.common.utils.designate-worker:Get:6 http://deb.debian.org/debian buster/main s390x libisc1100 s390x 1:9.11.5.P4+dfsg-5.1 [434 kB]
INFO:kolla.common.utils.designate-worker:Get:7 http://deb.debian.org/debian buster/main s390x libdns1104 s390x 1:9.11.5.P4+dfsg-5.1 [1,090 kB]
INFO:kolla.common.utils.designate-worker:Get:8 http://deb.debian.org/debian buster/main s390x libisccc161 s390x 1:9.11.5.P4+dfsg-5.1 [235 kB]
INFO:kolla.common.utils.designate-worker:Get:9 http://deb.debian.org/debian buster/main s390x libisccfg163 s390x 1:9.11.5.P4+dfsg-5.1 [263 kB]
INFO:kolla.common.utils.designate-worker:Get:10 http://deb.debian.org/debian buster/main s390x libbind9-161 s390x 1:9.11.5.P4+dfsg-5.1 [244 kB]
INFO:kolla.common.utils.designate-worker:Get:11 http://deb.debian.org/debian buster/main s390x bind9utils s390x 1:9.11.5.P4+dfsg-5.1 [425 kB]
INFO:kolla.common.utils.designate-worker:Get:12 http://deb.debian.org/debian buster/main s390x dns-root-data all 2019031302 [5,396 B]
INFO:kolla.common.utils.designate-worker:Get:13 http://deb.debian.org/debian buster/main s390x liblwres161 s390x 1:9.11.5.P4+dfsg-5.1 [248 kB]
INFO:kolla.common.utils.designate-worker:Get:14 http://deb.debian.org/debian buster/main s390x net-tools s390x 1.60+git20180626.aebd88e-1 [242 kB]
INFO:kolla.common.utils.designate-worker:Get:15 http://deb.debian.org/debian buster/main s390x bind9 s390x 1:9.11.5.P4+dfsg-5.1 [585 kB]
INFO:kolla.common.utils.designate-worker:Get:16 http://deb.debian.org/debian buster/main s390x designate-worker all 1:7.0.0-2 [9,556 B]
INFO:kolla.common.utils.designate-worker:Preconfiguring packages ...
INFO:kolla.common.utils.designate-worker:Fetched 3,988 kB in 0s (23.3 MB/s)
INFO:kolla.common.utils.designate-worker:Selecting previously unselected package libfstrm0:s390x.
INFO:kolla.common.utils.designate-worker:(Reading database ... (Reading database ... 5%(Reading database ... 10%(Reading database ... 15%(Reading database ... 20%(Reading database ... 25%(Reading database ... 30%(Reading database ... 35%(Reading database ... 40%(Reading database ... 45%(Reading database ... 50%(Reading database ... 55%(Reading database ... 60%(Reading database ... 65%(Reading database ... 70%(Reading database ... 75%
INFO:kolla.common.utils.designate-worker:(Reading database ... 80%
INFO:kolla.common.utils.designate-worker:(Reading database ... 85%
INFO:kolla.common.utils.designate-worker:(Reading database ... 90%
INFO:kolla.common.utils.designate-worker:(Reading database ... 95%(Reading database ... 100%(Reading database ... 25496 files and directories currently installed.)
INFO:kolla.common.utils.designate-worker:Preparing to unpack .../00-libfstrm0_0.4.0-1_s390x.deb ...
INFO:kolla.common.utils.designate-worker:Unpacking libfstrm0:s390x (0.4.0-1) ...
INFO:kolla.common.utils.designate-worker:Selecting previously unselected package libgeoip1:s390x.
INFO:kolla.common.utils.designate-worker:Preparing to unpack .../01-libgeoip1_1.6.12-1_s390x.deb ...
INFO:kolla.common.utils.designate-worker:Unpacking libgeoip1:s390x (1.6.12-1) ...
INFO:kolla.common.utils.designate-worker:Selecting previously unselected package libjson-c3:s390x.
INFO:kolla.common.utils.designate-worker:Preparing to unpack .../02-libjson-c3_0.12.1+ds-2_s390x.deb ...
INFO:kolla.common.utils.designate-worker:Unpacking libjson-c3:s390x (0.12.1+ds-2) ...
INFO:kolla.common.utils.designate-worker:Selecting previously unselected package liblmdb0:s390x.
INFO:kolla.common.utils.designate-worker:Preparing to unpack .../03-liblmdb0_0.9.22-1_s390x.deb ...
INFO:kolla.common.utils.designate-worker:Unpacking liblmdb0:s390x (0.9.22-1) ...
INFO:kolla.common.utils.designate-worker:Selecting previously unselected package libprotobuf-c1:s390x.
INFO:kolla.common.utils.designate-worker:Preparing to unpack .../04-libprotobuf-c1_1.3.1-1+b1_s390x.deb ...
INFO:kolla.common.utils.designate-worker:Unpacking libprotobuf-c1:s390x (1.3.1-1+b1) ...
INFO:kolla.common.utils.designate-worker:Selecting previously unselected package libisc1100:s390x.
INFO:kolla.common.utils.designate-worker:Preparing to unpack .../05-libisc1100_1%3a9.11.5.P4+dfsg-5.1_s390x.deb ...
INFO:kolla.common.utils.designate-worker:Unpacking libisc1100:s390x (1:9.11.5.P4+dfsg-5.1) ...
INFO:kolla.common.utils.designate-worker:Selecting previously unselected package libdns1104:s390x.
INFO:kolla.common.utils.designate-worker:Preparing to unpack .../06-libdns1104_1%3a9.11.5.P4+dfsg-5.1_s390x.deb ...
INFO:kolla.common.utils.designate-worker:Unpacking libdns1104:s390x (1:9.11.5.P4+dfsg-5.1) ...
INFO:kolla.common.utils.designate-worker:Selecting previously unselected package libisccc161:s390x.
INFO:kolla.common.utils.designate-worker:Preparing to unpack .../07-libisccc161_1%3a9.11.5.P4+dfsg-5.1_s390x.deb ...
INFO:kolla.common.utils.designate-worker:Unpacking libisccc161:s390x (1:9.11.5.P4+dfsg-5.1) ...
INFO:kolla.common.utils.designate-worker:Selecting previously unselected package libisccfg163:s390x.
INFO:kolla.common.utils.designate-worker:Preparing to unpack .../08-libisccfg163_1%3a9.11.5.P4+dfsg-5.1_s390x.deb ...
INFO:kolla.common.utils.designate-worker:Unpacking libisccfg163:s390x (1:9.11.5.P4+dfsg-5.1) ...
INFO:kolla.common.utils.designate-worker:Selecting previously unselected package libbind9-161:s390x.
INFO:kolla.common.utils.designate-worker:Preparing to unpack .../09-libbind9-161_1%3a9.11.5.P4+dfsg-5.1_s390x.deb ...
INFO:kolla.common.utils.designate-worker:Unpacking libbind9-161:s390x (1:9.11.5.P4+dfsg-5.1) ...
INFO:kolla.common.utils.designate-worker:Selecting previously unselected package bind9utils.
INFO:kolla.common.utils.designate-worker:Preparing to unpack .../10-bind9utils_1%3a9.11.5.P4+dfsg-5.1_s390x.deb ...
INFO:kolla.common.utils.designate-worker:Unpacking bind9utils (1:9.11.5.P4+dfsg-5.1) ...
INFO:kolla.common.utils.designate-worker:Selecting previously unselected package dns-root-data.
INFO:kolla.common.utils.designate-worker:Preparing to unpack .../11-dns-root-data_2019031302_all.deb ...
INFO:kolla.common.utils.designate-worker:Unpacking dns-root-data (2019031302) ...
INFO:kolla.common.utils.designate-worker:Selecting previously unselected package liblwres161:s390x.
INFO:kolla.common.utils.designate-worker:Preparing to unpack .../12-liblwres161_1%3a9.11.5.P4+dfsg-5.1_s390x.deb ...
INFO:kolla.common.utils.designate-worker:Unpacking liblwres161:s390x (1:9.11.5.P4+dfsg-5.1) ...
INFO:kolla.common.utils.designate-worker:Selecting previously unselected package net-tools.
INFO:kolla.common.utils.designate-worker:Preparing to unpack .../13-net-tools_1.60+git20180626.aebd88e-1_s390x.deb ...
INFO:kolla.common.utils.designate-worker:Unpacking net-tools (1.60+git20180626.aebd88e-1) ...
INFO:kolla.common.utils.designate-worker:Selecting previously unselected package bind9.
INFO:kolla.common.utils.designate-worker:Preparing to unpack .../14-bind9_1%3a9.11.5.P4+dfsg-5.1_s390x.deb ...
INFO:kolla.common.utils.designate-worker:Unpacking bind9 (1:9.11.5.P4+dfsg-5.1) ...
INFO:kolla.common.utils.designate-worker:Selecting previously unselected package designate-worker.
INFO:kolla.common.utils.designate-worker:Preparing to unpack .../15-designate-worker_1%3a7.0.0-2_all.deb ...
INFO:kolla.common.utils.designate-worker:Unpacking designate-worker (1:7.0.0-2) ...
INFO:kolla.common.utils.designate-worker:Setting up liblmdb0:s390x (0.9.22-1) ...
INFO:kolla.common.utils.designate-worker:Setting up libjson-c3:s390x (0.12.1+ds-2) ...
INFO:kolla.common.utils.designate-worker:Setting up designate-worker (1:7.0.0-2) ...
INFO:kolla.common.utils.designate-worker:invoke-rc.d: could not determine current runlevel
INFO:kolla.common.utils.designate-worker:invoke-rc.d: policy-rc.d denied execution of start.
INFO:kolla.common.utils.designate-worker:Setting up net-tools (1.60+git20180626.aebd88e-1) ...
INFO:kolla.common.utils.designate-worker:Setting up libfstrm0:s390x (0.4.0-1) ...
INFO:kolla.common.utils.designate-worker:Setting up libprotobuf-c1:s390x (1.3.1-1+b1) ...
INFO:kolla.common.utils.designate-worker:Setting up dns-root-data (2019031302) ...
INFO:kolla.common.utils.designate-worker:Setting up libgeoip1:s390x (1.6.12-1) ...
INFO:kolla.common.utils.designate-worker:Setting up libisc1100:s390x (1:9.11.5.P4+dfsg-5.1) ...
INFO:kolla.common.utils.designate-worker:Setting up liblwres161:s390x (1:9.11.5.P4+dfsg-5.1) ...
INFO:kolla.common.utils.designate-worker:Setting up libisccc161:s390x (1:9.11.5.P4+dfsg-5.1) ...
INFO:kolla.common.utils.designate-worker:Setting up libdns1104:s390x (1:9.11.5.P4+dfsg-5.1) ...
INFO:kolla.common.utils.designate-worker:Setting up libisccfg163:s390x (1:9.11.5.P4+dfsg-5.1) ...
INFO:kolla.common.utils.designate-worker:Setting up libbind9-161:s390x (1:9.11.5.P4+dfsg-5.1) ...
INFO:kolla.common.utils.designate-worker:Setting up bind9utils (1:9.11.5.P4+dfsg-5.1) ...
INFO:kolla.common.utils.designate-worker:Setting up bind9 (1:9.11.5.P4+dfsg-5.1) ...
INFO:kolla.common.utils.designate-worker:Adding group `bind' (GID 106) ...
INFO:kolla.common.utils.designate-worker:Done.
INFO:kolla.common.utils.designate-worker:Adding system user `bind' (UID 102) ...
INFO:kolla.common.utils.designate-worker:Adding new user `bind' (UID 102) with group `bind' ...
INFO:kolla.common.utils.designate-worker:Not creating home directory `/var/cache/bind'.
INFO:kolla.common.utils.designate-worker:wrote key file "/etc/bind/rndc.key"
INFO:kolla.common.utils.designate-worker:invoke-rc.d: could not determine current runlevel
INFO:kolla.common.utils.designate-worker:invoke-rc.d: policy-rc.d denied execution of start.
INFO:kolla.common.utils.designate-worker:Processing triggers for libc-bin (2.28-10) ...
INFO:kolla.common.utils.designate-worker:Removing intermediate container 76ed548c4e5d
INFO:kolla.common.utils.designate-worker: ---> 324989244293
INFO:kolla.common.utils.designate-worker:Step 4/4 : USER designate
INFO:kolla.common.utils.designate-worker: ---> Running in 0689ffeb092b
INFO:kolla.common.utils.designate-worker:Removing intermediate container 0689ffeb092b
INFO:kolla.common.utils.designate-worker: ---> b688f70947a7
INFO:kolla.common.utils.designate-worker:Successfully built b688f70947a7
INFO:kolla.common.utils.designate-worker:Successfully tagged s390x/debian-binary-designate-worker:9.1.0
INFO:kolla.common.utils.designate-worker:Built at 2020-03-02 21:28:18.122171 (took 0:00:10.788666)
