INFO:kolla.common.utils.designate-central:Building started at 2020-03-02 21:28:13.901061
INFO:kolla.common.utils.designate-central:Step 1/6 : FROM s390x/debian-binary-designate-base:9.1.0
INFO:kolla.common.utils.designate-central: ---> f4cc9494fd1d
INFO:kolla.common.utils.designate-central:Step 2/6 : LABEL maintainer="Kolla Project (https://launchpad.net/kolla)" name="designate-central" build-date="20200302"
INFO:kolla.common.utils.designate-central: ---> Running in 1a9d76910259
INFO:kolla.common.utils.designate-central:Removing intermediate container 1a9d76910259
INFO:kolla.common.utils.designate-central: ---> be24358fbd07
INFO:kolla.common.utils.designate-central:Step 3/6 : RUN apt-get update && apt-get -y install --no-install-recommends designate-central && apt-get clean && rm -rf /var/lib/apt/lists/*
INFO:kolla.common.utils.designate-central: ---> Running in e4a0f9c583ef
INFO:kolla.common.utils.designate-central:Get:2 http://deb.debian.org/debian buster InRelease [122 kB]
INFO:kolla.common.utils.designate-central:Get:1 http://security-cdn.debian.org/debian-security buster/updates InRelease [65.4 kB]
INFO:kolla.common.utils.designate-central:Get:3 http://deb.debian.org/debian buster-backports InRelease [46.7 kB]
INFO:kolla.common.utils.designate-central:Get:4 http://buster-train.debian.net/debian buster-train-backports InRelease [3,660 B]
INFO:kolla.common.utils.designate-central:Get:5 http://deb.debian.org/debian buster/main s390x Packages [7,624 kB]
INFO:kolla.common.utils.designate-central:Get:6 http://buster-train.debian.net/debian buster-train-backports-nochange InRelease [3,669 B]
INFO:kolla.common.utils.designate-central:Get:7 http://security-cdn.debian.org/debian-security buster/updates/main s390x Packages [161 kB]
INFO:kolla.common.utils.designate-central:Get:8 http://deb.debian.org/debian buster-backports/main s390x Packages [209 kB]
INFO:kolla.common.utils.designate-central:Fetched 8,235 kB in 2s (4,994 kB/s)
INFO:kolla.common.utils.designate-central:Reading package lists...
INFO:kolla.common.utils.designate-central:[91mW: Skipping acquire of configured file 'main/binary-s390x/Packages' as repository 'http://buster-train.debian.net/debian buster-train-backports InRelease' does not seem to provide it (sources.list entry misspelt?)
INFO:kolla.common.utils.designate-central:W: Skipping acquire of configured file 'main/binary-s390x/Packages' as repository 'http://buster-train.debian.net/debian buster-train-backports-nochange InRelease' does not seem to provide it (sources.list entry misspelt?)
INFO:kolla.common.utils.designate-central:[0m
INFO:kolla.common.utils.designate-central:Reading package lists...
INFO:kolla.common.utils.designate-central:Building dependency tree...
INFO:kolla.common.utils.designate-central:Reading state information...
INFO:kolla.common.utils.designate-central:The following NEW packages will be installed:
INFO:kolla.common.utils.designate-central:  designate-central
INFO:kolla.common.utils.designate-central:0 upgraded, 1 newly installed, 0 to remove and 0 not upgraded.
INFO:kolla.common.utils.designate-central:Need to get 9,596 B of archives.
INFO:kolla.common.utils.designate-central:After this operation, 31.7 kB of additional disk space will be used.
INFO:kolla.common.utils.designate-central:Get:1 http://deb.debian.org/debian buster/main s390x designate-central all 1:7.0.0-2 [9,596 B]
INFO:kolla.common.utils.designate-central:Fetched 9,596 B in 0s (327 kB/s)
INFO:kolla.common.utils.designate-central:Selecting previously unselected package designate-central.
INFO:kolla.common.utils.designate-central:(Reading database ... 
INFO:kolla.common.utils.designate-central:(Reading database ... 5%(Reading database ... 10%(Reading database ... 15%(Reading database ... 20%(Reading database ... 25%(Reading database ... 30%(Reading database ... 35%(Reading database ... 40%(Reading database ... 45%(Reading database ... 50%(Reading database ... 55%(Reading database ... 60%
INFO:kolla.common.utils.designate-central:(Reading database ... 65%(Reading database ... 70%(Reading database ... 75%(Reading database ... 80%(Reading database ... 85%(Reading database ... 90%(Reading database ... 95%
INFO:kolla.common.utils.designate-central:(Reading database ... 100%(Reading database ... 25496 files and directories currently installed.)
INFO:kolla.common.utils.designate-central:Preparing to unpack .../designate-central_1%3a7.0.0-2_all.deb ...
INFO:kolla.common.utils.designate-central:Unpacking designate-central (1:7.0.0-2) ...
INFO:kolla.common.utils.designate-central:Setting up designate-central (1:7.0.0-2) ...
INFO:kolla.common.utils.designate-central:invoke-rc.d: could not determine current runlevel
INFO:kolla.common.utils.designate-central:invoke-rc.d: policy-rc.d denied execution of start.
INFO:kolla.common.utils.designate-central:Removing intermediate container e4a0f9c583ef
INFO:kolla.common.utils.designate-central: ---> d4d75e842f9b
INFO:kolla.common.utils.designate-central:Step 4/6 : COPY extend_start.sh /usr/local/bin/kolla_designate_extend_start
INFO:kolla.common.utils.designate-central: ---> 5e0646c2b63b
INFO:kolla.common.utils.designate-central:Step 5/6 : RUN chmod 755 /usr/local/bin/kolla_designate_extend_start
INFO:kolla.common.utils.designate-central: ---> Running in 549ad8b49ea5
INFO:kolla.common.utils.designate-central:Removing intermediate container 549ad8b49ea5
INFO:kolla.common.utils.designate-central: ---> 2967562b8e93
INFO:kolla.common.utils.designate-central:Step 6/6 : USER designate
INFO:kolla.common.utils.designate-central: ---> Running in 73d887043032
INFO:kolla.common.utils.designate-central:Removing intermediate container 73d887043032
INFO:kolla.common.utils.designate-central: ---> bb9184cc4a7a
INFO:kolla.common.utils.designate-central:Successfully built bb9184cc4a7a
INFO:kolla.common.utils.designate-central:Successfully tagged s390x/debian-binary-designate-central:9.1.0
INFO:kolla.common.utils.designate-central:Built at 2020-03-02 21:28:23.673224 (took 0:00:09.772163)
