INFO:kolla.common.utils.elasticsearch-curator:Building started at 2020-03-02 21:22:27.710947
INFO:kolla.common.utils.elasticsearch-curator:Step 1/7 : FROM s390x/debian-binary-base:9.1.0
INFO:kolla.common.utils.elasticsearch-curator: ---> 4244142526cc
INFO:kolla.common.utils.elasticsearch-curator:Step 2/7 : LABEL maintainer="Kolla Project (https://launchpad.net/kolla)" name="elasticsearch-curator" build-date="20200302"
INFO:kolla.common.utils.elasticsearch-curator: ---> Running in 9fef23ddc7da
INFO:kolla.common.utils.elasticsearch-curator:Removing intermediate container 9fef23ddc7da
INFO:kolla.common.utils.elasticsearch-curator: ---> 480c3edb505c
INFO:kolla.common.utils.elasticsearch-curator:Step 3/7 : RUN apt-get update && apt-get -y install --no-install-recommends cron python3-pip python3-setuptools && apt-get clean && rm -rf /var/lib/apt/lists/*
INFO:kolla.common.utils.elasticsearch-curator: ---> Running in fea88377d025
INFO:kolla.common.utils.elasticsearch-curator:Get:1 http://deb.debian.org/debian buster InRelease [122 kB]
INFO:kolla.common.utils.elasticsearch-curator:Get:2 http://deb.debian.org/debian buster-backports InRelease [46.7 kB]
INFO:kolla.common.utils.elasticsearch-curator:Get:3 http://security-cdn.debian.org/debian-security buster/updates InRelease [65.4 kB]
INFO:kolla.common.utils.elasticsearch-curator:Get:4 http://buster-train.debian.net/debian buster-train-backports InRelease [3,660 B]
INFO:kolla.common.utils.elasticsearch-curator:Get:5 http://deb.debian.org/debian buster/main s390x Packages [7,624 kB]
INFO:kolla.common.utils.elasticsearch-curator:Get:6 http://buster-train.debian.net/debian buster-train-backports-nochange InRelease [3,669 B]
INFO:kolla.common.utils.elasticsearch-curator:Get:7 http://deb.debian.org/debian buster-backports/main s390x Packages [209 kB]
INFO:kolla.common.utils.elasticsearch-curator:Get:8 http://security-cdn.debian.org/debian-security buster/updates/main s390x Packages [161 kB]
INFO:kolla.common.utils.elasticsearch-curator:Fetched 8,235 kB in 1s (5,755 kB/s)
INFO:kolla.common.utils.elasticsearch-curator:Reading package lists...
INFO:kolla.common.utils.elasticsearch-curator:[91mW: Skipping acquire of configured file 'main/binary-s390x/Packages' as repository 'http://buster-train.debian.net/debian buster-train-backports InRelease' does not seem to provide it (sources.list entry misspelt?)
INFO:kolla.common.utils.elasticsearch-curator:W: Skipping acquire of configured file 'main/binary-s390x/Packages' as repository 'http://buster-train.debian.net/debian buster-train-backports-nochange InRelease' does not seem to provide it (sources.list entry misspelt?)
INFO:kolla.common.utils.elasticsearch-curator:[0m
INFO:kolla.common.utils.elasticsearch-curator:Reading package lists...
INFO:kolla.common.utils.elasticsearch-curator:Building dependency tree...
INFO:kolla.common.utils.elasticsearch-curator:Reading state information...
INFO:kolla.common.utils.elasticsearch-curator:The following additional packages will be installed:
INFO:kolla.common.utils.elasticsearch-curator:  python-pip-whl python3-distutils python3-lib2to3 python3-pkg-resources
INFO:kolla.common.utils.elasticsearch-curator:  sensible-utils
INFO:kolla.common.utils.elasticsearch-curator:Suggested packages:
INFO:kolla.common.utils.elasticsearch-curator:  anacron logrotate checksecurity python-setuptools-doc
INFO:kolla.common.utils.elasticsearch-curator:Recommended packages:
INFO:kolla.common.utils.elasticsearch-curator:  default-mta | mail-transport-agent build-essential python3-dev python3-wheel
INFO:kolla.common.utils.elasticsearch-curator:The following NEW packages will be installed:
INFO:kolla.common.utils.elasticsearch-curator:  cron python-pip-whl python3-distutils python3-lib2to3 python3-pip
INFO:kolla.common.utils.elasticsearch-curator:  python3-pkg-resources python3-setuptools sensible-utils
INFO:kolla.common.utils.elasticsearch-curator:0 upgraded, 8 newly installed, 0 to remove and 0 not upgraded.
INFO:kolla.common.utils.elasticsearch-curator:Need to get 2,552 kB of archives.
INFO:kolla.common.utils.elasticsearch-curator:After this operation, 6,001 kB of additional disk space will be used.
INFO:kolla.common.utils.elasticsearch-curator:Get:1 http://deb.debian.org/debian buster/main s390x sensible-utils all 0.0.12 [15.8 kB]
INFO:kolla.common.utils.elasticsearch-curator:Get:2 http://deb.debian.org/debian buster/main s390x cron s390x 3.0pl1-134+deb10u1 [97.3 kB]
INFO:kolla.common.utils.elasticsearch-curator:Get:3 http://deb.debian.org/debian buster/main s390x python-pip-whl all 18.1-5 [1,591 kB]
INFO:kolla.common.utils.elasticsearch-curator:Get:4 http://deb.debian.org/debian buster/main s390x python3-lib2to3 all 3.7.3-1 [76.7 kB]
INFO:kolla.common.utils.elasticsearch-curator:Get:5 http://deb.debian.org/debian buster/main s390x python3-distutils all 3.7.3-1 [142 kB]
INFO:kolla.common.utils.elasticsearch-curator:Get:6 http://deb.debian.org/debian buster/main s390x python3-pip all 18.1-5 [171 kB]
INFO:kolla.common.utils.elasticsearch-curator:Get:7 http://deb.debian.org/debian buster/main s390x python3-pkg-resources all 40.8.0-1 [153 kB]
INFO:kolla.common.utils.elasticsearch-curator:Get:8 http://deb.debian.org/debian buster/main s390x python3-setuptools all 40.8.0-1 [306 kB]
INFO:kolla.common.utils.elasticsearch-curator:Fetched 2,552 kB in 0s (14.5 MB/s)
INFO:kolla.common.utils.elasticsearch-curator:Selecting previously unselected package sensible-utils.
INFO:kolla.common.utils.elasticsearch-curator:(Reading database ... 
INFO:kolla.common.utils.elasticsearch-curator:(Reading database ... 5%(Reading database ... 10%(Reading database ... 15%(Reading database ... 20%(Reading database ... 25%(Reading database ... 30%(Reading database ... 35%(Reading database ... 40%(Reading database ... 45%(Reading database ... 50%(Reading database ... 55%(Reading database ... 60%(Reading database ... 65%(Reading database ... 70%(Reading database ... 75%(Reading database ... 80%(Reading database ... 85%(Reading database ... 90%(Reading database ... 95%(Reading database ... 100%(Reading database ... 12012 files and directories currently installed.)
INFO:kolla.common.utils.elasticsearch-curator:Preparing to unpack .../0-sensible-utils_0.0.12_all.deb ...
INFO:kolla.common.utils.elasticsearch-curator:Unpacking sensible-utils (0.0.12) ...
INFO:kolla.common.utils.elasticsearch-curator:Selecting previously unselected package cron.
INFO:kolla.common.utils.elasticsearch-curator:Preparing to unpack .../1-cron_3.0pl1-134+deb10u1_s390x.deb ...
INFO:kolla.common.utils.elasticsearch-curator:Unpacking cron (3.0pl1-134+deb10u1) ...
INFO:kolla.common.utils.elasticsearch-curator:Selecting previously unselected package python-pip-whl.
INFO:kolla.common.utils.elasticsearch-curator:Preparing to unpack .../2-python-pip-whl_18.1-5_all.deb ...
INFO:kolla.common.utils.elasticsearch-curator:Unpacking python-pip-whl (18.1-5) ...
INFO:kolla.common.utils.elasticsearch-curator:Selecting previously unselected package python3-lib2to3.
INFO:kolla.common.utils.elasticsearch-curator:Preparing to unpack .../3-python3-lib2to3_3.7.3-1_all.deb ...
INFO:kolla.common.utils.elasticsearch-curator:Unpacking python3-lib2to3 (3.7.3-1) ...
INFO:kolla.common.utils.elasticsearch-curator:Selecting previously unselected package python3-distutils.
INFO:kolla.common.utils.elasticsearch-curator:Preparing to unpack .../4-python3-distutils_3.7.3-1_all.deb ...
INFO:kolla.common.utils.elasticsearch-curator:Unpacking python3-distutils (3.7.3-1) ...
INFO:kolla.common.utils.elasticsearch-curator:Selecting previously unselected package python3-pip.
INFO:kolla.common.utils.elasticsearch-curator:Preparing to unpack .../5-python3-pip_18.1-5_all.deb ...
INFO:kolla.common.utils.elasticsearch-curator:Unpacking python3-pip (18.1-5) ...
INFO:kolla.common.utils.elasticsearch-curator:Selecting previously unselected package python3-pkg-resources.
INFO:kolla.common.utils.elasticsearch-curator:Preparing to unpack .../6-python3-pkg-resources_40.8.0-1_all.deb ...
INFO:kolla.common.utils.elasticsearch-curator:Unpacking python3-pkg-resources (40.8.0-1) ...
INFO:kolla.common.utils.elasticsearch-curator:Selecting previously unselected package python3-setuptools.
INFO:kolla.common.utils.elasticsearch-curator:Preparing to unpack .../7-python3-setuptools_40.8.0-1_all.deb ...
INFO:kolla.common.utils.elasticsearch-curator:Unpacking python3-setuptools (40.8.0-1) ...
INFO:kolla.common.utils.elasticsearch-curator:Setting up python3-pkg-resources (40.8.0-1) ...
INFO:kolla.common.utils.elasticsearch-curator:Setting up sensible-utils (0.0.12) ...
INFO:kolla.common.utils.elasticsearch-curator:Setting up python-pip-whl (18.1-5) ...
INFO:kolla.common.utils.elasticsearch-curator:Setting up python3-lib2to3 (3.7.3-1) ...
INFO:kolla.common.utils.elasticsearch-curator:Setting up python3-distutils (3.7.3-1) ...
INFO:kolla.common.utils.elasticsearch-curator:Setting up python3-setuptools (40.8.0-1) ...
INFO:kolla.common.utils.elasticsearch-curator:Setting up cron (3.0pl1-134+deb10u1) ...
INFO:kolla.common.utils.elasticsearch-curator:Adding group `crontab' (GID 105) ...
INFO:kolla.common.utils.elasticsearch-curator:Done.
INFO:kolla.common.utils.elasticsearch-curator:invoke-rc.d: could not determine current runlevel
INFO:kolla.common.utils.elasticsearch-curator:invoke-rc.d: policy-rc.d denied execution of start.
INFO:kolla.common.utils.elasticsearch-curator:Setting up python3-pip (18.1-5) ...
INFO:kolla.common.utils.elasticsearch-curator:Processing triggers for mime-support (3.62) ...
INFO:kolla.common.utils.elasticsearch-curator:Removing intermediate container fea88377d025
INFO:kolla.common.utils.elasticsearch-curator: ---> 50c9b70aad1b
INFO:kolla.common.utils.elasticsearch-curator:Step 4/7 : RUN usermod --append --home /var/lib/elasticsearch --groups kolla elasticsearch     && mkdir -p /var/lib/elasticsearch     && chown -R 42412:42412 /var/lib/elasticsearch
INFO:kolla.common.utils.elasticsearch-curator: ---> Running in 3bf5a7b1cb25
INFO:kolla.common.utils.elasticsearch-curator:Removing intermediate container 3bf5a7b1cb25
INFO:kolla.common.utils.elasticsearch-curator: ---> ce21366ee410
INFO:kolla.common.utils.elasticsearch-curator:Step 5/7 : RUN pip3 --no-cache-dir install --upgrade elasticsearch-curator     && mkdir -p /etc/elasticsearch-curator     && chown -R elasticsearch: /etc/elasticsearch-curator
INFO:kolla.common.utils.elasticsearch-curator: ---> Running in c4673d4684fb
INFO:kolla.common.utils.elasticsearch-curator:Collecting elasticsearch-curator
INFO:kolla.common.utils.elasticsearch-curator:  Downloading https://files.pythonhosted.org/packages/34/78/787a52834656f7f5dab6d709e38876c4d2604f0e1a16d17937d00330b0c5/elasticsearch-curator-5.8.1.tar.gz (225kB)
INFO:kolla.common.utils.elasticsearch-curator:Collecting boto3>=1.9.142 (from elasticsearch-curator)
INFO:kolla.common.utils.elasticsearch-curator:  Downloading https://files.pythonhosted.org/packages/a2/e2/ac1c1f9acf5b1b22dfc0fcc299d72c04e1ca802dee76e926d834a611b940/boto3-1.12.12-py2.py3-none-any.whl (128kB)
INFO:kolla.common.utils.elasticsearch-curator:Collecting certifi>=2019.9.11 (from elasticsearch-curator)
INFO:kolla.common.utils.elasticsearch-curator:  Downloading https://files.pythonhosted.org/packages/b9/63/df50cac98ea0d5b006c55a399c3bf1db9da7b5a24de7890bc9cfd5dd9e99/certifi-2019.11.28-py2.py3-none-any.whl (156kB)
INFO:kolla.common.utils.elasticsearch-curator:Collecting click<7.0,>=6.7 (from elasticsearch-curator)
INFO:kolla.common.utils.elasticsearch-curator:  Downloading https://files.pythonhosted.org/packages/34/c1/8806f99713ddb993c5366c362b2f908f18269f8d792aff1abfd700775a77/click-6.7-py2.py3-none-any.whl (71kB)
INFO:kolla.common.utils.elasticsearch-curator:Collecting elasticsearch<8.0.0,>=7.0.4 (from elasticsearch-curator)
INFO:kolla.common.utils.elasticsearch-curator:  Downloading https://files.pythonhosted.org/packages/10/60/0c79dde3e81beffeed422599d9ac65419289095186d37a3201739d52a57d/elasticsearch-7.5.1-py2.py3-none-any.whl (86kB)
INFO:kolla.common.utils.elasticsearch-curator:Collecting pyyaml==3.13 (from elasticsearch-curator)
INFO:kolla.common.utils.elasticsearch-curator:  Downloading https://files.pythonhosted.org/packages/9e/a3/1d13970c3f36777c583f136c136f804d70f500168edc1edea6daa7200769/PyYAML-3.13.tar.gz (270kB)
INFO:kolla.common.utils.elasticsearch-curator:Collecting requests>=2.20.0 (from elasticsearch-curator)
INFO:kolla.common.utils.elasticsearch-curator:  Downloading https://files.pythonhosted.org/packages/1a/70/1935c770cb3be6e3a8b78ced23d7e0f3b187f5cbfab4749523ed65d7c9b1/requests-2.23.0-py2.py3-none-any.whl (58kB)
INFO:kolla.common.utils.elasticsearch-curator:Collecting requests_aws4auth>=0.9 (from elasticsearch-curator)
INFO:kolla.common.utils.elasticsearch-curator:  Downloading https://files.pythonhosted.org/packages/a4/4e/29ac240bff356eb630bcc729da7cdce6f55f21c442af325ca60dd27d4a3f/requests_aws4auth-0.9-py2.py3-none-any.whl (54kB)
INFO:kolla.common.utils.elasticsearch-curator:Collecting six>=1.11.0 (from elasticsearch-curator)
INFO:kolla.common.utils.elasticsearch-curator:  Downloading https://files.pythonhosted.org/packages/65/eb/1f97cb97bfc2390a276969c6fae16075da282f5058082d4cb10c6c5c1dba/six-1.14.0-py2.py3-none-any.whl
INFO:kolla.common.utils.elasticsearch-curator:Collecting urllib3<1.25,>=1.24.2 (from elasticsearch-curator)
INFO:kolla.common.utils.elasticsearch-curator:  Downloading https://files.pythonhosted.org/packages/01/11/525b02e4acc0c747de8b6ccdab376331597c569c42ea66ab0a1dbd36eca2/urllib3-1.24.3-py2.py3-none-any.whl (118kB)
INFO:kolla.common.utils.elasticsearch-curator:Collecting voluptuous>=0.9.3 (from elasticsearch-curator)
INFO:kolla.common.utils.elasticsearch-curator:  Downloading https://files.pythonhosted.org/packages/24/3b/fe531688c0d9e057fccc0bc9430c0a3d4b90e0d2f015326e659c2944e328/voluptuous-0.11.7.tar.gz (45kB)
INFO:kolla.common.utils.elasticsearch-curator:Collecting jmespath<1.0.0,>=0.7.1 (from boto3>=1.9.142->elasticsearch-curator)
INFO:kolla.common.utils.elasticsearch-curator:  Downloading https://files.pythonhosted.org/packages/a3/43/1e939e1fcd87b827fe192d0c9fc25b48c5b3368902bfb913de7754b0dc03/jmespath-0.9.5-py2.py3-none-any.whl
INFO:kolla.common.utils.elasticsearch-curator:Collecting botocore<1.16.0,>=1.15.12 (from boto3>=1.9.142->elasticsearch-curator)
INFO:kolla.common.utils.elasticsearch-curator:  Downloading https://files.pythonhosted.org/packages/dc/51/e2be8f4fe5a66aa8407ccf57285f46823414f553657a6c34273f544cc096/botocore-1.15.12-py2.py3-none-any.whl (5.9MB)
INFO:kolla.common.utils.elasticsearch-curator:Collecting s3transfer<0.4.0,>=0.3.0 (from boto3>=1.9.142->elasticsearch-curator)
INFO:kolla.common.utils.elasticsearch-curator:  Downloading https://files.pythonhosted.org/packages/69/79/e6afb3d8b0b4e96cefbdc690f741d7dd24547ff1f94240c997a26fa908d3/s3transfer-0.3.3-py2.py3-none-any.whl (69kB)
INFO:kolla.common.utils.elasticsearch-curator:Collecting chardet<4,>=3.0.2 (from requests>=2.20.0->elasticsearch-curator)
INFO:kolla.common.utils.elasticsearch-curator:  Downloading https://files.pythonhosted.org/packages/bc/a9/01ffebfb562e4274b6487b4bb1ddec7ca55ec7510b22e4c51f14098443b8/chardet-3.0.4-py2.py3-none-any.whl (133kB)
INFO:kolla.common.utils.elasticsearch-curator:Collecting idna<3,>=2.5 (from requests>=2.20.0->elasticsearch-curator)
INFO:kolla.common.utils.elasticsearch-curator:  Downloading https://files.pythonhosted.org/packages/89/e3/afebe61c546d18fb1709a61bee788254b40e736cff7271c7de5de2dc4128/idna-2.9-py2.py3-none-any.whl (58kB)
INFO:kolla.common.utils.elasticsearch-curator:Collecting python-dateutil<3.0.0,>=2.1 (from botocore<1.16.0,>=1.15.12->boto3>=1.9.142->elasticsearch-curator)
INFO:kolla.common.utils.elasticsearch-curator:  Downloading https://files.pythonhosted.org/packages/d4/70/d60450c3dd48ef87586924207ae8907090de0b306af2bce5d134d78615cb/python_dateutil-2.8.1-py2.py3-none-any.whl (227kB)
INFO:kolla.common.utils.elasticsearch-curator:Collecting docutils<0.16,>=0.10 (from botocore<1.16.0,>=1.15.12->boto3>=1.9.142->elasticsearch-curator)
INFO:kolla.common.utils.elasticsearch-curator:  Downloading https://files.pythonhosted.org/packages/22/cd/a6aa959dca619918ccb55023b4cb151949c64d4d5d55b3f4ffd7eee0c6e8/docutils-0.15.2-py3-none-any.whl (547kB)
INFO:kolla.common.utils.elasticsearch-curator:Installing collected packages: jmespath, six, python-dateutil, docutils, urllib3, botocore, s3transfer, boto3, certifi, click, elasticsearch, pyyaml, chardet, idna, requests, requests-aws4auth, voluptuous, elasticsearch-curator
INFO:kolla.common.utils.elasticsearch-curator:  Running setup.py install for pyyaml: started
INFO:kolla.common.utils.elasticsearch-curator:    Running setup.py install for pyyaml: finished with status 'done'
INFO:kolla.common.utils.elasticsearch-curator:  Running setup.py install for voluptuous: started
INFO:kolla.common.utils.elasticsearch-curator:    Running setup.py install for voluptuous: finished with status 'done'
INFO:kolla.common.utils.elasticsearch-curator:  Running setup.py install for elasticsearch-curator: started
INFO:kolla.common.utils.elasticsearch-curator:    Running setup.py install for elasticsearch-curator: finished with status 'done'
INFO:kolla.common.utils.elasticsearch-curator:Successfully installed boto3-1.12.12 botocore-1.15.12 certifi-2019.11.28 chardet-3.0.4 click-6.7 docutils-0.15.2 elasticsearch-7.5.1 elasticsearch-curator-5.8.1 idna-2.9 jmespath-0.9.5 python-dateutil-2.8.1 pyyaml-3.13 requests-2.23.0 requests-aws4auth-0.9 s3transfer-0.3.3 six-1.14.0 urllib3-1.24.3 voluptuous-0.11.7
INFO:kolla.common.utils.elasticsearch-curator:Removing intermediate container c4673d4684fb
INFO:kolla.common.utils.elasticsearch-curator: ---> 9dd0d77adf82
INFO:kolla.common.utils.elasticsearch-curator:Step 6/7 : COPY extend_start.sh /usr/local/bin/kolla_extend_start
INFO:kolla.common.utils.elasticsearch-curator: ---> 8f8d55338037
INFO:kolla.common.utils.elasticsearch-curator:Step 7/7 : RUN chmod 755 /usr/local/bin/kolla_extend_start
INFO:kolla.common.utils.elasticsearch-curator: ---> Running in 844ba41aeb06
INFO:kolla.common.utils.elasticsearch-curator:Removing intermediate container 844ba41aeb06
INFO:kolla.common.utils.elasticsearch-curator: ---> 8307cd011bb6
INFO:kolla.common.utils.elasticsearch-curator:Successfully built 8307cd011bb6
INFO:kolla.common.utils.elasticsearch-curator:Successfully tagged s390x/debian-binary-elasticsearch-curator:9.1.0
INFO:kolla.common.utils.elasticsearch-curator:Built at 2020-03-02 21:23:42.533884 (took 0:01:14.822937)
