INFO:kolla.common.utils.gnocchi-base:Building started at 2020-03-02 21:25:52.648506
INFO:kolla.common.utils.gnocchi-base:Step 1/8 : FROM s390x/debian-binary-openstack-base:9.1.0
INFO:kolla.common.utils.gnocchi-base: ---> d0f37d4345b6
INFO:kolla.common.utils.gnocchi-base:Step 2/8 : LABEL maintainer="Kolla Project (https://launchpad.net/kolla)" name="gnocchi-base" build-date="20200302"
INFO:kolla.common.utils.gnocchi-base: ---> Running in 1226cb1ffe38
INFO:kolla.common.utils.gnocchi-base:Removing intermediate container 1226cb1ffe38
INFO:kolla.common.utils.gnocchi-base: ---> 6cb09311e7d0
INFO:kolla.common.utils.gnocchi-base:Step 3/8 : RUN usermod --append --home /var/lib/gnocchi --groups kolla gnocchi     && mkdir -p /var/lib/gnocchi     && chown -R 42416:42416 /var/lib/gnocchi
INFO:kolla.common.utils.gnocchi-base: ---> Running in f97fc651b9d0
INFO:kolla.common.utils.gnocchi-base:Removing intermediate container f97fc651b9d0
INFO:kolla.common.utils.gnocchi-base: ---> 760df6d94905
INFO:kolla.common.utils.gnocchi-base:Step 4/8 : RUN apt-get update && apt-get -y install --no-install-recommends apache2 build-essential gnocchi-common libapache2-mod-wsgi-py3 librados-dev python3-boto3 python3-dev python3-ldappool python3-pip python3-rados python3-setuptools && apt-get clean && rm -rf /var/lib/apt/lists/*
INFO:kolla.common.utils.gnocchi-base: ---> Running in e0ec14680a8e
INFO:kolla.common.utils.gnocchi-base:Get:1 http://deb.debian.org/debian buster InRelease [122 kB]
INFO:kolla.common.utils.gnocchi-base:Get:3 http://deb.debian.org/debian buster-backports InRelease [46.7 kB]
INFO:kolla.common.utils.gnocchi-base:Get:2 http://security-cdn.debian.org/debian-security buster/updates InRelease [65.4 kB]
INFO:kolla.common.utils.gnocchi-base:Get:4 http://deb.debian.org/debian buster/main s390x Packages [7,624 kB]
INFO:kolla.common.utils.gnocchi-base:Get:5 http://buster-train.debian.net/debian buster-train-backports InRelease [3,660 B]
INFO:kolla.common.utils.gnocchi-base:Get:6 http://buster-train.debian.net/debian buster-train-backports-nochange InRelease [3,669 B]
INFO:kolla.common.utils.gnocchi-base:Get:7 http://deb.debian.org/debian buster-backports/main s390x Packages [209 kB]
INFO:kolla.common.utils.gnocchi-base:Get:8 http://security-cdn.debian.org/debian-security buster/updates/main s390x Packages [161 kB]
INFO:kolla.common.utils.gnocchi-base:Fetched 8,235 kB in 2s (4,893 kB/s)
INFO:kolla.common.utils.gnocchi-base:Reading package lists...
INFO:kolla.common.utils.gnocchi-base:[91mW[0m
INFO:kolla.common.utils.gnocchi-base:[91m: Skipping acquire of configured file 'main/binary-s390x/Packages' as repository 'http://buster-train.debian.net/debian buster-train-backports InRelease' does not seem to provide it (sources.list entry misspelt?)
INFO:kolla.common.utils.gnocchi-base:W: Skipping acquire of configured file 'main/binary-s390x/Packages' as repository 'http://buster-train.debian.net/debian buster-train-backports-nochange InRelease' does not seem to provide it (sources.list entry misspelt?)
INFO:kolla.common.utils.gnocchi-base:[0m
INFO:kolla.common.utils.gnocchi-base:Reading package lists...
INFO:kolla.common.utils.gnocchi-base:Building dependency tree...
INFO:kolla.common.utils.gnocchi-base:Reading state information...
INFO:kolla.common.utils.gnocchi-base:python3-pip is already the newest version (18.1-5).
INFO:kolla.common.utils.gnocchi-base:python3-setuptools is already the newest version (40.8.0-1).
INFO:kolla.common.utils.gnocchi-base:python3-setuptools set to manually installed.
INFO:kolla.common.utils.gnocchi-base:The following additional packages will be installed:
INFO:kolla.common.utils.gnocchi-base:  alembic apache2-bin apache2-data apache2-utils binutils binutils-common
INFO:kolla.common.utils.gnocchi-base:  binutils-s390x-linux-gnu bzip2 cpp cpp-8 dbconfig-common dh-python dpkg-dev
INFO:kolla.common.utils.gnocchi-base:  g++ g++-8 gcc gcc-8 libapr1 libaprutil1 libaprutil1-dbd-sqlite3
INFO:kolla.common.utils.gnocchi-base:  libaprutil1-ldap libasan5 libatomic1 libbinutils libblas3
INFO:kolla.common.utils.gnocchi-base:  libboost-atomic1.67.0 libboost-iostreams1.67.0 libboost-system1.67.0
INFO:kolla.common.utils.gnocchi-base:  libboost-thread1.67.0 libbrotli1 libc-dev-bin libc6-dev libcc1-0
INFO:kolla.common.utils.gnocchi-base:  libdpkg-perl libexpat1-dev libgcc-8-dev libgfortran5 libgomp1 libisl19
INFO:kolla.common.utils.gnocchi-base:  libitm1 libjansson4 libjs-jquery libjs-sphinxdoc libjs-underscore liblapack3
INFO:kolla.common.utils.gnocchi-base:  liblua5.2-0 libmpc3 libnspr4 libnss3 libprotobuf17 libpython3-dev
INFO:kolla.common.utils.gnocchi-base:  libpython3.7 libpython3.7-dev librados2 libsnappy1v5 libstdc++-8-dev
INFO:kolla.common.utils.gnocchi-base:  libubsan1 linux-libc-dev make pycadf-common python-oslosphinx-common
INFO:kolla.common.utils.gnocchi-base:  python-pastedeploy-tpl python3-alembic python3-anyjson python3-arrow
INFO:kolla.common.utils.gnocchi-base:  python3-botocore python3-bs4 python3-cachetools python3-cotyledon
INFO:kolla.common.utils.gnocchi-base:  python3-daiquiri python3-editor python3-future python3-gnocchi
INFO:kolla.common.utils.gnocchi-base:  python3-keystonemiddleware python3-ldap python3-logutils python3-lz4
INFO:kolla.common.utils.gnocchi-base:  python3-mako python3-migrate python3-numpy python3-oslo.cache
INFO:kolla.common.utils.gnocchi-base:  python3-oslo.db python3-oslo.middleware python3-oslo.policy
INFO:kolla.common.utils.gnocchi-base:  python3-oslosphinx python3-paste python3-pastedeploy python3-pecan
INFO:kolla.common.utils.gnocchi-base:  python3-protobuf python3-pyasn1 python3-pyasn1-modules python3-pycadf
INFO:kolla.common.utils.gnocchi-base:  python3-pytimeparse python3-s3transfer python3-setproctitle
INFO:kolla.common.utils.gnocchi-base:  python3-simplegeneric python3-singledispatch python3-snappy
INFO:kolla.common.utils.gnocchi-base:  python3-soupsieve python3-sqlalchemy python3-sqlalchemy-utils
INFO:kolla.common.utils.gnocchi-base:  python3-sqlparse python3-statsd python3-tempita python3-tenacity
INFO:kolla.common.utils.gnocchi-base:  python3-testresources python3-testscenarios python3-tooz python3-voluptuous
INFO:kolla.common.utils.gnocchi-base:  python3-waitress python3-webtest python3-werkzeug python3.7-dev ucf xz-utils
INFO:kolla.common.utils.gnocchi-base:Suggested packages:
INFO:kolla.common.utils.gnocchi-base:  apache2-doc apache2-suexec-pristine | apache2-suexec-custom www-browser
INFO:kolla.common.utils.gnocchi-base:  binutils-doc bzip2-doc cpp-doc gcc-8-locales dbconfig-mysql | dbconfig-pgsql
INFO:kolla.common.utils.gnocchi-base:  | dbconfig-sqlite | dbconfig-sqlite3 | dbconfig-no-thanks debian-keyring
INFO:kolla.common.utils.gnocchi-base:  g++-multilib g++-8-multilib gcc-8-doc libstdc++6-8-dbg gcc-multilib
INFO:kolla.common.utils.gnocchi-base:  manpages-dev autoconf automake libtool flex bison gdb gcc-doc gcc-8-multilib
INFO:kolla.common.utils.gnocchi-base:  libgcc1-dbg libgomp1-dbg libitm1-dbg libatomic1-dbg libasan5-dbg
INFO:kolla.common.utils.gnocchi-base:  liblsan0-dbg libtsan0-dbg libubsan1-dbg libmpx2-dbg libquadmath0-dbg
INFO:kolla.common.utils.gnocchi-base:  glibc-doc git bzr libstdc++-8-doc make-doc python-arrow-doc
INFO:kolla.common.utils.gnocchi-base:  python-cotyledon-doc python-future-doc gnocchi-doc python3-beaker
INFO:kolla.common.utils.gnocchi-base:  python-mako-doc python-migrate-doc gfortran python-numpy-doc python3-pytest
INFO:kolla.common.utils.gnocchi-base:  python3-numpy-dbg python-oslo.cache-doc python-oslo.middleware-doc
INFO:kolla.common.utils.gnocchi-base:  python-oslo.policy-doc libapache2-mod-python libapache2-mod-scgi
INFO:kolla.common.utils.gnocchi-base:  libjs-mochikit python-pecan-doc python-sqlalchemy-doc python3-fdb
INFO:kolla.common.utils.gnocchi-base:  python-sqlalchemy-utils-doc python-sqlparse-doc python-tenacity-doc
INFO:kolla.common.utils.gnocchi-base:  python-waitress-doc python-webtest-doc ipython3 python3-termcolor
INFO:kolla.common.utils.gnocchi-base:  python3-watchdog python-werkzeug-doc
INFO:kolla.common.utils.gnocchi-base:Recommended packages:
INFO:kolla.common.utils.gnocchi-base:  ssl-cert fakeroot libalgorithm-merge-perl manpages manpages-dev
INFO:kolla.common.utils.gnocchi-base:  libfile-fcntllock-perl liblocale-gettext-perl javascript-common
INFO:kolla.common.utils.gnocchi-base:  python3-pastescript python3-sqlalchemy-ext
INFO:kolla.common.utils.gnocchi-base:The following NEW packages will be installed:
INFO:kolla.common.utils.gnocchi-base:  alembic apache2 apache2-bin apache2-data apache2-utils binutils
INFO:kolla.common.utils.gnocchi-base:  binutils-common binutils-s390x-linux-gnu build-essential bzip2 cpp cpp-8
INFO:kolla.common.utils.gnocchi-base:  dbconfig-common dh-python dpkg-dev g++ g++-8 gcc gcc-8 gnocchi-common
INFO:kolla.common.utils.gnocchi-base:  libapache2-mod-wsgi-py3 libapr1 libaprutil1 libaprutil1-dbd-sqlite3
INFO:kolla.common.utils.gnocchi-base:  libaprutil1-ldap libasan5 libatomic1 libbinutils libblas3
INFO:kolla.common.utils.gnocchi-base:  libboost-atomic1.67.0 libboost-iostreams1.67.0 libboost-system1.67.0
INFO:kolla.common.utils.gnocchi-base:  libboost-thread1.67.0 libbrotli1 libc-dev-bin libc6-dev libcc1-0
INFO:kolla.common.utils.gnocchi-base:  libdpkg-perl libexpat1-dev libgcc-8-dev libgfortran5 libgomp1 libisl19
INFO:kolla.common.utils.gnocchi-base:  libitm1 libjansson4 libjs-jquery libjs-sphinxdoc libjs-underscore liblapack3
INFO:kolla.common.utils.gnocchi-base:  liblua5.2-0 libmpc3 libnspr4 libnss3 libprotobuf17 libpython3-dev
INFO:kolla.common.utils.gnocchi-base:  libpython3.7 libpython3.7-dev librados-dev librados2 libsnappy1v5
INFO:kolla.common.utils.gnocchi-base:  libstdc++-8-dev libubsan1 linux-libc-dev make pycadf-common
INFO:kolla.common.utils.gnocchi-base:  python-oslosphinx-common python-pastedeploy-tpl python3-alembic
INFO:kolla.common.utils.gnocchi-base:  python3-anyjson python3-arrow python3-boto3 python3-botocore python3-bs4
INFO:kolla.common.utils.gnocchi-base:  python3-cachetools python3-cotyledon python3-daiquiri python3-dev
INFO:kolla.common.utils.gnocchi-base:  python3-editor python3-future python3-gnocchi python3-keystonemiddleware
INFO:kolla.common.utils.gnocchi-base:  python3-ldap python3-ldappool python3-logutils python3-lz4 python3-mako
INFO:kolla.common.utils.gnocchi-base:  python3-migrate python3-numpy python3-oslo.cache python3-oslo.db
INFO:kolla.common.utils.gnocchi-base:  python3-oslo.middleware python3-oslo.policy python3-oslosphinx python3-paste
INFO:kolla.common.utils.gnocchi-base:  python3-pastedeploy python3-pecan python3-protobuf python3-pyasn1
INFO:kolla.common.utils.gnocchi-base:  python3-pyasn1-modules python3-pycadf python3-pytimeparse python3-rados
INFO:kolla.common.utils.gnocchi-base:  python3-s3transfer python3-setproctitle python3-simplegeneric
INFO:kolla.common.utils.gnocchi-base:  python3-singledispatch python3-snappy python3-soupsieve python3-sqlalchemy
INFO:kolla.common.utils.gnocchi-base:  python3-sqlalchemy-utils python3-sqlparse python3-statsd python3-tempita
INFO:kolla.common.utils.gnocchi-base:  python3-tenacity python3-testresources python3-testscenarios python3-tooz
INFO:kolla.common.utils.gnocchi-base:  python3-voluptuous python3-waitress python3-webtest python3-werkzeug
INFO:kolla.common.utils.gnocchi-base:  python3.7-dev ucf xz-utils
INFO:kolla.common.utils.gnocchi-base:0 upgraded, 124 newly installed, 0 to remove and 0 not upgraded.
INFO:kolla.common.utils.gnocchi-base:Need to get 107 MB of archives.
INFO:kolla.common.utils.gnocchi-base:After this operation, 363 MB of additional disk space will be used.
INFO:kolla.common.utils.gnocchi-base:Get:1 http://deb.debian.org/debian buster/main s390x libapr1 s390x 1.6.5-1+b1 [97.3 kB]
INFO:kolla.common.utils.gnocchi-base:Get:2 http://deb.debian.org/debian buster/main s390x libaprutil1 s390x 1.6.1-4 [88.8 kB]
INFO:kolla.common.utils.gnocchi-base:Get:3 http://deb.debian.org/debian buster/main s390x libaprutil1-dbd-sqlite3 s390x 1.6.1-4 [18.5 kB]
INFO:kolla.common.utils.gnocchi-base:Get:4 http://deb.debian.org/debian buster/main s390x libaprutil1-ldap s390x 1.6.1-4 [16.7 kB]
INFO:kolla.common.utils.gnocchi-base:Get:5 http://deb.debian.org/debian buster/main s390x libbrotli1 s390x 1.0.7-2 [262 kB]
INFO:kolla.common.utils.gnocchi-base:Get:6 http://deb.debian.org/debian buster/main s390x libjansson4 s390x 2.12-1 [35.7 kB]
INFO:kolla.common.utils.gnocchi-base:Get:7 http://deb.debian.org/debian buster/main s390x liblua5.2-0 s390x 5.2.4-1.1+b2 [102 kB]
INFO:kolla.common.utils.gnocchi-base:Get:8 http://deb.debian.org/debian buster/main s390x apache2-bin s390x 2.4.38-3+deb10u3 [1,193 kB]
INFO:kolla.common.utils.gnocchi-base:Get:9 http://deb.debian.org/debian buster/main s390x apache2-data all 2.4.38-3+deb10u3 [165 kB]
INFO:kolla.common.utils.gnocchi-base:Get:10 http://deb.debian.org/debian buster/main s390x apache2-utils s390x 2.4.38-3+deb10u3 [235 kB]
INFO:kolla.common.utils.gnocchi-base:Get:11 http://deb.debian.org/debian buster/main s390x apache2 s390x 2.4.38-3+deb10u3 [251 kB]
INFO:kolla.common.utils.gnocchi-base:Get:12 http://deb.debian.org/debian buster/main s390x bzip2 s390x 1.0.6-9.2~deb10u1 [47.8 kB]
INFO:kolla.common.utils.gnocchi-base:Get:13 http://deb.debian.org/debian buster/main s390x ucf all 3.0038+nmu1 [69.0 kB]
INFO:kolla.common.utils.gnocchi-base:Get:14 http://deb.debian.org/debian buster/main s390x xz-utils s390x 5.2.4-1 [181 kB]
INFO:kolla.common.utils.gnocchi-base:Get:15 http://deb.debian.org/debian buster/main s390x python3-editor all 1.0.3-1 [4,928 B]
INFO:kolla.common.utils.gnocchi-base:Get:16 http://deb.debian.org/debian buster/main s390x python3-mako all 1.0.7+ds1-1 [61.5 kB]
INFO:kolla.common.utils.gnocchi-base:Get:17 http://deb.debian.org/debian buster/main s390x python3-sqlalchemy all 1.2.18+ds1-2 [727 kB]
INFO:kolla.common.utils.gnocchi-base:Get:18 http://deb.debian.org/debian buster/main s390x python3-alembic all 1.0.0-3 [110 kB]
INFO:kolla.common.utils.gnocchi-base:Get:19 http://deb.debian.org/debian buster/main s390x libjs-jquery all 3.3.1~dfsg-3 [332 kB]
INFO:kolla.common.utils.gnocchi-base:Get:20 http://deb.debian.org/debian buster/main s390x libjs-underscore all 1.9.1~dfsg-1 [99.4 kB]
INFO:kolla.common.utils.gnocchi-base:Get:21 http://deb.debian.org/debian buster/main s390x libjs-sphinxdoc all 1.8.4-1 [95.9 kB]
INFO:kolla.common.utils.gnocchi-base:Get:22 http://deb.debian.org/debian buster/main s390x alembic all 1.0.0-3 [370 kB]
INFO:kolla.common.utils.gnocchi-base:Get:23 http://deb.debian.org/debian buster/main s390x binutils-common s390x 2.31.1-16 [2,073 kB]
INFO:kolla.common.utils.gnocchi-base:Get:24 http://deb.debian.org/debian buster/main s390x libbinutils s390x 2.31.1-16 [298 kB]
INFO:kolla.common.utils.gnocchi-base:Get:25 http://deb.debian.org/debian buster/main s390x binutils-s390x-linux-gnu s390x 2.31.1-16 [1,653 kB]
INFO:kolla.common.utils.gnocchi-base:Get:26 http://deb.debian.org/debian buster/main s390x binutils s390x 2.31.1-16 [56.7 kB]
INFO:kolla.common.utils.gnocchi-base:Get:27 http://deb.debian.org/debian buster/main s390x libc-dev-bin s390x 2.28-10 [269 kB]
INFO:kolla.common.utils.gnocchi-base:Get:28 http://deb.debian.org/debian buster/main s390x linux-libc-dev s390x 4.19.98-1 [1,311 kB]
INFO:kolla.common.utils.gnocchi-base:Get:29 http://deb.debian.org/debian buster/main s390x libc6-dev s390x 2.28-10 [2,270 kB]
INFO:kolla.common.utils.gnocchi-base:Get:30 http://deb.debian.org/debian buster/main s390x libisl19 s390x 0.20-2 [547 kB]
INFO:kolla.common.utils.gnocchi-base:Get:31 http://deb.debian.org/debian buster/main s390x libmpc3 s390x 1.1.0-1 [38.0 kB]
INFO:kolla.common.utils.gnocchi-base:Get:32 http://deb.debian.org/debian buster/main s390x cpp-8 s390x 8.3.0-6 [6,785 kB]
INFO:kolla.common.utils.gnocchi-base:Get:33 http://deb.debian.org/debian buster/main s390x cpp s390x 4:8.3.0-1 [19.4 kB]
INFO:kolla.common.utils.gnocchi-base:Get:34 http://deb.debian.org/debian buster/main s390x libcc1-0 s390x 8.3.0-6 [43.8 kB]
INFO:kolla.common.utils.gnocchi-base:Get:35 http://deb.debian.org/debian buster/main s390x libgomp1 s390x 8.3.0-6 [69.0 kB]
INFO:kolla.common.utils.gnocchi-base:Get:36 http://deb.debian.org/debian buster/main s390x libitm1 s390x 8.3.0-6 [26.7 kB]
INFO:kolla.common.utils.gnocchi-base:Get:37 http://deb.debian.org/debian buster/main s390x libatomic1 s390x 8.3.0-6 [8,184 B]
INFO:kolla.common.utils.gnocchi-base:Get:38 http://deb.debian.org/debian buster/main s390x libasan5 s390x 8.3.0-6 [321 kB]
INFO:kolla.common.utils.gnocchi-base:Get:39 http://deb.debian.org/debian buster/main s390x libubsan1 s390x 8.3.0-6 [113 kB]
INFO:kolla.common.utils.gnocchi-base:Get:40 http://deb.debian.org/debian buster/main s390x libgcc-8-dev s390x 8.3.0-6 [641 kB]
INFO:kolla.common.utils.gnocchi-base:Get:41 http://deb.debian.org/debian buster/main s390x gcc-8 s390x 8.3.0-6 [7,277 kB]
INFO:kolla.common.utils.gnocchi-base:Get:42 http://deb.debian.org/debian buster/main s390x gcc s390x 4:8.3.0-1 [5,188 B]
INFO:kolla.common.utils.gnocchi-base:Get:43 http://deb.debian.org/debian buster/main s390x libstdc++-8-dev s390x 8.3.0-6 [1,502 kB]
INFO:kolla.common.utils.gnocchi-base:Get:44 http://deb.debian.org/debian buster/main s390x g++-8 s390x 8.3.0-6 [7,525 kB]
INFO:kolla.common.utils.gnocchi-base:Get:45 http://deb.debian.org/debian buster/main s390x g++ s390x 4:8.3.0-1 [1,636 B]
INFO:kolla.common.utils.gnocchi-base:Get:46 http://deb.debian.org/debian buster/main s390x make s390x 4.2.1-1.2 [333 kB]
INFO:kolla.common.utils.gnocchi-base:Get:47 http://deb.debian.org/debian buster/main s390x libdpkg-perl all 1.19.7 [1,414 kB]
INFO:kolla.common.utils.gnocchi-base:Get:48 http://deb.debian.org/debian buster/main s390x dpkg-dev all 1.19.7 [1,773 kB]
INFO:kolla.common.utils.gnocchi-base:Get:49 http://deb.debian.org/debian buster/main s390x build-essential s390x 12.6 [7,576 B]
INFO:kolla.common.utils.gnocchi-base:Get:50 http://deb.debian.org/debian buster/main s390x dbconfig-common all 2.0.11+deb10u1 [599 kB]
INFO:kolla.common.utils.gnocchi-base:Get:51 http://deb.debian.org/debian buster/main s390x dh-python all 3.20190308 [99.3 kB]
INFO:kolla.common.utils.gnocchi-base:Get:52 http://deb.debian.org/debian buster/main s390x python3-botocore all 1.12.103+repack-1 [2,467 kB]
INFO:kolla.common.utils.gnocchi-base:Get:53 http://deb.debian.org/debian buster/main s390x python3-s3transfer all 0.2.0-1 [47.8 kB]
INFO:kolla.common.utils.gnocchi-base:Get:54 http://deb.debian.org/debian buster/main s390x python3-boto3 all 1.9.86-1 [73.9 kB]
INFO:kolla.common.utils.gnocchi-base:Get:55 http://deb.debian.org/debian buster/main s390x python3-cachetools all 3.1.0-2 [11.6 kB]
INFO:kolla.common.utils.gnocchi-base:Get:56 http://deb.debian.org/debian buster/main s390x python3-setproctitle s390x 1.1.10-1+b2 [15.6 kB]
INFO:kolla.common.utils.gnocchi-base:Get:57 http://deb.debian.org/debian buster/main s390x python3-cotyledon all 1.6.8-3 [15.8 kB]
INFO:kolla.common.utils.gnocchi-base:Get:58 http://deb.debian.org/debian buster/main s390x python3-daiquiri all 1.5.0-1 [11.6 kB]
INFO:kolla.common.utils.gnocchi-base:Get:59 http://deb.debian.org/debian buster/main s390x python3-future all 0.16.0-1 [346 kB]
INFO:kolla.common.utils.gnocchi-base:Get:60 http://deb.debian.org/debian buster/main s390x python3-oslo.cache all 1.30.3-1 [28.6 kB]
INFO:kolla.common.utils.gnocchi-base:Get:61 http://deb.debian.org/debian buster/main s390x pycadf-common all 2.7.0-2 [5,332 B]
INFO:kolla.common.utils.gnocchi-base:Get:62 http://deb.debian.org/debian buster/main s390x python3-pycadf all 2.7.0-2 [18.9 kB]
INFO:kolla.common.utils.gnocchi-base:Get:63 http://deb.debian.org/debian buster/main s390x python3-keystonemiddleware all 5.2.0-2 [71.9 kB]
INFO:kolla.common.utils.gnocchi-base:Get:64 http://deb.debian.org/debian buster/main s390x python3-lz4 s390x 1.1.0+dfsg-1 [24.4 kB]
INFO:kolla.common.utils.gnocchi-base:Get:65 http://deb.debian.org/debian buster/main s390x libgfortran5 s390x 8.3.0-6 [293 kB]
INFO:kolla.common.utils.gnocchi-base:Get:66 http://deb.debian.org/debian buster/main s390x libblas3 s390x 3.8.0-2 [126 kB]
INFO:kolla.common.utils.gnocchi-base:Get:67 http://deb.debian.org/debian buster/main s390x liblapack3 s390x 3.8.0-2 [1,625 kB]
INFO:kolla.common.utils.gnocchi-base:Get:68 http://deb.debian.org/debian buster/main s390x python3-numpy s390x 1:1.16.2-1 [1,952 kB]
INFO:kolla.common.utils.gnocchi-base:Get:69 http://deb.debian.org/debian buster/main s390x python3-sqlparse all 0.2.4-1 [33.5 kB]
INFO:kolla.common.utils.gnocchi-base:Get:70 http://deb.debian.org/debian buster/main s390x python3-tempita all 0.5.2-2 [13.9 kB]
INFO:kolla.common.utils.gnocchi-base:Get:71 http://deb.debian.org/debian buster/main s390x python3-migrate all 0.11.0-5 [79.2 kB]
INFO:kolla.common.utils.gnocchi-base:Get:72 http://deb.debian.org/debian buster/main s390x python3-testresources all 2.0.0-2 [27.2 kB]
INFO:kolla.common.utils.gnocchi-base:Get:73 http://deb.debian.org/debian buster/main s390x python3-testscenarios all 0.5.0-2 [13.4 kB]
INFO:kolla.common.utils.gnocchi-base:Get:74 http://deb.debian.org/debian buster/main s390x python3-oslo.db all 4.40.0-3 [111 kB]
INFO:kolla.common.utils.gnocchi-base:Get:75 http://deb.debian.org/debian buster/main s390x python3-statsd all 3.2.1-2 [11.4 kB]
INFO:kolla.common.utils.gnocchi-base:Get:76 http://deb.debian.org/debian buster/main s390x python3-oslo.middleware all 3.36.0-2 [30.6 kB]
INFO:kolla.common.utils.gnocchi-base:Get:77 http://deb.debian.org/debian buster/main s390x python3-oslo.policy all 1.38.1-2 [43.6 kB]
INFO:kolla.common.utils.gnocchi-base:Get:78 http://deb.debian.org/debian buster/main s390x python-oslosphinx-common all 4.18.0-2 [29.6 kB]
INFO:kolla.common.utils.gnocchi-base:Get:79 http://deb.debian.org/debian buster/main s390x python3-oslosphinx all 4.18.0-2 [34.1 kB]
INFO:kolla.common.utils.gnocchi-base:Get:80 http://deb.debian.org/debian buster/main s390x python3-paste all 3.0.6+dfsg-1 [475 kB]
INFO:kolla.common.utils.gnocchi-base:Get:81 http://deb.debian.org/debian buster/main s390x python-pastedeploy-tpl all 2.0.1-1 [8,516 B]
INFO:kolla.common.utils.gnocchi-base:Get:82 http://deb.debian.org/debian buster/main s390x python3-pastedeploy all 2.0.1-1 [18.8 kB]
INFO:kolla.common.utils.gnocchi-base:Get:83 http://deb.debian.org/debian buster/main s390x python3-logutils all 0.3.3-5 [17.3 kB]
INFO:kolla.common.utils.gnocchi-base:Get:84 http://deb.debian.org/debian buster/main s390x python3-simplegeneric all 0.8.1-2 [11.1 kB]
INFO:kolla.common.utils.gnocchi-base:Get:85 http://deb.debian.org/debian buster/main s390x python3-singledispatch all 3.4.0.3-2 [6,866 B]
INFO:kolla.common.utils.gnocchi-base:Get:86 http://deb.debian.org/debian buster/main s390x python3-soupsieve all 1.8+dfsg-1 [27.6 kB]
INFO:kolla.common.utils.gnocchi-base:Get:87 http://deb.debian.org/debian buster/main s390x python3-bs4 all 4.7.1-1 [94.1 kB]
INFO:kolla.common.utils.gnocchi-base:Get:88 http://deb.debian.org/debian buster/main s390x python3-waitress all 1.2.0~b2-2 [76.7 kB]
INFO:kolla.common.utils.gnocchi-base:Get:89 http://deb.debian.org/debian buster/main s390x python3-webtest all 2.0.32-1 [35.5 kB]
INFO:kolla.common.utils.gnocchi-base:Get:90 http://deb.debian.org/debian buster/main s390x python3-pecan all 1.3.2-2 [103 kB]
INFO:kolla.common.utils.gnocchi-base:Get:91 http://deb.debian.org/debian buster/main s390x libprotobuf17 s390x 3.6.1.3-2 [716 kB]
INFO:kolla.common.utils.gnocchi-base:Get:92 http://deb.debian.org/debian buster/main s390x python3-protobuf s390x 3.6.1.3-2 [328 kB]
INFO:kolla.common.utils.gnocchi-base:Get:93 http://deb.debian.org/debian buster/main s390x python3-pytimeparse all 1.1.5-2 [7,812 B]
INFO:kolla.common.utils.gnocchi-base:Get:94 http://deb.debian.org/debian buster/main s390x libsnappy1v5 s390x 1.1.7-1 [16.9 kB]
INFO:kolla.common.utils.gnocchi-base:Get:95 http://deb.debian.org/debian buster/main s390x python3-snappy s390x 0.5.3-1 [16.6 kB]
INFO:kolla.common.utils.gnocchi-base:Get:96 http://deb.debian.org/debian buster/main s390x python3-anyjson all 0.3.3-1 [8,290 B]
INFO:kolla.common.utils.gnocchi-base:Get:97 http://deb.debian.org/debian buster/main s390x python3-arrow all 0.12.1-2 [33.9 kB]
INFO:kolla.common.utils.gnocchi-base:Get:98 http://deb.debian.org/debian buster/main s390x python3-sqlalchemy-utils all 0.32.21-1 [60.9 kB]
INFO:kolla.common.utils.gnocchi-base:Get:99 http://deb.debian.org/debian buster/main s390x python3-tenacity all 4.12.0-2 [34.1 kB]
INFO:kolla.common.utils.gnocchi-base:Get:100 http://deb.debian.org/debian buster/main s390x python3-voluptuous all 0.11.1-1 [33.2 kB]
INFO:kolla.common.utils.gnocchi-base:Get:101 http://deb.debian.org/debian buster/main s390x python3-tooz all 1.62.0-3 [48.7 kB]
INFO:kolla.common.utils.gnocchi-base:Get:102 http://deb.debian.org/debian buster/main s390x python3-werkzeug all 0.14.1+dfsg1-4+deb10u1 [196 kB]
INFO:kolla.common.utils.gnocchi-base:Get:103 http://deb.debian.org/debian buster/main s390x python3-gnocchi all 4.3.1-3 [169 kB]
INFO:kolla.common.utils.gnocchi-base:Get:104 http://deb.debian.org/debian buster/main s390x gnocchi-common all 4.3.1-3 [27.5 kB]
INFO:kolla.common.utils.gnocchi-base:Get:105 http://deb.debian.org/debian buster/main s390x libpython3.7 s390x 3.7.3-2+deb10u1 [1,359 kB]
INFO:kolla.common.utils.gnocchi-base:Get:106 http://deb.debian.org/debian buster/main s390x libapache2-mod-wsgi-py3 s390x 4.6.5-1 [87.9 kB]
INFO:kolla.common.utils.gnocchi-base:Get:107 http://deb.debian.org/debian buster/main s390x libboost-atomic1.67.0 s390x 1.67.0-13+deb10u1 [226 kB]
INFO:kolla.common.utils.gnocchi-base:Get:108 http://deb.debian.org/debian buster/main s390x libboost-iostreams1.67.0 s390x 1.67.0-13+deb10u1 [247 kB]
INFO:kolla.common.utils.gnocchi-base:Get:109 http://deb.debian.org/debian buster/main s390x libboost-system1.67.0 s390x 1.67.0-13+deb10u1 [229 kB]
INFO:kolla.common.utils.gnocchi-base:Get:110 http://deb.debian.org/debian buster/main s390x libboost-thread1.67.0 s390x 1.67.0-13+deb10u1 [264 kB]
INFO:kolla.common.utils.gnocchi-base:Get:111 http://deb.debian.org/debian buster/main s390x libexpat1-dev s390x 2.2.6-2+deb10u1 [146 kB]
INFO:kolla.common.utils.gnocchi-base:Get:112 http://deb.debian.org/debian buster/main s390x libnspr4 s390x 2:4.20-1 [107 kB]
INFO:kolla.common.utils.gnocchi-base:Get:113 http://deb.debian.org/debian buster/main s390x libnss3 s390x 2:3.42.1-1+deb10u2 [1,051 kB]
INFO:kolla.common.utils.gnocchi-base:Get:114 http://deb.debian.org/debian buster/main s390x libpython3.7-dev s390x 3.7.3-2+deb10u1 [47.8 MB]
INFO:kolla.common.utils.gnocchi-base:Get:115 http://deb.debian.org/debian buster/main s390x libpython3-dev s390x 3.7.3-1 [20.1 kB]
INFO:kolla.common.utils.gnocchi-base:Get:116 http://deb.debian.org/debian buster-backports/main s390x librados2 s390x 14.2.6-4~bpo10+1 [2,702 kB]
INFO:kolla.common.utils.gnocchi-base:Get:117 http://deb.debian.org/debian buster-backports/main s390x librados-dev s390x 14.2.6-4~bpo10+1 [103 kB]
INFO:kolla.common.utils.gnocchi-base:Get:118 http://deb.debian.org/debian buster/main s390x python3.7-dev s390x 3.7.3-2+deb10u1 [509 kB]
INFO:kolla.common.utils.gnocchi-base:Get:119 http://deb.debian.org/debian buster/main s390x python3-dev s390x 3.7.3-1 [1,264 B]
INFO:kolla.common.utils.gnocchi-base:Get:120 http://deb.debian.org/debian buster/main s390x python3-pyasn1 all 0.4.2-3 [57.7 kB]
INFO:kolla.common.utils.gnocchi-base:Get:121 http://deb.debian.org/debian buster/main s390x python3-pyasn1-modules all 0.2.1-0.2 [34.5 kB]
INFO:kolla.common.utils.gnocchi-base:Get:122 http://deb.debian.org/debian buster/main s390x python3-ldap s390x 3.1.0-2 [108 kB]
INFO:kolla.common.utils.gnocchi-base:Get:123 http://deb.debian.org/debian buster/main s390x python3-ldappool all 2.3.1-1 [10.2 kB]
INFO:kolla.common.utils.gnocchi-base:Get:124 http://deb.debian.org/debian buster-backports/main s390x python3-rados s390x 14.2.6-4~bpo10+1 [262 kB]
INFO:kolla.common.utils.gnocchi-base:Preconfiguring packages ...
INFO:kolla.common.utils.gnocchi-base:Fetched 107 MB in 3s (37.8 MB/s)
INFO:kolla.common.utils.gnocchi-base:Selecting previously unselected package libapr1:s390x.
INFO:kolla.common.utils.gnocchi-base:(Reading database ... 
INFO:kolla.common.utils.gnocchi-base:(Reading database ... 5%(Reading database ... 10%(Reading database ... 15%
INFO:kolla.common.utils.gnocchi-base:(Reading database ... 20%
INFO:kolla.common.utils.gnocchi-base:(Reading database ... 25%
INFO:kolla.common.utils.gnocchi-base:(Reading database ... 30%(Reading database ... 35%
INFO:kolla.common.utils.gnocchi-base:(Reading database ... 40%
INFO:kolla.common.utils.gnocchi-base:(Reading database ... 45%
INFO:kolla.common.utils.gnocchi-base:(Reading database ... 50%
INFO:kolla.common.utils.gnocchi-base:(Reading database ... 55%
INFO:kolla.common.utils.gnocchi-base:(Reading database ... 60%
INFO:kolla.common.utils.gnocchi-base:(Reading database ... 65%
INFO:kolla.common.utils.gnocchi-base:(Reading database ... 70%
INFO:kolla.common.utils.gnocchi-base:(Reading database ... 75%
INFO:kolla.common.utils.gnocchi-base:(Reading database ... 80%
INFO:kolla.common.utils.gnocchi-base:(Reading database ... 85%
INFO:kolla.common.utils.gnocchi-base:(Reading database ... 90%
INFO:kolla.common.utils.gnocchi-base:(Reading database ... 95%
INFO:kolla.common.utils.gnocchi-base:(Reading database ... 100%(Reading database ... 21603 files and directories currently installed.)
INFO:kolla.common.utils.gnocchi-base:Preparing to unpack .../000-libapr1_1.6.5-1+b1_s390x.deb ...
INFO:kolla.common.utils.gnocchi-base:Unpacking libapr1:s390x (1.6.5-1+b1) ...
INFO:kolla.common.utils.gnocchi-base:Selecting previously unselected package libaprutil1:s390x.
INFO:kolla.common.utils.gnocchi-base:Preparing to unpack .../001-libaprutil1_1.6.1-4_s390x.deb ...
INFO:kolla.common.utils.gnocchi-base:Unpacking libaprutil1:s390x (1.6.1-4) ...
INFO:kolla.common.utils.gnocchi-base:Selecting previously unselected package libaprutil1-dbd-sqlite3:s390x.
INFO:kolla.common.utils.gnocchi-base:Preparing to unpack .../002-libaprutil1-dbd-sqlite3_1.6.1-4_s390x.deb ...
INFO:kolla.common.utils.gnocchi-base:Unpacking libaprutil1-dbd-sqlite3:s390x (1.6.1-4) ...
INFO:kolla.common.utils.gnocchi-base:Selecting previously unselected package libaprutil1-ldap:s390x.
INFO:kolla.common.utils.gnocchi-base:Preparing to unpack .../003-libaprutil1-ldap_1.6.1-4_s390x.deb ...
INFO:kolla.common.utils.gnocchi-base:Unpacking libaprutil1-ldap:s390x (1.6.1-4) ...
INFO:kolla.common.utils.gnocchi-base:Selecting previously unselected package libbrotli1:s390x.
INFO:kolla.common.utils.gnocchi-base:Preparing to unpack .../004-libbrotli1_1.0.7-2_s390x.deb ...
INFO:kolla.common.utils.gnocchi-base:Unpacking libbrotli1:s390x (1.0.7-2) ...
INFO:kolla.common.utils.gnocchi-base:Selecting previously unselected package libjansson4:s390x.
INFO:kolla.common.utils.gnocchi-base:Preparing to unpack .../005-libjansson4_2.12-1_s390x.deb ...
INFO:kolla.common.utils.gnocchi-base:Unpacking libjansson4:s390x (2.12-1) ...
INFO:kolla.common.utils.gnocchi-base:Selecting previously unselected package liblua5.2-0:s390x.
INFO:kolla.common.utils.gnocchi-base:Preparing to unpack .../006-liblua5.2-0_5.2.4-1.1+b2_s390x.deb ...
INFO:kolla.common.utils.gnocchi-base:Unpacking liblua5.2-0:s390x (5.2.4-1.1+b2) ...
INFO:kolla.common.utils.gnocchi-base:Selecting previously unselected package apache2-bin.
INFO:kolla.common.utils.gnocchi-base:Preparing to unpack .../007-apache2-bin_2.4.38-3+deb10u3_s390x.deb ...
INFO:kolla.common.utils.gnocchi-base:Unpacking apache2-bin (2.4.38-3+deb10u3) ...
INFO:kolla.common.utils.gnocchi-base:Selecting previously unselected package apache2-data.
INFO:kolla.common.utils.gnocchi-base:Preparing to unpack .../008-apache2-data_2.4.38-3+deb10u3_all.deb ...
INFO:kolla.common.utils.gnocchi-base:Unpacking apache2-data (2.4.38-3+deb10u3) ...
INFO:kolla.common.utils.gnocchi-base:Selecting previously unselected package apache2-utils.
INFO:kolla.common.utils.gnocchi-base:Preparing to unpack .../009-apache2-utils_2.4.38-3+deb10u3_s390x.deb ...
INFO:kolla.common.utils.gnocchi-base:Unpacking apache2-utils (2.4.38-3+deb10u3) ...
INFO:kolla.common.utils.gnocchi-base:Selecting previously unselected package apache2.
INFO:kolla.common.utils.gnocchi-base:Preparing to unpack .../010-apache2_2.4.38-3+deb10u3_s390x.deb ...
INFO:kolla.common.utils.gnocchi-base:Unpacking apache2 (2.4.38-3+deb10u3) ...
INFO:kolla.common.utils.gnocchi-base:Selecting previously unselected package bzip2.
INFO:kolla.common.utils.gnocchi-base:Preparing to unpack .../011-bzip2_1.0.6-9.2~deb10u1_s390x.deb ...
INFO:kolla.common.utils.gnocchi-base:Unpacking bzip2 (1.0.6-9.2~deb10u1) ...
INFO:kolla.common.utils.gnocchi-base:Selecting previously unselected package ucf.
INFO:kolla.common.utils.gnocchi-base:Preparing to unpack .../012-ucf_3.0038+nmu1_all.deb ...
INFO:kolla.common.utils.gnocchi-base:Moving old data out of the way
INFO:kolla.common.utils.gnocchi-base:Unpacking ucf (3.0038+nmu1) ...
INFO:kolla.common.utils.gnocchi-base:Selecting previously unselected package xz-utils.
INFO:kolla.common.utils.gnocchi-base:Preparing to unpack .../013-xz-utils_5.2.4-1_s390x.deb ...
INFO:kolla.common.utils.gnocchi-base:Unpacking xz-utils (5.2.4-1) ...
INFO:kolla.common.utils.gnocchi-base:Selecting previously unselected package python3-editor.
INFO:kolla.common.utils.gnocchi-base:Preparing to unpack .../014-python3-editor_1.0.3-1_all.deb ...
INFO:kolla.common.utils.gnocchi-base:Unpacking python3-editor (1.0.3-1) ...
INFO:kolla.common.utils.gnocchi-base:Selecting previously unselected package python3-mako.
INFO:kolla.common.utils.gnocchi-base:Preparing to unpack .../015-python3-mako_1.0.7+ds1-1_all.deb ...
INFO:kolla.common.utils.gnocchi-base:Unpacking python3-mako (1.0.7+ds1-1) ...
INFO:kolla.common.utils.gnocchi-base:Selecting previously unselected package python3-sqlalchemy.
INFO:kolla.common.utils.gnocchi-base:Preparing to unpack .../016-python3-sqlalchemy_1.2.18+ds1-2_all.deb ...
INFO:kolla.common.utils.gnocchi-base:Unpacking python3-sqlalchemy (1.2.18+ds1-2) ...
INFO:kolla.common.utils.gnocchi-base:Selecting previously unselected package python3-alembic.
INFO:kolla.common.utils.gnocchi-base:Preparing to unpack .../017-python3-alembic_1.0.0-3_all.deb ...
INFO:kolla.common.utils.gnocchi-base:Unpacking python3-alembic (1.0.0-3) ...
INFO:kolla.common.utils.gnocchi-base:Selecting previously unselected package libjs-jquery.
INFO:kolla.common.utils.gnocchi-base:Preparing to unpack .../018-libjs-jquery_3.3.1~dfsg-3_all.deb ...
INFO:kolla.common.utils.gnocchi-base:Unpacking libjs-jquery (3.3.1~dfsg-3) ...
INFO:kolla.common.utils.gnocchi-base:Selecting previously unselected package libjs-underscore.
INFO:kolla.common.utils.gnocchi-base:Preparing to unpack .../019-libjs-underscore_1.9.1~dfsg-1_all.deb ...
INFO:kolla.common.utils.gnocchi-base:Unpacking libjs-underscore (1.9.1~dfsg-1) ...
INFO:kolla.common.utils.gnocchi-base:Selecting previously unselected package libjs-sphinxdoc.
INFO:kolla.common.utils.gnocchi-base:Preparing to unpack .../020-libjs-sphinxdoc_1.8.4-1_all.deb ...
INFO:kolla.common.utils.gnocchi-base:Unpacking libjs-sphinxdoc (1.8.4-1) ...
INFO:kolla.common.utils.gnocchi-base:Selecting previously unselected package alembic.
INFO:kolla.common.utils.gnocchi-base:Preparing to unpack .../021-alembic_1.0.0-3_all.deb ...
INFO:kolla.common.utils.gnocchi-base:Unpacking alembic (1.0.0-3) ...
INFO:kolla.common.utils.gnocchi-base:Selecting previously unselected package binutils-common:s390x.
INFO:kolla.common.utils.gnocchi-base:Preparing to unpack .../022-binutils-common_2.31.1-16_s390x.deb ...
INFO:kolla.common.utils.gnocchi-base:Unpacking binutils-common:s390x (2.31.1-16) ...
INFO:kolla.common.utils.gnocchi-base:Selecting previously unselected package libbinutils:s390x.
INFO:kolla.common.utils.gnocchi-base:Preparing to unpack .../023-libbinutils_2.31.1-16_s390x.deb ...
INFO:kolla.common.utils.gnocchi-base:Unpacking libbinutils:s390x (2.31.1-16) ...
INFO:kolla.common.utils.gnocchi-base:Selecting previously unselected package binutils-s390x-linux-gnu.
INFO:kolla.common.utils.gnocchi-base:Preparing to unpack .../024-binutils-s390x-linux-gnu_2.31.1-16_s390x.deb ...
INFO:kolla.common.utils.gnocchi-base:Unpacking binutils-s390x-linux-gnu (2.31.1-16) ...
INFO:kolla.common.utils.gnocchi-base:Selecting previously unselected package binutils.
INFO:kolla.common.utils.gnocchi-base:Preparing to unpack .../025-binutils_2.31.1-16_s390x.deb ...
INFO:kolla.common.utils.gnocchi-base:Unpacking binutils (2.31.1-16) ...
INFO:kolla.common.utils.gnocchi-base:Selecting previously unselected package libc-dev-bin.
INFO:kolla.common.utils.gnocchi-base:Preparing to unpack .../026-libc-dev-bin_2.28-10_s390x.deb ...
INFO:kolla.common.utils.gnocchi-base:Unpacking libc-dev-bin (2.28-10) ...
INFO:kolla.common.utils.gnocchi-base:Selecting previously unselected package linux-libc-dev:s390x.
INFO:kolla.common.utils.gnocchi-base:Preparing to unpack .../027-linux-libc-dev_4.19.98-1_s390x.deb ...
INFO:kolla.common.utils.gnocchi-base:Unpacking linux-libc-dev:s390x (4.19.98-1) ...
INFO:kolla.common.utils.gnocchi-base:Selecting previously unselected package libc6-dev:s390x.
INFO:kolla.common.utils.gnocchi-base:Preparing to unpack .../028-libc6-dev_2.28-10_s390x.deb ...
INFO:kolla.common.utils.gnocchi-base:Unpacking libc6-dev:s390x (2.28-10) ...
INFO:kolla.common.utils.gnocchi-base:Selecting previously unselected package libisl19:s390x.
INFO:kolla.common.utils.gnocchi-base:Preparing to unpack .../029-libisl19_0.20-2_s390x.deb ...
INFO:kolla.common.utils.gnocchi-base:Unpacking libisl19:s390x (0.20-2) ...
INFO:kolla.common.utils.gnocchi-base:Selecting previously unselected package libmpc3:s390x.
INFO:kolla.common.utils.gnocchi-base:Preparing to unpack .../030-libmpc3_1.1.0-1_s390x.deb ...
INFO:kolla.common.utils.gnocchi-base:Unpacking libmpc3:s390x (1.1.0-1) ...
INFO:kolla.common.utils.gnocchi-base:Selecting previously unselected package cpp-8.
INFO:kolla.common.utils.gnocchi-base:Preparing to unpack .../031-cpp-8_8.3.0-6_s390x.deb ...
INFO:kolla.common.utils.gnocchi-base:Unpacking cpp-8 (8.3.0-6) ...
INFO:kolla.common.utils.gnocchi-base:Selecting previously unselected package cpp.
INFO:kolla.common.utils.gnocchi-base:Preparing to unpack .../032-cpp_4%3a8.3.0-1_s390x.deb ...
INFO:kolla.common.utils.gnocchi-base:Unpacking cpp (4:8.3.0-1) ...
INFO:kolla.common.utils.gnocchi-base:Selecting previously unselected package libcc1-0:s390x.
INFO:kolla.common.utils.gnocchi-base:Preparing to unpack .../033-libcc1-0_8.3.0-6_s390x.deb ...
INFO:kolla.common.utils.gnocchi-base:Unpacking libcc1-0:s390x (8.3.0-6) ...
INFO:kolla.common.utils.gnocchi-base:Selecting previously unselected package libgomp1:s390x.
INFO:kolla.common.utils.gnocchi-base:Preparing to unpack .../034-libgomp1_8.3.0-6_s390x.deb ...
INFO:kolla.common.utils.gnocchi-base:Unpacking libgomp1:s390x (8.3.0-6) ...
INFO:kolla.common.utils.gnocchi-base:Selecting previously unselected package libitm1:s390x.
INFO:kolla.common.utils.gnocchi-base:Preparing to unpack .../035-libitm1_8.3.0-6_s390x.deb ...
INFO:kolla.common.utils.gnocchi-base:Unpacking libitm1:s390x (8.3.0-6) ...
INFO:kolla.common.utils.gnocchi-base:Selecting previously unselected package libatomic1:s390x.
INFO:kolla.common.utils.gnocchi-base:Preparing to unpack .../036-libatomic1_8.3.0-6_s390x.deb ...
INFO:kolla.common.utils.gnocchi-base:Unpacking libatomic1:s390x (8.3.0-6) ...
INFO:kolla.common.utils.gnocchi-base:Selecting previously unselected package libasan5:s390x.
INFO:kolla.common.utils.gnocchi-base:Preparing to unpack .../037-libasan5_8.3.0-6_s390x.deb ...
INFO:kolla.common.utils.gnocchi-base:Unpacking libasan5:s390x (8.3.0-6) ...
INFO:kolla.common.utils.gnocchi-base:Selecting previously unselected package libubsan1:s390x.
INFO:kolla.common.utils.gnocchi-base:Preparing to unpack .../038-libubsan1_8.3.0-6_s390x.deb ...
INFO:kolla.common.utils.gnocchi-base:Unpacking libubsan1:s390x (8.3.0-6) ...
INFO:kolla.common.utils.gnocchi-base:Selecting previously unselected package libgcc-8-dev:s390x.
INFO:kolla.common.utils.gnocchi-base:Preparing to unpack .../039-libgcc-8-dev_8.3.0-6_s390x.deb ...
INFO:kolla.common.utils.gnocchi-base:Unpacking libgcc-8-dev:s390x (8.3.0-6) ...
INFO:kolla.common.utils.gnocchi-base:Selecting previously unselected package gcc-8.
INFO:kolla.common.utils.gnocchi-base:Preparing to unpack .../040-gcc-8_8.3.0-6_s390x.deb ...
INFO:kolla.common.utils.gnocchi-base:Unpacking gcc-8 (8.3.0-6) ...
INFO:kolla.common.utils.gnocchi-base:Selecting previously unselected package gcc.
INFO:kolla.common.utils.gnocchi-base:Preparing to unpack .../041-gcc_4%3a8.3.0-1_s390x.deb ...
INFO:kolla.common.utils.gnocchi-base:Unpacking gcc (4:8.3.0-1) ...
INFO:kolla.common.utils.gnocchi-base:Selecting previously unselected package libstdc++-8-dev:s390x.
INFO:kolla.common.utils.gnocchi-base:Preparing to unpack .../042-libstdc++-8-dev_8.3.0-6_s390x.deb ...
INFO:kolla.common.utils.gnocchi-base:Unpacking libstdc++-8-dev:s390x (8.3.0-6) ...
INFO:kolla.common.utils.gnocchi-base:Selecting previously unselected package g++-8.
INFO:kolla.common.utils.gnocchi-base:Preparing to unpack .../043-g++-8_8.3.0-6_s390x.deb ...
INFO:kolla.common.utils.gnocchi-base:Unpacking g++-8 (8.3.0-6) ...
INFO:kolla.common.utils.gnocchi-base:Selecting previously unselected package g++.
INFO:kolla.common.utils.gnocchi-base:Preparing to unpack .../044-g++_4%3a8.3.0-1_s390x.deb ...
INFO:kolla.common.utils.gnocchi-base:Unpacking g++ (4:8.3.0-1) ...
INFO:kolla.common.utils.gnocchi-base:Selecting previously unselected package make.
INFO:kolla.common.utils.gnocchi-base:Preparing to unpack .../045-make_4.2.1-1.2_s390x.deb ...
INFO:kolla.common.utils.gnocchi-base:Unpacking make (4.2.1-1.2) ...
INFO:kolla.common.utils.gnocchi-base:Selecting previously unselected package libdpkg-perl.
INFO:kolla.common.utils.gnocchi-base:Preparing to unpack .../046-libdpkg-perl_1.19.7_all.deb ...
INFO:kolla.common.utils.gnocchi-base:Unpacking libdpkg-perl (1.19.7) ...
INFO:kolla.common.utils.gnocchi-base:Selecting previously unselected package dpkg-dev.
INFO:kolla.common.utils.gnocchi-base:Preparing to unpack .../047-dpkg-dev_1.19.7_all.deb ...
INFO:kolla.common.utils.gnocchi-base:Unpacking dpkg-dev (1.19.7) ...
INFO:kolla.common.utils.gnocchi-base:Selecting previously unselected package build-essential.
INFO:kolla.common.utils.gnocchi-base:Preparing to unpack .../048-build-essential_12.6_s390x.deb ...
INFO:kolla.common.utils.gnocchi-base:Unpacking build-essential (12.6) ...
INFO:kolla.common.utils.gnocchi-base:Selecting previously unselected package dbconfig-common.
INFO:kolla.common.utils.gnocchi-base:Preparing to unpack .../049-dbconfig-common_2.0.11+deb10u1_all.deb ...
INFO:kolla.common.utils.gnocchi-base:Unpacking dbconfig-common (2.0.11+deb10u1) ...
INFO:kolla.common.utils.gnocchi-base:Selecting previously unselected package dh-python.
INFO:kolla.common.utils.gnocchi-base:Preparing to unpack .../050-dh-python_3.20190308_all.deb ...
INFO:kolla.common.utils.gnocchi-base:Unpacking dh-python (3.20190308) ...
INFO:kolla.common.utils.gnocchi-base:Selecting previously unselected package python3-botocore.
INFO:kolla.common.utils.gnocchi-base:Preparing to unpack .../051-python3-botocore_1.12.103+repack-1_all.deb ...
INFO:kolla.common.utils.gnocchi-base:Unpacking python3-botocore (1.12.103+repack-1) ...
INFO:kolla.common.utils.gnocchi-base:Selecting previously unselected package python3-s3transfer.
INFO:kolla.common.utils.gnocchi-base:Preparing to unpack .../052-python3-s3transfer_0.2.0-1_all.deb ...
INFO:kolla.common.utils.gnocchi-base:Unpacking python3-s3transfer (0.2.0-1) ...
INFO:kolla.common.utils.gnocchi-base:Selecting previously unselected package python3-boto3.
INFO:kolla.common.utils.gnocchi-base:Preparing to unpack .../053-python3-boto3_1.9.86-1_all.deb ...
INFO:kolla.common.utils.gnocchi-base:Unpacking python3-boto3 (1.9.86-1) ...
INFO:kolla.common.utils.gnocchi-base:Selecting previously unselected package python3-cachetools.
INFO:kolla.common.utils.gnocchi-base:Preparing to unpack .../054-python3-cachetools_3.1.0-2_all.deb ...
INFO:kolla.common.utils.gnocchi-base:Unpacking python3-cachetools (3.1.0-2) ...
INFO:kolla.common.utils.gnocchi-base:Selecting previously unselected package python3-setproctitle:s390x.
INFO:kolla.common.utils.gnocchi-base:Preparing to unpack .../055-python3-setproctitle_1.1.10-1+b2_s390x.deb ...
INFO:kolla.common.utils.gnocchi-base:Unpacking python3-setproctitle:s390x (1.1.10-1+b2) ...
INFO:kolla.common.utils.gnocchi-base:Selecting previously unselected package python3-cotyledon.
INFO:kolla.common.utils.gnocchi-base:Preparing to unpack .../056-python3-cotyledon_1.6.8-3_all.deb ...
INFO:kolla.common.utils.gnocchi-base:Unpacking python3-cotyledon (1.6.8-3) ...
INFO:kolla.common.utils.gnocchi-base:Selecting previously unselected package python3-daiquiri.
INFO:kolla.common.utils.gnocchi-base:Preparing to unpack .../057-python3-daiquiri_1.5.0-1_all.deb ...
INFO:kolla.common.utils.gnocchi-base:Unpacking python3-daiquiri (1.5.0-1) ...
INFO:kolla.common.utils.gnocchi-base:Selecting previously unselected package python3-future.
INFO:kolla.common.utils.gnocchi-base:Preparing to unpack .../058-python3-future_0.16.0-1_all.deb ...
INFO:kolla.common.utils.gnocchi-base:Unpacking python3-future (0.16.0-1) ...
INFO:kolla.common.utils.gnocchi-base:Selecting previously unselected package python3-oslo.cache.
INFO:kolla.common.utils.gnocchi-base:Preparing to unpack .../059-python3-oslo.cache_1.30.3-1_all.deb ...
INFO:kolla.common.utils.gnocchi-base:Unpacking python3-oslo.cache (1.30.3-1) ...
INFO:kolla.common.utils.gnocchi-base:Selecting previously unselected package pycadf-common.
INFO:kolla.common.utils.gnocchi-base:Preparing to unpack .../060-pycadf-common_2.7.0-2_all.deb ...
INFO:kolla.common.utils.gnocchi-base:Unpacking pycadf-common (2.7.0-2) ...
INFO:kolla.common.utils.gnocchi-base:Selecting previously unselected package python3-pycadf.
INFO:kolla.common.utils.gnocchi-base:Preparing to unpack .../061-python3-pycadf_2.7.0-2_all.deb ...
INFO:kolla.common.utils.gnocchi-base:Unpacking python3-pycadf (2.7.0-2) ...
INFO:kolla.common.utils.gnocchi-base:Selecting previously unselected package python3-keystonemiddleware.
INFO:kolla.common.utils.gnocchi-base:Preparing to unpack .../062-python3-keystonemiddleware_5.2.0-2_all.deb ...
INFO:kolla.common.utils.gnocchi-base:Unpacking python3-keystonemiddleware (5.2.0-2) ...
INFO:kolla.common.utils.gnocchi-base:Selecting previously unselected package python3-lz4.
INFO:kolla.common.utils.gnocchi-base:Preparing to unpack .../063-python3-lz4_1.1.0+dfsg-1_s390x.deb ...
INFO:kolla.common.utils.gnocchi-base:Unpacking python3-lz4 (1.1.0+dfsg-1) ...
INFO:kolla.common.utils.gnocchi-base:Selecting previously unselected package libgfortran5:s390x.
INFO:kolla.common.utils.gnocchi-base:Preparing to unpack .../064-libgfortran5_8.3.0-6_s390x.deb ...
INFO:kolla.common.utils.gnocchi-base:Unpacking libgfortran5:s390x (8.3.0-6) ...
INFO:kolla.common.utils.gnocchi-base:Selecting previously unselected package libblas3:s390x.
INFO:kolla.common.utils.gnocchi-base:Preparing to unpack .../065-libblas3_3.8.0-2_s390x.deb ...
INFO:kolla.common.utils.gnocchi-base:Unpacking libblas3:s390x (3.8.0-2) ...
INFO:kolla.common.utils.gnocchi-base:Selecting previously unselected package liblapack3:s390x.
INFO:kolla.common.utils.gnocchi-base:Preparing to unpack .../066-liblapack3_3.8.0-2_s390x.deb ...
INFO:kolla.common.utils.gnocchi-base:Unpacking liblapack3:s390x (3.8.0-2) ...
INFO:kolla.common.utils.gnocchi-base:Selecting previously unselected package python3-numpy.
INFO:kolla.common.utils.gnocchi-base:Preparing to unpack .../067-python3-numpy_1%3a1.16.2-1_s390x.deb ...
INFO:kolla.common.utils.gnocchi-base:Unpacking python3-numpy (1:1.16.2-1) ...
INFO:kolla.common.utils.gnocchi-base:Selecting previously unselected package python3-sqlparse.
INFO:kolla.common.utils.gnocchi-base:Preparing to unpack .../068-python3-sqlparse_0.2.4-1_all.deb ...
INFO:kolla.common.utils.gnocchi-base:Unpacking python3-sqlparse (0.2.4-1) ...
INFO:kolla.common.utils.gnocchi-base:Selecting previously unselected package python3-tempita.
INFO:kolla.common.utils.gnocchi-base:Preparing to unpack .../069-python3-tempita_0.5.2-2_all.deb ...
INFO:kolla.common.utils.gnocchi-base:Unpacking python3-tempita (0.5.2-2) ...
INFO:kolla.common.utils.gnocchi-base:Selecting previously unselected package python3-migrate.
INFO:kolla.common.utils.gnocchi-base:Preparing to unpack .../070-python3-migrate_0.11.0-5_all.deb ...
INFO:kolla.common.utils.gnocchi-base:Unpacking python3-migrate (0.11.0-5) ...
INFO:kolla.common.utils.gnocchi-base:Selecting previously unselected package python3-testresources.
INFO:kolla.common.utils.gnocchi-base:Preparing to unpack .../071-python3-testresources_2.0.0-2_all.deb ...
INFO:kolla.common.utils.gnocchi-base:Unpacking python3-testresources (2.0.0-2) ...
INFO:kolla.common.utils.gnocchi-base:Selecting previously unselected package python3-testscenarios.
INFO:kolla.common.utils.gnocchi-base:Preparing to unpack .../072-python3-testscenarios_0.5.0-2_all.deb ...
INFO:kolla.common.utils.gnocchi-base:Unpacking python3-testscenarios (0.5.0-2) ...
INFO:kolla.common.utils.gnocchi-base:Selecting previously unselected package python3-oslo.db.
INFO:kolla.common.utils.gnocchi-base:Preparing to unpack .../073-python3-oslo.db_4.40.0-3_all.deb ...
INFO:kolla.common.utils.gnocchi-base:Unpacking python3-oslo.db (4.40.0-3) ...
INFO:kolla.common.utils.gnocchi-base:Selecting previously unselected package python3-statsd.
INFO:kolla.common.utils.gnocchi-base:Preparing to unpack .../074-python3-statsd_3.2.1-2_all.deb ...
INFO:kolla.common.utils.gnocchi-base:Unpacking python3-statsd (3.2.1-2) ...
INFO:kolla.common.utils.gnocchi-base:Selecting previously unselected package python3-oslo.middleware.
INFO:kolla.common.utils.gnocchi-base:Preparing to unpack .../075-python3-oslo.middleware_3.36.0-2_all.deb ...
INFO:kolla.common.utils.gnocchi-base:Unpacking python3-oslo.middleware (3.36.0-2) ...
INFO:kolla.common.utils.gnocchi-base:Selecting previously unselected package python3-oslo.policy.
INFO:kolla.common.utils.gnocchi-base:Preparing to unpack .../076-python3-oslo.policy_1.38.1-2_all.deb ...
INFO:kolla.common.utils.gnocchi-base:Unpacking python3-oslo.policy (1.38.1-2) ...
INFO:kolla.common.utils.gnocchi-base:Selecting previously unselected package python-oslosphinx-common.
INFO:kolla.common.utils.gnocchi-base:Preparing to unpack .../077-python-oslosphinx-common_4.18.0-2_all.deb ...
INFO:kolla.common.utils.gnocchi-base:Unpacking python-oslosphinx-common (4.18.0-2) ...
INFO:kolla.common.utils.gnocchi-base:Selecting previously unselected package python3-oslosphinx.
INFO:kolla.common.utils.gnocchi-base:Preparing to unpack .../078-python3-oslosphinx_4.18.0-2_all.deb ...
INFO:kolla.common.utils.gnocchi-base:Unpacking python3-oslosphinx (4.18.0-2) ...
INFO:kolla.common.utils.gnocchi-base:Selecting previously unselected package python3-paste.
INFO:kolla.common.utils.gnocchi-base:Preparing to unpack .../079-python3-paste_3.0.6+dfsg-1_all.deb ...
INFO:kolla.common.utils.gnocchi-base:Unpacking python3-paste (3.0.6+dfsg-1) ...
INFO:kolla.common.utils.gnocchi-base:Selecting previously unselected package python-pastedeploy-tpl.
INFO:kolla.common.utils.gnocchi-base:Preparing to unpack .../080-python-pastedeploy-tpl_2.0.1-1_all.deb ...
INFO:kolla.common.utils.gnocchi-base:Unpacking python-pastedeploy-tpl (2.0.1-1) ...
INFO:kolla.common.utils.gnocchi-base:Selecting previously unselected package python3-pastedeploy.
INFO:kolla.common.utils.gnocchi-base:Preparing to unpack .../081-python3-pastedeploy_2.0.1-1_all.deb ...
INFO:kolla.common.utils.gnocchi-base:Unpacking python3-pastedeploy (2.0.1-1) ...
INFO:kolla.common.utils.gnocchi-base:Selecting previously unselected package python3-logutils.
INFO:kolla.common.utils.gnocchi-base:Preparing to unpack .../082-python3-logutils_0.3.3-5_all.deb ...
INFO:kolla.common.utils.gnocchi-base:Unpacking python3-logutils (0.3.3-5) ...
INFO:kolla.common.utils.gnocchi-base:Selecting previously unselected package python3-simplegeneric.
INFO:kolla.common.utils.gnocchi-base:Preparing to unpack .../083-python3-simplegeneric_0.8.1-2_all.deb ...
INFO:kolla.common.utils.gnocchi-base:Unpacking python3-simplegeneric (0.8.1-2) ...
INFO:kolla.common.utils.gnocchi-base:Selecting previously unselected package python3-singledispatch.
INFO:kolla.common.utils.gnocchi-base:Preparing to unpack .../084-python3-singledispatch_3.4.0.3-2_all.deb ...
INFO:kolla.common.utils.gnocchi-base:Unpacking python3-singledispatch (3.4.0.3-2) ...
INFO:kolla.common.utils.gnocchi-base:Selecting previously unselected package python3-soupsieve.
INFO:kolla.common.utils.gnocchi-base:Preparing to unpack .../085-python3-soupsieve_1.8+dfsg-1_all.deb ...
INFO:kolla.common.utils.gnocchi-base:Unpacking python3-soupsieve (1.8+dfsg-1) ...
INFO:kolla.common.utils.gnocchi-base:Selecting previously unselected package python3-bs4.
INFO:kolla.common.utils.gnocchi-base:Preparing to unpack .../086-python3-bs4_4.7.1-1_all.deb ...
INFO:kolla.common.utils.gnocchi-base:Unpacking python3-bs4 (4.7.1-1) ...
INFO:kolla.common.utils.gnocchi-base:Selecting previously unselected package python3-waitress.
INFO:kolla.common.utils.gnocchi-base:Preparing to unpack .../087-python3-waitress_1.2.0~b2-2_all.deb ...
INFO:kolla.common.utils.gnocchi-base:Unpacking python3-waitress (1.2.0~b2-2) ...
INFO:kolla.common.utils.gnocchi-base:Selecting previously unselected package python3-webtest.
INFO:kolla.common.utils.gnocchi-base:Preparing to unpack .../088-python3-webtest_2.0.32-1_all.deb ...
INFO:kolla.common.utils.gnocchi-base:Unpacking python3-webtest (2.0.32-1) ...
INFO:kolla.common.utils.gnocchi-base:Selecting previously unselected package python3-pecan.
INFO:kolla.common.utils.gnocchi-base:Preparing to unpack .../089-python3-pecan_1.3.2-2_all.deb ...
INFO:kolla.common.utils.gnocchi-base:Unpacking python3-pecan (1.3.2-2) ...
INFO:kolla.common.utils.gnocchi-base:Selecting previously unselected package libprotobuf17:s390x.
INFO:kolla.common.utils.gnocchi-base:Preparing to unpack .../090-libprotobuf17_3.6.1.3-2_s390x.deb ...
INFO:kolla.common.utils.gnocchi-base:Unpacking libprotobuf17:s390x (3.6.1.3-2) ...
INFO:kolla.common.utils.gnocchi-base:Selecting previously unselected package python3-protobuf.
INFO:kolla.common.utils.gnocchi-base:Preparing to unpack .../091-python3-protobuf_3.6.1.3-2_s390x.deb ...
INFO:kolla.common.utils.gnocchi-base:Unpacking python3-protobuf (3.6.1.3-2) ...
INFO:kolla.common.utils.gnocchi-base:Selecting previously unselected package python3-pytimeparse.
INFO:kolla.common.utils.gnocchi-base:Preparing to unpack .../092-python3-pytimeparse_1.1.5-2_all.deb ...
INFO:kolla.common.utils.gnocchi-base:Unpacking python3-pytimeparse (1.1.5-2) ...
INFO:kolla.common.utils.gnocchi-base:Selecting previously unselected package libsnappy1v5:s390x.
INFO:kolla.common.utils.gnocchi-base:Preparing to unpack .../093-libsnappy1v5_1.1.7-1_s390x.deb ...
INFO:kolla.common.utils.gnocchi-base:Unpacking libsnappy1v5:s390x (1.1.7-1) ...
INFO:kolla.common.utils.gnocchi-base:Selecting previously unselected package python3-snappy.
INFO:kolla.common.utils.gnocchi-base:Preparing to unpack .../094-python3-snappy_0.5.3-1_s390x.deb ...
INFO:kolla.common.utils.gnocchi-base:Unpacking python3-snappy (0.5.3-1) ...
INFO:kolla.common.utils.gnocchi-base:Selecting previously unselected package python3-anyjson.
INFO:kolla.common.utils.gnocchi-base:Preparing to unpack .../095-python3-anyjson_0.3.3-1_all.deb ...
INFO:kolla.common.utils.gnocchi-base:Unpacking python3-anyjson (0.3.3-1) ...
INFO:kolla.common.utils.gnocchi-base:Selecting previously unselected package python3-arrow.
INFO:kolla.common.utils.gnocchi-base:Preparing to unpack .../096-python3-arrow_0.12.1-2_all.deb ...
INFO:kolla.common.utils.gnocchi-base:Unpacking python3-arrow (0.12.1-2) ...
INFO:kolla.common.utils.gnocchi-base:Selecting previously unselected package python3-sqlalchemy-utils.
INFO:kolla.common.utils.gnocchi-base:Preparing to unpack .../097-python3-sqlalchemy-utils_0.32.21-1_all.deb ...
INFO:kolla.common.utils.gnocchi-base:Unpacking python3-sqlalchemy-utils (0.32.21-1) ...
INFO:kolla.common.utils.gnocchi-base:Selecting previously unselected package python3-tenacity.
INFO:kolla.common.utils.gnocchi-base:Preparing to unpack .../098-python3-tenacity_4.12.0-2_all.deb ...
INFO:kolla.common.utils.gnocchi-base:Unpacking python3-tenacity (4.12.0-2) ...
INFO:kolla.common.utils.gnocchi-base:Selecting previously unselected package python3-voluptuous.
INFO:kolla.common.utils.gnocchi-base:Preparing to unpack .../099-python3-voluptuous_0.11.1-1_all.deb ...
INFO:kolla.common.utils.gnocchi-base:Unpacking python3-voluptuous (0.11.1-1) ...
INFO:kolla.common.utils.gnocchi-base:Selecting previously unselected package python3-tooz.
INFO:kolla.common.utils.gnocchi-base:Preparing to unpack .../100-python3-tooz_1.62.0-3_all.deb ...
INFO:kolla.common.utils.gnocchi-base:Unpacking python3-tooz (1.62.0-3) ...
INFO:kolla.common.utils.gnocchi-base:Selecting previously unselected package python3-werkzeug.
INFO:kolla.common.utils.gnocchi-base:Preparing to unpack .../101-python3-werkzeug_0.14.1+dfsg1-4+deb10u1_all.deb ...
INFO:kolla.common.utils.gnocchi-base:Unpacking python3-werkzeug (0.14.1+dfsg1-4+deb10u1) ...
INFO:kolla.common.utils.gnocchi-base:Selecting previously unselected package python3-gnocchi.
INFO:kolla.common.utils.gnocchi-base:Preparing to unpack .../102-python3-gnocchi_4.3.1-3_all.deb ...
INFO:kolla.common.utils.gnocchi-base:Unpacking python3-gnocchi (4.3.1-3) ...
INFO:kolla.common.utils.gnocchi-base:Selecting previously unselected package gnocchi-common.
INFO:kolla.common.utils.gnocchi-base:Preparing to unpack .../103-gnocchi-common_4.3.1-3_all.deb ...
INFO:kolla.common.utils.gnocchi-base:Unpacking gnocchi-common (4.3.1-3) ...
INFO:kolla.common.utils.gnocchi-base:Selecting previously unselected package libpython3.7:s390x.
INFO:kolla.common.utils.gnocchi-base:Preparing to unpack .../104-libpython3.7_3.7.3-2+deb10u1_s390x.deb ...
INFO:kolla.common.utils.gnocchi-base:Unpacking libpython3.7:s390x (3.7.3-2+deb10u1) ...
INFO:kolla.common.utils.gnocchi-base:Selecting previously unselected package libapache2-mod-wsgi-py3.
INFO:kolla.common.utils.gnocchi-base:Preparing to unpack .../105-libapache2-mod-wsgi-py3_4.6.5-1_s390x.deb ...
INFO:kolla.common.utils.gnocchi-base:Unpacking libapache2-mod-wsgi-py3 (4.6.5-1) ...
INFO:kolla.common.utils.gnocchi-base:Selecting previously unselected package libboost-atomic1.67.0:s390x.
INFO:kolla.common.utils.gnocchi-base:Preparing to unpack .../106-libboost-atomic1.67.0_1.67.0-13+deb10u1_s390x.deb ...
INFO:kolla.common.utils.gnocchi-base:Unpacking libboost-atomic1.67.0:s390x (1.67.0-13+deb10u1) ...
INFO:kolla.common.utils.gnocchi-base:Selecting previously unselected package libboost-iostreams1.67.0:s390x.
INFO:kolla.common.utils.gnocchi-base:Preparing to unpack .../107-libboost-iostreams1.67.0_1.67.0-13+deb10u1_s390x.deb ...
INFO:kolla.common.utils.gnocchi-base:Unpacking libboost-iostreams1.67.0:s390x (1.67.0-13+deb10u1) ...
INFO:kolla.common.utils.gnocchi-base:Selecting previously unselected package libboost-system1.67.0:s390x.
INFO:kolla.common.utils.gnocchi-base:Preparing to unpack .../108-libboost-system1.67.0_1.67.0-13+deb10u1_s390x.deb ...
INFO:kolla.common.utils.gnocchi-base:Unpacking libboost-system1.67.0:s390x (1.67.0-13+deb10u1) ...
INFO:kolla.common.utils.gnocchi-base:Selecting previously unselected package libboost-thread1.67.0:s390x.
INFO:kolla.common.utils.gnocchi-base:Preparing to unpack .../109-libboost-thread1.67.0_1.67.0-13+deb10u1_s390x.deb ...
INFO:kolla.common.utils.gnocchi-base:Unpacking libboost-thread1.67.0:s390x (1.67.0-13+deb10u1) ...
INFO:kolla.common.utils.gnocchi-base:Selecting previously unselected package libexpat1-dev:s390x.
INFO:kolla.common.utils.gnocchi-base:Preparing to unpack .../110-libexpat1-dev_2.2.6-2+deb10u1_s390x.deb ...
INFO:kolla.common.utils.gnocchi-base:Unpacking libexpat1-dev:s390x (2.2.6-2+deb10u1) ...
INFO:kolla.common.utils.gnocchi-base:Selecting previously unselected package libnspr4:s390x.
INFO:kolla.common.utils.gnocchi-base:Preparing to unpack .../111-libnspr4_2%3a4.20-1_s390x.deb ...
INFO:kolla.common.utils.gnocchi-base:Unpacking libnspr4:s390x (2:4.20-1) ...
INFO:kolla.common.utils.gnocchi-base:Selecting previously unselected package libnss3:s390x.
INFO:kolla.common.utils.gnocchi-base:Preparing to unpack .../112-libnss3_2%3a3.42.1-1+deb10u2_s390x.deb ...
INFO:kolla.common.utils.gnocchi-base:Unpacking libnss3:s390x (2:3.42.1-1+deb10u2) ...
INFO:kolla.common.utils.gnocchi-base:Selecting previously unselected package libpython3.7-dev:s390x.
INFO:kolla.common.utils.gnocchi-base:Preparing to unpack .../113-libpython3.7-dev_3.7.3-2+deb10u1_s390x.deb ...
INFO:kolla.common.utils.gnocchi-base:Unpacking libpython3.7-dev:s390x (3.7.3-2+deb10u1) ...
INFO:kolla.common.utils.gnocchi-base:Selecting previously unselected package libpython3-dev:s390x.
INFO:kolla.common.utils.gnocchi-base:Preparing to unpack .../114-libpython3-dev_3.7.3-1_s390x.deb ...
INFO:kolla.common.utils.gnocchi-base:Unpacking libpython3-dev:s390x (3.7.3-1) ...
INFO:kolla.common.utils.gnocchi-base:Selecting previously unselected package librados2.
INFO:kolla.common.utils.gnocchi-base:Preparing to unpack .../115-librados2_14.2.6-4~bpo10+1_s390x.deb ...
INFO:kolla.common.utils.gnocchi-base:Unpacking librados2 (14.2.6-4~bpo10+1) ...
INFO:kolla.common.utils.gnocchi-base:Selecting previously unselected package librados-dev.
INFO:kolla.common.utils.gnocchi-base:Preparing to unpack .../116-librados-dev_14.2.6-4~bpo10+1_s390x.deb ...
INFO:kolla.common.utils.gnocchi-base:Unpacking librados-dev (14.2.6-4~bpo10+1) ...
INFO:kolla.common.utils.gnocchi-base:Selecting previously unselected package python3.7-dev.
INFO:kolla.common.utils.gnocchi-base:Preparing to unpack .../117-python3.7-dev_3.7.3-2+deb10u1_s390x.deb ...
INFO:kolla.common.utils.gnocchi-base:Unpacking python3.7-dev (3.7.3-2+deb10u1) ...
INFO:kolla.common.utils.gnocchi-base:Selecting previously unselected package python3-dev.
INFO:kolla.common.utils.gnocchi-base:Preparing to unpack .../118-python3-dev_3.7.3-1_s390x.deb ...
INFO:kolla.common.utils.gnocchi-base:Unpacking python3-dev (3.7.3-1) ...
INFO:kolla.common.utils.gnocchi-base:Selecting previously unselected package python3-pyasn1.
INFO:kolla.common.utils.gnocchi-base:Preparing to unpack .../119-python3-pyasn1_0.4.2-3_all.deb ...
INFO:kolla.common.utils.gnocchi-base:Unpacking python3-pyasn1 (0.4.2-3) ...
INFO:kolla.common.utils.gnocchi-base:Selecting previously unselected package python3-pyasn1-modules.
INFO:kolla.common.utils.gnocchi-base:Preparing to unpack .../120-python3-pyasn1-modules_0.2.1-0.2_all.deb ...
INFO:kolla.common.utils.gnocchi-base:Unpacking python3-pyasn1-modules (0.2.1-0.2) ...
INFO:kolla.common.utils.gnocchi-base:Selecting previously unselected package python3-ldap:s390x.
INFO:kolla.common.utils.gnocchi-base:Preparing to unpack .../121-python3-ldap_3.1.0-2_s390x.deb ...
INFO:kolla.common.utils.gnocchi-base:Unpacking python3-ldap:s390x (3.1.0-2) ...
INFO:kolla.common.utils.gnocchi-base:Selecting previously unselected package python3-ldappool.
INFO:kolla.common.utils.gnocchi-base:Preparing to unpack .../122-python3-ldappool_2.3.1-1_all.deb ...
INFO:kolla.common.utils.gnocchi-base:Unpacking python3-ldappool (2.3.1-1) ...
INFO:kolla.common.utils.gnocchi-base:Selecting previously unselected package python3-rados.
INFO:kolla.common.utils.gnocchi-base:Preparing to unpack .../123-python3-rados_14.2.6-4~bpo10+1_s390x.deb ...
INFO:kolla.common.utils.gnocchi-base:Unpacking python3-rados (14.2.6-4~bpo10+1) ...
INFO:kolla.common.utils.gnocchi-base:Setting up python3-daiquiri (1.5.0-1) ...
INFO:kolla.common.utils.gnocchi-base:Setting up dh-python (3.20190308) ...
INFO:kolla.common.utils.gnocchi-base:Setting up python3-oslo.policy (1.38.1-2) ...
INFO:kolla.common.utils.gnocchi-base:update-alternatives: using /usr/bin/python3-oslopolicy-checker to provide /usr/bin/oslopolicy-checker (oslopolicy-checker) in auto mode
INFO:kolla.common.utils.gnocchi-base:update-alternatives: using /usr/bin/python3-oslopolicy-list-redundant to provide /usr/bin/oslopolicy-list-redundant (oslopolicy-list-redundant) in auto mode
INFO:kolla.common.utils.gnocchi-base:update-alternatives: using /usr/bin/python3-oslopolicy-policy-generator to provide /usr/bin/oslopolicy-policy-generator (oslopolicy-policy-generator) in auto mode
INFO:kolla.common.utils.gnocchi-base:update-alternatives: using /usr/bin/python3-oslopolicy-sample-generator to provide /usr/bin/oslopolicy-sample-generator (oslopolicy-sample-generator) in auto mode
INFO:kolla.common.utils.gnocchi-base:Setting up python3-testresources (2.0.0-2) ...
INFO:kolla.common.utils.gnocchi-base:Setting up python3-waitress (1.2.0~b2-2) ...
INFO:kolla.common.utils.gnocchi-base:update-alternatives: using /usr/bin/waitress-serve-python3 to provide /usr/bin/waitress-serve (waitress-serve) in auto mode
INFO:kolla.common.utils.gnocchi-base:Setting up python3-arrow (0.12.1-2) ...
INFO:kolla.common.utils.gnocchi-base:Setting up libpython3.7:s390x (3.7.3-2+deb10u1) ...
INFO:kolla.common.utils.gnocchi-base:Setting up python3-cachetools (3.1.0-2) ...
INFO:kolla.common.utils.gnocchi-base:Setting up python3-lz4 (1.1.0+dfsg-1) ...
INFO:kolla.common.utils.gnocchi-base:Setting up python3-statsd (3.2.1-2) ...
INFO:kolla.common.utils.gnocchi-base:Setting up python3-tenacity (4.12.0-2) ...
INFO:kolla.common.utils.gnocchi-base:Setting up libbrotli1:s390x (1.0.7-2) ...
INFO:kolla.common.utils.gnocchi-base:Setting up binutils-common:s390x (2.31.1-16) ...
INFO:kolla.common.utils.gnocchi-base:Setting up libapr1:s390x (1.6.5-1+b1) ...
INFO:kolla.common.utils.gnocchi-base:Setting up linux-libc-dev:s390x (4.19.98-1) ...
INFO:kolla.common.utils.gnocchi-base:Setting up libgomp1:s390x (8.3.0-6) ...
INFO:kolla.common.utils.gnocchi-base:Setting up bzip2 (1.0.6-9.2~deb10u1) ...
INFO:kolla.common.utils.gnocchi-base:Setting up python3-pytimeparse (1.1.5-2) ...
INFO:kolla.common.utils.gnocchi-base:Setting up python3-sqlalchemy (1.2.18+ds1-2) ...
INFO:kolla.common.utils.gnocchi-base:Setting up libjansson4:s390x (2.12-1) ...
INFO:kolla.common.utils.gnocchi-base:Setting up libsnappy1v5:s390x (1.1.7-1) ...
INFO:kolla.common.utils.gnocchi-base:Setting up libasan5:s390x (8.3.0-6) ...
INFO:kolla.common.utils.gnocchi-base:Setting up python3-tempita (0.5.2-2) ...
INFO:kolla.common.utils.gnocchi-base:Setting up python3-sqlparse (0.2.4-1) ...
INFO:kolla.common.utils.gnocchi-base:Setting up python-pastedeploy-tpl (2.0.1-1) ...
INFO:kolla.common.utils.gnocchi-base:Setting up make (4.2.1-1.2) ...
INFO:kolla.common.utils.gnocchi-base:Setting up python3-paste (3.0.6+dfsg-1) ...
INFO:kolla.common.utils.gnocchi-base:Setting up libnspr4:s390x (2:4.20-1) ...
INFO:kolla.common.utils.gnocchi-base:Setting up python3-oslo.middleware (3.36.0-2) ...
INFO:kolla.common.utils.gnocchi-base:Setting up xz-utils (5.2.4-1) ...
INFO:kolla.common.utils.gnocchi-base:update-alternatives: using /usr/bin/xz to provide /usr/bin/lzma (lzma) in auto mode
INFO:kolla.common.utils.gnocchi-base:
INFO:kolla.common.utils.gnocchi-base:update-alternatives: warning: 
INFO:kolla.common.utils.gnocchi-base:skip creation of /usr/share/man/man1/lzma.1.gz because associated file /usr/share/man/man1/xz.1.gz (of link group lzma) doesn't exist
INFO:kolla.common.utils.gnocchi-base:update-alternatives: warning: skip creation of /usr/share/man/man1/unlzma.1.gz because associated file /usr/share/man/man1/unxz.1.gz (of link group lzma) doesn't exist
INFO:kolla.common.utils.gnocchi-base:
INFO:kolla.common.utils.gnocchi-base:update-alternatives: warning: skip creation of /usr/share/man/man1/lzcat.1.gz because associated file /usr/share/man/man1/xzcat.1.gz (of link group lzma) doesn't exist
INFO:kolla.common.utils.gnocchi-base:
INFO:kolla.common.utils.gnocchi-base:update-alternatives: warning: skip creation of /usr/share/man/man1/lzmore.1.gz because associated file /usr/share/man/man1/xzmore.1.gz (of link group lzma) doesn't exist
INFO:kolla.common.utils.gnocchi-base:
INFO:kolla.common.utils.gnocchi-base:update-alternatives: warning: skip creation of /usr/share/man/man1/lzless.1.gz because associated file /usr/share/man/man1/xzless.1.gz (of link group lzma) doesn't exist
INFO:kolla.common.utils.gnocchi-base:
INFO:kolla.common.utils.gnocchi-base:update-alternatives: warning: 
INFO:kolla.common.utils.gnocchi-base:skip creation of /usr/share/man/man1/lzdiff.1.gz because associated file /usr/share/man/man1/xzdiff.1.gz (of link group lzma) doesn't exist
INFO:kolla.common.utils.gnocchi-base:update-alternatives: warning: skip creation of /usr/share/man/man1/lzcmp.1.gz because associated file /usr/share/man/man1/xzcmp.1.gz (of link group lzma) doesn't exist
INFO:kolla.common.utils.gnocchi-base:
INFO:kolla.common.utils.gnocchi-base:update-alternatives: warning: 
INFO:kolla.common.utils.gnocchi-base:skip creation of /usr/share/man/man1/lzgrep.1.gz because associated file /usr/share/man/man1/xzgrep.1.gz (of link group lzma) doesn't exist
INFO:kolla.common.utils.gnocchi-base:update-alternatives: warning: skip creation of /usr/share/man/man1/lzegrep.1.gz because associated file /usr/share/man/man1/xzegrep.1.gz (of link group lzma) doesn't exist
INFO:kolla.common.utils.gnocchi-base:update-alternatives: warning: 
INFO:kolla.common.utils.gnocchi-base:skip creation of /usr/share/man/man1/lzfgrep.1.gz because associated file /usr/share/man/man1/xzfgrep.1.gz (of link group lzma) doesn't exist
INFO:kolla.common.utils.gnocchi-base:Setting up python3-botocore (1.12.103+repack-1) ...
INFO:kolla.common.utils.gnocchi-base:Setting up libmpc3:s390x (1.1.0-1) ...
INFO:kolla.common.utils.gnocchi-base:Setting up libatomic1:s390x (8.3.0-6) ...
INFO:kolla.common.utils.gnocchi-base:Setting up python3-setproctitle:s390x (1.1.10-1+b2) ...
INFO:kolla.common.utils.gnocchi-base:Setting up libboost-iostreams1.67.0:s390x (1.67.0-13+deb10u1) ...
INFO:kolla.common.utils.gnocchi-base:Setting up ucf (3.0038+nmu1) ...
INFO:kolla.common.utils.gnocchi-base:Setting up libdpkg-perl (1.19.7) ...
INFO:kolla.common.utils.gnocchi-base:Setting up libgfortran5:s390x (8.3.0-6) ...
INFO:kolla.common.utils.gnocchi-base:Setting up pycadf-common (2.7.0-2) ...
INFO:kolla.common.utils.gnocchi-base:Setting up libubsan1:s390x (8.3.0-6) ...
INFO:kolla.common.utils.gnocchi-base:Setting up libisl19:s390x (0.20-2) ...
INFO:kolla.common.utils.gnocchi-base:Setting up liblua5.2-0:s390x (5.2.4-1.1+b2) ...
INFO:kolla.common.utils.gnocchi-base:Setting up python-oslosphinx-common (4.18.0-2) ...
INFO:kolla.common.utils.gnocchi-base:Setting up python3-pyasn1 (0.4.2-3) ...
INFO:kolla.common.utils.gnocchi-base:Setting up python3-testscenarios (0.5.0-2) ...
INFO:kolla.common.utils.gnocchi-base:Setting up python3-snappy (0.5.3-1) ...
INFO:kolla.common.utils.gnocchi-base:Setting up libboost-atomic1.67.0:s390x (1.67.0-13+deb10u1) ...
INFO:kolla.common.utils.gnocchi-base:Setting up python3-anyjson (0.3.3-1) ...
INFO:kolla.common.utils.gnocchi-base:Setting up python3-singledispatch (3.4.0.3-2) ...
INFO:kolla.common.utils.gnocchi-base:Setting up libprotobuf17:s390x (3.6.1.3-2) ...
INFO:kolla.common.utils.gnocchi-base:Setting up python3-voluptuous (0.11.1-1) ...
INFO:kolla.common.utils.gnocchi-base:Setting up apache2-data (2.4.38-3+deb10u3) ...
INFO:kolla.common.utils.gnocchi-base:Setting up python3-oslo.cache (1.30.3-1) ...
INFO:kolla.common.utils.gnocchi-base:Setting up python3-logutils (0.3.3-5) ...
INFO:kolla.common.utils.gnocchi-base:Setting up libjs-jquery (3.3.1~dfsg-3) ...
INFO:kolla.common.utils.gnocchi-base:Setting up libboost-system1.67.0:s390x (1.67.0-13+deb10u1) ...
INFO:kolla.common.utils.gnocchi-base:Setting up libbinutils:s390x (2.31.1-16) ...
INFO:kolla.common.utils.gnocchi-base:Setting up cpp-8 (8.3.0-6) ...
INFO:kolla.common.utils.gnocchi-base:Setting up python3-protobuf (3.6.1.3-2) ...
INFO:kolla.common.utils.gnocchi-base:Setting up python3-future (0.16.0-1) ...
INFO:kolla.common.utils.gnocchi-base:update-alternatives: using /usr/bin/python3-futurize to provide /usr/bin/futurize (futurize) in auto mode
INFO:kolla.common.utils.gnocchi-base:update-alternatives: using /usr/bin/python3-pasteurize to provide /usr/bin/pasteurize (pasteurize) in auto mode
INFO:kolla.common.utils.gnocchi-base:
INFO:kolla.common.utils.gnocchi-base:Setting up python3-simplegeneric (0.8.1-2) ...
INFO:kolla.common.utils.gnocchi-base:Setting up libc-dev-bin (2.28-10) ...
INFO:kolla.common.utils.gnocchi-base:Setting up python3-pycadf (2.7.0-2) ...
INFO:kolla.common.utils.gnocchi-base:Setting up python3-soupsieve (1.8+dfsg-1) ...
INFO:kolla.common.utils.gnocchi-base:Setting up libcc1-0:s390x (8.3.0-6) ...
INFO:kolla.common.utils.gnocchi-base:Setting up python3-migrate (0.11.0-5) ...
INFO:kolla.common.utils.gnocchi-base:update-alternatives: using /usr/bin/python3-migrate to provide /usr/bin/migrate (migrate) in auto mode
INFO:kolla.common.utils.gnocchi-base:update-alternatives: using /usr/bin/python3-migrate-repository to provide /usr/bin/migrate-repository (migrate-repository) in auto mode
INFO:kolla.common.utils.gnocchi-base:Setting up libitm1:s390x (8.3.0-6) ...
INFO:kolla.common.utils.gnocchi-base:Setting up python3-mako (1.0.7+ds1-1) ...
INFO:kolla.common.utils.gnocchi-base:Setting up python3-editor (1.0.3-1) ...
INFO:kolla.common.utils.gnocchi-base:Setting up libjs-underscore (1.9.1~dfsg-1) ...
INFO:kolla.common.utils.gnocchi-base:Setting up libaprutil1:s390x (1.6.1-4) ...
INFO:kolla.common.utils.gnocchi-base:Setting up python3-sqlalchemy-utils (0.32.21-1) ...
INFO:kolla.common.utils.gnocchi-base:Setting up python3-tooz (1.62.0-3) ...
INFO:kolla.common.utils.gnocchi-base:Setting up binutils-s390x-linux-gnu (2.31.1-16) ...
INFO:kolla.common.utils.gnocchi-base:Setting up libboost-thread1.67.0:s390x (1.67.0-13+deb10u1) ...
INFO:kolla.common.utils.gnocchi-base:Setting up python3-keystonemiddleware (5.2.0-2) ...
INFO:kolla.common.utils.gnocchi-base:Setting up python3-pastedeploy (2.0.1-1) ...
INFO:kolla.common.utils.gnocchi-base:Setting up python3-s3transfer (0.2.0-1) ...
INFO:kolla.common.utils.gnocchi-base:Setting up libnss3:s390x (2:3.42.1-1+deb10u2) ...
INFO:kolla.common.utils.gnocchi-base:Setting up dbconfig-common (2.0.11+deb10u1) ...
INFO:kolla.common.utils.gnocchi-base:
INFO:kolla.common.utils.gnocchi-base:Creating config file /etc/dbconfig-common/config with new version
INFO:kolla.common.utils.gnocchi-base:Setting up binutils (2.31.1-16) ...
INFO:kolla.common.utils.gnocchi-base:Setting up libaprutil1-ldap:s390x (1.6.1-4) ...
INFO:kolla.common.utils.gnocchi-base:Setting up libaprutil1-dbd-sqlite3:s390x (1.6.1-4) ...
INFO:kolla.common.utils.gnocchi-base:Setting up python3-bs4 (4.7.1-1) ...
INFO:kolla.common.utils.gnocchi-base:Setting up dpkg-dev (1.19.7) ...
INFO:kolla.common.utils.gnocchi-base:Setting up python3-cotyledon (1.6.8-3) ...
INFO:kolla.common.utils.gnocchi-base:Setting up libblas3:s390x (3.8.0-2) ...
INFO:kolla.common.utils.gnocchi-base:update-alternatives: using /usr/lib/s390x-linux-gnu/blas/libblas.so.3 to provide /usr/lib/s390x-linux-gnu/libblas.so.3 (libblas.so.3-s390x-linux-gnu) in auto mode
INFO:kolla.common.utils.gnocchi-base:Setting up python3-werkzeug (0.14.1+dfsg1-4+deb10u1) ...
INFO:kolla.common.utils.gnocchi-base:Setting up python3-pyasn1-modules (0.2.1-0.2) ...
INFO:kolla.common.utils.gnocchi-base:Setting up python3-oslosphinx (4.18.0-2) ...
INFO:kolla.common.utils.gnocchi-base:Setting up python3-boto3 (1.9.86-1) ...
INFO:kolla.common.utils.gnocchi-base:Setting up libjs-sphinxdoc (1.8.4-1) ...
INFO:kolla.common.utils.gnocchi-base:Setting up libgcc-8-dev:s390x (8.3.0-6) ...
INFO:kolla.common.utils.gnocchi-base:Setting up python3-alembic (1.0.0-3) ...
INFO:kolla.common.utils.gnocchi-base:Setting up cpp (4:8.3.0-1) ...
INFO:kolla.common.utils.gnocchi-base:Setting up libc6-dev:s390x (2.28-10) ...
INFO:kolla.common.utils.gnocchi-base:Setting up python3-webtest (2.0.32-1) ...
INFO:kolla.common.utils.gnocchi-base:Setting up libstdc++-8-dev:s390x (8.3.0-6) ...
INFO:kolla.common.utils.gnocchi-base:Setting up apache2-utils (2.4.38-3+deb10u3) ...
INFO:kolla.common.utils.gnocchi-base:Setting up alembic (1.0.0-3) ...
INFO:kolla.common.utils.gnocchi-base:Setting up python3-ldap:s390x (3.1.0-2) ...
INFO:kolla.common.utils.gnocchi-base:Setting up python3-pecan (1.3.2-2) ...
INFO:kolla.common.utils.gnocchi-base:update-alternatives: using /usr/bin/python3-pecan to provide /usr/bin/pecan (pecan) in auto mode
INFO:kolla.common.utils.gnocchi-base:update-alternatives: using /usr/bin/python3-gunicorn_pecan to provide /usr/bin/gunicorn_pecan (gunicorn_pecan) in auto mode
INFO:kolla.common.utils.gnocchi-base:Setting up librados2 (14.2.6-4~bpo10+1) ...
INFO:kolla.common.utils.gnocchi-base:Setting up liblapack3:s390x (3.8.0-2) ...
INFO:kolla.common.utils.gnocchi-base:update-alternatives: using /usr/lib/s390x-linux-gnu/lapack/liblapack.so.3 to provide /usr/lib/s390x-linux-gnu/liblapack.so.3 (liblapack.so.3-s390x-linux-gnu) in auto mode
INFO:kolla.common.utils.gnocchi-base:Setting up gcc-8 (8.3.0-6) ...
INFO:kolla.common.utils.gnocchi-base:Setting up apache2-bin (2.4.38-3+deb10u3) ...
INFO:kolla.common.utils.gnocchi-base:Setting up gcc (4:8.3.0-1) ...
INFO:kolla.common.utils.gnocchi-base:Setting up libexpat1-dev:s390x (2.2.6-2+deb10u1) ...
INFO:kolla.common.utils.gnocchi-base:Setting up python3-numpy (1:1.16.2-1) ...
INFO:kolla.common.utils.gnocchi-base:Setting up python3-ldappool (2.3.1-1) ...
INFO:kolla.common.utils.gnocchi-base:Setting up python3-oslo.db (4.40.0-3) ...
INFO:kolla.common.utils.gnocchi-base:Setting up g++-8 (8.3.0-6) ...
INFO:kolla.common.utils.gnocchi-base:Setting up librados-dev (14.2.6-4~bpo10+1) ...
INFO:kolla.common.utils.gnocchi-base:Setting up python3-rados (14.2.6-4~bpo10+1) ...
INFO:kolla.common.utils.gnocchi-base:Setting up libpython3.7-dev:s390x (3.7.3-2+deb10u1) ...
INFO:kolla.common.utils.gnocchi-base:Setting up apache2 (2.4.38-3+deb10u3) ...
INFO:kolla.common.utils.gnocchi-base:Enabling module mpm_event.
INFO:kolla.common.utils.gnocchi-base:Enabling module authz_core.
INFO:kolla.common.utils.gnocchi-base:Enabling module authz_host.
INFO:kolla.common.utils.gnocchi-base:Enabling module authn_core.
INFO:kolla.common.utils.gnocchi-base:Enabling module auth_basic.
INFO:kolla.common.utils.gnocchi-base:Enabling module access_compat.
INFO:kolla.common.utils.gnocchi-base:Enabling module authn_file.
INFO:kolla.common.utils.gnocchi-base:Enabling module authz_user.
INFO:kolla.common.utils.gnocchi-base:Enabling module alias.
INFO:kolla.common.utils.gnocchi-base:Enabling module dir.
INFO:kolla.common.utils.gnocchi-base:Enabling module autoindex.
INFO:kolla.common.utils.gnocchi-base:Enabling module env.
INFO:kolla.common.utils.gnocchi-base:Enabling module mime.
INFO:kolla.common.utils.gnocchi-base:Enabling module negotiation.
INFO:kolla.common.utils.gnocchi-base:Enabling module setenvif.
INFO:kolla.common.utils.gnocchi-base:Enabling module filter.
INFO:kolla.common.utils.gnocchi-base:Enabling module deflate.
INFO:kolla.common.utils.gnocchi-base:Enabling module status.
INFO:kolla.common.utils.gnocchi-base:Enabling module reqtimeout.
INFO:kolla.common.utils.gnocchi-base:Enabling conf charset.
INFO:kolla.common.utils.gnocchi-base:Enabling conf localized-error-pages.
INFO:kolla.common.utils.gnocchi-base:Enabling conf other-vhosts-access-log.
INFO:kolla.common.utils.gnocchi-base:Enabling conf security.
INFO:kolla.common.utils.gnocchi-base:Enabling conf serve-cgi-bin.
INFO:kolla.common.utils.gnocchi-base:Enabling site 000-default.
INFO:kolla.common.utils.gnocchi-base:invoke-rc.d: could not determine current runlevel
INFO:kolla.common.utils.gnocchi-base:invoke-rc.d: policy-rc.d denied execution of start.
INFO:kolla.common.utils.gnocchi-base:Setting up python3-gnocchi (4.3.1-3) ...
INFO:kolla.common.utils.gnocchi-base:Setting up libapache2-mod-wsgi-py3 (4.6.5-1) ...
INFO:kolla.common.utils.gnocchi-base:apache2_invoke: Enable module wsgi
INFO:kolla.common.utils.gnocchi-base:invoke-rc.d: could not determine current runlevel
INFO:kolla.common.utils.gnocchi-base:invoke-rc.d: policy-rc.d denied execution of restart.
INFO:kolla.common.utils.gnocchi-base:Setting up python3.7-dev (3.7.3-2+deb10u1) ...
INFO:kolla.common.utils.gnocchi-base:Setting up g++ (4:8.3.0-1) ...
INFO:kolla.common.utils.gnocchi-base:update-alternatives: using /usr/bin/g++ to provide /usr/bin/c++ (c++) in auto mode
INFO:kolla.common.utils.gnocchi-base:Setting up gnocchi-common (4.3.1-3) ...
INFO:kolla.common.utils.gnocchi-base:Setting up build-essential (12.6) ...
INFO:kolla.common.utils.gnocchi-base:Setting up libpython3-dev:s390x (3.7.3-1) ...
INFO:kolla.common.utils.gnocchi-base:Setting up python3-dev (3.7.3-1) ...
INFO:kolla.common.utils.gnocchi-base:Processing triggers for libc-bin (2.28-10) ...
INFO:kolla.common.utils.gnocchi-base:Removing intermediate container e0ec14680a8e
INFO:kolla.common.utils.gnocchi-base: ---> 5f2c62097364
INFO:kolla.common.utils.gnocchi-base:Step 5/8 : RUN pip3 --no-cache-dir install --upgrade cradox     && truncate -s 0 /etc/apache2/ports.conf
INFO:kolla.common.utils.gnocchi-base: ---> Running in 0279e8035d4b
INFO:kolla.common.utils.gnocchi-base:Collecting cradox
INFO:kolla.common.utils.gnocchi-base:  Downloading https://files.pythonhosted.org/packages/30/a8/f4790a3f5af7c7616dda7bd5cddbe31d3cf7c35319b700ff49e14ffa8153/cradox-2.1.2.tar.gz (44kB)
INFO:kolla.common.utils.gnocchi-base:Installing collected packages: cradox
INFO:kolla.common.utils.gnocchi-base:  Running setup.py install for cradox: started
INFO:kolla.common.utils.gnocchi-base:    Running setup.py install for cradox: finished with status 'done'
INFO:kolla.common.utils.gnocchi-base:Successfully installed cradox-2.1.2
INFO:kolla.common.utils.gnocchi-base:Removing intermediate container 0279e8035d4b
INFO:kolla.common.utils.gnocchi-base: ---> 23e4d464c4bc
INFO:kolla.common.utils.gnocchi-base:Step 6/8 : COPY extend_start.sh /usr/local/bin/kolla_extend_start
INFO:kolla.common.utils.gnocchi-base: ---> 16844f3b0dd5
INFO:kolla.common.utils.gnocchi-base:Step 7/8 : COPY gnocchi_sudoers /etc/sudoers.d/kolla_gnocchi_sudoers
INFO:kolla.common.utils.gnocchi-base: ---> 5f41fc838c3e
INFO:kolla.common.utils.gnocchi-base:Step 8/8 : RUN chmod 750 /etc/sudoers.d     && chmod 640 /etc/sudoers.d/kolla_gnocchi_sudoers     && touch /usr/local/bin/kolla_gnocchi_extend_start     && chmod 755 /usr/local/bin/kolla_extend_start /usr/local/bin/kolla_gnocchi_extend_start
INFO:kolla.common.utils.gnocchi-base: ---> Running in 9447f1921a45
INFO:kolla.common.utils.gnocchi-base:Removing intermediate container 9447f1921a45
INFO:kolla.common.utils.gnocchi-base: ---> d39fe1e099a3
INFO:kolla.common.utils.gnocchi-base:Successfully built d39fe1e099a3
INFO:kolla.common.utils.gnocchi-base:Successfully tagged s390x/debian-binary-gnocchi-base:9.1.0
INFO:kolla.common.utils.gnocchi-base:Built at 2020-03-02 21:29:25.434928 (took 0:03:32.786422)
