INFO:kolla.common.utils.gnocchi-statsd:Building started at 2020-03-02 21:29:25.435738
INFO:kolla.common.utils.gnocchi-statsd:Step 1/4 : FROM s390x/debian-binary-gnocchi-base:9.1.0
INFO:kolla.common.utils.gnocchi-statsd: ---> d39fe1e099a3
INFO:kolla.common.utils.gnocchi-statsd:Step 2/4 : LABEL maintainer="Kolla Project (https://launchpad.net/kolla)" name="gnocchi-statsd" build-date="20200302"
INFO:kolla.common.utils.gnocchi-statsd: ---> Running in 949a28bbfc67
INFO:kolla.common.utils.gnocchi-statsd:Removing intermediate container 949a28bbfc67
INFO:kolla.common.utils.gnocchi-statsd: ---> 75376055327f
INFO:kolla.common.utils.gnocchi-statsd:Step 3/4 : RUN apt-get update && apt-get -y install --no-install-recommends gnocchi-statsd && apt-get clean && rm -rf /var/lib/apt/lists/*
INFO:kolla.common.utils.gnocchi-statsd: ---> Running in 059041ed57d1
INFO:kolla.common.utils.gnocchi-statsd:Get:1 http://deb.debian.org/debian buster InRelease [122 kB]
INFO:kolla.common.utils.gnocchi-statsd:Get:2 http://deb.debian.org/debian buster-backports InRelease [46.7 kB]
INFO:kolla.common.utils.gnocchi-statsd:Get:3 http://security-cdn.debian.org/debian-security buster/updates InRelease [65.4 kB]
INFO:kolla.common.utils.gnocchi-statsd:Get:4 http://deb.debian.org/debian buster/main s390x Packages [7,624 kB]
INFO:kolla.common.utils.gnocchi-statsd:Get:5 http://buster-train.debian.net/debian buster-train-backports InRelease [3,660 B]
INFO:kolla.common.utils.gnocchi-statsd:Get:6 http://deb.debian.org/debian buster-backports/main s390x Packages [209 kB]
INFO:kolla.common.utils.gnocchi-statsd:Get:7 http://buster-train.debian.net/debian buster-train-backports-nochange InRelease [3,669 B]
INFO:kolla.common.utils.gnocchi-statsd:Get:8 http://security-cdn.debian.org/debian-security buster/updates/main s390x Packages [161 kB]
INFO:kolla.common.utils.gnocchi-statsd:Fetched 8,235 kB in 1s (6,525 kB/s)
INFO:kolla.common.utils.gnocchi-statsd:Reading package lists...
INFO:kolla.common.utils.gnocchi-statsd:[91mW: Skipping acquire of configured file 'main/binary-s390x/Packages' as repository 'http://buster-train.debian.net/debian buster-train-backports InRelease' does not seem to provide it (sources.list entry misspelt?)
INFO:kolla.common.utils.gnocchi-statsd:W: Skipping acquire of configured file 'main/binary-s390x/Packages' as repository 'http://buster-train.debian.net/debian buster-train-backports-nochange InRelease' does not seem to provide it (sources.list entry misspelt?)
INFO:kolla.common.utils.gnocchi-statsd:[0m
INFO:kolla.common.utils.gnocchi-statsd:Reading package lists...
INFO:kolla.common.utils.gnocchi-statsd:Building dependency tree...
INFO:kolla.common.utils.gnocchi-statsd:Reading state information...
INFO:kolla.common.utils.gnocchi-statsd:The following NEW packages will be installed:
INFO:kolla.common.utils.gnocchi-statsd:  gnocchi-statsd
INFO:kolla.common.utils.gnocchi-statsd:0 upgraded, 1 newly installed, 0 to remove and 0 not upgraded.
INFO:kolla.common.utils.gnocchi-statsd:Need to get 7,416 B of archives.
INFO:kolla.common.utils.gnocchi-statsd:After this operation, 28.7 kB of additional disk space will be used.
INFO:kolla.common.utils.gnocchi-statsd:Get:1 http://deb.debian.org/debian buster/main s390x gnocchi-statsd all 4.3.1-3 [7,416 B]
INFO:kolla.common.utils.gnocchi-statsd:Fetched 7,416 B in 0s (238 kB/s)
INFO:kolla.common.utils.gnocchi-statsd:Selecting previously unselected package gnocchi-statsd.
INFO:kolla.common.utils.gnocchi-statsd:(Reading database ... 
INFO:kolla.common.utils.gnocchi-statsd:(Reading database ... 5%(Reading database ... 10%(Reading database ... 15%(Reading database ... 20%(Reading database ... 25%(Reading database ... 30%(Reading database ... 35%(Reading database ... 40%(Reading database ... 45%(Reading database ... 50%(Reading database ... 55%(Reading database ... 60%
INFO:kolla.common.utils.gnocchi-statsd:(Reading database ... 65%
INFO:kolla.common.utils.gnocchi-statsd:(Reading database ... 70%
INFO:kolla.common.utils.gnocchi-statsd:(Reading database ... 75%
INFO:kolla.common.utils.gnocchi-statsd:(Reading database ... 80%
INFO:kolla.common.utils.gnocchi-statsd:(Reading database ... 85%
INFO:kolla.common.utils.gnocchi-statsd:(Reading database ... 90%
INFO:kolla.common.utils.gnocchi-statsd:(Reading database ... 95%
INFO:kolla.common.utils.gnocchi-statsd:(Reading database ... 100%(Reading database ... 30367 files and directories currently installed.)
INFO:kolla.common.utils.gnocchi-statsd:Preparing to unpack .../gnocchi-statsd_4.3.1-3_all.deb ...
INFO:kolla.common.utils.gnocchi-statsd:Unpacking gnocchi-statsd (4.3.1-3) ...
INFO:kolla.common.utils.gnocchi-statsd:Setting up gnocchi-statsd (4.3.1-3) ...
INFO:kolla.common.utils.gnocchi-statsd:invoke-rc.d: could not determine current runlevel
INFO:kolla.common.utils.gnocchi-statsd:invoke-rc.d: policy-rc.d denied execution of start.
INFO:kolla.common.utils.gnocchi-statsd:Removing intermediate container 059041ed57d1
INFO:kolla.common.utils.gnocchi-statsd: ---> 279a5c28a846
INFO:kolla.common.utils.gnocchi-statsd:Step 4/4 : USER gnocchi
INFO:kolla.common.utils.gnocchi-statsd: ---> Running in 1202ec20096a
INFO:kolla.common.utils.gnocchi-statsd:Removing intermediate container 1202ec20096a
INFO:kolla.common.utils.gnocchi-statsd: ---> 8c4bf144bb2d
INFO:kolla.common.utils.gnocchi-statsd:Successfully built 8c4bf144bb2d
INFO:kolla.common.utils.gnocchi-statsd:Successfully tagged s390x/debian-binary-gnocchi-statsd:9.1.0
INFO:kolla.common.utils.gnocchi-statsd:Built at 2020-03-02 21:29:31.545442 (took 0:00:06.109704)
