INFO:kolla.common.utils.hacluster-pcs:Building started at 2020-03-02 21:23:52.600340
INFO:kolla.common.utils.hacluster-pcs:Step 1/3 : FROM s390x/debian-binary-hacluster-base:9.1.0
INFO:kolla.common.utils.hacluster-pcs: ---> a04c4e1f64d6
INFO:kolla.common.utils.hacluster-pcs:Step 2/3 : LABEL maintainer="Kolla Project (https://launchpad.net/kolla)" name="hacluster-pcs" build-date="20200302"
INFO:kolla.common.utils.hacluster-pcs: ---> Running in 72faf29179ca
INFO:kolla.common.utils.hacluster-pcs:Removing intermediate container 72faf29179ca
INFO:kolla.common.utils.hacluster-pcs: ---> a82abaa77200
INFO:kolla.common.utils.hacluster-pcs:Step 3/3 : RUN apt-get update && apt-get -y install --no-install-recommends pcs crmsh && apt-get clean && rm -rf /var/lib/apt/lists/*
INFO:kolla.common.utils.hacluster-pcs: ---> Running in a8fbe3d4d05c
INFO:kolla.common.utils.hacluster-pcs:Get:1 http://deb.debian.org/debian buster InRelease [122 kB]
INFO:kolla.common.utils.hacluster-pcs:Get:2 http://deb.debian.org/debian buster-backports InRelease [46.7 kB]
INFO:kolla.common.utils.hacluster-pcs:Get:3 http://buster-train.debian.net/debian buster-train-backports InRelease [3,660 B]
INFO:kolla.common.utils.hacluster-pcs:Get:4 http://security-cdn.debian.org/debian-security buster/updates InRelease [65.4 kB]
INFO:kolla.common.utils.hacluster-pcs:Get:5 http://buster-train.debian.net/debian buster-train-backports-nochange InRelease [3,669 B]
INFO:kolla.common.utils.hacluster-pcs:Get:6 http://deb.debian.org/debian buster/main s390x Packages [7,624 kB]
INFO:kolla.common.utils.hacluster-pcs:Get:7 http://deb.debian.org/debian buster-backports/main s390x Packages [209 kB]
INFO:kolla.common.utils.hacluster-pcs:Get:8 http://security-cdn.debian.org/debian-security buster/updates/main s390x Packages [161 kB]
INFO:kolla.common.utils.hacluster-pcs:Fetched 8,235 kB in 1s (5,732 kB/s)
INFO:kolla.common.utils.hacluster-pcs:Reading package lists...
INFO:kolla.common.utils.hacluster-pcs:[91mW: Skipping acquire of configured file 'main/binary-s390x/Packages' as repository 'http://buster-train.debian.net/debian buster-train-backports InRelease' does not seem to provide it (sources.list entry misspelt?)
INFO:kolla.common.utils.hacluster-pcs:W: Skipping acquire of configured file 'main/binary-s390x/Packages' as repository 'http://buster-train.debian.net/debian buster-train-backports-nochange InRelease' does not seem to provide it (sources.list entry misspelt?)
INFO:kolla.common.utils.hacluster-pcs:[0m
INFO:kolla.common.utils.hacluster-pcs:Reading package lists...
INFO:kolla.common.utils.hacluster-pcs:Building dependency tree...
INFO:kolla.common.utils.hacluster-pcs:Reading state information...
INFO:kolla.common.utils.hacluster-pcs:The following additional packages will be installed:
INFO:kolla.common.utils.hacluster-pcs:  bzip2 cluster-glue corosync dbus fonts-dejavu-core fonts-liberation
INFO:kolla.common.utils.hacluster-pcs:  libapparmor1 libbsd0 libcfg7 libcib27 libcmap4 libcorosync-common4 libcpg4
INFO:kolla.common.utils.hacluster-pcs:  libcrmcluster29 libcrmcommon34 libcrmservice28 libcurl3-gnutls libdbus-1-3
INFO:kolla.common.utils.hacluster-pcs:  libdbus-glib-1-2 libedit2 libglib2.0-0 libicu63 libknet1 liblrm2 liblrmd28
INFO:kolla.common.utils.hacluster-pcs:  libltdl7 liblzo2-2 libmariadb3 libnet1 libnspr4 libnss3 libopenhpi3
INFO:kolla.common.utils.hacluster-pcs:  libopenipmi0 libpci3 libpe-rules26 libpe-status28 libpengine27 libpils2
INFO:kolla.common.utils.hacluster-pcs:  libplumb2 libplumbgpl2 libqb0 libquorum5 libruby2.5 libsensors-config
INFO:kolla.common.utils.hacluster-pcs:  libsensors5 libsnmp-base libsnmp30 libstatgrab10 libstonith1 libstonithd26
INFO:kolla.common.utils.hacluster-pcs:  libtimedate-perl libtransitioner25 libvotequorum8 libxml2 libxslt1.1
INFO:kolla.common.utils.hacluster-pcs:  libyaml-0-2 mariadb-common mysql-common openssh-client pacemaker
INFO:kolla.common.utils.hacluster-pcs:  pacemaker-cli-utils pacemaker-common pacemaker-resource-agents psmisc
INFO:kolla.common.utils.hacluster-pcs:  python3-asn1crypto python3-cffi-backend python3-cryptography
INFO:kolla.common.utils.hacluster-pcs:  python3-dateutil python3-lxml python3-openssl python3-parallax
INFO:kolla.common.utils.hacluster-pcs:  python3-pkg-resources python3-pycurl python3-six python3-tornado
INFO:kolla.common.utils.hacluster-pcs:  python3-yaml rake resource-agents ruby ruby-backports ruby-did-you-mean
INFO:kolla.common.utils.hacluster-pcs:  ruby-ethon ruby-ffi ruby-json ruby-mime-types ruby-mime-types-data
INFO:kolla.common.utils.hacluster-pcs:  ruby-minitest ruby-mustermann ruby-net-telnet ruby-open4 ruby-power-assert
INFO:kolla.common.utils.hacluster-pcs:  ruby-rack ruby-rack-protection ruby-sinatra ruby-test-unit ruby-tilt
INFO:kolla.common.utils.hacluster-pcs:  ruby-xmlrpc ruby2.5 rubygems-integration xsltproc
INFO:kolla.common.utils.hacluster-pcs:Suggested packages:
INFO:kolla.common.utils.hacluster-pcs:  bzip2-doc ipmitool bash-completion csync2 dmidecode ocfs2-tools
INFO:kolla.common.utils.hacluster-pcs:  openssh-server parted sbd ufw vim-addon-manager default-dbus-session-bus
INFO:kolla.common.utils.hacluster-pcs:  | dbus-session-bus lm-sensors snmp-mibs-downloader keychain libpam-ssh
INFO:kolla.common.utils.hacluster-pcs:  monkeysphere ssh-askpass python-cryptography-doc
INFO:kolla.common.utils.hacluster-pcs:  python3-cryptography-vectors python3-lxml-dbg python-lxml-doc
INFO:kolla.common.utils.hacluster-pcs:  python-openssl-doc python3-openssl-dbg python3-setuptools
INFO:kolla.common.utils.hacluster-pcs:  libcurl4-gnutls-dev python-pycurl-doc python3-pycurl-dbg python-tornado-doc
INFO:kolla.common.utils.hacluster-pcs:  python3-twisted ri ruby-dev bundler
INFO:kolla.common.utils.hacluster-pcs:Recommended packages:
INFO:kolla.common.utils.hacluster-pcs:  libglib2.0-data shared-mime-info xdg-user-dirs openhpid xauth fence-agents
INFO:kolla.common.utils.hacluster-pcs:  python3-bs4 python3-html5lib zip libxml2-utils net-tools python3-googleapi
INFO:kolla.common.utils.hacluster-pcs:  fonts-lato libjs-jquery
INFO:kolla.common.utils.hacluster-pcs:The following NEW packages will be installed:
INFO:kolla.common.utils.hacluster-pcs:  bzip2 cluster-glue corosync crmsh dbus fonts-dejavu-core fonts-liberation
INFO:kolla.common.utils.hacluster-pcs:  libapparmor1 libbsd0 libcfg7 libcib27 libcmap4 libcorosync-common4 libcpg4
INFO:kolla.common.utils.hacluster-pcs:  libcrmcluster29 libcrmcommon34 libcrmservice28 libcurl3-gnutls libdbus-1-3
INFO:kolla.common.utils.hacluster-pcs:  libdbus-glib-1-2 libedit2 libglib2.0-0 libicu63 libknet1 liblrm2 liblrmd28
INFO:kolla.common.utils.hacluster-pcs:  libltdl7 liblzo2-2 libmariadb3 libnet1 libnspr4 libnss3 libopenhpi3
INFO:kolla.common.utils.hacluster-pcs:  libopenipmi0 libpci3 libpe-rules26 libpe-status28 libpengine27 libpils2
INFO:kolla.common.utils.hacluster-pcs:  libplumb2 libplumbgpl2 libqb0 libquorum5 libruby2.5 libsensors-config
INFO:kolla.common.utils.hacluster-pcs:  libsensors5 libsnmp-base libsnmp30 libstatgrab10 libstonith1 libstonithd26
INFO:kolla.common.utils.hacluster-pcs:  libtimedate-perl libtransitioner25 libvotequorum8 libxml2 libxslt1.1
INFO:kolla.common.utils.hacluster-pcs:  libyaml-0-2 mariadb-common mysql-common openssh-client pacemaker
INFO:kolla.common.utils.hacluster-pcs:  pacemaker-cli-utils pacemaker-common pacemaker-resource-agents pcs psmisc
INFO:kolla.common.utils.hacluster-pcs:  python3-asn1crypto python3-cffi-backend python3-cryptography
INFO:kolla.common.utils.hacluster-pcs:  python3-dateutil python3-lxml python3-openssl python3-parallax
INFO:kolla.common.utils.hacluster-pcs:  python3-pkg-resources python3-pycurl python3-six python3-tornado
INFO:kolla.common.utils.hacluster-pcs:  python3-yaml rake resource-agents ruby ruby-backports ruby-did-you-mean
INFO:kolla.common.utils.hacluster-pcs:  ruby-ethon ruby-ffi ruby-json ruby-mime-types ruby-mime-types-data
INFO:kolla.common.utils.hacluster-pcs:  ruby-minitest ruby-mustermann ruby-net-telnet ruby-open4 ruby-power-assert
INFO:kolla.common.utils.hacluster-pcs:  ruby-rack ruby-rack-protection ruby-sinatra ruby-test-unit ruby-tilt
INFO:kolla.common.utils.hacluster-pcs:  ruby-xmlrpc ruby2.5 rubygems-integration xsltproc
INFO:kolla.common.utils.hacluster-pcs:0 upgraded, 102 newly installed, 0 to remove and 0 not upgraded.
INFO:kolla.common.utils.hacluster-pcs:Need to get 34.6 MB of archives.
INFO:kolla.common.utils.hacluster-pcs:After this operation, 120 MB of additional disk space will be used.
INFO:kolla.common.utils.hacluster-pcs:Get:1 http://deb.debian.org/debian buster/main s390x libcorosync-common4 s390x 3.0.1-2 [243 kB]
INFO:kolla.common.utils.hacluster-pcs:Get:3 http://deb.debian.org/debian buster/main s390x libqb0 s390x 1.0.5-1 [136 kB]
INFO:kolla.common.utils.hacluster-pcs:Get:2 http://security-cdn.debian.org/debian-security buster/updates/main s390x libcurl3-gnutls s390x 7.64.0-4+deb10u1 [307 kB]
INFO:kolla.common.utils.hacluster-pcs:Get:4 http://deb.debian.org/debian buster/main s390x libcfg7 s390x 3.0.1-2 [245 kB]
INFO:kolla.common.utils.hacluster-pcs:Get:5 http://deb.debian.org/debian buster/main s390x libcmap4 s390x 3.0.1-2 [247 kB]
INFO:kolla.common.utils.hacluster-pcs:Get:6 http://deb.debian.org/debian buster/main s390x libcpg4 s390x 3.0.1-2 [247 kB]
INFO:kolla.common.utils.hacluster-pcs:Get:7 http://deb.debian.org/debian buster/main s390x liblzo2-2 s390x 2.10-0.1 [52.8 kB]
INFO:kolla.common.utils.hacluster-pcs:Get:8 http://deb.debian.org/debian buster/main s390x libnspr4 s390x 2:4.20-1 [107 kB]
INFO:kolla.common.utils.hacluster-pcs:Get:9 http://deb.debian.org/debian buster/main s390x libnss3 s390x 2:3.42.1-1+deb10u2 [1,051 kB]
INFO:kolla.common.utils.hacluster-pcs:Get:10 http://deb.debian.org/debian buster/main s390x libknet1 s390x 1.8-2 [121 kB]
INFO:kolla.common.utils.hacluster-pcs:Get:11 http://deb.debian.org/debian buster/main s390x libquorum5 s390x 3.0.1-2 [244 kB]
INFO:kolla.common.utils.hacluster-pcs:Get:12 http://deb.debian.org/debian buster/main s390x libstatgrab10 s390x 0.91-1+b2 [107 kB]
INFO:kolla.common.utils.hacluster-pcs:Get:13 http://deb.debian.org/debian buster/main s390x libvotequorum8 s390x 3.0.1-2 [245 kB]
INFO:kolla.common.utils.hacluster-pcs:Get:14 http://deb.debian.org/debian buster/main s390x libicu63 s390x 63.1-6 [8,030 kB]
INFO:kolla.common.utils.hacluster-pcs:Get:15 http://deb.debian.org/debian buster/main s390x libxml2 s390x 2.9.4+dfsg1-7+b3 [606 kB]
INFO:kolla.common.utils.hacluster-pcs:Get:16 http://deb.debian.org/debian buster/main s390x libxslt1.1 s390x 1.1.32-2.2~deb10u1 [224 kB]
INFO:kolla.common.utils.hacluster-pcs:Get:17 http://deb.debian.org/debian buster/main s390x xsltproc s390x 1.1.32-2.2~deb10u1 [121 kB]
INFO:kolla.common.utils.hacluster-pcs:Get:18 http://deb.debian.org/debian buster/main s390x corosync s390x 3.0.1-2 [442 kB]
INFO:kolla.common.utils.hacluster-pcs:Get:19 http://deb.debian.org/debian buster/main s390x libapparmor1 s390x 2.13.2-10 [93.1 kB]
INFO:kolla.common.utils.hacluster-pcs:Get:20 http://deb.debian.org/debian buster/main s390x libdbus-1-3 s390x 1.12.16-1 [205 kB]
INFO:kolla.common.utils.hacluster-pcs:Get:21 http://deb.debian.org/debian buster/main s390x dbus s390x 1.12.16-1 [224 kB]
INFO:kolla.common.utils.hacluster-pcs:Get:22 http://deb.debian.org/debian buster/main s390x pacemaker-common all 2.0.1-5 [137 kB]
INFO:kolla.common.utils.hacluster-pcs:Get:23 http://deb.debian.org/debian buster/main s390x libglib2.0-0 s390x 2.58.3-2+deb10u2 [1,159 kB]
INFO:kolla.common.utils.hacluster-pcs:Get:24 http://deb.debian.org/debian buster/main s390x libnet1 s390x 1.1.6+dfsg-3.1 [55.8 kB]
INFO:kolla.common.utils.hacluster-pcs:Get:25 http://deb.debian.org/debian buster/main s390x libltdl7 s390x 2.4.6-9 [389 kB]
INFO:kolla.common.utils.hacluster-pcs:Get:26 http://deb.debian.org/debian buster/main s390x libpils2 s390x 1.0.12-12 [25.2 kB]
INFO:kolla.common.utils.hacluster-pcs:Get:27 http://deb.debian.org/debian buster/main s390x libplumb2 s390x 1.0.12-12 [80.1 kB]
INFO:kolla.common.utils.hacluster-pcs:Get:28 http://deb.debian.org/debian buster/main s390x libplumbgpl2 s390x 1.0.12-12 [16.5 kB]
INFO:kolla.common.utils.hacluster-pcs:Get:29 http://deb.debian.org/debian buster/main s390x libdbus-glib-1-2 s390x 0.110-4 [67.2 kB]
INFO:kolla.common.utils.hacluster-pcs:Get:30 http://deb.debian.org/debian buster/main s390x liblrm2 s390x 1.0.12-12 [24.7 kB]
INFO:kolla.common.utils.hacluster-pcs:Get:31 http://deb.debian.org/debian buster/main s390x libopenhpi3 s390x 3.8.0-2 [143 kB]
INFO:kolla.common.utils.hacluster-pcs:Get:32 http://deb.debian.org/debian buster/main s390x libopenipmi0 s390x 2.0.25-2.1 [495 kB]
INFO:kolla.common.utils.hacluster-pcs:Get:33 http://deb.debian.org/debian buster/main s390x mysql-common all 5.8+1.0.5 [7,324 B]
INFO:kolla.common.utils.hacluster-pcs:Get:34 http://deb.debian.org/debian buster/main s390x mariadb-common all 1:10.3.22-0+deb10u1 [31.9 kB]
INFO:kolla.common.utils.hacluster-pcs:Get:35 http://deb.debian.org/debian buster/main s390x libmariadb3 s390x 1:10.3.22-0+deb10u1 [167 kB]
INFO:kolla.common.utils.hacluster-pcs:Get:36 http://deb.debian.org/debian buster/main s390x libpci3 s390x 1:3.5.2-1 [53.8 kB]
INFO:kolla.common.utils.hacluster-pcs:Get:37 http://deb.debian.org/debian buster/main s390x libsensors-config all 1:3.5.0-3 [31.6 kB]
INFO:kolla.common.utils.hacluster-pcs:Get:38 http://deb.debian.org/debian buster/main s390x libsensors5 s390x 1:3.5.0-3 [51.2 kB]
INFO:kolla.common.utils.hacluster-pcs:Get:39 http://deb.debian.org/debian buster/main s390x libsnmp-base all 5.7.3+dfsg-5 [1,595 kB]
INFO:kolla.common.utils.hacluster-pcs:Get:40 http://deb.debian.org/debian buster/main s390x libsnmp30 s390x 5.7.3+dfsg-5 [2,213 kB]
INFO:kolla.common.utils.hacluster-pcs:Get:41 http://deb.debian.org/debian buster/main s390x libstonith1 s390x 1.0.12-12 [22.9 kB]
INFO:kolla.common.utils.hacluster-pcs:Get:42 http://deb.debian.org/debian buster/main s390x bzip2 s390x 1.0.6-9.2~deb10u1 [47.8 kB]
INFO:kolla.common.utils.hacluster-pcs:Get:43 http://deb.debian.org/debian buster/main s390x libtimedate-perl all 2.3000-2+deb10u1 [38.1 kB]
INFO:kolla.common.utils.hacluster-pcs:Get:44 http://deb.debian.org/debian buster/main s390x cluster-glue s390x 1.0.12-12 [250 kB]
INFO:kolla.common.utils.hacluster-pcs:Get:45 http://deb.debian.org/debian buster/main s390x resource-agents s390x 1:4.2.0-2 [675 kB]
INFO:kolla.common.utils.hacluster-pcs:Get:46 http://deb.debian.org/debian buster/main s390x pacemaker-resource-agents all 2.0.1-5 [125 kB]
INFO:kolla.common.utils.hacluster-pcs:Get:47 http://deb.debian.org/debian buster/main s390x libcrmcommon34 s390x 2.0.1-5 [214 kB]
INFO:kolla.common.utils.hacluster-pcs:Get:48 http://deb.debian.org/debian buster/main s390x libpe-rules26 s390x 2.0.1-5 [110 kB]
INFO:kolla.common.utils.hacluster-pcs:Get:49 http://deb.debian.org/debian buster/main s390x libcib27 s390x 2.0.1-5 [130 kB]
INFO:kolla.common.utils.hacluster-pcs:Get:50 http://deb.debian.org/debian buster/main s390x libstonithd26 s390x 2.0.1-5 [116 kB]
INFO:kolla.common.utils.hacluster-pcs:Get:51 http://deb.debian.org/debian buster/main s390x libcrmcluster29 s390x 2.0.1-5 [124 kB]
INFO:kolla.common.utils.hacluster-pcs:Get:52 http://deb.debian.org/debian buster/main s390x libcrmservice28 s390x 2.0.1-5 [118 kB]
INFO:kolla.common.utils.hacluster-pcs:Get:53 http://deb.debian.org/debian buster/main s390x liblrmd28 s390x 2.0.1-5 [113 kB]
INFO:kolla.common.utils.hacluster-pcs:Get:54 http://deb.debian.org/debian buster/main s390x libpe-status28 s390x 2.0.1-5 [186 kB]
INFO:kolla.common.utils.hacluster-pcs:Get:55 http://deb.debian.org/debian buster/main s390x libpengine27 s390x 2.0.1-5 [205 kB]
INFO:kolla.common.utils.hacluster-pcs:Get:56 http://deb.debian.org/debian buster/main s390x libtransitioner25 s390x 2.0.1-5 [104 kB]
INFO:kolla.common.utils.hacluster-pcs:Get:57 http://deb.debian.org/debian buster/main s390x pacemaker s390x 2.0.1-5 [350 kB]
INFO:kolla.common.utils.hacluster-pcs:Get:58 http://deb.debian.org/debian buster/main s390x libbsd0 s390x 0.9.1-2 [98.0 kB]
INFO:kolla.common.utils.hacluster-pcs:Get:59 http://deb.debian.org/debian buster/main s390x libedit2 s390x 3.1-20181209-1 [89.2 kB]
INFO:kolla.common.utils.hacluster-pcs:Get:60 http://deb.debian.org/debian buster/main s390x openssh-client s390x 1:7.9p1-10+deb10u2 [736 kB]
INFO:kolla.common.utils.hacluster-pcs:Get:61 http://deb.debian.org/debian buster/main s390x pacemaker-cli-utils s390x 2.0.1-5 [233 kB]
INFO:kolla.common.utils.hacluster-pcs:Get:62 http://deb.debian.org/debian buster/main s390x python3-lxml s390x 4.3.2-1 [1,018 kB]
INFO:kolla.common.utils.hacluster-pcs:Get:63 http://deb.debian.org/debian buster/main s390x python3-parallax all 1.0.4-2 [17.3 kB]
INFO:kolla.common.utils.hacluster-pcs:Get:64 http://deb.debian.org/debian buster/main s390x libyaml-0-2 s390x 0.2.1-1 [40.3 kB]
INFO:kolla.common.utils.hacluster-pcs:Get:65 http://deb.debian.org/debian buster/main s390x python3-yaml s390x 3.13-2 [107 kB]
INFO:kolla.common.utils.hacluster-pcs:Get:66 http://deb.debian.org/debian buster/main s390x python3-six all 1.12.0-1 [15.7 kB]
INFO:kolla.common.utils.hacluster-pcs:Get:67 http://deb.debian.org/debian buster/main s390x python3-dateutil all 2.7.3-3 [64.5 kB]
INFO:kolla.common.utils.hacluster-pcs:Get:68 http://deb.debian.org/debian buster/main s390x crmsh all 4.0.0~git20190108.3d56538-3 [489 kB]
INFO:kolla.common.utils.hacluster-pcs:Get:69 http://deb.debian.org/debian buster/main s390x fonts-dejavu-core all 2.37-1 [1,068 kB]
INFO:kolla.common.utils.hacluster-pcs:Get:70 http://deb.debian.org/debian buster/main s390x fonts-liberation all 1:1.07.4-9 [827 kB]
INFO:kolla.common.utils.hacluster-pcs:Get:71 http://deb.debian.org/debian buster/main s390x rubygems-integration all 1.11 [4,994 B]
INFO:kolla.common.utils.hacluster-pcs:Get:72 http://deb.debian.org/debian buster/main s390x ruby2.5 s390x 2.5.5-3+deb10u1 [400 kB]
INFO:kolla.common.utils.hacluster-pcs:Get:73 http://deb.debian.org/debian buster/main s390x ruby s390x 1:2.5.1 [11.3 kB]
INFO:kolla.common.utils.hacluster-pcs:Get:74 http://deb.debian.org/debian buster/main s390x rake all 12.3.1-3 [66.9 kB]
INFO:kolla.common.utils.hacluster-pcs:Get:75 http://deb.debian.org/debian buster/main s390x ruby-did-you-mean all 1.2.1-1 [14.4 kB]
INFO:kolla.common.utils.hacluster-pcs:Get:76 http://deb.debian.org/debian buster/main s390x ruby-minitest all 5.11.3-1 [54.8 kB]
INFO:kolla.common.utils.hacluster-pcs:Get:77 http://deb.debian.org/debian buster/main s390x ruby-net-telnet all 0.1.1-2 [12.5 kB]
INFO:kolla.common.utils.hacluster-pcs:Get:78 http://deb.debian.org/debian buster/main s390x ruby-power-assert all 1.1.1-1 [10.9 kB]
INFO:kolla.common.utils.hacluster-pcs:Get:79 http://deb.debian.org/debian buster/main s390x ruby-test-unit all 3.2.8-1 [72.4 kB]
INFO:kolla.common.utils.hacluster-pcs:Get:80 http://deb.debian.org/debian buster/main s390x ruby-xmlrpc all 0.3.0-2 [23.7 kB]
INFO:kolla.common.utils.hacluster-pcs:Get:81 http://deb.debian.org/debian buster/main s390x libruby2.5 s390x 2.5.5-3+deb10u1 [3,317 kB]
INFO:kolla.common.utils.hacluster-pcs:Get:82 http://deb.debian.org/debian buster/main s390x psmisc s390x 23.2-1 [121 kB]
INFO:kolla.common.utils.hacluster-pcs:Get:83 http://deb.debian.org/debian buster/main s390x python3-asn1crypto all 0.24.0-1 [78.2 kB]
INFO:kolla.common.utils.hacluster-pcs:Get:84 http://deb.debian.org/debian buster/main s390x python3-cffi-backend s390x 1.12.2-1 [75.1 kB]
INFO:kolla.common.utils.hacluster-pcs:Get:85 http://deb.debian.org/debian buster/main s390x python3-cryptography s390x 2.6.1-3+deb10u2 [213 kB]
INFO:kolla.common.utils.hacluster-pcs:Get:86 http://deb.debian.org/debian buster/main s390x python3-openssl all 19.0.0-1 [52.1 kB]
INFO:kolla.common.utils.hacluster-pcs:Get:87 http://deb.debian.org/debian buster/main s390x python3-pkg-resources all 40.8.0-1 [153 kB]
INFO:kolla.common.utils.hacluster-pcs:Get:88 http://deb.debian.org/debian buster/main s390x python3-pycurl s390x 7.43.0.2-0.1 [63.2 kB]
INFO:kolla.common.utils.hacluster-pcs:Get:89 http://deb.debian.org/debian buster/main s390x python3-tornado s390x 5.1.1-4 [354 kB]
INFO:kolla.common.utils.hacluster-pcs:Get:90 http://deb.debian.org/debian buster/main s390x ruby-backports all 3.11.1-2 [103 kB]
INFO:kolla.common.utils.hacluster-pcs:Get:91 http://deb.debian.org/debian buster/main s390x ruby-ffi s390x 1.9.10debian-1+b4 [74.2 kB]
INFO:kolla.common.utils.hacluster-pcs:Get:92 http://deb.debian.org/debian buster/main s390x ruby-mime-types-data all 3.2015.1120-1 [71.1 kB]
INFO:kolla.common.utils.hacluster-pcs:Get:93 http://deb.debian.org/debian buster/main s390x ruby-mime-types all 3.2.2-1 [23.9 kB]
INFO:kolla.common.utils.hacluster-pcs:Get:94 http://deb.debian.org/debian buster/main s390x ruby-ethon all 0.9.0-2 [33.6 kB]
INFO:kolla.common.utils.hacluster-pcs:Get:95 http://deb.debian.org/debian buster/main s390x ruby-json s390x 2.1.0+dfsg-2+b1 [51.8 kB]
INFO:kolla.common.utils.hacluster-pcs:Get:96 http://deb.debian.org/debian buster/main s390x ruby-open4 all 1.3.4-1 [14.3 kB]
INFO:kolla.common.utils.hacluster-pcs:Get:97 http://deb.debian.org/debian buster/main s390x ruby-rack all 2.0.6-3 [90.0 kB]
INFO:kolla.common.utils.hacluster-pcs:Get:98 http://deb.debian.org/debian buster/main s390x ruby-rack-protection all 2.0.5-4 [36.4 kB]
INFO:kolla.common.utils.hacluster-pcs:Get:99 http://deb.debian.org/debian buster/main s390x ruby-mustermann all 1.0.0-4 [36.3 kB]
INFO:kolla.common.utils.hacluster-pcs:Get:100 http://deb.debian.org/debian buster/main s390x ruby-tilt all 2.0.9-1 [28.8 kB]
INFO:kolla.common.utils.hacluster-pcs:Get:101 http://deb.debian.org/debian buster/main s390x ruby-sinatra all 2.0.5-4 [337 kB]
INFO:kolla.common.utils.hacluster-pcs:Get:102 http://deb.debian.org/debian buster/main s390x pcs all 0.10.1-2 [786 kB]
INFO:kolla.common.utils.hacluster-pcs:Fetched 34.6 MB in 1s (30.3 MB/s)
INFO:kolla.common.utils.hacluster-pcs:Selecting previously unselected package libcorosync-common4:s390x.
INFO:kolla.common.utils.hacluster-pcs:(Reading database ... (Reading database ... 5%(Reading database ... 10%(Reading database ... 15%(Reading database ... 20%(Reading database ... 25%(Reading database ... 30%(Reading database ... 35%(Reading database ... 40%(Reading database ... 45%(Reading database ... 50%(Reading database ... 55%(Reading database ... 60%(Reading database ... 65%(Reading database ... 70%(Reading database ... 75%(Reading database ... 80%(Reading database ... 85%(Reading database ... 90%(Reading database ... 95%
INFO:kolla.common.utils.hacluster-pcs:(Reading database ... 100%(Reading database ... 12012 files and directories currently installed.)
INFO:kolla.common.utils.hacluster-pcs:Preparing to unpack .../000-libcorosync-common4_3.0.1-2_s390x.deb ...
INFO:kolla.common.utils.hacluster-pcs:Unpacking libcorosync-common4:s390x (3.0.1-2) ...
INFO:kolla.common.utils.hacluster-pcs:Selecting previously unselected package libqb0:s390x.
INFO:kolla.common.utils.hacluster-pcs:Preparing to unpack .../001-libqb0_1.0.5-1_s390x.deb ...
INFO:kolla.common.utils.hacluster-pcs:Unpacking libqb0:s390x (1.0.5-1) ...
INFO:kolla.common.utils.hacluster-pcs:Selecting previously unselected package libcfg7:s390x.
INFO:kolla.common.utils.hacluster-pcs:Preparing to unpack .../002-libcfg7_3.0.1-2_s390x.deb ...
INFO:kolla.common.utils.hacluster-pcs:Unpacking libcfg7:s390x (3.0.1-2) ...
INFO:kolla.common.utils.hacluster-pcs:Selecting previously unselected package libcmap4:s390x.
INFO:kolla.common.utils.hacluster-pcs:Preparing to unpack .../003-libcmap4_3.0.1-2_s390x.deb ...
INFO:kolla.common.utils.hacluster-pcs:Unpacking libcmap4:s390x (3.0.1-2) ...
INFO:kolla.common.utils.hacluster-pcs:Selecting previously unselected package libcpg4:s390x.
INFO:kolla.common.utils.hacluster-pcs:Preparing to unpack .../004-libcpg4_3.0.1-2_s390x.deb ...
INFO:kolla.common.utils.hacluster-pcs:Unpacking libcpg4:s390x (3.0.1-2) ...
INFO:kolla.common.utils.hacluster-pcs:Selecting previously unselected package liblzo2-2:s390x.
INFO:kolla.common.utils.hacluster-pcs:Preparing to unpack .../005-liblzo2-2_2.10-0.1_s390x.deb ...
INFO:kolla.common.utils.hacluster-pcs:Unpacking liblzo2-2:s390x (2.10-0.1) ...
INFO:kolla.common.utils.hacluster-pcs:Selecting previously unselected package libnspr4:s390x.
INFO:kolla.common.utils.hacluster-pcs:Preparing to unpack .../006-libnspr4_2%3a4.20-1_s390x.deb ...
INFO:kolla.common.utils.hacluster-pcs:Unpacking libnspr4:s390x (2:4.20-1) ...
INFO:kolla.common.utils.hacluster-pcs:Selecting previously unselected package libnss3:s390x.
INFO:kolla.common.utils.hacluster-pcs:Preparing to unpack .../007-libnss3_2%3a3.42.1-1+deb10u2_s390x.deb ...
INFO:kolla.common.utils.hacluster-pcs:Unpacking libnss3:s390x (2:3.42.1-1+deb10u2) ...
INFO:kolla.common.utils.hacluster-pcs:Selecting previously unselected package libknet1:s390x.
INFO:kolla.common.utils.hacluster-pcs:Preparing to unpack .../008-libknet1_1.8-2_s390x.deb ...
INFO:kolla.common.utils.hacluster-pcs:Unpacking libknet1:s390x (1.8-2) ...
INFO:kolla.common.utils.hacluster-pcs:Selecting previously unselected package libquorum5:s390x.
INFO:kolla.common.utils.hacluster-pcs:Preparing to unpack .../009-libquorum5_3.0.1-2_s390x.deb ...
INFO:kolla.common.utils.hacluster-pcs:Unpacking libquorum5:s390x (3.0.1-2) ...
INFO:kolla.common.utils.hacluster-pcs:Selecting previously unselected package libstatgrab10.
INFO:kolla.common.utils.hacluster-pcs:Preparing to unpack .../010-libstatgrab10_0.91-1+b2_s390x.deb ...
INFO:kolla.common.utils.hacluster-pcs:Unpacking libstatgrab10 (0.91-1+b2) ...
INFO:kolla.common.utils.hacluster-pcs:Selecting previously unselected package libvotequorum8:s390x.
INFO:kolla.common.utils.hacluster-pcs:Preparing to unpack .../011-libvotequorum8_3.0.1-2_s390x.deb ...
INFO:kolla.common.utils.hacluster-pcs:Unpacking libvotequorum8:s390x (3.0.1-2) ...
INFO:kolla.common.utils.hacluster-pcs:Selecting previously unselected package libicu63:s390x.
INFO:kolla.common.utils.hacluster-pcs:Preparing to unpack .../012-libicu63_63.1-6_s390x.deb ...
INFO:kolla.common.utils.hacluster-pcs:Unpacking libicu63:s390x (63.1-6) ...
INFO:kolla.common.utils.hacluster-pcs:Selecting previously unselected package libxml2:s390x.
INFO:kolla.common.utils.hacluster-pcs:Preparing to unpack .../013-libxml2_2.9.4+dfsg1-7+b3_s390x.deb ...
INFO:kolla.common.utils.hacluster-pcs:Unpacking libxml2:s390x (2.9.4+dfsg1-7+b3) ...
INFO:kolla.common.utils.hacluster-pcs:Selecting previously unselected package libxslt1.1:s390x.
INFO:kolla.common.utils.hacluster-pcs:Preparing to unpack .../014-libxslt1.1_1.1.32-2.2~deb10u1_s390x.deb ...
INFO:kolla.common.utils.hacluster-pcs:Unpacking libxslt1.1:s390x (1.1.32-2.2~deb10u1) ...
INFO:kolla.common.utils.hacluster-pcs:Selecting previously unselected package xsltproc.
INFO:kolla.common.utils.hacluster-pcs:Preparing to unpack .../015-xsltproc_1.1.32-2.2~deb10u1_s390x.deb ...
INFO:kolla.common.utils.hacluster-pcs:Unpacking xsltproc (1.1.32-2.2~deb10u1) ...
INFO:kolla.common.utils.hacluster-pcs:Selecting previously unselected package corosync.
INFO:kolla.common.utils.hacluster-pcs:Preparing to unpack .../016-corosync_3.0.1-2_s390x.deb ...
INFO:kolla.common.utils.hacluster-pcs:Unpacking corosync (3.0.1-2) ...
INFO:kolla.common.utils.hacluster-pcs:Selecting previously unselected package libapparmor1:s390x.
INFO:kolla.common.utils.hacluster-pcs:Preparing to unpack .../017-libapparmor1_2.13.2-10_s390x.deb ...
INFO:kolla.common.utils.hacluster-pcs:Unpacking libapparmor1:s390x (2.13.2-10) ...
INFO:kolla.common.utils.hacluster-pcs:Selecting previously unselected package libdbus-1-3:s390x.
INFO:kolla.common.utils.hacluster-pcs:Preparing to unpack .../018-libdbus-1-3_1.12.16-1_s390x.deb ...
INFO:kolla.common.utils.hacluster-pcs:Unpacking libdbus-1-3:s390x (1.12.16-1) ...
INFO:kolla.common.utils.hacluster-pcs:Selecting previously unselected package dbus.
INFO:kolla.common.utils.hacluster-pcs:Preparing to unpack .../019-dbus_1.12.16-1_s390x.deb ...
INFO:kolla.common.utils.hacluster-pcs:Unpacking dbus (1.12.16-1) ...
INFO:kolla.common.utils.hacluster-pcs:Selecting previously unselected package pacemaker-common.
INFO:kolla.common.utils.hacluster-pcs:Preparing to unpack .../020-pacemaker-common_2.0.1-5_all.deb ...
INFO:kolla.common.utils.hacluster-pcs:Unpacking pacemaker-common (2.0.1-5) ...
INFO:kolla.common.utils.hacluster-pcs:Selecting previously unselected package libglib2.0-0:s390x.
INFO:kolla.common.utils.hacluster-pcs:Preparing to unpack .../021-libglib2.0-0_2.58.3-2+deb10u2_s390x.deb ...
INFO:kolla.common.utils.hacluster-pcs:Unpacking libglib2.0-0:s390x (2.58.3-2+deb10u2) ...
INFO:kolla.common.utils.hacluster-pcs:Selecting previously unselected package libnet1:s390x.
INFO:kolla.common.utils.hacluster-pcs:Preparing to unpack .../022-libnet1_1.1.6+dfsg-3.1_s390x.deb ...
INFO:kolla.common.utils.hacluster-pcs:Unpacking libnet1:s390x (1.1.6+dfsg-3.1) ...
INFO:kolla.common.utils.hacluster-pcs:Selecting previously unselected package libltdl7:s390x.
INFO:kolla.common.utils.hacluster-pcs:Preparing to unpack .../023-libltdl7_2.4.6-9_s390x.deb ...
INFO:kolla.common.utils.hacluster-pcs:Unpacking libltdl7:s390x (2.4.6-9) ...
INFO:kolla.common.utils.hacluster-pcs:Selecting previously unselected package libpils2.
INFO:kolla.common.utils.hacluster-pcs:Preparing to unpack .../024-libpils2_1.0.12-12_s390x.deb ...
INFO:kolla.common.utils.hacluster-pcs:Unpacking libpils2 (1.0.12-12) ...
INFO:kolla.common.utils.hacluster-pcs:Selecting previously unselected package libplumb2.
INFO:kolla.common.utils.hacluster-pcs:Preparing to unpack .../025-libplumb2_1.0.12-12_s390x.deb ...
INFO:kolla.common.utils.hacluster-pcs:Unpacking libplumb2 (1.0.12-12) ...
INFO:kolla.common.utils.hacluster-pcs:Selecting previously unselected package libplumbgpl2.
INFO:kolla.common.utils.hacluster-pcs:Preparing to unpack .../026-libplumbgpl2_1.0.12-12_s390x.deb ...
INFO:kolla.common.utils.hacluster-pcs:Unpacking libplumbgpl2 (1.0.12-12) ...
INFO:kolla.common.utils.hacluster-pcs:Selecting previously unselected package libdbus-glib-1-2:s390x.
INFO:kolla.common.utils.hacluster-pcs:Preparing to unpack .../027-libdbus-glib-1-2_0.110-4_s390x.deb ...
INFO:kolla.common.utils.hacluster-pcs:Unpacking libdbus-glib-1-2:s390x (0.110-4) ...
INFO:kolla.common.utils.hacluster-pcs:Selecting previously unselected package liblrm2.
INFO:kolla.common.utils.hacluster-pcs:Preparing to unpack .../028-liblrm2_1.0.12-12_s390x.deb ...
INFO:kolla.common.utils.hacluster-pcs:Unpacking liblrm2 (1.0.12-12) ...
INFO:kolla.common.utils.hacluster-pcs:Selecting previously unselected package libopenhpi3.
INFO:kolla.common.utils.hacluster-pcs:Preparing to unpack .../029-libopenhpi3_3.8.0-2_s390x.deb ...
INFO:kolla.common.utils.hacluster-pcs:Unpacking libopenhpi3 (3.8.0-2) ...
INFO:kolla.common.utils.hacluster-pcs:Selecting previously unselected package libopenipmi0.
INFO:kolla.common.utils.hacluster-pcs:Preparing to unpack .../030-libopenipmi0_2.0.25-2.1_s390x.deb ...
INFO:kolla.common.utils.hacluster-pcs:Unpacking libopenipmi0 (2.0.25-2.1) ...
INFO:kolla.common.utils.hacluster-pcs:Selecting previously unselected package mysql-common.
INFO:kolla.common.utils.hacluster-pcs:Preparing to unpack .../031-mysql-common_5.8+1.0.5_all.deb ...
INFO:kolla.common.utils.hacluster-pcs:Unpacking mysql-common (5.8+1.0.5) ...
INFO:kolla.common.utils.hacluster-pcs:Selecting previously unselected package mariadb-common.
INFO:kolla.common.utils.hacluster-pcs:Preparing to unpack .../032-mariadb-common_1%3a10.3.22-0+deb10u1_all.deb ...
INFO:kolla.common.utils.hacluster-pcs:Unpacking mariadb-common (1:10.3.22-0+deb10u1) ...
INFO:kolla.common.utils.hacluster-pcs:Selecting previously unselected package libmariadb3:s390x.
INFO:kolla.common.utils.hacluster-pcs:Preparing to unpack .../033-libmariadb3_1%3a10.3.22-0+deb10u1_s390x.deb ...
INFO:kolla.common.utils.hacluster-pcs:Unpacking libmariadb3:s390x (1:10.3.22-0+deb10u1) ...
INFO:kolla.common.utils.hacluster-pcs:Selecting previously unselected package libpci3:s390x.
INFO:kolla.common.utils.hacluster-pcs:Preparing to unpack .../034-libpci3_1%3a3.5.2-1_s390x.deb ...
INFO:kolla.common.utils.hacluster-pcs:Unpacking libpci3:s390x (1:3.5.2-1) ...
INFO:kolla.common.utils.hacluster-pcs:Selecting previously unselected package libsensors-config.
INFO:kolla.common.utils.hacluster-pcs:Preparing to unpack .../035-libsensors-config_1%3a3.5.0-3_all.deb ...
INFO:kolla.common.utils.hacluster-pcs:Unpacking libsensors-config (1:3.5.0-3) ...
INFO:kolla.common.utils.hacluster-pcs:Selecting previously unselected package libsensors5:s390x.
INFO:kolla.common.utils.hacluster-pcs:Preparing to unpack .../036-libsensors5_1%3a3.5.0-3_s390x.deb ...
INFO:kolla.common.utils.hacluster-pcs:Unpacking libsensors5:s390x (1:3.5.0-3) ...
INFO:kolla.common.utils.hacluster-pcs:Selecting previously unselected package libsnmp-base.
INFO:kolla.common.utils.hacluster-pcs:Preparing to unpack .../037-libsnmp-base_5.7.3+dfsg-5_all.deb ...
INFO:kolla.common.utils.hacluster-pcs:Unpacking libsnmp-base (5.7.3+dfsg-5) ...
INFO:kolla.common.utils.hacluster-pcs:Selecting previously unselected package libsnmp30:s390x.
INFO:kolla.common.utils.hacluster-pcs:Preparing to unpack .../038-libsnmp30_5.7.3+dfsg-5_s390x.deb ...
INFO:kolla.common.utils.hacluster-pcs:Unpacking libsnmp30:s390x (5.7.3+dfsg-5) ...
INFO:kolla.common.utils.hacluster-pcs:Selecting previously unselected package libstonith1.
INFO:kolla.common.utils.hacluster-pcs:Preparing to unpack .../039-libstonith1_1.0.12-12_s390x.deb ...
INFO:kolla.common.utils.hacluster-pcs:Unpacking libstonith1 (1.0.12-12) ...
INFO:kolla.common.utils.hacluster-pcs:Selecting previously unselected package bzip2.
INFO:kolla.common.utils.hacluster-pcs:Preparing to unpack .../040-bzip2_1.0.6-9.2~deb10u1_s390x.deb ...
INFO:kolla.common.utils.hacluster-pcs:Unpacking bzip2 (1.0.6-9.2~deb10u1) ...
INFO:kolla.common.utils.hacluster-pcs:Selecting previously unselected package libtimedate-perl.
INFO:kolla.common.utils.hacluster-pcs:Preparing to unpack .../041-libtimedate-perl_2.3000-2+deb10u1_all.deb ...
INFO:kolla.common.utils.hacluster-pcs:Unpacking libtimedate-perl (2.3000-2+deb10u1) ...
INFO:kolla.common.utils.hacluster-pcs:Selecting previously unselected package cluster-glue.
INFO:kolla.common.utils.hacluster-pcs:Preparing to unpack .../042-cluster-glue_1.0.12-12_s390x.deb ...
INFO:kolla.common.utils.hacluster-pcs:Unpacking cluster-glue (1.0.12-12) ...
INFO:kolla.common.utils.hacluster-pcs:Selecting previously unselected package resource-agents.
INFO:kolla.common.utils.hacluster-pcs:Preparing to unpack .../043-resource-agents_1%3a4.2.0-2_s390x.deb ...
INFO:kolla.common.utils.hacluster-pcs:Unpacking resource-agents (1:4.2.0-2) ...
INFO:kolla.common.utils.hacluster-pcs:Selecting previously unselected package pacemaker-resource-agents.
INFO:kolla.common.utils.hacluster-pcs:Preparing to unpack .../044-pacemaker-resource-agents_2.0.1-5_all.deb ...
INFO:kolla.common.utils.hacluster-pcs:Unpacking pacemaker-resource-agents (2.0.1-5) ...
INFO:kolla.common.utils.hacluster-pcs:Selecting previously unselected package libcrmcommon34:s390x.
INFO:kolla.common.utils.hacluster-pcs:Preparing to unpack .../045-libcrmcommon34_2.0.1-5_s390x.deb ...
INFO:kolla.common.utils.hacluster-pcs:Unpacking libcrmcommon34:s390x (2.0.1-5) ...
INFO:kolla.common.utils.hacluster-pcs:Selecting previously unselected package libpe-rules26:s390x.
INFO:kolla.common.utils.hacluster-pcs:Preparing to unpack .../046-libpe-rules26_2.0.1-5_s390x.deb ...
INFO:kolla.common.utils.hacluster-pcs:Unpacking libpe-rules26:s390x (2.0.1-5) ...
INFO:kolla.common.utils.hacluster-pcs:Selecting previously unselected package libcib27:s390x.
INFO:kolla.common.utils.hacluster-pcs:Preparing to unpack .../047-libcib27_2.0.1-5_s390x.deb ...
INFO:kolla.common.utils.hacluster-pcs:Unpacking libcib27:s390x (2.0.1-5) ...
INFO:kolla.common.utils.hacluster-pcs:Selecting previously unselected package libstonithd26:s390x.
INFO:kolla.common.utils.hacluster-pcs:Preparing to unpack .../048-libstonithd26_2.0.1-5_s390x.deb ...
INFO:kolla.common.utils.hacluster-pcs:Unpacking libstonithd26:s390x (2.0.1-5) ...
INFO:kolla.common.utils.hacluster-pcs:Selecting previously unselected package libcrmcluster29:s390x.
INFO:kolla.common.utils.hacluster-pcs:Preparing to unpack .../049-libcrmcluster29_2.0.1-5_s390x.deb ...
INFO:kolla.common.utils.hacluster-pcs:Unpacking libcrmcluster29:s390x (2.0.1-5) ...
INFO:kolla.common.utils.hacluster-pcs:Selecting previously unselected package libcrmservice28:s390x.
INFO:kolla.common.utils.hacluster-pcs:Preparing to unpack .../050-libcrmservice28_2.0.1-5_s390x.deb ...
INFO:kolla.common.utils.hacluster-pcs:Unpacking libcrmservice28:s390x (2.0.1-5) ...
INFO:kolla.common.utils.hacluster-pcs:Selecting previously unselected package liblrmd28:s390x.
INFO:kolla.common.utils.hacluster-pcs:Preparing to unpack .../051-liblrmd28_2.0.1-5_s390x.deb ...
INFO:kolla.common.utils.hacluster-pcs:Unpacking liblrmd28:s390x (2.0.1-5) ...
INFO:kolla.common.utils.hacluster-pcs:Selecting previously unselected package libpe-status28:s390x.
INFO:kolla.common.utils.hacluster-pcs:Preparing to unpack .../052-libpe-status28_2.0.1-5_s390x.deb ...
INFO:kolla.common.utils.hacluster-pcs:Unpacking libpe-status28:s390x (2.0.1-5) ...
INFO:kolla.common.utils.hacluster-pcs:Selecting previously unselected package libpengine27:s390x.
INFO:kolla.common.utils.hacluster-pcs:Preparing to unpack .../053-libpengine27_2.0.1-5_s390x.deb ...
INFO:kolla.common.utils.hacluster-pcs:Unpacking libpengine27:s390x (2.0.1-5) ...
INFO:kolla.common.utils.hacluster-pcs:Selecting previously unselected package libtransitioner25:s390x.
INFO:kolla.common.utils.hacluster-pcs:Preparing to unpack .../054-libtransitioner25_2.0.1-5_s390x.deb ...
INFO:kolla.common.utils.hacluster-pcs:Unpacking libtransitioner25:s390x (2.0.1-5) ...
INFO:kolla.common.utils.hacluster-pcs:Selecting previously unselected package pacemaker.
INFO:kolla.common.utils.hacluster-pcs:Preparing to unpack .../055-pacemaker_2.0.1-5_s390x.deb ...
INFO:kolla.common.utils.hacluster-pcs:Unpacking pacemaker (2.0.1-5) ...
INFO:kolla.common.utils.hacluster-pcs:Selecting previously unselected package libbsd0:s390x.
INFO:kolla.common.utils.hacluster-pcs:Preparing to unpack .../056-libbsd0_0.9.1-2_s390x.deb ...
INFO:kolla.common.utils.hacluster-pcs:Unpacking libbsd0:s390x (0.9.1-2) ...
INFO:kolla.common.utils.hacluster-pcs:Selecting previously unselected package libedit2:s390x.
INFO:kolla.common.utils.hacluster-pcs:Preparing to unpack .../057-libedit2_3.1-20181209-1_s390x.deb ...
INFO:kolla.common.utils.hacluster-pcs:Unpacking libedit2:s390x (3.1-20181209-1) ...
INFO:kolla.common.utils.hacluster-pcs:Selecting previously unselected package openssh-client.
INFO:kolla.common.utils.hacluster-pcs:Preparing to unpack .../058-openssh-client_1%3a7.9p1-10+deb10u2_s390x.deb ...
INFO:kolla.common.utils.hacluster-pcs:Unpacking openssh-client (1:7.9p1-10+deb10u2) ...
INFO:kolla.common.utils.hacluster-pcs:Selecting previously unselected package pacemaker-cli-utils.
INFO:kolla.common.utils.hacluster-pcs:Preparing to unpack .../059-pacemaker-cli-utils_2.0.1-5_s390x.deb ...
INFO:kolla.common.utils.hacluster-pcs:Unpacking pacemaker-cli-utils (2.0.1-5) ...
INFO:kolla.common.utils.hacluster-pcs:Selecting previously unselected package python3-lxml:s390x.
INFO:kolla.common.utils.hacluster-pcs:Preparing to unpack .../060-python3-lxml_4.3.2-1_s390x.deb ...
INFO:kolla.common.utils.hacluster-pcs:Unpacking python3-lxml:s390x (4.3.2-1) ...
INFO:kolla.common.utils.hacluster-pcs:Selecting previously unselected package python3-parallax.
INFO:kolla.common.utils.hacluster-pcs:Preparing to unpack .../061-python3-parallax_1.0.4-2_all.deb ...
INFO:kolla.common.utils.hacluster-pcs:Unpacking python3-parallax (1.0.4-2) ...
INFO:kolla.common.utils.hacluster-pcs:Selecting previously unselected package libyaml-0-2:s390x.
INFO:kolla.common.utils.hacluster-pcs:Preparing to unpack .../062-libyaml-0-2_0.2.1-1_s390x.deb ...
INFO:kolla.common.utils.hacluster-pcs:Unpacking libyaml-0-2:s390x (0.2.1-1) ...
INFO:kolla.common.utils.hacluster-pcs:Selecting previously unselected package python3-yaml.
INFO:kolla.common.utils.hacluster-pcs:Preparing to unpack .../063-python3-yaml_3.13-2_s390x.deb ...
INFO:kolla.common.utils.hacluster-pcs:Unpacking python3-yaml (3.13-2) ...
INFO:kolla.common.utils.hacluster-pcs:Selecting previously unselected package python3-six.
INFO:kolla.common.utils.hacluster-pcs:Preparing to unpack .../064-python3-six_1.12.0-1_all.deb ...
INFO:kolla.common.utils.hacluster-pcs:Unpacking python3-six (1.12.0-1) ...
INFO:kolla.common.utils.hacluster-pcs:Selecting previously unselected package python3-dateutil.
INFO:kolla.common.utils.hacluster-pcs:Preparing to unpack .../065-python3-dateutil_2.7.3-3_all.deb ...
INFO:kolla.common.utils.hacluster-pcs:Unpacking python3-dateutil (2.7.3-3) ...
INFO:kolla.common.utils.hacluster-pcs:Selecting previously unselected package crmsh.
INFO:kolla.common.utils.hacluster-pcs:Preparing to unpack .../066-crmsh_4.0.0~git20190108.3d56538-3_all.deb ...
INFO:kolla.common.utils.hacluster-pcs:Unpacking crmsh (4.0.0~git20190108.3d56538-3) ...
INFO:kolla.common.utils.hacluster-pcs:Selecting previously unselected package fonts-dejavu-core.
INFO:kolla.common.utils.hacluster-pcs:Preparing to unpack .../067-fonts-dejavu-core_2.37-1_all.deb ...
INFO:kolla.common.utils.hacluster-pcs:Unpacking fonts-dejavu-core (2.37-1) ...
INFO:kolla.common.utils.hacluster-pcs:Selecting previously unselected package fonts-liberation.
INFO:kolla.common.utils.hacluster-pcs:Preparing to unpack .../068-fonts-liberation_1%3a1.07.4-9_all.deb ...
INFO:kolla.common.utils.hacluster-pcs:Unpacking fonts-liberation (1:1.07.4-9) ...
INFO:kolla.common.utils.hacluster-pcs:Selecting previously unselected package libcurl3-gnutls:s390x.
INFO:kolla.common.utils.hacluster-pcs:Preparing to unpack .../069-libcurl3-gnutls_7.64.0-4+deb10u1_s390x.deb ...
INFO:kolla.common.utils.hacluster-pcs:Unpacking libcurl3-gnutls:s390x (7.64.0-4+deb10u1) ...
INFO:kolla.common.utils.hacluster-pcs:Selecting previously unselected package rubygems-integration.
INFO:kolla.common.utils.hacluster-pcs:Preparing to unpack .../070-rubygems-integration_1.11_all.deb ...
INFO:kolla.common.utils.hacluster-pcs:Unpacking rubygems-integration (1.11) ...
INFO:kolla.common.utils.hacluster-pcs:Selecting previously unselected package ruby2.5.
INFO:kolla.common.utils.hacluster-pcs:Preparing to unpack .../071-ruby2.5_2.5.5-3+deb10u1_s390x.deb ...
INFO:kolla.common.utils.hacluster-pcs:Unpacking ruby2.5 (2.5.5-3+deb10u1) ...
INFO:kolla.common.utils.hacluster-pcs:Selecting previously unselected package ruby.
INFO:kolla.common.utils.hacluster-pcs:Preparing to unpack .../072-ruby_1%3a2.5.1_s390x.deb ...
INFO:kolla.common.utils.hacluster-pcs:Unpacking ruby (1:2.5.1) ...
INFO:kolla.common.utils.hacluster-pcs:Selecting previously unselected package rake.
INFO:kolla.common.utils.hacluster-pcs:Preparing to unpack .../073-rake_12.3.1-3_all.deb ...
INFO:kolla.common.utils.hacluster-pcs:Unpacking rake (12.3.1-3) ...
INFO:kolla.common.utils.hacluster-pcs:Selecting previously unselected package ruby-did-you-mean.
INFO:kolla.common.utils.hacluster-pcs:Preparing to unpack .../074-ruby-did-you-mean_1.2.1-1_all.deb ...
INFO:kolla.common.utils.hacluster-pcs:Unpacking ruby-did-you-mean (1.2.1-1) ...
INFO:kolla.common.utils.hacluster-pcs:Selecting previously unselected package ruby-minitest.
INFO:kolla.common.utils.hacluster-pcs:Preparing to unpack .../075-ruby-minitest_5.11.3-1_all.deb ...
INFO:kolla.common.utils.hacluster-pcs:Unpacking ruby-minitest (5.11.3-1) ...
INFO:kolla.common.utils.hacluster-pcs:Selecting previously unselected package ruby-net-telnet.
INFO:kolla.common.utils.hacluster-pcs:Preparing to unpack .../076-ruby-net-telnet_0.1.1-2_all.deb ...
INFO:kolla.common.utils.hacluster-pcs:Unpacking ruby-net-telnet (0.1.1-2) ...
INFO:kolla.common.utils.hacluster-pcs:Selecting previously unselected package ruby-power-assert.
INFO:kolla.common.utils.hacluster-pcs:Preparing to unpack .../077-ruby-power-assert_1.1.1-1_all.deb ...
INFO:kolla.common.utils.hacluster-pcs:Unpacking ruby-power-assert (1.1.1-1) ...
INFO:kolla.common.utils.hacluster-pcs:Selecting previously unselected package ruby-test-unit.
INFO:kolla.common.utils.hacluster-pcs:Preparing to unpack .../078-ruby-test-unit_3.2.8-1_all.deb ...
INFO:kolla.common.utils.hacluster-pcs:Unpacking ruby-test-unit (3.2.8-1) ...
INFO:kolla.common.utils.hacluster-pcs:Selecting previously unselected package ruby-xmlrpc.
INFO:kolla.common.utils.hacluster-pcs:Preparing to unpack .../079-ruby-xmlrpc_0.3.0-2_all.deb ...
INFO:kolla.common.utils.hacluster-pcs:Unpacking ruby-xmlrpc (0.3.0-2) ...
INFO:kolla.common.utils.hacluster-pcs:Selecting previously unselected package libruby2.5:s390x.
INFO:kolla.common.utils.hacluster-pcs:Preparing to unpack .../080-libruby2.5_2.5.5-3+deb10u1_s390x.deb ...
INFO:kolla.common.utils.hacluster-pcs:Unpacking libruby2.5:s390x (2.5.5-3+deb10u1) ...
INFO:kolla.common.utils.hacluster-pcs:Selecting previously unselected package psmisc.
INFO:kolla.common.utils.hacluster-pcs:Preparing to unpack .../081-psmisc_23.2-1_s390x.deb ...
INFO:kolla.common.utils.hacluster-pcs:Unpacking psmisc (23.2-1) ...
INFO:kolla.common.utils.hacluster-pcs:Selecting previously unselected package python3-asn1crypto.
INFO:kolla.common.utils.hacluster-pcs:Preparing to unpack .../082-python3-asn1crypto_0.24.0-1_all.deb ...
INFO:kolla.common.utils.hacluster-pcs:Unpacking python3-asn1crypto (0.24.0-1) ...
INFO:kolla.common.utils.hacluster-pcs:Selecting previously unselected package python3-cffi-backend.
INFO:kolla.common.utils.hacluster-pcs:Preparing to unpack .../083-python3-cffi-backend_1.12.2-1_s390x.deb ...
INFO:kolla.common.utils.hacluster-pcs:Unpacking python3-cffi-backend (1.12.2-1) ...
INFO:kolla.common.utils.hacluster-pcs:Selecting previously unselected package python3-cryptography.
INFO:kolla.common.utils.hacluster-pcs:Preparing to unpack .../084-python3-cryptography_2.6.1-3+deb10u2_s390x.deb ...
INFO:kolla.common.utils.hacluster-pcs:Unpacking python3-cryptography (2.6.1-3+deb10u2) ...
INFO:kolla.common.utils.hacluster-pcs:Selecting previously unselected package python3-openssl.
INFO:kolla.common.utils.hacluster-pcs:Preparing to unpack .../085-python3-openssl_19.0.0-1_all.deb ...
INFO:kolla.common.utils.hacluster-pcs:Unpacking python3-openssl (19.0.0-1) ...
INFO:kolla.common.utils.hacluster-pcs:Selecting previously unselected package python3-pkg-resources.
INFO:kolla.common.utils.hacluster-pcs:Preparing to unpack .../086-python3-pkg-resources_40.8.0-1_all.deb ...
INFO:kolla.common.utils.hacluster-pcs:Unpacking python3-pkg-resources (40.8.0-1) ...
INFO:kolla.common.utils.hacluster-pcs:Selecting previously unselected package python3-pycurl.
INFO:kolla.common.utils.hacluster-pcs:Preparing to unpack .../087-python3-pycurl_7.43.0.2-0.1_s390x.deb ...
INFO:kolla.common.utils.hacluster-pcs:Unpacking python3-pycurl (7.43.0.2-0.1) ...
INFO:kolla.common.utils.hacluster-pcs:Selecting previously unselected package python3-tornado.
INFO:kolla.common.utils.hacluster-pcs:Preparing to unpack .../088-python3-tornado_5.1.1-4_s390x.deb ...
INFO:kolla.common.utils.hacluster-pcs:Unpacking python3-tornado (5.1.1-4) ...
INFO:kolla.common.utils.hacluster-pcs:Selecting previously unselected package ruby-backports.
INFO:kolla.common.utils.hacluster-pcs:Preparing to unpack .../089-ruby-backports_3.11.1-2_all.deb ...
INFO:kolla.common.utils.hacluster-pcs:Unpacking ruby-backports (3.11.1-2) ...
INFO:kolla.common.utils.hacluster-pcs:Selecting previously unselected package ruby-ffi.
INFO:kolla.common.utils.hacluster-pcs:Preparing to unpack .../090-ruby-ffi_1.9.10debian-1+b4_s390x.deb ...
INFO:kolla.common.utils.hacluster-pcs:Unpacking ruby-ffi (1.9.10debian-1+b4) ...
INFO:kolla.common.utils.hacluster-pcs:Selecting previously unselected package ruby-mime-types-data.
INFO:kolla.common.utils.hacluster-pcs:Preparing to unpack .../091-ruby-mime-types-data_3.2015.1120-1_all.deb ...
INFO:kolla.common.utils.hacluster-pcs:Unpacking ruby-mime-types-data (3.2015.1120-1) ...
INFO:kolla.common.utils.hacluster-pcs:Selecting previously unselected package ruby-mime-types.
INFO:kolla.common.utils.hacluster-pcs:Preparing to unpack .../092-ruby-mime-types_3.2.2-1_all.deb ...
INFO:kolla.common.utils.hacluster-pcs:Unpacking ruby-mime-types (3.2.2-1) ...
INFO:kolla.common.utils.hacluster-pcs:Selecting previously unselected package ruby-ethon.
INFO:kolla.common.utils.hacluster-pcs:Preparing to unpack .../093-ruby-ethon_0.9.0-2_all.deb ...
INFO:kolla.common.utils.hacluster-pcs:Unpacking ruby-ethon (0.9.0-2) ...
INFO:kolla.common.utils.hacluster-pcs:Selecting previously unselected package ruby-json.
INFO:kolla.common.utils.hacluster-pcs:Preparing to unpack .../094-ruby-json_2.1.0+dfsg-2+b1_s390x.deb ...
INFO:kolla.common.utils.hacluster-pcs:Unpacking ruby-json (2.1.0+dfsg-2+b1) ...
INFO:kolla.common.utils.hacluster-pcs:Selecting previously unselected package ruby-open4.
INFO:kolla.common.utils.hacluster-pcs:Preparing to unpack .../095-ruby-open4_1.3.4-1_all.deb ...
INFO:kolla.common.utils.hacluster-pcs:Unpacking ruby-open4 (1.3.4-1) ...
INFO:kolla.common.utils.hacluster-pcs:Selecting previously unselected package ruby-rack.
INFO:kolla.common.utils.hacluster-pcs:Preparing to unpack .../096-ruby-rack_2.0.6-3_all.deb ...
INFO:kolla.common.utils.hacluster-pcs:Unpacking ruby-rack (2.0.6-3) ...
INFO:kolla.common.utils.hacluster-pcs:Selecting previously unselected package ruby-rack-protection.
INFO:kolla.common.utils.hacluster-pcs:Preparing to unpack .../097-ruby-rack-protection_2.0.5-4_all.deb ...
INFO:kolla.common.utils.hacluster-pcs:Unpacking ruby-rack-protection (2.0.5-4) ...
INFO:kolla.common.utils.hacluster-pcs:Selecting previously unselected package ruby-mustermann.
INFO:kolla.common.utils.hacluster-pcs:Preparing to unpack .../098-ruby-mustermann_1.0.0-4_all.deb ...
INFO:kolla.common.utils.hacluster-pcs:Unpacking ruby-mustermann (1.0.0-4) ...
INFO:kolla.common.utils.hacluster-pcs:Selecting previously unselected package ruby-tilt.
INFO:kolla.common.utils.hacluster-pcs:Preparing to unpack .../099-ruby-tilt_2.0.9-1_all.deb ...
INFO:kolla.common.utils.hacluster-pcs:Unpacking ruby-tilt (2.0.9-1) ...
INFO:kolla.common.utils.hacluster-pcs:Selecting previously unselected package ruby-sinatra.
INFO:kolla.common.utils.hacluster-pcs:Preparing to unpack .../100-ruby-sinatra_2.0.5-4_all.deb ...
INFO:kolla.common.utils.hacluster-pcs:Unpacking ruby-sinatra (2.0.5-4) ...
INFO:kolla.common.utils.hacluster-pcs:Selecting previously unselected package pcs.
INFO:kolla.common.utils.hacluster-pcs:Preparing to unpack .../101-pcs_0.10.1-2_all.deb ...
INFO:kolla.common.utils.hacluster-pcs:Unpacking pcs (0.10.1-2) ...
INFO:kolla.common.utils.hacluster-pcs:Setting up python3-pkg-resources (40.8.0-1) ...
INFO:kolla.common.utils.hacluster-pcs:Setting up pacemaker-common (2.0.1-5) ...
INFO:kolla.common.utils.hacluster-pcs:Adding group `haclient' (GID 105) ...
INFO:kolla.common.utils.hacluster-pcs:Done.
INFO:kolla.common.utils.hacluster-pcs:Adding system user `hacluster' (UID 101) ...
INFO:kolla.common.utils.hacluster-pcs:Adding new user `hacluster' (UID 101) with group `haclient' ...
INFO:kolla.common.utils.hacluster-pcs:Not creating home directory `/var/lib/pacemaker'.
INFO:kolla.common.utils.hacluster-pcs:1+0 records in
INFO:kolla.common.utils.hacluster-pcs:1+0 records out
INFO:kolla.common.utils.hacluster-pcs:4096 bytes (4.1 kB, 4.0 KiB) copied, 5.544e-05 s, 73.9 MB/s
INFO:kolla.common.utils.hacluster-pcs:Setting up python3-tornado (5.1.1-4) ...
INFO:kolla.common.utils.hacluster-pcs:Setting up mysql-common (5.8+1.0.5) ...
INFO:kolla.common.utils.hacluster-pcs:update-alternatives: using /etc/mysql/my.cnf.fallback to provide /etc/mysql/my.cnf (my.cnf) in auto mode
INFO:kolla.common.utils.hacluster-pcs:Setting up libapparmor1:s390x (2.13.2-10) ...
INFO:kolla.common.utils.hacluster-pcs:Setting up ruby-power-assert (1.1.1-1) ...
INFO:kolla.common.utils.hacluster-pcs:Setting up libqb0:s390x (1.0.5-1) ...
INFO:kolla.common.utils.hacluster-pcs:Setting up psmisc (23.2-1) ...
INFO:kolla.common.utils.hacluster-pcs:Setting up libyaml-0-2:s390x (0.2.1-1) ...
INFO:kolla.common.utils.hacluster-pcs:Setting up libglib2.0-0:s390x (2.58.3-2+deb10u2) ...
INFO:kolla.common.utils.hacluster-pcs:No schema files found: doing nothing.
INFO:kolla.common.utils.hacluster-pcs:Setting up libsnmp-base (5.7.3+dfsg-5) ...
INFO:kolla.common.utils.hacluster-pcs:Setting up libsensors-config (1:3.5.0-3) ...
INFO:kolla.common.utils.hacluster-pcs:Setting up python3-yaml (3.13-2) ...
INFO:kolla.common.utils.hacluster-pcs:Setting up liblzo2-2:s390x (2.10-0.1) ...
INFO:kolla.common.utils.hacluster-pcs:Setting up libcurl3-gnutls:s390x (7.64.0-4+deb10u1) ...
INFO:kolla.common.utils.hacluster-pcs:Setting up libcorosync-common4:s390x (3.0.1-2) ...
INFO:kolla.common.utils.hacluster-pcs:Setting up rubygems-integration (1.11) ...
INFO:kolla.common.utils.hacluster-pcs:Setting up libnet1:s390x (1.1.6+dfsg-3.1) ...
INFO:kolla.common.utils.hacluster-pcs:Setting up bzip2 (1.0.6-9.2~deb10u1) ...
INFO:kolla.common.utils.hacluster-pcs:Setting up libicu63:s390x (63.1-6) ...
INFO:kolla.common.utils.hacluster-pcs:Setting up ruby-minitest (5.11.3-1) ...
INFO:kolla.common.utils.hacluster-pcs:Setting up mariadb-common (1:10.3.22-0+deb10u1) ...
INFO:kolla.common.utils.hacluster-pcs:update-alternatives: using /etc/mysql/mariadb.cnf to provide /etc/mysql/my.cnf (my.cnf) in auto mode
INFO:kolla.common.utils.hacluster-pcs:Setting up python3-six (1.12.0-1) ...
INFO:kolla.common.utils.hacluster-pcs:Setting up python3-pycurl (7.43.0.2-0.1) ...
INFO:kolla.common.utils.hacluster-pcs:Setting up ruby-test-unit (3.2.8-1) ...
INFO:kolla.common.utils.hacluster-pcs:Setting up libnspr4:s390x (2:4.20-1) ...
INFO:kolla.common.utils.hacluster-pcs:Setting up libdbus-1-3:s390x (1.12.16-1) ...
INFO:kolla.common.utils.hacluster-pcs:Setting up ruby-net-telnet (0.1.1-2) ...
INFO:kolla.common.utils.hacluster-pcs:Setting up dbus (1.12.16-1) ...
INFO:kolla.common.utils.hacluster-pcs:invoke-rc.d: could not determine current runlevel
INFO:kolla.common.utils.hacluster-pcs:invoke-rc.d: policy-rc.d denied execution of start.
INFO:kolla.common.utils.hacluster-pcs:Setting up libmariadb3:s390x (1:10.3.22-0+deb10u1) ...
INFO:kolla.common.utils.hacluster-pcs:Setting up fonts-dejavu-core (2.37-1) ...
INFO:kolla.common.utils.hacluster-pcs:Setting up libsensors5:s390x (1:3.5.0-3) ...
INFO:kolla.common.utils.hacluster-pcs:Setting up libltdl7:s390x (2.4.6-9) ...
INFO:kolla.common.utils.hacluster-pcs:Setting up libcfg7:s390x (3.0.1-2) ...
INFO:kolla.common.utils.hacluster-pcs:Setting up libtimedate-perl (2.3000-2+deb10u1) ...
INFO:kolla.common.utils.hacluster-pcs:Setting up libpci3:s390x (1:3.5.2-1) ...
INFO:kolla.common.utils.hacluster-pcs:Setting up fonts-liberation (1:1.07.4-9) ...
INFO:kolla.common.utils.hacluster-pcs:Setting up libstatgrab10 (0.91-1+b2) ...
INFO:kolla.common.utils.hacluster-pcs:Setting up python3-dateutil (2.7.3-3) ...
INFO:kolla.common.utils.hacluster-pcs:Setting up ruby-did-you-mean (1.2.1-1) ...
INFO:kolla.common.utils.hacluster-pcs:Setting up libbsd0:s390x (0.9.1-2) ...
INFO:kolla.common.utils.hacluster-pcs:Setting up libopenipmi0 (2.0.25-2.1) ...
INFO:kolla.common.utils.hacluster-pcs:Setting up libopenhpi3 (3.8.0-2) ...
INFO:kolla.common.utils.hacluster-pcs:Setting up ruby-xmlrpc (0.3.0-2) ...
INFO:kolla.common.utils.hacluster-pcs:Setting up python3-asn1crypto (0.24.0-1) ...
INFO:kolla.common.utils.hacluster-pcs:Setting up libxml2:s390x (2.9.4+dfsg1-7+b3) ...
INFO:kolla.common.utils.hacluster-pcs:Setting up python3-cffi-backend (1.12.2-1) ...
INFO:kolla.common.utils.hacluster-pcs:Setting up libvotequorum8:s390x (3.0.1-2) ...
INFO:kolla.common.utils.hacluster-pcs:Setting up libcpg4:s390x (3.0.1-2) ...
INFO:kolla.common.utils.hacluster-pcs:Setting up libcmap4:s390x (3.0.1-2) ...
INFO:kolla.common.utils.hacluster-pcs:Setting up libquorum5:s390x (3.0.1-2) ...
INFO:kolla.common.utils.hacluster-pcs:Setting up libedit2:s390x (3.1-20181209-1) ...
INFO:kolla.common.utils.hacluster-pcs:Setting up libpils2 (1.0.12-12) ...
INFO:kolla.common.utils.hacluster-pcs:Setting up libnss3:s390x (2:3.42.1-1+deb10u2) ...
INFO:kolla.common.utils.hacluster-pcs:Setting up libsnmp30:s390x (5.7.3+dfsg-5) ...
INFO:kolla.common.utils.hacluster-pcs:Setting up libdbus-glib-1-2:s390x (0.110-4) ...
INFO:kolla.common.utils.hacluster-pcs:Setting up libknet1:s390x (1.8-2) ...
INFO:kolla.common.utils.hacluster-pcs:Setting up python3-cryptography (2.6.1-3+deb10u2) ...
INFO:kolla.common.utils.hacluster-pcs:Setting up libplumbgpl2 (1.0.12-12) ...
INFO:kolla.common.utils.hacluster-pcs:Setting up libxslt1.1:s390x (1.1.32-2.2~deb10u1) ...
INFO:kolla.common.utils.hacluster-pcs:Setting up libcrmcommon34:s390x (2.0.1-5) ...
INFO:kolla.common.utils.hacluster-pcs:Setting up libplumb2 (1.0.12-12) ...
INFO:kolla.common.utils.hacluster-pcs:Setting up openssh-client (1:7.9p1-10+deb10u2) ...
INFO:kolla.common.utils.hacluster-pcs:Setting up python3-openssl (19.0.0-1) ...
INFO:kolla.common.utils.hacluster-pcs:Setting up libstonith1 (1.0.12-12) ...
INFO:kolla.common.utils.hacluster-pcs:Setting up xsltproc (1.1.32-2.2~deb10u1) ...
INFO:kolla.common.utils.hacluster-pcs:Setting up libtransitioner25:s390x (2.0.1-5) ...
INFO:kolla.common.utils.hacluster-pcs:Setting up libpe-rules26:s390x (2.0.1-5) ...
INFO:kolla.common.utils.hacluster-pcs:Setting up libcrmservice28:s390x (2.0.1-5) ...
INFO:kolla.common.utils.hacluster-pcs:Setting up liblrm2 (1.0.12-12) ...
INFO:kolla.common.utils.hacluster-pcs:Setting up python3-parallax (1.0.4-2) ...
INFO:kolla.common.utils.hacluster-pcs:update-alternatives: using /usr/lib/parallax/parallax-askpass3 to provide /usr/lib/parallax/parallax-askpass (parallax-askpass) in auto mode
INFO:kolla.common.utils.hacluster-pcs:Setting up libpe-status28:s390x (2.0.1-5) ...
INFO:kolla.common.utils.hacluster-pcs:Setting up python3-lxml:s390x (4.3.2-1) ...
INFO:kolla.common.utils.hacluster-pcs:Setting up libstonithd26:s390x (2.0.1-5) ...
INFO:kolla.common.utils.hacluster-pcs:Setting up corosync (3.0.1-2) ...
INFO:kolla.common.utils.hacluster-pcs:invoke-rc.d: could not determine current runlevel
INFO:kolla.common.utils.hacluster-pcs:invoke-rc.d: policy-rc.d denied execution of start.
INFO:kolla.common.utils.hacluster-pcs:Setting up libcib27:s390x (2.0.1-5) ...
INFO:kolla.common.utils.hacluster-pcs:Setting up cluster-glue (1.0.12-12) ...
INFO:kolla.common.utils.hacluster-pcs:addgroup: The group `haclient' already exists as a system group. Exiting.
INFO:kolla.common.utils.hacluster-pcs:The system user `hacluster' already exists. Exiting.
INFO:kolla.common.utils.hacluster-pcs:invoke-rc.d: could not determine current runlevel
INFO:kolla.common.utils.hacluster-pcs:invoke-rc.d: policy-rc.d denied execution of start.
INFO:kolla.common.utils.hacluster-pcs:Setting up libcrmcluster29:s390x (2.0.1-5) ...
INFO:kolla.common.utils.hacluster-pcs:Setting up liblrmd28:s390x (2.0.1-5) ...
INFO:kolla.common.utils.hacluster-pcs:Setting up libpengine27:s390x (2.0.1-5) ...
INFO:kolla.common.utils.hacluster-pcs:Setting up resource-agents (1:4.2.0-2) ...
INFO:kolla.common.utils.hacluster-pcs:Setting up pacemaker-resource-agents (2.0.1-5) ...
INFO:kolla.common.utils.hacluster-pcs:Setting up pacemaker (2.0.1-5) ...
INFO:kolla.common.utils.hacluster-pcs:invoke-rc.d: could not determine current runlevel
INFO:kolla.common.utils.hacluster-pcs:invoke-rc.d: policy-rc.d denied execution of start.
INFO:kolla.common.utils.hacluster-pcs:Setting up pacemaker-cli-utils (2.0.1-5) ...
INFO:kolla.common.utils.hacluster-pcs:Setting up crmsh (4.0.0~git20190108.3d56538-3) ...
INFO:kolla.common.utils.hacluster-pcs:Setting up rake (12.3.1-3) ...
INFO:kolla.common.utils.hacluster-pcs:Setting up libruby2.5:s390x (2.5.5-3+deb10u1) ...
INFO:kolla.common.utils.hacluster-pcs:Setting up ruby2.5 (2.5.5-3+deb10u1) ...
INFO:kolla.common.utils.hacluster-pcs:Setting up ruby (1:2.5.1) ...
INFO:kolla.common.utils.hacluster-pcs:Setting up ruby-json (2.1.0+dfsg-2+b1) ...
INFO:kolla.common.utils.hacluster-pcs:Setting up ruby-mime-types-data (3.2015.1120-1) ...
INFO:kolla.common.utils.hacluster-pcs:Setting up ruby-tilt (2.0.9-1) ...
INFO:kolla.common.utils.hacluster-pcs:Setting up ruby-ffi (1.9.10debian-1+b4) ...
INFO:kolla.common.utils.hacluster-pcs:Setting up ruby-mustermann (1.0.0-4) ...
INFO:kolla.common.utils.hacluster-pcs:Setting up ruby-open4 (1.3.4-1) ...
INFO:kolla.common.utils.hacluster-pcs:Setting up ruby-rack (2.0.6-3) ...
INFO:kolla.common.utils.hacluster-pcs:Setting up ruby-backports (3.11.1-2) ...
INFO:kolla.common.utils.hacluster-pcs:Setting up ruby-mime-types (3.2.2-1) ...
INFO:kolla.common.utils.hacluster-pcs:Setting up ruby-ethon (0.9.0-2) ...
INFO:kolla.common.utils.hacluster-pcs:Setting up ruby-rack-protection (2.0.5-4) ...
INFO:kolla.common.utils.hacluster-pcs:Setting up ruby-sinatra (2.0.5-4) ...
INFO:kolla.common.utils.hacluster-pcs:Setting up pcs (0.10.1-2) ...
INFO:kolla.common.utils.hacluster-pcs:invoke-rc.d: could not determine current runlevel
INFO:kolla.common.utils.hacluster-pcs:invoke-rc.d: policy-rc.d denied execution of start.
INFO:kolla.common.utils.hacluster-pcs:Processing triggers for libc-bin (2.28-10) ...
INFO:kolla.common.utils.hacluster-pcs:Removing intermediate container a8fbe3d4d05c
INFO:kolla.common.utils.hacluster-pcs: ---> 8aa7db4c7cda
INFO:kolla.common.utils.hacluster-pcs:Successfully built 8aa7db4c7cda
INFO:kolla.common.utils.hacluster-pcs:Successfully tagged s390x/debian-binary-hacluster-pcs:9.1.0
INFO:kolla.common.utils.hacluster-pcs:Built at 2020-03-02 21:24:26.825880 (took 0:00:34.225540)
