INFO:kolla.common.utils.hacluster-corosync:Building started at 2020-03-02 21:23:50.453475
INFO:kolla.common.utils.hacluster-corosync:Step 1/3 : FROM s390x/debian-binary-hacluster-base:9.1.0
INFO:kolla.common.utils.hacluster-corosync: ---> a04c4e1f64d6
INFO:kolla.common.utils.hacluster-corosync:Step 2/3 : LABEL maintainer="Kolla Project (https://launchpad.net/kolla)" name="hacluster-corosync" build-date="20200302"
INFO:kolla.common.utils.hacluster-corosync: ---> Running in eefbcb4c817e
INFO:kolla.common.utils.hacluster-corosync:Removing intermediate container eefbcb4c817e
INFO:kolla.common.utils.hacluster-corosync: ---> a1fd4e84e847
INFO:kolla.common.utils.hacluster-corosync:Step 3/3 : RUN apt-get update && apt-get -y install --no-install-recommends corosync && apt-get clean && rm -rf /var/lib/apt/lists/*
INFO:kolla.common.utils.hacluster-corosync: ---> Running in c71f5362a43e
INFO:kolla.common.utils.hacluster-corosync:Get:1 http://deb.debian.org/debian buster InRelease [122 kB]
INFO:kolla.common.utils.hacluster-corosync:Get:2 http://deb.debian.org/debian buster-backports InRelease [46.7 kB]
INFO:kolla.common.utils.hacluster-corosync:Get:3 http://buster-train.debian.net/debian buster-train-backports InRelease [3,660 B]
INFO:kolla.common.utils.hacluster-corosync:Get:5 http://deb.debian.org/debian buster/main s390x Packages [7,624 kB]
INFO:kolla.common.utils.hacluster-corosync:Get:4 http://security-cdn.debian.org/debian-security buster/updates InRelease [65.4 kB]
INFO:kolla.common.utils.hacluster-corosync:Get:6 http://buster-train.debian.net/debian buster-train-backports-nochange InRelease [3,669 B]
INFO:kolla.common.utils.hacluster-corosync:Get:7 http://deb.debian.org/debian buster-backports/main s390x Packages [209 kB]
INFO:kolla.common.utils.hacluster-corosync:Get:8 http://security-cdn.debian.org/debian-security buster/updates/main s390x Packages [161 kB]
INFO:kolla.common.utils.hacluster-corosync:Fetched 8,235 kB in 2s (5,292 kB/s)
INFO:kolla.common.utils.hacluster-corosync:Reading package lists...
INFO:kolla.common.utils.hacluster-corosync:[91mW: Skipping acquire of configured file 'main/binary-s390x/Packages' as repository 'http://buster-train.debian.net/debian buster-train-backports InRelease' does not seem to provide it (sources.list entry misspelt?)
INFO:kolla.common.utils.hacluster-corosync:W: Skipping acquire of configured file 'main/binary-s390x/Packages' as repository 'http://buster-train.debian.net/debian buster-train-backports-nochange InRelease' does not seem to provide it (sources.list entry misspelt?)
INFO:kolla.common.utils.hacluster-corosync:[0m
INFO:kolla.common.utils.hacluster-corosync:Reading package lists...
INFO:kolla.common.utils.hacluster-corosync:Building dependency tree...
INFO:kolla.common.utils.hacluster-corosync:Reading state information...
INFO:kolla.common.utils.hacluster-corosync:The following additional packages will be installed:
INFO:kolla.common.utils.hacluster-corosync:  libcfg7 libcmap4 libcorosync-common4 libcpg4 libicu63 libknet1 liblzo2-2
INFO:kolla.common.utils.hacluster-corosync:  libnspr4 libnss3 libqb0 libquorum5 libstatgrab10 libvotequorum8 libxml2
INFO:kolla.common.utils.hacluster-corosync:  libxslt1.1 xsltproc
INFO:kolla.common.utils.hacluster-corosync:The following NEW packages will be installed:
INFO:kolla.common.utils.hacluster-corosync:  corosync libcfg7 libcmap4 libcorosync-common4 libcpg4 libicu63 libknet1
INFO:kolla.common.utils.hacluster-corosync:  liblzo2-2 libnspr4 libnss3 libqb0 libquorum5 libstatgrab10 libvotequorum8
INFO:kolla.common.utils.hacluster-corosync:  libxml2 libxslt1.1 xsltproc
INFO:kolla.common.utils.hacluster-corosync:0 upgraded, 17 newly installed, 0 to remove and 0 not upgraded.
INFO:kolla.common.utils.hacluster-corosync:Need to get 12.5 MB of archives.
INFO:kolla.common.utils.hacluster-corosync:After this operation, 44.2 MB of additional disk space will be used.
INFO:kolla.common.utils.hacluster-corosync:Get:1 http://deb.debian.org/debian buster/main s390x libcorosync-common4 s390x 3.0.1-2 [243 kB]
INFO:kolla.common.utils.hacluster-corosync:Get:2 http://deb.debian.org/debian buster/main s390x libqb0 s390x 1.0.5-1 [136 kB]
INFO:kolla.common.utils.hacluster-corosync:Get:3 http://deb.debian.org/debian buster/main s390x libcfg7 s390x 3.0.1-2 [245 kB]
INFO:kolla.common.utils.hacluster-corosync:Get:4 http://deb.debian.org/debian buster/main s390x libcmap4 s390x 3.0.1-2 [247 kB]
INFO:kolla.common.utils.hacluster-corosync:Get:5 http://deb.debian.org/debian buster/main s390x libcpg4 s390x 3.0.1-2 [247 kB]
INFO:kolla.common.utils.hacluster-corosync:Get:6 http://deb.debian.org/debian buster/main s390x liblzo2-2 s390x 2.10-0.1 [52.8 kB]
INFO:kolla.common.utils.hacluster-corosync:Get:7 http://deb.debian.org/debian buster/main s390x libnspr4 s390x 2:4.20-1 [107 kB]
INFO:kolla.common.utils.hacluster-corosync:Get:8 http://deb.debian.org/debian buster/main s390x libnss3 s390x 2:3.42.1-1+deb10u2 [1,051 kB]
INFO:kolla.common.utils.hacluster-corosync:Get:9 http://deb.debian.org/debian buster/main s390x libknet1 s390x 1.8-2 [121 kB]
INFO:kolla.common.utils.hacluster-corosync:Get:10 http://deb.debian.org/debian buster/main s390x libquorum5 s390x 3.0.1-2 [244 kB]
INFO:kolla.common.utils.hacluster-corosync:Get:11 http://deb.debian.org/debian buster/main s390x libstatgrab10 s390x 0.91-1+b2 [107 kB]
INFO:kolla.common.utils.hacluster-corosync:Get:12 http://deb.debian.org/debian buster/main s390x libvotequorum8 s390x 3.0.1-2 [245 kB]
INFO:kolla.common.utils.hacluster-corosync:Get:13 http://deb.debian.org/debian buster/main s390x libicu63 s390x 63.1-6 [8,030 kB]
INFO:kolla.common.utils.hacluster-corosync:Get:14 http://deb.debian.org/debian buster/main s390x libxml2 s390x 2.9.4+dfsg1-7+b3 [606 kB]
INFO:kolla.common.utils.hacluster-corosync:Get:15 http://deb.debian.org/debian buster/main s390x libxslt1.1 s390x 1.1.32-2.2~deb10u1 [224 kB]
INFO:kolla.common.utils.hacluster-corosync:Get:16 http://deb.debian.org/debian buster/main s390x xsltproc s390x 1.1.32-2.2~deb10u1 [121 kB]
INFO:kolla.common.utils.hacluster-corosync:Get:17 http://deb.debian.org/debian buster/main s390x corosync s390x 3.0.1-2 [442 kB]
INFO:kolla.common.utils.hacluster-corosync:Fetched 12.5 MB in 0s (35.3 MB/s)
INFO:kolla.common.utils.hacluster-corosync:Selecting previously unselected package libcorosync-common4:s390x.
INFO:kolla.common.utils.hacluster-corosync:(Reading database ... 
INFO:kolla.common.utils.hacluster-corosync:(Reading database ... 5%(Reading database ... 10%(Reading database ... 15%(Reading database ... 20%(Reading database ... 25%
INFO:kolla.common.utils.hacluster-corosync:(Reading database ... 30%(Reading database ... 35%(Reading database ... 40%(Reading database ... 45%(Reading database ... 50%
INFO:kolla.common.utils.hacluster-corosync:(Reading database ... 55%(Reading database ... 60%
INFO:kolla.common.utils.hacluster-corosync:(Reading database ... 65%(Reading database ... 70%(Reading database ... 75%
INFO:kolla.common.utils.hacluster-corosync:(Reading database ... 80%(Reading database ... 85%(Reading database ... 90%(Reading database ... 95%(Reading database ... 100%(Reading database ... 12012 files and directories currently installed.)
INFO:kolla.common.utils.hacluster-corosync:Preparing to unpack .../00-libcorosync-common4_3.0.1-2_s390x.deb ...
INFO:kolla.common.utils.hacluster-corosync:Unpacking libcorosync-common4:s390x (3.0.1-2) ...
INFO:kolla.common.utils.hacluster-corosync:Selecting previously unselected package libqb0:s390x.
INFO:kolla.common.utils.hacluster-corosync:Preparing to unpack .../01-libqb0_1.0.5-1_s390x.deb ...
INFO:kolla.common.utils.hacluster-corosync:Unpacking libqb0:s390x (1.0.5-1) ...
INFO:kolla.common.utils.hacluster-corosync:Selecting previously unselected package libcfg7:s390x.
INFO:kolla.common.utils.hacluster-corosync:Preparing to unpack .../02-libcfg7_3.0.1-2_s390x.deb ...
INFO:kolla.common.utils.hacluster-corosync:Unpacking libcfg7:s390x (3.0.1-2) ...
INFO:kolla.common.utils.hacluster-corosync:Selecting previously unselected package libcmap4:s390x.
INFO:kolla.common.utils.hacluster-corosync:Preparing to unpack .../03-libcmap4_3.0.1-2_s390x.deb ...
INFO:kolla.common.utils.hacluster-corosync:Unpacking libcmap4:s390x (3.0.1-2) ...
INFO:kolla.common.utils.hacluster-corosync:Selecting previously unselected package libcpg4:s390x.
INFO:kolla.common.utils.hacluster-corosync:Preparing to unpack .../04-libcpg4_3.0.1-2_s390x.deb ...
INFO:kolla.common.utils.hacluster-corosync:Unpacking libcpg4:s390x (3.0.1-2) ...
INFO:kolla.common.utils.hacluster-corosync:Selecting previously unselected package liblzo2-2:s390x.
INFO:kolla.common.utils.hacluster-corosync:Preparing to unpack .../05-liblzo2-2_2.10-0.1_s390x.deb ...
INFO:kolla.common.utils.hacluster-corosync:Unpacking liblzo2-2:s390x (2.10-0.1) ...
INFO:kolla.common.utils.hacluster-corosync:Selecting previously unselected package libnspr4:s390x.
INFO:kolla.common.utils.hacluster-corosync:Preparing to unpack .../06-libnspr4_2%3a4.20-1_s390x.deb ...
INFO:kolla.common.utils.hacluster-corosync:Unpacking libnspr4:s390x (2:4.20-1) ...
INFO:kolla.common.utils.hacluster-corosync:Selecting previously unselected package libnss3:s390x.
INFO:kolla.common.utils.hacluster-corosync:Preparing to unpack .../07-libnss3_2%3a3.42.1-1+deb10u2_s390x.deb ...
INFO:kolla.common.utils.hacluster-corosync:Unpacking libnss3:s390x (2:3.42.1-1+deb10u2) ...
INFO:kolla.common.utils.hacluster-corosync:Selecting previously unselected package libknet1:s390x.
INFO:kolla.common.utils.hacluster-corosync:Preparing to unpack .../08-libknet1_1.8-2_s390x.deb ...
INFO:kolla.common.utils.hacluster-corosync:Unpacking libknet1:s390x (1.8-2) ...
INFO:kolla.common.utils.hacluster-corosync:Selecting previously unselected package libquorum5:s390x.
INFO:kolla.common.utils.hacluster-corosync:Preparing to unpack .../09-libquorum5_3.0.1-2_s390x.deb ...
INFO:kolla.common.utils.hacluster-corosync:Unpacking libquorum5:s390x (3.0.1-2) ...
INFO:kolla.common.utils.hacluster-corosync:Selecting previously unselected package libstatgrab10.
INFO:kolla.common.utils.hacluster-corosync:Preparing to unpack .../10-libstatgrab10_0.91-1+b2_s390x.deb ...
INFO:kolla.common.utils.hacluster-corosync:Unpacking libstatgrab10 (0.91-1+b2) ...
INFO:kolla.common.utils.hacluster-corosync:Selecting previously unselected package libvotequorum8:s390x.
INFO:kolla.common.utils.hacluster-corosync:Preparing to unpack .../11-libvotequorum8_3.0.1-2_s390x.deb ...
INFO:kolla.common.utils.hacluster-corosync:Unpacking libvotequorum8:s390x (3.0.1-2) ...
INFO:kolla.common.utils.hacluster-corosync:Selecting previously unselected package libicu63:s390x.
INFO:kolla.common.utils.hacluster-corosync:Preparing to unpack .../12-libicu63_63.1-6_s390x.deb ...
INFO:kolla.common.utils.hacluster-corosync:Unpacking libicu63:s390x (63.1-6) ...
INFO:kolla.common.utils.hacluster-corosync:Selecting previously unselected package libxml2:s390x.
INFO:kolla.common.utils.hacluster-corosync:Preparing to unpack .../13-libxml2_2.9.4+dfsg1-7+b3_s390x.deb ...
INFO:kolla.common.utils.hacluster-corosync:Unpacking libxml2:s390x (2.9.4+dfsg1-7+b3) ...
INFO:kolla.common.utils.hacluster-corosync:Selecting previously unselected package libxslt1.1:s390x.
INFO:kolla.common.utils.hacluster-corosync:Preparing to unpack .../14-libxslt1.1_1.1.32-2.2~deb10u1_s390x.deb ...
INFO:kolla.common.utils.hacluster-corosync:Unpacking libxslt1.1:s390x (1.1.32-2.2~deb10u1) ...
INFO:kolla.common.utils.hacluster-corosync:Selecting previously unselected package xsltproc.
INFO:kolla.common.utils.hacluster-corosync:Preparing to unpack .../15-xsltproc_1.1.32-2.2~deb10u1_s390x.deb ...
INFO:kolla.common.utils.hacluster-corosync:Unpacking xsltproc (1.1.32-2.2~deb10u1) ...
INFO:kolla.common.utils.hacluster-corosync:Selecting previously unselected package corosync.
INFO:kolla.common.utils.hacluster-corosync:Preparing to unpack .../16-corosync_3.0.1-2_s390x.deb ...
INFO:kolla.common.utils.hacluster-corosync:Unpacking corosync (3.0.1-2) ...
INFO:kolla.common.utils.hacluster-corosync:Setting up libqb0:s390x (1.0.5-1) ...
INFO:kolla.common.utils.hacluster-corosync:Setting up liblzo2-2:s390x (2.10-0.1) ...
INFO:kolla.common.utils.hacluster-corosync:Setting up libcorosync-common4:s390x (3.0.1-2) ...
INFO:kolla.common.utils.hacluster-corosync:Setting up libicu63:s390x (63.1-6) ...
INFO:kolla.common.utils.hacluster-corosync:Setting up libnspr4:s390x (2:4.20-1) ...
INFO:kolla.common.utils.hacluster-corosync:Setting up libcfg7:s390x (3.0.1-2) ...
INFO:kolla.common.utils.hacluster-corosync:Setting up libstatgrab10 (0.91-1+b2) ...
INFO:kolla.common.utils.hacluster-corosync:Setting up libxml2:s390x (2.9.4+dfsg1-7+b3) ...
INFO:kolla.common.utils.hacluster-corosync:Setting up libvotequorum8:s390x (3.0.1-2) ...
INFO:kolla.common.utils.hacluster-corosync:Setting up libcpg4:s390x (3.0.1-2) ...
INFO:kolla.common.utils.hacluster-corosync:Setting up libcmap4:s390x (3.0.1-2) ...
INFO:kolla.common.utils.hacluster-corosync:Setting up libquorum5:s390x (3.0.1-2) ...
INFO:kolla.common.utils.hacluster-corosync:Setting up libnss3:s390x (2:3.42.1-1+deb10u2) ...
INFO:kolla.common.utils.hacluster-corosync:Setting up libknet1:s390x (1.8-2) ...
INFO:kolla.common.utils.hacluster-corosync:Setting up libxslt1.1:s390x (1.1.32-2.2~deb10u1) ...
INFO:kolla.common.utils.hacluster-corosync:Setting up xsltproc (1.1.32-2.2~deb10u1) ...
INFO:kolla.common.utils.hacluster-corosync:Setting up corosync (3.0.1-2) ...
INFO:kolla.common.utils.hacluster-corosync:invoke-rc.d: could not determine current runlevel
INFO:kolla.common.utils.hacluster-corosync:invoke-rc.d: policy-rc.d denied execution of start.
INFO:kolla.common.utils.hacluster-corosync:Processing triggers for libc-bin (2.28-10) ...
INFO:kolla.common.utils.hacluster-corosync:Removing intermediate container c71f5362a43e
INFO:kolla.common.utils.hacluster-corosync: ---> dd35766ad84a
INFO:kolla.common.utils.hacluster-corosync:Successfully built dd35766ad84a
INFO:kolla.common.utils.hacluster-corosync:Successfully tagged s390x/debian-binary-hacluster-corosync:9.1.0
INFO:kolla.common.utils.hacluster-corosync:Built at 2020-03-02 21:24:01.483182 (took 0:00:11.029707)
