INFO:kolla.common.utils.heat-api-cfn:Building started at 2020-03-02 21:29:12.049008
INFO:kolla.common.utils.heat-api-cfn:Step 1/6 : FROM s390x/debian-binary-heat-base:9.1.0
INFO:kolla.common.utils.heat-api-cfn: ---> ef449859c1f7
INFO:kolla.common.utils.heat-api-cfn:Step 2/6 : LABEL maintainer="Kolla Project (https://launchpad.net/kolla)" name="heat-api-cfn" build-date="20200302"
INFO:kolla.common.utils.heat-api-cfn: ---> Running in 323106795afb
INFO:kolla.common.utils.heat-api-cfn:Removing intermediate container 323106795afb
INFO:kolla.common.utils.heat-api-cfn: ---> 31bd1dc6c388
INFO:kolla.common.utils.heat-api-cfn:Step 3/6 : RUN apt-get update && apt-get -y install --no-install-recommends heat-api-cfn && apt-get clean && rm -rf /var/lib/apt/lists/*
INFO:kolla.common.utils.heat-api-cfn: ---> Running in 0c61b263f3b2
INFO:kolla.common.utils.heat-api-cfn:Get:1 http://deb.debian.org/debian buster InRelease [122 kB]
INFO:kolla.common.utils.heat-api-cfn:Get:2 http://deb.debian.org/debian buster-backports InRelease [46.7 kB]
INFO:kolla.common.utils.heat-api-cfn:Get:3 http://security-cdn.debian.org/debian-security buster/updates InRelease [65.4 kB]
INFO:kolla.common.utils.heat-api-cfn:Get:4 http://buster-train.debian.net/debian buster-train-backports InRelease [3,660 B]
INFO:kolla.common.utils.heat-api-cfn:Get:5 http://deb.debian.org/debian buster/main s390x Packages [7,624 kB]
INFO:kolla.common.utils.heat-api-cfn:Get:6 http://buster-train.debian.net/debian buster-train-backports-nochange InRelease [3,669 B]
INFO:kolla.common.utils.heat-api-cfn:Get:7 http://deb.debian.org/debian buster-backports/main s390x Packages [209 kB]
INFO:kolla.common.utils.heat-api-cfn:Get:8 http://security-cdn.debian.org/debian-security buster/updates/main s390x Packages [161 kB]
INFO:kolla.common.utils.heat-api-cfn:Fetched 8,235 kB in 2s (5,236 kB/s)
INFO:kolla.common.utils.heat-api-cfn:Reading package lists...
INFO:kolla.common.utils.heat-api-cfn:[91mW: Skipping acquire of configured file 'main/binary-s390x/Packages' as repository 'http://buster-train.debian.net/debian buster-train-backports InRelease' does not seem to provide it (sources.list entry misspelt?)
INFO:kolla.common.utils.heat-api-cfn:W: Skipping acquire of configured file 'main/binary-s390x/Packages' as repository 'http://buster-train.debian.net/debian buster-train-backports-nochange InRelease' does not seem to provide it (sources.list entry misspelt?)
INFO:kolla.common.utils.heat-api-cfn:[0m
INFO:kolla.common.utils.heat-api-cfn:Reading package lists...
INFO:kolla.common.utils.heat-api-cfn:Building dependency tree...
INFO:kolla.common.utils.heat-api-cfn:Reading state information...
INFO:kolla.common.utils.heat-api-cfn:The following additional packages will be installed:
INFO:kolla.common.utils.heat-api-cfn:  libmatheval1 python3-pastescript uwsgi-core uwsgi-plugin-python3
INFO:kolla.common.utils.heat-api-cfn:Suggested packages:
INFO:kolla.common.utils.heat-api-cfn:  python3-cherrypy3 nginx-full | cherokee | libapache2-mod-proxy-uwsgi
INFO:kolla.common.utils.heat-api-cfn:  | libapache2-mod-uwsgi | libapache2-mod-ruwsgi uwsgi-dev uwsgi-extra
INFO:kolla.common.utils.heat-api-cfn:  uwsgi-plugins-all python3-uwsgidecorators
INFO:kolla.common.utils.heat-api-cfn:The following NEW packages will be installed:
INFO:kolla.common.utils.heat-api-cfn:  heat-api-cfn libmatheval1 python3-pastescript uwsgi-core
INFO:kolla.common.utils.heat-api-cfn:  uwsgi-plugin-python3
INFO:kolla.common.utils.heat-api-cfn:0 upgraded, 5 newly installed, 0 to remove and 0 not upgraded.
INFO:kolla.common.utils.heat-api-cfn:Need to get 729 kB of archives.
INFO:kolla.common.utils.heat-api-cfn:After this operation, 2,926 kB of additional disk space will be used.
INFO:kolla.common.utils.heat-api-cfn:Get:1 http://deb.debian.org/debian buster/main s390x python3-pastescript all 2.0.2-2 [62.5 kB]
INFO:kolla.common.utils.heat-api-cfn:Get:2 http://deb.debian.org/debian buster/main s390x libmatheval1 s390x 1.1.11+dfsg-3 [22.4 kB]
INFO:kolla.common.utils.heat-api-cfn:Get:3 http://deb.debian.org/debian buster/main s390x uwsgi-core s390x 2.0.18-1 [514 kB]
INFO:kolla.common.utils.heat-api-cfn:Get:4 http://deb.debian.org/debian buster/main s390x uwsgi-plugin-python3 s390x 2.0.18-1 [105 kB]
INFO:kolla.common.utils.heat-api-cfn:Get:5 http://deb.debian.org/debian buster/main s390x heat-api-cfn all 1:11.0.0-6 [24.2 kB]
INFO:kolla.common.utils.heat-api-cfn:Preconfiguring packages ...
INFO:kolla.common.utils.heat-api-cfn:Fetched 729 kB in 0s (7,711 kB/s)
INFO:kolla.common.utils.heat-api-cfn:Selecting previously unselected package python3-pastescript.
INFO:kolla.common.utils.heat-api-cfn:(Reading database ... (Reading database ... 5%(Reading database ... 10%(Reading database ... 15%(Reading database ... 20%(Reading database ... 25%(Reading database ... 30%(Reading database ... 35%(Reading database ... 40%(Reading database ... 45%(Reading database ... 50%(Reading database ... 55%(Reading database ... 60%(Reading database ... 65%
INFO:kolla.common.utils.heat-api-cfn:(Reading database ... 70%
INFO:kolla.common.utils.heat-api-cfn:(Reading database ... 75%(Reading database ... 80%(Reading database ... 85%(Reading database ... 90%(Reading database ... 95%
INFO:kolla.common.utils.heat-api-cfn:(Reading database ... 100%(Reading database ... 27826 files and directories currently installed.)
INFO:kolla.common.utils.heat-api-cfn:Preparing to unpack .../python3-pastescript_2.0.2-2_all.deb ...
INFO:kolla.common.utils.heat-api-cfn:Unpacking python3-pastescript (2.0.2-2) ...
INFO:kolla.common.utils.heat-api-cfn:Selecting previously unselected package libmatheval1:s390x.
INFO:kolla.common.utils.heat-api-cfn:Preparing to unpack .../libmatheval1_1.1.11+dfsg-3_s390x.deb ...
INFO:kolla.common.utils.heat-api-cfn:Unpacking libmatheval1:s390x (1.1.11+dfsg-3) ...
INFO:kolla.common.utils.heat-api-cfn:Selecting previously unselected package uwsgi-core.
INFO:kolla.common.utils.heat-api-cfn:Preparing to unpack .../uwsgi-core_2.0.18-1_s390x.deb ...
INFO:kolla.common.utils.heat-api-cfn:Unpacking uwsgi-core (2.0.18-1) ...
INFO:kolla.common.utils.heat-api-cfn:Selecting previously unselected package uwsgi-plugin-python3.
INFO:kolla.common.utils.heat-api-cfn:Preparing to unpack .../uwsgi-plugin-python3_2.0.18-1_s390x.deb ...
INFO:kolla.common.utils.heat-api-cfn:Unpacking uwsgi-plugin-python3 (2.0.18-1) ...
INFO:kolla.common.utils.heat-api-cfn:Selecting previously unselected package heat-api-cfn.
INFO:kolla.common.utils.heat-api-cfn:Preparing to unpack .../heat-api-cfn_1%3a11.0.0-6_all.deb ...
INFO:kolla.common.utils.heat-api-cfn:Unpacking heat-api-cfn (1:11.0.0-6) ...
INFO:kolla.common.utils.heat-api-cfn:Setting up python3-pastescript (2.0.2-2) ...
INFO:kolla.common.utils.heat-api-cfn:Setting up libmatheval1:s390x (1.1.11+dfsg-3) ...
INFO:kolla.common.utils.heat-api-cfn:Setting up uwsgi-core (2.0.18-1) ...
INFO:kolla.common.utils.heat-api-cfn:Setting up uwsgi-plugin-python3 (2.0.18-1) ...
INFO:kolla.common.utils.heat-api-cfn:Setting up heat-api-cfn (1:11.0.0-6) ...
INFO:kolla.common.utils.heat-api-cfn:Will not register heat-cfn endpoint this time (no user request for it).
INFO:kolla.common.utils.heat-api-cfn:invoke-rc.d: could not determine current runlevel
INFO:kolla.common.utils.heat-api-cfn:invoke-rc.d: policy-rc.d denied execution of start.
INFO:kolla.common.utils.heat-api-cfn:Processing triggers for libc-bin (2.28-10) ...
INFO:kolla.common.utils.heat-api-cfn:Removing intermediate container 0c61b263f3b2
INFO:kolla.common.utils.heat-api-cfn: ---> 884352bdd649
INFO:kolla.common.utils.heat-api-cfn:Step 4/6 : COPY extend_start.sh /usr/local/bin/kolla_heat_extend_start
INFO:kolla.common.utils.heat-api-cfn: ---> 4718f8632efb
INFO:kolla.common.utils.heat-api-cfn:Step 5/6 : RUN chmod 755 /usr/local/bin/kolla_heat_extend_start
INFO:kolla.common.utils.heat-api-cfn: ---> Running in f4f1f64a7630
INFO:kolla.common.utils.heat-api-cfn:Removing intermediate container f4f1f64a7630
INFO:kolla.common.utils.heat-api-cfn: ---> 9014d1ba744b
INFO:kolla.common.utils.heat-api-cfn:Step 6/6 : USER heat
INFO:kolla.common.utils.heat-api-cfn: ---> Running in b27c71122789
INFO:kolla.common.utils.heat-api-cfn:Removing intermediate container b27c71122789
INFO:kolla.common.utils.heat-api-cfn: ---> 02b0bba9586b
INFO:kolla.common.utils.heat-api-cfn:Successfully built 02b0bba9586b
INFO:kolla.common.utils.heat-api-cfn:Successfully tagged s390x/debian-binary-heat-api-cfn:9.1.0
INFO:kolla.common.utils.heat-api-cfn:Built at 2020-03-02 21:29:21.718189 (took 0:00:09.669181)
