INFO:kolla.common.utils.heat-api:Building started at 2020-03-02 21:29:13.448754
INFO:kolla.common.utils.heat-api:Step 1/6 : FROM s390x/debian-binary-heat-base:9.1.0
INFO:kolla.common.utils.heat-api: ---> ef449859c1f7
INFO:kolla.common.utils.heat-api:Step 2/6 : LABEL maintainer="Kolla Project (https://launchpad.net/kolla)" name="heat-api" build-date="20200302"
INFO:kolla.common.utils.heat-api: ---> Running in 37037c90ca6c
INFO:kolla.common.utils.heat-api:Removing intermediate container 37037c90ca6c
INFO:kolla.common.utils.heat-api: ---> 6a979be33069
INFO:kolla.common.utils.heat-api:Step 3/6 : RUN apt-get update && apt-get -y install --no-install-recommends heat-api && apt-get clean && rm -rf /var/lib/apt/lists/*
INFO:kolla.common.utils.heat-api: ---> Running in 62448d677515
INFO:kolla.common.utils.heat-api:Get:1 http://deb.debian.org/debian buster InRelease [122 kB]
INFO:kolla.common.utils.heat-api:Get:2 http://deb.debian.org/debian buster-backports InRelease [46.7 kB]
INFO:kolla.common.utils.heat-api:Get:4 http://buster-train.debian.net/debian buster-train-backports InRelease [3,660 B]
INFO:kolla.common.utils.heat-api:Get:5 http://deb.debian.org/debian buster/main s390x Packages [7,624 kB]
INFO:kolla.common.utils.heat-api:Get:3 http://security-cdn.debian.org/debian-security buster/updates InRelease [65.4 kB]
INFO:kolla.common.utils.heat-api:Get:6 http://buster-train.debian.net/debian buster-train-backports-nochange InRelease [3,669 B]
INFO:kolla.common.utils.heat-api:Get:7 http://deb.debian.org/debian buster-backports/main s390x Packages [209 kB]
INFO:kolla.common.utils.heat-api:Get:8 http://security-cdn.debian.org/debian-security buster/updates/main s390x Packages [161 kB]
INFO:kolla.common.utils.heat-api:Fetched 8,235 kB in 2s (5,284 kB/s)
INFO:kolla.common.utils.heat-api:Reading package lists...
INFO:kolla.common.utils.heat-api:[91mW: Skipping acquire of configured file 'main/binary-s390x/Packages' as repository 'http://buster-train.debian.net/debian buster-train-backports InRelease' does not seem to provide it (sources.list entry misspelt?)
INFO:kolla.common.utils.heat-api:W: Skipping acquire of configured file 'main/binary-s390x/Packages' as repository 'http://buster-train.debian.net/debian buster-train-backports-nochange InRelease' does not seem to provide it (sources.list entry misspelt?)
INFO:kolla.common.utils.heat-api:[0m
INFO:kolla.common.utils.heat-api:Reading package lists...
INFO:kolla.common.utils.heat-api:Building dependency tree...
INFO:kolla.common.utils.heat-api:Reading state information...
INFO:kolla.common.utils.heat-api:The following additional packages will be installed:
INFO:kolla.common.utils.heat-api:  libmatheval1 python3-pastescript uwsgi-core uwsgi-plugin-python3
INFO:kolla.common.utils.heat-api:Suggested packages:
INFO:kolla.common.utils.heat-api:  python3-cherrypy3 nginx-full | cherokee | libapache2-mod-proxy-uwsgi
INFO:kolla.common.utils.heat-api:  | libapache2-mod-uwsgi | libapache2-mod-ruwsgi uwsgi-dev uwsgi-extra
INFO:kolla.common.utils.heat-api:  uwsgi-plugins-all python3-uwsgidecorators
INFO:kolla.common.utils.heat-api:The following NEW packages will be installed:
INFO:kolla.common.utils.heat-api:  heat-api libmatheval1 python3-pastescript uwsgi-core uwsgi-plugin-python3
INFO:kolla.common.utils.heat-api:0 upgraded, 5 newly installed, 0 to remove and 0 not upgraded.
INFO:kolla.common.utils.heat-api:Need to get 729 kB of archives.
INFO:kolla.common.utils.heat-api:After this operation, 2,926 kB of additional disk space will be used.
INFO:kolla.common.utils.heat-api:Get:1 http://deb.debian.org/debian buster/main s390x python3-pastescript all 2.0.2-2 [62.5 kB]
INFO:kolla.common.utils.heat-api:Get:2 http://deb.debian.org/debian buster/main s390x libmatheval1 s390x 1.1.11+dfsg-3 [22.4 kB]
INFO:kolla.common.utils.heat-api:Get:3 http://deb.debian.org/debian buster/main s390x uwsgi-core s390x 2.0.18-1 [514 kB]
INFO:kolla.common.utils.heat-api:Get:4 http://deb.debian.org/debian buster/main s390x uwsgi-plugin-python3 s390x 2.0.18-1 [105 kB]
INFO:kolla.common.utils.heat-api:Get:5 http://deb.debian.org/debian buster/main s390x heat-api all 1:11.0.0-6 [24.0 kB]
INFO:kolla.common.utils.heat-api:Preconfiguring packages ...
INFO:kolla.common.utils.heat-api:Fetched 729 kB in 0s (11.2 MB/s)
INFO:kolla.common.utils.heat-api:Selecting previously unselected package python3-pastescript.
INFO:kolla.common.utils.heat-api:(Reading database ... (Reading database ... 5%(Reading database ... 10%
INFO:kolla.common.utils.heat-api:(Reading database ... 15%(Reading database ... 20%(Reading database ... 25%
INFO:kolla.common.utils.heat-api:(Reading database ... 30%(Reading database ... 35%(Reading database ... 40%(Reading database ... 45%(Reading database ... 50%(Reading database ... 55%(Reading database ... 60%(Reading database ... 65%
INFO:kolla.common.utils.heat-api:(Reading database ... 70%
INFO:kolla.common.utils.heat-api:(Reading database ... 75%
INFO:kolla.common.utils.heat-api:(Reading database ... 80%(Reading database ... 85%(Reading database ... 90%(Reading database ... 95%
INFO:kolla.common.utils.heat-api:(Reading database ... 100%(Reading database ... 27826 files and directories currently installed.)
INFO:kolla.common.utils.heat-api:Preparing to unpack .../python3-pastescript_2.0.2-2_all.deb ...
INFO:kolla.common.utils.heat-api:Unpacking python3-pastescript (2.0.2-2) ...
INFO:kolla.common.utils.heat-api:Selecting previously unselected package libmatheval1:s390x.
INFO:kolla.common.utils.heat-api:Preparing to unpack .../libmatheval1_1.1.11+dfsg-3_s390x.deb ...
INFO:kolla.common.utils.heat-api:Unpacking libmatheval1:s390x (1.1.11+dfsg-3) ...
INFO:kolla.common.utils.heat-api:Selecting previously unselected package uwsgi-core.
INFO:kolla.common.utils.heat-api:Preparing to unpack .../uwsgi-core_2.0.18-1_s390x.deb ...
INFO:kolla.common.utils.heat-api:Unpacking uwsgi-core (2.0.18-1) ...
INFO:kolla.common.utils.heat-api:Selecting previously unselected package uwsgi-plugin-python3.
INFO:kolla.common.utils.heat-api:Preparing to unpack .../uwsgi-plugin-python3_2.0.18-1_s390x.deb ...
INFO:kolla.common.utils.heat-api:Unpacking uwsgi-plugin-python3 (2.0.18-1) ...
INFO:kolla.common.utils.heat-api:Selecting previously unselected package heat-api.
INFO:kolla.common.utils.heat-api:Preparing to unpack .../heat-api_1%3a11.0.0-6_all.deb ...
INFO:kolla.common.utils.heat-api:Unpacking heat-api (1:11.0.0-6) ...
INFO:kolla.common.utils.heat-api:Setting up python3-pastescript (2.0.2-2) ...
INFO:kolla.common.utils.heat-api:Setting up libmatheval1:s390x (1.1.11+dfsg-3) ...
INFO:kolla.common.utils.heat-api:Setting up uwsgi-core (2.0.18-1) ...
INFO:kolla.common.utils.heat-api:Setting up uwsgi-plugin-python3 (2.0.18-1) ...
INFO:kolla.common.utils.heat-api:Setting up heat-api (1:11.0.0-6) ...
INFO:kolla.common.utils.heat-api:Will not register heat endpoint this time (no user request for it).
INFO:kolla.common.utils.heat-api:invoke-rc.d: could not determine current runlevel
INFO:kolla.common.utils.heat-api:invoke-rc.d: policy-rc.d denied execution of start.
INFO:kolla.common.utils.heat-api:Processing triggers for libc-bin (2.28-10) ...
INFO:kolla.common.utils.heat-api:Removing intermediate container 62448d677515
INFO:kolla.common.utils.heat-api: ---> db4304c0ecd9
INFO:kolla.common.utils.heat-api:Step 4/6 : COPY extend_start.sh /usr/local/bin/kolla_heat_extend_start
INFO:kolla.common.utils.heat-api: ---> 5e2ca87cfd69
INFO:kolla.common.utils.heat-api:Step 5/6 : RUN chmod 755 /usr/local/bin/kolla_heat_extend_start
INFO:kolla.common.utils.heat-api: ---> Running in 6fddd60e47e1
INFO:kolla.common.utils.heat-api:Removing intermediate container 6fddd60e47e1
INFO:kolla.common.utils.heat-api: ---> a900d3fe45bb
INFO:kolla.common.utils.heat-api:Step 6/6 : USER heat
INFO:kolla.common.utils.heat-api: ---> Running in 8498002d7e5d
INFO:kolla.common.utils.heat-api:Removing intermediate container 8498002d7e5d
INFO:kolla.common.utils.heat-api: ---> 296de8f663a3
INFO:kolla.common.utils.heat-api:Successfully built 296de8f663a3
INFO:kolla.common.utils.heat-api:Successfully tagged s390x/debian-binary-heat-api:9.1.0
INFO:kolla.common.utils.heat-api:Built at 2020-03-02 21:29:23.686135 (took 0:00:10.237381)
