INFO:kolla.common.utils.ironic-conductor:Building started at 2020-03-02 21:27:55.546305
INFO:kolla.common.utils.ironic-conductor:Step 1/4 : FROM s390x/debian-binary-ironic-base:9.1.0
INFO:kolla.common.utils.ironic-conductor: ---> 39774c3a53ba
INFO:kolla.common.utils.ironic-conductor:Step 2/4 : LABEL maintainer="Kolla Project (https://launchpad.net/kolla)" name="ironic-conductor" build-date="20200302"
INFO:kolla.common.utils.ironic-conductor: ---> Running in a2b6c9039f14
INFO:kolla.common.utils.ironic-conductor:Removing intermediate container a2b6c9039f14
INFO:kolla.common.utils.ironic-conductor: ---> c16081fc31d8
INFO:kolla.common.utils.ironic-conductor:Step 3/4 : RUN apt-get update && apt-get -y install --no-install-recommends ansible bsdmainutils dosfstools e2fsprogs gdisk ipmitool ironic-conductor openssh-client parted psmisc python3-ironic-inspector-client python3-proliantutils python3-pysnmp4 python3-scciclient python3-systemd qemu-utils shellinabox udev xfsprogs && apt-get clean && rm -rf /var/lib/apt/lists/*
INFO:kolla.common.utils.ironic-conductor: ---> Running in 46d72479ccc8
INFO:kolla.common.utils.ironic-conductor:Get:1 http://deb.debian.org/debian buster InRelease [122 kB]
INFO:kolla.common.utils.ironic-conductor:Get:2 http://deb.debian.org/debian buster-backports InRelease [46.7 kB]
INFO:kolla.common.utils.ironic-conductor:Get:3 http://security-cdn.debian.org/debian-security buster/updates InRelease [65.4 kB]
INFO:kolla.common.utils.ironic-conductor:Get:4 http://deb.debian.org/debian buster/main s390x Packages [7,624 kB]
INFO:kolla.common.utils.ironic-conductor:Get:5 http://buster-train.debian.net/debian buster-train-backports InRelease [3,660 B]
INFO:kolla.common.utils.ironic-conductor:Get:6 http://deb.debian.org/debian buster-backports/main s390x Packages [209 kB]
INFO:kolla.common.utils.ironic-conductor:Get:7 http://buster-train.debian.net/debian buster-train-backports-nochange InRelease [3,669 B]
INFO:kolla.common.utils.ironic-conductor:Get:8 http://security-cdn.debian.org/debian-security buster/updates/main s390x Packages [161 kB]
INFO:kolla.common.utils.ironic-conductor:Fetched 8,235 kB in 2s (4,643 kB/s)
INFO:kolla.common.utils.ironic-conductor:Reading package lists...
INFO:kolla.common.utils.ironic-conductor:[91mW: Skipping acquire of configured file 'main/binary-s390x/Packages' as repository 'http://buster-train.debian.net/debian buster-train-backports InRelease' does not seem to provide it (sources.list entry misspelt?)
INFO:kolla.common.utils.ironic-conductor:W: Skipping acquire of configured file 'main/binary-s390x/Packages' as repository 'http://buster-train.debian.net/debian buster-train-backports-nochange InRelease' does not seem to provide it (sources.list entry misspelt?)
INFO:kolla.common.utils.ironic-conductor:[0m
INFO:kolla.common.utils.ironic-conductor:Reading package lists...
INFO:kolla.common.utils.ironic-conductor:Building dependency tree...
INFO:kolla.common.utils.ironic-conductor:Reading state information...
INFO:kolla.common.utils.ironic-conductor:e2fsprogs is already the newest version (1.44.5-1+deb10u3).
INFO:kolla.common.utils.ironic-conductor:e2fsprogs set to manually installed.
INFO:kolla.common.utils.ironic-conductor:ipmitool is already the newest version (1.8.18-6).
INFO:kolla.common.utils.ironic-conductor:ipmitool set to manually installed.
INFO:kolla.common.utils.ironic-conductor:python3-ironic-inspector-client is already the newest version (3.3.0-2).
INFO:kolla.common.utils.ironic-conductor:python3-ironic-inspector-client set to manually installed.
INFO:kolla.common.utils.ironic-conductor:python3-proliantutils is already the newest version (2.6.0-2).
INFO:kolla.common.utils.ironic-conductor:python3-proliantutils set to manually installed.
INFO:kolla.common.utils.ironic-conductor:python3-pysnmp4 is already the newest version (4.4.6+repack1-1).
INFO:kolla.common.utils.ironic-conductor:python3-pysnmp4 set to manually installed.
INFO:kolla.common.utils.ironic-conductor:udev is already the newest version (241-7~deb10u3).
INFO:kolla.common.utils.ironic-conductor:udev set to manually installed.
INFO:kolla.common.utils.ironic-conductor:The following additional packages will be installed:
INFO:kolla.common.utils.ironic-conductor:  ipxe libedit2 libparted2 libpopt0 pxelinux python3-bcrypt python3-httplib2
INFO:kolla.common.utils.ironic-conductor:  python3-nacl python3-paramiko tftpd-hpa xinetd
INFO:kolla.common.utils.ironic-conductor:Suggested packages:
INFO:kolla.common.utils.ironic-conductor:  cowsay sshpass cpp wamerican | wordlist whois vacation syslinux
INFO:kolla.common.utils.ironic-conductor:  syslinux-common libparted-dev libparted-i18n keychain libpam-ssh
INFO:kolla.common.utils.ironic-conductor:  monkeysphere ssh-askpass parted-doc python-nacl-doc python3-gssapi
INFO:kolla.common.utils.ironic-conductor:  python-scciclient-doc debootstrap qemu-block-extra xfsdump acl attr quota
INFO:kolla.common.utils.ironic-conductor:Recommended packages:
INFO:kolla.common.utils.ironic-conductor:  python3-kerberos python3-libcloud python3-selinux python3-winrm
INFO:kolla.common.utils.ironic-conductor:  python3-xmltodict groff-base xauth syslinux-common rsyslog
INFO:kolla.common.utils.ironic-conductor:  | system-log-daemon logrotate update-inetd
INFO:kolla.common.utils.ironic-conductor:The following NEW packages will be installed:
INFO:kolla.common.utils.ironic-conductor:  ansible bsdmainutils dosfstools gdisk ipxe ironic-conductor libedit2
INFO:kolla.common.utils.ironic-conductor:  libparted2 libpopt0 openssh-client parted psmisc pxelinux python3-bcrypt
INFO:kolla.common.utils.ironic-conductor:  python3-httplib2 python3-nacl python3-paramiko python3-scciclient
INFO:kolla.common.utils.ironic-conductor:  python3-systemd qemu-utils shellinabox tftpd-hpa xfsprogs xinetd
INFO:kolla.common.utils.ironic-conductor:0 upgraded, 24 newly installed, 0 to remove and 0 not upgraded.
INFO:kolla.common.utils.ironic-conductor:Need to get 9,557 kB of archives.
INFO:kolla.common.utils.ironic-conductor:After this operation, 58.5 MB of additional disk space will be used.
INFO:kolla.common.utils.ironic-conductor:Get:1 http://deb.debian.org/debian buster/main s390x bsdmainutils s390x 11.1.2+b1 [191 kB]
INFO:kolla.common.utils.ironic-conductor:Get:2 http://deb.debian.org/debian buster/main s390x libedit2 s390x 3.1-20181209-1 [89.2 kB]
INFO:kolla.common.utils.ironic-conductor:Get:3 http://deb.debian.org/debian buster/main s390x openssh-client s390x 1:7.9p1-10+deb10u2 [736 kB]
INFO:kolla.common.utils.ironic-conductor:Get:5 http://deb.debian.org/debian buster/main s390x python3-bcrypt s390x 3.1.6-1 [27.8 kB]
INFO:kolla.common.utils.ironic-conductor:Get:6 http://deb.debian.org/debian buster/main s390x python3-nacl s390x 1.3.0-2 [48.6 kB]
INFO:kolla.common.utils.ironic-conductor:Get:7 http://deb.debian.org/debian buster/main s390x python3-paramiko all 2.4.2-0.1 [120 kB]
INFO:kolla.common.utils.ironic-conductor:Get:8 http://deb.debian.org/debian buster/main s390x python3-httplib2 all 0.11.3-2 [29.2 kB]
INFO:kolla.common.utils.ironic-conductor:Get:9 http://deb.debian.org/debian buster/main s390x ansible all 2.7.7+dfsg-1 [3,958 kB]
INFO:kolla.common.utils.ironic-conductor:Get:4 http://security-cdn.debian.org/debian-security buster/updates/main s390x qemu-utils s390x 1:3.1+dfsg-8+deb10u4 [885 kB]
INFO:kolla.common.utils.ironic-conductor:Get:10 http://deb.debian.org/debian buster/main s390x dosfstools s390x 4.1-2 [96.4 kB]
INFO:kolla.common.utils.ironic-conductor:Get:11 http://deb.debian.org/debian buster/main s390x libpopt0 s390x 1.16-12 [47.7 kB]
INFO:kolla.common.utils.ironic-conductor:Get:12 http://deb.debian.org/debian buster/main s390x gdisk s390x 1.0.3-1.1 [190 kB]
INFO:kolla.common.utils.ironic-conductor:Get:13 http://deb.debian.org/debian buster/main s390x ipxe all 1.0.0+git-20190125.36a4c85-1 [1,139 kB]
INFO:kolla.common.utils.ironic-conductor:Get:14 http://deb.debian.org/debian buster/main s390x pxelinux all 3:6.04~git20190206.bf6db5b4+dfsg1-1 [156 kB]
INFO:kolla.common.utils.ironic-conductor:Get:15 http://deb.debian.org/debian buster/main s390x tftpd-hpa s390x 5.2+20150808-1+b1 [50.2 kB]
INFO:kolla.common.utils.ironic-conductor:Get:16 http://deb.debian.org/debian buster/main s390x xinetd s390x 1:2.3.15.3-1 [129 kB]
INFO:kolla.common.utils.ironic-conductor:Get:17 http://deb.debian.org/debian buster/main s390x ironic-conductor all 1:11.1.0-6 [9,500 B]
INFO:kolla.common.utils.ironic-conductor:Get:18 http://deb.debian.org/debian buster/main s390x libparted2 s390x 3.2-25 [279 kB]
INFO:kolla.common.utils.ironic-conductor:Get:19 http://deb.debian.org/debian buster/main s390x parted s390x 3.2-25 [194 kB]
INFO:kolla.common.utils.ironic-conductor:Get:20 http://deb.debian.org/debian buster/main s390x psmisc s390x 23.2-1 [121 kB]
INFO:kolla.common.utils.ironic-conductor:Get:21 http://deb.debian.org/debian buster/main s390x python3-scciclient all 0.7.2-2 [40.1 kB]
INFO:kolla.common.utils.ironic-conductor:Get:22 http://deb.debian.org/debian buster/main s390x python3-systemd s390x 234-2+b1 [36.2 kB]
INFO:kolla.common.utils.ironic-conductor:Get:23 http://deb.debian.org/debian buster/main s390x shellinabox s390x 2.21 [119 kB]
INFO:kolla.common.utils.ironic-conductor:Get:24 http://deb.debian.org/debian buster/main s390x xfsprogs s390x 4.20.0-1 [865 kB]
INFO:kolla.common.utils.ironic-conductor:Preconfiguring packages ...
INFO:kolla.common.utils.ironic-conductor:Fetched 9,557 kB in 0s (33.8 MB/s)
INFO:kolla.common.utils.ironic-conductor:Selecting previously unselected package bsdmainutils.
INFO:kolla.common.utils.ironic-conductor:(Reading database ... 
INFO:kolla.common.utils.ironic-conductor:(Reading database ... 5%(Reading database ... 10%(Reading database ... 15%(Reading database ... 20%
INFO:kolla.common.utils.ironic-conductor:(Reading database ... 25%(Reading database ... 30%(Reading database ... 35%(Reading database ... 40%(Reading database ... 45%(Reading database ... 50%(Reading database ... 55%(Reading database ... 60%(Reading database ... 65%
INFO:kolla.common.utils.ironic-conductor:(Reading database ... 70%
INFO:kolla.common.utils.ironic-conductor:(Reading database ... 75%
INFO:kolla.common.utils.ironic-conductor:(Reading database ... 80%
INFO:kolla.common.utils.ironic-conductor:(Reading database ... 85%
INFO:kolla.common.utils.ironic-conductor:(Reading database ... 90%
INFO:kolla.common.utils.ironic-conductor:(Reading database ... 95%
INFO:kolla.common.utils.ironic-conductor:(Reading database ... 100%(Reading database ... 27316 files and directories currently installed.)
INFO:kolla.common.utils.ironic-conductor:Preparing to unpack .../00-bsdmainutils_11.1.2+b1_s390x.deb ...
INFO:kolla.common.utils.ironic-conductor:Unpacking bsdmainutils (11.1.2+b1) ...
INFO:kolla.common.utils.ironic-conductor:Selecting previously unselected package libedit2:s390x.
INFO:kolla.common.utils.ironic-conductor:Preparing to unpack .../01-libedit2_3.1-20181209-1_s390x.deb ...
INFO:kolla.common.utils.ironic-conductor:Unpacking libedit2:s390x (3.1-20181209-1) ...
INFO:kolla.common.utils.ironic-conductor:Selecting previously unselected package openssh-client.
INFO:kolla.common.utils.ironic-conductor:Preparing to unpack .../02-openssh-client_1%3a7.9p1-10+deb10u2_s390x.deb ...
INFO:kolla.common.utils.ironic-conductor:Unpacking openssh-client (1:7.9p1-10+deb10u2) ...
INFO:kolla.common.utils.ironic-conductor:Selecting previously unselected package python3-bcrypt.
INFO:kolla.common.utils.ironic-conductor:Preparing to unpack .../03-python3-bcrypt_3.1.6-1_s390x.deb ...
INFO:kolla.common.utils.ironic-conductor:Unpacking python3-bcrypt (3.1.6-1) ...
INFO:kolla.common.utils.ironic-conductor:Selecting previously unselected package python3-nacl.
INFO:kolla.common.utils.ironic-conductor:Preparing to unpack .../04-python3-nacl_1.3.0-2_s390x.deb ...
INFO:kolla.common.utils.ironic-conductor:Unpacking python3-nacl (1.3.0-2) ...
INFO:kolla.common.utils.ironic-conductor:Selecting previously unselected package python3-paramiko.
INFO:kolla.common.utils.ironic-conductor:Preparing to unpack .../05-python3-paramiko_2.4.2-0.1_all.deb ...
INFO:kolla.common.utils.ironic-conductor:Unpacking python3-paramiko (2.4.2-0.1) ...
INFO:kolla.common.utils.ironic-conductor:Selecting previously unselected package python3-httplib2.
INFO:kolla.common.utils.ironic-conductor:Preparing to unpack .../06-python3-httplib2_0.11.3-2_all.deb ...
INFO:kolla.common.utils.ironic-conductor:Unpacking python3-httplib2 (0.11.3-2) ...
INFO:kolla.common.utils.ironic-conductor:Selecting previously unselected package ansible.
INFO:kolla.common.utils.ironic-conductor:Preparing to unpack .../07-ansible_2.7.7+dfsg-1_all.deb ...
INFO:kolla.common.utils.ironic-conductor:Unpacking ansible (2.7.7+dfsg-1) ...
INFO:kolla.common.utils.ironic-conductor:Selecting previously unselected package dosfstools.
INFO:kolla.common.utils.ironic-conductor:Preparing to unpack .../08-dosfstools_4.1-2_s390x.deb ...
INFO:kolla.common.utils.ironic-conductor:Unpacking dosfstools (4.1-2) ...
INFO:kolla.common.utils.ironic-conductor:Selecting previously unselected package libpopt0:s390x.
INFO:kolla.common.utils.ironic-conductor:Preparing to unpack .../09-libpopt0_1.16-12_s390x.deb ...
INFO:kolla.common.utils.ironic-conductor:Unpacking libpopt0:s390x (1.16-12) ...
INFO:kolla.common.utils.ironic-conductor:Selecting previously unselected package gdisk.
INFO:kolla.common.utils.ironic-conductor:Preparing to unpack .../10-gdisk_1.0.3-1.1_s390x.deb ...
INFO:kolla.common.utils.ironic-conductor:Unpacking gdisk (1.0.3-1.1) ...
INFO:kolla.common.utils.ironic-conductor:Selecting previously unselected package ipxe.
INFO:kolla.common.utils.ironic-conductor:Preparing to unpack .../11-ipxe_1.0.0+git-20190125.36a4c85-1_all.deb ...
INFO:kolla.common.utils.ironic-conductor:Unpacking ipxe (1.0.0+git-20190125.36a4c85-1) ...
INFO:kolla.common.utils.ironic-conductor:Selecting previously unselected package pxelinux.
INFO:kolla.common.utils.ironic-conductor:Preparing to unpack .../12-pxelinux_3%3a6.04~git20190206.bf6db5b4+dfsg1-1_all.deb ...
INFO:kolla.common.utils.ironic-conductor:Unpacking pxelinux (3:6.04~git20190206.bf6db5b4+dfsg1-1) ...
INFO:kolla.common.utils.ironic-conductor:Selecting previously unselected package qemu-utils.
INFO:kolla.common.utils.ironic-conductor:Preparing to unpack .../13-qemu-utils_1%3a3.1+dfsg-8+deb10u4_s390x.deb ...
INFO:kolla.common.utils.ironic-conductor:Unpacking qemu-utils (1:3.1+dfsg-8+deb10u4) ...
INFO:kolla.common.utils.ironic-conductor:Selecting previously unselected package tftpd-hpa.
INFO:kolla.common.utils.ironic-conductor:Preparing to unpack .../14-tftpd-hpa_5.2+20150808-1+b1_s390x.deb ...
INFO:kolla.common.utils.ironic-conductor:Unpacking tftpd-hpa (5.2+20150808-1+b1) ...
INFO:kolla.common.utils.ironic-conductor:Selecting previously unselected package xinetd.
INFO:kolla.common.utils.ironic-conductor:Preparing to unpack .../15-xinetd_1%3a2.3.15.3-1_s390x.deb ...
INFO:kolla.common.utils.ironic-conductor:Unpacking xinetd (1:2.3.15.3-1) ...
INFO:kolla.common.utils.ironic-conductor:Selecting previously unselected package ironic-conductor.
INFO:kolla.common.utils.ironic-conductor:Preparing to unpack .../16-ironic-conductor_1%3a11.1.0-6_all.deb ...
INFO:kolla.common.utils.ironic-conductor:Unpacking ironic-conductor (1:11.1.0-6) ...
INFO:kolla.common.utils.ironic-conductor:Selecting previously unselected package libparted2:s390x.
INFO:kolla.common.utils.ironic-conductor:Preparing to unpack .../17-libparted2_3.2-25_s390x.deb ...
INFO:kolla.common.utils.ironic-conductor:Unpacking libparted2:s390x (3.2-25) ...
INFO:kolla.common.utils.ironic-conductor:Selecting previously unselected package parted.
INFO:kolla.common.utils.ironic-conductor:Preparing to unpack .../18-parted_3.2-25_s390x.deb ...
INFO:kolla.common.utils.ironic-conductor:Unpacking parted (3.2-25) ...
INFO:kolla.common.utils.ironic-conductor:Selecting previously unselected package psmisc.
INFO:kolla.common.utils.ironic-conductor:Preparing to unpack .../19-psmisc_23.2-1_s390x.deb ...
INFO:kolla.common.utils.ironic-conductor:Unpacking psmisc (23.2-1) ...
INFO:kolla.common.utils.ironic-conductor:Selecting previously unselected package python3-scciclient.
INFO:kolla.common.utils.ironic-conductor:Preparing to unpack .../20-python3-scciclient_0.7.2-2_all.deb ...
INFO:kolla.common.utils.ironic-conductor:Unpacking python3-scciclient (0.7.2-2) ...
INFO:kolla.common.utils.ironic-conductor:Selecting previously unselected package python3-systemd.
INFO:kolla.common.utils.ironic-conductor:Preparing to unpack .../21-python3-systemd_234-2+b1_s390x.deb ...
INFO:kolla.common.utils.ironic-conductor:Unpacking python3-systemd (234-2+b1) ...
INFO:kolla.common.utils.ironic-conductor:Selecting previously unselected package shellinabox.
INFO:kolla.common.utils.ironic-conductor:Preparing to unpack .../22-shellinabox_2.21_s390x.deb ...
INFO:kolla.common.utils.ironic-conductor:Unpacking shellinabox (2.21) ...
INFO:kolla.common.utils.ironic-conductor:Selecting previously unselected package xfsprogs.
INFO:kolla.common.utils.ironic-conductor:Preparing to unpack .../23-xfsprogs_4.20.0-1_s390x.deb ...
INFO:kolla.common.utils.ironic-conductor:Unpacking xfsprogs (4.20.0-1) ...
INFO:kolla.common.utils.ironic-conductor:Setting up xinetd (1:2.3.15.3-1) ...
INFO:kolla.common.utils.ironic-conductor:invoke-rc.d: could not determine current runlevel
INFO:kolla.common.utils.ironic-conductor:invoke-rc.d: policy-rc.d denied execution of start.
INFO:kolla.common.utils.ironic-conductor:Setting up shellinabox (2.21) ...
INFO:kolla.common.utils.ironic-conductor:invoke-rc.d: could not determine current runlevel
INFO:kolla.common.utils.ironic-conductor:invoke-rc.d: policy-rc.d denied execution of start.
INFO:kolla.common.utils.ironic-conductor:Setting up psmisc (23.2-1) ...
INFO:kolla.common.utils.ironic-conductor:Setting up python3-bcrypt (3.1.6-1) ...
INFO:kolla.common.utils.ironic-conductor:Setting up libedit2:s390x (3.1-20181209-1) ...
INFO:kolla.common.utils.ironic-conductor:Setting up dosfstools (4.1-2) ...
INFO:kolla.common.utils.ironic-conductor:Setting up pxelinux (3:6.04~git20190206.bf6db5b4+dfsg1-1) ...
INFO:kolla.common.utils.ironic-conductor:Setting up python3-scciclient (0.7.2-2) ...
INFO:kolla.common.utils.ironic-conductor:Setting up bsdmainutils (11.1.2+b1) ...
INFO:kolla.common.utils.ironic-conductor:update-alternatives: using /usr/bin/bsd-write to provide /usr/bin/write (write) in auto mode
INFO:kolla.common.utils.ironic-conductor:update-alternatives: warning: skip creation of /usr/share/man/man1/write.1.gz because associated file /usr/share/man/man1/bsd-write.1.gz (of link group write) doesn't exist
INFO:kolla.common.utils.ironic-conductor:update-alternatives: using /usr/bin/bsd-from to provide /usr/bin/from (from) in auto mode
INFO:kolla.common.utils.ironic-conductor:update-alternatives: warning: skip creation of /usr/share/man/man1/from.1.gz because associated file /usr/share/man/man1/bsd-from.1.gz (of link group from) doesn't exist
INFO:kolla.common.utils.ironic-conductor:Setting up xfsprogs (4.20.0-1) ...
INFO:kolla.common.utils.ironic-conductor:Setting up libparted2:s390x (3.2-25) ...
INFO:kolla.common.utils.ironic-conductor:Setting up python3-httplib2 (0.11.3-2) ...
INFO:kolla.common.utils.ironic-conductor:Setting up qemu-utils (1:3.1+dfsg-8+deb10u4) ...
INFO:kolla.common.utils.ironic-conductor:Setting up python3-nacl (1.3.0-2) ...
INFO:kolla.common.utils.ironic-conductor:Setting up python3-systemd (234-2+b1) ...
INFO:kolla.common.utils.ironic-conductor:Setting up tftpd-hpa (5.2+20150808-1+b1) ...
INFO:kolla.common.utils.ironic-conductor:invoke-rc.d: could not determine current runlevel
INFO:kolla.common.utils.ironic-conductor:invoke-rc.d: policy-rc.d denied execution of start.
INFO:kolla.common.utils.ironic-conductor:Setting up libpopt0:s390x (1.16-12) ...
INFO:kolla.common.utils.ironic-conductor:Setting up ipxe (1.0.0+git-20190125.36a4c85-1) ...
INFO:kolla.common.utils.ironic-conductor:Setting up openssh-client (1:7.9p1-10+deb10u2) ...
INFO:kolla.common.utils.ironic-conductor:Setting up parted (3.2-25) ...
INFO:kolla.common.utils.ironic-conductor:Setting up ironic-conductor (1:11.1.0-6) ...
INFO:kolla.common.utils.ironic-conductor:invoke-rc.d: could not determine current runlevel
INFO:kolla.common.utils.ironic-conductor:invoke-rc.d: policy-rc.d denied execution of start.
INFO:kolla.common.utils.ironic-conductor:Setting up gdisk (1.0.3-1.1) ...
INFO:kolla.common.utils.ironic-conductor:Setting up python3-paramiko (2.4.2-0.1) ...
INFO:kolla.common.utils.ironic-conductor:Setting up ansible (2.7.7+dfsg-1) ...
INFO:kolla.common.utils.ironic-conductor:Processing triggers for libc-bin (2.28-10) ...
INFO:kolla.common.utils.ironic-conductor:Removing intermediate container 46d72479ccc8
INFO:kolla.common.utils.ironic-conductor: ---> 918802132bb2
INFO:kolla.common.utils.ironic-conductor:Step 4/4 : USER ironic
INFO:kolla.common.utils.ironic-conductor: ---> Running in 0c91272c651c
INFO:kolla.common.utils.ironic-conductor:Removing intermediate container 0c91272c651c
INFO:kolla.common.utils.ironic-conductor: ---> aa3a5b874a20
INFO:kolla.common.utils.ironic-conductor:Successfully built aa3a5b874a20
INFO:kolla.common.utils.ironic-conductor:Successfully tagged s390x/debian-binary-ironic-conductor:9.1.0
INFO:kolla.common.utils.ironic-conductor:Built at 2020-03-02 21:28:14.249412 (took 0:00:18.703107)
