INFO:kolla.common.utils.ironic-api:Building started at 2020-03-02 21:27:55.546459
INFO:kolla.common.utils.ironic-api:Step 1/7 : FROM s390x/debian-binary-ironic-base:9.1.0
INFO:kolla.common.utils.ironic-api: ---> 39774c3a53ba
INFO:kolla.common.utils.ironic-api:Step 2/7 : LABEL maintainer="Kolla Project (https://launchpad.net/kolla)" name="ironic-api" build-date="20200302"
INFO:kolla.common.utils.ironic-api: ---> Running in 62b1108200a5
INFO:kolla.common.utils.ironic-api:Removing intermediate container 62b1108200a5
INFO:kolla.common.utils.ironic-api: ---> 9aee36fa2a85
INFO:kolla.common.utils.ironic-api:Step 3/7 : RUN apt-get update && apt-get -y install --no-install-recommends apache2 ironic-api libapache2-mod-wsgi-py3 && apt-get clean && rm -rf /var/lib/apt/lists/*
INFO:kolla.common.utils.ironic-api: ---> Running in 6f36ef4f501c
INFO:kolla.common.utils.ironic-api:Get:1 http://deb.debian.org/debian buster InRelease [122 kB]
INFO:kolla.common.utils.ironic-api:Get:2 http://deb.debian.org/debian buster-backports InRelease [46.7 kB]
INFO:kolla.common.utils.ironic-api:Get:3 http://security-cdn.debian.org/debian-security buster/updates InRelease [65.4 kB]
INFO:kolla.common.utils.ironic-api:Get:4 http://deb.debian.org/debian buster/main s390x Packages [7,624 kB]
INFO:kolla.common.utils.ironic-api:Get:5 http://buster-train.debian.net/debian buster-train-backports InRelease [3,660 B]
INFO:kolla.common.utils.ironic-api:Get:6 http://buster-train.debian.net/debian buster-train-backports-nochange InRelease [3,669 B]
INFO:kolla.common.utils.ironic-api:Get:7 http://deb.debian.org/debian buster-backports/main s390x Packages [209 kB]
INFO:kolla.common.utils.ironic-api:Get:8 http://security-cdn.debian.org/debian-security buster/updates/main s390x Packages [161 kB]
INFO:kolla.common.utils.ironic-api:Fetched 8,235 kB in 2s (4,842 kB/s)
INFO:kolla.common.utils.ironic-api:Reading package lists...
INFO:kolla.common.utils.ironic-api:[91mW: Skipping acquire of configured file 'main/binary-s390x/Packages' as repository 'http://buster-train.debian.net/debian buster-train-backports InRelease' does not seem to provide it (sources.list entry misspelt?)
INFO:kolla.common.utils.ironic-api:W: Skipping acquire of configured file 'main/binary-s390x/Packages' as repository 'http://buster-train.debian.net/debian buster-train-backports-nochange InRelease' does not seem to provide it (sources.list entry misspelt?)
INFO:kolla.common.utils.ironic-api:[0m
INFO:kolla.common.utils.ironic-api:Reading package lists...
INFO:kolla.common.utils.ironic-api:Building dependency tree...
INFO:kolla.common.utils.ironic-api:Reading state information...
INFO:kolla.common.utils.ironic-api:The following additional packages will be installed:
INFO:kolla.common.utils.ironic-api:  apache2-bin apache2-data apache2-utils libapr1 libaprutil1
INFO:kolla.common.utils.ironic-api:  libaprutil1-dbd-sqlite3 libaprutil1-ldap libbrotli1 libjansson4 liblua5.2-0
INFO:kolla.common.utils.ironic-api:  libpython3.7 python-q-text-as-data python-six
INFO:kolla.common.utils.ironic-api:Suggested packages:
INFO:kolla.common.utils.ironic-api:  apache2-doc apache2-suexec-pristine | apache2-suexec-custom www-browser
INFO:kolla.common.utils.ironic-api:Recommended packages:
INFO:kolla.common.utils.ironic-api:  ssl-cert
INFO:kolla.common.utils.ironic-api:The following NEW packages will be installed:
INFO:kolla.common.utils.ironic-api:  apache2 apache2-bin apache2-data apache2-utils ironic-api
INFO:kolla.common.utils.ironic-api:  libapache2-mod-wsgi-py3 libapr1 libaprutil1 libaprutil1-dbd-sqlite3
INFO:kolla.common.utils.ironic-api:  libaprutil1-ldap libbrotli1 libjansson4 liblua5.2-0 libpython3.7
INFO:kolla.common.utils.ironic-api:  python-q-text-as-data python-six
INFO:kolla.common.utils.ironic-api:0 upgraded, 16 newly installed, 0 to remove and 0 not upgraded.
INFO:kolla.common.utils.ironic-api:Need to get 3,973 kB of archives.
INFO:kolla.common.utils.ironic-api:After this operation, 14.6 MB of additional disk space will be used.
INFO:kolla.common.utils.ironic-api:Get:1 http://deb.debian.org/debian buster/main s390x libapr1 s390x 1.6.5-1+b1 [97.3 kB]
INFO:kolla.common.utils.ironic-api:Get:2 http://deb.debian.org/debian buster/main s390x libaprutil1 s390x 1.6.1-4 [88.8 kB]
INFO:kolla.common.utils.ironic-api:Get:3 http://deb.debian.org/debian buster/main s390x libaprutil1-dbd-sqlite3 s390x 1.6.1-4 [18.5 kB]
INFO:kolla.common.utils.ironic-api:Get:4 http://deb.debian.org/debian buster/main s390x libaprutil1-ldap s390x 1.6.1-4 [16.7 kB]
INFO:kolla.common.utils.ironic-api:Get:5 http://deb.debian.org/debian buster/main s390x libbrotli1 s390x 1.0.7-2 [262 kB]
INFO:kolla.common.utils.ironic-api:Get:6 http://deb.debian.org/debian buster/main s390x libjansson4 s390x 2.12-1 [35.7 kB]
INFO:kolla.common.utils.ironic-api:Get:7 http://deb.debian.org/debian buster/main s390x liblua5.2-0 s390x 5.2.4-1.1+b2 [102 kB]
INFO:kolla.common.utils.ironic-api:Get:8 http://deb.debian.org/debian buster/main s390x apache2-bin s390x 2.4.38-3+deb10u3 [1,193 kB]
INFO:kolla.common.utils.ironic-api:Get:9 http://deb.debian.org/debian buster/main s390x apache2-data all 2.4.38-3+deb10u3 [165 kB]
INFO:kolla.common.utils.ironic-api:Get:10 http://deb.debian.org/debian buster/main s390x apache2-utils s390x 2.4.38-3+deb10u3 [235 kB]
INFO:kolla.common.utils.ironic-api:Get:11 http://deb.debian.org/debian buster/main s390x apache2 s390x 2.4.38-3+deb10u3 [251 kB]
INFO:kolla.common.utils.ironic-api:Get:12 http://deb.debian.org/debian buster/main s390x python-six all 1.12.0-1 [15.7 kB]
INFO:kolla.common.utils.ironic-api:Get:13 http://deb.debian.org/debian buster/main s390x python-q-text-as-data all 1.7.4+2018.12.21+git+28f776ed46-1 [26.3 kB]
INFO:kolla.common.utils.ironic-api:Get:14 http://deb.debian.org/debian buster/main s390x ironic-api all 1:11.1.0-6 [20.1 kB]
INFO:kolla.common.utils.ironic-api:Get:15 http://deb.debian.org/debian buster/main s390x libpython3.7 s390x 3.7.3-2+deb10u1 [1,359 kB]
INFO:kolla.common.utils.ironic-api:Get:16 http://deb.debian.org/debian buster/main s390x libapache2-mod-wsgi-py3 s390x 4.6.5-1 [87.9 kB]
INFO:kolla.common.utils.ironic-api:Preconfiguring packages ...
INFO:kolla.common.utils.ironic-api:Fetched 3,973 kB in 0s (27.6 MB/s)
INFO:kolla.common.utils.ironic-api:Selecting previously unselected package libapr1:s390x.
INFO:kolla.common.utils.ironic-api:(Reading database ... 
INFO:kolla.common.utils.ironic-api:(Reading database ... 5%(Reading database ... 10%(Reading database ... 15%(Reading database ... 20%(Reading database ... 25%(Reading database ... 30%(Reading database ... 35%(Reading database ... 40%(Reading database ... 45%(Reading database ... 50%(Reading database ... 55%(Reading database ... 60%(Reading database ... 65%
INFO:kolla.common.utils.ironic-api:(Reading database ... 70%
INFO:kolla.common.utils.ironic-api:(Reading database ... 75%
INFO:kolla.common.utils.ironic-api:(Reading database ... 80%
INFO:kolla.common.utils.ironic-api:(Reading database ... 85%
INFO:kolla.common.utils.ironic-api:(Reading database ... 90%
INFO:kolla.common.utils.ironic-api:(Reading database ... 95%
INFO:kolla.common.utils.ironic-api:(Reading database ... 100%(Reading database ... 27316 files and directories currently installed.)
INFO:kolla.common.utils.ironic-api:Preparing to unpack .../00-libapr1_1.6.5-1+b1_s390x.deb ...
INFO:kolla.common.utils.ironic-api:Unpacking libapr1:s390x (1.6.5-1+b1) ...
INFO:kolla.common.utils.ironic-api:Selecting previously unselected package libaprutil1:s390x.
INFO:kolla.common.utils.ironic-api:Preparing to unpack .../01-libaprutil1_1.6.1-4_s390x.deb ...
INFO:kolla.common.utils.ironic-api:Unpacking libaprutil1:s390x (1.6.1-4) ...
INFO:kolla.common.utils.ironic-api:Selecting previously unselected package libaprutil1-dbd-sqlite3:s390x.
INFO:kolla.common.utils.ironic-api:Preparing to unpack .../02-libaprutil1-dbd-sqlite3_1.6.1-4_s390x.deb ...
INFO:kolla.common.utils.ironic-api:Unpacking libaprutil1-dbd-sqlite3:s390x (1.6.1-4) ...
INFO:kolla.common.utils.ironic-api:Selecting previously unselected package libaprutil1-ldap:s390x.
INFO:kolla.common.utils.ironic-api:Preparing to unpack .../03-libaprutil1-ldap_1.6.1-4_s390x.deb ...
INFO:kolla.common.utils.ironic-api:Unpacking libaprutil1-ldap:s390x (1.6.1-4) ...
INFO:kolla.common.utils.ironic-api:Selecting previously unselected package libbrotli1:s390x.
INFO:kolla.common.utils.ironic-api:Preparing to unpack .../04-libbrotli1_1.0.7-2_s390x.deb ...
INFO:kolla.common.utils.ironic-api:Unpacking libbrotli1:s390x (1.0.7-2) ...
INFO:kolla.common.utils.ironic-api:Selecting previously unselected package libjansson4:s390x.
INFO:kolla.common.utils.ironic-api:Preparing to unpack .../05-libjansson4_2.12-1_s390x.deb ...
INFO:kolla.common.utils.ironic-api:Unpacking libjansson4:s390x (2.12-1) ...
INFO:kolla.common.utils.ironic-api:Selecting previously unselected package liblua5.2-0:s390x.
INFO:kolla.common.utils.ironic-api:Preparing to unpack .../06-liblua5.2-0_5.2.4-1.1+b2_s390x.deb ...
INFO:kolla.common.utils.ironic-api:Unpacking liblua5.2-0:s390x (5.2.4-1.1+b2) ...
INFO:kolla.common.utils.ironic-api:Selecting previously unselected package apache2-bin.
INFO:kolla.common.utils.ironic-api:Preparing to unpack .../07-apache2-bin_2.4.38-3+deb10u3_s390x.deb ...
INFO:kolla.common.utils.ironic-api:Unpacking apache2-bin (2.4.38-3+deb10u3) ...
INFO:kolla.common.utils.ironic-api:Selecting previously unselected package apache2-data.
INFO:kolla.common.utils.ironic-api:Preparing to unpack .../08-apache2-data_2.4.38-3+deb10u3_all.deb ...
INFO:kolla.common.utils.ironic-api:Unpacking apache2-data (2.4.38-3+deb10u3) ...
INFO:kolla.common.utils.ironic-api:Selecting previously unselected package apache2-utils.
INFO:kolla.common.utils.ironic-api:Preparing to unpack .../09-apache2-utils_2.4.38-3+deb10u3_s390x.deb ...
INFO:kolla.common.utils.ironic-api:Unpacking apache2-utils (2.4.38-3+deb10u3) ...
INFO:kolla.common.utils.ironic-api:Selecting previously unselected package apache2.
INFO:kolla.common.utils.ironic-api:Preparing to unpack .../10-apache2_2.4.38-3+deb10u3_s390x.deb ...
INFO:kolla.common.utils.ironic-api:Unpacking apache2 (2.4.38-3+deb10u3) ...
INFO:kolla.common.utils.ironic-api:Selecting previously unselected package python-six.
INFO:kolla.common.utils.ironic-api:Preparing to unpack .../11-python-six_1.12.0-1_all.deb ...
INFO:kolla.common.utils.ironic-api:Unpacking python-six (1.12.0-1) ...
INFO:kolla.common.utils.ironic-api:Selecting previously unselected package python-q-text-as-data.
INFO:kolla.common.utils.ironic-api:Preparing to unpack .../12-python-q-text-as-data_1.7.4+2018.12.21+git+28f776ed46-1_all.deb ...
INFO:kolla.common.utils.ironic-api:Unpacking python-q-text-as-data (1.7.4+2018.12.21+git+28f776ed46-1) ...
INFO:kolla.common.utils.ironic-api:Selecting previously unselected package ironic-api.
INFO:kolla.common.utils.ironic-api:Preparing to unpack .../13-ironic-api_1%3a11.1.0-6_all.deb ...
INFO:kolla.common.utils.ironic-api:Unpacking ironic-api (1:11.1.0-6) ...
INFO:kolla.common.utils.ironic-api:Selecting previously unselected package libpython3.7:s390x.
INFO:kolla.common.utils.ironic-api:Preparing to unpack .../14-libpython3.7_3.7.3-2+deb10u1_s390x.deb ...
INFO:kolla.common.utils.ironic-api:Unpacking libpython3.7:s390x (3.7.3-2+deb10u1) ...
INFO:kolla.common.utils.ironic-api:Selecting previously unselected package libapache2-mod-wsgi-py3.
INFO:kolla.common.utils.ironic-api:Preparing to unpack .../15-libapache2-mod-wsgi-py3_4.6.5-1_s390x.deb ...
INFO:kolla.common.utils.ironic-api:Unpacking libapache2-mod-wsgi-py3 (4.6.5-1) ...
INFO:kolla.common.utils.ironic-api:Setting up libpython3.7:s390x (3.7.3-2+deb10u1) ...
INFO:kolla.common.utils.ironic-api:Setting up libbrotli1:s390x (1.0.7-2) ...
INFO:kolla.common.utils.ironic-api:Setting up libapr1:s390x (1.6.5-1+b1) ...
INFO:kolla.common.utils.ironic-api:Setting up libjansson4:s390x (2.12-1) ...
INFO:kolla.common.utils.ironic-api:Setting up python-six (1.12.0-1) ...
INFO:kolla.common.utils.ironic-api:Setting up liblua5.2-0:s390x (5.2.4-1.1+b2) ...
INFO:kolla.common.utils.ironic-api:Setting up apache2-data (2.4.38-3+deb10u3) ...
INFO:kolla.common.utils.ironic-api:Setting up python-q-text-as-data (1.7.4+2018.12.21+git+28f776ed46-1) ...
INFO:kolla.common.utils.ironic-api:update-alternatives: using /usr/bin/python2-q-text-as-data to provide /usr/bin/q (q) in auto mode
INFO:kolla.common.utils.ironic-api:Setting up libaprutil1:s390x (1.6.1-4) ...
INFO:kolla.common.utils.ironic-api:Setting up libaprutil1-ldap:s390x (1.6.1-4) ...
INFO:kolla.common.utils.ironic-api:Setting up libaprutil1-dbd-sqlite3:s390x (1.6.1-4) ...
INFO:kolla.common.utils.ironic-api:Setting up ironic-api (1:11.1.0-6) ...
INFO:kolla.common.utils.ironic-api:Will not register ironic endpoint this time (no user request for it).
INFO:kolla.common.utils.ironic-api:invoke-rc.d: could not determine current runlevel
INFO:kolla.common.utils.ironic-api:invoke-rc.d: policy-rc.d denied execution of start.
INFO:kolla.common.utils.ironic-api:Setting up apache2-utils (2.4.38-3+deb10u3) ...
INFO:kolla.common.utils.ironic-api:Setting up apache2-bin (2.4.38-3+deb10u3) ...
INFO:kolla.common.utils.ironic-api:Setting up apache2 (2.4.38-3+deb10u3) ...
INFO:kolla.common.utils.ironic-api:Enabling module mpm_event.
INFO:kolla.common.utils.ironic-api:Enabling module authz_core.
INFO:kolla.common.utils.ironic-api:Enabling module authz_host.
INFO:kolla.common.utils.ironic-api:Enabling module authn_core.
INFO:kolla.common.utils.ironic-api:Enabling module auth_basic.
INFO:kolla.common.utils.ironic-api:Enabling module access_compat.
INFO:kolla.common.utils.ironic-api:Enabling module authn_file.
INFO:kolla.common.utils.ironic-api:Enabling module authz_user.
INFO:kolla.common.utils.ironic-api:Enabling module alias.
INFO:kolla.common.utils.ironic-api:Enabling module dir.
INFO:kolla.common.utils.ironic-api:Enabling module autoindex.
INFO:kolla.common.utils.ironic-api:Enabling module env.
INFO:kolla.common.utils.ironic-api:Enabling module mime.
INFO:kolla.common.utils.ironic-api:Enabling module negotiation.
INFO:kolla.common.utils.ironic-api:Enabling module setenvif.
INFO:kolla.common.utils.ironic-api:Enabling module filter.
INFO:kolla.common.utils.ironic-api:Enabling module deflate.
INFO:kolla.common.utils.ironic-api:Enabling module status.
INFO:kolla.common.utils.ironic-api:Enabling module reqtimeout.
INFO:kolla.common.utils.ironic-api:Enabling conf charset.
INFO:kolla.common.utils.ironic-api:Enabling conf localized-error-pages.
INFO:kolla.common.utils.ironic-api:Enabling conf other-vhosts-access-log.
INFO:kolla.common.utils.ironic-api:Enabling conf security.
INFO:kolla.common.utils.ironic-api:Enabling conf serve-cgi-bin.
INFO:kolla.common.utils.ironic-api:Enabling site 000-default.
INFO:kolla.common.utils.ironic-api:invoke-rc.d: could not determine current runlevel
INFO:kolla.common.utils.ironic-api:invoke-rc.d: policy-rc.d denied execution of start.
INFO:kolla.common.utils.ironic-api:Setting up libapache2-mod-wsgi-py3 (4.6.5-1) ...
INFO:kolla.common.utils.ironic-api:apache2_invoke: Enable module wsgi
INFO:kolla.common.utils.ironic-api:invoke-rc.d: could not determine current runlevel
INFO:kolla.common.utils.ironic-api:invoke-rc.d: policy-rc.d denied execution of restart.
INFO:kolla.common.utils.ironic-api:Processing triggers for libc-bin (2.28-10) ...
INFO:kolla.common.utils.ironic-api:Removing intermediate container 6f36ef4f501c
INFO:kolla.common.utils.ironic-api: ---> b9040d55e57d
INFO:kolla.common.utils.ironic-api:Step 4/7 : RUN echo > /etc/apache2/ports.conf
INFO:kolla.common.utils.ironic-api: ---> Running in 53db82082b30
INFO:kolla.common.utils.ironic-api:Removing intermediate container 53db82082b30
INFO:kolla.common.utils.ironic-api: ---> 4c523ba8de8e
INFO:kolla.common.utils.ironic-api:Step 5/7 : COPY extend_start.sh /usr/local/bin/kolla_ironic_extend_start
INFO:kolla.common.utils.ironic-api: ---> e0186074f21c
INFO:kolla.common.utils.ironic-api:Step 6/7 : RUN chmod 755 /usr/local/bin/kolla_ironic_extend_start
INFO:kolla.common.utils.ironic-api: ---> Running in 91e8ea8998d7
INFO:kolla.common.utils.ironic-api:Removing intermediate container 91e8ea8998d7
INFO:kolla.common.utils.ironic-api: ---> 3149de42cbd3
INFO:kolla.common.utils.ironic-api:Step 7/7 : USER ironic
INFO:kolla.common.utils.ironic-api: ---> Running in 13b919f58dfc
INFO:kolla.common.utils.ironic-api:Removing intermediate container 13b919f58dfc
INFO:kolla.common.utils.ironic-api: ---> 654fe5104794
INFO:kolla.common.utils.ironic-api:Successfully built 654fe5104794
INFO:kolla.common.utils.ironic-api:Successfully tagged s390x/debian-binary-ironic-api:9.1.0
INFO:kolla.common.utils.ironic-api:Built at 2020-03-02 21:28:12.602617 (took 0:00:17.056158)
