INFO:kolla.common.utils.ironic-pxe:Building started at 2020-03-02 21:27:55.886614
INFO:kolla.common.utils.ironic-pxe:Step 1/7 : FROM s390x/debian-binary-ironic-base:9.1.0
INFO:kolla.common.utils.ironic-pxe: ---> 39774c3a53ba
INFO:kolla.common.utils.ironic-pxe:Step 2/7 : LABEL maintainer="Kolla Project (https://launchpad.net/kolla)" name="ironic-pxe" build-date="20200302"
INFO:kolla.common.utils.ironic-pxe: ---> Running in d954d70e0f5c
INFO:kolla.common.utils.ironic-pxe:Removing intermediate container d954d70e0f5c
INFO:kolla.common.utils.ironic-pxe: ---> c063b689773f
INFO:kolla.common.utils.ironic-pxe:Step 3/7 : RUN apt-get update && apt-get -y install --no-install-recommends apache2 ipxe libapache2-mod-wsgi-py3 pxelinux syslinux-common tftpd-hpa && apt-get clean && rm -rf /var/lib/apt/lists/*
INFO:kolla.common.utils.ironic-pxe: ---> Running in b724721548d7
INFO:kolla.common.utils.ironic-pxe:Get:1 http://deb.debian.org/debian buster InRelease [122 kB]
INFO:kolla.common.utils.ironic-pxe:Get:2 http://deb.debian.org/debian buster-backports InRelease [46.7 kB]
INFO:kolla.common.utils.ironic-pxe:Get:3 http://security-cdn.debian.org/debian-security buster/updates InRelease [65.4 kB]
INFO:kolla.common.utils.ironic-pxe:Get:4 http://deb.debian.org/debian buster/main s390x Packages [7,624 kB]
INFO:kolla.common.utils.ironic-pxe:Get:5 http://buster-train.debian.net/debian buster-train-backports InRelease [3,660 B]
INFO:kolla.common.utils.ironic-pxe:Get:6 http://buster-train.debian.net/debian buster-train-backports-nochange InRelease [3,669 B]
INFO:kolla.common.utils.ironic-pxe:Get:7 http://deb.debian.org/debian buster-backports/main s390x Packages [209 kB]
INFO:kolla.common.utils.ironic-pxe:Get:8 http://security-cdn.debian.org/debian-security buster/updates/main s390x Packages [161 kB]
INFO:kolla.common.utils.ironic-pxe:Fetched 8,235 kB in 2s (4,831 kB/s)
INFO:kolla.common.utils.ironic-pxe:Reading package lists...
INFO:kolla.common.utils.ironic-pxe:[91mW: Skipping acquire of configured file 'main/binary-s390x/Packages' as repository 'http://buster-train.debian.net/debian buster-train-backports InRelease' does not seem to provide it (sources.list entry misspelt?)
INFO:kolla.common.utils.ironic-pxe:W: Skipping acquire of configured file 'main/binary-s390x/Packages' as repository 'http://buster-train.debian.net/debian buster-train-backports-nochange InRelease' does not seem to provide it (sources.list entry misspelt?)
INFO:kolla.common.utils.ironic-pxe:[0m
INFO:kolla.common.utils.ironic-pxe:Reading package lists...
INFO:kolla.common.utils.ironic-pxe:Building dependency tree...
INFO:kolla.common.utils.ironic-pxe:Reading state information...
INFO:kolla.common.utils.ironic-pxe:The following additional packages will be installed:
INFO:kolla.common.utils.ironic-pxe:  apache2-bin apache2-data apache2-utils libapr1 libaprutil1
INFO:kolla.common.utils.ironic-pxe:  libaprutil1-dbd-sqlite3 libaprutil1-ldap libbrotli1 libjansson4 liblua5.2-0
INFO:kolla.common.utils.ironic-pxe:  libpython3.7
INFO:kolla.common.utils.ironic-pxe:Suggested packages:
INFO:kolla.common.utils.ironic-pxe:  apache2-doc apache2-suexec-pristine | apache2-suexec-custom www-browser
INFO:kolla.common.utils.ironic-pxe:Recommended packages:
INFO:kolla.common.utils.ironic-pxe:  ssl-cert
INFO:kolla.common.utils.ironic-pxe:The following NEW packages will be installed:
INFO:kolla.common.utils.ironic-pxe:  apache2 apache2-bin apache2-data apache2-utils ipxe libapache2-mod-wsgi-py3
INFO:kolla.common.utils.ironic-pxe:  libapr1 libaprutil1 libaprutil1-dbd-sqlite3 libaprutil1-ldap libbrotli1
INFO:kolla.common.utils.ironic-pxe:  libjansson4 liblua5.2-0 libpython3.7 pxelinux syslinux-common tftpd-hpa
INFO:kolla.common.utils.ironic-pxe:0 upgraded, 17 newly installed, 0 to remove and 0 not upgraded.
INFO:kolla.common.utils.ironic-pxe:Need to get 6,493 kB of archives.
INFO:kolla.common.utils.ironic-pxe:After this operation, 22.0 MB of additional disk space will be used.
INFO:kolla.common.utils.ironic-pxe:Get:1 http://deb.debian.org/debian buster/main s390x libapr1 s390x 1.6.5-1+b1 [97.3 kB]
INFO:kolla.common.utils.ironic-pxe:Get:2 http://deb.debian.org/debian buster/main s390x libaprutil1 s390x 1.6.1-4 [88.8 kB]
INFO:kolla.common.utils.ironic-pxe:Get:3 http://deb.debian.org/debian buster/main s390x libaprutil1-dbd-sqlite3 s390x 1.6.1-4 [18.5 kB]
INFO:kolla.common.utils.ironic-pxe:Get:4 http://deb.debian.org/debian buster/main s390x libaprutil1-ldap s390x 1.6.1-4 [16.7 kB]
INFO:kolla.common.utils.ironic-pxe:Get:5 http://deb.debian.org/debian buster/main s390x libbrotli1 s390x 1.0.7-2 [262 kB]
INFO:kolla.common.utils.ironic-pxe:Get:6 http://deb.debian.org/debian buster/main s390x libjansson4 s390x 2.12-1 [35.7 kB]
INFO:kolla.common.utils.ironic-pxe:Get:7 http://deb.debian.org/debian buster/main s390x liblua5.2-0 s390x 5.2.4-1.1+b2 [102 kB]
INFO:kolla.common.utils.ironic-pxe:Get:8 http://deb.debian.org/debian buster/main s390x apache2-bin s390x 2.4.38-3+deb10u3 [1,193 kB]
INFO:kolla.common.utils.ironic-pxe:Get:9 http://deb.debian.org/debian buster/main s390x apache2-data all 2.4.38-3+deb10u3 [165 kB]
INFO:kolla.common.utils.ironic-pxe:Get:10 http://deb.debian.org/debian buster/main s390x apache2-utils s390x 2.4.38-3+deb10u3 [235 kB]
INFO:kolla.common.utils.ironic-pxe:Get:11 http://deb.debian.org/debian buster/main s390x apache2 s390x 2.4.38-3+deb10u3 [251 kB]
INFO:kolla.common.utils.ironic-pxe:Get:12 http://deb.debian.org/debian buster/main s390x ipxe all 1.0.0+git-20190125.36a4c85-1 [1,139 kB]
INFO:kolla.common.utils.ironic-pxe:Get:13 http://deb.debian.org/debian buster/main s390x libpython3.7 s390x 3.7.3-2+deb10u1 [1,359 kB]
INFO:kolla.common.utils.ironic-pxe:Get:14 http://deb.debian.org/debian buster/main s390x libapache2-mod-wsgi-py3 s390x 4.6.5-1 [87.9 kB]
INFO:kolla.common.utils.ironic-pxe:Get:15 http://deb.debian.org/debian buster/main s390x pxelinux all 3:6.04~git20190206.bf6db5b4+dfsg1-1 [156 kB]
INFO:kolla.common.utils.ironic-pxe:Get:16 http://deb.debian.org/debian buster/main s390x syslinux-common all 3:6.04~git20190206.bf6db5b4+dfsg1-1 [1,237 kB]
INFO:kolla.common.utils.ironic-pxe:Get:17 http://deb.debian.org/debian buster/main s390x tftpd-hpa s390x 5.2+20150808-1+b1 [50.2 kB]
INFO:kolla.common.utils.ironic-pxe:Preconfiguring packages ...
INFO:kolla.common.utils.ironic-pxe:Fetched 6,493 kB in 0s (30.6 MB/s)
INFO:kolla.common.utils.ironic-pxe:Selecting previously unselected package libapr1:s390x.
INFO:kolla.common.utils.ironic-pxe:(Reading database ... (Reading database ... 5%(Reading database ... 10%(Reading database ... 15%(Reading database ... 20%(Reading database ... 25%(Reading database ... 30%(Reading database ... 35%(Reading database ... 40%(Reading database ... 45%(Reading database ... 50%(Reading database ... 55%(Reading database ... 60%(Reading database ... 65%(Reading database ... 70%(Reading database ... 75%(Reading database ... 80%
INFO:kolla.common.utils.ironic-pxe:(Reading database ... 85%(Reading database ... 90%(Reading database ... 95%(Reading database ... 100%(Reading database ... 27316 files and directories currently installed.)
INFO:kolla.common.utils.ironic-pxe:Preparing to unpack .../00-libapr1_1.6.5-1+b1_s390x.deb ...
INFO:kolla.common.utils.ironic-pxe:Unpacking libapr1:s390x (1.6.5-1+b1) ...
INFO:kolla.common.utils.ironic-pxe:Selecting previously unselected package libaprutil1:s390x.
INFO:kolla.common.utils.ironic-pxe:Preparing to unpack .../01-libaprutil1_1.6.1-4_s390x.deb ...
INFO:kolla.common.utils.ironic-pxe:Unpacking libaprutil1:s390x (1.6.1-4) ...
INFO:kolla.common.utils.ironic-pxe:Selecting previously unselected package libaprutil1-dbd-sqlite3:s390x.
INFO:kolla.common.utils.ironic-pxe:Preparing to unpack .../02-libaprutil1-dbd-sqlite3_1.6.1-4_s390x.deb ...
INFO:kolla.common.utils.ironic-pxe:Unpacking libaprutil1-dbd-sqlite3:s390x (1.6.1-4) ...
INFO:kolla.common.utils.ironic-pxe:Selecting previously unselected package libaprutil1-ldap:s390x.
INFO:kolla.common.utils.ironic-pxe:Preparing to unpack .../03-libaprutil1-ldap_1.6.1-4_s390x.deb ...
INFO:kolla.common.utils.ironic-pxe:Unpacking libaprutil1-ldap:s390x (1.6.1-4) ...
INFO:kolla.common.utils.ironic-pxe:Selecting previously unselected package libbrotli1:s390x.
INFO:kolla.common.utils.ironic-pxe:Preparing to unpack .../04-libbrotli1_1.0.7-2_s390x.deb ...
INFO:kolla.common.utils.ironic-pxe:Unpacking libbrotli1:s390x (1.0.7-2) ...
INFO:kolla.common.utils.ironic-pxe:Selecting previously unselected package libjansson4:s390x.
INFO:kolla.common.utils.ironic-pxe:Preparing to unpack .../05-libjansson4_2.12-1_s390x.deb ...
INFO:kolla.common.utils.ironic-pxe:Unpacking libjansson4:s390x (2.12-1) ...
INFO:kolla.common.utils.ironic-pxe:Selecting previously unselected package liblua5.2-0:s390x.
INFO:kolla.common.utils.ironic-pxe:Preparing to unpack .../06-liblua5.2-0_5.2.4-1.1+b2_s390x.deb ...
INFO:kolla.common.utils.ironic-pxe:Unpacking liblua5.2-0:s390x (5.2.4-1.1+b2) ...
INFO:kolla.common.utils.ironic-pxe:Selecting previously unselected package apache2-bin.
INFO:kolla.common.utils.ironic-pxe:Preparing to unpack .../07-apache2-bin_2.4.38-3+deb10u3_s390x.deb ...
INFO:kolla.common.utils.ironic-pxe:Unpacking apache2-bin (2.4.38-3+deb10u3) ...
INFO:kolla.common.utils.ironic-pxe:Selecting previously unselected package apache2-data.
INFO:kolla.common.utils.ironic-pxe:Preparing to unpack .../08-apache2-data_2.4.38-3+deb10u3_all.deb ...
INFO:kolla.common.utils.ironic-pxe:Unpacking apache2-data (2.4.38-3+deb10u3) ...
INFO:kolla.common.utils.ironic-pxe:Selecting previously unselected package apache2-utils.
INFO:kolla.common.utils.ironic-pxe:Preparing to unpack .../09-apache2-utils_2.4.38-3+deb10u3_s390x.deb ...
INFO:kolla.common.utils.ironic-pxe:Unpacking apache2-utils (2.4.38-3+deb10u3) ...
INFO:kolla.common.utils.ironic-pxe:Selecting previously unselected package apache2.
INFO:kolla.common.utils.ironic-pxe:Preparing to unpack .../10-apache2_2.4.38-3+deb10u3_s390x.deb ...
INFO:kolla.common.utils.ironic-pxe:Unpacking apache2 (2.4.38-3+deb10u3) ...
INFO:kolla.common.utils.ironic-pxe:Selecting previously unselected package ipxe.
INFO:kolla.common.utils.ironic-pxe:Preparing to unpack .../11-ipxe_1.0.0+git-20190125.36a4c85-1_all.deb ...
INFO:kolla.common.utils.ironic-pxe:Unpacking ipxe (1.0.0+git-20190125.36a4c85-1) ...
INFO:kolla.common.utils.ironic-pxe:Selecting previously unselected package libpython3.7:s390x.
INFO:kolla.common.utils.ironic-pxe:Preparing to unpack .../12-libpython3.7_3.7.3-2+deb10u1_s390x.deb ...
INFO:kolla.common.utils.ironic-pxe:Unpacking libpython3.7:s390x (3.7.3-2+deb10u1) ...
INFO:kolla.common.utils.ironic-pxe:Selecting previously unselected package libapache2-mod-wsgi-py3.
INFO:kolla.common.utils.ironic-pxe:Preparing to unpack .../13-libapache2-mod-wsgi-py3_4.6.5-1_s390x.deb ...
INFO:kolla.common.utils.ironic-pxe:Unpacking libapache2-mod-wsgi-py3 (4.6.5-1) ...
INFO:kolla.common.utils.ironic-pxe:Selecting previously unselected package pxelinux.
INFO:kolla.common.utils.ironic-pxe:Preparing to unpack .../14-pxelinux_3%3a6.04~git20190206.bf6db5b4+dfsg1-1_all.deb ...
INFO:kolla.common.utils.ironic-pxe:Unpacking pxelinux (3:6.04~git20190206.bf6db5b4+dfsg1-1) ...
INFO:kolla.common.utils.ironic-pxe:Selecting previously unselected package syslinux-common.
INFO:kolla.common.utils.ironic-pxe:Preparing to unpack .../15-syslinux-common_3%3a6.04~git20190206.bf6db5b4+dfsg1-1_all.deb ...
INFO:kolla.common.utils.ironic-pxe:Unpacking syslinux-common (3:6.04~git20190206.bf6db5b4+dfsg1-1) ...
INFO:kolla.common.utils.ironic-pxe:Selecting previously unselected package tftpd-hpa.
INFO:kolla.common.utils.ironic-pxe:Preparing to unpack .../16-tftpd-hpa_5.2+20150808-1+b1_s390x.deb ...
INFO:kolla.common.utils.ironic-pxe:Unpacking tftpd-hpa (5.2+20150808-1+b1) ...
INFO:kolla.common.utils.ironic-pxe:Setting up libpython3.7:s390x (3.7.3-2+deb10u1) ...
INFO:kolla.common.utils.ironic-pxe:Setting up libbrotli1:s390x (1.0.7-2) ...
INFO:kolla.common.utils.ironic-pxe:Setting up libapr1:s390x (1.6.5-1+b1) ...
INFO:kolla.common.utils.ironic-pxe:Setting up syslinux-common (3:6.04~git20190206.bf6db5b4+dfsg1-1) ...
INFO:kolla.common.utils.ironic-pxe:Setting up pxelinux (3:6.04~git20190206.bf6db5b4+dfsg1-1) ...
INFO:kolla.common.utils.ironic-pxe:Setting up libjansson4:s390x (2.12-1) ...
INFO:kolla.common.utils.ironic-pxe:Setting up liblua5.2-0:s390x (5.2.4-1.1+b2) ...
INFO:kolla.common.utils.ironic-pxe:Setting up apache2-data (2.4.38-3+deb10u3) ...
INFO:kolla.common.utils.ironic-pxe:Setting up tftpd-hpa (5.2+20150808-1+b1) ...
INFO:kolla.common.utils.ironic-pxe:invoke-rc.d: could not determine current runlevel
INFO:kolla.common.utils.ironic-pxe:invoke-rc.d: policy-rc.d denied execution of start.
INFO:kolla.common.utils.ironic-pxe:Setting up libaprutil1:s390x (1.6.1-4) ...
INFO:kolla.common.utils.ironic-pxe:Setting up ipxe (1.0.0+git-20190125.36a4c85-1) ...
INFO:kolla.common.utils.ironic-pxe:Setting up libaprutil1-ldap:s390x (1.6.1-4) ...
INFO:kolla.common.utils.ironic-pxe:Setting up libaprutil1-dbd-sqlite3:s390x (1.6.1-4) ...
INFO:kolla.common.utils.ironic-pxe:Setting up apache2-utils (2.4.38-3+deb10u3) ...
INFO:kolla.common.utils.ironic-pxe:Setting up apache2-bin (2.4.38-3+deb10u3) ...
INFO:kolla.common.utils.ironic-pxe:Setting up apache2 (2.4.38-3+deb10u3) ...
INFO:kolla.common.utils.ironic-pxe:Enabling module mpm_event.
INFO:kolla.common.utils.ironic-pxe:Enabling module authz_core.
INFO:kolla.common.utils.ironic-pxe:Enabling module authz_host.
INFO:kolla.common.utils.ironic-pxe:Enabling module authn_core.
INFO:kolla.common.utils.ironic-pxe:Enabling module auth_basic.
INFO:kolla.common.utils.ironic-pxe:Enabling module access_compat.
INFO:kolla.common.utils.ironic-pxe:Enabling module authn_file.
INFO:kolla.common.utils.ironic-pxe:Enabling module authz_user.
INFO:kolla.common.utils.ironic-pxe:Enabling module alias.
INFO:kolla.common.utils.ironic-pxe:Enabling module dir.
INFO:kolla.common.utils.ironic-pxe:Enabling module autoindex.
INFO:kolla.common.utils.ironic-pxe:Enabling module env.
INFO:kolla.common.utils.ironic-pxe:Enabling module mime.
INFO:kolla.common.utils.ironic-pxe:Enabling module negotiation.
INFO:kolla.common.utils.ironic-pxe:Enabling module setenvif.
INFO:kolla.common.utils.ironic-pxe:Enabling module filter.
INFO:kolla.common.utils.ironic-pxe:Enabling module deflate.
INFO:kolla.common.utils.ironic-pxe:Enabling module status.
INFO:kolla.common.utils.ironic-pxe:Enabling module reqtimeout.
INFO:kolla.common.utils.ironic-pxe:Enabling conf charset.
INFO:kolla.common.utils.ironic-pxe:Enabling conf localized-error-pages.
INFO:kolla.common.utils.ironic-pxe:Enabling conf other-vhosts-access-log.
INFO:kolla.common.utils.ironic-pxe:Enabling conf security.
INFO:kolla.common.utils.ironic-pxe:Enabling conf serve-cgi-bin.
INFO:kolla.common.utils.ironic-pxe:Enabling site 000-default.
INFO:kolla.common.utils.ironic-pxe:invoke-rc.d: could not determine current runlevel
INFO:kolla.common.utils.ironic-pxe:invoke-rc.d: policy-rc.d denied execution of start.
INFO:kolla.common.utils.ironic-pxe:Setting up libapache2-mod-wsgi-py3 (4.6.5-1) ...
INFO:kolla.common.utils.ironic-pxe:apache2_invoke: Enable module wsgi
INFO:kolla.common.utils.ironic-pxe:invoke-rc.d: could not determine current runlevel
INFO:kolla.common.utils.ironic-pxe:invoke-rc.d: policy-rc.d denied execution of restart.
INFO:kolla.common.utils.ironic-pxe:Processing triggers for libc-bin (2.28-10) ...
INFO:kolla.common.utils.ironic-pxe:Removing intermediate container b724721548d7
INFO:kolla.common.utils.ironic-pxe: ---> be8df219671c
INFO:kolla.common.utils.ironic-pxe:Step 4/7 : RUN echo > /etc/apache2/ports.conf
INFO:kolla.common.utils.ironic-pxe: ---> Running in 1e235c8f7905
INFO:kolla.common.utils.ironic-pxe:Removing intermediate container 1e235c8f7905
INFO:kolla.common.utils.ironic-pxe: ---> e6d154f2ba97
INFO:kolla.common.utils.ironic-pxe:Step 5/7 : COPY tftp-map-file /map-file
INFO:kolla.common.utils.ironic-pxe: ---> c4fb50709353
INFO:kolla.common.utils.ironic-pxe:Step 6/7 : COPY extend_start.sh /usr/local/bin/kolla_ironic_extend_start
INFO:kolla.common.utils.ironic-pxe: ---> 3d6a922ad475
INFO:kolla.common.utils.ironic-pxe:Step 7/7 : RUN chmod 755 /usr/local/bin/kolla_ironic_extend_start
INFO:kolla.common.utils.ironic-pxe: ---> Running in 52b9c09c7d75
INFO:kolla.common.utils.ironic-pxe:Removing intermediate container 52b9c09c7d75
INFO:kolla.common.utils.ironic-pxe: ---> 153d8cd012a8
INFO:kolla.common.utils.ironic-pxe:Successfully built 153d8cd012a8
INFO:kolla.common.utils.ironic-pxe:Successfully tagged s390x/debian-binary-ironic-pxe:9.1.0
INFO:kolla.common.utils.ironic-pxe:Built at 2020-03-02 21:28:13.900138 (took 0:00:18.013524)
