INFO:kolla.common.utils.keystone-base:Building started at 2020-03-02 21:25:09.026606
INFO:kolla.common.utils.keystone-base:Step 1/6 : FROM s390x/debian-binary-openstack-base:9.1.0
INFO:kolla.common.utils.keystone-base: ---> d0f37d4345b6
INFO:kolla.common.utils.keystone-base:Step 2/6 : LABEL maintainer="Kolla Project (https://launchpad.net/kolla)" name="keystone-base" build-date="20200302"
INFO:kolla.common.utils.keystone-base: ---> Running in 44d9de47e2fb
INFO:kolla.common.utils.keystone-base:Removing intermediate container 44d9de47e2fb
INFO:kolla.common.utils.keystone-base: ---> 2b7169e3ff97
INFO:kolla.common.utils.keystone-base:Step 3/6 : RUN usermod --append --home /var/lib/keystone --groups kolla keystone     && mkdir -p /var/lib/keystone     && chown -R 42425:42425 /var/lib/keystone
INFO:kolla.common.utils.keystone-base: ---> Running in 83c0238f9cd7
INFO:kolla.common.utils.keystone-base:Removing intermediate container 83c0238f9cd7
INFO:kolla.common.utils.keystone-base: ---> 8babf300784c
INFO:kolla.common.utils.keystone-base:Step 4/6 : RUN apt-get update && apt-get -y install --no-install-recommends apache2 keystone libapache2-mod-auth-mellon libapache2-mod-auth-openidc libapache2-mod-wsgi-py3 python3-ldappool && apt-get clean && rm -rf /var/lib/apt/lists/*
INFO:kolla.common.utils.keystone-base: ---> Running in c558e885e5a6
INFO:kolla.common.utils.keystone-base:Get:1 http://deb.debian.org/debian buster InRelease [122 kB]
INFO:kolla.common.utils.keystone-base:Get:2 http://deb.debian.org/debian buster-backports InRelease [46.7 kB]
INFO:kolla.common.utils.keystone-base:Get:3 http://security-cdn.debian.org/debian-security buster/updates InRelease [65.4 kB]
INFO:kolla.common.utils.keystone-base:Get:4 http://deb.debian.org/debian buster/main s390x Packages [7,624 kB]
INFO:kolla.common.utils.keystone-base:Get:5 http://buster-train.debian.net/debian buster-train-backports InRelease [3,660 B]
INFO:kolla.common.utils.keystone-base:Get:6 http://deb.debian.org/debian buster-backports/main s390x Packages [209 kB]
INFO:kolla.common.utils.keystone-base:Get:7 http://buster-train.debian.net/debian buster-train-backports-nochange InRelease [3,669 B]
INFO:kolla.common.utils.keystone-base:Get:8 http://security-cdn.debian.org/debian-security buster/updates/main s390x Packages [161 kB]
INFO:kolla.common.utils.keystone-base:Fetched 8,235 kB in 2s (4,744 kB/s)
INFO:kolla.common.utils.keystone-base:Reading package lists...
INFO:kolla.common.utils.keystone-base:[91mW[0m
INFO:kolla.common.utils.keystone-base:[91m: Skipping acquire of configured file 'main/binary-s390x/Packages' as repository 'http://buster-train.debian.net/debian buster-train-backports InRelease' does not seem to provide it (sources.list entry misspelt?)
INFO:kolla.common.utils.keystone-base:W: Skipping acquire of configured file 'main/binary-s390x/Packages' as repository 'http://buster-train.debian.net/debian buster-train-backports-nochange InRelease' does not seem to provide it (sources.list entry misspelt?)
INFO:kolla.common.utils.keystone-base:[0m
INFO:kolla.common.utils.keystone-base:Reading package lists...
INFO:kolla.common.utils.keystone-base:Building dependency tree...
INFO:kolla.common.utils.keystone-base:Reading state information...
INFO:kolla.common.utils.keystone-base:[91mE: Unable to locate package libapache2-mod-auth-openidc
INFO:kolla.common.utils.keystone-base:[0m
INFO:kolla.common.utils.keystone-base:Removing intermediate container c558e885e5a6
ERROR:kolla.common.utils.keystone-base:Error'd with the following message
ERROR:kolla.common.utils.keystone-base:The command '/bin/sh -c apt-get update && apt-get -y install --no-install-recommends apache2 keystone libapache2-mod-auth-mellon libapache2-mod-auth-openidc libapache2-mod-wsgi-py3 python3-ldappool && apt-get clean && rm -rf /var/lib/apt/lists/*' returned a non-zero code: 100
