INFO:kolla.common.utils.kibana:Building started at 2020-03-02 21:21:44.205093
INFO:kolla.common.utils.kibana:Step 1/8 : FROM s390x/debian-binary-base:9.1.0
INFO:kolla.common.utils.kibana: ---> 4244142526cc
INFO:kolla.common.utils.kibana:Step 2/8 : LABEL maintainer="Kolla Project (https://launchpad.net/kolla)" name="kibana" build-date="20200302"
INFO:kolla.common.utils.kibana: ---> Running in 4e6c9adc0ba7
INFO:kolla.common.utils.kibana:Removing intermediate container 4e6c9adc0ba7
INFO:kolla.common.utils.kibana: ---> 9c28bd03566b
INFO:kolla.common.utils.kibana:Step 3/8 : RUN echo "deb [arch=amd64] https://artifacts.elastic.co/packages/5.x/apt stable main" >/etc/apt/sources.list.d/kibana.list
INFO:kolla.common.utils.kibana: ---> Running in 5aeed4a85952
INFO:kolla.common.utils.kibana:Removing intermediate container 5aeed4a85952
INFO:kolla.common.utils.kibana: ---> fc8ae352e0fa
INFO:kolla.common.utils.kibana:Step 4/8 : RUN usermod --append --home /var/lib/kibana --groups kolla kibana     && mkdir -p /var/lib/kibana     && chown -R 42426:42426 /var/lib/kibana
INFO:kolla.common.utils.kibana: ---> Running in 323b64c8ebf0
INFO:kolla.common.utils.kibana:Removing intermediate container 323b64c8ebf0
INFO:kolla.common.utils.kibana: ---> 0e2bbce91e5f
INFO:kolla.common.utils.kibana:Step 5/8 : RUN apt-get update && apt-get -y install --no-install-recommends nodejs && apt-get clean && rm -rf /var/lib/apt/lists/* && curl --location http://obs.linaro.org/home:/marcin.juszkiewicz/debian-buster/all/kibana_5.6.16-0linaro1_all.deb -o kibana_5.6.16-0linaro1_all.deb && dpkg -i kibana_5.6.16-0linaro1_all.deb && rm -rf kibana_5.6.16-0linaro1_all.deb
INFO:kolla.common.utils.kibana: ---> Running in a05ae71080ed
INFO:kolla.common.utils.kibana:Get:1 http://deb.debian.org/debian buster InRelease [122 kB]
INFO:kolla.common.utils.kibana:Get:2 http://deb.debian.org/debian buster-backports InRelease [46.7 kB]
INFO:kolla.common.utils.kibana:Get:3 http://security-cdn.debian.org/debian-security buster/updates InRelease [65.4 kB]
INFO:kolla.common.utils.kibana:Get:4 http://buster-train.debian.net/debian buster-train-backports InRelease [3,660 B]
INFO:kolla.common.utils.kibana:Ign:5 https://artifacts.elastic.co/packages/5.x/apt stable InRelease
INFO:kolla.common.utils.kibana:Get:6 https://artifacts.elastic.co/packages/5.x/apt stable Release [5,116 B]
INFO:kolla.common.utils.kibana:Get:7 http://deb.debian.org/debian buster/main s390x Packages [7,624 kB]
INFO:kolla.common.utils.kibana:Get:8 https://artifacts.elastic.co/packages/5.x/apt stable Release.gpg [473 B]
INFO:kolla.common.utils.kibana:Get:9 http://buster-train.debian.net/debian buster-train-backports-nochange InRelease [3,669 B]
INFO:kolla.common.utils.kibana:Get:10 http://deb.debian.org/debian buster-backports/main s390x Packages [209 kB]
INFO:kolla.common.utils.kibana:Get:11 http://security-cdn.debian.org/debian-security buster/updates/main s390x Packages [161 kB]
INFO:kolla.common.utils.kibana:Get:12 https://artifacts.elastic.co/packages/5.x/apt stable/main amd64 Packages [42.6 kB]
INFO:kolla.common.utils.kibana:Fetched 8,283 kB in 2s (4,553 kB/s)
INFO:kolla.common.utils.kibana:Reading package lists...
INFO:kolla.common.utils.kibana:[91mW: Skipping acquire of configured file 'main/binary-s390x/Packages' as repository 'http://buster-train.debian.net/debian buster-train-backports InRelease' does not seem to provide it (sources.list entry misspelt?)
INFO:kolla.common.utils.kibana:W: Skipping acquire of configured file 'main/binary-s390x/Packages' as repository 'http://buster-train.debian.net/debian buster-train-backports-nochange InRelease' does not seem to provide it (sources.list entry misspelt?)
INFO:kolla.common.utils.kibana:[0m
INFO:kolla.common.utils.kibana:Reading package lists...
INFO:kolla.common.utils.kibana:Building dependency tree...
INFO:kolla.common.utils.kibana:Reading state information...
INFO:kolla.common.utils.kibana:The following additional packages will be installed:
INFO:kolla.common.utils.kibana:  libc-ares2 libicu63 libnode64 libuv1
INFO:kolla.common.utils.kibana:Suggested packages:
INFO:kolla.common.utils.kibana:  npm
INFO:kolla.common.utils.kibana:Recommended packages:
INFO:kolla.common.utils.kibana:  nodejs-doc
INFO:kolla.common.utils.kibana:The following NEW packages will be installed:
INFO:kolla.common.utils.kibana:  libc-ares2 libicu63 libnode64 libuv1 nodejs
INFO:kolla.common.utils.kibana:0 upgraded, 5 newly installed, 0 to remove and 0 not upgraded.
INFO:kolla.common.utils.kibana:Need to get 13.5 MB of archives.
INFO:kolla.common.utils.kibana:After this operation, 58.1 MB of additional disk space will be used.
INFO:kolla.common.utils.kibana:Get:1 http://deb.debian.org/debian buster/main s390x libc-ares2 s390x 1.14.0-1 [84.6 kB]
INFO:kolla.common.utils.kibana:Get:2 http://deb.debian.org/debian buster/main s390x libicu63 s390x 63.1-6 [8,030 kB]
INFO:kolla.common.utils.kibana:Get:3 http://deb.debian.org/debian buster/main s390x libuv1 s390x 1.24.1-1 [104 kB]
INFO:kolla.common.utils.kibana:Get:4 http://deb.debian.org/debian buster/main s390x libnode64 s390x 10.15.2~dfsg-2 [5,234 kB]
INFO:kolla.common.utils.kibana:Get:5 http://deb.debian.org/debian buster/main s390x nodejs s390x 10.15.2~dfsg-2 [86.2 kB]
INFO:kolla.common.utils.kibana:Fetched 13.5 MB in 0s (35.1 MB/s)
INFO:kolla.common.utils.kibana:Selecting previously unselected package libc-ares2:s390x.
INFO:kolla.common.utils.kibana:(Reading database ... (Reading database ... 5%(Reading database ... 10%(Reading database ... 15%(Reading database ... 20%(Reading database ... 25%(Reading database ... 30%(Reading database ... 35%
INFO:kolla.common.utils.kibana:(Reading database ... 40%(Reading database ... 45%(Reading database ... 50%(Reading database ... 55%(Reading database ... 60%(Reading database ... 65%(Reading database ... 70%(Reading database ... 75%
INFO:kolla.common.utils.kibana:(Reading database ... 80%(Reading database ... 85%
INFO:kolla.common.utils.kibana:(Reading database ... 90%(Reading database ... 95%
INFO:kolla.common.utils.kibana:(Reading database ... 100%(Reading database ... 12012 files and directories currently installed.)
INFO:kolla.common.utils.kibana:Preparing to unpack .../libc-ares2_1.14.0-1_s390x.deb ...
INFO:kolla.common.utils.kibana:Unpacking libc-ares2:s390x (1.14.0-1) ...
INFO:kolla.common.utils.kibana:Selecting previously unselected package libicu63:s390x.
INFO:kolla.common.utils.kibana:Preparing to unpack .../libicu63_63.1-6_s390x.deb ...
INFO:kolla.common.utils.kibana:Unpacking libicu63:s390x (63.1-6) ...
INFO:kolla.common.utils.kibana:Selecting previously unselected package libuv1:s390x.
INFO:kolla.common.utils.kibana:Preparing to unpack .../libuv1_1.24.1-1_s390x.deb ...
INFO:kolla.common.utils.kibana:Unpacking libuv1:s390x (1.24.1-1) ...
INFO:kolla.common.utils.kibana:Selecting previously unselected package libnode64:s390x.
INFO:kolla.common.utils.kibana:Preparing to unpack .../libnode64_10.15.2~dfsg-2_s390x.deb ...
INFO:kolla.common.utils.kibana:Unpacking libnode64:s390x (10.15.2~dfsg-2) ...
INFO:kolla.common.utils.kibana:Selecting previously unselected package nodejs.
INFO:kolla.common.utils.kibana:Preparing to unpack .../nodejs_10.15.2~dfsg-2_s390x.deb ...
INFO:kolla.common.utils.kibana:Unpacking nodejs (10.15.2~dfsg-2) ...
INFO:kolla.common.utils.kibana:Setting up libc-ares2:s390x (1.14.0-1) ...
INFO:kolla.common.utils.kibana:Setting up libicu63:s390x (63.1-6) ...
INFO:kolla.common.utils.kibana:Setting up libuv1:s390x (1.24.1-1) ...
INFO:kolla.common.utils.kibana:Setting up libnode64:s390x (10.15.2~dfsg-2) ...
INFO:kolla.common.utils.kibana:Setting up nodejs (10.15.2~dfsg-2) ...
INFO:kolla.common.utils.kibana:update-alternatives: using /usr/bin/nodejs to provide /usr/bin/js (js) in auto mode
INFO:kolla.common.utils.kibana:update-alternatives: warning: skip creation of /usr/share/man/man1/js.1.gz because associated file /usr/share/man/man1/nodejs.1.gz (of link group js) doesn't exist
INFO:kolla.common.utils.kibana:Processing triggers for libc-bin (2.28-10) ...
INFO:kolla.common.utils.kibana:curl (http://obs.linaro.org/home:/marcin.juszkiewicz/debian-buster/all/kibana_5.6.16-0linaro1_all.deb): response: 200, time: 0.682420, size: 29303036
INFO:kolla.common.utils.kibana:Selecting previously unselected package kibana.
INFO:kolla.common.utils.kibana:(Reading database ... 12059 files and directories currently installed.)
INFO:kolla.common.utils.kibana:Preparing to unpack kibana_5.6.16-0linaro1_all.deb ...
INFO:kolla.common.utils.kibana:Unpacking kibana (5.6.16-0linaro1) ...
INFO:kolla.common.utils.kibana:Setting up kibana (5.6.16-0linaro1) ...
INFO:kolla.common.utils.kibana:Removing intermediate container a05ae71080ed
INFO:kolla.common.utils.kibana: ---> 8f53f9b6ed01
INFO:kolla.common.utils.kibana:Step 6/8 : COPY extend_start.sh /usr/local/bin/kolla_extend_start
INFO:kolla.common.utils.kibana: ---> 4755b1591924
INFO:kolla.common.utils.kibana:Step 7/8 : RUN chmod 755 /usr/local/bin/kolla_extend_start
INFO:kolla.common.utils.kibana: ---> Running in 5d8c4507e9f5
INFO:kolla.common.utils.kibana:Removing intermediate container 5d8c4507e9f5
INFO:kolla.common.utils.kibana: ---> 590fcf80dcb3
INFO:kolla.common.utils.kibana:Step 8/8 : USER kibana
INFO:kolla.common.utils.kibana: ---> Running in 7d63c07459c2
INFO:kolla.common.utils.kibana:Removing intermediate container 7d63c07459c2
INFO:kolla.common.utils.kibana: ---> d261626e694c
INFO:kolla.common.utils.kibana:Successfully built d261626e694c
INFO:kolla.common.utils.kibana:Successfully tagged s390x/debian-binary-kibana:9.1.0
INFO:kolla.common.utils.kibana:Built at 2020-03-02 21:22:28.278035 (took 0:00:44.072942)
