INFO:kolla.common.utils.magnum-api:Building started at 2020-03-02 21:28:18.122446
INFO:kolla.common.utils.magnum-api:Step 1/6 : FROM s390x/debian-binary-magnum-base:9.1.0
INFO:kolla.common.utils.magnum-api: ---> 76e325959293
INFO:kolla.common.utils.magnum-api:Step 2/6 : LABEL maintainer="Kolla Project (https://launchpad.net/kolla)" name="magnum-api" build-date="20200302"
INFO:kolla.common.utils.magnum-api: ---> Running in f82ec1fe0843
INFO:kolla.common.utils.magnum-api:Removing intermediate container f82ec1fe0843
INFO:kolla.common.utils.magnum-api: ---> 750039b30909
INFO:kolla.common.utils.magnum-api:Step 3/6 : RUN apt-get update && apt-get -y install --no-install-recommends magnum-api && apt-get clean && rm -rf /var/lib/apt/lists/*
INFO:kolla.common.utils.magnum-api: ---> Running in 5ae85575c91b
INFO:kolla.common.utils.magnum-api:Get:1 http://deb.debian.org/debian buster InRelease [122 kB]
INFO:kolla.common.utils.magnum-api:Get:2 http://deb.debian.org/debian buster-backports InRelease [46.7 kB]
INFO:kolla.common.utils.magnum-api:Get:3 http://security-cdn.debian.org/debian-security buster/updates InRelease [65.4 kB]
INFO:kolla.common.utils.magnum-api:Get:4 http://buster-train.debian.net/debian buster-train-backports InRelease [3,660 B]
INFO:kolla.common.utils.magnum-api:Get:5 http://deb.debian.org/debian buster/main s390x Packages [7,624 kB]
INFO:kolla.common.utils.magnum-api:Get:6 http://buster-train.debian.net/debian buster-train-backports-nochange InRelease [3,669 B]
INFO:kolla.common.utils.magnum-api:Get:7 http://deb.debian.org/debian buster-backports/main s390x Packages [209 kB]
INFO:kolla.common.utils.magnum-api:Get:8 http://security-cdn.debian.org/debian-security buster/updates/main s390x Packages [161 kB]
INFO:kolla.common.utils.magnum-api:Fetched 8,235 kB in 2s (5,172 kB/s)
INFO:kolla.common.utils.magnum-api:Reading package lists...
INFO:kolla.common.utils.magnum-api:[91mW: Skipping acquire of configured file 'main/binary-s390x/Packages' as repository 'http://buster-train.debian.net/debian buster-train-backports InRelease' does not seem to provide it (sources.list entry misspelt?)
INFO:kolla.common.utils.magnum-api:W: Skipping acquire of configured file 'main/binary-s390x/Packages' as repository 'http://buster-train.debian.net/debian buster-train-backports-nochange InRelease' does not seem to provide it (sources.list entry misspelt?)
INFO:kolla.common.utils.magnum-api:[0m
INFO:kolla.common.utils.magnum-api:Reading package lists...
INFO:kolla.common.utils.magnum-api:Building dependency tree...
INFO:kolla.common.utils.magnum-api:Reading state information...
INFO:kolla.common.utils.magnum-api:The following additional packages will be installed:
INFO:kolla.common.utils.magnum-api:  python-q-text-as-data python-six sqlite3
INFO:kolla.common.utils.magnum-api:Suggested packages:
INFO:kolla.common.utils.magnum-api:  sqlite3-doc
INFO:kolla.common.utils.magnum-api:The following NEW packages will be installed:
INFO:kolla.common.utils.magnum-api:  magnum-api python-q-text-as-data python-six sqlite3
INFO:kolla.common.utils.magnum-api:0 upgraded, 4 newly installed, 0 to remove and 0 not upgraded.
INFO:kolla.common.utils.magnum-api:Need to get 917 kB of archives.
INFO:kolla.common.utils.magnum-api:After this operation, 3,214 kB of additional disk space will be used.
INFO:kolla.common.utils.magnum-api:Get:1 http://deb.debian.org/debian buster/main s390x python-six all 1.12.0-1 [15.7 kB]
INFO:kolla.common.utils.magnum-api:Get:2 http://deb.debian.org/debian buster/main s390x sqlite3 s390x 3.27.2-3 [855 kB]
INFO:kolla.common.utils.magnum-api:Get:3 http://deb.debian.org/debian buster/main s390x python-q-text-as-data all 1.7.4+2018.12.21+git+28f776ed46-1 [26.3 kB]
INFO:kolla.common.utils.magnum-api:Get:4 http://deb.debian.org/debian buster/main s390x magnum-api all 7.1.0-1 [20.7 kB]
INFO:kolla.common.utils.magnum-api:Preconfiguring packages ...
INFO:kolla.common.utils.magnum-api:Fetched 917 kB in 0s (15.7 MB/s)
INFO:kolla.common.utils.magnum-api:Selecting previously unselected package python-six.
INFO:kolla.common.utils.magnum-api:(Reading database ... (Reading database ... 5%(Reading database ... 10%(Reading database ... 15%(Reading database ... 20%(Reading database ... 25%(Reading database ... 30%(Reading database ... 35%(Reading database ... 40%(Reading database ... 45%(Reading database ... 50%(Reading database ... 55%(Reading database ... 60%(Reading database ... 65%
INFO:kolla.common.utils.magnum-api:(Reading database ... 70%(Reading database ... 75%
INFO:kolla.common.utils.magnum-api:(Reading database ... 80%
INFO:kolla.common.utils.magnum-api:(Reading database ... 85%
INFO:kolla.common.utils.magnum-api:(Reading database ... 90%
INFO:kolla.common.utils.magnum-api:(Reading database ... 95%
INFO:kolla.common.utils.magnum-api:(Reading database ... 100%(Reading database ... 27888 files and directories currently installed.)
INFO:kolla.common.utils.magnum-api:Preparing to unpack .../python-six_1.12.0-1_all.deb ...
INFO:kolla.common.utils.magnum-api:Unpacking python-six (1.12.0-1) ...
INFO:kolla.common.utils.magnum-api:Selecting previously unselected package sqlite3.
INFO:kolla.common.utils.magnum-api:Preparing to unpack .../sqlite3_3.27.2-3_s390x.deb ...
INFO:kolla.common.utils.magnum-api:Unpacking sqlite3 (3.27.2-3) ...
INFO:kolla.common.utils.magnum-api:Selecting previously unselected package python-q-text-as-data.
INFO:kolla.common.utils.magnum-api:Preparing to unpack .../python-q-text-as-data_1.7.4+2018.12.21+git+28f776ed46-1_all.deb ...
INFO:kolla.common.utils.magnum-api:Unpacking python-q-text-as-data (1.7.4+2018.12.21+git+28f776ed46-1) ...
INFO:kolla.common.utils.magnum-api:Selecting previously unselected package magnum-api.
INFO:kolla.common.utils.magnum-api:Preparing to unpack .../magnum-api_7.1.0-1_all.deb ...
INFO:kolla.common.utils.magnum-api:Unpacking magnum-api (7.1.0-1) ...
INFO:kolla.common.utils.magnum-api:Setting up python-six (1.12.0-1) ...
INFO:kolla.common.utils.magnum-api:Setting up sqlite3 (3.27.2-3) ...
INFO:kolla.common.utils.magnum-api:Setting up python-q-text-as-data (1.7.4+2018.12.21+git+28f776ed46-1) ...
INFO:kolla.common.utils.magnum-api:update-alternatives: using /usr/bin/python2-q-text-as-data to provide /usr/bin/q (q) in auto mode
INFO:kolla.common.utils.magnum-api:Setting up magnum-api (7.1.0-1) ...
INFO:kolla.common.utils.magnum-api:Will not register magnum endpoint this time (no user request for it).
INFO:kolla.common.utils.magnum-api:invoke-rc.d: could not determine current runlevel
INFO:kolla.common.utils.magnum-api:invoke-rc.d: policy-rc.d denied execution of start.
INFO:kolla.common.utils.magnum-api:Removing intermediate container 5ae85575c91b
INFO:kolla.common.utils.magnum-api: ---> aec4ed10d8fb
INFO:kolla.common.utils.magnum-api:Step 4/6 : COPY extend_start.sh /usr/local/bin/kolla_magnum_extend_start
INFO:kolla.common.utils.magnum-api: ---> 613ab1a41e6d
INFO:kolla.common.utils.magnum-api:Step 5/6 : RUN chmod 755 /usr/local/bin/kolla_magnum_extend_start
INFO:kolla.common.utils.magnum-api: ---> Running in 13bd1dd56de0
INFO:kolla.common.utils.magnum-api:Removing intermediate container 13bd1dd56de0
INFO:kolla.common.utils.magnum-api: ---> 2536a107e23b
INFO:kolla.common.utils.magnum-api:Step 6/6 : USER magnum
INFO:kolla.common.utils.magnum-api: ---> Running in f5d9050a4460
INFO:kolla.common.utils.magnum-api:Removing intermediate container f5d9050a4460
INFO:kolla.common.utils.magnum-api: ---> 5d8abd5b95de
INFO:kolla.common.utils.magnum-api:Successfully built 5d8abd5b95de
INFO:kolla.common.utils.magnum-api:Successfully tagged s390x/debian-binary-magnum-api:9.1.0
INFO:kolla.common.utils.magnum-api:Built at 2020-03-02 21:28:28.285371 (took 0:00:10.162925)
