INFO:kolla.common.utils.manila-share:Building started at 2020-03-02 21:28:54.432779
INFO:kolla.common.utils.manila-share:Step 1/4 : FROM s390x/debian-binary-manila-base:9.1.0
INFO:kolla.common.utils.manila-share: ---> 521f71fa2b52
INFO:kolla.common.utils.manila-share:Step 2/4 : LABEL maintainer="Kolla Project (https://launchpad.net/kolla)" name="manila-share" build-date="20200302"
INFO:kolla.common.utils.manila-share: ---> Running in 99d72730e321
INFO:kolla.common.utils.manila-share:Removing intermediate container 99d72730e321
INFO:kolla.common.utils.manila-share: ---> d23cab25cb01
INFO:kolla.common.utils.manila-share:Step 3/4 : RUN apt-get update && apt-get -y install --no-install-recommends manila-share ceph-common python3-cephfs python3-rados python3-rbd sqlite3 && apt-get clean && rm -rf /var/lib/apt/lists/*
INFO:kolla.common.utils.manila-share: ---> Running in c7e935456760
INFO:kolla.common.utils.manila-share:Get:2 http://deb.debian.org/debian buster InRelease [122 kB]
INFO:kolla.common.utils.manila-share:Get:3 http://deb.debian.org/debian buster-backports InRelease [46.7 kB]
INFO:kolla.common.utils.manila-share:Get:1 http://security-cdn.debian.org/debian-security buster/updates InRelease [65.4 kB]
INFO:kolla.common.utils.manila-share:Get:4 http://buster-train.debian.net/debian buster-train-backports InRelease [3,660 B]
INFO:kolla.common.utils.manila-share:Get:5 http://deb.debian.org/debian buster/main s390x Packages [7,624 kB]
INFO:kolla.common.utils.manila-share:Get:6 http://buster-train.debian.net/debian buster-train-backports-nochange InRelease [3,669 B]
INFO:kolla.common.utils.manila-share:Get:7 http://deb.debian.org/debian buster-backports/main s390x Packages [209 kB]
INFO:kolla.common.utils.manila-share:Get:8 http://security-cdn.debian.org/debian-security buster/updates/main s390x Packages [161 kB]
INFO:kolla.common.utils.manila-share:Fetched 8,235 kB in 2s (5,322 kB/s)
INFO:kolla.common.utils.manila-share:Reading package lists...
INFO:kolla.common.utils.manila-share:[91mW: Skipping acquire of configured file 'main/binary-s390x/Packages' as repository 'http://buster-train.debian.net/debian buster-train-backports InRelease' does not seem to provide it (sources.list entry misspelt?)
INFO:kolla.common.utils.manila-share:W[0m
INFO:kolla.common.utils.manila-share:[91m: Skipping acquire of configured file 'main/binary-s390x/Packages' as repository 'http://buster-train.debian.net/debian buster-train-backports-nochange InRelease' does not seem to provide it (sources.list entry misspelt?)
INFO:kolla.common.utils.manila-share:[0m
INFO:kolla.common.utils.manila-share:Reading package lists...
INFO:kolla.common.utils.manila-share:Building dependency tree...
INFO:kolla.common.utils.manila-share:Reading state information...
INFO:kolla.common.utils.manila-share:The following additional packages will be installed:
INFO:kolla.common.utils.manila-share:  libbabeltrace1 libboost-atomic1.67.0 libboost-iostreams1.67.0
INFO:kolla.common.utils.manila-share:  libboost-program-options1.67.0 libboost-system1.67.0 libboost-thread1.67.0
INFO:kolla.common.utils.manila-share:  libcephfs2 libcurl3-gnutls libdw1 libleveldb1d libnspr4 libnss3 liboath0
INFO:kolla.common.utils.manila-share:  libpopt0 libpython3.7 librabbitmq4 librados2 libradosstriper1 librbd1
INFO:kolla.common.utils.manila-share:  libsnappy1v5 python3-ceph-argparse
INFO:kolla.common.utils.manila-share:Suggested packages:
INFO:kolla.common.utils.manila-share:  ceph ceph-mds sqlite3-doc
INFO:kolla.common.utils.manila-share:The following NEW packages will be installed:
INFO:kolla.common.utils.manila-share:  ceph-common libbabeltrace1 libboost-atomic1.67.0 libboost-iostreams1.67.0
INFO:kolla.common.utils.manila-share:  libboost-program-options1.67.0 libboost-system1.67.0 libboost-thread1.67.0
INFO:kolla.common.utils.manila-share:  libcephfs2 libcurl3-gnutls libdw1 libleveldb1d libnspr4 libnss3 liboath0
INFO:kolla.common.utils.manila-share:  libpopt0 libpython3.7 librabbitmq4 librados2 libradosstriper1 librbd1
INFO:kolla.common.utils.manila-share:  libsnappy1v5 manila-share python3-ceph-argparse python3-cephfs python3-rados
INFO:kolla.common.utils.manila-share:  python3-rbd sqlite3
INFO:kolla.common.utils.manila-share:0 upgraded, 27 newly installed, 0 to remove and 0 not upgraded.
INFO:kolla.common.utils.manila-share:Need to get 24.2 MB of archives.
INFO:kolla.common.utils.manila-share:After this operation, 115 MB of additional disk space will be used.
INFO:kolla.common.utils.manila-share:Get:1 http://deb.debian.org/debian buster/main s390x libboost-iostreams1.67.0 s390x 1.67.0-13+deb10u1 [247 kB]
INFO:kolla.common.utils.manila-share:Get:2 http://deb.debian.org/debian buster/main s390x libboost-system1.67.0 s390x 1.67.0-13+deb10u1 [229 kB]
INFO:kolla.common.utils.manila-share:Get:4 http://deb.debian.org/debian buster/main s390x libboost-atomic1.67.0 s390x 1.67.0-13+deb10u1 [226 kB]
INFO:kolla.common.utils.manila-share:Get:5 http://deb.debian.org/debian buster/main s390x libboost-thread1.67.0 s390x 1.67.0-13+deb10u1 [264 kB]
INFO:kolla.common.utils.manila-share:Get:6 http://deb.debian.org/debian buster/main s390x libnspr4 s390x 2:4.20-1 [107 kB]
INFO:kolla.common.utils.manila-share:Get:7 http://deb.debian.org/debian buster/main s390x libnss3 s390x 2:3.42.1-1+deb10u2 [1,051 kB]
INFO:kolla.common.utils.manila-share:Get:8 http://deb.debian.org/debian buster-backports/main s390x librados2 s390x 14.2.6-4~bpo10+1 [2,702 kB]
INFO:kolla.common.utils.manila-share:Get:3 http://security-cdn.debian.org/debian-security buster/updates/main s390x libcurl3-gnutls s390x 7.64.0-4+deb10u1 [307 kB]
INFO:kolla.common.utils.manila-share:Get:9 http://deb.debian.org/debian buster-backports/main s390x librbd1 s390x 14.2.6-4~bpo10+1 [1,241 kB]
INFO:kolla.common.utils.manila-share:Get:10 http://deb.debian.org/debian buster-backports/main s390x libcephfs2 s390x 14.2.6-4~bpo10+1 [411 kB]
INFO:kolla.common.utils.manila-share:Get:11 http://deb.debian.org/debian buster-backports/main s390x python3-ceph-argparse s390x 14.2.6-4~bpo10+1 [47.7 kB]
INFO:kolla.common.utils.manila-share:Get:12 http://deb.debian.org/debian buster/main s390x libpython3.7 s390x 3.7.3-2+deb10u1 [1,359 kB]
INFO:kolla.common.utils.manila-share:Get:13 http://deb.debian.org/debian buster-backports/main s390x python3-rados s390x 14.2.6-4~bpo10+1 [262 kB]
INFO:kolla.common.utils.manila-share:Get:14 http://deb.debian.org/debian buster-backports/main s390x python3-cephfs s390x 14.2.6-4~bpo10+1 [125 kB]
INFO:kolla.common.utils.manila-share:Get:15 http://deb.debian.org/debian buster-backports/main s390x python3-rbd s390x 14.2.6-4~bpo10+1 [234 kB]
INFO:kolla.common.utils.manila-share:Get:16 http://deb.debian.org/debian buster/main s390x libdw1 s390x 0.176-1.1 [220 kB]
INFO:kolla.common.utils.manila-share:Get:17 http://deb.debian.org/debian buster/main s390x libpopt0 s390x 1.16-12 [47.7 kB]
INFO:kolla.common.utils.manila-share:Get:18 http://deb.debian.org/debian buster/main s390x libbabeltrace1 s390x 1.5.6-2+deb10u1 [157 kB]
INFO:kolla.common.utils.manila-share:Get:19 http://deb.debian.org/debian buster/main s390x libboost-program-options1.67.0 s390x 1.67.0-13+deb10u1 [342 kB]
INFO:kolla.common.utils.manila-share:Get:20 http://deb.debian.org/debian buster/main s390x libsnappy1v5 s390x 1.1.7-1 [16.9 kB]
INFO:kolla.common.utils.manila-share:Get:21 http://deb.debian.org/debian buster/main s390x libleveldb1d s390x 1.20-2.1 [126 kB]
INFO:kolla.common.utils.manila-share:Get:22 http://deb.debian.org/debian buster/main s390x liboath0 s390x 2.6.1-1.3 [76.7 kB]
INFO:kolla.common.utils.manila-share:Get:23 http://deb.debian.org/debian buster/main s390x librabbitmq4 s390x 0.9.0-0.2 [39.2 kB]
INFO:kolla.common.utils.manila-share:Get:24 http://deb.debian.org/debian buster-backports/main s390x libradosstriper1 s390x 14.2.6-4~bpo10+1 [336 kB]
INFO:kolla.common.utils.manila-share:Get:25 http://deb.debian.org/debian buster-backports/main s390x ceph-common s390x 14.2.6-4~bpo10+1 [13.2 MB]
INFO:kolla.common.utils.manila-share:Get:26 http://deb.debian.org/debian buster/main s390x manila-share all 1:7.0.0-1 [8,828 B]
INFO:kolla.common.utils.manila-share:Get:27 http://deb.debian.org/debian buster/main s390x sqlite3 s390x 3.27.2-3 [855 kB]
INFO:kolla.common.utils.manila-share:Fetched 24.2 MB in 1s (46.0 MB/s)
INFO:kolla.common.utils.manila-share:Selecting previously unselected package libboost-iostreams1.67.0:s390x.
INFO:kolla.common.utils.manila-share:(Reading database ... 
INFO:kolla.common.utils.manila-share:(Reading database ... 5%(Reading database ... 10%(Reading database ... 15%(Reading database ... 20%(Reading database ... 25%(Reading database ... 30%(Reading database ... 35%(Reading database ... 40%(Reading database ... 45%(Reading database ... 50%(Reading database ... 55%(Reading database ... 60%(Reading database ... 65%(Reading database ... 70%
INFO:kolla.common.utils.manila-share:(Reading database ... 75%
INFO:kolla.common.utils.manila-share:(Reading database ... 80%
INFO:kolla.common.utils.manila-share:(Reading database ... 85%
INFO:kolla.common.utils.manila-share:(Reading database ... 90%
INFO:kolla.common.utils.manila-share:(Reading database ... 95%
INFO:kolla.common.utils.manila-share:(Reading database ... 100%(Reading database ... 26126 files and directories currently installed.)
INFO:kolla.common.utils.manila-share:Preparing to unpack .../00-libboost-iostreams1.67.0_1.67.0-13+deb10u1_s390x.deb ...
INFO:kolla.common.utils.manila-share:Unpacking libboost-iostreams1.67.0:s390x (1.67.0-13+deb10u1) ...
INFO:kolla.common.utils.manila-share:Selecting previously unselected package libboost-system1.67.0:s390x.
INFO:kolla.common.utils.manila-share:Preparing to unpack .../01-libboost-system1.67.0_1.67.0-13+deb10u1_s390x.deb ...
INFO:kolla.common.utils.manila-share:Unpacking libboost-system1.67.0:s390x (1.67.0-13+deb10u1) ...
INFO:kolla.common.utils.manila-share:Selecting previously unselected package libboost-atomic1.67.0:s390x.
INFO:kolla.common.utils.manila-share:Preparing to unpack .../02-libboost-atomic1.67.0_1.67.0-13+deb10u1_s390x.deb ...
INFO:kolla.common.utils.manila-share:Unpacking libboost-atomic1.67.0:s390x (1.67.0-13+deb10u1) ...
INFO:kolla.common.utils.manila-share:Selecting previously unselected package libboost-thread1.67.0:s390x.
INFO:kolla.common.utils.manila-share:Preparing to unpack .../03-libboost-thread1.67.0_1.67.0-13+deb10u1_s390x.deb ...
INFO:kolla.common.utils.manila-share:Unpacking libboost-thread1.67.0:s390x (1.67.0-13+deb10u1) ...
INFO:kolla.common.utils.manila-share:Selecting previously unselected package libnspr4:s390x.
INFO:kolla.common.utils.manila-share:Preparing to unpack .../04-libnspr4_2%3a4.20-1_s390x.deb ...
INFO:kolla.common.utils.manila-share:Unpacking libnspr4:s390x (2:4.20-1) ...
INFO:kolla.common.utils.manila-share:Selecting previously unselected package libnss3:s390x.
INFO:kolla.common.utils.manila-share:Preparing to unpack .../05-libnss3_2%3a3.42.1-1+deb10u2_s390x.deb ...
INFO:kolla.common.utils.manila-share:Unpacking libnss3:s390x (2:3.42.1-1+deb10u2) ...
INFO:kolla.common.utils.manila-share:Selecting previously unselected package librados2.
INFO:kolla.common.utils.manila-share:Preparing to unpack .../06-librados2_14.2.6-4~bpo10+1_s390x.deb ...
INFO:kolla.common.utils.manila-share:Unpacking librados2 (14.2.6-4~bpo10+1) ...
INFO:kolla.common.utils.manila-share:Selecting previously unselected package librbd1.
INFO:kolla.common.utils.manila-share:Preparing to unpack .../07-librbd1_14.2.6-4~bpo10+1_s390x.deb ...
INFO:kolla.common.utils.manila-share:Unpacking librbd1 (14.2.6-4~bpo10+1) ...
INFO:kolla.common.utils.manila-share:Selecting previously unselected package libcephfs2.
INFO:kolla.common.utils.manila-share:Preparing to unpack .../08-libcephfs2_14.2.6-4~bpo10+1_s390x.deb ...
INFO:kolla.common.utils.manila-share:Unpacking libcephfs2 (14.2.6-4~bpo10+1) ...
INFO:kolla.common.utils.manila-share:Selecting previously unselected package python3-ceph-argparse.
INFO:kolla.common.utils.manila-share:Preparing to unpack .../09-python3-ceph-argparse_14.2.6-4~bpo10+1_s390x.deb ...
INFO:kolla.common.utils.manila-share:Unpacking python3-ceph-argparse (14.2.6-4~bpo10+1) ...
INFO:kolla.common.utils.manila-share:Selecting previously unselected package libpython3.7:s390x.
INFO:kolla.common.utils.manila-share:Preparing to unpack .../10-libpython3.7_3.7.3-2+deb10u1_s390x.deb ...
INFO:kolla.common.utils.manila-share:Unpacking libpython3.7:s390x (3.7.3-2+deb10u1) ...
INFO:kolla.common.utils.manila-share:Selecting previously unselected package python3-rados.
INFO:kolla.common.utils.manila-share:Preparing to unpack .../11-python3-rados_14.2.6-4~bpo10+1_s390x.deb ...
INFO:kolla.common.utils.manila-share:Unpacking python3-rados (14.2.6-4~bpo10+1) ...
INFO:kolla.common.utils.manila-share:Selecting previously unselected package python3-cephfs.
INFO:kolla.common.utils.manila-share:Preparing to unpack .../12-python3-cephfs_14.2.6-4~bpo10+1_s390x.deb ...
INFO:kolla.common.utils.manila-share:Unpacking python3-cephfs (14.2.6-4~bpo10+1) ...
INFO:kolla.common.utils.manila-share:Selecting previously unselected package python3-rbd.
INFO:kolla.common.utils.manila-share:Preparing to unpack .../13-python3-rbd_14.2.6-4~bpo10+1_s390x.deb ...
INFO:kolla.common.utils.manila-share:Unpacking python3-rbd (14.2.6-4~bpo10+1) ...
INFO:kolla.common.utils.manila-share:Selecting previously unselected package libdw1:s390x.
INFO:kolla.common.utils.manila-share:Preparing to unpack .../14-libdw1_0.176-1.1_s390x.deb ...
INFO:kolla.common.utils.manila-share:Unpacking libdw1:s390x (0.176-1.1) ...
INFO:kolla.common.utils.manila-share:Selecting previously unselected package libpopt0:s390x.
INFO:kolla.common.utils.manila-share:Preparing to unpack .../15-libpopt0_1.16-12_s390x.deb ...
INFO:kolla.common.utils.manila-share:Unpacking libpopt0:s390x (1.16-12) ...
INFO:kolla.common.utils.manila-share:Selecting previously unselected package libbabeltrace1:s390x.
INFO:kolla.common.utils.manila-share:Preparing to unpack .../16-libbabeltrace1_1.5.6-2+deb10u1_s390x.deb ...
INFO:kolla.common.utils.manila-share:Unpacking libbabeltrace1:s390x (1.5.6-2+deb10u1) ...
INFO:kolla.common.utils.manila-share:Selecting previously unselected package libboost-program-options1.67.0:s390x.
INFO:kolla.common.utils.manila-share:Preparing to unpack .../17-libboost-program-options1.67.0_1.67.0-13+deb10u1_s390x.deb ...
INFO:kolla.common.utils.manila-share:Unpacking libboost-program-options1.67.0:s390x (1.67.0-13+deb10u1) ...
INFO:kolla.common.utils.manila-share:Selecting previously unselected package libcurl3-gnutls:s390x.
INFO:kolla.common.utils.manila-share:Preparing to unpack .../18-libcurl3-gnutls_7.64.0-4+deb10u1_s390x.deb ...
INFO:kolla.common.utils.manila-share:Unpacking libcurl3-gnutls:s390x (7.64.0-4+deb10u1) ...
INFO:kolla.common.utils.manila-share:Selecting previously unselected package libsnappy1v5:s390x.
INFO:kolla.common.utils.manila-share:Preparing to unpack .../19-libsnappy1v5_1.1.7-1_s390x.deb ...
INFO:kolla.common.utils.manila-share:Unpacking libsnappy1v5:s390x (1.1.7-1) ...
INFO:kolla.common.utils.manila-share:Selecting previously unselected package libleveldb1d:s390x.
INFO:kolla.common.utils.manila-share:Preparing to unpack .../20-libleveldb1d_1.20-2.1_s390x.deb ...
INFO:kolla.common.utils.manila-share:Unpacking libleveldb1d:s390x (1.20-2.1) ...
INFO:kolla.common.utils.manila-share:Selecting previously unselected package liboath0.
INFO:kolla.common.utils.manila-share:Preparing to unpack .../21-liboath0_2.6.1-1.3_s390x.deb ...
INFO:kolla.common.utils.manila-share:Unpacking liboath0 (2.6.1-1.3) ...
INFO:kolla.common.utils.manila-share:Selecting previously unselected package librabbitmq4:s390x.
INFO:kolla.common.utils.manila-share:Preparing to unpack .../22-librabbitmq4_0.9.0-0.2_s390x.deb ...
INFO:kolla.common.utils.manila-share:Unpacking librabbitmq4:s390x (0.9.0-0.2) ...
INFO:kolla.common.utils.manila-share:Selecting previously unselected package libradosstriper1.
INFO:kolla.common.utils.manila-share:Preparing to unpack .../23-libradosstriper1_14.2.6-4~bpo10+1_s390x.deb ...
INFO:kolla.common.utils.manila-share:Unpacking libradosstriper1 (14.2.6-4~bpo10+1) ...
INFO:kolla.common.utils.manila-share:Selecting previously unselected package ceph-common.
INFO:kolla.common.utils.manila-share:Preparing to unpack .../24-ceph-common_14.2.6-4~bpo10+1_s390x.deb ...
INFO:kolla.common.utils.manila-share:Unpacking ceph-common (14.2.6-4~bpo10+1) ...
INFO:kolla.common.utils.manila-share:Selecting previously unselected package manila-share.
INFO:kolla.common.utils.manila-share:Preparing to unpack .../25-manila-share_1%3a7.0.0-1_all.deb ...
INFO:kolla.common.utils.manila-share:Unpacking manila-share (1:7.0.0-1) ...
INFO:kolla.common.utils.manila-share:Selecting previously unselected package sqlite3.
INFO:kolla.common.utils.manila-share:Preparing to unpack .../26-sqlite3_3.27.2-3_s390x.deb ...
INFO:kolla.common.utils.manila-share:Unpacking sqlite3 (3.27.2-3) ...
INFO:kolla.common.utils.manila-share:Setting up libboost-program-options1.67.0:s390x (1.67.0-13+deb10u1) ...
INFO:kolla.common.utils.manila-share:Setting up libdw1:s390x (0.176-1.1) ...
INFO:kolla.common.utils.manila-share:Setting up librabbitmq4:s390x (0.9.0-0.2) ...
INFO:kolla.common.utils.manila-share:Setting up liboath0 (2.6.1-1.3) ...
INFO:kolla.common.utils.manila-share:Setting up libpython3.7:s390x (3.7.3-2+deb10u1) ...
INFO:kolla.common.utils.manila-share:Setting up python3-ceph-argparse (14.2.6-4~bpo10+1) ...
INFO:kolla.common.utils.manila-share:Setting up libcurl3-gnutls:s390x (7.64.0-4+deb10u1) ...
INFO:kolla.common.utils.manila-share:Setting up libsnappy1v5:s390x (1.1.7-1) ...
INFO:kolla.common.utils.manila-share:Setting up libnspr4:s390x (2:4.20-1) ...
INFO:kolla.common.utils.manila-share:Setting up libboost-iostreams1.67.0:s390x (1.67.0-13+deb10u1) ...
INFO:kolla.common.utils.manila-share:Setting up libboost-atomic1.67.0:s390x (1.67.0-13+deb10u1) ...
INFO:kolla.common.utils.manila-share:Setting up manila-share (1:7.0.0-1) ...
INFO:kolla.common.utils.manila-share:invoke-rc.d: could not determine current runlevel
INFO:kolla.common.utils.manila-share:invoke-rc.d: policy-rc.d denied execution of start.
INFO:kolla.common.utils.manila-share:Setting up libboost-system1.67.0:s390x (1.67.0-13+deb10u1) ...
INFO:kolla.common.utils.manila-share:Setting up sqlite3 (3.27.2-3) ...
INFO:kolla.common.utils.manila-share:Setting up libpopt0:s390x (1.16-12) ...
INFO:kolla.common.utils.manila-share:Setting up libleveldb1d:s390x (1.20-2.1) ...
INFO:kolla.common.utils.manila-share:Setting up libboost-thread1.67.0:s390x (1.67.0-13+deb10u1) ...
INFO:kolla.common.utils.manila-share:Setting up libnss3:s390x (2:3.42.1-1+deb10u2) ...
INFO:kolla.common.utils.manila-share:Setting up libbabeltrace1:s390x (1.5.6-2+deb10u1) ...
INFO:kolla.common.utils.manila-share:Setting up librados2 (14.2.6-4~bpo10+1) ...
INFO:kolla.common.utils.manila-share:Setting up libcephfs2 (14.2.6-4~bpo10+1) ...
INFO:kolla.common.utils.manila-share:Setting up libradosstriper1 (14.2.6-4~bpo10+1) ...
INFO:kolla.common.utils.manila-share:Setting up librbd1 (14.2.6-4~bpo10+1) ...
INFO:kolla.common.utils.manila-share:Setting up python3-rados (14.2.6-4~bpo10+1) ...
INFO:kolla.common.utils.manila-share:Setting up python3-rbd (14.2.6-4~bpo10+1) ...
INFO:kolla.common.utils.manila-share:Setting up python3-cephfs (14.2.6-4~bpo10+1) ...
INFO:kolla.common.utils.manila-share:Setting up ceph-common (14.2.6-4~bpo10+1) ...
INFO:kolla.common.utils.manila-share:Adding group ceph..
INFO:kolla.common.utils.manila-share:..done
INFO:kolla.common.utils.manila-share:Adding system user ceph..
INFO:kolla.common.utils.manila-share:..done
INFO:kolla.common.utils.manila-share:Setting system user ceph properties..
INFO:kolla.common.utils.manila-share:..done
INFO:kolla.common.utils.manila-share:Processing triggers for libc-bin (2.28-10) ...
INFO:kolla.common.utils.manila-share:Removing intermediate container c7e935456760
INFO:kolla.common.utils.manila-share: ---> 19283a458f88
INFO:kolla.common.utils.manila-share:Step 4/4 : USER manila
INFO:kolla.common.utils.manila-share: ---> Running in c7e8ee5be652
INFO:kolla.common.utils.manila-share:Removing intermediate container c7e8ee5be652
INFO:kolla.common.utils.manila-share: ---> 6eb034607602
INFO:kolla.common.utils.manila-share:Successfully built 6eb034607602
INFO:kolla.common.utils.manila-share:Successfully tagged s390x/debian-binary-manila-share:9.1.0
INFO:kolla.common.utils.manila-share:Built at 2020-03-02 21:29:07.787255 (took 0:00:13.354476)
