INFO:kolla.common.utils.manila-scheduler:Building started at 2020-03-02 21:28:59.713999
INFO:kolla.common.utils.manila-scheduler:Step 1/4 : FROM s390x/debian-binary-manila-base:9.1.0
INFO:kolla.common.utils.manila-scheduler: ---> 521f71fa2b52
INFO:kolla.common.utils.manila-scheduler:Step 2/4 : LABEL maintainer="Kolla Project (https://launchpad.net/kolla)" name="manila-scheduler" build-date="20200302"
INFO:kolla.common.utils.manila-scheduler: ---> Running in 4a5d91e0d0a9
INFO:kolla.common.utils.manila-scheduler:Removing intermediate container 4a5d91e0d0a9
INFO:kolla.common.utils.manila-scheduler: ---> 0f5c77a5071e
INFO:kolla.common.utils.manila-scheduler:Step 3/4 : RUN apt-get update && apt-get -y install --no-install-recommends manila-scheduler && apt-get clean && rm -rf /var/lib/apt/lists/*
INFO:kolla.common.utils.manila-scheduler: ---> Running in 806ff35e96db
INFO:kolla.common.utils.manila-scheduler:Get:1 http://deb.debian.org/debian buster InRelease [122 kB]
INFO:kolla.common.utils.manila-scheduler:Get:3 http://deb.debian.org/debian buster-backports InRelease [46.7 kB]
INFO:kolla.common.utils.manila-scheduler:Get:2 http://security-cdn.debian.org/debian-security buster/updates InRelease [65.4 kB]
INFO:kolla.common.utils.manila-scheduler:Get:4 http://buster-train.debian.net/debian buster-train-backports InRelease [3,660 B]
INFO:kolla.common.utils.manila-scheduler:Get:5 http://deb.debian.org/debian buster/main s390x Packages [7,624 kB]
INFO:kolla.common.utils.manila-scheduler:Get:6 http://buster-train.debian.net/debian buster-train-backports-nochange InRelease [3,669 B]
INFO:kolla.common.utils.manila-scheduler:Get:7 http://deb.debian.org/debian buster-backports/main s390x Packages [209 kB]
INFO:kolla.common.utils.manila-scheduler:Get:8 http://security-cdn.debian.org/debian-security buster/updates/main s390x Packages [161 kB]
INFO:kolla.common.utils.manila-scheduler:Fetched 8,235 kB in 2s (4,934 kB/s)
INFO:kolla.common.utils.manila-scheduler:Reading package lists...
INFO:kolla.common.utils.manila-scheduler:[91mW: Skipping acquire of configured file 'main/binary-s390x/Packages' as repository 'http://buster-train.debian.net/debian buster-train-backports InRelease' does not seem to provide it (sources.list entry misspelt?)
INFO:kolla.common.utils.manila-scheduler:W: Skipping acquire of configured file 'main/binary-s390x/Packages' as repository 'http://buster-train.debian.net/debian buster-train-backports-nochange InRelease' does not seem to provide it (sources.list entry misspelt?)
INFO:kolla.common.utils.manila-scheduler:[0m
INFO:kolla.common.utils.manila-scheduler:Reading package lists...
INFO:kolla.common.utils.manila-scheduler:Building dependency tree...
INFO:kolla.common.utils.manila-scheduler:Reading state information...
INFO:kolla.common.utils.manila-scheduler:The following NEW packages will be installed:
INFO:kolla.common.utils.manila-scheduler:  manila-scheduler
INFO:kolla.common.utils.manila-scheduler:0 upgraded, 1 newly installed, 0 to remove and 0 not upgraded.
INFO:kolla.common.utils.manila-scheduler:Need to get 8,860 B of archives.
INFO:kolla.common.utils.manila-scheduler:After this operation, 31.7 kB of additional disk space will be used.
INFO:kolla.common.utils.manila-scheduler:Get:1 http://deb.debian.org/debian buster/main s390x manila-scheduler all 1:7.0.0-1 [8,860 B]
INFO:kolla.common.utils.manila-scheduler:Fetched 8,860 B in 0s (223 kB/s)
INFO:kolla.common.utils.manila-scheduler:Selecting previously unselected package manila-scheduler.
INFO:kolla.common.utils.manila-scheduler:(Reading database ... 
INFO:kolla.common.utils.manila-scheduler:(Reading database ... 5%(Reading database ... 10%(Reading database ... 15%(Reading database ... 20%(Reading database ... 25%(Reading database ... 30%(Reading database ... 35%(Reading database ... 40%(Reading database ... 45%(Reading database ... 50%(Reading database ... 55%(Reading database ... 60%(Reading database ... 65%(Reading database ... 70%(Reading database ... 75%(Reading database ... 80%(Reading database ... 85%(Reading database ... 90%
INFO:kolla.common.utils.manila-scheduler:(Reading database ... 95%
INFO:kolla.common.utils.manila-scheduler:(Reading database ... 100%(Reading database ... 26126 files and directories currently installed.)
INFO:kolla.common.utils.manila-scheduler:Preparing to unpack .../manila-scheduler_1%3a7.0.0-1_all.deb ...
INFO:kolla.common.utils.manila-scheduler:Unpacking manila-scheduler (1:7.0.0-1) ...
INFO:kolla.common.utils.manila-scheduler:Setting up manila-scheduler (1:7.0.0-1) ...
INFO:kolla.common.utils.manila-scheduler:invoke-rc.d: could not determine current runlevel
INFO:kolla.common.utils.manila-scheduler:invoke-rc.d: policy-rc.d denied execution of start.
INFO:kolla.common.utils.manila-scheduler:Removing intermediate container 806ff35e96db
INFO:kolla.common.utils.manila-scheduler: ---> 68abe2875a27
INFO:kolla.common.utils.manila-scheduler:Step 4/4 : USER manila
INFO:kolla.common.utils.manila-scheduler: ---> Running in db7d657bb3ea
INFO:kolla.common.utils.manila-scheduler:Removing intermediate container db7d657bb3ea
INFO:kolla.common.utils.manila-scheduler: ---> 22652f3a7abf
INFO:kolla.common.utils.manila-scheduler:Successfully built 22652f3a7abf
INFO:kolla.common.utils.manila-scheduler:Successfully tagged s390x/debian-binary-manila-scheduler:9.1.0
INFO:kolla.common.utils.manila-scheduler:Built at 2020-03-02 21:29:06.582657 (took 0:00:06.868658)
