INFO:kolla.common.utils.manila-data:Building started at 2020-03-02 21:28:56.119175
INFO:kolla.common.utils.manila-data:Step 1/4 : FROM s390x/debian-binary-manila-base:9.1.0
INFO:kolla.common.utils.manila-data: ---> 521f71fa2b52
INFO:kolla.common.utils.manila-data:Step 2/4 : LABEL maintainer="Kolla Project (https://launchpad.net/kolla)" name="manila-data" build-date="20200302"
INFO:kolla.common.utils.manila-data: ---> Running in b3d91c614875
INFO:kolla.common.utils.manila-data:Removing intermediate container b3d91c614875
INFO:kolla.common.utils.manila-data: ---> 5b9ea32125b9
INFO:kolla.common.utils.manila-data:Step 3/4 : RUN apt-get update && apt-get -y install --no-install-recommends manila-data && apt-get clean && rm -rf /var/lib/apt/lists/*
INFO:kolla.common.utils.manila-data: ---> Running in 3736433e4673
INFO:kolla.common.utils.manila-data:Get:1 http://deb.debian.org/debian buster InRelease [122 kB]
INFO:kolla.common.utils.manila-data:Get:2 http://deb.debian.org/debian buster-backports InRelease [46.7 kB]
INFO:kolla.common.utils.manila-data:Get:3 http://security-cdn.debian.org/debian-security buster/updates InRelease [65.4 kB]
INFO:kolla.common.utils.manila-data:Get:4 http://buster-train.debian.net/debian buster-train-backports InRelease [3,660 B]
INFO:kolla.common.utils.manila-data:Get:5 http://deb.debian.org/debian buster/main s390x Packages [7,624 kB]
INFO:kolla.common.utils.manila-data:Get:6 http://buster-train.debian.net/debian buster-train-backports-nochange InRelease [3,669 B]
INFO:kolla.common.utils.manila-data:Get:7 http://deb.debian.org/debian buster-backports/main s390x Packages [209 kB]
INFO:kolla.common.utils.manila-data:Get:8 http://security-cdn.debian.org/debian-security buster/updates/main s390x Packages [161 kB]
INFO:kolla.common.utils.manila-data:Fetched 8,235 kB in 2s (4,912 kB/s)
INFO:kolla.common.utils.manila-data:Reading package lists...
INFO:kolla.common.utils.manila-data:[91mW: Skipping acquire of configured file 'main/binary-s390x/Packages' as repository 'http://buster-train.debian.net/debian buster-train-backports InRelease' does not seem to provide it (sources.list entry misspelt?)
INFO:kolla.common.utils.manila-data:W: Skipping acquire of configured file 'main/binary-s390x/Packages' as repository 'http://buster-train.debian.net/debian buster-train-backports-nochange InRelease' does not seem to provide it (sources.list entry misspelt?)
INFO:kolla.common.utils.manila-data:[0m
INFO:kolla.common.utils.manila-data:Reading package lists...
INFO:kolla.common.utils.manila-data:Building dependency tree...
INFO:kolla.common.utils.manila-data:Reading state information...
INFO:kolla.common.utils.manila-data:The following NEW packages will be installed:
INFO:kolla.common.utils.manila-data:  manila-data
INFO:kolla.common.utils.manila-data:0 upgraded, 1 newly installed, 0 to remove and 0 not upgraded.
INFO:kolla.common.utils.manila-data:Need to get 8,744 B of archives.
INFO:kolla.common.utils.manila-data:After this operation, 31.7 kB of additional disk space will be used.
INFO:kolla.common.utils.manila-data:Get:1 http://deb.debian.org/debian buster/main s390x manila-data all 1:7.0.0-1 [8,744 B]
INFO:kolla.common.utils.manila-data:Fetched 8,744 B in 0s (283 kB/s)
INFO:kolla.common.utils.manila-data:Selecting previously unselected package manila-data.
INFO:kolla.common.utils.manila-data:(Reading database ... 
INFO:kolla.common.utils.manila-data:(Reading database ... 5%(Reading database ... 10%(Reading database ... 15%
INFO:kolla.common.utils.manila-data:(Reading database ... 20%(Reading database ... 25%(Reading database ... 30%(Reading database ... 35%(Reading database ... 40%(Reading database ... 45%(Reading database ... 50%(Reading database ... 55%(Reading database ... 60%(Reading database ... 65%
INFO:kolla.common.utils.manila-data:(Reading database ... 70%
INFO:kolla.common.utils.manila-data:(Reading database ... 75%
INFO:kolla.common.utils.manila-data:(Reading database ... 80%
INFO:kolla.common.utils.manila-data:(Reading database ... 85%
INFO:kolla.common.utils.manila-data:(Reading database ... 90%
INFO:kolla.common.utils.manila-data:(Reading database ... 95%
INFO:kolla.common.utils.manila-data:(Reading database ... 100%(Reading database ... 26126 files and directories currently installed.)
INFO:kolla.common.utils.manila-data:Preparing to unpack .../manila-data_1%3a7.0.0-1_all.deb ...
INFO:kolla.common.utils.manila-data:Unpacking manila-data (1:7.0.0-1) ...
INFO:kolla.common.utils.manila-data:Setting up manila-data (1:7.0.0-1) ...
INFO:kolla.common.utils.manila-data:invoke-rc.d: could not determine current runlevel
INFO:kolla.common.utils.manila-data:invoke-rc.d: policy-rc.d denied execution of start.
INFO:kolla.common.utils.manila-data:Removing intermediate container 3736433e4673
INFO:kolla.common.utils.manila-data: ---> c4559f91b155
INFO:kolla.common.utils.manila-data:Step 4/4 : USER manila
INFO:kolla.common.utils.manila-data: ---> Running in ca19b0e6fa7d
INFO:kolla.common.utils.manila-data:Removing intermediate container ca19b0e6fa7d
INFO:kolla.common.utils.manila-data: ---> 941580deca84
INFO:kolla.common.utils.manila-data:Successfully built 941580deca84
INFO:kolla.common.utils.manila-data:Successfully tagged s390x/debian-binary-manila-data:9.1.0
INFO:kolla.common.utils.manila-data:Built at 2020-03-02 21:29:03.479086 (took 0:00:07.359911)
