INFO:kolla.common.utils.mongodb:Building started at 2020-03-02 21:22:16.257793
INFO:kolla.common.utils.mongodb:Step 1/8 : FROM s390x/debian-binary-base:9.1.0
INFO:kolla.common.utils.mongodb: ---> 4244142526cc
INFO:kolla.common.utils.mongodb:Step 2/8 : LABEL maintainer="Kolla Project (https://launchpad.net/kolla)" name="mongodb" build-date="20200302"
INFO:kolla.common.utils.mongodb: ---> Running in 49208267fe1a
INFO:kolla.common.utils.mongodb:Removing intermediate container 49208267fe1a
INFO:kolla.common.utils.mongodb: ---> 6db674c3a79b
INFO:kolla.common.utils.mongodb:Step 3/8 : RUN usermod --append --home /var/lib/mongodb --groups kolla mongodb     && mkdir -p /var/lib/mongodb     && chown -R 42432:65534 /var/lib/mongodb
INFO:kolla.common.utils.mongodb: ---> Running in af1a8d97c2ea
INFO:kolla.common.utils.mongodb:Removing intermediate container af1a8d97c2ea
INFO:kolla.common.utils.mongodb: ---> 270cf58c17da
INFO:kolla.common.utils.mongodb:Step 4/8 : RUN apt-get update && apt-get -y install --no-install-recommends mongodb-server && apt-get clean && rm -rf /var/lib/apt/lists/*
INFO:kolla.common.utils.mongodb: ---> Running in 5e20d70f00ba
INFO:kolla.common.utils.mongodb:Get:2 http://deb.debian.org/debian buster InRelease [122 kB]
INFO:kolla.common.utils.mongodb:Get:3 http://deb.debian.org/debian buster-backports InRelease [46.7 kB]
INFO:kolla.common.utils.mongodb:Get:1 http://security-cdn.debian.org/debian-security buster/updates InRelease [65.4 kB]
INFO:kolla.common.utils.mongodb:Get:4 http://buster-train.debian.net/debian buster-train-backports InRelease [3,660 B]
INFO:kolla.common.utils.mongodb:Get:5 http://deb.debian.org/debian buster/main s390x Packages [7,624 kB]
INFO:kolla.common.utils.mongodb:Get:6 http://buster-train.debian.net/debian buster-train-backports-nochange InRelease [3,669 B]
INFO:kolla.common.utils.mongodb:Get:7 http://security-cdn.debian.org/debian-security buster/updates/main s390x Packages [161 kB]
INFO:kolla.common.utils.mongodb:Get:8 http://deb.debian.org/debian buster-backports/main s390x Packages [209 kB]
INFO:kolla.common.utils.mongodb:Fetched 8,235 kB in 2s (4,969 kB/s)
INFO:kolla.common.utils.mongodb:Reading package lists...
INFO:kolla.common.utils.mongodb:[91mW: Skipping acquire of configured file 'main/binary-s390x/Packages' as repository 'http://buster-train.debian.net/debian buster-train-backports InRelease' does not seem to provide it (sources.list entry misspelt?)
INFO:kolla.common.utils.mongodb:W: Skipping acquire of configured file 'main/binary-s390x/Packages' as repository 'http://buster-train.debian.net/debian buster-train-backports-nochange InRelease' does not seem to provide it (sources.list entry misspelt?)
INFO:kolla.common.utils.mongodb:[0m
INFO:kolla.common.utils.mongodb:Reading package lists...
INFO:kolla.common.utils.mongodb:Building dependency tree...
INFO:kolla.common.utils.mongodb:Reading state information...
INFO:kolla.common.utils.mongodb:Package mongodb-server is not available, but is referred to by another package.
INFO:kolla.common.utils.mongodb:This may mean that the package is missing, has been obsoleted, or
INFO:kolla.common.utils.mongodb:is only available from another source
INFO:kolla.common.utils.mongodb:[91mE: Package 'mongodb-server' has no installation candidate
INFO:kolla.common.utils.mongodb:[0m
INFO:kolla.common.utils.mongodb:Removing intermediate container 5e20d70f00ba
ERROR:kolla.common.utils.mongodb:Error'd with the following message
ERROR:kolla.common.utils.mongodb:The command '/bin/sh -c apt-get update && apt-get -y install --no-install-recommends mongodb-server && apt-get clean && rm -rf /var/lib/apt/lists/*' returned a non-zero code: 100
