INFO:kolla.common.utils.multipathd:Building started at 2020-03-02 21:21:41.540771
INFO:kolla.common.utils.multipathd:Step 1/3 : FROM s390x/debian-binary-base:9.1.0
INFO:kolla.common.utils.multipathd: ---> 4244142526cc
INFO:kolla.common.utils.multipathd:Step 2/3 : LABEL maintainer="Kolla Project (https://launchpad.net/kolla)" name="multipathd" build-date="20200302"
INFO:kolla.common.utils.multipathd: ---> Running in c9dae1bea0a2
INFO:kolla.common.utils.multipathd:Removing intermediate container c9dae1bea0a2
INFO:kolla.common.utils.multipathd: ---> 97d1b6c15dcb
INFO:kolla.common.utils.multipathd:Step 3/3 : RUN apt-get update && apt-get -y install --no-install-recommends multipath-tools && apt-get clean && rm -rf /var/lib/apt/lists/*
INFO:kolla.common.utils.multipathd: ---> Running in febfc47da7ff
INFO:kolla.common.utils.multipathd:Get:1 http://deb.debian.org/debian buster InRelease [122 kB]
INFO:kolla.common.utils.multipathd:Get:2 http://deb.debian.org/debian buster-backports InRelease [46.7 kB]
INFO:kolla.common.utils.multipathd:Get:3 http://deb.debian.org/debian buster/main s390x Packages [7,624 kB]
INFO:kolla.common.utils.multipathd:Get:4 http://buster-train.debian.net/debian buster-train-backports InRelease [3,660 B]
INFO:kolla.common.utils.multipathd:Get:6 http://buster-train.debian.net/debian buster-train-backports-nochange InRelease [3,669 B]
INFO:kolla.common.utils.multipathd:Get:7 http://deb.debian.org/debian buster-backports/main s390x Packages [209 kB]
INFO:kolla.common.utils.multipathd:Get:5 http://security-cdn.debian.org/debian-security buster/updates InRelease [65.4 kB]
INFO:kolla.common.utils.multipathd:Get:8 http://security-cdn.debian.org/debian-security buster/updates/main s390x Packages [161 kB]
INFO:kolla.common.utils.multipathd:Fetched 8,235 kB in 2s (4,802 kB/s)
INFO:kolla.common.utils.multipathd:Reading package lists...
INFO:kolla.common.utils.multipathd:[91mW: Skipping acquire of configured file 'main/binary-s390x/Packages' as repository 'http://buster-train.debian.net/debian buster-train-backports InRelease' does not seem to provide it (sources.list entry misspelt?)
INFO:kolla.common.utils.multipathd:W: Skipping acquire of configured file 'main/binary-s390x/Packages' as repository 'http://buster-train.debian.net/debian buster-train-backports-nochange InRelease' does not seem to provide it (sources.list entry misspelt?)
INFO:kolla.common.utils.multipathd:[0m
INFO:kolla.common.utils.multipathd:Reading package lists...
INFO:kolla.common.utils.multipathd:Building dependency tree...
INFO:kolla.common.utils.multipathd:Reading state information...
INFO:kolla.common.utils.multipathd:The following additional packages will be installed:
INFO:kolla.common.utils.multipathd:  cpio initramfs-tools initramfs-tools-core klibc-utils kpartx libjson-c3
INFO:kolla.common.utils.multipathd:  libklibc liburcu6 linux-base sg3-utils-udev
INFO:kolla.common.utils.multipathd:Suggested packages:
INFO:kolla.common.utils.multipathd:  libarchive1 bash-completion multipath-tools-boot
INFO:kolla.common.utils.multipathd:Recommended packages:
INFO:kolla.common.utils.multipathd:  busybox | busybox-static pigz
INFO:kolla.common.utils.multipathd:The following NEW packages will be installed:
INFO:kolla.common.utils.multipathd:  cpio initramfs-tools initramfs-tools-core klibc-utils kpartx libjson-c3
INFO:kolla.common.utils.multipathd:  libklibc liburcu6 linux-base multipath-tools sg3-utils-udev
INFO:kolla.common.utils.multipathd:0 upgraded, 11 newly installed, 0 to remove and 0 not upgraded.
INFO:kolla.common.utils.multipathd:Need to get 1,018 kB of archives.
INFO:kolla.common.utils.multipathd:After this operation, 3,594 kB of additional disk space will be used.
INFO:kolla.common.utils.multipathd:Get:1 http://deb.debian.org/debian buster/main s390x cpio s390x 2.12+dfsg-9 [218 kB]
INFO:kolla.common.utils.multipathd:Get:2 http://deb.debian.org/debian buster/main s390x libklibc s390x 2.0.6-1 [59.3 kB]
INFO:kolla.common.utils.multipathd:Get:3 http://deb.debian.org/debian buster/main s390x klibc-utils s390x 2.0.6-1 [101 kB]
INFO:kolla.common.utils.multipathd:Get:4 http://deb.debian.org/debian buster/main s390x initramfs-tools-core all 0.133+deb10u1 [99.2 kB]
INFO:kolla.common.utils.multipathd:Get:5 http://deb.debian.org/debian buster/main s390x linux-base all 4.6 [32.4 kB]
INFO:kolla.common.utils.multipathd:Get:6 http://deb.debian.org/debian buster/main s390x initramfs-tools all 0.133+deb10u1 [69.7 kB]
INFO:kolla.common.utils.multipathd:Get:7 http://deb.debian.org/debian buster/main s390x kpartx s390x 0.7.9-3 [37.7 kB]
INFO:kolla.common.utils.multipathd:Get:8 http://deb.debian.org/debian buster/main s390x libjson-c3 s390x 0.12.1+ds-2 [25.9 kB]
INFO:kolla.common.utils.multipathd:Get:9 http://deb.debian.org/debian buster/main s390x liburcu6 s390x 0.10.2-1 [63.4 kB]
INFO:kolla.common.utils.multipathd:Get:10 http://deb.debian.org/debian buster/main s390x sg3-utils-udev all 1.44-1 [36.9 kB]
INFO:kolla.common.utils.multipathd:Get:11 http://deb.debian.org/debian buster/main s390x multipath-tools s390x 0.7.9-3 [275 kB]
INFO:kolla.common.utils.multipathd:Preconfiguring packages ...
INFO:kolla.common.utils.multipathd:Fetched 1,018 kB in 0s (7,528 kB/s)
INFO:kolla.common.utils.multipathd:Selecting previously unselected package cpio.
INFO:kolla.common.utils.multipathd:(Reading database ... 
INFO:kolla.common.utils.multipathd:(Reading database ... 5%(Reading database ... 10%(Reading database ... 15%(Reading database ... 20%(Reading database ... 25%(Reading database ... 30%(Reading database ... 35%(Reading database ... 40%(Reading database ... 45%(Reading database ... 50%(Reading database ... 55%(Reading database ... 60%(Reading database ... 65%(Reading database ... 70%(Reading database ... 75%
INFO:kolla.common.utils.multipathd:(Reading database ... 80%
INFO:kolla.common.utils.multipathd:(Reading database ... 85%
INFO:kolla.common.utils.multipathd:(Reading database ... 90%
INFO:kolla.common.utils.multipathd:(Reading database ... 95%
INFO:kolla.common.utils.multipathd:(Reading database ... 100%(Reading database ... 12012 files and directories currently installed.)
INFO:kolla.common.utils.multipathd:Preparing to unpack .../00-cpio_2.12+dfsg-9_s390x.deb ...
INFO:kolla.common.utils.multipathd:Unpacking cpio (2.12+dfsg-9) ...
INFO:kolla.common.utils.multipathd:Selecting previously unselected package libklibc:s390x.
INFO:kolla.common.utils.multipathd:Preparing to unpack .../01-libklibc_2.0.6-1_s390x.deb ...
INFO:kolla.common.utils.multipathd:Unpacking libklibc:s390x (2.0.6-1) ...
INFO:kolla.common.utils.multipathd:Selecting previously unselected package klibc-utils.
INFO:kolla.common.utils.multipathd:Preparing to unpack .../02-klibc-utils_2.0.6-1_s390x.deb ...
INFO:kolla.common.utils.multipathd:Unpacking klibc-utils (2.0.6-1) ...
INFO:kolla.common.utils.multipathd:Selecting previously unselected package initramfs-tools-core.
INFO:kolla.common.utils.multipathd:Preparing to unpack .../03-initramfs-tools-core_0.133+deb10u1_all.deb ...
INFO:kolla.common.utils.multipathd:Unpacking initramfs-tools-core (0.133+deb10u1) ...
INFO:kolla.common.utils.multipathd:Selecting previously unselected package linux-base.
INFO:kolla.common.utils.multipathd:Preparing to unpack .../04-linux-base_4.6_all.deb ...
INFO:kolla.common.utils.multipathd:Unpacking linux-base (4.6) ...
INFO:kolla.common.utils.multipathd:Selecting previously unselected package initramfs-tools.
INFO:kolla.common.utils.multipathd:Preparing to unpack .../05-initramfs-tools_0.133+deb10u1_all.deb ...
INFO:kolla.common.utils.multipathd:Unpacking initramfs-tools (0.133+deb10u1) ...
INFO:kolla.common.utils.multipathd:Selecting previously unselected package kpartx.
INFO:kolla.common.utils.multipathd:Preparing to unpack .../06-kpartx_0.7.9-3_s390x.deb ...
INFO:kolla.common.utils.multipathd:Unpacking kpartx (0.7.9-3) ...
INFO:kolla.common.utils.multipathd:Selecting previously unselected package libjson-c3:s390x.
INFO:kolla.common.utils.multipathd:Preparing to unpack .../07-libjson-c3_0.12.1+ds-2_s390x.deb ...
INFO:kolla.common.utils.multipathd:Unpacking libjson-c3:s390x (0.12.1+ds-2) ...
INFO:kolla.common.utils.multipathd:Selecting previously unselected package liburcu6:s390x.
INFO:kolla.common.utils.multipathd:Preparing to unpack .../08-liburcu6_0.10.2-1_s390x.deb ...
INFO:kolla.common.utils.multipathd:Unpacking liburcu6:s390x (0.10.2-1) ...
INFO:kolla.common.utils.multipathd:Selecting previously unselected package sg3-utils-udev.
INFO:kolla.common.utils.multipathd:Preparing to unpack .../09-sg3-utils-udev_1.44-1_all.deb ...
INFO:kolla.common.utils.multipathd:Unpacking sg3-utils-udev (1.44-1) ...
INFO:kolla.common.utils.multipathd:Selecting previously unselected package multipath-tools.
INFO:kolla.common.utils.multipathd:Preparing to unpack .../10-multipath-tools_0.7.9-3_s390x.deb ...
INFO:kolla.common.utils.multipathd:Unpacking multipath-tools (0.7.9-3) ...
INFO:kolla.common.utils.multipathd:Setting up cpio (2.12+dfsg-9) ...
INFO:kolla.common.utils.multipathd:update-alternatives: using /bin/mt-gnu to provide /bin/mt (mt) in auto mode
INFO:kolla.common.utils.multipathd:update-alternatives: warning: skip creation of /usr/share/man/man1/mt.1.gz because associated file /usr/share/man/man1/mt-gnu.1.gz (of link group mt) doesn't exist
INFO:kolla.common.utils.multipathd:Setting up libjson-c3:s390x (0.12.1+ds-2) ...
INFO:kolla.common.utils.multipathd:Setting up linux-base (4.6) ...
INFO:kolla.common.utils.multipathd:Setting up libklibc:s390x (2.0.6-1) ...
INFO:kolla.common.utils.multipathd:Setting up liburcu6:s390x (0.10.2-1) ...
INFO:kolla.common.utils.multipathd:Setting up kpartx (0.7.9-3) ...
INFO:kolla.common.utils.multipathd:Setting up klibc-utils (2.0.6-1) ...
INFO:kolla.common.utils.multipathd:No diversion 'diversion of /usr/share/initramfs-tools/hooks/klibc to /usr/share/initramfs-tools/hooks/klibc^i-t by klibc-utils', none removed.
INFO:kolla.common.utils.multipathd:Setting up initramfs-tools-core (0.133+deb10u1) ...
INFO:kolla.common.utils.multipathd:Setting up initramfs-tools (0.133+deb10u1) ...
INFO:kolla.common.utils.multipathd:update-initramfs: deferring update (trigger activated)
INFO:kolla.common.utils.multipathd:Setting up sg3-utils-udev (1.44-1) ...
INFO:kolla.common.utils.multipathd:update-initramfs: deferring update (trigger activated)
INFO:kolla.common.utils.multipathd:Setting up multipath-tools (0.7.9-3) ...
INFO:kolla.common.utils.multipathd:invoke-rc.d: could not determine current runlevel
INFO:kolla.common.utils.multipathd:invoke-rc.d: policy-rc.d denied execution of start.
INFO:kolla.common.utils.multipathd:Processing triggers for libc-bin (2.28-10) ...
INFO:kolla.common.utils.multipathd:Processing triggers for initramfs-tools (0.133+deb10u1) ...
INFO:kolla.common.utils.multipathd:Removing intermediate container febfc47da7ff
INFO:kolla.common.utils.multipathd: ---> bf0d0d4c98b7
INFO:kolla.common.utils.multipathd:Successfully built bf0d0d4c98b7
INFO:kolla.common.utils.multipathd:Successfully tagged s390x/debian-binary-multipathd:9.1.0
INFO:kolla.common.utils.multipathd:Built at 2020-03-02 21:21:50.100322 (took 0:00:08.559551)
