INFO:kolla.common.utils.murano-api:Building started at 2020-03-02 21:28:52.547486
INFO:kolla.common.utils.murano-api:Step 1/7 : FROM s390x/debian-binary-murano-base:9.1.0
INFO:kolla.common.utils.murano-api: ---> a62d7bc5fd95
INFO:kolla.common.utils.murano-api:Step 2/7 : LABEL maintainer="Kolla Project (https://launchpad.net/kolla)" name="murano-api" build-date="20200302"
INFO:kolla.common.utils.murano-api: ---> Running in 4ca3c0ab6135
INFO:kolla.common.utils.murano-api:Removing intermediate container 4ca3c0ab6135
INFO:kolla.common.utils.murano-api: ---> 877e85afe3c2
INFO:kolla.common.utils.murano-api:Step 3/7 : RUN ln -s /usr/share/murano-common/io.murano.zip /io.murano.zip     && ln -s /var/cache/murano/meta/io.murano.applications.zip /io.murano.applications.zip
INFO:kolla.common.utils.murano-api: ---> Running in ee1e5c1cd588
INFO:kolla.common.utils.murano-api:Removing intermediate container ee1e5c1cd588
INFO:kolla.common.utils.murano-api: ---> c0b6d1c2a73b
INFO:kolla.common.utils.murano-api:Step 4/7 : RUN apt-get update && apt-get -y install --no-install-recommends murano-api && apt-get clean && rm -rf /var/lib/apt/lists/*
INFO:kolla.common.utils.murano-api: ---> Running in d0bf34aa5168
INFO:kolla.common.utils.murano-api:Get:1 http://deb.debian.org/debian buster InRelease [122 kB]
INFO:kolla.common.utils.murano-api:Get:3 http://deb.debian.org/debian buster-backports InRelease [46.7 kB]
INFO:kolla.common.utils.murano-api:Get:2 http://security-cdn.debian.org/debian-security buster/updates InRelease [65.4 kB]
INFO:kolla.common.utils.murano-api:Get:4 http://buster-train.debian.net/debian buster-train-backports InRelease [3,660 B]
INFO:kolla.common.utils.murano-api:Get:5 http://deb.debian.org/debian buster/main s390x Packages [7,624 kB]
INFO:kolla.common.utils.murano-api:Get:6 http://buster-train.debian.net/debian buster-train-backports-nochange InRelease [3,669 B]
INFO:kolla.common.utils.murano-api:Get:7 http://deb.debian.org/debian buster-backports/main s390x Packages [209 kB]
INFO:kolla.common.utils.murano-api:Get:8 http://security-cdn.debian.org/debian-security buster/updates/main s390x Packages [161 kB]
INFO:kolla.common.utils.murano-api:Fetched 8,235 kB in 2s (5,141 kB/s)
INFO:kolla.common.utils.murano-api:Reading package lists...
INFO:kolla.common.utils.murano-api:[91mW: Skipping acquire of configured file 'main/binary-s390x/Packages' as repository 'http://buster-train.debian.net/debian buster-train-backports InRelease' does not seem to provide it (sources.list entry misspelt?)
INFO:kolla.common.utils.murano-api:W: Skipping acquire of configured file 'main/binary-s390x/Packages' as repository 'http://buster-train.debian.net/debian buster-train-backports-nochange InRelease' does not seem to provide it (sources.list entry misspelt?)
INFO:kolla.common.utils.murano-api:[0m
INFO:kolla.common.utils.murano-api:Reading package lists...
INFO:kolla.common.utils.murano-api:Building dependency tree...
INFO:kolla.common.utils.murano-api:Reading state information...
INFO:kolla.common.utils.murano-api:The following NEW packages will be installed:
INFO:kolla.common.utils.murano-api:  murano-api
INFO:kolla.common.utils.murano-api:0 upgraded, 1 newly installed, 0 to remove and 0 not upgraded.
INFO:kolla.common.utils.murano-api:Need to get 22.4 kB of archives.
INFO:kolla.common.utils.murano-api:After this operation, 138 kB of additional disk space will be used.
INFO:kolla.common.utils.murano-api:Get:1 http://deb.debian.org/debian buster/main s390x murano-api all 1:6.0.0-2 [22.4 kB]
INFO:kolla.common.utils.murano-api:Preconfiguring packages ...
INFO:kolla.common.utils.murano-api:Fetched 22.4 kB in 0s (167 kB/s)
INFO:kolla.common.utils.murano-api:Selecting previously unselected package murano-api.
INFO:kolla.common.utils.murano-api:(Reading database ... (Reading database ... 5%(Reading database ... 10%(Reading database ... 15%(Reading database ... 20%(Reading database ... 25%(Reading database ... 30%(Reading database ... 35%(Reading database ... 40%(Reading database ... 45%(Reading database ... 50%(Reading database ... 55%(Reading database ... 60%
INFO:kolla.common.utils.murano-api:(Reading database ... 65%(Reading database ... 70%
INFO:kolla.common.utils.murano-api:(Reading database ... 75%
INFO:kolla.common.utils.murano-api:(Reading database ... 80%
INFO:kolla.common.utils.murano-api:(Reading database ... 85%
INFO:kolla.common.utils.murano-api:(Reading database ... 90%
INFO:kolla.common.utils.murano-api:(Reading database ... 95%
INFO:kolla.common.utils.murano-api:(Reading database ... 100%(Reading database ... 24590 files and directories currently installed.)
INFO:kolla.common.utils.murano-api:Preparing to unpack .../murano-api_1%3a6.0.0-2_all.deb ...
INFO:kolla.common.utils.murano-api:Unpacking murano-api (1:6.0.0-2) ...
INFO:kolla.common.utils.murano-api:Setting up murano-api (1:6.0.0-2) ...
INFO:kolla.common.utils.murano-api:Will not register murano endpoint this time (no user request for it).
INFO:kolla.common.utils.murano-api:invoke-rc.d: could not determine current runlevel
INFO:kolla.common.utils.murano-api:invoke-rc.d: policy-rc.d denied execution of start.
INFO:kolla.common.utils.murano-api:Removing intermediate container d0bf34aa5168
INFO:kolla.common.utils.murano-api: ---> 2c756afbb7f7
INFO:kolla.common.utils.murano-api:Step 5/7 : COPY extend_start.sh /usr/local/bin/kolla_murano_extend_start
INFO:kolla.common.utils.murano-api: ---> e0005d2c9a24
INFO:kolla.common.utils.murano-api:Step 6/7 : RUN chmod 755 /usr/local/bin/kolla_murano_extend_start
INFO:kolla.common.utils.murano-api: ---> Running in 2908a63927c3
INFO:kolla.common.utils.murano-api:Removing intermediate container 2908a63927c3
INFO:kolla.common.utils.murano-api: ---> adcad00d915a
INFO:kolla.common.utils.murano-api:Step 7/7 : USER murano
INFO:kolla.common.utils.murano-api: ---> Running in f99f2e841c70
INFO:kolla.common.utils.murano-api:Removing intermediate container f99f2e841c70
INFO:kolla.common.utils.murano-api: ---> 510e201c8d64
INFO:kolla.common.utils.murano-api:Successfully built 510e201c8d64
INFO:kolla.common.utils.murano-api:Successfully tagged s390x/debian-binary-murano-api:9.1.0
INFO:kolla.common.utils.murano-api:Built at 2020-03-02 21:29:03.876438 (took 0:00:11.328952)
