INFO:kolla.common.utils.neutron-server:Building started at 2020-03-02 21:28:40.713797
INFO:kolla.common.utils.neutron-server:Step 1/6 : FROM s390x/debian-binary-neutron-base:9.1.0
INFO:kolla.common.utils.neutron-server: ---> c27b5a2440a1
INFO:kolla.common.utils.neutron-server:Step 2/6 : LABEL maintainer="Kolla Project (https://launchpad.net/kolla)" name="neutron-server" build-date="20200302"
INFO:kolla.common.utils.neutron-server: ---> Running in b94faf951fcc
INFO:kolla.common.utils.neutron-server:Removing intermediate container b94faf951fcc
INFO:kolla.common.utils.neutron-server: ---> 882da5a125b0
INFO:kolla.common.utils.neutron-server:Step 3/6 : RUN apt-get update && apt-get -y install --no-install-recommends python3-neutron-dynamic-routing python3-neutron-vpnaas && apt-get clean && rm -rf /var/lib/apt/lists/*
INFO:kolla.common.utils.neutron-server: ---> Running in b41f2a81e4ba
INFO:kolla.common.utils.neutron-server:Get:1 http://deb.debian.org/debian buster InRelease [122 kB]
INFO:kolla.common.utils.neutron-server:Get:3 http://deb.debian.org/debian buster-backports InRelease [46.7 kB]
INFO:kolla.common.utils.neutron-server:Get:2 http://security-cdn.debian.org/debian-security buster/updates InRelease [65.4 kB]
INFO:kolla.common.utils.neutron-server:Get:4 http://buster-train.debian.net/debian buster-train-backports InRelease [3,660 B]
INFO:kolla.common.utils.neutron-server:Get:5 http://deb.debian.org/debian buster/main s390x Packages [7,624 kB]
INFO:kolla.common.utils.neutron-server:Get:6 http://buster-train.debian.net/debian buster-train-backports-nochange InRelease [3,669 B]
INFO:kolla.common.utils.neutron-server:Get:7 http://deb.debian.org/debian buster-backports/main s390x Packages [209 kB]
INFO:kolla.common.utils.neutron-server:Get:8 http://security-cdn.debian.org/debian-security buster/updates/main s390x Packages [161 kB]
INFO:kolla.common.utils.neutron-server:Fetched 8,235 kB in 2s (5,434 kB/s)
INFO:kolla.common.utils.neutron-server:Reading package lists...
INFO:kolla.common.utils.neutron-server:[91mW: Skipping acquire of configured file 'main/binary-s390x/Packages' as repository 'http://buster-train.debian.net/debian buster-train-backports InRelease' does not seem to provide it (sources.list entry misspelt?)
INFO:kolla.common.utils.neutron-server:W: Skipping acquire of configured file 'main/binary-s390x/Packages' as repository 'http://buster-train.debian.net/debian buster-train-backports-nochange InRelease' does not seem to provide it (sources.list entry misspelt?)
INFO:kolla.common.utils.neutron-server:[0m
INFO:kolla.common.utils.neutron-server:Reading package lists...
INFO:kolla.common.utils.neutron-server:Building dependency tree...
INFO:kolla.common.utils.neutron-server:Reading state information...
INFO:kolla.common.utils.neutron-server:The following additional packages will be installed:
INFO:kolla.common.utils.neutron-server:  libstrongswan strongswan strongswan-charon strongswan-libcharon
INFO:kolla.common.utils.neutron-server:  strongswan-starter
INFO:kolla.common.utils.neutron-server:Suggested packages:
INFO:kolla.common.utils.neutron-server:  libstrongswan-extra-plugins libcharon-extra-plugins
INFO:kolla.common.utils.neutron-server:Recommended packages:
INFO:kolla.common.utils.neutron-server:  libstrongswan-standard-plugins iputils-arping
INFO:kolla.common.utils.neutron-server:The following NEW packages will be installed:
INFO:kolla.common.utils.neutron-server:  libstrongswan python3-neutron-dynamic-routing python3-neutron-vpnaas
INFO:kolla.common.utils.neutron-server:  strongswan strongswan-charon strongswan-libcharon strongswan-starter
INFO:kolla.common.utils.neutron-server:0 upgraded, 7 newly installed, 0 to remove and 0 not upgraded.
INFO:kolla.common.utils.neutron-server:Need to get 1,264 kB of archives.
INFO:kolla.common.utils.neutron-server:After this operation, 4,745 kB of additional disk space will be used.
INFO:kolla.common.utils.neutron-server:Get:1 http://deb.debian.org/debian buster/main s390x libstrongswan s390x 5.7.2-1 [404 kB]
INFO:kolla.common.utils.neutron-server:Get:2 http://deb.debian.org/debian buster/main s390x strongswan-starter s390x 5.7.2-1 [222 kB]
INFO:kolla.common.utils.neutron-server:Get:3 http://deb.debian.org/debian buster/main s390x strongswan-libcharon s390x 5.7.2-1 [297 kB]
INFO:kolla.common.utils.neutron-server:Get:4 http://deb.debian.org/debian buster/main s390x strongswan-charon s390x 5.7.2-1 [96.5 kB]
INFO:kolla.common.utils.neutron-server:Get:5 http://deb.debian.org/debian buster/main s390x python3-neutron-dynamic-routing all 2:13.0.0-1 [56.7 kB]
INFO:kolla.common.utils.neutron-server:Get:6 http://deb.debian.org/debian buster/main s390x strongswan all 5.7.2-1 [92.9 kB]
INFO:kolla.common.utils.neutron-server:Get:7 http://deb.debian.org/debian buster/main s390x python3-neutron-vpnaas all 2:13.0.1-3 [94.1 kB]
INFO:kolla.common.utils.neutron-server:Preconfiguring packages ...
INFO:kolla.common.utils.neutron-server:Fetched 1,264 kB in 0s (11.2 MB/s)
INFO:kolla.common.utils.neutron-server:Selecting previously unselected package libstrongswan.
INFO:kolla.common.utils.neutron-server:(Reading database ... 
INFO:kolla.common.utils.neutron-server:(Reading database ... 5%(Reading database ... 10%(Reading database ... 15%(Reading database ... 20%(Reading database ... 25%(Reading database ... 30%(Reading database ... 35%(Reading database ... 40%(Reading database ... 45%(Reading database ... 50%(Reading database ... 55%(Reading database ... 60%(Reading database ... 65%
INFO:kolla.common.utils.neutron-server:(Reading database ... 70%
INFO:kolla.common.utils.neutron-server:(Reading database ... 75%
INFO:kolla.common.utils.neutron-server:(Reading database ... 80%
INFO:kolla.common.utils.neutron-server:(Reading database ... 85%
INFO:kolla.common.utils.neutron-server:(Reading database ... 90%
INFO:kolla.common.utils.neutron-server:(Reading database ... 95%
INFO:kolla.common.utils.neutron-server:(Reading database ... 100%(Reading database ... 31839 files and directories currently installed.)
INFO:kolla.common.utils.neutron-server:Preparing to unpack .../0-libstrongswan_5.7.2-1_s390x.deb ...
INFO:kolla.common.utils.neutron-server:Unpacking libstrongswan (5.7.2-1) ...
INFO:kolla.common.utils.neutron-server:Selecting previously unselected package strongswan-starter.
INFO:kolla.common.utils.neutron-server:Preparing to unpack .../1-strongswan-starter_5.7.2-1_s390x.deb ...
INFO:kolla.common.utils.neutron-server:Unpacking strongswan-starter (5.7.2-1) ...
INFO:kolla.common.utils.neutron-server:Selecting previously unselected package strongswan-libcharon.
INFO:kolla.common.utils.neutron-server:Preparing to unpack .../2-strongswan-libcharon_5.7.2-1_s390x.deb ...
INFO:kolla.common.utils.neutron-server:Unpacking strongswan-libcharon (5.7.2-1) ...
INFO:kolla.common.utils.neutron-server:Selecting previously unselected package strongswan-charon.
INFO:kolla.common.utils.neutron-server:Preparing to unpack .../3-strongswan-charon_5.7.2-1_s390x.deb ...
INFO:kolla.common.utils.neutron-server:Unpacking strongswan-charon (5.7.2-1) ...
INFO:kolla.common.utils.neutron-server:Selecting previously unselected package python3-neutron-dynamic-routing.
INFO:kolla.common.utils.neutron-server:Preparing to unpack .../4-python3-neutron-dynamic-routing_2%3a13.0.0-1_all.deb ...
INFO:kolla.common.utils.neutron-server:Unpacking python3-neutron-dynamic-routing (2:13.0.0-1) ...
INFO:kolla.common.utils.neutron-server:Selecting previously unselected package strongswan.
INFO:kolla.common.utils.neutron-server:Preparing to unpack .../5-strongswan_5.7.2-1_all.deb ...
INFO:kolla.common.utils.neutron-server:Unpacking strongswan (5.7.2-1) ...
INFO:kolla.common.utils.neutron-server:Selecting previously unselected package python3-neutron-vpnaas.
INFO:kolla.common.utils.neutron-server:Preparing to unpack .../6-python3-neutron-vpnaas_2%3a13.0.1-3_all.deb ...
INFO:kolla.common.utils.neutron-server:Unpacking python3-neutron-vpnaas (2:13.0.1-3) ...
INFO:kolla.common.utils.neutron-server:Setting up python3-neutron-dynamic-routing (2:13.0.0-1) ...
INFO:kolla.common.utils.neutron-server:Setting up libstrongswan (5.7.2-1) ...
INFO:kolla.common.utils.neutron-server:Setting up strongswan-starter (5.7.2-1) ...
INFO:kolla.common.utils.neutron-server:Disabling opportunistic encryption (OE) in config file ... 
INFO:kolla.common.utils.neutron-server:invoke-rc.d: could not determine current runlevel
INFO:kolla.common.utils.neutron-server:invoke-rc.d: policy-rc.d denied execution of start.
INFO:kolla.common.utils.neutron-server:Setting up strongswan-libcharon (5.7.2-1) ...
INFO:kolla.common.utils.neutron-server:Setting up strongswan-charon (5.7.2-1) ...
INFO:kolla.common.utils.neutron-server:Setting up strongswan (5.7.2-1) ...
INFO:kolla.common.utils.neutron-server:Setting up python3-neutron-vpnaas (2:13.0.1-3) ...
INFO:kolla.common.utils.neutron-server:Removing intermediate container b41f2a81e4ba
INFO:kolla.common.utils.neutron-server: ---> 8e6b03c23771
INFO:kolla.common.utils.neutron-server:Step 4/6 : COPY extend_start.sh /usr/local/bin/kolla_neutron_extend_start
INFO:kolla.common.utils.neutron-server: ---> 69734b931d0d
INFO:kolla.common.utils.neutron-server:Step 5/6 : RUN chmod 755 /usr/local/bin/kolla_neutron_extend_start
INFO:kolla.common.utils.neutron-server: ---> Running in b2990bab49ee
INFO:kolla.common.utils.neutron-server:Removing intermediate container b2990bab49ee
INFO:kolla.common.utils.neutron-server: ---> 94840a5e5d51
INFO:kolla.common.utils.neutron-server:Step 6/6 : USER neutron
INFO:kolla.common.utils.neutron-server: ---> Running in 293c444faea5
INFO:kolla.common.utils.neutron-server:Removing intermediate container 293c444faea5
INFO:kolla.common.utils.neutron-server: ---> 494ab0daffd7
INFO:kolla.common.utils.neutron-server:Successfully built 494ab0daffd7
INFO:kolla.common.utils.neutron-server:Successfully tagged s390x/debian-binary-neutron-server:9.1.0
INFO:kolla.common.utils.neutron-server:Built at 2020-03-02 21:28:52.458127 (took 0:00:11.744330)
