INFO:kolla.common.utils.nova-compute:Building started at 2020-03-02 21:27:41.455083
INFO:kolla.common.utils.nova-compute:Step 1/7 : FROM s390x/debian-binary-nova-base:9.1.0
INFO:kolla.common.utils.nova-compute: ---> 5bbc1e433571
INFO:kolla.common.utils.nova-compute:Step 2/7 : LABEL maintainer="Kolla Project (https://launchpad.net/kolla)" name="nova-compute" build-date="20200302"
INFO:kolla.common.utils.nova-compute: ---> Running in 3f0857e3fce1
INFO:kolla.common.utils.nova-compute:Removing intermediate container 3f0857e3fce1
INFO:kolla.common.utils.nova-compute: ---> 55a8cc2b32eb
INFO:kolla.common.utils.nova-compute:Step 3/7 : RUN apt-get update && apt-get -y install --no-install-recommends ceph-common e2fsprogs genisoimage ironic-common multipath-tools nfs-common nova-compute openvswitch-switch open-iscsi parted python3-cephfs python3-guestfs python3-ironicclient python3-oslo.vmware python3-rados python3-rbd python3-rtslib-fb sysfsutils targetcli-fb xfsprogs && apt-get clean && rm -rf /var/lib/apt/lists/*
INFO:kolla.common.utils.nova-compute: ---> Running in 6a4e4374845a
INFO:kolla.common.utils.nova-compute:Get:2 http://deb.debian.org/debian buster InRelease [122 kB]
INFO:kolla.common.utils.nova-compute:Get:3 http://deb.debian.org/debian buster-backports InRelease [46.7 kB]
INFO:kolla.common.utils.nova-compute:Get:1 http://security-cdn.debian.org/debian-security buster/updates InRelease [65.4 kB]
INFO:kolla.common.utils.nova-compute:Get:4 http://buster-train.debian.net/debian buster-train-backports InRelease [3,660 B]
INFO:kolla.common.utils.nova-compute:Get:5 http://deb.debian.org/debian buster/main s390x Packages [7,624 kB]
INFO:kolla.common.utils.nova-compute:Get:6 http://buster-train.debian.net/debian buster-train-backports-nochange InRelease [3,669 B]
INFO:kolla.common.utils.nova-compute:Get:7 http://deb.debian.org/debian buster-backports/main s390x Packages [209 kB]
INFO:kolla.common.utils.nova-compute:Get:8 http://security-cdn.debian.org/debian-security buster/updates/main s390x Packages [161 kB]
INFO:kolla.common.utils.nova-compute:Fetched 8,235 kB in 2s (5,131 kB/s)
INFO:kolla.common.utils.nova-compute:Reading package lists...
INFO:kolla.common.utils.nova-compute:[91mW: Skipping acquire of configured file 'main/binary-s390x/Packages' as repository 'http://buster-train.debian.net/debian buster-train-backports InRelease' does not seem to provide it (sources.list entry misspelt?)
INFO:kolla.common.utils.nova-compute:W: Skipping acquire of configured file 'main/binary-s390x/Packages' as repository 'http://buster-train.debian.net/debian buster-train-backports-nochange InRelease' does not seem to provide it (sources.list entry misspelt?)
INFO:kolla.common.utils.nova-compute:[0m
INFO:kolla.common.utils.nova-compute:Reading package lists...
INFO:kolla.common.utils.nova-compute:Building dependency tree...
INFO:kolla.common.utils.nova-compute:Reading state information...
INFO:kolla.common.utils.nova-compute:e2fsprogs is already the newest version (1.44.5-1+deb10u3).
INFO:kolla.common.utils.nova-compute:e2fsprogs set to manually installed.
INFO:kolla.common.utils.nova-compute:open-iscsi is already the newest version (2.0.874-7.1).
INFO:kolla.common.utils.nova-compute:openvswitch-switch is already the newest version (2.10.0+2018.08.28+git.8ca7c82b7d+ds1-12+deb10u1).
INFO:kolla.common.utils.nova-compute:python3-ironicclient is already the newest version (2.5.0-2).
INFO:kolla.common.utils.nova-compute:python3-cephfs is already the newest version (14.2.6-4~bpo10+1).
INFO:kolla.common.utils.nova-compute:python3-cephfs set to manually installed.
INFO:kolla.common.utils.nova-compute:python3-rados is already the newest version (14.2.6-4~bpo10+1).
INFO:kolla.common.utils.nova-compute:python3-rados set to manually installed.
INFO:kolla.common.utils.nova-compute:python3-rbd is already the newest version (14.2.6-4~bpo10+1).
INFO:kolla.common.utils.nova-compute:python3-rbd set to manually installed.
INFO:kolla.common.utils.nova-compute:Some packages could not be installed. This may mean that you have
INFO:kolla.common.utils.nova-compute:requested an impossible situation or if you are using the unstable
INFO:kolla.common.utils.nova-compute:distribution that some required packages have not yet been created
INFO:kolla.common.utils.nova-compute:or been moved out of Incoming.
INFO:kolla.common.utils.nova-compute:The following information may help to resolve the situation:
INFO:kolla.common.utils.nova-compute:The following packages have unmet dependencies:
INFO:kolla.common.utils.nova-compute: nova-compute : Depends: dmidecode but it is not installable
INFO:kolla.common.utils.nova-compute:[91mE: Unable to correct problems, you have held broken packages.
INFO:kolla.common.utils.nova-compute:[0m
INFO:kolla.common.utils.nova-compute:Removing intermediate container 6a4e4374845a
ERROR:kolla.common.utils.nova-compute:Error'd with the following message
ERROR:kolla.common.utils.nova-compute:The command '/bin/sh -c apt-get update && apt-get -y install --no-install-recommends ceph-common e2fsprogs genisoimage ironic-common multipath-tools nfs-common nova-compute openvswitch-switch open-iscsi parted python3-cephfs python3-guestfs python3-ironicclient python3-oslo.vmware python3-rados python3-rbd python3-rtslib-fb sysfsutils targetcli-fb xfsprogs && apt-get clean && rm -rf /var/lib/apt/lists/*' returned a non-zero code: 100
