INFO:kolla.common.utils.nova-scheduler:Building started at 2020-03-02 21:27:41.999993
INFO:kolla.common.utils.nova-scheduler:Step 1/4 : FROM s390x/debian-binary-nova-base:9.1.0
INFO:kolla.common.utils.nova-scheduler: ---> 5bbc1e433571
INFO:kolla.common.utils.nova-scheduler:Step 2/4 : LABEL maintainer="Kolla Project (https://launchpad.net/kolla)" name="nova-scheduler" build-date="20200302"
INFO:kolla.common.utils.nova-scheduler: ---> Running in 7b386268d96b
INFO:kolla.common.utils.nova-scheduler:Removing intermediate container 7b386268d96b
INFO:kolla.common.utils.nova-scheduler: ---> 8b11acd2bc5d
INFO:kolla.common.utils.nova-scheduler:Step 3/4 : RUN apt-get update && apt-get -y install --no-install-recommends nova-scheduler && apt-get clean && rm -rf /var/lib/apt/lists/*
INFO:kolla.common.utils.nova-scheduler: ---> Running in cc0dc347967c
INFO:kolla.common.utils.nova-scheduler:Get:1 http://deb.debian.org/debian buster InRelease [122 kB]
INFO:kolla.common.utils.nova-scheduler:Get:2 http://deb.debian.org/debian buster-backports InRelease [46.7 kB]
INFO:kolla.common.utils.nova-scheduler:Get:4 http://buster-train.debian.net/debian buster-train-backports InRelease [3,660 B]
INFO:kolla.common.utils.nova-scheduler:Get:3 http://security-cdn.debian.org/debian-security buster/updates InRelease [65.4 kB]
INFO:kolla.common.utils.nova-scheduler:Get:5 http://deb.debian.org/debian buster/main s390x Packages [7,624 kB]
INFO:kolla.common.utils.nova-scheduler:Get:6 http://buster-train.debian.net/debian buster-train-backports-nochange InRelease [3,669 B]
INFO:kolla.common.utils.nova-scheduler:Get:7 http://deb.debian.org/debian buster-backports/main s390x Packages [209 kB]
INFO:kolla.common.utils.nova-scheduler:Get:8 http://security-cdn.debian.org/debian-security buster/updates/main s390x Packages [161 kB]
INFO:kolla.common.utils.nova-scheduler:Fetched 8,235 kB in 2s (5,077 kB/s)
INFO:kolla.common.utils.nova-scheduler:Reading package lists...
INFO:kolla.common.utils.nova-scheduler:[91mW: Skipping acquire of configured file 'main/binary-s390x/Packages' as repository 'http://buster-train.debian.net/debian buster-train-backports InRelease' does not seem to provide it (sources.list entry misspelt?)
INFO:kolla.common.utils.nova-scheduler:W: Skipping acquire of configured file 'main/binary-s390x/Packages' as repository 'http://buster-train.debian.net/debian buster-train-backports-nochange InRelease' does not seem to provide it (sources.list entry misspelt?)
INFO:kolla.common.utils.nova-scheduler:[0m
INFO:kolla.common.utils.nova-scheduler:Reading package lists...
INFO:kolla.common.utils.nova-scheduler:Building dependency tree...
INFO:kolla.common.utils.nova-scheduler:Reading state information...
INFO:kolla.common.utils.nova-scheduler:The following NEW packages will be installed:
INFO:kolla.common.utils.nova-scheduler:  nova-scheduler
INFO:kolla.common.utils.nova-scheduler:0 upgraded, 1 newly installed, 0 to remove and 0 not upgraded.
INFO:kolla.common.utils.nova-scheduler:Need to get 26.4 kB of archives.
INFO:kolla.common.utils.nova-scheduler:After this operation, 53.2 kB of additional disk space will be used.
INFO:kolla.common.utils.nova-scheduler:Get:1 http://deb.debian.org/debian buster/main s390x nova-scheduler all 2:18.1.0-6 [26.4 kB]
INFO:kolla.common.utils.nova-scheduler:Fetched 26.4 kB in 0s (1,050 kB/s)
INFO:kolla.common.utils.nova-scheduler:Selecting previously unselected package nova-scheduler.
INFO:kolla.common.utils.nova-scheduler:(Reading database ... (Reading database ... 5%
INFO:kolla.common.utils.nova-scheduler:(Reading database ... 10%(Reading database ... 15%(Reading database ... 20%(Reading database ... 25%(Reading database ... 30%(Reading database ... 35%(Reading database ... 40%(Reading database ... 45%(Reading database ... 50%(Reading database ... 55%(Reading database ... 60%(Reading database ... 65%(Reading database ... 70%
INFO:kolla.common.utils.nova-scheduler:(Reading database ... 75%(Reading database ... 80%(Reading database ... 85%(Reading database ... 90%(Reading database ... 95%(Reading database ... 100%(Reading database ... 30916 files and directories currently installed.)
INFO:kolla.common.utils.nova-scheduler:Preparing to unpack .../nova-scheduler_2%3a18.1.0-6_all.deb ...
INFO:kolla.common.utils.nova-scheduler:Unpacking nova-scheduler (2:18.1.0-6) ...
INFO:kolla.common.utils.nova-scheduler:Setting up nova-scheduler (2:18.1.0-6) ...
INFO:kolla.common.utils.nova-scheduler:invoke-rc.d: could not determine current runlevel
INFO:kolla.common.utils.nova-scheduler:invoke-rc.d: policy-rc.d denied execution of start.
INFO:kolla.common.utils.nova-scheduler:Removing intermediate container cc0dc347967c
INFO:kolla.common.utils.nova-scheduler: ---> f7968d4535f9
INFO:kolla.common.utils.nova-scheduler:Step 4/4 : USER nova
INFO:kolla.common.utils.nova-scheduler: ---> Running in 5ec806aa604e
INFO:kolla.common.utils.nova-scheduler:Removing intermediate container 5ec806aa604e
INFO:kolla.common.utils.nova-scheduler: ---> 301689966974
INFO:kolla.common.utils.nova-scheduler:Successfully built 301689966974
INFO:kolla.common.utils.nova-scheduler:Successfully tagged s390x/debian-binary-nova-scheduler:9.1.0
INFO:kolla.common.utils.nova-scheduler:Built at 2020-03-02 21:27:48.795764 (took 0:00:06.795771)
