INFO:kolla.common.utils.nova-api:Building started at 2020-03-02 21:27:40.838764
INFO:kolla.common.utils.nova-api:Step 1/7 : FROM s390x/debian-binary-nova-base:9.1.0
INFO:kolla.common.utils.nova-api: ---> 5bbc1e433571
INFO:kolla.common.utils.nova-api:Step 2/7 : LABEL maintainer="Kolla Project (https://launchpad.net/kolla)" name="nova-api" build-date="20200302"
INFO:kolla.common.utils.nova-api: ---> Running in 86ad592cdfa2
INFO:kolla.common.utils.nova-api:Removing intermediate container 86ad592cdfa2
INFO:kolla.common.utils.nova-api: ---> bd632e5b1dd4
INFO:kolla.common.utils.nova-api:Step 3/7 : RUN apt-get update && apt-get -y install --no-install-recommends apache2 libapache2-mod-wsgi-py3 nova-api python3-memcache && apt-get clean && rm -rf /var/lib/apt/lists/*
INFO:kolla.common.utils.nova-api: ---> Running in 21b299633484
INFO:kolla.common.utils.nova-api:Get:1 http://deb.debian.org/debian buster InRelease [122 kB]
INFO:kolla.common.utils.nova-api:Get:3 http://deb.debian.org/debian buster-backports InRelease [46.7 kB]
INFO:kolla.common.utils.nova-api:Get:2 http://security-cdn.debian.org/debian-security buster/updates InRelease [65.4 kB]
INFO:kolla.common.utils.nova-api:Get:4 http://buster-train.debian.net/debian buster-train-backports InRelease [3,660 B]
INFO:kolla.common.utils.nova-api:Get:5 http://deb.debian.org/debian buster/main s390x Packages [7,624 kB]
INFO:kolla.common.utils.nova-api:Get:6 http://buster-train.debian.net/debian buster-train-backports-nochange InRelease [3,669 B]
INFO:kolla.common.utils.nova-api:Get:7 http://deb.debian.org/debian buster-backports/main s390x Packages [209 kB]
INFO:kolla.common.utils.nova-api:Get:8 http://security-cdn.debian.org/debian-security buster/updates/main s390x Packages [161 kB]
INFO:kolla.common.utils.nova-api:Fetched 8,235 kB in 2s (5,184 kB/s)
INFO:kolla.common.utils.nova-api:Reading package lists...
INFO:kolla.common.utils.nova-api:[91mW: Skipping acquire of configured file 'main/binary-s390x/Packages' as repository 'http://buster-train.debian.net/debian buster-train-backports InRelease' does not seem to provide it (sources.list entry misspelt?)
INFO:kolla.common.utils.nova-api:W: Skipping acquire of configured file 'main/binary-s390x/Packages' as repository 'http://buster-train.debian.net/debian buster-train-backports-nochange InRelease' does not seem to provide it (sources.list entry misspelt?)
INFO:kolla.common.utils.nova-api:[0m
INFO:kolla.common.utils.nova-api:Reading package lists...
INFO:kolla.common.utils.nova-api:Building dependency tree...
INFO:kolla.common.utils.nova-api:Reading state information...
INFO:kolla.common.utils.nova-api:python3-memcache is already the newest version (1.59-1).
INFO:kolla.common.utils.nova-api:The following additional packages will be installed:
INFO:kolla.common.utils.nova-api:  apache2-bin apache2-data apache2-utils iptables libapr1 libaprutil1
INFO:kolla.common.utils.nova-api:  libaprutil1-dbd-sqlite3 libaprutil1-ldap libbrotli1 libip4tc0 libip6tc0
INFO:kolla.common.utils.nova-api:  libiptc0 libjansson4 liblua5.2-0 libnetfilter-conntrack3 libnfnetlink0
INFO:kolla.common.utils.nova-api:  libnftnl11
INFO:kolla.common.utils.nova-api:Suggested packages:
INFO:kolla.common.utils.nova-api:  apache2-doc apache2-suexec-pristine | apache2-suexec-custom www-browser
INFO:kolla.common.utils.nova-api:Recommended packages:
INFO:kolla.common.utils.nova-api:  ssl-cert nftables python3-keystone
INFO:kolla.common.utils.nova-api:The following NEW packages will be installed:
INFO:kolla.common.utils.nova-api:  apache2 apache2-bin apache2-data apache2-utils iptables
INFO:kolla.common.utils.nova-api:  libapache2-mod-wsgi-py3 libapr1 libaprutil1 libaprutil1-dbd-sqlite3
INFO:kolla.common.utils.nova-api:  libaprutil1-ldap libbrotli1 libip4tc0 libip6tc0 libiptc0 libjansson4
INFO:kolla.common.utils.nova-api:  liblua5.2-0 libnetfilter-conntrack3 libnfnetlink0 libnftnl11 nova-api
INFO:kolla.common.utils.nova-api:0 upgraded, 20 newly installed, 0 to remove and 0 not upgraded.
INFO:kolla.common.utils.nova-api:Need to get 3,273 kB of archives.
INFO:kolla.common.utils.nova-api:After this operation, 12.0 MB of additional disk space will be used.
INFO:kolla.common.utils.nova-api:Get:1 http://deb.debian.org/debian buster/main s390x libapr1 s390x 1.6.5-1+b1 [97.3 kB]
INFO:kolla.common.utils.nova-api:Get:2 http://deb.debian.org/debian buster/main s390x libaprutil1 s390x 1.6.1-4 [88.8 kB]
INFO:kolla.common.utils.nova-api:Get:3 http://deb.debian.org/debian buster/main s390x libaprutil1-dbd-sqlite3 s390x 1.6.1-4 [18.5 kB]
INFO:kolla.common.utils.nova-api:Get:4 http://deb.debian.org/debian buster/main s390x libaprutil1-ldap s390x 1.6.1-4 [16.7 kB]
INFO:kolla.common.utils.nova-api:Get:5 http://deb.debian.org/debian buster/main s390x libbrotli1 s390x 1.0.7-2 [262 kB]
INFO:kolla.common.utils.nova-api:Get:6 http://deb.debian.org/debian buster/main s390x libjansson4 s390x 2.12-1 [35.7 kB]
INFO:kolla.common.utils.nova-api:Get:7 http://deb.debian.org/debian buster/main s390x liblua5.2-0 s390x 5.2.4-1.1+b2 [102 kB]
INFO:kolla.common.utils.nova-api:Get:8 http://deb.debian.org/debian buster/main s390x apache2-bin s390x 2.4.38-3+deb10u3 [1,193 kB]
INFO:kolla.common.utils.nova-api:Get:9 http://deb.debian.org/debian buster/main s390x apache2-data all 2.4.38-3+deb10u3 [165 kB]
INFO:kolla.common.utils.nova-api:Get:10 http://deb.debian.org/debian buster/main s390x apache2-utils s390x 2.4.38-3+deb10u3 [235 kB]
INFO:kolla.common.utils.nova-api:Get:11 http://deb.debian.org/debian buster/main s390x apache2 s390x 2.4.38-3+deb10u3 [251 kB]
INFO:kolla.common.utils.nova-api:Get:12 http://deb.debian.org/debian buster/main s390x libip4tc0 s390x 1.8.2-4 [69.5 kB]
INFO:kolla.common.utils.nova-api:Get:13 http://deb.debian.org/debian buster/main s390x libip6tc0 s390x 1.8.2-4 [69.8 kB]
INFO:kolla.common.utils.nova-api:Get:14 http://deb.debian.org/debian buster/main s390x libiptc0 s390x 1.8.2-4 [59.6 kB]
INFO:kolla.common.utils.nova-api:Get:15 http://deb.debian.org/debian buster/main s390x libnfnetlink0 s390x 1.0.1-3+b1 [13.7 kB]
INFO:kolla.common.utils.nova-api:Get:16 http://deb.debian.org/debian buster/main s390x libnetfilter-conntrack3 s390x 1.0.7-1 [39.0 kB]
INFO:kolla.common.utils.nova-api:Get:17 http://deb.debian.org/debian buster/main s390x libnftnl11 s390x 1.1.2-2 [50.6 kB]
INFO:kolla.common.utils.nova-api:Get:18 http://deb.debian.org/debian buster/main s390x iptables s390x 1.8.2-4 [379 kB]
INFO:kolla.common.utils.nova-api:Get:19 http://deb.debian.org/debian buster/main s390x libapache2-mod-wsgi-py3 s390x 4.6.5-1 [87.9 kB]
INFO:kolla.common.utils.nova-api:Get:20 http://deb.debian.org/debian buster/main s390x nova-api all 2:18.1.0-6 [40.0 kB]
INFO:kolla.common.utils.nova-api:Preconfiguring packages ...
INFO:kolla.common.utils.nova-api:Fetched 3,273 kB in 0s (24.4 MB/s)
INFO:kolla.common.utils.nova-api:Selecting previously unselected package libapr1:s390x.
INFO:kolla.common.utils.nova-api:(Reading database ... (Reading database ... 5%(Reading database ... 10%(Reading database ... 15%(Reading database ... 20%(Reading database ... 25%(Reading database ... 30%(Reading database ... 35%(Reading database ... 40%(Reading database ... 45%(Reading database ... 50%(Reading database ... 55%(Reading database ... 60%(Reading database ... 65%(Reading database ... 70%(Reading database ... 75%(Reading database ... 80%
INFO:kolla.common.utils.nova-api:(Reading database ... 85%(Reading database ... 90%(Reading database ... 95%
INFO:kolla.common.utils.nova-api:(Reading database ... 100%(Reading database ... 30916 files and directories currently installed.)
INFO:kolla.common.utils.nova-api:Preparing to unpack .../00-libapr1_1.6.5-1+b1_s390x.deb ...
INFO:kolla.common.utils.nova-api:Unpacking libapr1:s390x (1.6.5-1+b1) ...
INFO:kolla.common.utils.nova-api:Selecting previously unselected package libaprutil1:s390x.
INFO:kolla.common.utils.nova-api:Preparing to unpack .../01-libaprutil1_1.6.1-4_s390x.deb ...
INFO:kolla.common.utils.nova-api:Unpacking libaprutil1:s390x (1.6.1-4) ...
INFO:kolla.common.utils.nova-api:Selecting previously unselected package libaprutil1-dbd-sqlite3:s390x.
INFO:kolla.common.utils.nova-api:Preparing to unpack .../02-libaprutil1-dbd-sqlite3_1.6.1-4_s390x.deb ...
INFO:kolla.common.utils.nova-api:Unpacking libaprutil1-dbd-sqlite3:s390x (1.6.1-4) ...
INFO:kolla.common.utils.nova-api:Selecting previously unselected package libaprutil1-ldap:s390x.
INFO:kolla.common.utils.nova-api:Preparing to unpack .../03-libaprutil1-ldap_1.6.1-4_s390x.deb ...
INFO:kolla.common.utils.nova-api:Unpacking libaprutil1-ldap:s390x (1.6.1-4) ...
INFO:kolla.common.utils.nova-api:Selecting previously unselected package libbrotli1:s390x.
INFO:kolla.common.utils.nova-api:Preparing to unpack .../04-libbrotli1_1.0.7-2_s390x.deb ...
INFO:kolla.common.utils.nova-api:Unpacking libbrotli1:s390x (1.0.7-2) ...
INFO:kolla.common.utils.nova-api:Selecting previously unselected package libjansson4:s390x.
INFO:kolla.common.utils.nova-api:Preparing to unpack .../05-libjansson4_2.12-1_s390x.deb ...
INFO:kolla.common.utils.nova-api:Unpacking libjansson4:s390x (2.12-1) ...
INFO:kolla.common.utils.nova-api:Selecting previously unselected package liblua5.2-0:s390x.
INFO:kolla.common.utils.nova-api:Preparing to unpack .../06-liblua5.2-0_5.2.4-1.1+b2_s390x.deb ...
INFO:kolla.common.utils.nova-api:Unpacking liblua5.2-0:s390x (5.2.4-1.1+b2) ...
INFO:kolla.common.utils.nova-api:Selecting previously unselected package apache2-bin.
INFO:kolla.common.utils.nova-api:Preparing to unpack .../07-apache2-bin_2.4.38-3+deb10u3_s390x.deb ...
INFO:kolla.common.utils.nova-api:Unpacking apache2-bin (2.4.38-3+deb10u3) ...
INFO:kolla.common.utils.nova-api:Selecting previously unselected package apache2-data.
INFO:kolla.common.utils.nova-api:Preparing to unpack .../08-apache2-data_2.4.38-3+deb10u3_all.deb ...
INFO:kolla.common.utils.nova-api:Unpacking apache2-data (2.4.38-3+deb10u3) ...
INFO:kolla.common.utils.nova-api:Selecting previously unselected package apache2-utils.
INFO:kolla.common.utils.nova-api:Preparing to unpack .../09-apache2-utils_2.4.38-3+deb10u3_s390x.deb ...
INFO:kolla.common.utils.nova-api:Unpacking apache2-utils (2.4.38-3+deb10u3) ...
INFO:kolla.common.utils.nova-api:Selecting previously unselected package apache2.
INFO:kolla.common.utils.nova-api:Preparing to unpack .../10-apache2_2.4.38-3+deb10u3_s390x.deb ...
INFO:kolla.common.utils.nova-api:Unpacking apache2 (2.4.38-3+deb10u3) ...
INFO:kolla.common.utils.nova-api:Selecting previously unselected package libip4tc0:s390x.
INFO:kolla.common.utils.nova-api:Preparing to unpack .../11-libip4tc0_1.8.2-4_s390x.deb ...
INFO:kolla.common.utils.nova-api:Unpacking libip4tc0:s390x (1.8.2-4) ...
INFO:kolla.common.utils.nova-api:Selecting previously unselected package libip6tc0:s390x.
INFO:kolla.common.utils.nova-api:Preparing to unpack .../12-libip6tc0_1.8.2-4_s390x.deb ...
INFO:kolla.common.utils.nova-api:Unpacking libip6tc0:s390x (1.8.2-4) ...
INFO:kolla.common.utils.nova-api:Selecting previously unselected package libiptc0:s390x.
INFO:kolla.common.utils.nova-api:Preparing to unpack .../13-libiptc0_1.8.2-4_s390x.deb ...
INFO:kolla.common.utils.nova-api:Unpacking libiptc0:s390x (1.8.2-4) ...
INFO:kolla.common.utils.nova-api:Selecting previously unselected package libnfnetlink0:s390x.
INFO:kolla.common.utils.nova-api:Preparing to unpack .../14-libnfnetlink0_1.0.1-3+b1_s390x.deb ...
INFO:kolla.common.utils.nova-api:Unpacking libnfnetlink0:s390x (1.0.1-3+b1) ...
INFO:kolla.common.utils.nova-api:Selecting previously unselected package libnetfilter-conntrack3:s390x.
INFO:kolla.common.utils.nova-api:Preparing to unpack .../15-libnetfilter-conntrack3_1.0.7-1_s390x.deb ...
INFO:kolla.common.utils.nova-api:Unpacking libnetfilter-conntrack3:s390x (1.0.7-1) ...
INFO:kolla.common.utils.nova-api:Selecting previously unselected package libnftnl11:s390x.
INFO:kolla.common.utils.nova-api:Preparing to unpack .../16-libnftnl11_1.1.2-2_s390x.deb ...
INFO:kolla.common.utils.nova-api:Unpacking libnftnl11:s390x (1.1.2-2) ...
INFO:kolla.common.utils.nova-api:Selecting previously unselected package iptables.
INFO:kolla.common.utils.nova-api:Preparing to unpack .../17-iptables_1.8.2-4_s390x.deb ...
INFO:kolla.common.utils.nova-api:Unpacking iptables (1.8.2-4) ...
INFO:kolla.common.utils.nova-api:Selecting previously unselected package libapache2-mod-wsgi-py3.
INFO:kolla.common.utils.nova-api:Preparing to unpack .../18-libapache2-mod-wsgi-py3_4.6.5-1_s390x.deb ...
INFO:kolla.common.utils.nova-api:Unpacking libapache2-mod-wsgi-py3 (4.6.5-1) ...
INFO:kolla.common.utils.nova-api:Selecting previously unselected package nova-api.
INFO:kolla.common.utils.nova-api:Preparing to unpack .../19-nova-api_2%3a18.1.0-6_all.deb ...
INFO:kolla.common.utils.nova-api:Unpacking nova-api (2:18.1.0-6) ...
INFO:kolla.common.utils.nova-api:Setting up libip6tc0:s390x (1.8.2-4) ...
INFO:kolla.common.utils.nova-api:Setting up libip4tc0:s390x (1.8.2-4) ...
INFO:kolla.common.utils.nova-api:Setting up libbrotli1:s390x (1.0.7-2) ...
INFO:kolla.common.utils.nova-api:Setting up libapr1:s390x (1.6.5-1+b1) ...
INFO:kolla.common.utils.nova-api:Setting up libnftnl11:s390x (1.1.2-2) ...
INFO:kolla.common.utils.nova-api:Setting up libjansson4:s390x (2.12-1) ...
INFO:kolla.common.utils.nova-api:Setting up libiptc0:s390x (1.8.2-4) ...
INFO:kolla.common.utils.nova-api:Setting up liblua5.2-0:s390x (5.2.4-1.1+b2) ...
INFO:kolla.common.utils.nova-api:Setting up libnfnetlink0:s390x (1.0.1-3+b1) ...
INFO:kolla.common.utils.nova-api:Setting up apache2-data (2.4.38-3+deb10u3) ...
INFO:kolla.common.utils.nova-api:Setting up libaprutil1:s390x (1.6.1-4) ...
INFO:kolla.common.utils.nova-api:Setting up libaprutil1-ldap:s390x (1.6.1-4) ...
INFO:kolla.common.utils.nova-api:Setting up libaprutil1-dbd-sqlite3:s390x (1.6.1-4) ...
INFO:kolla.common.utils.nova-api:Setting up libnetfilter-conntrack3:s390x (1.0.7-1) ...
INFO:kolla.common.utils.nova-api:Setting up apache2-utils (2.4.38-3+deb10u3) ...
INFO:kolla.common.utils.nova-api:Setting up iptables (1.8.2-4) ...
INFO:kolla.common.utils.nova-api:update-alternatives: using /usr/sbin/iptables-legacy to provide /usr/sbin/iptables (iptables) in auto mode
INFO:kolla.common.utils.nova-api:update-alternatives: using /usr/sbin/ip6tables-legacy to provide /usr/sbin/ip6tables (ip6tables) in auto mode
INFO:kolla.common.utils.nova-api:update-alternatives: using /usr/sbin/iptables-nft to provide /usr/sbin/iptables (iptables) in auto mode
INFO:kolla.common.utils.nova-api:update-alternatives: using /usr/sbin/ip6tables-nft to provide /usr/sbin/ip6tables (ip6tables) in auto mode
INFO:kolla.common.utils.nova-api:update-alternatives: using /usr/sbin/arptables-nft to provide /usr/sbin/arptables (arptables) in auto mode
INFO:kolla.common.utils.nova-api:update-alternatives: using /usr/sbin/ebtables-nft to provide /usr/sbin/ebtables (ebtables) in auto mode
INFO:kolla.common.utils.nova-api:Setting up nova-api (2:18.1.0-6) ...
INFO:kolla.common.utils.nova-api:Will not register nova endpoint this time (no user request for it).
INFO:kolla.common.utils.nova-api:invoke-rc.d: could not determine current runlevel
INFO:kolla.common.utils.nova-api:invoke-rc.d: policy-rc.d denied execution of start.
INFO:kolla.common.utils.nova-api:Setting up apache2-bin (2.4.38-3+deb10u3) ...
INFO:kolla.common.utils.nova-api:Setting up apache2 (2.4.38-3+deb10u3) ...
INFO:kolla.common.utils.nova-api:Enabling module mpm_event.
INFO:kolla.common.utils.nova-api:Enabling module authz_core.
INFO:kolla.common.utils.nova-api:Enabling module authz_host.
INFO:kolla.common.utils.nova-api:Enabling module authn_core.
INFO:kolla.common.utils.nova-api:Enabling module auth_basic.
INFO:kolla.common.utils.nova-api:Enabling module access_compat.
INFO:kolla.common.utils.nova-api:Enabling module authn_file.
INFO:kolla.common.utils.nova-api:Enabling module authz_user.
INFO:kolla.common.utils.nova-api:Enabling module alias.
INFO:kolla.common.utils.nova-api:Enabling module dir.
INFO:kolla.common.utils.nova-api:Enabling module autoindex.
INFO:kolla.common.utils.nova-api:Enabling module env.
INFO:kolla.common.utils.nova-api:Enabling module mime.
INFO:kolla.common.utils.nova-api:Enabling module negotiation.
INFO:kolla.common.utils.nova-api:Enabling module setenvif.
INFO:kolla.common.utils.nova-api:Enabling module filter.
INFO:kolla.common.utils.nova-api:Enabling module deflate.
INFO:kolla.common.utils.nova-api:Enabling module status.
INFO:kolla.common.utils.nova-api:Enabling module reqtimeout.
INFO:kolla.common.utils.nova-api:Enabling conf charset.
INFO:kolla.common.utils.nova-api:Enabling conf localized-error-pages.
INFO:kolla.common.utils.nova-api:Enabling conf other-vhosts-access-log.
INFO:kolla.common.utils.nova-api:Enabling conf security.
INFO:kolla.common.utils.nova-api:Enabling conf serve-cgi-bin.
INFO:kolla.common.utils.nova-api:Enabling site 000-default.
INFO:kolla.common.utils.nova-api:invoke-rc.d: could not determine current runlevel
INFO:kolla.common.utils.nova-api:invoke-rc.d: policy-rc.d denied execution of start.
INFO:kolla.common.utils.nova-api:Setting up libapache2-mod-wsgi-py3 (4.6.5-1) ...
INFO:kolla.common.utils.nova-api:apache2_invoke: Enable module wsgi
INFO:kolla.common.utils.nova-api:invoke-rc.d: could not determine current runlevel
INFO:kolla.common.utils.nova-api:invoke-rc.d: policy-rc.d denied execution of restart.
INFO:kolla.common.utils.nova-api:Processing triggers for libc-bin (2.28-10) ...
INFO:kolla.common.utils.nova-api:Removing intermediate container 21b299633484
INFO:kolla.common.utils.nova-api: ---> 0ac1fe046f62
INFO:kolla.common.utils.nova-api:Step 4/7 : RUN echo > /etc/apache2/ports.conf
INFO:kolla.common.utils.nova-api: ---> Running in 7e6a2525c616
INFO:kolla.common.utils.nova-api:Removing intermediate container 7e6a2525c616
INFO:kolla.common.utils.nova-api: ---> 8844623df4c5
INFO:kolla.common.utils.nova-api:Step 5/7 : COPY extend_start.sh /usr/local/bin/kolla_nova_extend_start
INFO:kolla.common.utils.nova-api: ---> b64265652529
INFO:kolla.common.utils.nova-api:Step 6/7 : RUN chmod 755 /usr/local/bin/kolla_nova_extend_start
INFO:kolla.common.utils.nova-api: ---> Running in 2ca0b86f0f3a
INFO:kolla.common.utils.nova-api:Removing intermediate container 2ca0b86f0f3a
INFO:kolla.common.utils.nova-api: ---> 622677d7923b
INFO:kolla.common.utils.nova-api:Step 7/7 : USER nova
INFO:kolla.common.utils.nova-api: ---> Running in db5d58eb59dc
INFO:kolla.common.utils.nova-api:Removing intermediate container db5d58eb59dc
INFO:kolla.common.utils.nova-api: ---> 0a07b366510d
INFO:kolla.common.utils.nova-api:Successfully built 0a07b366510d
INFO:kolla.common.utils.nova-api:Successfully tagged s390x/debian-binary-nova-api:9.1.0
INFO:kolla.common.utils.nova-api:Built at 2020-03-02 21:27:57.353967 (took 0:00:16.515203)
