INFO:kolla.common.utils.nova-ssh:Building started at 2020-03-02 21:27:39.439199
INFO:kolla.common.utils.nova-ssh:Step 1/8 : FROM s390x/debian-binary-nova-base:9.1.0
INFO:kolla.common.utils.nova-ssh: ---> 5bbc1e433571
INFO:kolla.common.utils.nova-ssh:Step 2/8 : LABEL maintainer="Kolla Project (https://launchpad.net/kolla)" name="nova-ssh" build-date="20200302"
INFO:kolla.common.utils.nova-ssh: ---> Running in 586eb95af96d
INFO:kolla.common.utils.nova-ssh:Removing intermediate container 586eb95af96d
INFO:kolla.common.utils.nova-ssh: ---> da57e3e0ceb7
INFO:kolla.common.utils.nova-ssh:Step 3/8 : RUN usermod --append --home /var/lib/nova --groups kolla nova     && chsh --shell /bin/bash nova     && mkdir -p /var/lib/nova     && chown -R 42436:42436 /var/lib/nova
INFO:kolla.common.utils.nova-ssh: ---> Running in 67abbe0c4f62
INFO:kolla.common.utils.nova-ssh:Removing intermediate container 67abbe0c4f62
INFO:kolla.common.utils.nova-ssh: ---> d712f2a9d53a
INFO:kolla.common.utils.nova-ssh:Step 4/8 : RUN mkdir -p /var/run/sshd     && chmod 0755 /var/run/sshd
INFO:kolla.common.utils.nova-ssh: ---> Running in f86d2b421b01
INFO:kolla.common.utils.nova-ssh:Removing intermediate container f86d2b421b01
INFO:kolla.common.utils.nova-ssh: ---> a4ca4e6d108b
INFO:kolla.common.utils.nova-ssh:Step 5/8 : RUN apt-get update && apt-get -y install --no-install-recommends openssh-server && apt-get clean && rm -rf /var/lib/apt/lists/*
INFO:kolla.common.utils.nova-ssh: ---> Running in 858d1bf58362
INFO:kolla.common.utils.nova-ssh:Get:1 http://deb.debian.org/debian buster InRelease [122 kB]
INFO:kolla.common.utils.nova-ssh:Get:2 http://deb.debian.org/debian buster-backports InRelease [46.7 kB]
INFO:kolla.common.utils.nova-ssh:Get:3 http://security-cdn.debian.org/debian-security buster/updates InRelease [65.4 kB]
INFO:kolla.common.utils.nova-ssh:Get:4 http://buster-train.debian.net/debian buster-train-backports InRelease [3,660 B]
INFO:kolla.common.utils.nova-ssh:Get:5 http://deb.debian.org/debian buster/main s390x Packages [7,624 kB]
INFO:kolla.common.utils.nova-ssh:Get:6 http://buster-train.debian.net/debian buster-train-backports-nochange InRelease [3,669 B]
INFO:kolla.common.utils.nova-ssh:Get:7 http://deb.debian.org/debian buster-backports/main s390x Packages [209 kB]
INFO:kolla.common.utils.nova-ssh:Get:8 http://security-cdn.debian.org/debian-security buster/updates/main s390x Packages [161 kB]
INFO:kolla.common.utils.nova-ssh:Fetched 8,235 kB in 2s (5,282 kB/s)
INFO:kolla.common.utils.nova-ssh:Reading package lists...
INFO:kolla.common.utils.nova-ssh:[91mW: Skipping acquire of configured file 'main/binary-s390x/Packages' as repository 'http://buster-train.debian.net/debian buster-train-backports InRelease' does not seem to provide it (sources.list entry misspelt?)
INFO:kolla.common.utils.nova-ssh:W: Skipping acquire of configured file 'main/binary-s390x/Packages' as repository 'http://buster-train.debian.net/debian buster-train-backports-nochange InRelease' does not seem to provide it (sources.list entry misspelt?)
INFO:kolla.common.utils.nova-ssh:[0m
INFO:kolla.common.utils.nova-ssh:Reading package lists...
INFO:kolla.common.utils.nova-ssh:Building dependency tree...
INFO:kolla.common.utils.nova-ssh:Reading state information...
INFO:kolla.common.utils.nova-ssh:The following additional packages will be installed:
INFO:kolla.common.utils.nova-ssh:  openssh-sftp-server
INFO:kolla.common.utils.nova-ssh:Suggested packages:
INFO:kolla.common.utils.nova-ssh:  molly-guard monkeysphere rssh ssh-askpass ufw
INFO:kolla.common.utils.nova-ssh:Recommended packages:
INFO:kolla.common.utils.nova-ssh:  default-logind | logind | libpam-systemd ncurses-term xauth
INFO:kolla.common.utils.nova-ssh:The following NEW packages will be installed:
INFO:kolla.common.utils.nova-ssh:  openssh-server openssh-sftp-server
INFO:kolla.common.utils.nova-ssh:0 upgraded, 2 newly installed, 0 to remove and 0 not upgraded.
INFO:kolla.common.utils.nova-ssh:Need to get 369 kB of archives.
INFO:kolla.common.utils.nova-ssh:After this operation, 1,650 kB of additional disk space will be used.
INFO:kolla.common.utils.nova-ssh:Get:1 http://deb.debian.org/debian buster/main s390x openssh-sftp-server s390x 1:7.9p1-10+deb10u2 [41.6 kB]
INFO:kolla.common.utils.nova-ssh:Get:2 http://deb.debian.org/debian buster/main s390x openssh-server s390x 1:7.9p1-10+deb10u2 [328 kB]
INFO:kolla.common.utils.nova-ssh:Preconfiguring packages ...
INFO:kolla.common.utils.nova-ssh:Fetched 369 kB in 0s (8,951 kB/s)
INFO:kolla.common.utils.nova-ssh:Selecting previously unselected package openssh-sftp-server.
INFO:kolla.common.utils.nova-ssh:(Reading database ... 
INFO:kolla.common.utils.nova-ssh:(Reading database ... 5%(Reading database ... 10%(Reading database ... 15%
INFO:kolla.common.utils.nova-ssh:(Reading database ... 20%(Reading database ... 25%(Reading database ... 30%(Reading database ... 35%(Reading database ... 40%(Reading database ... 45%(Reading database ... 50%(Reading database ... 55%(Reading database ... 60%(Reading database ... 65%(Reading database ... 70%(Reading database ... 75%(Reading database ... 80%(Reading database ... 85%(Reading database ... 90%(Reading database ... 95%(Reading database ... 100%(Reading database ... 30916 files and directories currently installed.)
INFO:kolla.common.utils.nova-ssh:Preparing to unpack .../openssh-sftp-server_1%3a7.9p1-10+deb10u2_s390x.deb ...
INFO:kolla.common.utils.nova-ssh:Unpacking openssh-sftp-server (1:7.9p1-10+deb10u2) ...
INFO:kolla.common.utils.nova-ssh:Selecting previously unselected package openssh-server.
INFO:kolla.common.utils.nova-ssh:Preparing to unpack .../openssh-server_1%3a7.9p1-10+deb10u2_s390x.deb ...
INFO:kolla.common.utils.nova-ssh:Unpacking openssh-server (1:7.9p1-10+deb10u2) ...
INFO:kolla.common.utils.nova-ssh:Setting up openssh-sftp-server (1:7.9p1-10+deb10u2) ...
INFO:kolla.common.utils.nova-ssh:Setting up openssh-server (1:7.9p1-10+deb10u2) ...
INFO:kolla.common.utils.nova-ssh:
INFO:kolla.common.utils.nova-ssh:Creating config file /etc/ssh/sshd_config with new version
INFO:kolla.common.utils.nova-ssh:Creating SSH2 RSA key; this may take some time ...
INFO:kolla.common.utils.nova-ssh:
INFO:kolla.common.utils.nova-ssh:2048 SHA256:2dsK0Nq0Gb55IlWgNKsEFbcEsSxmhRcETnbft3S/ZeI root@858d1bf58362 (RSA)
INFO:kolla.common.utils.nova-ssh:Creating SSH2 ECDSA key; this may take some time ...
INFO:kolla.common.utils.nova-ssh:
INFO:kolla.common.utils.nova-ssh:256 SHA256:frOgCPiRGogNxTbUEV1BjmlQSzT4pJzjtDnBCptBIJc root@858d1bf58362 (ECDSA)
INFO:kolla.common.utils.nova-ssh:Creating SSH2 ED25519 key; this may take some time ...
INFO:kolla.common.utils.nova-ssh:
INFO:kolla.common.utils.nova-ssh:256 SHA256:y5eQs6w3jOa1Fy0vyKeNy4nYsSpyzF7xI8rBICGrCrA root@858d1bf58362 (ED25519)
INFO:kolla.common.utils.nova-ssh:invoke-rc.d: could not determine current runlevel
INFO:kolla.common.utils.nova-ssh:invoke-rc.d: policy-rc.d denied execution of start.
INFO:kolla.common.utils.nova-ssh:Removing intermediate container 858d1bf58362
INFO:kolla.common.utils.nova-ssh: ---> 630dbc277c91
INFO:kolla.common.utils.nova-ssh:Step 6/8 : RUN sed -ri 's/session(\s+)required(\s+)pam_loginuid.so/session\1optional\2pam_loginuid.so/' /etc/pam.d/sshd
INFO:kolla.common.utils.nova-ssh: ---> Running in cad304d3941e
INFO:kolla.common.utils.nova-ssh:Removing intermediate container cad304d3941e
INFO:kolla.common.utils.nova-ssh: ---> a290843565a0
INFO:kolla.common.utils.nova-ssh:Step 7/8 : COPY extend_start.sh /usr/local/bin/kolla_extend_start
INFO:kolla.common.utils.nova-ssh: ---> 760e56a68e5d
INFO:kolla.common.utils.nova-ssh:Step 8/8 : RUN chmod 755 /usr/local/bin/kolla_extend_start
INFO:kolla.common.utils.nova-ssh: ---> Running in f73ba1ddbbb3
INFO:kolla.common.utils.nova-ssh:Removing intermediate container f73ba1ddbbb3
INFO:kolla.common.utils.nova-ssh: ---> f98a97cde541
INFO:kolla.common.utils.nova-ssh:Successfully built f98a97cde541
INFO:kolla.common.utils.nova-ssh:Successfully tagged s390x/debian-binary-nova-ssh:9.1.0
INFO:kolla.common.utils.nova-ssh:Built at 2020-03-02 21:27:55.545992 (took 0:00:16.106793)
