INFO:kolla.common.utils.octavia-health-manager:Building started at 2020-03-02 21:29:01.160536
INFO:kolla.common.utils.octavia-health-manager:Step 1/4 : FROM s390x/debian-binary-octavia-base:9.1.0
INFO:kolla.common.utils.octavia-health-manager: ---> e48f82e4df61
INFO:kolla.common.utils.octavia-health-manager:Step 2/4 : LABEL maintainer="Kolla Project (https://launchpad.net/kolla)" name="octavia-health-manager" build-date="20200302"
INFO:kolla.common.utils.octavia-health-manager: ---> Running in e806ef512cc3
INFO:kolla.common.utils.octavia-health-manager:Removing intermediate container e806ef512cc3
INFO:kolla.common.utils.octavia-health-manager: ---> 438690a4d9ef
INFO:kolla.common.utils.octavia-health-manager:Step 3/4 : RUN apt-get update && apt-get -y install --no-install-recommends octavia-health-manager && apt-get clean && rm -rf /var/lib/apt/lists/*
INFO:kolla.common.utils.octavia-health-manager: ---> Running in 71df37da1efc
INFO:kolla.common.utils.octavia-health-manager:Get:1 http://deb.debian.org/debian buster InRelease [122 kB]
INFO:kolla.common.utils.octavia-health-manager:Get:3 http://deb.debian.org/debian buster-backports InRelease [46.7 kB]
INFO:kolla.common.utils.octavia-health-manager:Get:2 http://security-cdn.debian.org/debian-security buster/updates InRelease [65.4 kB]
INFO:kolla.common.utils.octavia-health-manager:Get:4 http://buster-train.debian.net/debian buster-train-backports InRelease [3,660 B]
INFO:kolla.common.utils.octavia-health-manager:Get:5 http://deb.debian.org/debian buster/main s390x Packages [7,624 kB]
INFO:kolla.common.utils.octavia-health-manager:Get:6 http://buster-train.debian.net/debian buster-train-backports-nochange InRelease [3,669 B]
INFO:kolla.common.utils.octavia-health-manager:Get:7 http://deb.debian.org/debian buster-backports/main s390x Packages [209 kB]
INFO:kolla.common.utils.octavia-health-manager:Get:8 http://security-cdn.debian.org/debian-security buster/updates/main s390x Packages [161 kB]
INFO:kolla.common.utils.octavia-health-manager:Fetched 8,235 kB in 2s (4,591 kB/s)
INFO:kolla.common.utils.octavia-health-manager:Reading package lists...
INFO:kolla.common.utils.octavia-health-manager:[91mW: Skipping acquire of configured file 'main/binary-s390x/Packages' as repository 'http://buster-train.debian.net/debian buster-train-backports InRelease' does not seem to provide it (sources.list entry misspelt?)
INFO:kolla.common.utils.octavia-health-manager:W: Skipping acquire of configured file 'main/binary-s390x/Packages' as repository 'http://buster-train.debian.net/debian buster-train-backports-nochange InRelease' does not seem to provide it (sources.list entry misspelt?)
INFO:kolla.common.utils.octavia-health-manager:[0m
INFO:kolla.common.utils.octavia-health-manager:Reading package lists...
INFO:kolla.common.utils.octavia-health-manager:Building dependency tree...
INFO:kolla.common.utils.octavia-health-manager:Reading state information...
INFO:kolla.common.utils.octavia-health-manager:The following NEW packages will be installed:
INFO:kolla.common.utils.octavia-health-manager:  octavia-health-manager
INFO:kolla.common.utils.octavia-health-manager:0 upgraded, 1 newly installed, 0 to remove and 0 not upgraded.
INFO:kolla.common.utils.octavia-health-manager:Need to get 5,744 B of archives.
INFO:kolla.common.utils.octavia-health-manager:After this operation, 26.6 kB of additional disk space will be used.
INFO:kolla.common.utils.octavia-health-manager:Get:1 http://deb.debian.org/debian buster/main s390x octavia-health-manager all 3.0.0-3 [5,744 B]
INFO:kolla.common.utils.octavia-health-manager:Fetched 5,744 B in 0s (235 kB/s)
INFO:kolla.common.utils.octavia-health-manager:Selecting previously unselected package octavia-health-manager.
INFO:kolla.common.utils.octavia-health-manager:(Reading database ... 
INFO:kolla.common.utils.octavia-health-manager:(Reading database ... 5%(Reading database ... 10%(Reading database ... 15%(Reading database ... 20%(Reading database ... 25%(Reading database ... 30%(Reading database ... 35%(Reading database ... 40%(Reading database ... 45%(Reading database ... 50%(Reading database ... 55%(Reading database ... 60%(Reading database ... 65%
INFO:kolla.common.utils.octavia-health-manager:(Reading database ... 70%(Reading database ... 75%
INFO:kolla.common.utils.octavia-health-manager:(Reading database ... 80%
INFO:kolla.common.utils.octavia-health-manager:(Reading database ... 85%
INFO:kolla.common.utils.octavia-health-manager:(Reading database ... 90%
INFO:kolla.common.utils.octavia-health-manager:(Reading database ... 95%(Reading database ... 100%(Reading database ... 29735 files and directories currently installed.)
INFO:kolla.common.utils.octavia-health-manager:Preparing to unpack .../octavia-health-manager_3.0.0-3_all.deb ...
INFO:kolla.common.utils.octavia-health-manager:Unpacking octavia-health-manager (3.0.0-3) ...
INFO:kolla.common.utils.octavia-health-manager:Setting up octavia-health-manager (3.0.0-3) ...
INFO:kolla.common.utils.octavia-health-manager:invoke-rc.d: could not determine current runlevel
INFO:kolla.common.utils.octavia-health-manager:invoke-rc.d: policy-rc.d denied execution of start.
INFO:kolla.common.utils.octavia-health-manager:Removing intermediate container 71df37da1efc
INFO:kolla.common.utils.octavia-health-manager: ---> d857e06679cc
INFO:kolla.common.utils.octavia-health-manager:Step 4/4 : USER octavia
INFO:kolla.common.utils.octavia-health-manager: ---> Running in f489c242b73d
INFO:kolla.common.utils.octavia-health-manager:Removing intermediate container f489c242b73d
INFO:kolla.common.utils.octavia-health-manager: ---> 008631c83678
INFO:kolla.common.utils.octavia-health-manager:Successfully built 008631c83678
INFO:kolla.common.utils.octavia-health-manager:Successfully tagged s390x/debian-binary-octavia-health-manager:9.1.0
INFO:kolla.common.utils.octavia-health-manager:Built at 2020-03-02 21:29:09.294358 (took 0:00:08.133822)
