INFO:kolla.common.utils.octavia-worker:Building started at 2020-03-02 21:29:04.978934
INFO:kolla.common.utils.octavia-worker:Step 1/4 : FROM s390x/debian-binary-octavia-base:9.1.0
INFO:kolla.common.utils.octavia-worker: ---> e48f82e4df61
INFO:kolla.common.utils.octavia-worker:Step 2/4 : LABEL maintainer="Kolla Project (https://launchpad.net/kolla)" name="octavia-worker" build-date="20200302"
INFO:kolla.common.utils.octavia-worker: ---> Running in bf426ecc1248
INFO:kolla.common.utils.octavia-worker:Removing intermediate container bf426ecc1248
INFO:kolla.common.utils.octavia-worker: ---> 3b68a35781ab
INFO:kolla.common.utils.octavia-worker:Step 3/4 : RUN apt-get update && apt-get -y install --no-install-recommends octavia-worker && apt-get clean && rm -rf /var/lib/apt/lists/*
INFO:kolla.common.utils.octavia-worker: ---> Running in 1402fceff392
INFO:kolla.common.utils.octavia-worker:Get:1 http://deb.debian.org/debian buster InRelease [122 kB]
INFO:kolla.common.utils.octavia-worker:Get:3 http://deb.debian.org/debian buster-backports InRelease [46.7 kB]
INFO:kolla.common.utils.octavia-worker:Get:2 http://security-cdn.debian.org/debian-security buster/updates InRelease [65.4 kB]
INFO:kolla.common.utils.octavia-worker:Get:4 http://buster-train.debian.net/debian buster-train-backports InRelease [3,660 B]
INFO:kolla.common.utils.octavia-worker:Get:5 http://buster-train.debian.net/debian buster-train-backports-nochange InRelease [3,669 B]
INFO:kolla.common.utils.octavia-worker:Get:6 http://deb.debian.org/debian buster/main s390x Packages [7,624 kB]
INFO:kolla.common.utils.octavia-worker:Get:7 http://deb.debian.org/debian buster-backports/main s390x Packages [209 kB]
INFO:kolla.common.utils.octavia-worker:Get:8 http://security-cdn.debian.org/debian-security buster/updates/main s390x Packages [161 kB]
INFO:kolla.common.utils.octavia-worker:Fetched 8,235 kB in 2s (5,046 kB/s)
INFO:kolla.common.utils.octavia-worker:Reading package lists...
INFO:kolla.common.utils.octavia-worker:[91mW: Skipping acquire of configured file 'main/binary-s390x/Packages' as repository 'http://buster-train.debian.net/debian buster-train-backports InRelease' does not seem to provide it (sources.list entry misspelt?)
INFO:kolla.common.utils.octavia-worker:W: Skipping acquire of configured file 'main/binary-s390x/Packages' as repository 'http://buster-train.debian.net/debian buster-train-backports-nochange InRelease' does not seem to provide it (sources.list entry misspelt?)
INFO:kolla.common.utils.octavia-worker:[0m
INFO:kolla.common.utils.octavia-worker:Reading package lists...
INFO:kolla.common.utils.octavia-worker:Building dependency tree...
INFO:kolla.common.utils.octavia-worker:Reading state information...
INFO:kolla.common.utils.octavia-worker:The following NEW packages will be installed:
INFO:kolla.common.utils.octavia-worker:  octavia-worker
INFO:kolla.common.utils.octavia-worker:0 upgraded, 1 newly installed, 0 to remove and 0 not upgraded.
INFO:kolla.common.utils.octavia-worker:Need to get 5,716 B of archives.
INFO:kolla.common.utils.octavia-worker:After this operation, 26.6 kB of additional disk space will be used.
INFO:kolla.common.utils.octavia-worker:Get:1 http://deb.debian.org/debian buster/main s390x octavia-worker all 3.0.0-3 [5,716 B]
INFO:kolla.common.utils.octavia-worker:Fetched 5,716 B in 0s (39.3 kB/s)
INFO:kolla.common.utils.octavia-worker:Selecting previously unselected package octavia-worker.
INFO:kolla.common.utils.octavia-worker:(Reading database ... 
INFO:kolla.common.utils.octavia-worker:(Reading database ... 5%(Reading database ... 10%(Reading database ... 15%(Reading database ... 20%(Reading database ... 25%(Reading database ... 30%(Reading database ... 35%(Reading database ... 40%
INFO:kolla.common.utils.octavia-worker:(Reading database ... 45%(Reading database ... 50%(Reading database ... 55%(Reading database ... 60%(Reading database ... 65%
INFO:kolla.common.utils.octavia-worker:(Reading database ... 70%
INFO:kolla.common.utils.octavia-worker:(Reading database ... 75%
INFO:kolla.common.utils.octavia-worker:(Reading database ... 80%
INFO:kolla.common.utils.octavia-worker:(Reading database ... 85%
INFO:kolla.common.utils.octavia-worker:(Reading database ... 90%
INFO:kolla.common.utils.octavia-worker:(Reading database ... 95%
INFO:kolla.common.utils.octavia-worker:(Reading database ... 100%(Reading database ... 29735 files and directories currently installed.)
INFO:kolla.common.utils.octavia-worker:Preparing to unpack .../octavia-worker_3.0.0-3_all.deb ...
INFO:kolla.common.utils.octavia-worker:Unpacking octavia-worker (3.0.0-3) ...
INFO:kolla.common.utils.octavia-worker:Setting up octavia-worker (3.0.0-3) ...
INFO:kolla.common.utils.octavia-worker:invoke-rc.d: could not determine current runlevel
INFO:kolla.common.utils.octavia-worker:invoke-rc.d: policy-rc.d denied execution of start.
INFO:kolla.common.utils.octavia-worker:Removing intermediate container 1402fceff392
INFO:kolla.common.utils.octavia-worker: ---> 99a3d69a728c
INFO:kolla.common.utils.octavia-worker:Step 4/4 : USER octavia
INFO:kolla.common.utils.octavia-worker: ---> Running in 91cc4b55a761
INFO:kolla.common.utils.octavia-worker:Removing intermediate container 91cc4b55a761
INFO:kolla.common.utils.octavia-worker: ---> 0b3f8145f1df
INFO:kolla.common.utils.octavia-worker:Successfully built 0b3f8145f1df
INFO:kolla.common.utils.octavia-worker:Successfully tagged s390x/debian-binary-octavia-worker:9.1.0
INFO:kolla.common.utils.octavia-worker:Built at 2020-03-02 21:29:12.048896 (took 0:00:07.069962)
