INFO:kolla.common.utils.octavia-housekeeping:Building started at 2020-03-02 21:29:03.479678
INFO:kolla.common.utils.octavia-housekeeping:Step 1/4 : FROM s390x/debian-binary-octavia-base:9.1.0
INFO:kolla.common.utils.octavia-housekeeping: ---> e48f82e4df61
INFO:kolla.common.utils.octavia-housekeeping:Step 2/4 : LABEL maintainer="Kolla Project (https://launchpad.net/kolla)" name="octavia-housekeeping" build-date="20200302"
INFO:kolla.common.utils.octavia-housekeeping: ---> Running in 8959097fd222
INFO:kolla.common.utils.octavia-housekeeping:Removing intermediate container 8959097fd222
INFO:kolla.common.utils.octavia-housekeeping: ---> 43fe2d558ea6
INFO:kolla.common.utils.octavia-housekeeping:Step 3/4 : RUN apt-get update && apt-get -y install --no-install-recommends octavia-housekeeping && apt-get clean && rm -rf /var/lib/apt/lists/*
INFO:kolla.common.utils.octavia-housekeeping: ---> Running in a306155c6ab4
INFO:kolla.common.utils.octavia-housekeeping:Get:1 http://deb.debian.org/debian buster InRelease [122 kB]
INFO:kolla.common.utils.octavia-housekeeping:Get:2 http://deb.debian.org/debian buster-backports InRelease [46.7 kB]
INFO:kolla.common.utils.octavia-housekeeping:Get:3 http://security-cdn.debian.org/debian-security buster/updates InRelease [65.4 kB]
INFO:kolla.common.utils.octavia-housekeeping:Get:4 http://buster-train.debian.net/debian buster-train-backports InRelease [3,660 B]
INFO:kolla.common.utils.octavia-housekeeping:Get:5 http://deb.debian.org/debian buster/main s390x Packages [7,624 kB]
INFO:kolla.common.utils.octavia-housekeeping:Get:6 http://buster-train.debian.net/debian buster-train-backports-nochange InRelease [3,669 B]
INFO:kolla.common.utils.octavia-housekeeping:Get:7 http://deb.debian.org/debian buster-backports/main s390x Packages [209 kB]
INFO:kolla.common.utils.octavia-housekeeping:Get:8 http://security-cdn.debian.org/debian-security buster/updates/main s390x Packages [161 kB]
INFO:kolla.common.utils.octavia-housekeeping:Fetched 8,235 kB in 2s (5,000 kB/s)
INFO:kolla.common.utils.octavia-housekeeping:Reading package lists...
INFO:kolla.common.utils.octavia-housekeeping:[91mW: Skipping acquire of configured file 'main/binary-s390x/Packages' as repository 'http://buster-train.debian.net/debian buster-train-backports InRelease' does not seem to provide it (sources.list entry misspelt?)
INFO:kolla.common.utils.octavia-housekeeping:W: Skipping acquire of configured file 'main/binary-s390x/Packages' as repository 'http://buster-train.debian.net/debian buster-train-backports-nochange InRelease' does not seem to provide it (sources.list entry misspelt?)
INFO:kolla.common.utils.octavia-housekeeping:[0m
INFO:kolla.common.utils.octavia-housekeeping:Reading package lists...
INFO:kolla.common.utils.octavia-housekeeping:Building dependency tree...
INFO:kolla.common.utils.octavia-housekeeping:Reading state information...
INFO:kolla.common.utils.octavia-housekeeping:The following NEW packages will be installed:
INFO:kolla.common.utils.octavia-housekeeping:  octavia-housekeeping
INFO:kolla.common.utils.octavia-housekeeping:0 upgraded, 1 newly installed, 0 to remove and 0 not upgraded.
INFO:kolla.common.utils.octavia-housekeeping:Need to get 5,748 B of archives.
INFO:kolla.common.utils.octavia-housekeeping:After this operation, 26.6 kB of additional disk space will be used.
INFO:kolla.common.utils.octavia-housekeeping:Get:1 http://deb.debian.org/debian buster/main s390x octavia-housekeeping all 3.0.0-3 [5,748 B]
INFO:kolla.common.utils.octavia-housekeeping:Fetched 5,748 B in 0s (27.5 kB/s)
INFO:kolla.common.utils.octavia-housekeeping:Selecting previously unselected package octavia-housekeeping.
INFO:kolla.common.utils.octavia-housekeeping:(Reading database ... 
INFO:kolla.common.utils.octavia-housekeeping:(Reading database ... 5%(Reading database ... 10%(Reading database ... 15%(Reading database ... 20%(Reading database ... 25%(Reading database ... 30%(Reading database ... 35%(Reading database ... 40%(Reading database ... 45%(Reading database ... 50%(Reading database ... 55%(Reading database ... 60%(Reading database ... 65%(Reading database ... 70%(Reading database ... 75%(Reading database ... 80%(Reading database ... 85%(Reading database ... 90%
INFO:kolla.common.utils.octavia-housekeeping:(Reading database ... 95%
INFO:kolla.common.utils.octavia-housekeeping:(Reading database ... 100%(Reading database ... 29735 files and directories currently installed.)
INFO:kolla.common.utils.octavia-housekeeping:Preparing to unpack .../octavia-housekeeping_3.0.0-3_all.deb ...
INFO:kolla.common.utils.octavia-housekeeping:Unpacking octavia-housekeeping (3.0.0-3) ...
INFO:kolla.common.utils.octavia-housekeeping:Setting up octavia-housekeeping (3.0.0-3) ...
INFO:kolla.common.utils.octavia-housekeeping:invoke-rc.d: could not determine current runlevel
INFO:kolla.common.utils.octavia-housekeeping:invoke-rc.d: policy-rc.d denied execution of start.
INFO:kolla.common.utils.octavia-housekeeping:Removing intermediate container a306155c6ab4
INFO:kolla.common.utils.octavia-housekeeping: ---> cd09acca97b6
INFO:kolla.common.utils.octavia-housekeeping:Step 4/4 : USER octavia
INFO:kolla.common.utils.octavia-housekeeping: ---> Running in e706fb3ccad0
INFO:kolla.common.utils.octavia-housekeeping:Removing intermediate container e706fb3ccad0
INFO:kolla.common.utils.octavia-housekeeping: ---> e7308f0c5196
INFO:kolla.common.utils.octavia-housekeeping:Successfully built e7308f0c5196
INFO:kolla.common.utils.octavia-housekeeping:Successfully tagged s390x/debian-binary-octavia-housekeeping:9.1.0
INFO:kolla.common.utils.octavia-housekeeping:Built at 2020-03-02 21:29:10.679394 (took 0:00:07.199716)
