INFO:kolla.common.utils.placement-base:Building started at 2020-03-02 21:26:23.918728
INFO:kolla.common.utils.placement-base:Step 1/6 : FROM s390x/debian-binary-openstack-base:9.1.0
INFO:kolla.common.utils.placement-base: ---> d0f37d4345b6
INFO:kolla.common.utils.placement-base:Step 2/6 : LABEL maintainer="Kolla Project (https://launchpad.net/kolla)" name="placement-base" build-date="20200302"
INFO:kolla.common.utils.placement-base: ---> Running in fdefde828b6b
INFO:kolla.common.utils.placement-base:Removing intermediate container fdefde828b6b
INFO:kolla.common.utils.placement-base: ---> 46956437a6e4
INFO:kolla.common.utils.placement-base:Step 3/6 : RUN usermod --append --home /var/lib/placement --groups kolla placement     && mkdir -p /var/lib/placement     && chown -R 42482:42482 /var/lib/placement
INFO:kolla.common.utils.placement-base: ---> Running in 4ca650db6723
INFO:kolla.common.utils.placement-base:Removing intermediate container 4ca650db6723
INFO:kolla.common.utils.placement-base: ---> 872c4b3c5699
INFO:kolla.common.utils.placement-base:Step 4/6 : RUN apt-get update && apt-get -y install --no-install-recommends mariadb-client placement-common python3-pymysql && apt-get clean && rm -rf /var/lib/apt/lists/*     && cp /usr/share/placement-common/mysql-migrate-db.sh /opt/     && chmod 755 /opt/mysql-migrate-db.sh
INFO:kolla.common.utils.placement-base: ---> Running in c929dafbb350
INFO:kolla.common.utils.placement-base:Get:1 http://deb.debian.org/debian buster InRelease [122 kB]
INFO:kolla.common.utils.placement-base:Get:2 http://deb.debian.org/debian buster-backports InRelease [46.7 kB]
INFO:kolla.common.utils.placement-base:Get:3 http://security-cdn.debian.org/debian-security buster/updates InRelease [65.4 kB]
INFO:kolla.common.utils.placement-base:Get:4 http://buster-train.debian.net/debian buster-train-backports InRelease [3,660 B]
INFO:kolla.common.utils.placement-base:Get:5 http://deb.debian.org/debian buster/main s390x Packages [7,624 kB]
INFO:kolla.common.utils.placement-base:Get:6 http://buster-train.debian.net/debian buster-train-backports-nochange InRelease [3,669 B]
INFO:kolla.common.utils.placement-base:Get:7 http://deb.debian.org/debian buster-backports/main s390x Packages [209 kB]
INFO:kolla.common.utils.placement-base:Get:8 http://security-cdn.debian.org/debian-security buster/updates/main s390x Packages [161 kB]
INFO:kolla.common.utils.placement-base:Fetched 8,235 kB in 2s (5,054 kB/s)
INFO:kolla.common.utils.placement-base:Reading package lists...
INFO:kolla.common.utils.placement-base:[91mW: Skipping acquire of configured file 'main/binary-s390x/Packages' as repository 'http://buster-train.debian.net/debian buster-train-backports InRelease' does not seem to provide it (sources.list entry misspelt?)
INFO:kolla.common.utils.placement-base:W: Skipping acquire of configured file 'main/binary-s390x/Packages' as repository 'http://buster-train.debian.net/debian buster-train-backports-nochange InRelease' does not seem to provide it (sources.list entry misspelt?)
INFO:kolla.common.utils.placement-base:[0m
INFO:kolla.common.utils.placement-base:Reading package lists...
INFO:kolla.common.utils.placement-base:Building dependency tree...
INFO:kolla.common.utils.placement-base:Reading state information...
INFO:kolla.common.utils.placement-base:[91mE: Unable to locate package placement-common
INFO:kolla.common.utils.placement-base:[0m
INFO:kolla.common.utils.placement-base:Removing intermediate container c929dafbb350
ERROR:kolla.common.utils.placement-base:Error'd with the following message
ERROR:kolla.common.utils.placement-base:The command '/bin/sh -c apt-get update && apt-get -y install --no-install-recommends mariadb-client placement-common python3-pymysql && apt-get clean && rm -rf /var/lib/apt/lists/*     && cp /usr/share/placement-common/mysql-migrate-db.sh /opt/     && chmod 755 /opt/mysql-migrate-db.sh' returned a non-zero code: 100
