INFO:kolla.common.utils.prometheus-node-exporter:Building started at 2020-03-02 21:23:49.357693
INFO:kolla.common.utils.prometheus-node-exporter:Step 1/5 : FROM s390x/debian-binary-prometheus-base:9.1.0
INFO:kolla.common.utils.prometheus-node-exporter: ---> 2ccf34e0ee94
INFO:kolla.common.utils.prometheus-node-exporter:Step 2/5 : LABEL maintainer="Kolla Project (https://launchpad.net/kolla)" name="prometheus-node-exporter" build-date="20200302"
INFO:kolla.common.utils.prometheus-node-exporter: ---> Running in 1351dfa60713
INFO:kolla.common.utils.prometheus-node-exporter:Removing intermediate container 1351dfa60713
INFO:kolla.common.utils.prometheus-node-exporter: ---> 325b457e0705
INFO:kolla.common.utils.prometheus-node-exporter:Step 3/5 : ENV node_exporter_version=0.17.0
INFO:kolla.common.utils.prometheus-node-exporter: ---> Running in 7b229d760d31
INFO:kolla.common.utils.prometheus-node-exporter:Removing intermediate container 7b229d760d31
INFO:kolla.common.utils.prometheus-node-exporter: ---> f1889895f966
INFO:kolla.common.utils.prometheus-node-exporter:Step 4/5 : RUN curl -sSL -o /tmp/node_exporter.tar.gz https://github.com/prometheus/node_exporter/releases/download/v${node_exporter_version}/node_exporter-${node_exporter_version}.linux-s390x.tar.gz     && tar xvf /tmp/node_exporter.tar.gz -C /opt/     && rm -f /tmp/node_exporter.tar.gz     && ln -s /opt/node_exporter* /opt/node_exporter
INFO:kolla.common.utils.prometheus-node-exporter: ---> Running in 56e8f5985cbb
INFO:kolla.common.utils.prometheus-node-exporter:curl (https://github-production-release-asset-2e65be.s3.amazonaws.com/9524057/b958ab80-f4c9-11e8-89f1-a4b4d5f38c24?X-Amz-Algorithm=AWS4-HMAC-SHA256&X-Amz-Credential=AKIAIWNJYAX4CSVEH53A%2F20200302%2Fus-east-1%2Fs3%2Faws4_request&X-Amz-Date=20200302T212351Z&X-Amz-Expires=300&X-Amz-Signature=dbbd9f9ead8a36fb8427ec9ed6f1b6e516b9578726438347bde878d792d3fa43&X-Amz-SignedHeaders=host&actor_id=0&response-content-disposition=attachment%3B%20filename%3Dnode_exporter-0.17.0.linux-s390x.tar.gz&response-content-type=application%2Foctet-stream): response: 200, time: 0.676207, size: 7082014
INFO:kolla.common.utils.prometheus-node-exporter:node_exporter-0.17.0.linux-s390x/
INFO:kolla.common.utils.prometheus-node-exporter:node_exporter-0.17.0.linux-s390x/NOTICE
INFO:kolla.common.utils.prometheus-node-exporter:node_exporter-0.17.0.linux-s390x/node_exporter
INFO:kolla.common.utils.prometheus-node-exporter:node_exporter-0.17.0.linux-s390x/LICENSE
INFO:kolla.common.utils.prometheus-node-exporter:Removing intermediate container 56e8f5985cbb
INFO:kolla.common.utils.prometheus-node-exporter: ---> 76dd41f10603
INFO:kolla.common.utils.prometheus-node-exporter:Step 5/5 : USER prometheus
INFO:kolla.common.utils.prometheus-node-exporter: ---> Running in f6513cffef5f
INFO:kolla.common.utils.prometheus-node-exporter:Removing intermediate container f6513cffef5f
INFO:kolla.common.utils.prometheus-node-exporter: ---> b20a755a103b
INFO:kolla.common.utils.prometheus-node-exporter:Successfully built b20a755a103b
INFO:kolla.common.utils.prometheus-node-exporter:Successfully tagged s390x/debian-binary-prometheus-node-exporter:9.1.0
INFO:kolla.common.utils.prometheus-node-exporter:Built at 2020-03-02 21:23:53.519196 (took 0:00:04.161503)
