INFO:kolla.common.utils.prometheus-mysqld-exporter:Building started at 2020-03-02 21:23:49.564931
INFO:kolla.common.utils.prometheus-mysqld-exporter:Step 1/5 : FROM s390x/debian-binary-prometheus-base:9.1.0
INFO:kolla.common.utils.prometheus-mysqld-exporter: ---> 2ccf34e0ee94
INFO:kolla.common.utils.prometheus-mysqld-exporter:Step 2/5 : LABEL maintainer="Kolla Project (https://launchpad.net/kolla)" name="prometheus-mysqld-exporter" build-date="20200302"
INFO:kolla.common.utils.prometheus-mysqld-exporter: ---> Running in ab53b113e846
INFO:kolla.common.utils.prometheus-mysqld-exporter:Removing intermediate container ab53b113e846
INFO:kolla.common.utils.prometheus-mysqld-exporter: ---> fcf627b8b9a8
INFO:kolla.common.utils.prometheus-mysqld-exporter:Step 3/5 : ENV mysqld_exporter_version=0.11.0
INFO:kolla.common.utils.prometheus-mysqld-exporter: ---> Running in 2116d95dbaff
INFO:kolla.common.utils.prometheus-mysqld-exporter:Removing intermediate container 2116d95dbaff
INFO:kolla.common.utils.prometheus-mysqld-exporter: ---> 7781514e575d
INFO:kolla.common.utils.prometheus-mysqld-exporter:Step 4/5 : RUN curl -ssL -o /tmp/mysqld_exporter.tar.gz https://github.com/prometheus/mysqld_exporter/releases/download/v${mysqld_exporter_version}/mysqld_exporter-${mysqld_exporter_version}.linux-s390x.tar.gz     && tar xvf /tmp/mysqld_exporter.tar.gz -C /opt/     && rm -f /tmp/mysqld_exporter.tar.gz     && ln -s /opt/mysqld_exporter* /opt/mysqld_exporter
INFO:kolla.common.utils.prometheus-mysqld-exporter: ---> Running in 993eab27ddaf
INFO:kolla.common.utils.prometheus-mysqld-exporter:curl (https://github.com/prometheus/mysqld_exporter/releases/download/v0.11.0/mysqld_exporter-0.11.0.linux-s390x.tar.gz): response: 404, time: 5.198099, size: 9
INFO:kolla.common.utils.prometheus-mysqld-exporter:[91mtar: This does not look like a tar archive
INFO:kolla.common.utils.prometheus-mysqld-exporter:[0m
INFO:kolla.common.utils.prometheus-mysqld-exporter:[91m
INFO:kolla.common.utils.prometheus-mysqld-exporter:gzip: stdin: not in gzip format
INFO:kolla.common.utils.prometheus-mysqld-exporter:[0m
INFO:kolla.common.utils.prometheus-mysqld-exporter:[91mtar: Child returned status 1
INFO:kolla.common.utils.prometheus-mysqld-exporter:tar: Error is not recoverable: exiting now
INFO:kolla.common.utils.prometheus-mysqld-exporter:[0m
INFO:kolla.common.utils.prometheus-mysqld-exporter:Removing intermediate container 993eab27ddaf
ERROR:kolla.common.utils.prometheus-mysqld-exporter:Error'd with the following message
ERROR:kolla.common.utils.prometheus-mysqld-exporter:The command '/bin/sh -c curl -ssL -o /tmp/mysqld_exporter.tar.gz https://github.com/prometheus/mysqld_exporter/releases/download/v${mysqld_exporter_version}/mysqld_exporter-${mysqld_exporter_version}.linux-s390x.tar.gz     && tar xvf /tmp/mysqld_exporter.tar.gz -C /opt/     && rm -f /tmp/mysqld_exporter.tar.gz     && ln -s /opt/mysqld_exporter* /opt/mysqld_exporter' returned a non-zero code: 2
