INFO:kolla.common.utils.prometheus-openstack-exporter:Building started at 2020-03-02 21:23:43.973101
INFO:kolla.common.utils.prometheus-openstack-exporter:Step 1/5 : FROM s390x/debian-binary-prometheus-base:9.1.0
INFO:kolla.common.utils.prometheus-openstack-exporter: ---> 2ccf34e0ee94
INFO:kolla.common.utils.prometheus-openstack-exporter:Step 2/5 : LABEL maintainer="Kolla Project (https://launchpad.net/kolla)" name="prometheus-openstack-exporter" build-date="20200302"
INFO:kolla.common.utils.prometheus-openstack-exporter: ---> Running in 476c510c6f61
INFO:kolla.common.utils.prometheus-openstack-exporter:Removing intermediate container 476c510c6f61
INFO:kolla.common.utils.prometheus-openstack-exporter: ---> e825de33043c
INFO:kolla.common.utils.prometheus-openstack-exporter:Step 3/5 : ENV prometheus_openstack_exporter_version=0.6.0
INFO:kolla.common.utils.prometheus-openstack-exporter: ---> Running in ce2b924c63bf
INFO:kolla.common.utils.prometheus-openstack-exporter:Removing intermediate container ce2b924c63bf
INFO:kolla.common.utils.prometheus-openstack-exporter: ---> 846627e481a0
INFO:kolla.common.utils.prometheus-openstack-exporter:Step 4/5 : RUN curl -sSL -o /tmp/prometheus_openstack_exporter.tar.gz https://github.com/openstack-exporter/openstack-exporter/releases/download/v${prometheus_openstack_exporter_version}/openstack-exporter-${prometheus_openstack_exporter_version}.linux-s390x.tar.gz     && tar xvf /tmp/prometheus_openstack_exporter.tar.gz -C /opt/     && rm -f /tmp/prometheus_openstack_exporter.tar.gz     && ln -s /opt/openstack-exporter* /opt/openstack-exporter
INFO:kolla.common.utils.prometheus-openstack-exporter: ---> Running in 09eecba06a49
INFO:kolla.common.utils.prometheus-openstack-exporter:curl (https://github.com/openstack-exporter/openstack-exporter/releases/download/v0.6.0/openstack-exporter-0.6.0.linux-s390x.tar.gz): response: 404, time: 0.146681, size: 9
INFO:kolla.common.utils.prometheus-openstack-exporter:[91mtar: This does not look like a tar archive
INFO:kolla.common.utils.prometheus-openstack-exporter:[0m
INFO:kolla.common.utils.prometheus-openstack-exporter:[91m
INFO:kolla.common.utils.prometheus-openstack-exporter:gzip: stdin: not in gzip format
INFO:kolla.common.utils.prometheus-openstack-exporter:[0m
INFO:kolla.common.utils.prometheus-openstack-exporter:[91mtar: Child returned status 1
INFO:kolla.common.utils.prometheus-openstack-exporter:tar: Error is not recoverable: exiting now
INFO:kolla.common.utils.prometheus-openstack-exporter:[0m
INFO:kolla.common.utils.prometheus-openstack-exporter:Removing intermediate container 09eecba06a49
ERROR:kolla.common.utils.prometheus-openstack-exporter:Error'd with the following message
ERROR:kolla.common.utils.prometheus-openstack-exporter:The command '/bin/sh -c curl -sSL -o /tmp/prometheus_openstack_exporter.tar.gz https://github.com/openstack-exporter/openstack-exporter/releases/download/v${prometheus_openstack_exporter_version}/openstack-exporter-${prometheus_openstack_exporter_version}.linux-s390x.tar.gz     && tar xvf /tmp/prometheus_openstack_exporter.tar.gz -C /opt/     && rm -f /tmp/prometheus_openstack_exporter.tar.gz     && ln -s /opt/openstack-exporter* /opt/openstack-exporter' returned a non-zero code: 2
