INFO:kolla.common.utils.prometheus-memcached-exporter:Building started at 2020-03-02 21:23:42.534068
INFO:kolla.common.utils.prometheus-memcached-exporter:Step 1/5 : FROM s390x/debian-binary-prometheus-base:9.1.0
INFO:kolla.common.utils.prometheus-memcached-exporter: ---> 2ccf34e0ee94
INFO:kolla.common.utils.prometheus-memcached-exporter:Step 2/5 : LABEL maintainer="Kolla Project (https://launchpad.net/kolla)" name="prometheus-memcached-exporter" build-date="20200302"
INFO:kolla.common.utils.prometheus-memcached-exporter: ---> Running in 0b94ea86dcd8
INFO:kolla.common.utils.prometheus-memcached-exporter:Removing intermediate container 0b94ea86dcd8
INFO:kolla.common.utils.prometheus-memcached-exporter: ---> 32759804faec
INFO:kolla.common.utils.prometheus-memcached-exporter:Step 3/5 : ENV memcached_exporter_version=0.5.0
INFO:kolla.common.utils.prometheus-memcached-exporter: ---> Running in de0013c63e96
INFO:kolla.common.utils.prometheus-memcached-exporter:Removing intermediate container de0013c63e96
INFO:kolla.common.utils.prometheus-memcached-exporter: ---> 3be6ce55050d
INFO:kolla.common.utils.prometheus-memcached-exporter:Step 4/5 : RUN curl -sSL -o /tmp/memcached_exporter.tar.gz https://github.com/prometheus/memcached_exporter/releases/download/v${memcached_exporter_version}/memcached_exporter-${memcached_exporter_version}.linux-s390x.tar.gz     && tar xvf /tmp/memcached_exporter.tar.gz -C /opt/     && rm -f /tmp/memcached_exporter.tar.gz     && ln -s /opt/memcached_exporter* /opt/memcached_exporter
INFO:kolla.common.utils.prometheus-memcached-exporter: ---> Running in f15e962c5661
INFO:kolla.common.utils.prometheus-memcached-exporter:curl (https://github-production-release-asset-2e65be.s3.amazonaws.com/57182606/01977380-d266-11e8-953a-6a3e355c5533?X-Amz-Algorithm=AWS4-HMAC-SHA256&X-Amz-Credential=AKIAIWNJYAX4CSVEH53A%2F20200302%2Fus-east-1%2Fs3%2Faws4_request&X-Amz-Date=20200302T212345Z&X-Amz-Expires=300&X-Amz-Signature=4e6b52bf7422ffbc2e056a7b4491e88afe2598d2631ff9de9c29466823136c0d&X-Amz-SignedHeaders=host&actor_id=0&response-content-disposition=attachment%3B%20filename%3Dmemcached_exporter-0.5.0.linux-s390x.tar.gz&response-content-type=application%2Foctet-stream): response: 200, time: 0.525217, size: 5846048
INFO:kolla.common.utils.prometheus-memcached-exporter:memcached_exporter-0.5.0.linux-s390x/
INFO:kolla.common.utils.prometheus-memcached-exporter:memcached_exporter-0.5.0.linux-s390x/CHANGELOG.md
INFO:kolla.common.utils.prometheus-memcached-exporter:memcached_exporter-0.5.0.linux-s390x/LICENSE
INFO:kolla.common.utils.prometheus-memcached-exporter:memcached_exporter-0.5.0.linux-s390x/README.md
INFO:kolla.common.utils.prometheus-memcached-exporter:memcached_exporter-0.5.0.linux-s390x/NOTICE
INFO:kolla.common.utils.prometheus-memcached-exporter:memcached_exporter-0.5.0.linux-s390x/memcached_exporter
INFO:kolla.common.utils.prometheus-memcached-exporter:Removing intermediate container f15e962c5661
INFO:kolla.common.utils.prometheus-memcached-exporter: ---> 99a2a12e55e6
INFO:kolla.common.utils.prometheus-memcached-exporter:Step 5/5 : USER prometheus
INFO:kolla.common.utils.prometheus-memcached-exporter: ---> Running in e5ecbb2b2365
INFO:kolla.common.utils.prometheus-memcached-exporter:Removing intermediate container e5ecbb2b2365
INFO:kolla.common.utils.prometheus-memcached-exporter: ---> 4dbe170c6e3f
INFO:kolla.common.utils.prometheus-memcached-exporter:Successfully built 4dbe170c6e3f
INFO:kolla.common.utils.prometheus-memcached-exporter:Successfully tagged s390x/debian-binary-prometheus-memcached-exporter:9.1.0
INFO:kolla.common.utils.prometheus-memcached-exporter:Built at 2020-03-02 21:23:48.168995 (took 0:00:05.634927)
