INFO:kolla.common.utils.ptp:Building started at 2020-03-02 21:21:30.412445
INFO:kolla.common.utils.ptp:Step 1/5 : FROM s390x/debian-binary-base:9.1.0
INFO:kolla.common.utils.ptp: ---> 4244142526cc
INFO:kolla.common.utils.ptp:Step 2/5 : LABEL maintainer="Kolla Project (https://launchpad.net/kolla)" name="ptp" build-date="20200302"
INFO:kolla.common.utils.ptp: ---> Running in b04efb97f549
INFO:kolla.common.utils.ptp:Removing intermediate container b04efb97f549
INFO:kolla.common.utils.ptp: ---> 37731cbf5522
INFO:kolla.common.utils.ptp:Step 3/5 : RUN apt-get update && apt-get -y install --no-install-recommends linuxptp && apt-get clean && rm -rf /var/lib/apt/lists/*
INFO:kolla.common.utils.ptp: ---> Running in 0028dd06cdc7
INFO:kolla.common.utils.ptp:Get:1 http://deb.debian.org/debian buster InRelease [122 kB]
INFO:kolla.common.utils.ptp:Get:2 http://deb.debian.org/debian buster-backports InRelease [46.7 kB]
INFO:kolla.common.utils.ptp:Get:3 http://deb.debian.org/debian buster/main s390x Packages [7,624 kB]
INFO:kolla.common.utils.ptp:Get:4 http://security-cdn.debian.org/debian-security buster/updates InRelease [65.4 kB]
INFO:kolla.common.utils.ptp:Get:5 http://deb.debian.org/debian buster-backports/main s390x Packages [209 kB]
INFO:kolla.common.utils.ptp:Get:6 http://buster-train.debian.net/debian buster-train-backports InRelease [3,660 B]
INFO:kolla.common.utils.ptp:Get:7 http://security-cdn.debian.org/debian-security buster/updates/main s390x Packages [161 kB]
INFO:kolla.common.utils.ptp:Get:8 http://buster-train.debian.net/debian buster-train-backports-nochange InRelease [3,669 B]
INFO:kolla.common.utils.ptp:Fetched 8,235 kB in 1s (6,169 kB/s)
INFO:kolla.common.utils.ptp:Reading package lists...
INFO:kolla.common.utils.ptp:[91mW: [0m
INFO:kolla.common.utils.ptp:[91mSkipping acquire of configured file 'main/binary-s390x/Packages' as repository 'http://buster-train.debian.net/debian buster-train-backports InRelease' does not seem to provide it (sources.list entry misspelt?)
INFO:kolla.common.utils.ptp:W: Skipping acquire of configured file 'main/binary-s390x/Packages' as repository 'http://buster-train.debian.net/debian buster-train-backports-nochange InRelease' does not seem to provide it (sources.list entry misspelt?)
INFO:kolla.common.utils.ptp:[0m
INFO:kolla.common.utils.ptp:Reading package lists...
INFO:kolla.common.utils.ptp:Building dependency tree...
INFO:kolla.common.utils.ptp:Reading state information...
INFO:kolla.common.utils.ptp:The following NEW packages will be installed:
INFO:kolla.common.utils.ptp:  linuxptp
INFO:kolla.common.utils.ptp:0 upgraded, 1 newly installed, 0 to remove and 0 not upgraded.
INFO:kolla.common.utils.ptp:Need to get 119 kB of archives.
INFO:kolla.common.utils.ptp:After this operation, 529 kB of additional disk space will be used.
INFO:kolla.common.utils.ptp:Get:1 http://deb.debian.org/debian buster/main s390x linuxptp s390x 1.9.2-1 [119 kB]
INFO:kolla.common.utils.ptp:Fetched 119 kB in 0s (3,579 kB/s)
INFO:kolla.common.utils.ptp:Selecting previously unselected package linuxptp.
INFO:kolla.common.utils.ptp:(Reading database ... (Reading database ... 5%(Reading database ... 10%(Reading database ... 15%(Reading database ... 20%(Reading database ... 25%(Reading database ... 30%(Reading database ... 35%(Reading database ... 40%(Reading database ... 45%(Reading database ... 50%(Reading database ... 55%(Reading database ... 60%(Reading database ... 65%(Reading database ... 70%(Reading database ... 75%
INFO:kolla.common.utils.ptp:(Reading database ... 80%
INFO:kolla.common.utils.ptp:(Reading database ... 85%
INFO:kolla.common.utils.ptp:(Reading database ... 90%
INFO:kolla.common.utils.ptp:(Reading database ... 95%
INFO:kolla.common.utils.ptp:(Reading database ... 100%(Reading database ... 12012 files and directories currently installed.)
INFO:kolla.common.utils.ptp:Preparing to unpack .../linuxptp_1.9.2-1_s390x.deb ...
INFO:kolla.common.utils.ptp:Unpacking linuxptp (1.9.2-1) ...
INFO:kolla.common.utils.ptp:Setting up linuxptp (1.9.2-1) ...
INFO:kolla.common.utils.ptp:Removing intermediate container 0028dd06cdc7
INFO:kolla.common.utils.ptp: ---> ac379e2ef273
INFO:kolla.common.utils.ptp:Step 4/5 : COPY extend_start.sh /usr/local/bin/kolla_extend_start
INFO:kolla.common.utils.ptp: ---> 2f8da7f207a6
INFO:kolla.common.utils.ptp:Step 5/5 : RUN chmod 755 /usr/local/bin/kolla_extend_start
INFO:kolla.common.utils.ptp: ---> Running in fc198be467a7
INFO:kolla.common.utils.ptp:Removing intermediate container fc198be467a7
INFO:kolla.common.utils.ptp: ---> 7a4cff81e53b
INFO:kolla.common.utils.ptp:Successfully built 7a4cff81e53b
INFO:kolla.common.utils.ptp:Successfully tagged s390x/debian-binary-ptp:9.1.0
INFO:kolla.common.utils.ptp:Built at 2020-03-02 21:21:38.224622 (took 0:00:07.812177)
