INFO:kolla.common.utils.redis-base:Building started at 2020-03-02 21:21:43.871792
INFO:kolla.common.utils.redis-base:Step 1/5 : FROM s390x/debian-binary-base:9.1.0
INFO:kolla.common.utils.redis-base: ---> 4244142526cc
INFO:kolla.common.utils.redis-base:Step 2/5 : LABEL maintainer="Kolla Project (https://launchpad.net/kolla)" name="redis-base" build-date="20200302"
INFO:kolla.common.utils.redis-base: ---> Running in 5d13581266dd
INFO:kolla.common.utils.redis-base:Removing intermediate container 5d13581266dd
INFO:kolla.common.utils.redis-base: ---> 5cb8f1caa006
INFO:kolla.common.utils.redis-base:Step 3/5 : RUN usermod --append --home /run/redis --groups kolla redis     && mkdir -p /run/redis     && chown -R 42460:42460 /run/redis
INFO:kolla.common.utils.redis-base: ---> Running in b4b2dbc67426
INFO:kolla.common.utils.redis-base:Removing intermediate container b4b2dbc67426
INFO:kolla.common.utils.redis-base: ---> 3a60108d22ee
INFO:kolla.common.utils.redis-base:Step 4/5 : COPY extend_start.sh /usr/local/bin/kolla_extend_start
INFO:kolla.common.utils.redis-base: ---> 12bceaad2923
INFO:kolla.common.utils.redis-base:Step 5/5 : RUN chmod 755 /usr/local/bin/kolla_extend_start
INFO:kolla.common.utils.redis-base: ---> Running in a84769a47361
INFO:kolla.common.utils.redis-base:Removing intermediate container a84769a47361
INFO:kolla.common.utils.redis-base: ---> 23e9e8834b75
INFO:kolla.common.utils.redis-base:Successfully built 23e9e8834b75
INFO:kolla.common.utils.redis-base:Successfully tagged s390x/debian-binary-redis-base:9.1.0
INFO:kolla.common.utils.redis-base:Built at 2020-03-02 21:21:49.049916 (took 0:00:05.178124)
