INFO:kolla.common.utils.sahara-base:Building started at 2020-03-02 21:26:20.763707
INFO:kolla.common.utils.sahara-base:Step 1/7 : FROM s390x/debian-binary-openstack-base:9.1.0
INFO:kolla.common.utils.sahara-base: ---> d0f37d4345b6
INFO:kolla.common.utils.sahara-base:Step 2/7 : LABEL maintainer="Kolla Project (https://launchpad.net/kolla)" name="sahara-base" build-date="20200302"
INFO:kolla.common.utils.sahara-base: ---> Running in 96e287d0c551
INFO:kolla.common.utils.sahara-base:Removing intermediate container 96e287d0c551
INFO:kolla.common.utils.sahara-base: ---> a8a12169ac3c
INFO:kolla.common.utils.sahara-base:Step 3/7 : RUN usermod --append --home /var/lib/sahara --groups kolla sahara     && mkdir -p /var/lib/sahara     && chown -R 42441:42441 /var/lib/sahara
INFO:kolla.common.utils.sahara-base: ---> Running in 1ca864f54480
INFO:kolla.common.utils.sahara-base:Removing intermediate container 1ca864f54480
INFO:kolla.common.utils.sahara-base: ---> 769b578f06b6
INFO:kolla.common.utils.sahara-base:Step 4/7 : RUN apt-get update && apt-get -y install --no-install-recommends sahara-common && apt-get clean && rm -rf /var/lib/apt/lists/*
INFO:kolla.common.utils.sahara-base: ---> Running in 4aa97e8b4f3d
INFO:kolla.common.utils.sahara-base:Get:2 http://deb.debian.org/debian buster InRelease [122 kB]
INFO:kolla.common.utils.sahara-base:Get:3 http://deb.debian.org/debian buster-backports InRelease [46.7 kB]
INFO:kolla.common.utils.sahara-base:Get:1 http://security-cdn.debian.org/debian-security buster/updates InRelease [65.4 kB]
INFO:kolla.common.utils.sahara-base:Get:4 http://buster-train.debian.net/debian buster-train-backports InRelease [3,660 B]
INFO:kolla.common.utils.sahara-base:Get:5 http://buster-train.debian.net/debian buster-train-backports-nochange InRelease [3,669 B]
INFO:kolla.common.utils.sahara-base:Get:6 http://deb.debian.org/debian buster/main s390x Packages [7,624 kB]
INFO:kolla.common.utils.sahara-base:Get:7 http://deb.debian.org/debian buster-backports/main s390x Packages [209 kB]
INFO:kolla.common.utils.sahara-base:Get:8 http://security-cdn.debian.org/debian-security buster/updates/main s390x Packages [161 kB]
INFO:kolla.common.utils.sahara-base:Fetched 8,235 kB in 2s (4,700 kB/s)
INFO:kolla.common.utils.sahara-base:Reading package lists...
INFO:kolla.common.utils.sahara-base:[91mW: Skipping acquire of configured file 'main/binary-s390x/Packages' as repository 'http://buster-train.debian.net/debian buster-train-backports InRelease' does not seem to provide it (sources.list entry misspelt?)
INFO:kolla.common.utils.sahara-base:W: Skipping acquire of configured file 'main/binary-s390x/Packages' as repository 'http://buster-train.debian.net/debian buster-train-backports-nochange InRelease' does not seem to provide it (sources.list entry misspelt?)
INFO:kolla.common.utils.sahara-base:[0m
INFO:kolla.common.utils.sahara-base:Reading package lists...
INFO:kolla.common.utils.sahara-base:Building dependency tree...
INFO:kolla.common.utils.sahara-base:Reading state information...
INFO:kolla.common.utils.sahara-base:The following additional packages will be installed:
INFO:kolla.common.utils.sahara-base:  alembic dbconfig-common libjs-jquery libjs-sphinxdoc libjs-underscore
INFO:kolla.common.utils.sahara-base:  libnorm1 libpgm-5.2-0 libsodium23 libzmq5 pycadf-common
INFO:kolla.common.utils.sahara-base:  python-pastedeploy-tpl python3-alembic python3-amqp python3-anyjson
INFO:kolla.common.utils.sahara-base:  python3-bcrypt python3-botocore python3-cachetools python3-castellan
INFO:kolla.common.utils.sahara-base:  python3-click python3-colorama python3-editor python3-flask
INFO:kolla.common.utils.sahara-base:  python3-itsdangerous python3-kafka python3-keystonemiddleware python3-kombu
INFO:kolla.common.utils.sahara-base:  python3-mako python3-migrate python3-nacl python3-oslo.cache python3-oslo.db
INFO:kolla.common.utils.sahara-base:  python3-oslo.messaging python3-oslo.middleware python3-oslo.policy
INFO:kolla.common.utils.sahara-base:  python3-oslo.rootwrap python3-oslo.service python3-paramiko python3-paste
INFO:kolla.common.utils.sahara-base:  python3-pastedeploy python3-pyasn1 python3-pycadf python3-repoze.lru
INFO:kolla.common.utils.sahara-base:  python3-routes python3-sahara python3-sqlalchemy python3-sqlparse
INFO:kolla.common.utils.sahara-base:  python3-statsd python3-tempita python3-tenacity python3-testresources
INFO:kolla.common.utils.sahara-base:  python3-testscenarios python3-tooz python3-vine python3-voluptuous
INFO:kolla.common.utils.sahara-base:  python3-werkzeug python3-zmq sqlite3 ucf
INFO:kolla.common.utils.sahara-base:Suggested packages:
INFO:kolla.common.utils.sahara-base:  dbconfig-mysql | dbconfig-pgsql | dbconfig-sqlite | dbconfig-sqlite3
INFO:kolla.common.utils.sahara-base:  | dbconfig-no-thanks python-amqp-doc python-castellan-doc python-flask-doc
INFO:kolla.common.utils.sahara-base:  python-kafka-doc python-kombu-doc python3-boto python3-django
INFO:kolla.common.utils.sahara-base:  python3-pymongo python3-beaker python-mako-doc python-migrate-doc
INFO:kolla.common.utils.sahara-base:  python-nacl-doc python-oslo.cache-doc python-oslo.middleware-doc
INFO:kolla.common.utils.sahara-base:  python-oslo.policy-doc python-oslo.service-doc python3-gssapi httpd-wsgi
INFO:kolla.common.utils.sahara-base:  libapache2-mod-python libapache2-mod-scgi libjs-mochikit
INFO:kolla.common.utils.sahara-base:  python-sqlalchemy-doc python3-fdb python-sqlparse-doc python-tenacity-doc
INFO:kolla.common.utils.sahara-base:  ipython3 python3-termcolor python3-watchdog python-werkzeug-doc sqlite3-doc
INFO:kolla.common.utils.sahara-base:Recommended packages:
INFO:kolla.common.utils.sahara-base:  javascript-common python3-pastescript python3-ldap python3-sqlalchemy-ext
INFO:kolla.common.utils.sahara-base:The following NEW packages will be installed:
INFO:kolla.common.utils.sahara-base:  alembic dbconfig-common libjs-jquery libjs-sphinxdoc libjs-underscore
INFO:kolla.common.utils.sahara-base:  libnorm1 libpgm-5.2-0 libsodium23 libzmq5 pycadf-common
INFO:kolla.common.utils.sahara-base:  python-pastedeploy-tpl python3-alembic python3-amqp python3-anyjson
INFO:kolla.common.utils.sahara-base:  python3-bcrypt python3-botocore python3-cachetools python3-castellan
INFO:kolla.common.utils.sahara-base:  python3-click python3-colorama python3-editor python3-flask
INFO:kolla.common.utils.sahara-base:  python3-itsdangerous python3-kafka python3-keystonemiddleware python3-kombu
INFO:kolla.common.utils.sahara-base:  python3-mako python3-migrate python3-nacl python3-oslo.cache python3-oslo.db
INFO:kolla.common.utils.sahara-base:  python3-oslo.messaging python3-oslo.middleware python3-oslo.policy
INFO:kolla.common.utils.sahara-base:  python3-oslo.rootwrap python3-oslo.service python3-paramiko python3-paste
INFO:kolla.common.utils.sahara-base:  python3-pastedeploy python3-pyasn1 python3-pycadf python3-repoze.lru
INFO:kolla.common.utils.sahara-base:  python3-routes python3-sahara python3-sqlalchemy python3-sqlparse
INFO:kolla.common.utils.sahara-base:  python3-statsd python3-tempita python3-tenacity python3-testresources
INFO:kolla.common.utils.sahara-base:  python3-testscenarios python3-tooz python3-vine python3-voluptuous
INFO:kolla.common.utils.sahara-base:  python3-werkzeug python3-zmq sahara-common sqlite3 ucf
INFO:kolla.common.utils.sahara-base:0 upgraded, 59 newly installed, 0 to remove and 0 not upgraded.
INFO:kolla.common.utils.sahara-base:Need to get 10.2 MB of archives.
INFO:kolla.common.utils.sahara-base:After this operation, 79.2 MB of additional disk space will be used.
INFO:kolla.common.utils.sahara-base:Get:1 http://deb.debian.org/debian buster/main s390x ucf all 3.0038+nmu1 [69.0 kB]
INFO:kolla.common.utils.sahara-base:Get:2 http://deb.debian.org/debian buster/main s390x python3-editor all 1.0.3-1 [4,928 B]
INFO:kolla.common.utils.sahara-base:Get:3 http://deb.debian.org/debian buster/main s390x python3-mako all 1.0.7+ds1-1 [61.5 kB]
INFO:kolla.common.utils.sahara-base:Get:4 http://deb.debian.org/debian buster/main s390x python3-sqlalchemy all 1.2.18+ds1-2 [727 kB]
INFO:kolla.common.utils.sahara-base:Get:5 http://deb.debian.org/debian buster/main s390x python3-alembic all 1.0.0-3 [110 kB]
INFO:kolla.common.utils.sahara-base:Get:6 http://deb.debian.org/debian buster/main s390x libjs-jquery all 3.3.1~dfsg-3 [332 kB]
INFO:kolla.common.utils.sahara-base:Get:7 http://deb.debian.org/debian buster/main s390x libjs-underscore all 1.9.1~dfsg-1 [99.4 kB]
INFO:kolla.common.utils.sahara-base:Get:8 http://deb.debian.org/debian buster/main s390x libjs-sphinxdoc all 1.8.4-1 [95.9 kB]
INFO:kolla.common.utils.sahara-base:Get:9 http://deb.debian.org/debian buster/main s390x alembic all 1.0.0-3 [370 kB]
INFO:kolla.common.utils.sahara-base:Get:10 http://deb.debian.org/debian buster/main s390x dbconfig-common all 2.0.11+deb10u1 [599 kB]
INFO:kolla.common.utils.sahara-base:Get:11 http://deb.debian.org/debian buster/main s390x libnorm1 s390x 1.5.8+dfsg2-1 [258 kB]
INFO:kolla.common.utils.sahara-base:Get:12 http://deb.debian.org/debian buster/main s390x libpgm-5.2-0 s390x 5.2.122~dfsg-3 [148 kB]
INFO:kolla.common.utils.sahara-base:Get:13 http://deb.debian.org/debian buster/main s390x libsodium23 s390x 1.0.17-1 [126 kB]
INFO:kolla.common.utils.sahara-base:Get:14 http://deb.debian.org/debian buster/main s390x libzmq5 s390x 4.3.1-4+deb10u1 [217 kB]
INFO:kolla.common.utils.sahara-base:Get:15 http://deb.debian.org/debian buster/main s390x pycadf-common all 2.7.0-2 [5,332 B]
INFO:kolla.common.utils.sahara-base:Get:16 http://deb.debian.org/debian buster/main s390x python-pastedeploy-tpl all 2.0.1-1 [8,516 B]
INFO:kolla.common.utils.sahara-base:Get:17 http://deb.debian.org/debian buster/main s390x python3-vine all 1.1.4+dfsg-2 [15.7 kB]
INFO:kolla.common.utils.sahara-base:Get:18 http://deb.debian.org/debian buster/main s390x python3-amqp all 2.4.0-2 [41.8 kB]
INFO:kolla.common.utils.sahara-base:Get:19 http://deb.debian.org/debian buster/main s390x python3-anyjson all 0.3.3-1 [8,290 B]
INFO:kolla.common.utils.sahara-base:Get:20 http://deb.debian.org/debian buster/main s390x python3-bcrypt s390x 3.1.6-1 [27.8 kB]
INFO:kolla.common.utils.sahara-base:Get:21 http://deb.debian.org/debian buster/main s390x python3-botocore all 1.12.103+repack-1 [2,467 kB]
INFO:kolla.common.utils.sahara-base:Get:22 http://deb.debian.org/debian buster/main s390x python3-cachetools all 3.1.0-2 [11.6 kB]
INFO:kolla.common.utils.sahara-base:Get:23 http://deb.debian.org/debian buster/main s390x python3-castellan all 0.19.0-1 [35.4 kB]
INFO:kolla.common.utils.sahara-base:Get:24 http://deb.debian.org/debian buster/main s390x python3-colorama all 0.3.7-1 [18.1 kB]
INFO:kolla.common.utils.sahara-base:Get:25 http://deb.debian.org/debian buster/main s390x python3-click all 7.0-1 [73.6 kB]
INFO:kolla.common.utils.sahara-base:Get:26 http://deb.debian.org/debian buster/main s390x python3-itsdangerous all 0.24+dfsg1-2 [13.0 kB]
INFO:kolla.common.utils.sahara-base:Get:27 http://deb.debian.org/debian buster/main s390x python3-werkzeug all 0.14.1+dfsg1-4+deb10u1 [196 kB]
INFO:kolla.common.utils.sahara-base:Get:28 http://deb.debian.org/debian buster/main s390x python3-flask all 1.0.2-3 [93.0 kB]
INFO:kolla.common.utils.sahara-base:Get:29 http://deb.debian.org/debian buster/main s390x python3-kafka all 1.4.3-1 [166 kB]
INFO:kolla.common.utils.sahara-base:Get:30 http://deb.debian.org/debian buster/main s390x python3-oslo.cache all 1.30.3-1 [28.6 kB]
INFO:kolla.common.utils.sahara-base:Get:31 http://deb.debian.org/debian buster/main s390x python3-pycadf all 2.7.0-2 [18.9 kB]
INFO:kolla.common.utils.sahara-base:Get:32 http://deb.debian.org/debian buster/main s390x python3-keystonemiddleware all 5.2.0-2 [71.9 kB]
INFO:kolla.common.utils.sahara-base:Get:33 http://deb.debian.org/debian buster/main s390x python3-kombu all 4.2.1-3 [163 kB]
INFO:kolla.common.utils.sahara-base:Get:34 http://deb.debian.org/debian buster/main s390x python3-sqlparse all 0.2.4-1 [33.5 kB]
INFO:kolla.common.utils.sahara-base:Get:35 http://deb.debian.org/debian buster/main s390x python3-tempita all 0.5.2-2 [13.9 kB]
INFO:kolla.common.utils.sahara-base:Get:36 http://deb.debian.org/debian buster/main s390x python3-migrate all 0.11.0-5 [79.2 kB]
INFO:kolla.common.utils.sahara-base:Get:37 http://deb.debian.org/debian buster/main s390x python3-nacl s390x 1.3.0-2 [48.6 kB]
INFO:kolla.common.utils.sahara-base:Get:38 http://deb.debian.org/debian buster/main s390x python3-testresources all 2.0.0-2 [27.2 kB]
INFO:kolla.common.utils.sahara-base:Get:39 http://deb.debian.org/debian buster/main s390x python3-testscenarios all 0.5.0-2 [13.4 kB]
INFO:kolla.common.utils.sahara-base:Get:40 http://deb.debian.org/debian buster/main s390x python3-oslo.db all 4.40.0-3 [111 kB]
INFO:kolla.common.utils.sahara-base:Get:41 http://deb.debian.org/debian buster/main s390x python3-statsd all 3.2.1-2 [11.4 kB]
INFO:kolla.common.utils.sahara-base:Get:42 http://deb.debian.org/debian buster/main s390x python3-oslo.middleware all 3.36.0-2 [30.6 kB]
INFO:kolla.common.utils.sahara-base:Get:43 http://deb.debian.org/debian buster/main s390x python3-paste all 3.0.6+dfsg-1 [475 kB]
INFO:kolla.common.utils.sahara-base:Get:44 http://deb.debian.org/debian buster/main s390x python3-pastedeploy all 2.0.1-1 [18.8 kB]
INFO:kolla.common.utils.sahara-base:Get:45 http://deb.debian.org/debian buster/main s390x python3-repoze.lru all 0.7-1 [11.7 kB]
INFO:kolla.common.utils.sahara-base:Get:46 http://deb.debian.org/debian buster/main s390x python3-routes all 2.4.1-1 [38.2 kB]
INFO:kolla.common.utils.sahara-base:Get:47 http://deb.debian.org/debian buster/main s390x python3-oslo.service all 1.31.8-1 [40.3 kB]
INFO:kolla.common.utils.sahara-base:Get:48 http://deb.debian.org/debian buster/main s390x python3-tenacity all 4.12.0-2 [34.1 kB]
INFO:kolla.common.utils.sahara-base:Get:49 http://deb.debian.org/debian buster/main s390x python3-zmq s390x 17.1.2-2 [250 kB]
INFO:kolla.common.utils.sahara-base:Get:50 http://deb.debian.org/debian buster/main s390x python3-oslo.messaging all 8.1.4-1+deb10u1 [166 kB]
INFO:kolla.common.utils.sahara-base:Get:51 http://deb.debian.org/debian buster/main s390x python3-oslo.policy all 1.38.1-2 [43.6 kB]
INFO:kolla.common.utils.sahara-base:Get:52 http://deb.debian.org/debian buster/main s390x python3-oslo.rootwrap all 5.14.1-2 [23.9 kB]
INFO:kolla.common.utils.sahara-base:Get:53 http://deb.debian.org/debian buster/main s390x python3-pyasn1 all 0.4.2-3 [57.7 kB]
INFO:kolla.common.utils.sahara-base:Get:54 http://deb.debian.org/debian buster/main s390x python3-paramiko all 2.4.2-0.1 [120 kB]
INFO:kolla.common.utils.sahara-base:Get:55 http://deb.debian.org/debian buster/main s390x python3-voluptuous all 0.11.1-1 [33.2 kB]
INFO:kolla.common.utils.sahara-base:Get:56 http://deb.debian.org/debian buster/main s390x python3-tooz all 1.62.0-3 [48.7 kB]
INFO:kolla.common.utils.sahara-base:Get:57 http://deb.debian.org/debian buster/main s390x sqlite3 s390x 3.27.2-3 [855 kB]
INFO:kolla.common.utils.sahara-base:Get:58 http://deb.debian.org/debian buster/main s390x python3-sahara all 1:9.0.0-1 [916 kB]
INFO:kolla.common.utils.sahara-base:Get:59 http://deb.debian.org/debian buster/main s390x sahara-common all 1:9.0.0-1 [40.3 kB]
INFO:kolla.common.utils.sahara-base:Preconfiguring packages ...
INFO:kolla.common.utils.sahara-base:Fetched 10.2 MB in 0s (38.2 MB/s)
INFO:kolla.common.utils.sahara-base:Selecting previously unselected package ucf.
INFO:kolla.common.utils.sahara-base:(Reading database ... 
INFO:kolla.common.utils.sahara-base:(Reading database ... 5%(Reading database ... 10%(Reading database ... 15%(Reading database ... 20%(Reading database ... 25%(Reading database ... 30%(Reading database ... 35%(Reading database ... 40%(Reading database ... 45%(Reading database ... 50%(Reading database ... 55%(Reading database ... 60%(Reading database ... 65%
INFO:kolla.common.utils.sahara-base:(Reading database ... 70%
INFO:kolla.common.utils.sahara-base:(Reading database ... 75%
INFO:kolla.common.utils.sahara-base:(Reading database ... 80%
INFO:kolla.common.utils.sahara-base:(Reading database ... 85%
INFO:kolla.common.utils.sahara-base:(Reading database ... 90%
INFO:kolla.common.utils.sahara-base:(Reading database ... 95%
INFO:kolla.common.utils.sahara-base:(Reading database ... 100%(Reading database ... 21603 files and directories currently installed.)
INFO:kolla.common.utils.sahara-base:Preparing to unpack .../00-ucf_3.0038+nmu1_all.deb ...
INFO:kolla.common.utils.sahara-base:Moving old data out of the way
INFO:kolla.common.utils.sahara-base:Unpacking ucf (3.0038+nmu1) ...
INFO:kolla.common.utils.sahara-base:Selecting previously unselected package python3-editor.
INFO:kolla.common.utils.sahara-base:Preparing to unpack .../01-python3-editor_1.0.3-1_all.deb ...
INFO:kolla.common.utils.sahara-base:Unpacking python3-editor (1.0.3-1) ...
INFO:kolla.common.utils.sahara-base:Selecting previously unselected package python3-mako.
INFO:kolla.common.utils.sahara-base:Preparing to unpack .../02-python3-mako_1.0.7+ds1-1_all.deb ...
INFO:kolla.common.utils.sahara-base:Unpacking python3-mako (1.0.7+ds1-1) ...
INFO:kolla.common.utils.sahara-base:Selecting previously unselected package python3-sqlalchemy.
INFO:kolla.common.utils.sahara-base:Preparing to unpack .../03-python3-sqlalchemy_1.2.18+ds1-2_all.deb ...
INFO:kolla.common.utils.sahara-base:Unpacking python3-sqlalchemy (1.2.18+ds1-2) ...
INFO:kolla.common.utils.sahara-base:Selecting previously unselected package python3-alembic.
INFO:kolla.common.utils.sahara-base:Preparing to unpack .../04-python3-alembic_1.0.0-3_all.deb ...
INFO:kolla.common.utils.sahara-base:Unpacking python3-alembic (1.0.0-3) ...
INFO:kolla.common.utils.sahara-base:Selecting previously unselected package libjs-jquery.
INFO:kolla.common.utils.sahara-base:Preparing to unpack .../05-libjs-jquery_3.3.1~dfsg-3_all.deb ...
INFO:kolla.common.utils.sahara-base:Unpacking libjs-jquery (3.3.1~dfsg-3) ...
INFO:kolla.common.utils.sahara-base:Selecting previously unselected package libjs-underscore.
INFO:kolla.common.utils.sahara-base:Preparing to unpack .../06-libjs-underscore_1.9.1~dfsg-1_all.deb ...
INFO:kolla.common.utils.sahara-base:Unpacking libjs-underscore (1.9.1~dfsg-1) ...
INFO:kolla.common.utils.sahara-base:Selecting previously unselected package libjs-sphinxdoc.
INFO:kolla.common.utils.sahara-base:Preparing to unpack .../07-libjs-sphinxdoc_1.8.4-1_all.deb ...
INFO:kolla.common.utils.sahara-base:Unpacking libjs-sphinxdoc (1.8.4-1) ...
INFO:kolla.common.utils.sahara-base:Selecting previously unselected package alembic.
INFO:kolla.common.utils.sahara-base:Preparing to unpack .../08-alembic_1.0.0-3_all.deb ...
INFO:kolla.common.utils.sahara-base:Unpacking alembic (1.0.0-3) ...
INFO:kolla.common.utils.sahara-base:Selecting previously unselected package dbconfig-common.
INFO:kolla.common.utils.sahara-base:Preparing to unpack .../09-dbconfig-common_2.0.11+deb10u1_all.deb ...
INFO:kolla.common.utils.sahara-base:Unpacking dbconfig-common (2.0.11+deb10u1) ...
INFO:kolla.common.utils.sahara-base:Selecting previously unselected package libnorm1:s390x.
INFO:kolla.common.utils.sahara-base:Preparing to unpack .../10-libnorm1_1.5.8+dfsg2-1_s390x.deb ...
INFO:kolla.common.utils.sahara-base:Unpacking libnorm1:s390x (1.5.8+dfsg2-1) ...
INFO:kolla.common.utils.sahara-base:Selecting previously unselected package libpgm-5.2-0:s390x.
INFO:kolla.common.utils.sahara-base:Preparing to unpack .../11-libpgm-5.2-0_5.2.122~dfsg-3_s390x.deb ...
INFO:kolla.common.utils.sahara-base:Unpacking libpgm-5.2-0:s390x (5.2.122~dfsg-3) ...
INFO:kolla.common.utils.sahara-base:Selecting previously unselected package libsodium23:s390x.
INFO:kolla.common.utils.sahara-base:Preparing to unpack .../12-libsodium23_1.0.17-1_s390x.deb ...
INFO:kolla.common.utils.sahara-base:Unpacking libsodium23:s390x (1.0.17-1) ...
INFO:kolla.common.utils.sahara-base:Selecting previously unselected package libzmq5:s390x.
INFO:kolla.common.utils.sahara-base:Preparing to unpack .../13-libzmq5_4.3.1-4+deb10u1_s390x.deb ...
INFO:kolla.common.utils.sahara-base:Unpacking libzmq5:s390x (4.3.1-4+deb10u1) ...
INFO:kolla.common.utils.sahara-base:Selecting previously unselected package pycadf-common.
INFO:kolla.common.utils.sahara-base:Preparing to unpack .../14-pycadf-common_2.7.0-2_all.deb ...
INFO:kolla.common.utils.sahara-base:Unpacking pycadf-common (2.7.0-2) ...
INFO:kolla.common.utils.sahara-base:Selecting previously unselected package python-pastedeploy-tpl.
INFO:kolla.common.utils.sahara-base:Preparing to unpack .../15-python-pastedeploy-tpl_2.0.1-1_all.deb ...
INFO:kolla.common.utils.sahara-base:Unpacking python-pastedeploy-tpl (2.0.1-1) ...
INFO:kolla.common.utils.sahara-base:Selecting previously unselected package python3-vine.
INFO:kolla.common.utils.sahara-base:Preparing to unpack .../16-python3-vine_1.1.4+dfsg-2_all.deb ...
INFO:kolla.common.utils.sahara-base:Unpacking python3-vine (1.1.4+dfsg-2) ...
INFO:kolla.common.utils.sahara-base:Selecting previously unselected package python3-amqp.
INFO:kolla.common.utils.sahara-base:Preparing to unpack .../17-python3-amqp_2.4.0-2_all.deb ...
INFO:kolla.common.utils.sahara-base:Unpacking python3-amqp (2.4.0-2) ...
INFO:kolla.common.utils.sahara-base:Selecting previously unselected package python3-anyjson.
INFO:kolla.common.utils.sahara-base:Preparing to unpack .../18-python3-anyjson_0.3.3-1_all.deb ...
INFO:kolla.common.utils.sahara-base:Unpacking python3-anyjson (0.3.3-1) ...
INFO:kolla.common.utils.sahara-base:Selecting previously unselected package python3-bcrypt.
INFO:kolla.common.utils.sahara-base:Preparing to unpack .../19-python3-bcrypt_3.1.6-1_s390x.deb ...
INFO:kolla.common.utils.sahara-base:Unpacking python3-bcrypt (3.1.6-1) ...
INFO:kolla.common.utils.sahara-base:Selecting previously unselected package python3-botocore.
INFO:kolla.common.utils.sahara-base:Preparing to unpack .../20-python3-botocore_1.12.103+repack-1_all.deb ...
INFO:kolla.common.utils.sahara-base:Unpacking python3-botocore (1.12.103+repack-1) ...
INFO:kolla.common.utils.sahara-base:Selecting previously unselected package python3-cachetools.
INFO:kolla.common.utils.sahara-base:Preparing to unpack .../21-python3-cachetools_3.1.0-2_all.deb ...
INFO:kolla.common.utils.sahara-base:Unpacking python3-cachetools (3.1.0-2) ...
INFO:kolla.common.utils.sahara-base:Selecting previously unselected package python3-castellan.
INFO:kolla.common.utils.sahara-base:Preparing to unpack .../22-python3-castellan_0.19.0-1_all.deb ...
INFO:kolla.common.utils.sahara-base:Unpacking python3-castellan (0.19.0-1) ...
INFO:kolla.common.utils.sahara-base:Selecting previously unselected package python3-colorama.
INFO:kolla.common.utils.sahara-base:Preparing to unpack .../23-python3-colorama_0.3.7-1_all.deb ...
INFO:kolla.common.utils.sahara-base:Unpacking python3-colorama (0.3.7-1) ...
INFO:kolla.common.utils.sahara-base:Selecting previously unselected package python3-click.
INFO:kolla.common.utils.sahara-base:Preparing to unpack .../24-python3-click_7.0-1_all.deb ...
INFO:kolla.common.utils.sahara-base:Unpacking python3-click (7.0-1) ...
INFO:kolla.common.utils.sahara-base:Selecting previously unselected package python3-itsdangerous.
INFO:kolla.common.utils.sahara-base:Preparing to unpack .../25-python3-itsdangerous_0.24+dfsg1-2_all.deb ...
INFO:kolla.common.utils.sahara-base:Unpacking python3-itsdangerous (0.24+dfsg1-2) ...
INFO:kolla.common.utils.sahara-base:Selecting previously unselected package python3-werkzeug.
INFO:kolla.common.utils.sahara-base:Preparing to unpack .../26-python3-werkzeug_0.14.1+dfsg1-4+deb10u1_all.deb ...
INFO:kolla.common.utils.sahara-base:Unpacking python3-werkzeug (0.14.1+dfsg1-4+deb10u1) ...
INFO:kolla.common.utils.sahara-base:Selecting previously unselected package python3-flask.
INFO:kolla.common.utils.sahara-base:Preparing to unpack .../27-python3-flask_1.0.2-3_all.deb ...
INFO:kolla.common.utils.sahara-base:Unpacking python3-flask (1.0.2-3) ...
INFO:kolla.common.utils.sahara-base:Selecting previously unselected package python3-kafka.
INFO:kolla.common.utils.sahara-base:Preparing to unpack .../28-python3-kafka_1.4.3-1_all.deb ...
INFO:kolla.common.utils.sahara-base:Unpacking python3-kafka (1.4.3-1) ...
INFO:kolla.common.utils.sahara-base:Selecting previously unselected package python3-oslo.cache.
INFO:kolla.common.utils.sahara-base:Preparing to unpack .../29-python3-oslo.cache_1.30.3-1_all.deb ...
INFO:kolla.common.utils.sahara-base:Unpacking python3-oslo.cache (1.30.3-1) ...
INFO:kolla.common.utils.sahara-base:Selecting previously unselected package python3-pycadf.
INFO:kolla.common.utils.sahara-base:Preparing to unpack .../30-python3-pycadf_2.7.0-2_all.deb ...
INFO:kolla.common.utils.sahara-base:Unpacking python3-pycadf (2.7.0-2) ...
INFO:kolla.common.utils.sahara-base:Selecting previously unselected package python3-keystonemiddleware.
INFO:kolla.common.utils.sahara-base:Preparing to unpack .../31-python3-keystonemiddleware_5.2.0-2_all.deb ...
INFO:kolla.common.utils.sahara-base:Unpacking python3-keystonemiddleware (5.2.0-2) ...
INFO:kolla.common.utils.sahara-base:Selecting previously unselected package python3-kombu.
INFO:kolla.common.utils.sahara-base:Preparing to unpack .../32-python3-kombu_4.2.1-3_all.deb ...
INFO:kolla.common.utils.sahara-base:Unpacking python3-kombu (4.2.1-3) ...
INFO:kolla.common.utils.sahara-base:Selecting previously unselected package python3-sqlparse.
INFO:kolla.common.utils.sahara-base:Preparing to unpack .../33-python3-sqlparse_0.2.4-1_all.deb ...
INFO:kolla.common.utils.sahara-base:Unpacking python3-sqlparse (0.2.4-1) ...
INFO:kolla.common.utils.sahara-base:Selecting previously unselected package python3-tempita.
INFO:kolla.common.utils.sahara-base:Preparing to unpack .../34-python3-tempita_0.5.2-2_all.deb ...
INFO:kolla.common.utils.sahara-base:Unpacking python3-tempita (0.5.2-2) ...
INFO:kolla.common.utils.sahara-base:Selecting previously unselected package python3-migrate.
INFO:kolla.common.utils.sahara-base:Preparing to unpack .../35-python3-migrate_0.11.0-5_all.deb ...
INFO:kolla.common.utils.sahara-base:Unpacking python3-migrate (0.11.0-5) ...
INFO:kolla.common.utils.sahara-base:Selecting previously unselected package python3-nacl.
INFO:kolla.common.utils.sahara-base:Preparing to unpack .../36-python3-nacl_1.3.0-2_s390x.deb ...
INFO:kolla.common.utils.sahara-base:Unpacking python3-nacl (1.3.0-2) ...
INFO:kolla.common.utils.sahara-base:Selecting previously unselected package python3-testresources.
INFO:kolla.common.utils.sahara-base:Preparing to unpack .../37-python3-testresources_2.0.0-2_all.deb ...
INFO:kolla.common.utils.sahara-base:Unpacking python3-testresources (2.0.0-2) ...
INFO:kolla.common.utils.sahara-base:Selecting previously unselected package python3-testscenarios.
INFO:kolla.common.utils.sahara-base:Preparing to unpack .../38-python3-testscenarios_0.5.0-2_all.deb ...
INFO:kolla.common.utils.sahara-base:Unpacking python3-testscenarios (0.5.0-2) ...
INFO:kolla.common.utils.sahara-base:Selecting previously unselected package python3-oslo.db.
INFO:kolla.common.utils.sahara-base:Preparing to unpack .../39-python3-oslo.db_4.40.0-3_all.deb ...
INFO:kolla.common.utils.sahara-base:Unpacking python3-oslo.db (4.40.0-3) ...
INFO:kolla.common.utils.sahara-base:Selecting previously unselected package python3-statsd.
INFO:kolla.common.utils.sahara-base:Preparing to unpack .../40-python3-statsd_3.2.1-2_all.deb ...
INFO:kolla.common.utils.sahara-base:Unpacking python3-statsd (3.2.1-2) ...
INFO:kolla.common.utils.sahara-base:Selecting previously unselected package python3-oslo.middleware.
INFO:kolla.common.utils.sahara-base:Preparing to unpack .../41-python3-oslo.middleware_3.36.0-2_all.deb ...
INFO:kolla.common.utils.sahara-base:Unpacking python3-oslo.middleware (3.36.0-2) ...
INFO:kolla.common.utils.sahara-base:Selecting previously unselected package python3-paste.
INFO:kolla.common.utils.sahara-base:Preparing to unpack .../42-python3-paste_3.0.6+dfsg-1_all.deb ...
INFO:kolla.common.utils.sahara-base:Unpacking python3-paste (3.0.6+dfsg-1) ...
INFO:kolla.common.utils.sahara-base:Selecting previously unselected package python3-pastedeploy.
INFO:kolla.common.utils.sahara-base:Preparing to unpack .../43-python3-pastedeploy_2.0.1-1_all.deb ...
INFO:kolla.common.utils.sahara-base:Unpacking python3-pastedeploy (2.0.1-1) ...
INFO:kolla.common.utils.sahara-base:Selecting previously unselected package python3-repoze.lru.
INFO:kolla.common.utils.sahara-base:Preparing to unpack .../44-python3-repoze.lru_0.7-1_all.deb ...
INFO:kolla.common.utils.sahara-base:Unpacking python3-repoze.lru (0.7-1) ...
INFO:kolla.common.utils.sahara-base:Selecting previously unselected package python3-routes.
INFO:kolla.common.utils.sahara-base:Preparing to unpack .../45-python3-routes_2.4.1-1_all.deb ...
INFO:kolla.common.utils.sahara-base:Unpacking python3-routes (2.4.1-1) ...
INFO:kolla.common.utils.sahara-base:Selecting previously unselected package python3-oslo.service.
INFO:kolla.common.utils.sahara-base:Preparing to unpack .../46-python3-oslo.service_1.31.8-1_all.deb ...
INFO:kolla.common.utils.sahara-base:Unpacking python3-oslo.service (1.31.8-1) ...
INFO:kolla.common.utils.sahara-base:Selecting previously unselected package python3-tenacity.
INFO:kolla.common.utils.sahara-base:Preparing to unpack .../47-python3-tenacity_4.12.0-2_all.deb ...
INFO:kolla.common.utils.sahara-base:Unpacking python3-tenacity (4.12.0-2) ...
INFO:kolla.common.utils.sahara-base:Selecting previously unselected package python3-zmq.
INFO:kolla.common.utils.sahara-base:Preparing to unpack .../48-python3-zmq_17.1.2-2_s390x.deb ...
INFO:kolla.common.utils.sahara-base:Unpacking python3-zmq (17.1.2-2) ...
INFO:kolla.common.utils.sahara-base:Selecting previously unselected package python3-oslo.messaging.
INFO:kolla.common.utils.sahara-base:Preparing to unpack .../49-python3-oslo.messaging_8.1.4-1+deb10u1_all.deb ...
INFO:kolla.common.utils.sahara-base:Unpacking python3-oslo.messaging (8.1.4-1+deb10u1) ...
INFO:kolla.common.utils.sahara-base:Selecting previously unselected package python3-oslo.policy.
INFO:kolla.common.utils.sahara-base:Preparing to unpack .../50-python3-oslo.policy_1.38.1-2_all.deb ...
INFO:kolla.common.utils.sahara-base:Unpacking python3-oslo.policy (1.38.1-2) ...
INFO:kolla.common.utils.sahara-base:Selecting previously unselected package python3-oslo.rootwrap.
INFO:kolla.common.utils.sahara-base:Preparing to unpack .../51-python3-oslo.rootwrap_5.14.1-2_all.deb ...
INFO:kolla.common.utils.sahara-base:Unpacking python3-oslo.rootwrap (5.14.1-2) ...
INFO:kolla.common.utils.sahara-base:Selecting previously unselected package python3-pyasn1.
INFO:kolla.common.utils.sahara-base:Preparing to unpack .../52-python3-pyasn1_0.4.2-3_all.deb ...
INFO:kolla.common.utils.sahara-base:Unpacking python3-pyasn1 (0.4.2-3) ...
INFO:kolla.common.utils.sahara-base:Selecting previously unselected package python3-paramiko.
INFO:kolla.common.utils.sahara-base:Preparing to unpack .../53-python3-paramiko_2.4.2-0.1_all.deb ...
INFO:kolla.common.utils.sahara-base:Unpacking python3-paramiko (2.4.2-0.1) ...
INFO:kolla.common.utils.sahara-base:Selecting previously unselected package python3-voluptuous.
INFO:kolla.common.utils.sahara-base:Preparing to unpack .../54-python3-voluptuous_0.11.1-1_all.deb ...
INFO:kolla.common.utils.sahara-base:Unpacking python3-voluptuous (0.11.1-1) ...
INFO:kolla.common.utils.sahara-base:Selecting previously unselected package python3-tooz.
INFO:kolla.common.utils.sahara-base:Preparing to unpack .../55-python3-tooz_1.62.0-3_all.deb ...
INFO:kolla.common.utils.sahara-base:Unpacking python3-tooz (1.62.0-3) ...
INFO:kolla.common.utils.sahara-base:Selecting previously unselected package sqlite3.
INFO:kolla.common.utils.sahara-base:Preparing to unpack .../56-sqlite3_3.27.2-3_s390x.deb ...
INFO:kolla.common.utils.sahara-base:Unpacking sqlite3 (3.27.2-3) ...
INFO:kolla.common.utils.sahara-base:Selecting previously unselected package python3-sahara.
INFO:kolla.common.utils.sahara-base:Preparing to unpack .../57-python3-sahara_1%3a9.0.0-1_all.deb ...
INFO:kolla.common.utils.sahara-base:Unpacking python3-sahara (1:9.0.0-1) ...
INFO:kolla.common.utils.sahara-base:Selecting previously unselected package sahara-common.
INFO:kolla.common.utils.sahara-base:Preparing to unpack .../58-sahara-common_1%3a9.0.0-1_all.deb ...
INFO:kolla.common.utils.sahara-base:Unpacking sahara-common (1:9.0.0-1) ...
INFO:kolla.common.utils.sahara-base:Setting up python3-castellan (0.19.0-1) ...
INFO:kolla.common.utils.sahara-base:Setting up python3-oslo.policy (1.38.1-2) ...
INFO:kolla.common.utils.sahara-base:update-alternatives: using /usr/bin/python3-oslopolicy-checker to provide /usr/bin/oslopolicy-checker (oslopolicy-checker) in auto mode
INFO:kolla.common.utils.sahara-base:update-alternatives: using /usr/bin/python3-oslopolicy-list-redundant to provide /usr/bin/oslopolicy-list-redundant (oslopolicy-list-redundant) in auto mode
INFO:kolla.common.utils.sahara-base:update-alternatives: using /usr/bin/python3-oslopolicy-policy-generator to provide /usr/bin/oslopolicy-policy-generator (oslopolicy-policy-generator) in auto mode
INFO:kolla.common.utils.sahara-base:update-alternatives: using /usr/bin/python3-oslopolicy-sample-generator to provide /usr/bin/oslopolicy-sample-generator (oslopolicy-sample-generator) in auto mode
INFO:kolla.common.utils.sahara-base:Setting up python3-testresources (2.0.0-2) ...
INFO:kolla.common.utils.sahara-base:Setting up libsodium23:s390x (1.0.17-1) ...
INFO:kolla.common.utils.sahara-base:Setting up python3-repoze.lru (0.7-1) ...
INFO:kolla.common.utils.sahara-base:Setting up python3-cachetools (3.1.0-2) ...
INFO:kolla.common.utils.sahara-base:Setting up python3-colorama (0.3.7-1) ...
INFO:kolla.common.utils.sahara-base:Setting up python3-statsd (3.2.1-2) ...
INFO:kolla.common.utils.sahara-base:Setting up python3-tenacity (4.12.0-2) ...
INFO:kolla.common.utils.sahara-base:Setting up python3-bcrypt (3.1.6-1) ...
INFO:kolla.common.utils.sahara-base:Setting up libnorm1:s390x (1.5.8+dfsg2-1) ...
INFO:kolla.common.utils.sahara-base:Setting up python3-itsdangerous (0.24+dfsg1-2) ...
INFO:kolla.common.utils.sahara-base:Setting up python3-click (7.0-1) ...
INFO:kolla.common.utils.sahara-base:Setting up python3-kafka (1.4.3-1) ...
INFO:kolla.common.utils.sahara-base:Setting up python3-sqlalchemy (1.2.18+ds1-2) ...
INFO:kolla.common.utils.sahara-base:Setting up python3-vine (1.1.4+dfsg-2) ...
INFO:kolla.common.utils.sahara-base:Setting up python3-routes (2.4.1-1) ...
INFO:kolla.common.utils.sahara-base:Setting up python3-tempita (0.5.2-2) ...
INFO:kolla.common.utils.sahara-base:Setting up python3-sqlparse (0.2.4-1) ...
INFO:kolla.common.utils.sahara-base:Setting up python-pastedeploy-tpl (2.0.1-1) ...
INFO:kolla.common.utils.sahara-base:Setting up python3-paste (3.0.6+dfsg-1) ...
INFO:kolla.common.utils.sahara-base:Setting up python3-oslo.middleware (3.36.0-2) ...
INFO:kolla.common.utils.sahara-base:Setting up python3-botocore (1.12.103+repack-1) ...
INFO:kolla.common.utils.sahara-base:Setting up python3-oslo.rootwrap (5.14.1-2) ...
INFO:kolla.common.utils.sahara-base:update-alternatives: using /usr/bin/python3-oslo-rootwrap to provide /usr/bin/oslo-rootwrap (oslo-rootwrap) in auto mode
INFO:kolla.common.utils.sahara-base:update-alternatives: using /usr/bin/python3-oslo-rootwrap-daemon to provide /usr/bin/oslo-rootwrap-daemon (oslo-rootwrap-daemon) in auto mode
INFO:kolla.common.utils.sahara-base:Setting up ucf (3.0038+nmu1) ...
INFO:kolla.common.utils.sahara-base:Setting up pycadf-common (2.7.0-2) ...
INFO:kolla.common.utils.sahara-base:Setting up python3-amqp (2.4.0-2) ...
INFO:kolla.common.utils.sahara-base:Setting up python3-pyasn1 (0.4.2-3) ...
INFO:kolla.common.utils.sahara-base:Setting up python3-testscenarios (0.5.0-2) ...
INFO:kolla.common.utils.sahara-base:Setting up python3-anyjson (0.3.3-1) ...
INFO:kolla.common.utils.sahara-base:Setting up python3-voluptuous (0.11.1-1) ...
INFO:kolla.common.utils.sahara-base:Setting up python3-oslo.cache (1.30.3-1) ...
INFO:kolla.common.utils.sahara-base:Setting up libjs-jquery (3.3.1~dfsg-3) ...
INFO:kolla.common.utils.sahara-base:Setting up python3-pycadf (2.7.0-2) ...
INFO:kolla.common.utils.sahara-base:Setting up python3-migrate (0.11.0-5) ...
INFO:kolla.common.utils.sahara-base:update-alternatives: using /usr/bin/python3-migrate to provide /usr/bin/migrate (migrate) in auto mode
INFO:kolla.common.utils.sahara-base:update-alternatives: using /usr/bin/python3-migrate-repository to provide /usr/bin/migrate-repository (migrate-repository) in auto mode
INFO:kolla.common.utils.sahara-base:Setting up sqlite3 (3.27.2-3) ...
INFO:kolla.common.utils.sahara-base:Setting up python3-nacl (1.3.0-2) ...
INFO:kolla.common.utils.sahara-base:Setting up python3-mako (1.0.7+ds1-1) ...
INFO:kolla.common.utils.sahara-base:Setting up python3-editor (1.0.3-1) ...
INFO:kolla.common.utils.sahara-base:Setting up libpgm-5.2-0:s390x (5.2.122~dfsg-3) ...
INFO:kolla.common.utils.sahara-base:Setting up libjs-underscore (1.9.1~dfsg-1) ...
INFO:kolla.common.utils.sahara-base:Setting up python3-tooz (1.62.0-3) ...
INFO:kolla.common.utils.sahara-base:Setting up libzmq5:s390x (4.3.1-4+deb10u1) ...
INFO:kolla.common.utils.sahara-base:Setting up python3-keystonemiddleware (5.2.0-2) ...
INFO:kolla.common.utils.sahara-base:Setting up python3-pastedeploy (2.0.1-1) ...
INFO:kolla.common.utils.sahara-base:Setting up dbconfig-common (2.0.11+deb10u1) ...
INFO:kolla.common.utils.sahara-base:
INFO:kolla.common.utils.sahara-base:Creating config file /etc/dbconfig-common/config with new version
INFO:kolla.common.utils.sahara-base:Setting up python3-oslo.service (1.31.8-1) ...
INFO:kolla.common.utils.sahara-base:Setting up python3-kombu (4.2.1-3) ...
INFO:kolla.common.utils.sahara-base:Setting up python3-werkzeug (0.14.1+dfsg1-4+deb10u1) ...
INFO:kolla.common.utils.sahara-base:Setting up python3-zmq (17.1.2-2) ...
INFO:kolla.common.utils.sahara-base:Setting up libjs-sphinxdoc (1.8.4-1) ...
INFO:kolla.common.utils.sahara-base:Setting up python3-oslo.messaging (8.1.4-1+deb10u1) ...
INFO:kolla.common.utils.sahara-base:update-alternatives: using /usr/bin/python3-oslo-messaging-send-notification to provide /usr/bin/oslo-messaging-send-notification (oslo-messaging-send-notification) in auto mode
INFO:kolla.common.utils.sahara-base:update-alternatives: using /usr/bin/python3-oslo-messaging-zmq-broker to provide /usr/bin/oslo-messaging-zmq-broker (oslo-messaging-zmq-broker) in auto mode
INFO:kolla.common.utils.sahara-base:Setting up python3-alembic (1.0.0-3) ...
INFO:kolla.common.utils.sahara-base:Setting up python3-paramiko (2.4.2-0.1) ...
INFO:kolla.common.utils.sahara-base:Setting up alembic (1.0.0-3) ...
INFO:kolla.common.utils.sahara-base:Setting up python3-flask (1.0.2-3) ...
INFO:kolla.common.utils.sahara-base:Setting up python3-oslo.db (4.40.0-3) ...
INFO:kolla.common.utils.sahara-base:Setting up python3-sahara (1:9.0.0-1) ...
INFO:kolla.common.utils.sahara-base:Setting up sahara-common (1:9.0.0-1) ...
INFO:kolla.common.utils.sahara-base:Processing triggers for libc-bin (2.28-10) ...
INFO:kolla.common.utils.sahara-base:Removing intermediate container 4aa97e8b4f3d
INFO:kolla.common.utils.sahara-base: ---> 2926372330b6
INFO:kolla.common.utils.sahara-base:Step 5/7 : COPY sahara_sudoers /etc/sudoers.d/kolla_sahara_sudoers
INFO:kolla.common.utils.sahara-base: ---> 3886ab22ab49
INFO:kolla.common.utils.sahara-base:Step 6/7 : COPY extend_start.sh /usr/local/bin/kolla_extend_start
INFO:kolla.common.utils.sahara-base: ---> bf41db80494a
INFO:kolla.common.utils.sahara-base:Step 7/7 : RUN chmod 750 /etc/sudoers.d     && chmod 640 /etc/sudoers.d/kolla_sahara_sudoers     && touch /usr/local/bin/kolla_sahara_extend_start     && chmod 755 /usr/local/bin/kolla_extend_start /usr/local/bin/kolla_sahara_extend_start
INFO:kolla.common.utils.sahara-base: ---> Running in 9098875ff829
INFO:kolla.common.utils.sahara-base:Removing intermediate container 9098875ff829
INFO:kolla.common.utils.sahara-base: ---> e8fc74ba4e6e
INFO:kolla.common.utils.sahara-base:Successfully built e8fc74ba4e6e
INFO:kolla.common.utils.sahara-base:Successfully tagged s390x/debian-binary-sahara-base:9.1.0
INFO:kolla.common.utils.sahara-base:Built at 2020-03-02 21:27:00.064252 (took 0:00:39.300545)
