INFO:kolla.common.utils.sahara-engine:Building started at 2020-03-02 21:28:52.458441
INFO:kolla.common.utils.sahara-engine:Step 1/4 : FROM s390x/debian-binary-sahara-base:9.1.0
INFO:kolla.common.utils.sahara-engine: ---> e8fc74ba4e6e
INFO:kolla.common.utils.sahara-engine:Step 2/4 : LABEL maintainer="Kolla Project (https://launchpad.net/kolla)" name="sahara-engine" build-date="20200302"
INFO:kolla.common.utils.sahara-engine: ---> Running in dc1e196cb858
INFO:kolla.common.utils.sahara-engine:Removing intermediate container dc1e196cb858
INFO:kolla.common.utils.sahara-engine: ---> d3e8f82ef1ab
INFO:kolla.common.utils.sahara-engine:Step 3/4 : RUN apt-get update && apt-get -y install --no-install-recommends netcat sahara-engine && apt-get clean && rm -rf /var/lib/apt/lists/*
INFO:kolla.common.utils.sahara-engine: ---> Running in 13a5dda099a6
INFO:kolla.common.utils.sahara-engine:Get:1 http://deb.debian.org/debian buster InRelease [122 kB]
INFO:kolla.common.utils.sahara-engine:Get:2 http://deb.debian.org/debian buster-backports InRelease [46.7 kB]
INFO:kolla.common.utils.sahara-engine:Get:3 http://security-cdn.debian.org/debian-security buster/updates InRelease [65.4 kB]
INFO:kolla.common.utils.sahara-engine:Get:4 http://buster-train.debian.net/debian buster-train-backports InRelease [3,660 B]
INFO:kolla.common.utils.sahara-engine:Get:5 http://deb.debian.org/debian buster/main s390x Packages [7,624 kB]
INFO:kolla.common.utils.sahara-engine:Get:6 http://buster-train.debian.net/debian buster-train-backports-nochange InRelease [3,669 B]
INFO:kolla.common.utils.sahara-engine:Get:7 http://deb.debian.org/debian buster-backports/main s390x Packages [209 kB]
INFO:kolla.common.utils.sahara-engine:Get:8 http://security-cdn.debian.org/debian-security buster/updates/main s390x Packages [161 kB]
INFO:kolla.common.utils.sahara-engine:Fetched 8,235 kB in 2s (5,474 kB/s)
INFO:kolla.common.utils.sahara-engine:Reading package lists...
INFO:kolla.common.utils.sahara-engine:[91mW: Skipping acquire of configured file 'main/binary-s390x/Packages' as repository 'http://buster-train.debian.net/debian buster-train-backports InRelease' does not seem to provide it (sources.list entry misspelt?)
INFO:kolla.common.utils.sahara-engine:W: Skipping acquire of configured file 'main/binary-s390x/Packages' as repository 'http://buster-train.debian.net/debian buster-train-backports-nochange InRelease' does not seem to provide it (sources.list entry misspelt?)
INFO:kolla.common.utils.sahara-engine:[0m
INFO:kolla.common.utils.sahara-engine:Reading package lists...
INFO:kolla.common.utils.sahara-engine:Building dependency tree...
INFO:kolla.common.utils.sahara-engine:Reading state information...
INFO:kolla.common.utils.sahara-engine:The following additional packages will be installed:
INFO:kolla.common.utils.sahara-engine:  netcat-traditional
INFO:kolla.common.utils.sahara-engine:The following NEW packages will be installed:
INFO:kolla.common.utils.sahara-engine:  netcat netcat-traditional sahara-engine
INFO:kolla.common.utils.sahara-engine:0 upgraded, 3 newly installed, 0 to remove and 0 not upgraded.
INFO:kolla.common.utils.sahara-engine:Need to get 84.3 kB of archives.
INFO:kolla.common.utils.sahara-engine:After this operation, 189 kB of additional disk space will be used.
INFO:kolla.common.utils.sahara-engine:Get:1 http://deb.debian.org/debian buster/main s390x netcat-traditional s390x 1.10-41.1 [66.7 kB]
INFO:kolla.common.utils.sahara-engine:Get:2 http://deb.debian.org/debian buster/main s390x netcat all 1.10-41.1 [9,034 B]
INFO:kolla.common.utils.sahara-engine:Get:3 http://deb.debian.org/debian buster/main s390x sahara-engine all 1:9.0.0-1 [8,548 B]
INFO:kolla.common.utils.sahara-engine:Fetched 84.3 kB in 0s (1,299 kB/s)
INFO:kolla.common.utils.sahara-engine:Selecting previously unselected package netcat-traditional.
INFO:kolla.common.utils.sahara-engine:(Reading database ... 
INFO:kolla.common.utils.sahara-engine:(Reading database ... 5%(Reading database ... 10%(Reading database ... 15%(Reading database ... 20%(Reading database ... 25%
INFO:kolla.common.utils.sahara-engine:(Reading database ... 30%(Reading database ... 35%(Reading database ... 40%(Reading database ... 45%(Reading database ... 50%(Reading database ... 55%(Reading database ... 60%
INFO:kolla.common.utils.sahara-engine:(Reading database ... 65%
INFO:kolla.common.utils.sahara-engine:(Reading database ... 70%
INFO:kolla.common.utils.sahara-engine:(Reading database ... 75%
INFO:kolla.common.utils.sahara-engine:(Reading database ... 80%
INFO:kolla.common.utils.sahara-engine:(Reading database ... 85%
INFO:kolla.common.utils.sahara-engine:(Reading database ... 90%
INFO:kolla.common.utils.sahara-engine:(Reading database ... 95%
INFO:kolla.common.utils.sahara-engine:(Reading database ... 100%(Reading database ... 26922 files and directories currently installed.)
INFO:kolla.common.utils.sahara-engine:Preparing to unpack .../netcat-traditional_1.10-41.1_s390x.deb ...
INFO:kolla.common.utils.sahara-engine:Unpacking netcat-traditional (1.10-41.1) ...
INFO:kolla.common.utils.sahara-engine:Selecting previously unselected package netcat.
INFO:kolla.common.utils.sahara-engine:Preparing to unpack .../netcat_1.10-41.1_all.deb ...
INFO:kolla.common.utils.sahara-engine:Unpacking netcat (1.10-41.1) ...
INFO:kolla.common.utils.sahara-engine:Selecting previously unselected package sahara-engine.
INFO:kolla.common.utils.sahara-engine:Preparing to unpack .../sahara-engine_1%3a9.0.0-1_all.deb ...
INFO:kolla.common.utils.sahara-engine:Unpacking sahara-engine (1:9.0.0-1) ...
INFO:kolla.common.utils.sahara-engine:Setting up netcat-traditional (1.10-41.1) ...
INFO:kolla.common.utils.sahara-engine:update-alternatives: using /bin/nc.traditional to provide /bin/nc (nc) in auto mode
INFO:kolla.common.utils.sahara-engine:update-alternatives: warning: skip creation of /usr/share/man/man1/nc.1.gz because associated file /usr/share/man/man1/nc.traditional.1.gz (of link group nc) doesn't exist
INFO:kolla.common.utils.sahara-engine:update-alternatives: warning: skip creation of /usr/share/man/man1/netcat.1.gz because associated file /usr/share/man/man1/nc.traditional.1.gz (of link group nc) doesn't exist
INFO:kolla.common.utils.sahara-engine:Setting up netcat (1.10-41.1) ...
INFO:kolla.common.utils.sahara-engine:Setting up sahara-engine (1:9.0.0-1) ...
INFO:kolla.common.utils.sahara-engine:invoke-rc.d: could not determine current runlevel
INFO:kolla.common.utils.sahara-engine:invoke-rc.d: policy-rc.d denied execution of start.
INFO:kolla.common.utils.sahara-engine:Removing intermediate container 13a5dda099a6
INFO:kolla.common.utils.sahara-engine: ---> 07055006a2af
INFO:kolla.common.utils.sahara-engine:Step 4/4 : USER sahara
INFO:kolla.common.utils.sahara-engine: ---> Running in 9387c7a3850e
INFO:kolla.common.utils.sahara-engine:Removing intermediate container 9387c7a3850e
INFO:kolla.common.utils.sahara-engine: ---> 6b8e3e123c56
INFO:kolla.common.utils.sahara-engine:Successfully built 6b8e3e123c56
INFO:kolla.common.utils.sahara-engine:Successfully tagged s390x/debian-binary-sahara-engine:9.1.0
INFO:kolla.common.utils.sahara-engine:Built at 2020-03-02 21:28:59.713892 (took 0:00:07.255451)
