INFO:kolla.common.utils.senlin-health-manager:Building started at 2020-03-02 21:27:15.581304
INFO:kolla.common.utils.senlin-health-manager:Step 1/4 : FROM s390x/debian-binary-senlin-base:9.1.0
INFO:kolla.common.utils.senlin-health-manager: ---> 7879ca7f1552
INFO:kolla.common.utils.senlin-health-manager:Step 2/4 : LABEL maintainer="Kolla Project (https://launchpad.net/kolla)" name="senlin-health-manager" build-date="20200302"
INFO:kolla.common.utils.senlin-health-manager: ---> Running in f03f35d6501a
INFO:kolla.common.utils.senlin-health-manager:Removing intermediate container f03f35d6501a
INFO:kolla.common.utils.senlin-health-manager: ---> c8edcb56e189
INFO:kolla.common.utils.senlin-health-manager:Step 3/4 : RUN apt-get update && apt-get -y install --no-install-recommends senlin-health-manager && apt-get clean && rm -rf /var/lib/apt/lists/*
INFO:kolla.common.utils.senlin-health-manager: ---> Running in 88bd7b2e8d3e
INFO:kolla.common.utils.senlin-health-manager:Get:1 http://deb.debian.org/debian buster InRelease [122 kB]
INFO:kolla.common.utils.senlin-health-manager:Get:3 http://deb.debian.org/debian buster-backports InRelease [46.7 kB]
INFO:kolla.common.utils.senlin-health-manager:Get:2 http://security-cdn.debian.org/debian-security buster/updates InRelease [65.4 kB]
INFO:kolla.common.utils.senlin-health-manager:Get:4 http://buster-train.debian.net/debian buster-train-backports InRelease [3,660 B]
INFO:kolla.common.utils.senlin-health-manager:Get:5 http://deb.debian.org/debian buster/main s390x Packages [7,624 kB]
INFO:kolla.common.utils.senlin-health-manager:Get:6 http://buster-train.debian.net/debian buster-train-backports-nochange InRelease [3,669 B]
INFO:kolla.common.utils.senlin-health-manager:Get:7 http://deb.debian.org/debian buster-backports/main s390x Packages [209 kB]
INFO:kolla.common.utils.senlin-health-manager:Get:8 http://security-cdn.debian.org/debian-security buster/updates/main s390x Packages [161 kB]
INFO:kolla.common.utils.senlin-health-manager:Fetched 8,235 kB in 2s (5,224 kB/s)
INFO:kolla.common.utils.senlin-health-manager:Reading package lists...
INFO:kolla.common.utils.senlin-health-manager:[91mW: Skipping acquire of configured file 'main/binary-s390x/Packages' as repository 'http://buster-train.debian.net/debian buster-train-backports InRelease' does not seem to provide it (sources.list entry misspelt?)
INFO:kolla.common.utils.senlin-health-manager:W: Skipping acquire of configured file 'main/binary-s390x/Packages' as repository 'http://buster-train.debian.net/debian buster-train-backports-nochange InRelease' does not seem to provide it (sources.list entry misspelt?)
INFO:kolla.common.utils.senlin-health-manager:[0m
INFO:kolla.common.utils.senlin-health-manager:Reading package lists...
INFO:kolla.common.utils.senlin-health-manager:Building dependency tree...
INFO:kolla.common.utils.senlin-health-manager:Reading state information...
INFO:kolla.common.utils.senlin-health-manager:[91mE: Unable to locate package senlin-health-manager
INFO:kolla.common.utils.senlin-health-manager:[0m
INFO:kolla.common.utils.senlin-health-manager:Removing intermediate container 88bd7b2e8d3e
ERROR:kolla.common.utils.senlin-health-manager:Error'd with the following message
ERROR:kolla.common.utils.senlin-health-manager:The command '/bin/sh -c apt-get update && apt-get -y install --no-install-recommends senlin-health-manager && apt-get clean && rm -rf /var/lib/apt/lists/*' returned a non-zero code: 100
