INFO:kolla.common.utils.senlin-api:Building started at 2020-03-02 21:27:14.672872
INFO:kolla.common.utils.senlin-api:Step 1/6 : FROM s390x/debian-binary-senlin-base:9.1.0
INFO:kolla.common.utils.senlin-api: ---> 7879ca7f1552
INFO:kolla.common.utils.senlin-api:Step 2/6 : LABEL maintainer="Kolla Project (https://launchpad.net/kolla)" name="senlin-api" build-date="20200302"
INFO:kolla.common.utils.senlin-api: ---> Running in 5c071afffb10
INFO:kolla.common.utils.senlin-api:Removing intermediate container 5c071afffb10
INFO:kolla.common.utils.senlin-api: ---> 9d0ca9bff46b
INFO:kolla.common.utils.senlin-api:Step 3/6 : RUN apt-get update && apt-get -y install --no-install-recommends senlin-api && apt-get clean && rm -rf /var/lib/apt/lists/*
INFO:kolla.common.utils.senlin-api: ---> Running in 390b60f5785d
INFO:kolla.common.utils.senlin-api:Get:1 http://deb.debian.org/debian buster InRelease [122 kB]
INFO:kolla.common.utils.senlin-api:Get:2 http://security-cdn.debian.org/debian-security buster/updates InRelease [65.4 kB]
INFO:kolla.common.utils.senlin-api:Get:3 http://deb.debian.org/debian buster-backports InRelease [46.7 kB]
INFO:kolla.common.utils.senlin-api:Get:4 http://buster-train.debian.net/debian buster-train-backports InRelease [3,660 B]
INFO:kolla.common.utils.senlin-api:Get:5 http://buster-train.debian.net/debian buster-train-backports-nochange InRelease [3,669 B]
INFO:kolla.common.utils.senlin-api:Get:6 http://deb.debian.org/debian buster/main s390x Packages [7,624 kB]
INFO:kolla.common.utils.senlin-api:Get:7 http://security-cdn.debian.org/debian-security buster/updates/main s390x Packages [161 kB]
INFO:kolla.common.utils.senlin-api:Get:8 http://deb.debian.org/debian buster-backports/main s390x Packages [209 kB]
INFO:kolla.common.utils.senlin-api:Fetched 8,235 kB in 2s (5,114 kB/s)
INFO:kolla.common.utils.senlin-api:Reading package lists...
INFO:kolla.common.utils.senlin-api:[91mW: Skipping acquire of configured file 'main/binary-s390x/Packages' as repository 'http://buster-train.debian.net/debian buster-train-backports InRelease' does not seem to provide it (sources.list entry misspelt?)
INFO:kolla.common.utils.senlin-api:W[0m
INFO:kolla.common.utils.senlin-api:[91m: Skipping acquire of configured file 'main/binary-s390x/Packages' as repository 'http://buster-train.debian.net/debian buster-train-backports-nochange InRelease' does not seem to provide it (sources.list entry misspelt?)
INFO:kolla.common.utils.senlin-api:[0m
INFO:kolla.common.utils.senlin-api:Reading package lists...
INFO:kolla.common.utils.senlin-api:Building dependency tree...
INFO:kolla.common.utils.senlin-api:Reading state information...
INFO:kolla.common.utils.senlin-api:The following NEW packages will be installed:
INFO:kolla.common.utils.senlin-api:  senlin-api
INFO:kolla.common.utils.senlin-api:0 upgraded, 1 newly installed, 0 to remove and 0 not upgraded.
INFO:kolla.common.utils.senlin-api:Need to get 20.4 kB of archives.
INFO:kolla.common.utils.senlin-api:After this operation, 133 kB of additional disk space will be used.
INFO:kolla.common.utils.senlin-api:Get:1 http://deb.debian.org/debian buster/main s390x senlin-api all 6.0.0-1 [20.4 kB]
INFO:kolla.common.utils.senlin-api:Preconfiguring packages ...
INFO:kolla.common.utils.senlin-api:Fetched 20.4 kB in 0s (310 kB/s)
INFO:kolla.common.utils.senlin-api:Selecting previously unselected package senlin-api.
INFO:kolla.common.utils.senlin-api:(Reading database ... 
INFO:kolla.common.utils.senlin-api:(Reading database ... 5%(Reading database ... 10%(Reading database ... 15%(Reading database ... 20%(Reading database ... 25%(Reading database ... 30%(Reading database ... 35%(Reading database ... 40%(Reading database ... 45%(Reading database ... 50%(Reading database ... 55%(Reading database ... 60%
INFO:kolla.common.utils.senlin-api:(Reading database ... 65%
INFO:kolla.common.utils.senlin-api:(Reading database ... 70%
INFO:kolla.common.utils.senlin-api:(Reading database ... 75%
INFO:kolla.common.utils.senlin-api:(Reading database ... 80%
INFO:kolla.common.utils.senlin-api:(Reading database ... 85%
INFO:kolla.common.utils.senlin-api:(Reading database ... 90%
INFO:kolla.common.utils.senlin-api:(Reading database ... 95%
INFO:kolla.common.utils.senlin-api:(Reading database ... 100%(Reading database ... 24623 files and directories currently installed.)
INFO:kolla.common.utils.senlin-api:Preparing to unpack .../senlin-api_6.0.0-1_all.deb ...
INFO:kolla.common.utils.senlin-api:Unpacking senlin-api (6.0.0-1) ...
INFO:kolla.common.utils.senlin-api:Setting up senlin-api (6.0.0-1) ...
INFO:kolla.common.utils.senlin-api:Will not register senlin endpoint this time (no user request for it).
INFO:kolla.common.utils.senlin-api:invoke-rc.d: could not determine current runlevel
INFO:kolla.common.utils.senlin-api:invoke-rc.d: policy-rc.d denied execution of start.
INFO:kolla.common.utils.senlin-api:Removing intermediate container 390b60f5785d
INFO:kolla.common.utils.senlin-api: ---> 512a7e255ca6
INFO:kolla.common.utils.senlin-api:Step 4/6 : COPY extend_start.sh /usr/local/bin/kolla_senlin_extend_start
INFO:kolla.common.utils.senlin-api: ---> a19219deda85
INFO:kolla.common.utils.senlin-api:Step 5/6 : RUN chmod 755 /usr/local/bin/kolla_senlin_extend_start
INFO:kolla.common.utils.senlin-api: ---> Running in 20881f481fa0
INFO:kolla.common.utils.senlin-api:Removing intermediate container 20881f481fa0
INFO:kolla.common.utils.senlin-api: ---> ece1b728b391
INFO:kolla.common.utils.senlin-api:Step 6/6 : USER senlin
INFO:kolla.common.utils.senlin-api: ---> Running in 4cf71dcb59ba
INFO:kolla.common.utils.senlin-api:Removing intermediate container 4cf71dcb59ba
INFO:kolla.common.utils.senlin-api: ---> d58e596fc3a4
INFO:kolla.common.utils.senlin-api:Successfully built d58e596fc3a4
INFO:kolla.common.utils.senlin-api:Successfully tagged s390x/debian-binary-senlin-api:9.1.0
INFO:kolla.common.utils.senlin-api:Built at 2020-03-02 21:27:24.150448 (took 0:00:09.477576)
