INFO:kolla.common.utils.senlin-engine:Building started at 2020-03-02 21:27:18.624790
INFO:kolla.common.utils.senlin-engine:Step 1/4 : FROM s390x/debian-binary-senlin-base:9.1.0
INFO:kolla.common.utils.senlin-engine: ---> 7879ca7f1552
INFO:kolla.common.utils.senlin-engine:Step 2/4 : LABEL maintainer="Kolla Project (https://launchpad.net/kolla)" name="senlin-engine" build-date="20200302"
INFO:kolla.common.utils.senlin-engine: ---> Running in 9b5471ff88dd
INFO:kolla.common.utils.senlin-engine:Removing intermediate container 9b5471ff88dd
INFO:kolla.common.utils.senlin-engine: ---> 49e33969aa14
INFO:kolla.common.utils.senlin-engine:Step 3/4 : RUN apt-get update && apt-get -y install --no-install-recommends senlin-engine && apt-get clean && rm -rf /var/lib/apt/lists/*
INFO:kolla.common.utils.senlin-engine: ---> Running in 913a52da2786
INFO:kolla.common.utils.senlin-engine:Get:1 http://deb.debian.org/debian buster InRelease [122 kB]
INFO:kolla.common.utils.senlin-engine:Get:2 http://deb.debian.org/debian buster-backports InRelease [46.7 kB]
INFO:kolla.common.utils.senlin-engine:Get:3 http://security-cdn.debian.org/debian-security buster/updates InRelease [65.4 kB]
INFO:kolla.common.utils.senlin-engine:Get:4 http://buster-train.debian.net/debian buster-train-backports InRelease [3,660 B]
INFO:kolla.common.utils.senlin-engine:Get:5 http://deb.debian.org/debian buster/main s390x Packages [7,624 kB]
INFO:kolla.common.utils.senlin-engine:Get:6 http://buster-train.debian.net/debian buster-train-backports-nochange InRelease [3,669 B]
INFO:kolla.common.utils.senlin-engine:Get:7 http://deb.debian.org/debian buster-backports/main s390x Packages [209 kB]
INFO:kolla.common.utils.senlin-engine:Get:8 http://security-cdn.debian.org/debian-security buster/updates/main s390x Packages [161 kB]
INFO:kolla.common.utils.senlin-engine:Fetched 8,235 kB in 2s (5,066 kB/s)
INFO:kolla.common.utils.senlin-engine:Reading package lists...
INFO:kolla.common.utils.senlin-engine:[91mW: Skipping acquire of configured file 'main/binary-s390x/Packages' as repository 'http://buster-train.debian.net/debian buster-train-backports InRelease' does not seem to provide it (sources.list entry misspelt?)
INFO:kolla.common.utils.senlin-engine:W: Skipping acquire of configured file 'main/binary-s390x/Packages' as repository 'http://buster-train.debian.net/debian buster-train-backports-nochange InRelease' does not seem to provide it (sources.list entry misspelt?)
INFO:kolla.common.utils.senlin-engine:[0m
INFO:kolla.common.utils.senlin-engine:Reading package lists...
INFO:kolla.common.utils.senlin-engine:Building dependency tree...
INFO:kolla.common.utils.senlin-engine:Reading state information...
INFO:kolla.common.utils.senlin-engine:The following NEW packages will be installed:
INFO:kolla.common.utils.senlin-engine:  senlin-engine
INFO:kolla.common.utils.senlin-engine:0 upgraded, 1 newly installed, 0 to remove and 0 not upgraded.
INFO:kolla.common.utils.senlin-engine:Need to get 7,108 B of archives.
INFO:kolla.common.utils.senlin-engine:After this operation, 27.6 kB of additional disk space will be used.
INFO:kolla.common.utils.senlin-engine:Get:1 http://deb.debian.org/debian buster/main s390x senlin-engine all 6.0.0-1 [7,108 B]
INFO:kolla.common.utils.senlin-engine:Fetched 7,108 B in 0s (199 kB/s)
INFO:kolla.common.utils.senlin-engine:Selecting previously unselected package senlin-engine.
INFO:kolla.common.utils.senlin-engine:(Reading database ... 
INFO:kolla.common.utils.senlin-engine:(Reading database ... 5%(Reading database ... 10%(Reading database ... 15%(Reading database ... 20%
INFO:kolla.common.utils.senlin-engine:(Reading database ... 25%(Reading database ... 30%(Reading database ... 35%(Reading database ... 40%(Reading database ... 45%(Reading database ... 50%(Reading database ... 55%(Reading database ... 60%
INFO:kolla.common.utils.senlin-engine:(Reading database ... 65%
INFO:kolla.common.utils.senlin-engine:(Reading database ... 70%
INFO:kolla.common.utils.senlin-engine:(Reading database ... 75%
INFO:kolla.common.utils.senlin-engine:(Reading database ... 80%
INFO:kolla.common.utils.senlin-engine:(Reading database ... 85%
INFO:kolla.common.utils.senlin-engine:(Reading database ... 90%
INFO:kolla.common.utils.senlin-engine:(Reading database ... 95%
INFO:kolla.common.utils.senlin-engine:(Reading database ... 100%(Reading database ... 24623 files and directories currently installed.)
INFO:kolla.common.utils.senlin-engine:Preparing to unpack .../senlin-engine_6.0.0-1_all.deb ...
INFO:kolla.common.utils.senlin-engine:Unpacking senlin-engine (6.0.0-1) ...
INFO:kolla.common.utils.senlin-engine:Setting up senlin-engine (6.0.0-1) ...
INFO:kolla.common.utils.senlin-engine:invoke-rc.d: could not determine current runlevel
INFO:kolla.common.utils.senlin-engine:invoke-rc.d: policy-rc.d denied execution of start.
INFO:kolla.common.utils.senlin-engine:Removing intermediate container 913a52da2786
INFO:kolla.common.utils.senlin-engine: ---> df908ebcb287
INFO:kolla.common.utils.senlin-engine:Step 4/4 : USER senlin
INFO:kolla.common.utils.senlin-engine: ---> Running in 14b75f090e67
INFO:kolla.common.utils.senlin-engine:Removing intermediate container 14b75f090e67
INFO:kolla.common.utils.senlin-engine: ---> 62641fb3604c
INFO:kolla.common.utils.senlin-engine:Successfully built 62641fb3604c
INFO:kolla.common.utils.senlin-engine:Successfully tagged s390x/debian-binary-senlin-engine:9.1.0
INFO:kolla.common.utils.senlin-engine:Built at 2020-03-02 21:27:25.592369 (took 0:00:06.967579)
