INFO:kolla.common.utils.swift-account:Building started at 2020-03-02 21:28:28.194045
INFO:kolla.common.utils.swift-account:Step 1/4 : FROM s390x/debian-binary-swift-base:9.1.0
INFO:kolla.common.utils.swift-account: ---> f51af6288789
INFO:kolla.common.utils.swift-account:Step 2/4 : LABEL maintainer="Kolla Project (https://launchpad.net/kolla)" name="swift-account" build-date="20200302"
INFO:kolla.common.utils.swift-account: ---> Running in c8d3048c2d25
INFO:kolla.common.utils.swift-account:Removing intermediate container c8d3048c2d25
INFO:kolla.common.utils.swift-account: ---> 7d4462c1c4c4
INFO:kolla.common.utils.swift-account:Step 3/4 : RUN apt-get update && apt-get -y install --no-install-recommends swift-account && apt-get clean && rm -rf /var/lib/apt/lists/*
INFO:kolla.common.utils.swift-account: ---> Running in c485a279a017
INFO:kolla.common.utils.swift-account:Get:1 http://deb.debian.org/debian buster InRelease [122 kB]
INFO:kolla.common.utils.swift-account:Get:3 http://deb.debian.org/debian buster-backports InRelease [46.7 kB]
INFO:kolla.common.utils.swift-account:Get:2 http://security-cdn.debian.org/debian-security buster/updates InRelease [65.4 kB]
INFO:kolla.common.utils.swift-account:Get:4 http://buster-train.debian.net/debian buster-train-backports InRelease [3,660 B]
INFO:kolla.common.utils.swift-account:Get:5 http://deb.debian.org/debian buster/main s390x Packages [7,624 kB]
INFO:kolla.common.utils.swift-account:Get:6 http://buster-train.debian.net/debian buster-train-backports-nochange InRelease [3,669 B]
INFO:kolla.common.utils.swift-account:Get:7 http://deb.debian.org/debian buster-backports/main s390x Packages [209 kB]
INFO:kolla.common.utils.swift-account:Get:8 http://security-cdn.debian.org/debian-security buster/updates/main s390x Packages [161 kB]
INFO:kolla.common.utils.swift-account:Fetched 8,235 kB in 2s (4,726 kB/s)
INFO:kolla.common.utils.swift-account:Reading package lists...
INFO:kolla.common.utils.swift-account:[91mW: Skipping acquire of configured file 'main/binary-s390x/Packages' as repository 'http://buster-train.debian.net/debian buster-train-backports InRelease' does not seem to provide it (sources.list entry misspelt?)
INFO:kolla.common.utils.swift-account:W: Skipping acquire of configured file 'main/binary-s390x/Packages' as repository 'http://buster-train.debian.net/debian buster-train-backports-nochange InRelease' does not seem to provide it (sources.list entry misspelt?)
INFO:kolla.common.utils.swift-account:[0m
INFO:kolla.common.utils.swift-account:Reading package lists...
INFO:kolla.common.utils.swift-account:Building dependency tree...
INFO:kolla.common.utils.swift-account:Reading state information...
INFO:kolla.common.utils.swift-account:Recommended packages:
INFO:kolla.common.utils.swift-account:  swift-drive-audit
INFO:kolla.common.utils.swift-account:The following NEW packages will be installed:
INFO:kolla.common.utils.swift-account:  swift-account
INFO:kolla.common.utils.swift-account:0 upgraded, 1 newly installed, 0 to remove and 0 not upgraded.
INFO:kolla.common.utils.swift-account:Need to get 80.5 kB of archives.
INFO:kolla.common.utils.swift-account:After this operation, 177 kB of additional disk space will be used.
INFO:kolla.common.utils.swift-account:Get:1 http://deb.debian.org/debian buster/main s390x swift-account all 2.19.1-1 [80.5 kB]
INFO:kolla.common.utils.swift-account:Fetched 80.5 kB in 0s (2,125 kB/s)
INFO:kolla.common.utils.swift-account:Selecting previously unselected package swift-account.
INFO:kolla.common.utils.swift-account:(Reading database ... 
INFO:kolla.common.utils.swift-account:(Reading database ... 5%(Reading database ... 10%(Reading database ... 15%(Reading database ... 20%(Reading database ... 25%(Reading database ... 30%(Reading database ... 35%(Reading database ... 40%(Reading database ... 45%(Reading database ... 50%(Reading database ... 55%(Reading database ... 60%(Reading database ... 65%
INFO:kolla.common.utils.swift-account:(Reading database ... 70%
INFO:kolla.common.utils.swift-account:(Reading database ... 75%
INFO:kolla.common.utils.swift-account:(Reading database ... 80%
INFO:kolla.common.utils.swift-account:(Reading database ... 85%(Reading database ... 90%(Reading database ... 95%(Reading database ... 100%(Reading database ... 24045 files and directories currently installed.)
INFO:kolla.common.utils.swift-account:Preparing to unpack .../swift-account_2.19.1-1_all.deb ...
INFO:kolla.common.utils.swift-account:Unpacking swift-account (2.19.1-1) ...
INFO:kolla.common.utils.swift-account:Setting up swift-account (2.19.1-1) ...
INFO:kolla.common.utils.swift-account:invoke-rc.d: could not determine current runlevel
INFO:kolla.common.utils.swift-account:invoke-rc.d: policy-rc.d denied execution of start.
INFO:kolla.common.utils.swift-account:invoke-rc.d: could not determine current runlevel
INFO:kolla.common.utils.swift-account:invoke-rc.d: policy-rc.d denied execution of start.
INFO:kolla.common.utils.swift-account:invoke-rc.d: could not determine current runlevel
INFO:kolla.common.utils.swift-account:invoke-rc.d: policy-rc.d denied execution of start.
INFO:kolla.common.utils.swift-account:invoke-rc.d: could not determine current runlevel
INFO:kolla.common.utils.swift-account:invoke-rc.d: policy-rc.d denied execution of start.
INFO:kolla.common.utils.swift-account:Removing intermediate container c485a279a017
INFO:kolla.common.utils.swift-account: ---> 6e227496fe61
INFO:kolla.common.utils.swift-account:Step 4/4 : USER swift
INFO:kolla.common.utils.swift-account: ---> Running in 7ab08b5326d5
INFO:kolla.common.utils.swift-account:Removing intermediate container 7ab08b5326d5
INFO:kolla.common.utils.swift-account: ---> 975a561d2b6b
INFO:kolla.common.utils.swift-account:Successfully built 975a561d2b6b
INFO:kolla.common.utils.swift-account:Successfully tagged s390x/debian-binary-swift-account:9.1.0
INFO:kolla.common.utils.swift-account:Built at 2020-03-02 21:28:36.111575 (took 0:00:07.917530)
