INFO:kolla.common.utils.vitrage-base:Building started at 2020-03-02 21:24:38.637499
INFO:kolla.common.utils.vitrage-base:Step 1/6 : FROM s390x/debian-binary-openstack-base:9.1.0
INFO:kolla.common.utils.vitrage-base: ---> d0f37d4345b6
INFO:kolla.common.utils.vitrage-base:Step 2/6 : LABEL maintainer="Kolla Project (https://launchpad.net/kolla)" name="vitrage-base" build-date="20200302"
INFO:kolla.common.utils.vitrage-base: ---> Running in 0d237026f754
INFO:kolla.common.utils.vitrage-base:Removing intermediate container 0d237026f754
INFO:kolla.common.utils.vitrage-base: ---> e145f6d7e962
INFO:kolla.common.utils.vitrage-base:Step 3/6 : RUN usermod --append --home /var/lib/vitrage --groups kolla vitrage     && mkdir -p /var/lib/vitrage     && chown -R 42459:42459 /var/lib/vitrage
INFO:kolla.common.utils.vitrage-base: ---> Running in 7542c49c71d8
INFO:kolla.common.utils.vitrage-base:Removing intermediate container 7542c49c71d8
INFO:kolla.common.utils.vitrage-base: ---> 56ffa9888804
INFO:kolla.common.utils.vitrage-base:Step 4/6 : RUN apt-get update && apt-get -y install --no-install-recommends python3-vitrage vitrage-common && apt-get clean && rm -rf /var/lib/apt/lists/*
INFO:kolla.common.utils.vitrage-base: ---> Running in 28dc87cc24d1
INFO:kolla.common.utils.vitrage-base:Get:1 http://deb.debian.org/debian buster InRelease [122 kB]
INFO:kolla.common.utils.vitrage-base:Get:3 http://deb.debian.org/debian buster-backports InRelease [46.7 kB]
INFO:kolla.common.utils.vitrage-base:Get:2 http://security-cdn.debian.org/debian-security buster/updates InRelease [65.4 kB]
INFO:kolla.common.utils.vitrage-base:Get:4 http://buster-train.debian.net/debian buster-train-backports InRelease [3,660 B]
INFO:kolla.common.utils.vitrage-base:Get:5 http://deb.debian.org/debian buster/main s390x Packages [7,624 kB]
INFO:kolla.common.utils.vitrage-base:Get:6 http://buster-train.debian.net/debian buster-train-backports-nochange InRelease [3,669 B]
INFO:kolla.common.utils.vitrage-base:Get:7 http://deb.debian.org/debian buster-backports/main s390x Packages [209 kB]
INFO:kolla.common.utils.vitrage-base:Get:8 http://security-cdn.debian.org/debian-security buster/updates/main s390x Packages [161 kB]
INFO:kolla.common.utils.vitrage-base:Fetched 8,235 kB in 2s (4,824 kB/s)
INFO:kolla.common.utils.vitrage-base:Reading package lists...
INFO:kolla.common.utils.vitrage-base:[91mW: Skipping acquire of configured file 'main/binary-s390x/Packages' as repository 'http://buster-train.debian.net/debian buster-train-backports InRelease' does not seem to provide it (sources.list entry misspelt?)
INFO:kolla.common.utils.vitrage-base:W: Skipping acquire of configured file 'main/binary-s390x/Packages' as repository 'http://buster-train.debian.net/debian buster-train-backports-nochange InRelease' does not seem to provide it (sources.list entry misspelt?)
INFO:kolla.common.utils.vitrage-base:[0m
INFO:kolla.common.utils.vitrage-base:Reading package lists...
INFO:kolla.common.utils.vitrage-base:Building dependency tree...
INFO:kolla.common.utils.vitrage-base:Reading state information...
INFO:kolla.common.utils.vitrage-base:[91mE: Unable to locate package python3-vitrage
INFO:kolla.common.utils.vitrage-base:E: Unable to locate package vitrage-common
INFO:kolla.common.utils.vitrage-base:[0m
INFO:kolla.common.utils.vitrage-base:Removing intermediate container 28dc87cc24d1
ERROR:kolla.common.utils.vitrage-base:Error'd with the following message
ERROR:kolla.common.utils.vitrage-base:The command '/bin/sh -c apt-get update && apt-get -y install --no-install-recommends python3-vitrage vitrage-common && apt-get clean && rm -rf /var/lib/apt/lists/*' returned a non-zero code: 100
