INFO:kolla.common.utils.watcher-applier:Building started at 2020-03-02 21:27:48.943971
INFO:kolla.common.utils.watcher-applier:Step 1/4 : FROM s390x/debian-binary-watcher-base:9.1.0
INFO:kolla.common.utils.watcher-applier: ---> 3cb81a33f471
INFO:kolla.common.utils.watcher-applier:Step 2/4 : LABEL maintainer="Kolla Project (https://launchpad.net/kolla)" name="watcher-applier" build-date="20200302"
INFO:kolla.common.utils.watcher-applier: ---> Running in f02b6c141d37
INFO:kolla.common.utils.watcher-applier:Removing intermediate container f02b6c141d37
INFO:kolla.common.utils.watcher-applier: ---> 10d5175365e5
INFO:kolla.common.utils.watcher-applier:Step 3/4 : RUN apt-get update && apt-get -y install --no-install-recommends watcher-applier && apt-get clean && rm -rf /var/lib/apt/lists/*
INFO:kolla.common.utils.watcher-applier: ---> Running in d8701e65e796
INFO:kolla.common.utils.watcher-applier:Get:1 http://deb.debian.org/debian buster InRelease [122 kB]
INFO:kolla.common.utils.watcher-applier:Get:2 http://deb.debian.org/debian buster-backports InRelease [46.7 kB]
INFO:kolla.common.utils.watcher-applier:Get:3 http://security-cdn.debian.org/debian-security buster/updates InRelease [65.4 kB]
INFO:kolla.common.utils.watcher-applier:Get:4 http://buster-train.debian.net/debian buster-train-backports InRelease [3,660 B]
INFO:kolla.common.utils.watcher-applier:Get:5 http://deb.debian.org/debian buster/main s390x Packages [7,624 kB]
INFO:kolla.common.utils.watcher-applier:Get:6 http://buster-train.debian.net/debian buster-train-backports-nochange InRelease [3,669 B]
INFO:kolla.common.utils.watcher-applier:Get:7 http://deb.debian.org/debian buster-backports/main s390x Packages [209 kB]
INFO:kolla.common.utils.watcher-applier:Get:8 http://security-cdn.debian.org/debian-security buster/updates/main s390x Packages [161 kB]
INFO:kolla.common.utils.watcher-applier:Fetched 8,235 kB in 2s (5,435 kB/s)
INFO:kolla.common.utils.watcher-applier:Reading package lists...
INFO:kolla.common.utils.watcher-applier:[91mW: Skipping acquire of configured file 'main/binary-s390x/Packages' as repository 'http://buster-train.debian.net/debian buster-train-backports InRelease' does not seem to provide it (sources.list entry misspelt?)
INFO:kolla.common.utils.watcher-applier:W: Skipping acquire of configured file 'main/binary-s390x/Packages' as repository 'http://buster-train.debian.net/debian buster-train-backports-nochange InRelease' does not seem to provide it (sources.list entry misspelt?)
INFO:kolla.common.utils.watcher-applier:[0m
INFO:kolla.common.utils.watcher-applier:Reading package lists...
INFO:kolla.common.utils.watcher-applier:Building dependency tree...
INFO:kolla.common.utils.watcher-applier:Reading state information...
INFO:kolla.common.utils.watcher-applier:The following NEW packages will be installed:
INFO:kolla.common.utils.watcher-applier:  watcher-applier
INFO:kolla.common.utils.watcher-applier:0 upgraded, 1 newly installed, 0 to remove and 0 not upgraded.
INFO:kolla.common.utils.watcher-applier:Need to get 7,004 B of archives.
INFO:kolla.common.utils.watcher-applier:After this operation, 27.6 kB of additional disk space will be used.
INFO:kolla.common.utils.watcher-applier:Get:1 http://deb.debian.org/debian buster/main s390x watcher-applier all 1.12.0-3 [7,004 B]
INFO:kolla.common.utils.watcher-applier:Fetched 7,004 B in 0s (114 kB/s)
INFO:kolla.common.utils.watcher-applier:Selecting previously unselected package watcher-applier.
INFO:kolla.common.utils.watcher-applier:(Reading database ... 
INFO:kolla.common.utils.watcher-applier:(Reading database ... 5%(Reading database ... 10%(Reading database ... 15%(Reading database ... 20%(Reading database ... 25%(Reading database ... 30%(Reading database ... 35%(Reading database ... 40%(Reading database ... 45%(Reading database ... 50%(Reading database ... 55%(Reading database ... 60%(Reading database ... 65%
INFO:kolla.common.utils.watcher-applier:(Reading database ... 70%(Reading database ... 75%
INFO:kolla.common.utils.watcher-applier:(Reading database ... 80%
INFO:kolla.common.utils.watcher-applier:(Reading database ... 85%
INFO:kolla.common.utils.watcher-applier:(Reading database ... 90%
INFO:kolla.common.utils.watcher-applier:(Reading database ... 95%
INFO:kolla.common.utils.watcher-applier:(Reading database ... 100%(Reading database ... 26750 files and directories currently installed.)
INFO:kolla.common.utils.watcher-applier:Preparing to unpack .../watcher-applier_1.12.0-3_all.deb ...
INFO:kolla.common.utils.watcher-applier:Unpacking watcher-applier (1.12.0-3) ...
INFO:kolla.common.utils.watcher-applier:Setting up watcher-applier (1.12.0-3) ...
INFO:kolla.common.utils.watcher-applier:invoke-rc.d: could not determine current runlevel
INFO:kolla.common.utils.watcher-applier:invoke-rc.d: policy-rc.d denied execution of start.
INFO:kolla.common.utils.watcher-applier:Removing intermediate container d8701e65e796
INFO:kolla.common.utils.watcher-applier: ---> 10f0e33e2098
INFO:kolla.common.utils.watcher-applier:Step 4/4 : USER watcher
INFO:kolla.common.utils.watcher-applier: ---> Running in 8f973f2a26d2
INFO:kolla.common.utils.watcher-applier:Removing intermediate container 8f973f2a26d2
INFO:kolla.common.utils.watcher-applier: ---> 6604f2043c73
INFO:kolla.common.utils.watcher-applier:Successfully built 6604f2043c73
INFO:kolla.common.utils.watcher-applier:Successfully tagged s390x/debian-binary-watcher-applier:9.1.0
INFO:kolla.common.utils.watcher-applier:Built at 2020-03-02 21:27:55.886399 (took 0:00:06.942428)
