INFO:kolla.common.utils.watcher-engine:Building started at 2020-03-02 21:27:48.796302
INFO:kolla.common.utils.watcher-engine:Step 1/4 : FROM s390x/debian-binary-watcher-base:9.1.0
INFO:kolla.common.utils.watcher-engine: ---> 3cb81a33f471
INFO:kolla.common.utils.watcher-engine:Step 2/4 : LABEL maintainer="Kolla Project (https://launchpad.net/kolla)" name="watcher-engine" build-date="20200302"
INFO:kolla.common.utils.watcher-engine: ---> Running in 60ad3f1a15be
INFO:kolla.common.utils.watcher-engine:Removing intermediate container 60ad3f1a15be
INFO:kolla.common.utils.watcher-engine: ---> 00e3ae81af3e
INFO:kolla.common.utils.watcher-engine:Step 3/4 : RUN apt-get update && apt-get -y install --no-install-recommends watcher-decision-engine && apt-get clean && rm -rf /var/lib/apt/lists/*
INFO:kolla.common.utils.watcher-engine: ---> Running in 8fa8693e8a7f
INFO:kolla.common.utils.watcher-engine:Get:1 http://deb.debian.org/debian buster InRelease [122 kB]
INFO:kolla.common.utils.watcher-engine:Get:2 http://deb.debian.org/debian buster-backports InRelease [46.7 kB]
INFO:kolla.common.utils.watcher-engine:Get:3 http://security-cdn.debian.org/debian-security buster/updates InRelease [65.4 kB]
INFO:kolla.common.utils.watcher-engine:Get:4 http://buster-train.debian.net/debian buster-train-backports InRelease [3,660 B]
INFO:kolla.common.utils.watcher-engine:Get:5 http://deb.debian.org/debian buster/main s390x Packages [7,624 kB]
INFO:kolla.common.utils.watcher-engine:Get:6 http://buster-train.debian.net/debian buster-train-backports-nochange InRelease [3,669 B]
INFO:kolla.common.utils.watcher-engine:Get:7 http://deb.debian.org/debian buster-backports/main s390x Packages [209 kB]
INFO:kolla.common.utils.watcher-engine:Get:8 http://security-cdn.debian.org/debian-security buster/updates/main s390x Packages [161 kB]
INFO:kolla.common.utils.watcher-engine:Fetched 8,235 kB in 2s (4,991 kB/s)
INFO:kolla.common.utils.watcher-engine:Reading package lists...
INFO:kolla.common.utils.watcher-engine:[91mW: Skipping acquire of configured file 'main/binary-s390x/Packages' as repository 'http://buster-train.debian.net/debian buster-train-backports InRelease' does not seem to provide it (sources.list entry misspelt?)
INFO:kolla.common.utils.watcher-engine:W: Skipping acquire of configured file 'main/binary-s390x/Packages' as repository 'http://buster-train.debian.net/debian buster-train-backports-nochange InRelease' does not seem to provide it (sources.list entry misspelt?)
INFO:kolla.common.utils.watcher-engine:[0m
INFO:kolla.common.utils.watcher-engine:Reading package lists...
INFO:kolla.common.utils.watcher-engine:Building dependency tree...
INFO:kolla.common.utils.watcher-engine:Reading state information...
INFO:kolla.common.utils.watcher-engine:The following NEW packages will be installed:
INFO:kolla.common.utils.watcher-engine:  watcher-decision-engine
INFO:kolla.common.utils.watcher-engine:0 upgraded, 1 newly installed, 0 to remove and 0 not upgraded.
INFO:kolla.common.utils.watcher-engine:Need to get 7,032 B of archives.
INFO:kolla.common.utils.watcher-engine:After this operation, 27.6 kB of additional disk space will be used.
INFO:kolla.common.utils.watcher-engine:Get:1 http://deb.debian.org/debian buster/main s390x watcher-decision-engine all 1.12.0-3 [7,032 B]
INFO:kolla.common.utils.watcher-engine:Fetched 7,032 B in 0s (233 kB/s)
INFO:kolla.common.utils.watcher-engine:Selecting previously unselected package watcher-decision-engine.
INFO:kolla.common.utils.watcher-engine:(Reading database ... 
INFO:kolla.common.utils.watcher-engine:(Reading database ... 5%(Reading database ... 10%(Reading database ... 15%
INFO:kolla.common.utils.watcher-engine:(Reading database ... 20%(Reading database ... 25%(Reading database ... 30%(Reading database ... 35%(Reading database ... 40%(Reading database ... 45%(Reading database ... 50%(Reading database ... 55%
INFO:kolla.common.utils.watcher-engine:(Reading database ... 60%(Reading database ... 65%
INFO:kolla.common.utils.watcher-engine:(Reading database ... 70%
INFO:kolla.common.utils.watcher-engine:(Reading database ... 75%
INFO:kolla.common.utils.watcher-engine:(Reading database ... 80%
INFO:kolla.common.utils.watcher-engine:(Reading database ... 85%
INFO:kolla.common.utils.watcher-engine:(Reading database ... 90%
INFO:kolla.common.utils.watcher-engine:(Reading database ... 95%
INFO:kolla.common.utils.watcher-engine:(Reading database ... 100%(Reading database ... 26750 files and directories currently installed.)
INFO:kolla.common.utils.watcher-engine:Preparing to unpack .../watcher-decision-engine_1.12.0-3_all.deb ...
INFO:kolla.common.utils.watcher-engine:Unpacking watcher-decision-engine (1.12.0-3) ...
INFO:kolla.common.utils.watcher-engine:Setting up watcher-decision-engine (1.12.0-3) ...
INFO:kolla.common.utils.watcher-engine:invoke-rc.d: could not determine current runlevel
INFO:kolla.common.utils.watcher-engine:invoke-rc.d: policy-rc.d denied execution of start.
INFO:kolla.common.utils.watcher-engine:Removing intermediate container 8fa8693e8a7f
INFO:kolla.common.utils.watcher-engine: ---> bcedcd478121
INFO:kolla.common.utils.watcher-engine:Step 4/4 : USER watcher
INFO:kolla.common.utils.watcher-engine: ---> Running in 6a604c143a61
INFO:kolla.common.utils.watcher-engine:Removing intermediate container 6a604c143a61
INFO:kolla.common.utils.watcher-engine: ---> 2322df7a5cab
INFO:kolla.common.utils.watcher-engine:Successfully built 2322df7a5cab
INFO:kolla.common.utils.watcher-engine:Successfully tagged s390x/debian-binary-watcher-engine:9.1.0
INFO:kolla.common.utils.watcher-engine:Built at 2020-03-02 21:27:55.545846 (took 0:00:06.749544)
