INFO:kolla.common.utils.zaqar-base:Building started at 2020-03-02 21:24:32.601667
INFO:kolla.common.utils.zaqar-base:Step 1/6 : FROM s390x/debian-binary-openstack-base:9.1.0
INFO:kolla.common.utils.zaqar-base: ---> d0f37d4345b6
INFO:kolla.common.utils.zaqar-base:Step 2/6 : LABEL maintainer="Kolla Project (https://launchpad.net/kolla)" name="zaqar-base" build-date="20200302"
INFO:kolla.common.utils.zaqar-base: ---> Running in 42c2dbfc87de
INFO:kolla.common.utils.zaqar-base:Removing intermediate container 42c2dbfc87de
INFO:kolla.common.utils.zaqar-base: ---> 0d542c734071
INFO:kolla.common.utils.zaqar-base:Step 3/6 : RUN usermod --append --home /var/lib/zaqar --groups kolla zaqar     && mkdir -p /var/lib/zaqar     && chown -R 42452:42452 /var/lib/zaqar
INFO:kolla.common.utils.zaqar-base: ---> Running in 209d364c2f02
INFO:kolla.common.utils.zaqar-base:Removing intermediate container 209d364c2f02
INFO:kolla.common.utils.zaqar-base: ---> fdd1d64198d0
INFO:kolla.common.utils.zaqar-base:Step 4/6 : RUN apt-get update && apt-get -y install --no-install-recommends zaqar-common apache2 libapache2-mod-wsgi-py3 python3-ldappool && apt-get clean && rm -rf /var/lib/apt/lists/*     && mkdir -p /var/www/cgi-bin/zaqar     && chown -R zaqar: /var/www/cgi-bin/zaqar     && cp -a /usr/lib/python3/dist-packages/zaqar/transport/wsgi/app.py /var/www/cgi-bin/zaqar/     && echo > /etc/apache2/ports.conf
INFO:kolla.common.utils.zaqar-base: ---> Running in 4bede2e5d479
INFO:kolla.common.utils.zaqar-base:Get:1 http://deb.debian.org/debian buster InRelease [122 kB]
INFO:kolla.common.utils.zaqar-base:Get:2 http://deb.debian.org/debian buster-backports InRelease [46.7 kB]
INFO:kolla.common.utils.zaqar-base:Get:3 http://security-cdn.debian.org/debian-security buster/updates InRelease [65.4 kB]
INFO:kolla.common.utils.zaqar-base:Get:4 http://buster-train.debian.net/debian buster-train-backports InRelease [3,660 B]
INFO:kolla.common.utils.zaqar-base:Get:5 http://deb.debian.org/debian buster/main s390x Packages [7,624 kB]
INFO:kolla.common.utils.zaqar-base:Get:6 http://buster-train.debian.net/debian buster-train-backports-nochange InRelease [3,669 B]
INFO:kolla.common.utils.zaqar-base:Get:7 http://deb.debian.org/debian buster-backports/main s390x Packages [209 kB]
INFO:kolla.common.utils.zaqar-base:Get:8 http://security-cdn.debian.org/debian-security buster/updates/main s390x Packages [161 kB]
INFO:kolla.common.utils.zaqar-base:Fetched 8,235 kB in 2s (4,932 kB/s)
INFO:kolla.common.utils.zaqar-base:Reading package lists...
INFO:kolla.common.utils.zaqar-base:[91mW: Skipping acquire of configured file 'main/binary-s390x/Packages' as repository 'http://buster-train.debian.net/debian buster-train-backports InRelease' does not seem to provide it (sources.list entry misspelt?)
INFO:kolla.common.utils.zaqar-base:W: Skipping acquire of configured file 'main/binary-s390x/Packages' as repository 'http://buster-train.debian.net/debian buster-train-backports-nochange InRelease' does not seem to provide it (sources.list entry misspelt?)
INFO:kolla.common.utils.zaqar-base:[0m
INFO:kolla.common.utils.zaqar-base:Reading package lists...
INFO:kolla.common.utils.zaqar-base:Building dependency tree...
INFO:kolla.common.utils.zaqar-base:Reading state information...
INFO:kolla.common.utils.zaqar-base:The following additional packages will be installed:
INFO:kolla.common.utils.zaqar-base:  alembic apache2-bin apache2-data apache2-utils cython3 dbconfig-common
INFO:kolla.common.utils.zaqar-base:  libapr1 libaprutil1 libaprutil1-dbd-sqlite3 libaprutil1-ldap libbrotli1
INFO:kolla.common.utils.zaqar-base:  libjansson4 libjs-jquery libjs-sphinxdoc libjs-underscore liblua5.2-0
INFO:kolla.common.utils.zaqar-base:  libnorm1 libpgm-5.2-0 libpython3.7 libsnappy1v5 libsodium23 libzmq5
INFO:kolla.common.utils.zaqar-base:  pycadf-common python-pastedeploy-tpl python3-alembic python3-amqp
INFO:kolla.common.utils.zaqar-base:  python3-anyjson python3-attr python3-autobahn python3-automat
INFO:kolla.common.utils.zaqar-base:  python3-cachetools python3-cbor python3-constantly python3-editor
INFO:kolla.common.utils.zaqar-base:  python3-falcon python3-hyperlink python3-incremental python3-kafka
INFO:kolla.common.utils.zaqar-base:  python3-keystonemiddleware python3-kombu python3-ldap python3-lz4
INFO:kolla.common.utils.zaqar-base:  python3-mako python3-migrate python3-nacl python3-oslo.cache python3-oslo.db
INFO:kolla.common.utils.zaqar-base:  python3-oslo.messaging python3-oslo.middleware python3-oslo.policy
INFO:kolla.common.utils.zaqar-base:  python3-oslo.reports python3-oslo.service python3-paste python3-pastedeploy
INFO:kolla.common.utils.zaqar-base:  python3-psutil python3-pyasn1 python3-pyasn1-modules python3-pycadf
INFO:kolla.common.utils.zaqar-base:  python3-pyqrcode python3-repoze.lru python3-routes python3-service-identity
INFO:kolla.common.utils.zaqar-base:  python3-snappy python3-sqlalchemy python3-sqlparse python3-statsd
INFO:kolla.common.utils.zaqar-base:  python3-tempita python3-tenacity python3-testresources python3-testscenarios
INFO:kolla.common.utils.zaqar-base:  python3-trie python3-twisted python3-twisted-bin python3-txaio
INFO:kolla.common.utils.zaqar-base:  python3-u-msgpack python3-ubjson python3-vine python3-wsaccel python3-zaqar
INFO:kolla.common.utils.zaqar-base:  python3-zmq sqlite3 ucf
INFO:kolla.common.utils.zaqar-base:Suggested packages:
INFO:kolla.common.utils.zaqar-base:  apache2-doc apache2-suexec-pristine | apache2-suexec-custom www-browser
INFO:kolla.common.utils.zaqar-base:  cython-doc dbconfig-mysql | dbconfig-pgsql | dbconfig-sqlite
INFO:kolla.common.utils.zaqar-base:  | dbconfig-sqlite3 | dbconfig-no-thanks python-amqp-doc python-attr-doc
INFO:kolla.common.utils.zaqar-base:  python-kafka-doc python-kombu-doc python3-boto python3-django
INFO:kolla.common.utils.zaqar-base:  python3-pymongo python3-beaker python-mako-doc python-migrate-doc
INFO:kolla.common.utils.zaqar-base:  python-nacl-doc python-oslo.cache-doc python-oslo.middleware-doc
INFO:kolla.common.utils.zaqar-base:  python-oslo.policy-doc python-oslo.reports-doc python-oslo.service-doc
INFO:kolla.common.utils.zaqar-base:  libapache2-mod-python libapache2-mod-scgi libjs-mochikit python-psutil-doc
INFO:kolla.common.utils.zaqar-base:  python-sqlalchemy-doc python3-fdb python-sqlparse-doc python-tenacity-doc
INFO:kolla.common.utils.zaqar-base:  python-trie-doc python3-tk python3-gtk2 python3-glade2 python3-pampy
INFO:kolla.common.utils.zaqar-base:  python3-qt4 python3-serial python3-wxgtk2.8 python3-twisted-bin-dbg
INFO:kolla.common.utils.zaqar-base:  python-txaio-doc sqlite3-doc
INFO:kolla.common.utils.zaqar-base:Recommended packages:
INFO:kolla.common.utils.zaqar-base:  ssl-cert python3-dev gcc javascript-common python3-click python3-pastescript
INFO:kolla.common.utils.zaqar-base:  python3-png python3-sqlalchemy-ext
INFO:kolla.common.utils.zaqar-base:The following NEW packages will be installed:
INFO:kolla.common.utils.zaqar-base:  alembic apache2 apache2-bin apache2-data apache2-utils cython3
INFO:kolla.common.utils.zaqar-base:  dbconfig-common libapache2-mod-wsgi-py3 libapr1 libaprutil1
INFO:kolla.common.utils.zaqar-base:  libaprutil1-dbd-sqlite3 libaprutil1-ldap libbrotli1 libjansson4 libjs-jquery
INFO:kolla.common.utils.zaqar-base:  libjs-sphinxdoc libjs-underscore liblua5.2-0 libnorm1 libpgm-5.2-0
INFO:kolla.common.utils.zaqar-base:  libpython3.7 libsnappy1v5 libsodium23 libzmq5 pycadf-common
INFO:kolla.common.utils.zaqar-base:  python-pastedeploy-tpl python3-alembic python3-amqp python3-anyjson
INFO:kolla.common.utils.zaqar-base:  python3-attr python3-autobahn python3-automat python3-cachetools
INFO:kolla.common.utils.zaqar-base:  python3-cbor python3-constantly python3-editor python3-falcon
INFO:kolla.common.utils.zaqar-base:  python3-hyperlink python3-incremental python3-kafka
INFO:kolla.common.utils.zaqar-base:  python3-keystonemiddleware python3-kombu python3-ldap python3-ldappool
INFO:kolla.common.utils.zaqar-base:  python3-lz4 python3-mako python3-migrate python3-nacl python3-oslo.cache
INFO:kolla.common.utils.zaqar-base:  python3-oslo.db python3-oslo.messaging python3-oslo.middleware
INFO:kolla.common.utils.zaqar-base:  python3-oslo.policy python3-oslo.reports python3-oslo.service python3-paste
INFO:kolla.common.utils.zaqar-base:  python3-pastedeploy python3-psutil python3-pyasn1 python3-pyasn1-modules
INFO:kolla.common.utils.zaqar-base:  python3-pycadf python3-pyqrcode python3-repoze.lru python3-routes
INFO:kolla.common.utils.zaqar-base:  python3-service-identity python3-snappy python3-sqlalchemy python3-sqlparse
INFO:kolla.common.utils.zaqar-base:  python3-statsd python3-tempita python3-tenacity python3-testresources
INFO:kolla.common.utils.zaqar-base:  python3-testscenarios python3-trie python3-twisted python3-twisted-bin
INFO:kolla.common.utils.zaqar-base:  python3-txaio python3-u-msgpack python3-ubjson python3-vine python3-wsaccel
INFO:kolla.common.utils.zaqar-base:  python3-zaqar python3-zmq sqlite3 ucf zaqar-common
INFO:kolla.common.utils.zaqar-base:0 upgraded, 86 newly installed, 0 to remove and 0 not upgraded.
INFO:kolla.common.utils.zaqar-base:Need to get 15.0 MB of archives.
INFO:kolla.common.utils.zaqar-base:After this operation, 71.9 MB of additional disk space will be used.
INFO:kolla.common.utils.zaqar-base:Get:1 http://deb.debian.org/debian buster/main s390x libapr1 s390x 1.6.5-1+b1 [97.3 kB]
INFO:kolla.common.utils.zaqar-base:Get:2 http://deb.debian.org/debian buster/main s390x libaprutil1 s390x 1.6.1-4 [88.8 kB]
INFO:kolla.common.utils.zaqar-base:Get:3 http://deb.debian.org/debian buster/main s390x libaprutil1-dbd-sqlite3 s390x 1.6.1-4 [18.5 kB]
INFO:kolla.common.utils.zaqar-base:Get:4 http://deb.debian.org/debian buster/main s390x libaprutil1-ldap s390x 1.6.1-4 [16.7 kB]
INFO:kolla.common.utils.zaqar-base:Get:5 http://deb.debian.org/debian buster/main s390x libbrotli1 s390x 1.0.7-2 [262 kB]
INFO:kolla.common.utils.zaqar-base:Get:6 http://deb.debian.org/debian buster/main s390x libjansson4 s390x 2.12-1 [35.7 kB]
INFO:kolla.common.utils.zaqar-base:Get:7 http://deb.debian.org/debian buster/main s390x liblua5.2-0 s390x 5.2.4-1.1+b2 [102 kB]
INFO:kolla.common.utils.zaqar-base:Get:8 http://deb.debian.org/debian buster/main s390x apache2-bin s390x 2.4.38-3+deb10u3 [1,193 kB]
INFO:kolla.common.utils.zaqar-base:Get:9 http://deb.debian.org/debian buster/main s390x apache2-data all 2.4.38-3+deb10u3 [165 kB]
INFO:kolla.common.utils.zaqar-base:Get:10 http://deb.debian.org/debian buster/main s390x apache2-utils s390x 2.4.38-3+deb10u3 [235 kB]
INFO:kolla.common.utils.zaqar-base:Get:11 http://deb.debian.org/debian buster/main s390x apache2 s390x 2.4.38-3+deb10u3 [251 kB]
INFO:kolla.common.utils.zaqar-base:Get:12 http://deb.debian.org/debian buster/main s390x ucf all 3.0038+nmu1 [69.0 kB]
INFO:kolla.common.utils.zaqar-base:Get:13 http://deb.debian.org/debian buster/main s390x python3-editor all 1.0.3-1 [4,928 B]
INFO:kolla.common.utils.zaqar-base:Get:14 http://deb.debian.org/debian buster/main s390x python3-mako all 1.0.7+ds1-1 [61.5 kB]
INFO:kolla.common.utils.zaqar-base:Get:15 http://deb.debian.org/debian buster/main s390x python3-sqlalchemy all 1.2.18+ds1-2 [727 kB]
INFO:kolla.common.utils.zaqar-base:Get:16 http://deb.debian.org/debian buster/main s390x python3-alembic all 1.0.0-3 [110 kB]
INFO:kolla.common.utils.zaqar-base:Get:17 http://deb.debian.org/debian buster/main s390x libjs-jquery all 3.3.1~dfsg-3 [332 kB]
INFO:kolla.common.utils.zaqar-base:Get:18 http://deb.debian.org/debian buster/main s390x libjs-underscore all 1.9.1~dfsg-1 [99.4 kB]
INFO:kolla.common.utils.zaqar-base:Get:19 http://deb.debian.org/debian buster/main s390x libjs-sphinxdoc all 1.8.4-1 [95.9 kB]
INFO:kolla.common.utils.zaqar-base:Get:20 http://deb.debian.org/debian buster/main s390x alembic all 1.0.0-3 [370 kB]
INFO:kolla.common.utils.zaqar-base:Get:21 http://deb.debian.org/debian buster/main s390x cython3 s390x 0.29.2-2 [1,283 kB]
INFO:kolla.common.utils.zaqar-base:Get:22 http://deb.debian.org/debian buster/main s390x dbconfig-common all 2.0.11+deb10u1 [599 kB]
INFO:kolla.common.utils.zaqar-base:Get:23 http://deb.debian.org/debian buster/main s390x libpython3.7 s390x 3.7.3-2+deb10u1 [1,359 kB]
INFO:kolla.common.utils.zaqar-base:Get:24 http://deb.debian.org/debian buster/main s390x libapache2-mod-wsgi-py3 s390x 4.6.5-1 [87.9 kB]
INFO:kolla.common.utils.zaqar-base:Get:25 http://deb.debian.org/debian buster/main s390x libnorm1 s390x 1.5.8+dfsg2-1 [258 kB]
INFO:kolla.common.utils.zaqar-base:Get:26 http://deb.debian.org/debian buster/main s390x libpgm-5.2-0 s390x 5.2.122~dfsg-3 [148 kB]
INFO:kolla.common.utils.zaqar-base:Get:27 http://deb.debian.org/debian buster/main s390x libsnappy1v5 s390x 1.1.7-1 [16.9 kB]
INFO:kolla.common.utils.zaqar-base:Get:28 http://deb.debian.org/debian buster/main s390x libsodium23 s390x 1.0.17-1 [126 kB]
INFO:kolla.common.utils.zaqar-base:Get:29 http://deb.debian.org/debian buster/main s390x libzmq5 s390x 4.3.1-4+deb10u1 [217 kB]
INFO:kolla.common.utils.zaqar-base:Get:30 http://deb.debian.org/debian buster/main s390x pycadf-common all 2.7.0-2 [5,332 B]
INFO:kolla.common.utils.zaqar-base:Get:31 http://deb.debian.org/debian buster/main s390x python-pastedeploy-tpl all 2.0.1-1 [8,516 B]
INFO:kolla.common.utils.zaqar-base:Get:32 http://deb.debian.org/debian buster/main s390x python3-vine all 1.1.4+dfsg-2 [15.7 kB]
INFO:kolla.common.utils.zaqar-base:Get:33 http://deb.debian.org/debian buster/main s390x python3-amqp all 2.4.0-2 [41.8 kB]
INFO:kolla.common.utils.zaqar-base:Get:34 http://deb.debian.org/debian buster/main s390x python3-anyjson all 0.3.3-1 [8,290 B]
INFO:kolla.common.utils.zaqar-base:Get:35 http://deb.debian.org/debian buster/main s390x python3-attr all 18.2.0-1 [37.3 kB]
INFO:kolla.common.utils.zaqar-base:Get:36 http://deb.debian.org/debian buster/main s390x python3-cbor s390x 1.0.0-1+b1 [20.0 kB]
INFO:kolla.common.utils.zaqar-base:Get:37 http://deb.debian.org/debian buster/main s390x python3-lz4 s390x 1.1.0+dfsg-1 [24.4 kB]
INFO:kolla.common.utils.zaqar-base:Get:38 http://deb.debian.org/debian buster/main s390x python3-nacl s390x 1.3.0-2 [48.6 kB]
INFO:kolla.common.utils.zaqar-base:Get:39 http://deb.debian.org/debian buster/main s390x python3-pyqrcode all 1.2.1-2 [30.2 kB]
INFO:kolla.common.utils.zaqar-base:Get:40 http://deb.debian.org/debian buster/main s390x python3-pyasn1 all 0.4.2-3 [57.7 kB]
INFO:kolla.common.utils.zaqar-base:Get:41 http://deb.debian.org/debian buster/main s390x python3-pyasn1-modules all 0.2.1-0.2 [34.5 kB]
INFO:kolla.common.utils.zaqar-base:Get:42 http://deb.debian.org/debian buster/main s390x python3-service-identity all 16.0.0-2 [9,440 B]
INFO:kolla.common.utils.zaqar-base:Get:43 http://deb.debian.org/debian buster/main s390x python3-snappy s390x 0.5.3-1 [16.6 kB]
INFO:kolla.common.utils.zaqar-base:Get:44 http://deb.debian.org/debian buster/main s390x python3-trie all 0.2+ds-1 [7,120 B]
INFO:kolla.common.utils.zaqar-base:Get:45 http://deb.debian.org/debian buster/main s390x python3-automat all 0.6.0-1 [25.1 kB]
INFO:kolla.common.utils.zaqar-base:Get:46 http://deb.debian.org/debian buster/main s390x python3-constantly all 15.1.0-1 [7,982 B]
INFO:kolla.common.utils.zaqar-base:Get:47 http://deb.debian.org/debian buster/main s390x python3-hyperlink all 17.3.1-2 [29.3 kB]
INFO:kolla.common.utils.zaqar-base:Get:48 http://deb.debian.org/debian buster/main s390x python3-incremental all 16.10.1-3 [14.4 kB]
INFO:kolla.common.utils.zaqar-base:Get:49 http://deb.debian.org/debian buster/main s390x python3-twisted-bin s390x 18.9.0-3 [19.2 kB]
INFO:kolla.common.utils.zaqar-base:Get:50 http://deb.debian.org/debian buster/main s390x python3-twisted all 18.9.0-3 [1,934 kB]
INFO:kolla.common.utils.zaqar-base:Get:51 http://deb.debian.org/debian buster/main s390x python3-txaio all 2.10.0-1 [18.7 kB]
INFO:kolla.common.utils.zaqar-base:Get:52 http://deb.debian.org/debian buster/main s390x python3-u-msgpack all 2.1-1 [7,310 B]
INFO:kolla.common.utils.zaqar-base:Get:53 http://deb.debian.org/debian buster/main s390x python3-ubjson s390x 0.12.0-1 [28.8 kB]
INFO:kolla.common.utils.zaqar-base:Get:54 http://deb.debian.org/debian buster/main s390x python3-wsaccel s390x 0.6.2-1+b1 [48.7 kB]
INFO:kolla.common.utils.zaqar-base:Get:55 http://deb.debian.org/debian buster/main s390x python3-autobahn all 17.10.1+dfsg1-3+deb10u1 [163 kB]
INFO:kolla.common.utils.zaqar-base:Get:56 http://deb.debian.org/debian buster/main s390x python3-cachetools all 3.1.0-2 [11.6 kB]
INFO:kolla.common.utils.zaqar-base:Get:57 http://deb.debian.org/debian buster/main s390x python3-falcon s390x 1.0.0-2+b3 [625 kB]
INFO:kolla.common.utils.zaqar-base:Get:58 http://deb.debian.org/debian buster/main s390x python3-kafka all 1.4.3-1 [166 kB]
INFO:kolla.common.utils.zaqar-base:Get:59 http://deb.debian.org/debian buster/main s390x python3-oslo.cache all 1.30.3-1 [28.6 kB]
INFO:kolla.common.utils.zaqar-base:Get:60 http://deb.debian.org/debian buster/main s390x python3-pycadf all 2.7.0-2 [18.9 kB]
INFO:kolla.common.utils.zaqar-base:Get:61 http://deb.debian.org/debian buster/main s390x python3-keystonemiddleware all 5.2.0-2 [71.9 kB]
INFO:kolla.common.utils.zaqar-base:Get:62 http://deb.debian.org/debian buster/main s390x python3-kombu all 4.2.1-3 [163 kB]
INFO:kolla.common.utils.zaqar-base:Get:63 http://deb.debian.org/debian buster/main s390x python3-ldap s390x 3.1.0-2 [108 kB]
INFO:kolla.common.utils.zaqar-base:Get:64 http://deb.debian.org/debian buster/main s390x python3-ldappool all 2.3.1-1 [10.2 kB]
INFO:kolla.common.utils.zaqar-base:Get:65 http://deb.debian.org/debian buster/main s390x python3-sqlparse all 0.2.4-1 [33.5 kB]
INFO:kolla.common.utils.zaqar-base:Get:66 http://deb.debian.org/debian buster/main s390x python3-tempita all 0.5.2-2 [13.9 kB]
INFO:kolla.common.utils.zaqar-base:Get:67 http://deb.debian.org/debian buster/main s390x python3-migrate all 0.11.0-5 [79.2 kB]
INFO:kolla.common.utils.zaqar-base:Get:68 http://deb.debian.org/debian buster/main s390x python3-testresources all 2.0.0-2 [27.2 kB]
INFO:kolla.common.utils.zaqar-base:Get:69 http://deb.debian.org/debian buster/main s390x python3-testscenarios all 0.5.0-2 [13.4 kB]
INFO:kolla.common.utils.zaqar-base:Get:70 http://deb.debian.org/debian buster/main s390x python3-oslo.db all 4.40.0-3 [111 kB]
INFO:kolla.common.utils.zaqar-base:Get:71 http://deb.debian.org/debian buster/main s390x python3-statsd all 3.2.1-2 [11.4 kB]
INFO:kolla.common.utils.zaqar-base:Get:72 http://deb.debian.org/debian buster/main s390x python3-oslo.middleware all 3.36.0-2 [30.6 kB]
INFO:kolla.common.utils.zaqar-base:Get:73 http://deb.debian.org/debian buster/main s390x python3-paste all 3.0.6+dfsg-1 [475 kB]
INFO:kolla.common.utils.zaqar-base:Get:74 http://deb.debian.org/debian buster/main s390x python3-pastedeploy all 2.0.1-1 [18.8 kB]
INFO:kolla.common.utils.zaqar-base:Get:75 http://deb.debian.org/debian buster/main s390x python3-repoze.lru all 0.7-1 [11.7 kB]
INFO:kolla.common.utils.zaqar-base:Get:76 http://deb.debian.org/debian buster/main s390x python3-routes all 2.4.1-1 [38.2 kB]
INFO:kolla.common.utils.zaqar-base:Get:77 http://deb.debian.org/debian buster/main s390x python3-oslo.service all 1.31.8-1 [40.3 kB]
INFO:kolla.common.utils.zaqar-base:Get:78 http://deb.debian.org/debian buster/main s390x python3-tenacity all 4.12.0-2 [34.1 kB]
INFO:kolla.common.utils.zaqar-base:Get:79 http://deb.debian.org/debian buster/main s390x python3-zmq s390x 17.1.2-2 [250 kB]
INFO:kolla.common.utils.zaqar-base:Get:80 http://deb.debian.org/debian buster/main s390x python3-oslo.messaging all 8.1.4-1+deb10u1 [166 kB]
INFO:kolla.common.utils.zaqar-base:Get:81 http://deb.debian.org/debian buster/main s390x python3-oslo.policy all 1.38.1-2 [43.6 kB]
INFO:kolla.common.utils.zaqar-base:Get:82 http://deb.debian.org/debian buster/main s390x python3-psutil s390x 5.5.1-1 [166 kB]
INFO:kolla.common.utils.zaqar-base:Get:83 http://deb.debian.org/debian buster/main s390x python3-oslo.reports all 1.28.0-2 [25.2 kB]
INFO:kolla.common.utils.zaqar-base:Get:84 http://deb.debian.org/debian buster/main s390x python3-zaqar all 7.0.0-1 [203 kB]
INFO:kolla.common.utils.zaqar-base:Get:85 http://deb.debian.org/debian buster/main s390x sqlite3 s390x 3.27.2-3 [855 kB]
INFO:kolla.common.utils.zaqar-base:Get:86 http://deb.debian.org/debian buster/main s390x zaqar-common all 7.0.0-1 [34.4 kB]
INFO:kolla.common.utils.zaqar-base:Preconfiguring packages ...
INFO:kolla.common.utils.zaqar-base:Fetched 15.0 MB in 0s (30.8 MB/s)
INFO:kolla.common.utils.zaqar-base:Selecting previously unselected package libapr1:s390x.
INFO:kolla.common.utils.zaqar-base:(Reading database ... (Reading database ... 5%(Reading database ... 10%(Reading database ... 15%(Reading database ... 20%(Reading database ... 25%(Reading database ... 30%(Reading database ... 35%(Reading database ... 40%(Reading database ... 45%(Reading database ... 50%(Reading database ... 55%(Reading database ... 60%(Reading database ... 65%(Reading database ... 70%(Reading database ... 75%(Reading database ... 80%(Reading database ... 85%
INFO:kolla.common.utils.zaqar-base:(Reading database ... 90%(Reading database ... 95%(Reading database ... 100%(Reading database ... 21603 files and directories currently installed.)
INFO:kolla.common.utils.zaqar-base:Preparing to unpack .../00-libapr1_1.6.5-1+b1_s390x.deb ...
INFO:kolla.common.utils.zaqar-base:Unpacking libapr1:s390x (1.6.5-1+b1) ...
INFO:kolla.common.utils.zaqar-base:Selecting previously unselected package libaprutil1:s390x.
INFO:kolla.common.utils.zaqar-base:Preparing to unpack .../01-libaprutil1_1.6.1-4_s390x.deb ...
INFO:kolla.common.utils.zaqar-base:Unpacking libaprutil1:s390x (1.6.1-4) ...
INFO:kolla.common.utils.zaqar-base:Selecting previously unselected package libaprutil1-dbd-sqlite3:s390x.
INFO:kolla.common.utils.zaqar-base:Preparing to unpack .../02-libaprutil1-dbd-sqlite3_1.6.1-4_s390x.deb ...
INFO:kolla.common.utils.zaqar-base:Unpacking libaprutil1-dbd-sqlite3:s390x (1.6.1-4) ...
INFO:kolla.common.utils.zaqar-base:Selecting previously unselected package libaprutil1-ldap:s390x.
INFO:kolla.common.utils.zaqar-base:Preparing to unpack .../03-libaprutil1-ldap_1.6.1-4_s390x.deb ...
INFO:kolla.common.utils.zaqar-base:Unpacking libaprutil1-ldap:s390x (1.6.1-4) ...
INFO:kolla.common.utils.zaqar-base:Selecting previously unselected package libbrotli1:s390x.
INFO:kolla.common.utils.zaqar-base:Preparing to unpack .../04-libbrotli1_1.0.7-2_s390x.deb ...
INFO:kolla.common.utils.zaqar-base:Unpacking libbrotli1:s390x (1.0.7-2) ...
INFO:kolla.common.utils.zaqar-base:Selecting previously unselected package libjansson4:s390x.
INFO:kolla.common.utils.zaqar-base:Preparing to unpack .../05-libjansson4_2.12-1_s390x.deb ...
INFO:kolla.common.utils.zaqar-base:Unpacking libjansson4:s390x (2.12-1) ...
INFO:kolla.common.utils.zaqar-base:Selecting previously unselected package liblua5.2-0:s390x.
INFO:kolla.common.utils.zaqar-base:Preparing to unpack .../06-liblua5.2-0_5.2.4-1.1+b2_s390x.deb ...
INFO:kolla.common.utils.zaqar-base:Unpacking liblua5.2-0:s390x (5.2.4-1.1+b2) ...
INFO:kolla.common.utils.zaqar-base:Selecting previously unselected package apache2-bin.
INFO:kolla.common.utils.zaqar-base:Preparing to unpack .../07-apache2-bin_2.4.38-3+deb10u3_s390x.deb ...
INFO:kolla.common.utils.zaqar-base:Unpacking apache2-bin (2.4.38-3+deb10u3) ...
INFO:kolla.common.utils.zaqar-base:Selecting previously unselected package apache2-data.
INFO:kolla.common.utils.zaqar-base:Preparing to unpack .../08-apache2-data_2.4.38-3+deb10u3_all.deb ...
INFO:kolla.common.utils.zaqar-base:Unpacking apache2-data (2.4.38-3+deb10u3) ...
INFO:kolla.common.utils.zaqar-base:Selecting previously unselected package apache2-utils.
INFO:kolla.common.utils.zaqar-base:Preparing to unpack .../09-apache2-utils_2.4.38-3+deb10u3_s390x.deb ...
INFO:kolla.common.utils.zaqar-base:Unpacking apache2-utils (2.4.38-3+deb10u3) ...
INFO:kolla.common.utils.zaqar-base:Selecting previously unselected package apache2.
INFO:kolla.common.utils.zaqar-base:Preparing to unpack .../10-apache2_2.4.38-3+deb10u3_s390x.deb ...
INFO:kolla.common.utils.zaqar-base:Unpacking apache2 (2.4.38-3+deb10u3) ...
INFO:kolla.common.utils.zaqar-base:Selecting previously unselected package ucf.
INFO:kolla.common.utils.zaqar-base:Preparing to unpack .../11-ucf_3.0038+nmu1_all.deb ...
INFO:kolla.common.utils.zaqar-base:Moving old data out of the way
INFO:kolla.common.utils.zaqar-base:Unpacking ucf (3.0038+nmu1) ...
INFO:kolla.common.utils.zaqar-base:Selecting previously unselected package python3-editor.
INFO:kolla.common.utils.zaqar-base:Preparing to unpack .../12-python3-editor_1.0.3-1_all.deb ...
INFO:kolla.common.utils.zaqar-base:Unpacking python3-editor (1.0.3-1) ...
INFO:kolla.common.utils.zaqar-base:Selecting previously unselected package python3-mako.
INFO:kolla.common.utils.zaqar-base:Preparing to unpack .../13-python3-mako_1.0.7+ds1-1_all.deb ...
INFO:kolla.common.utils.zaqar-base:Unpacking python3-mako (1.0.7+ds1-1) ...
INFO:kolla.common.utils.zaqar-base:Selecting previously unselected package python3-sqlalchemy.
INFO:kolla.common.utils.zaqar-base:Preparing to unpack .../14-python3-sqlalchemy_1.2.18+ds1-2_all.deb ...
INFO:kolla.common.utils.zaqar-base:Unpacking python3-sqlalchemy (1.2.18+ds1-2) ...
INFO:kolla.common.utils.zaqar-base:Selecting previously unselected package python3-alembic.
INFO:kolla.common.utils.zaqar-base:Preparing to unpack .../15-python3-alembic_1.0.0-3_all.deb ...
INFO:kolla.common.utils.zaqar-base:Unpacking python3-alembic (1.0.0-3) ...
INFO:kolla.common.utils.zaqar-base:Selecting previously unselected package libjs-jquery.
INFO:kolla.common.utils.zaqar-base:Preparing to unpack .../16-libjs-jquery_3.3.1~dfsg-3_all.deb ...
INFO:kolla.common.utils.zaqar-base:Unpacking libjs-jquery (3.3.1~dfsg-3) ...
INFO:kolla.common.utils.zaqar-base:Selecting previously unselected package libjs-underscore.
INFO:kolla.common.utils.zaqar-base:Preparing to unpack .../17-libjs-underscore_1.9.1~dfsg-1_all.deb ...
INFO:kolla.common.utils.zaqar-base:Unpacking libjs-underscore (1.9.1~dfsg-1) ...
INFO:kolla.common.utils.zaqar-base:Selecting previously unselected package libjs-sphinxdoc.
INFO:kolla.common.utils.zaqar-base:Preparing to unpack .../18-libjs-sphinxdoc_1.8.4-1_all.deb ...
INFO:kolla.common.utils.zaqar-base:Unpacking libjs-sphinxdoc (1.8.4-1) ...
INFO:kolla.common.utils.zaqar-base:Selecting previously unselected package alembic.
INFO:kolla.common.utils.zaqar-base:Preparing to unpack .../19-alembic_1.0.0-3_all.deb ...
INFO:kolla.common.utils.zaqar-base:Unpacking alembic (1.0.0-3) ...
INFO:kolla.common.utils.zaqar-base:Selecting previously unselected package cython3.
INFO:kolla.common.utils.zaqar-base:Preparing to unpack .../20-cython3_0.29.2-2_s390x.deb ...
INFO:kolla.common.utils.zaqar-base:Unpacking cython3 (0.29.2-2) ...
INFO:kolla.common.utils.zaqar-base:Selecting previously unselected package dbconfig-common.
INFO:kolla.common.utils.zaqar-base:Preparing to unpack .../21-dbconfig-common_2.0.11+deb10u1_all.deb ...
INFO:kolla.common.utils.zaqar-base:Unpacking dbconfig-common (2.0.11+deb10u1) ...
INFO:kolla.common.utils.zaqar-base:Selecting previously unselected package libpython3.7:s390x.
INFO:kolla.common.utils.zaqar-base:Preparing to unpack .../22-libpython3.7_3.7.3-2+deb10u1_s390x.deb ...
INFO:kolla.common.utils.zaqar-base:Unpacking libpython3.7:s390x (3.7.3-2+deb10u1) ...
INFO:kolla.common.utils.zaqar-base:Selecting previously unselected package libapache2-mod-wsgi-py3.
INFO:kolla.common.utils.zaqar-base:Preparing to unpack .../23-libapache2-mod-wsgi-py3_4.6.5-1_s390x.deb ...
INFO:kolla.common.utils.zaqar-base:Unpacking libapache2-mod-wsgi-py3 (4.6.5-1) ...
INFO:kolla.common.utils.zaqar-base:Selecting previously unselected package libnorm1:s390x.
INFO:kolla.common.utils.zaqar-base:Preparing to unpack .../24-libnorm1_1.5.8+dfsg2-1_s390x.deb ...
INFO:kolla.common.utils.zaqar-base:Unpacking libnorm1:s390x (1.5.8+dfsg2-1) ...
INFO:kolla.common.utils.zaqar-base:Selecting previously unselected package libpgm-5.2-0:s390x.
INFO:kolla.common.utils.zaqar-base:Preparing to unpack .../25-libpgm-5.2-0_5.2.122~dfsg-3_s390x.deb ...
INFO:kolla.common.utils.zaqar-base:Unpacking libpgm-5.2-0:s390x (5.2.122~dfsg-3) ...
INFO:kolla.common.utils.zaqar-base:Selecting previously unselected package libsnappy1v5:s390x.
INFO:kolla.common.utils.zaqar-base:Preparing to unpack .../26-libsnappy1v5_1.1.7-1_s390x.deb ...
INFO:kolla.common.utils.zaqar-base:Unpacking libsnappy1v5:s390x (1.1.7-1) ...
INFO:kolla.common.utils.zaqar-base:Selecting previously unselected package libsodium23:s390x.
INFO:kolla.common.utils.zaqar-base:Preparing to unpack .../27-libsodium23_1.0.17-1_s390x.deb ...
INFO:kolla.common.utils.zaqar-base:Unpacking libsodium23:s390x (1.0.17-1) ...
INFO:kolla.common.utils.zaqar-base:Selecting previously unselected package libzmq5:s390x.
INFO:kolla.common.utils.zaqar-base:Preparing to unpack .../28-libzmq5_4.3.1-4+deb10u1_s390x.deb ...
INFO:kolla.common.utils.zaqar-base:Unpacking libzmq5:s390x (4.3.1-4+deb10u1) ...
INFO:kolla.common.utils.zaqar-base:Selecting previously unselected package pycadf-common.
INFO:kolla.common.utils.zaqar-base:Preparing to unpack .../29-pycadf-common_2.7.0-2_all.deb ...
INFO:kolla.common.utils.zaqar-base:Unpacking pycadf-common (2.7.0-2) ...
INFO:kolla.common.utils.zaqar-base:Selecting previously unselected package python-pastedeploy-tpl.
INFO:kolla.common.utils.zaqar-base:Preparing to unpack .../30-python-pastedeploy-tpl_2.0.1-1_all.deb ...
INFO:kolla.common.utils.zaqar-base:Unpacking python-pastedeploy-tpl (2.0.1-1) ...
INFO:kolla.common.utils.zaqar-base:Selecting previously unselected package python3-vine.
INFO:kolla.common.utils.zaqar-base:Preparing to unpack .../31-python3-vine_1.1.4+dfsg-2_all.deb ...
INFO:kolla.common.utils.zaqar-base:Unpacking python3-vine (1.1.4+dfsg-2) ...
INFO:kolla.common.utils.zaqar-base:Selecting previously unselected package python3-amqp.
INFO:kolla.common.utils.zaqar-base:Preparing to unpack .../32-python3-amqp_2.4.0-2_all.deb ...
INFO:kolla.common.utils.zaqar-base:Unpacking python3-amqp (2.4.0-2) ...
INFO:kolla.common.utils.zaqar-base:Selecting previously unselected package python3-anyjson.
INFO:kolla.common.utils.zaqar-base:Preparing to unpack .../33-python3-anyjson_0.3.3-1_all.deb ...
INFO:kolla.common.utils.zaqar-base:Unpacking python3-anyjson (0.3.3-1) ...
INFO:kolla.common.utils.zaqar-base:Selecting previously unselected package python3-attr.
INFO:kolla.common.utils.zaqar-base:Preparing to unpack .../34-python3-attr_18.2.0-1_all.deb ...
INFO:kolla.common.utils.zaqar-base:Unpacking python3-attr (18.2.0-1) ...
INFO:kolla.common.utils.zaqar-base:Selecting previously unselected package python3-cbor.
INFO:kolla.common.utils.zaqar-base:Preparing to unpack .../35-python3-cbor_1.0.0-1+b1_s390x.deb ...
INFO:kolla.common.utils.zaqar-base:Unpacking python3-cbor (1.0.0-1+b1) ...
INFO:kolla.common.utils.zaqar-base:Selecting previously unselected package python3-lz4.
INFO:kolla.common.utils.zaqar-base:Preparing to unpack .../36-python3-lz4_1.1.0+dfsg-1_s390x.deb ...
INFO:kolla.common.utils.zaqar-base:Unpacking python3-lz4 (1.1.0+dfsg-1) ...
INFO:kolla.common.utils.zaqar-base:Selecting previously unselected package python3-nacl.
INFO:kolla.common.utils.zaqar-base:Preparing to unpack .../37-python3-nacl_1.3.0-2_s390x.deb ...
INFO:kolla.common.utils.zaqar-base:Unpacking python3-nacl (1.3.0-2) ...
INFO:kolla.common.utils.zaqar-base:Selecting previously unselected package python3-pyqrcode.
INFO:kolla.common.utils.zaqar-base:Preparing to unpack .../38-python3-pyqrcode_1.2.1-2_all.deb ...
INFO:kolla.common.utils.zaqar-base:Unpacking python3-pyqrcode (1.2.1-2) ...
INFO:kolla.common.utils.zaqar-base:Selecting previously unselected package python3-pyasn1.
INFO:kolla.common.utils.zaqar-base:Preparing to unpack .../39-python3-pyasn1_0.4.2-3_all.deb ...
INFO:kolla.common.utils.zaqar-base:Unpacking python3-pyasn1 (0.4.2-3) ...
INFO:kolla.common.utils.zaqar-base:Selecting previously unselected package python3-pyasn1-modules.
INFO:kolla.common.utils.zaqar-base:Preparing to unpack .../40-python3-pyasn1-modules_0.2.1-0.2_all.deb ...
INFO:kolla.common.utils.zaqar-base:Unpacking python3-pyasn1-modules (0.2.1-0.2) ...
INFO:kolla.common.utils.zaqar-base:Selecting previously unselected package python3-service-identity.
INFO:kolla.common.utils.zaqar-base:Preparing to unpack .../41-python3-service-identity_16.0.0-2_all.deb ...
INFO:kolla.common.utils.zaqar-base:Unpacking python3-service-identity (16.0.0-2) ...
INFO:kolla.common.utils.zaqar-base:Selecting previously unselected package python3-snappy.
INFO:kolla.common.utils.zaqar-base:Preparing to unpack .../42-python3-snappy_0.5.3-1_s390x.deb ...
INFO:kolla.common.utils.zaqar-base:Unpacking python3-snappy (0.5.3-1) ...
INFO:kolla.common.utils.zaqar-base:Selecting previously unselected package python3-trie.
INFO:kolla.common.utils.zaqar-base:Preparing to unpack .../43-python3-trie_0.2+ds-1_all.deb ...
INFO:kolla.common.utils.zaqar-base:Unpacking python3-trie (0.2+ds-1) ...
INFO:kolla.common.utils.zaqar-base:Selecting previously unselected package python3-automat.
INFO:kolla.common.utils.zaqar-base:Preparing to unpack .../44-python3-automat_0.6.0-1_all.deb ...
INFO:kolla.common.utils.zaqar-base:Unpacking python3-automat (0.6.0-1) ...
INFO:kolla.common.utils.zaqar-base:Selecting previously unselected package python3-constantly.
INFO:kolla.common.utils.zaqar-base:Preparing to unpack .../45-python3-constantly_15.1.0-1_all.deb ...
INFO:kolla.common.utils.zaqar-base:Unpacking python3-constantly (15.1.0-1) ...
INFO:kolla.common.utils.zaqar-base:Selecting previously unselected package python3-hyperlink.
INFO:kolla.common.utils.zaqar-base:Preparing to unpack .../46-python3-hyperlink_17.3.1-2_all.deb ...
INFO:kolla.common.utils.zaqar-base:Unpacking python3-hyperlink (17.3.1-2) ...
INFO:kolla.common.utils.zaqar-base:Selecting previously unselected package python3-incremental.
INFO:kolla.common.utils.zaqar-base:Preparing to unpack .../47-python3-incremental_16.10.1-3_all.deb ...
INFO:kolla.common.utils.zaqar-base:Unpacking python3-incremental (16.10.1-3) ...
INFO:kolla.common.utils.zaqar-base:Selecting previously unselected package python3-twisted-bin:s390x.
INFO:kolla.common.utils.zaqar-base:Preparing to unpack .../48-python3-twisted-bin_18.9.0-3_s390x.deb ...
INFO:kolla.common.utils.zaqar-base:Unpacking python3-twisted-bin:s390x (18.9.0-3) ...
INFO:kolla.common.utils.zaqar-base:Selecting previously unselected package python3-twisted.
INFO:kolla.common.utils.zaqar-base:Preparing to unpack .../49-python3-twisted_18.9.0-3_all.deb ...
INFO:kolla.common.utils.zaqar-base:Unpacking python3-twisted (18.9.0-3) ...
INFO:kolla.common.utils.zaqar-base:Selecting previously unselected package python3-txaio.
INFO:kolla.common.utils.zaqar-base:Preparing to unpack .../50-python3-txaio_2.10.0-1_all.deb ...
INFO:kolla.common.utils.zaqar-base:Unpacking python3-txaio (2.10.0-1) ...
INFO:kolla.common.utils.zaqar-base:Selecting previously unselected package python3-u-msgpack.
INFO:kolla.common.utils.zaqar-base:Preparing to unpack .../51-python3-u-msgpack_2.1-1_all.deb ...
INFO:kolla.common.utils.zaqar-base:Unpacking python3-u-msgpack (2.1-1) ...
INFO:kolla.common.utils.zaqar-base:Selecting previously unselected package python3-ubjson.
INFO:kolla.common.utils.zaqar-base:Preparing to unpack .../52-python3-ubjson_0.12.0-1_s390x.deb ...
INFO:kolla.common.utils.zaqar-base:Unpacking python3-ubjson (0.12.0-1) ...
INFO:kolla.common.utils.zaqar-base:Selecting previously unselected package python3-wsaccel.
INFO:kolla.common.utils.zaqar-base:Preparing to unpack .../53-python3-wsaccel_0.6.2-1+b1_s390x.deb ...
INFO:kolla.common.utils.zaqar-base:Unpacking python3-wsaccel (0.6.2-1+b1) ...
INFO:kolla.common.utils.zaqar-base:Selecting previously unselected package python3-autobahn.
INFO:kolla.common.utils.zaqar-base:Preparing to unpack .../54-python3-autobahn_17.10.1+dfsg1-3+deb10u1_all.deb ...
INFO:kolla.common.utils.zaqar-base:Unpacking python3-autobahn (17.10.1+dfsg1-3+deb10u1) ...
INFO:kolla.common.utils.zaqar-base:Selecting previously unselected package python3-cachetools.
INFO:kolla.common.utils.zaqar-base:Preparing to unpack .../55-python3-cachetools_3.1.0-2_all.deb ...
INFO:kolla.common.utils.zaqar-base:Unpacking python3-cachetools (3.1.0-2) ...
INFO:kolla.common.utils.zaqar-base:Selecting previously unselected package python3-falcon.
INFO:kolla.common.utils.zaqar-base:Preparing to unpack .../56-python3-falcon_1.0.0-2+b3_s390x.deb ...
INFO:kolla.common.utils.zaqar-base:Unpacking python3-falcon (1.0.0-2+b3) ...
INFO:kolla.common.utils.zaqar-base:Selecting previously unselected package python3-kafka.
INFO:kolla.common.utils.zaqar-base:Preparing to unpack .../57-python3-kafka_1.4.3-1_all.deb ...
INFO:kolla.common.utils.zaqar-base:Unpacking python3-kafka (1.4.3-1) ...
INFO:kolla.common.utils.zaqar-base:Selecting previously unselected package python3-oslo.cache.
INFO:kolla.common.utils.zaqar-base:Preparing to unpack .../58-python3-oslo.cache_1.30.3-1_all.deb ...
INFO:kolla.common.utils.zaqar-base:Unpacking python3-oslo.cache (1.30.3-1) ...
INFO:kolla.common.utils.zaqar-base:Selecting previously unselected package python3-pycadf.
INFO:kolla.common.utils.zaqar-base:Preparing to unpack .../59-python3-pycadf_2.7.0-2_all.deb ...
INFO:kolla.common.utils.zaqar-base:Unpacking python3-pycadf (2.7.0-2) ...
INFO:kolla.common.utils.zaqar-base:Selecting previously unselected package python3-keystonemiddleware.
INFO:kolla.common.utils.zaqar-base:Preparing to unpack .../60-python3-keystonemiddleware_5.2.0-2_all.deb ...
INFO:kolla.common.utils.zaqar-base:Unpacking python3-keystonemiddleware (5.2.0-2) ...
INFO:kolla.common.utils.zaqar-base:Selecting previously unselected package python3-kombu.
INFO:kolla.common.utils.zaqar-base:Preparing to unpack .../61-python3-kombu_4.2.1-3_all.deb ...
INFO:kolla.common.utils.zaqar-base:Unpacking python3-kombu (4.2.1-3) ...
INFO:kolla.common.utils.zaqar-base:Selecting previously unselected package python3-ldap:s390x.
INFO:kolla.common.utils.zaqar-base:Preparing to unpack .../62-python3-ldap_3.1.0-2_s390x.deb ...
INFO:kolla.common.utils.zaqar-base:Unpacking python3-ldap:s390x (3.1.0-2) ...
INFO:kolla.common.utils.zaqar-base:Selecting previously unselected package python3-ldappool.
INFO:kolla.common.utils.zaqar-base:Preparing to unpack .../63-python3-ldappool_2.3.1-1_all.deb ...
INFO:kolla.common.utils.zaqar-base:Unpacking python3-ldappool (2.3.1-1) ...
INFO:kolla.common.utils.zaqar-base:Selecting previously unselected package python3-sqlparse.
INFO:kolla.common.utils.zaqar-base:Preparing to unpack .../64-python3-sqlparse_0.2.4-1_all.deb ...
INFO:kolla.common.utils.zaqar-base:Unpacking python3-sqlparse (0.2.4-1) ...
INFO:kolla.common.utils.zaqar-base:Selecting previously unselected package python3-tempita.
INFO:kolla.common.utils.zaqar-base:Preparing to unpack .../65-python3-tempita_0.5.2-2_all.deb ...
INFO:kolla.common.utils.zaqar-base:Unpacking python3-tempita (0.5.2-2) ...
INFO:kolla.common.utils.zaqar-base:Selecting previously unselected package python3-migrate.
INFO:kolla.common.utils.zaqar-base:Preparing to unpack .../66-python3-migrate_0.11.0-5_all.deb ...
INFO:kolla.common.utils.zaqar-base:Unpacking python3-migrate (0.11.0-5) ...
INFO:kolla.common.utils.zaqar-base:Selecting previously unselected package python3-testresources.
INFO:kolla.common.utils.zaqar-base:Preparing to unpack .../67-python3-testresources_2.0.0-2_all.deb ...
INFO:kolla.common.utils.zaqar-base:Unpacking python3-testresources (2.0.0-2) ...
INFO:kolla.common.utils.zaqar-base:Selecting previously unselected package python3-testscenarios.
INFO:kolla.common.utils.zaqar-base:Preparing to unpack .../68-python3-testscenarios_0.5.0-2_all.deb ...
INFO:kolla.common.utils.zaqar-base:Unpacking python3-testscenarios (0.5.0-2) ...
INFO:kolla.common.utils.zaqar-base:Selecting previously unselected package python3-oslo.db.
INFO:kolla.common.utils.zaqar-base:Preparing to unpack .../69-python3-oslo.db_4.40.0-3_all.deb ...
INFO:kolla.common.utils.zaqar-base:Unpacking python3-oslo.db (4.40.0-3) ...
INFO:kolla.common.utils.zaqar-base:Selecting previously unselected package python3-statsd.
INFO:kolla.common.utils.zaqar-base:Preparing to unpack .../70-python3-statsd_3.2.1-2_all.deb ...
INFO:kolla.common.utils.zaqar-base:Unpacking python3-statsd (3.2.1-2) ...
INFO:kolla.common.utils.zaqar-base:Selecting previously unselected package python3-oslo.middleware.
INFO:kolla.common.utils.zaqar-base:Preparing to unpack .../71-python3-oslo.middleware_3.36.0-2_all.deb ...
INFO:kolla.common.utils.zaqar-base:Unpacking python3-oslo.middleware (3.36.0-2) ...
INFO:kolla.common.utils.zaqar-base:Selecting previously unselected package python3-paste.
INFO:kolla.common.utils.zaqar-base:Preparing to unpack .../72-python3-paste_3.0.6+dfsg-1_all.deb ...
INFO:kolla.common.utils.zaqar-base:Unpacking python3-paste (3.0.6+dfsg-1) ...
INFO:kolla.common.utils.zaqar-base:Selecting previously unselected package python3-pastedeploy.
INFO:kolla.common.utils.zaqar-base:Preparing to unpack .../73-python3-pastedeploy_2.0.1-1_all.deb ...
INFO:kolla.common.utils.zaqar-base:Unpacking python3-pastedeploy (2.0.1-1) ...
INFO:kolla.common.utils.zaqar-base:Selecting previously unselected package python3-repoze.lru.
INFO:kolla.common.utils.zaqar-base:Preparing to unpack .../74-python3-repoze.lru_0.7-1_all.deb ...
INFO:kolla.common.utils.zaqar-base:Unpacking python3-repoze.lru (0.7-1) ...
INFO:kolla.common.utils.zaqar-base:Selecting previously unselected package python3-routes.
INFO:kolla.common.utils.zaqar-base:Preparing to unpack .../75-python3-routes_2.4.1-1_all.deb ...
INFO:kolla.common.utils.zaqar-base:Unpacking python3-routes (2.4.1-1) ...
INFO:kolla.common.utils.zaqar-base:Selecting previously unselected package python3-oslo.service.
INFO:kolla.common.utils.zaqar-base:Preparing to unpack .../76-python3-oslo.service_1.31.8-1_all.deb ...
INFO:kolla.common.utils.zaqar-base:Unpacking python3-oslo.service (1.31.8-1) ...
INFO:kolla.common.utils.zaqar-base:Selecting previously unselected package python3-tenacity.
INFO:kolla.common.utils.zaqar-base:Preparing to unpack .../77-python3-tenacity_4.12.0-2_all.deb ...
INFO:kolla.common.utils.zaqar-base:Unpacking python3-tenacity (4.12.0-2) ...
INFO:kolla.common.utils.zaqar-base:Selecting previously unselected package python3-zmq.
INFO:kolla.common.utils.zaqar-base:Preparing to unpack .../78-python3-zmq_17.1.2-2_s390x.deb ...
INFO:kolla.common.utils.zaqar-base:Unpacking python3-zmq (17.1.2-2) ...
INFO:kolla.common.utils.zaqar-base:Selecting previously unselected package python3-oslo.messaging.
INFO:kolla.common.utils.zaqar-base:Preparing to unpack .../79-python3-oslo.messaging_8.1.4-1+deb10u1_all.deb ...
INFO:kolla.common.utils.zaqar-base:Unpacking python3-oslo.messaging (8.1.4-1+deb10u1) ...
INFO:kolla.common.utils.zaqar-base:Selecting previously unselected package python3-oslo.policy.
INFO:kolla.common.utils.zaqar-base:Preparing to unpack .../80-python3-oslo.policy_1.38.1-2_all.deb ...
INFO:kolla.common.utils.zaqar-base:Unpacking python3-oslo.policy (1.38.1-2) ...
INFO:kolla.common.utils.zaqar-base:Selecting previously unselected package python3-psutil.
INFO:kolla.common.utils.zaqar-base:Preparing to unpack .../81-python3-psutil_5.5.1-1_s390x.deb ...
INFO:kolla.common.utils.zaqar-base:Unpacking python3-psutil (5.5.1-1) ...
INFO:kolla.common.utils.zaqar-base:Selecting previously unselected package python3-oslo.reports.
INFO:kolla.common.utils.zaqar-base:Preparing to unpack .../82-python3-oslo.reports_1.28.0-2_all.deb ...
INFO:kolla.common.utils.zaqar-base:Unpacking python3-oslo.reports (1.28.0-2) ...
INFO:kolla.common.utils.zaqar-base:Selecting previously unselected package python3-zaqar.
INFO:kolla.common.utils.zaqar-base:Preparing to unpack .../83-python3-zaqar_7.0.0-1_all.deb ...
INFO:kolla.common.utils.zaqar-base:Unpacking python3-zaqar (7.0.0-1) ...
INFO:kolla.common.utils.zaqar-base:Selecting previously unselected package sqlite3.
INFO:kolla.common.utils.zaqar-base:Preparing to unpack .../84-sqlite3_3.27.2-3_s390x.deb ...
INFO:kolla.common.utils.zaqar-base:Unpacking sqlite3 (3.27.2-3) ...
INFO:kolla.common.utils.zaqar-base:Selecting previously unselected package zaqar-common.
INFO:kolla.common.utils.zaqar-base:Preparing to unpack .../85-zaqar-common_7.0.0-1_all.deb ...
INFO:kolla.common.utils.zaqar-base:Unpacking zaqar-common (7.0.0-1) ...
INFO:kolla.common.utils.zaqar-base:Setting up python3-cbor (1.0.0-1+b1) ...
INFO:kolla.common.utils.zaqar-base:Setting up python3-oslo.policy (1.38.1-2) ...
INFO:kolla.common.utils.zaqar-base:update-alternatives: using /usr/bin/python3-oslopolicy-checker to provide /usr/bin/oslopolicy-checker (oslopolicy-checker) in auto mode
INFO:kolla.common.utils.zaqar-base:update-alternatives: using /usr/bin/python3-oslopolicy-list-redundant to provide /usr/bin/oslopolicy-list-redundant (oslopolicy-list-redundant) in auto mode
INFO:kolla.common.utils.zaqar-base:update-alternatives: using /usr/bin/python3-oslopolicy-policy-generator to provide /usr/bin/oslopolicy-policy-generator (oslopolicy-policy-generator) in auto mode
INFO:kolla.common.utils.zaqar-base:update-alternatives: using /usr/bin/python3-oslopolicy-sample-generator to provide /usr/bin/oslopolicy-sample-generator (oslopolicy-sample-generator) in auto mode
INFO:kolla.common.utils.zaqar-base:Setting up python3-attr (18.2.0-1) ...
INFO:kolla.common.utils.zaqar-base:Setting up python3-testresources (2.0.0-2) ...
INFO:kolla.common.utils.zaqar-base:Setting up libsodium23:s390x (1.0.17-1) ...
INFO:kolla.common.utils.zaqar-base:Setting up python3-repoze.lru (0.7-1) ...
INFO:kolla.common.utils.zaqar-base:Setting up libpython3.7:s390x (3.7.3-2+deb10u1) ...
INFO:kolla.common.utils.zaqar-base:Setting up python3-cachetools (3.1.0-2) ...
INFO:kolla.common.utils.zaqar-base:Setting up python3-lz4 (1.1.0+dfsg-1) ...
INFO:kolla.common.utils.zaqar-base:Setting up python3-statsd (3.2.1-2) ...
INFO:kolla.common.utils.zaqar-base:Setting up python3-tenacity (4.12.0-2) ...
INFO:kolla.common.utils.zaqar-base:Setting up libbrotli1:s390x (1.0.7-2) ...
INFO:kolla.common.utils.zaqar-base:Setting up python3-automat (0.6.0-1) ...
INFO:kolla.common.utils.zaqar-base:Setting up libnorm1:s390x (1.5.8+dfsg2-1) ...
INFO:kolla.common.utils.zaqar-base:Setting up python3-twisted-bin:s390x (18.9.0-3) ...
INFO:kolla.common.utils.zaqar-base:Setting up libapr1:s390x (1.6.5-1+b1) ...
INFO:kolla.common.utils.zaqar-base:Setting up python3-falcon (1.0.0-2+b3) ...
INFO:kolla.common.utils.zaqar-base:update-alternatives: using /usr/bin/python3-falcon-bench to provide /usr/bin/falcon-bench (falcon-bench) in auto mode
INFO:kolla.common.utils.zaqar-base:Setting up python3-kafka (1.4.3-1) ...
INFO:kolla.common.utils.zaqar-base:Setting up python3-psutil (5.5.1-1) ...
INFO:kolla.common.utils.zaqar-base:Setting up python3-sqlalchemy (1.2.18+ds1-2) ...
INFO:kolla.common.utils.zaqar-base:Setting up libjansson4:s390x (2.12-1) ...
INFO:kolla.common.utils.zaqar-base:Setting up python3-vine (1.1.4+dfsg-2) ...
INFO:kolla.common.utils.zaqar-base:Setting up libsnappy1v5:s390x (1.1.7-1) ...
INFO:kolla.common.utils.zaqar-base:Setting up python3-routes (2.4.1-1) ...
INFO:kolla.common.utils.zaqar-base:Setting up python3-tempita (0.5.2-2) ...
INFO:kolla.common.utils.zaqar-base:Setting up python3-sqlparse (0.2.4-1) ...
INFO:kolla.common.utils.zaqar-base:Setting up python-pastedeploy-tpl (2.0.1-1) ...
INFO:kolla.common.utils.zaqar-base:Setting up python3-paste (3.0.6+dfsg-1) ...
INFO:kolla.common.utils.zaqar-base:Setting up python3-oslo.middleware (3.36.0-2) ...
INFO:kolla.common.utils.zaqar-base:Setting up python3-incremental (16.10.1-3) ...
INFO:kolla.common.utils.zaqar-base:Setting up python3-hyperlink (17.3.1-2) ...
INFO:kolla.common.utils.zaqar-base:Setting up cython3 (0.29.2-2) ...
INFO:kolla.common.utils.zaqar-base:Setting up python3-pyqrcode (1.2.1-2) ...
INFO:kolla.common.utils.zaqar-base:Setting up ucf (3.0038+nmu1) ...
INFO:kolla.common.utils.zaqar-base:Setting up pycadf-common (2.7.0-2) ...
INFO:kolla.common.utils.zaqar-base:Setting up liblua5.2-0:s390x (5.2.4-1.1+b2) ...
INFO:kolla.common.utils.zaqar-base:Setting up python3-amqp (2.4.0-2) ...
INFO:kolla.common.utils.zaqar-base:Setting up python3-pyasn1 (0.4.2-3) ...
INFO:kolla.common.utils.zaqar-base:Setting up python3-wsaccel (0.6.2-1+b1) ...
INFO:kolla.common.utils.zaqar-base:Setting up python3-testscenarios (0.5.0-2) ...
INFO:kolla.common.utils.zaqar-base:Setting up python3-snappy (0.5.3-1) ...
INFO:kolla.common.utils.zaqar-base:Setting up python3-constantly (15.1.0-1) ...
INFO:kolla.common.utils.zaqar-base:Setting up python3-anyjson (0.3.3-1) ...
INFO:kolla.common.utils.zaqar-base:Setting up apache2-data (2.4.38-3+deb10u3) ...
INFO:kolla.common.utils.zaqar-base:Setting up python3-oslo.cache (1.30.3-1) ...
INFO:kolla.common.utils.zaqar-base:Setting up libjs-jquery (3.3.1~dfsg-3) ...
INFO:kolla.common.utils.zaqar-base:Setting up python3-ubjson (0.12.0-1) ...
INFO:kolla.common.utils.zaqar-base:Setting up python3-trie (0.2+ds-1) ...
INFO:kolla.common.utils.zaqar-base:Setting up python3-pycadf (2.7.0-2) ...
INFO:kolla.common.utils.zaqar-base:Setting up python3-u-msgpack (2.1-1) ...
INFO:kolla.common.utils.zaqar-base:Setting up python3-migrate (0.11.0-5) ...
INFO:kolla.common.utils.zaqar-base:update-alternatives: using /usr/bin/python3-migrate to provide /usr/bin/migrate (migrate) in auto mode
INFO:kolla.common.utils.zaqar-base:update-alternatives: using /usr/bin/python3-migrate-repository to provide /usr/bin/migrate-repository (migrate-repository) in auto mode
INFO:kolla.common.utils.zaqar-base:Setting up sqlite3 (3.27.2-3) ...
INFO:kolla.common.utils.zaqar-base:Setting up python3-nacl (1.3.0-2) ...
INFO:kolla.common.utils.zaqar-base:Setting up python3-mako (1.0.7+ds1-1) ...
INFO:kolla.common.utils.zaqar-base:Setting up python3-editor (1.0.3-1) ...
INFO:kolla.common.utils.zaqar-base:Setting up libpgm-5.2-0:s390x (5.2.122~dfsg-3) ...
INFO:kolla.common.utils.zaqar-base:Setting up libjs-underscore (1.9.1~dfsg-1) ...
INFO:kolla.common.utils.zaqar-base:Setting up libaprutil1:s390x (1.6.1-4) ...
INFO:kolla.common.utils.zaqar-base:Setting up python3-oslo.reports (1.28.0-2) ...
INFO:kolla.common.utils.zaqar-base:Setting up libzmq5:s390x (4.3.1-4+deb10u1) ...
INFO:kolla.common.utils.zaqar-base:Setting up python3-keystonemiddleware (5.2.0-2) ...
INFO:kolla.common.utils.zaqar-base:Setting up python3-pastedeploy (2.0.1-1) ...
INFO:kolla.common.utils.zaqar-base:Setting up dbconfig-common (2.0.11+deb10u1) ...
INFO:kolla.common.utils.zaqar-base:
INFO:kolla.common.utils.zaqar-base:Creating config file /etc/dbconfig-common/config with new version
INFO:kolla.common.utils.zaqar-base:Setting up libaprutil1-ldap:s390x (1.6.1-4) ...
INFO:kolla.common.utils.zaqar-base:Setting up python3-oslo.service (1.31.8-1) ...
INFO:kolla.common.utils.zaqar-base:Setting up libaprutil1-dbd-sqlite3:s390x (1.6.1-4) ...
INFO:kolla.common.utils.zaqar-base:Setting up python3-kombu (4.2.1-3) ...
INFO:kolla.common.utils.zaqar-base:Setting up python3-pyasn1-modules (0.2.1-0.2) ...
INFO:kolla.common.utils.zaqar-base:Setting up python3-zmq (17.1.2-2) ...
INFO:kolla.common.utils.zaqar-base:Setting up python3-service-identity (16.0.0-2) ...
INFO:kolla.common.utils.zaqar-base:Setting up libjs-sphinxdoc (1.8.4-1) ...
INFO:kolla.common.utils.zaqar-base:Setting up python3-oslo.messaging (8.1.4-1+deb10u1) ...
INFO:kolla.common.utils.zaqar-base:update-alternatives: using /usr/bin/python3-oslo-messaging-send-notification to provide /usr/bin/oslo-messaging-send-notification (oslo-messaging-send-notification) in auto mode
INFO:kolla.common.utils.zaqar-base:update-alternatives: using /usr/bin/python3-oslo-messaging-zmq-broker to provide /usr/bin/oslo-messaging-zmq-broker (oslo-messaging-zmq-broker) in auto mode
INFO:kolla.common.utils.zaqar-base:Setting up python3-alembic (1.0.0-3) ...
INFO:kolla.common.utils.zaqar-base:Setting up apache2-utils (2.4.38-3+deb10u3) ...
INFO:kolla.common.utils.zaqar-base:Setting up alembic (1.0.0-3) ...
INFO:kolla.common.utils.zaqar-base:Setting up python3-ldap:s390x (3.1.0-2) ...
INFO:kolla.common.utils.zaqar-base:Setting up apache2-bin (2.4.38-3+deb10u3) ...
INFO:kolla.common.utils.zaqar-base:Setting up python3-twisted (18.9.0-3) ...
INFO:kolla.common.utils.zaqar-base:Setting up python3-ldappool (2.3.1-1) ...
INFO:kolla.common.utils.zaqar-base:Setting up python3-oslo.db (4.40.0-3) ...
INFO:kolla.common.utils.zaqar-base:Setting up python3-txaio (2.10.0-1) ...
INFO:kolla.common.utils.zaqar-base:Setting up python3-autobahn (17.10.1+dfsg1-3+deb10u1) ...
INFO:kolla.common.utils.zaqar-base:Setting up apache2 (2.4.38-3+deb10u3) ...
INFO:kolla.common.utils.zaqar-base:Enabling module mpm_event.
INFO:kolla.common.utils.zaqar-base:Enabling module authz_core.
INFO:kolla.common.utils.zaqar-base:Enabling module authz_host.
INFO:kolla.common.utils.zaqar-base:Enabling module authn_core.
INFO:kolla.common.utils.zaqar-base:Enabling module auth_basic.
INFO:kolla.common.utils.zaqar-base:Enabling module access_compat.
INFO:kolla.common.utils.zaqar-base:Enabling module authn_file.
INFO:kolla.common.utils.zaqar-base:Enabling module authz_user.
INFO:kolla.common.utils.zaqar-base:Enabling module alias.
INFO:kolla.common.utils.zaqar-base:Enabling module dir.
INFO:kolla.common.utils.zaqar-base:Enabling module autoindex.
INFO:kolla.common.utils.zaqar-base:Enabling module env.
INFO:kolla.common.utils.zaqar-base:Enabling module mime.
INFO:kolla.common.utils.zaqar-base:Enabling module negotiation.
INFO:kolla.common.utils.zaqar-base:Enabling module setenvif.
INFO:kolla.common.utils.zaqar-base:Enabling module filter.
INFO:kolla.common.utils.zaqar-base:Enabling module deflate.
INFO:kolla.common.utils.zaqar-base:Enabling module status.
INFO:kolla.common.utils.zaqar-base:Enabling module reqtimeout.
INFO:kolla.common.utils.zaqar-base:Enabling conf charset.
INFO:kolla.common.utils.zaqar-base:Enabling conf localized-error-pages.
INFO:kolla.common.utils.zaqar-base:Enabling conf other-vhosts-access-log.
INFO:kolla.common.utils.zaqar-base:Enabling conf security.
INFO:kolla.common.utils.zaqar-base:Enabling conf serve-cgi-bin.
INFO:kolla.common.utils.zaqar-base:Enabling site 000-default.
INFO:kolla.common.utils.zaqar-base:invoke-rc.d: could not determine current runlevel
INFO:kolla.common.utils.zaqar-base:invoke-rc.d: policy-rc.d denied execution of start.
INFO:kolla.common.utils.zaqar-base:Setting up libapache2-mod-wsgi-py3 (4.6.5-1) ...
INFO:kolla.common.utils.zaqar-base:apache2_invoke: Enable module wsgi
INFO:kolla.common.utils.zaqar-base:invoke-rc.d: could not determine current runlevel
INFO:kolla.common.utils.zaqar-base:invoke-rc.d: policy-rc.d denied execution of restart.
INFO:kolla.common.utils.zaqar-base:Setting up python3-zaqar (7.0.0-1) ...
INFO:kolla.common.utils.zaqar-base:Setting up zaqar-common (7.0.0-1) ...
INFO:kolla.common.utils.zaqar-base:Processing triggers for libc-bin (2.28-10) ...
INFO:kolla.common.utils.zaqar-base:Removing intermediate container 4bede2e5d479
INFO:kolla.common.utils.zaqar-base: ---> 02c824756a0d
INFO:kolla.common.utils.zaqar-base:Step 5/6 : COPY extend_start.sh /usr/local/bin/kolla_extend_start
INFO:kolla.common.utils.zaqar-base: ---> 385ee1a47804
INFO:kolla.common.utils.zaqar-base:Step 6/6 : RUN touch /usr/local/bin/kolla_zaqar_extend_start     && chmod 755 /var/www/cgi-bin/zaqar     && chmod 755 /usr/local/bin/kolla_extend_start /usr/local/bin/kolla_zaqar_extend_start
INFO:kolla.common.utils.zaqar-base: ---> Running in db14655d4b48
INFO:kolla.common.utils.zaqar-base:Removing intermediate container db14655d4b48
INFO:kolla.common.utils.zaqar-base: ---> e9b43f92e0e1
INFO:kolla.common.utils.zaqar-base:Successfully built e9b43f92e0e1
INFO:kolla.common.utils.zaqar-base:Successfully tagged s390x/debian-binary-zaqar-base:9.1.0
INFO:kolla.common.utils.zaqar-base:Built at 2020-03-02 21:25:23.035842 (took 0:00:50.434175)
