INFO:kolla.common.utils.certmonger:Building started at 2020-03-02 21:31:15.412757
INFO:kolla.common.utils.certmonger:Step 1/3 : FROM s390x/debian-source-base:9.1.0
INFO:kolla.common.utils.certmonger: ---> 80efb5983713
INFO:kolla.common.utils.certmonger:Step 2/3 : LABEL maintainer="Kolla Project (https://launchpad.net/kolla)" name="certmonger" build-date="20200302"
INFO:kolla.common.utils.certmonger: ---> Running in 3537a4554d3f
INFO:kolla.common.utils.certmonger:Removing intermediate container 3537a4554d3f
INFO:kolla.common.utils.certmonger: ---> 2e104c2718db
INFO:kolla.common.utils.certmonger:Step 3/3 : RUN apt-get update && apt-get -y install --no-install-recommends certmonger && apt-get clean && rm -rf /var/lib/apt/lists/*
INFO:kolla.common.utils.certmonger: ---> Running in 91ef29e32dac
INFO:kolla.common.utils.certmonger:Get:1 http://deb.debian.org/debian buster InRelease [122 kB]
INFO:kolla.common.utils.certmonger:Get:2 http://deb.debian.org/debian buster-backports InRelease [46.7 kB]
INFO:kolla.common.utils.certmonger:Get:3 http://security-cdn.debian.org/debian-security buster/updates InRelease [65.4 kB]
INFO:kolla.common.utils.certmonger:Get:4 http://deb.debian.org/debian buster/main s390x Packages [7,624 kB]
INFO:kolla.common.utils.certmonger:Get:5 http://buster-train.debian.net/debian buster-train-backports InRelease [3,660 B]
INFO:kolla.common.utils.certmonger:Get:6 http://buster-train.debian.net/debian buster-train-backports-nochange InRelease [3,669 B]
INFO:kolla.common.utils.certmonger:Get:7 http://deb.debian.org/debian buster-backports/main s390x Packages [209 kB]
INFO:kolla.common.utils.certmonger:Get:8 http://security-cdn.debian.org/debian-security buster/updates/main s390x Packages [161 kB]
INFO:kolla.common.utils.certmonger:Fetched 8,235 kB in 2s (5,151 kB/s)
INFO:kolla.common.utils.certmonger:Reading package lists...
INFO:kolla.common.utils.certmonger:[91mW: Skipping acquire of configured file 'main/binary-s390x/Packages' as repository 'http://buster-train.debian.net/debian buster-train-backports InRelease' does not seem to provide it (sources.list entry misspelt?)
INFO:kolla.common.utils.certmonger:W: Skipping acquire of configured file 'main/binary-s390x/Packages' as repository 'http://buster-train.debian.net/debian buster-train-backports-nochange InRelease' does not seem to provide it (sources.list entry misspelt?)
INFO:kolla.common.utils.certmonger:[0m
INFO:kolla.common.utils.certmonger:Reading package lists...
INFO:kolla.common.utils.certmonger:Building dependency tree...
INFO:kolla.common.utils.certmonger:Reading state information...
INFO:kolla.common.utils.certmonger:The following additional packages will be installed:
INFO:kolla.common.utils.certmonger:  dbus libapparmor1 libcurl3-nss libdbus-1-3 libicu63 libnspr4 libnss3
INFO:kolla.common.utils.certmonger:  libpopt0 libtalloc2 libtevent0 libxml2 libxmlrpc-core-c3
INFO:kolla.common.utils.certmonger:Suggested packages:
INFO:kolla.common.utils.certmonger:  default-dbus-session-bus | dbus-session-bus
INFO:kolla.common.utils.certmonger:The following NEW packages will be installed:
INFO:kolla.common.utils.certmonger:  certmonger dbus libapparmor1 libcurl3-nss libdbus-1-3 libicu63 libnspr4
INFO:kolla.common.utils.certmonger:  libnss3 libpopt0 libtalloc2 libtevent0 libxml2 libxmlrpc-core-c3
INFO:kolla.common.utils.certmonger:0 upgraded, 13 newly installed, 0 to remove and 0 not upgraded.
INFO:kolla.common.utils.certmonger:Need to get 11.3 MB of archives.
INFO:kolla.common.utils.certmonger:After this operation, 45.1 MB of additional disk space will be used.
INFO:kolla.common.utils.certmonger:Get:1 http://deb.debian.org/debian buster/main s390x libapparmor1 s390x 2.13.2-10 [93.1 kB]
INFO:kolla.common.utils.certmonger:Get:3 http://deb.debian.org/debian buster/main s390x libdbus-1-3 s390x 1.12.16-1 [205 kB]
INFO:kolla.common.utils.certmonger:Get:4 http://deb.debian.org/debian buster/main s390x dbus s390x 1.12.16-1 [224 kB]
INFO:kolla.common.utils.certmonger:Get:5 http://deb.debian.org/debian buster/main s390x libnspr4 s390x 2:4.20-1 [107 kB]
INFO:kolla.common.utils.certmonger:Get:6 http://deb.debian.org/debian buster/main s390x libnss3 s390x 2:3.42.1-1+deb10u2 [1,051 kB]
INFO:kolla.common.utils.certmonger:Get:2 http://security-cdn.debian.org/debian-security buster/updates/main s390x libcurl3-nss s390x 7.64.0-4+deb10u1 [313 kB]
INFO:kolla.common.utils.certmonger:Get:7 http://deb.debian.org/debian buster/main s390x libpopt0 s390x 1.16-12 [47.7 kB]
INFO:kolla.common.utils.certmonger:Get:8 http://deb.debian.org/debian buster/main s390x libtalloc2 s390x 2.1.14-2 [32.2 kB]
INFO:kolla.common.utils.certmonger:Get:9 http://deb.debian.org/debian buster/main s390x libtevent0 s390x 0.9.37-1 [31.7 kB]
INFO:kolla.common.utils.certmonger:Get:10 http://deb.debian.org/debian buster/main s390x libicu63 s390x 63.1-6 [8,030 kB]
INFO:kolla.common.utils.certmonger:Get:11 http://deb.debian.org/debian buster/main s390x libxml2 s390x 2.9.4+dfsg1-7+b3 [606 kB]
INFO:kolla.common.utils.certmonger:Get:12 http://deb.debian.org/debian buster/main s390x libxmlrpc-core-c3 s390x 1.33.14-8+b1 [152 kB]
INFO:kolla.common.utils.certmonger:Get:13 http://deb.debian.org/debian buster/main s390x certmonger s390x 0.79.6-1 [432 kB]
INFO:kolla.common.utils.certmonger:Fetched 11.3 MB in 0s (36.9 MB/s)
INFO:kolla.common.utils.certmonger:Selecting previously unselected package libapparmor1:s390x.
INFO:kolla.common.utils.certmonger:(Reading database ... 
INFO:kolla.common.utils.certmonger:(Reading database ... 5%(Reading database ... 10%(Reading database ... 15%(Reading database ... 20%(Reading database ... 25%(Reading database ... 30%(Reading database ... 35%(Reading database ... 40%(Reading database ... 45%(Reading database ... 50%(Reading database ... 55%(Reading database ... 60%(Reading database ... 65%(Reading database ... 70%(Reading database ... 75%
INFO:kolla.common.utils.certmonger:(Reading database ... 80%
INFO:kolla.common.utils.certmonger:(Reading database ... 85%
INFO:kolla.common.utils.certmonger:(Reading database ... 90%
INFO:kolla.common.utils.certmonger:(Reading database ... 95%
INFO:kolla.common.utils.certmonger:(Reading database ... 100%(Reading database ... 12012 files and directories currently installed.)
INFO:kolla.common.utils.certmonger:Preparing to unpack .../00-libapparmor1_2.13.2-10_s390x.deb ...
INFO:kolla.common.utils.certmonger:Unpacking libapparmor1:s390x (2.13.2-10) ...
INFO:kolla.common.utils.certmonger:Selecting previously unselected package libdbus-1-3:s390x.
INFO:kolla.common.utils.certmonger:Preparing to unpack .../01-libdbus-1-3_1.12.16-1_s390x.deb ...
INFO:kolla.common.utils.certmonger:Unpacking libdbus-1-3:s390x (1.12.16-1) ...
INFO:kolla.common.utils.certmonger:Selecting previously unselected package dbus.
INFO:kolla.common.utils.certmonger:Preparing to unpack .../02-dbus_1.12.16-1_s390x.deb ...
INFO:kolla.common.utils.certmonger:Unpacking dbus (1.12.16-1) ...
INFO:kolla.common.utils.certmonger:Selecting previously unselected package libnspr4:s390x.
INFO:kolla.common.utils.certmonger:Preparing to unpack .../03-libnspr4_2%3a4.20-1_s390x.deb ...
INFO:kolla.common.utils.certmonger:Unpacking libnspr4:s390x (2:4.20-1) ...
INFO:kolla.common.utils.certmonger:Selecting previously unselected package libnss3:s390x.
INFO:kolla.common.utils.certmonger:Preparing to unpack .../04-libnss3_2%3a3.42.1-1+deb10u2_s390x.deb ...
INFO:kolla.common.utils.certmonger:Unpacking libnss3:s390x (2:3.42.1-1+deb10u2) ...
INFO:kolla.common.utils.certmonger:Selecting previously unselected package libcurl3-nss:s390x.
INFO:kolla.common.utils.certmonger:Preparing to unpack .../05-libcurl3-nss_7.64.0-4+deb10u1_s390x.deb ...
INFO:kolla.common.utils.certmonger:Unpacking libcurl3-nss:s390x (7.64.0-4+deb10u1) ...
INFO:kolla.common.utils.certmonger:Selecting previously unselected package libpopt0:s390x.
INFO:kolla.common.utils.certmonger:Preparing to unpack .../06-libpopt0_1.16-12_s390x.deb ...
INFO:kolla.common.utils.certmonger:Unpacking libpopt0:s390x (1.16-12) ...
INFO:kolla.common.utils.certmonger:Selecting previously unselected package libtalloc2:s390x.
INFO:kolla.common.utils.certmonger:Preparing to unpack .../07-libtalloc2_2.1.14-2_s390x.deb ...
INFO:kolla.common.utils.certmonger:Unpacking libtalloc2:s390x (2.1.14-2) ...
INFO:kolla.common.utils.certmonger:Selecting previously unselected package libtevent0:s390x.
INFO:kolla.common.utils.certmonger:Preparing to unpack .../08-libtevent0_0.9.37-1_s390x.deb ...
INFO:kolla.common.utils.certmonger:Unpacking libtevent0:s390x (0.9.37-1) ...
INFO:kolla.common.utils.certmonger:Selecting previously unselected package libicu63:s390x.
INFO:kolla.common.utils.certmonger:Preparing to unpack .../09-libicu63_63.1-6_s390x.deb ...
INFO:kolla.common.utils.certmonger:Unpacking libicu63:s390x (63.1-6) ...
INFO:kolla.common.utils.certmonger:Selecting previously unselected package libxml2:s390x.
INFO:kolla.common.utils.certmonger:Preparing to unpack .../10-libxml2_2.9.4+dfsg1-7+b3_s390x.deb ...
INFO:kolla.common.utils.certmonger:Unpacking libxml2:s390x (2.9.4+dfsg1-7+b3) ...
INFO:kolla.common.utils.certmonger:Selecting previously unselected package libxmlrpc-core-c3.
INFO:kolla.common.utils.certmonger:Preparing to unpack .../11-libxmlrpc-core-c3_1.33.14-8+b1_s390x.deb ...
INFO:kolla.common.utils.certmonger:Unpacking libxmlrpc-core-c3 (1.33.14-8+b1) ...
INFO:kolla.common.utils.certmonger:Selecting previously unselected package certmonger.
INFO:kolla.common.utils.certmonger:Preparing to unpack .../12-certmonger_0.79.6-1_s390x.deb ...
INFO:kolla.common.utils.certmonger:Unpacking certmonger (0.79.6-1) ...
INFO:kolla.common.utils.certmonger:Setting up libapparmor1:s390x (2.13.2-10) ...
INFO:kolla.common.utils.certmonger:Setting up libicu63:s390x (63.1-6) ...
INFO:kolla.common.utils.certmonger:Setting up libtalloc2:s390x (2.1.14-2) ...
INFO:kolla.common.utils.certmonger:Setting up libtevent0:s390x (0.9.37-1) ...
INFO:kolla.common.utils.certmonger:Setting up libnspr4:s390x (2:4.20-1) ...
INFO:kolla.common.utils.certmonger:Setting up libdbus-1-3:s390x (1.12.16-1) ...
INFO:kolla.common.utils.certmonger:Setting up dbus (1.12.16-1) ...
INFO:kolla.common.utils.certmonger:invoke-rc.d: could not determine current runlevel
INFO:kolla.common.utils.certmonger:invoke-rc.d: policy-rc.d denied execution of start.
INFO:kolla.common.utils.certmonger:Setting up libxmlrpc-core-c3 (1.33.14-8+b1) ...
INFO:kolla.common.utils.certmonger:Setting up libxml2:s390x (2.9.4+dfsg1-7+b3) ...
INFO:kolla.common.utils.certmonger:Setting up libpopt0:s390x (1.16-12) ...
INFO:kolla.common.utils.certmonger:Setting up libnss3:s390x (2:3.42.1-1+deb10u2) ...
INFO:kolla.common.utils.certmonger:Setting up libcurl3-nss:s390x (7.64.0-4+deb10u1) ...
INFO:kolla.common.utils.certmonger:Setting up certmonger (0.79.6-1) ...
INFO:kolla.common.utils.certmonger:invoke-rc.d: could not determine current runlevel
INFO:kolla.common.utils.certmonger:invoke-rc.d: policy-rc.d denied execution of force-reload.
INFO:kolla.common.utils.certmonger:invoke-rc.d: could not determine current runlevel
INFO:kolla.common.utils.certmonger:invoke-rc.d: policy-rc.d denied execution of start.
INFO:kolla.common.utils.certmonger:Processing triggers for libc-bin (2.28-10) ...
INFO:kolla.common.utils.certmonger:Processing triggers for dbus (1.12.16-1) ...
INFO:kolla.common.utils.certmonger:Removing intermediate container 91ef29e32dac
INFO:kolla.common.utils.certmonger: ---> 426814418d27
INFO:kolla.common.utils.certmonger:Successfully built 426814418d27
INFO:kolla.common.utils.certmonger:Successfully tagged s390x/debian-source-certmonger:9.1.0
INFO:kolla.common.utils.certmonger:Built at 2020-03-02 21:31:35.662697 (took 0:00:20.249940)
