INFO:kolla.common.utils.hacluster-pacemaker:Building started at 2020-03-02 21:33:22.022963
INFO:kolla.common.utils.hacluster-pacemaker:Step 1/3 : FROM s390x/debian-source-hacluster-base:9.1.0
INFO:kolla.common.utils.hacluster-pacemaker: ---> 5710b323ad2b
INFO:kolla.common.utils.hacluster-pacemaker:Step 2/3 : LABEL maintainer="Kolla Project (https://launchpad.net/kolla)" name="hacluster-pacemaker" build-date="20200302"
INFO:kolla.common.utils.hacluster-pacemaker: ---> Running in 37ec1a27e123
INFO:kolla.common.utils.hacluster-pacemaker:Removing intermediate container 37ec1a27e123
INFO:kolla.common.utils.hacluster-pacemaker: ---> ba78bb4f39ab
INFO:kolla.common.utils.hacluster-pacemaker:Step 3/3 : RUN apt-get update && apt-get -y install --no-install-recommends pacemaker && apt-get clean && rm -rf /var/lib/apt/lists/*
INFO:kolla.common.utils.hacluster-pacemaker: ---> Running in 109a6439f73e
INFO:kolla.common.utils.hacluster-pacemaker:Get:1 http://deb.debian.org/debian buster InRelease [122 kB]
INFO:kolla.common.utils.hacluster-pacemaker:Get:2 http://deb.debian.org/debian buster-backports InRelease [46.7 kB]
INFO:kolla.common.utils.hacluster-pacemaker:Get:3 http://security-cdn.debian.org/debian-security buster/updates InRelease [65.4 kB]
INFO:kolla.common.utils.hacluster-pacemaker:Get:4 http://deb.debian.org/debian buster/main s390x Packages [7,624 kB]
INFO:kolla.common.utils.hacluster-pacemaker:Get:5 http://buster-train.debian.net/debian buster-train-backports InRelease [3,660 B]
INFO:kolla.common.utils.hacluster-pacemaker:Get:6 http://buster-train.debian.net/debian buster-train-backports-nochange InRelease [3,669 B]
INFO:kolla.common.utils.hacluster-pacemaker:Get:7 http://security-cdn.debian.org/debian-security buster/updates/main s390x Packages [161 kB]
INFO:kolla.common.utils.hacluster-pacemaker:Get:8 http://deb.debian.org/debian buster-backports/main s390x Packages [209 kB]
INFO:kolla.common.utils.hacluster-pacemaker:Fetched 8,235 kB in 1s (5,572 kB/s)
INFO:kolla.common.utils.hacluster-pacemaker:Reading package lists...
INFO:kolla.common.utils.hacluster-pacemaker:[91mW: Skipping acquire of configured file 'main/binary-s390x/Packages' as repository 'http://buster-train.debian.net/debian buster-train-backports InRelease' does not seem to provide it (sources.list entry misspelt?)
INFO:kolla.common.utils.hacluster-pacemaker:W: Skipping acquire of configured file 'main/binary-s390x/Packages' as repository 'http://buster-train.debian.net/debian buster-train-backports-nochange InRelease' does not seem to provide it (sources.list entry misspelt?)
INFO:kolla.common.utils.hacluster-pacemaker:[0m
INFO:kolla.common.utils.hacluster-pacemaker:Reading package lists...
INFO:kolla.common.utils.hacluster-pacemaker:Building dependency tree...
INFO:kolla.common.utils.hacluster-pacemaker:Reading state information...
INFO:kolla.common.utils.hacluster-pacemaker:The following additional packages will be installed:
INFO:kolla.common.utils.hacluster-pacemaker:  bzip2 cluster-glue corosync dbus libapparmor1 libcfg7 libcib27 libcmap4
INFO:kolla.common.utils.hacluster-pacemaker:  libcorosync-common4 libcpg4 libcrmcluster29 libcrmcommon34 libcrmservice28
INFO:kolla.common.utils.hacluster-pacemaker:  libdbus-1-3 libdbus-glib-1-2 libglib2.0-0 libicu63 libknet1 liblrm2
INFO:kolla.common.utils.hacluster-pacemaker:  liblrmd28 libltdl7 liblzo2-2 libmariadb3 libnet1 libnspr4 libnss3
INFO:kolla.common.utils.hacluster-pacemaker:  libopenhpi3 libopenipmi0 libpci3 libpe-rules26 libpe-status28 libpengine27
INFO:kolla.common.utils.hacluster-pacemaker:  libpils2 libplumb2 libplumbgpl2 libqb0 libquorum5 libsensors-config
INFO:kolla.common.utils.hacluster-pacemaker:  libsensors5 libsnmp-base libsnmp30 libstatgrab10 libstonith1 libstonithd26
INFO:kolla.common.utils.hacluster-pacemaker:  libtimedate-perl libtransitioner25 libvotequorum8 libxml2 libxslt1.1
INFO:kolla.common.utils.hacluster-pacemaker:  mariadb-common mysql-common pacemaker-common pacemaker-resource-agents
INFO:kolla.common.utils.hacluster-pacemaker:  resource-agents xsltproc
INFO:kolla.common.utils.hacluster-pacemaker:Suggested packages:
INFO:kolla.common.utils.hacluster-pacemaker:  bzip2-doc ipmitool default-dbus-session-bus | dbus-session-bus lm-sensors
INFO:kolla.common.utils.hacluster-pacemaker:  snmp-mibs-downloader crmsh | pcs
INFO:kolla.common.utils.hacluster-pacemaker:Recommended packages:
INFO:kolla.common.utils.hacluster-pacemaker:  libglib2.0-data shared-mime-info xdg-user-dirs openhpid fence-agents
INFO:kolla.common.utils.hacluster-pacemaker:  pacemaker-cli-utils libxml2-utils net-tools python3-googleapi
INFO:kolla.common.utils.hacluster-pacemaker:The following NEW packages will be installed:
INFO:kolla.common.utils.hacluster-pacemaker:  bzip2 cluster-glue corosync dbus libapparmor1 libcfg7 libcib27 libcmap4
INFO:kolla.common.utils.hacluster-pacemaker:  libcorosync-common4 libcpg4 libcrmcluster29 libcrmcommon34 libcrmservice28
INFO:kolla.common.utils.hacluster-pacemaker:  libdbus-1-3 libdbus-glib-1-2 libglib2.0-0 libicu63 libknet1 liblrm2
INFO:kolla.common.utils.hacluster-pacemaker:  liblrmd28 libltdl7 liblzo2-2 libmariadb3 libnet1 libnspr4 libnss3
INFO:kolla.common.utils.hacluster-pacemaker:  libopenhpi3 libopenipmi0 libpci3 libpe-rules26 libpe-status28 libpengine27
INFO:kolla.common.utils.hacluster-pacemaker:  libpils2 libplumb2 libplumbgpl2 libqb0 libquorum5 libsensors-config
INFO:kolla.common.utils.hacluster-pacemaker:  libsensors5 libsnmp-base libsnmp30 libstatgrab10 libstonith1 libstonithd26
INFO:kolla.common.utils.hacluster-pacemaker:  libtimedate-perl libtransitioner25 libvotequorum8 libxml2 libxslt1.1
INFO:kolla.common.utils.hacluster-pacemaker:  mariadb-common mysql-common pacemaker pacemaker-common
INFO:kolla.common.utils.hacluster-pacemaker:  pacemaker-resource-agents resource-agents xsltproc
INFO:kolla.common.utils.hacluster-pacemaker:0 upgraded, 56 newly installed, 0 to remove and 0 not upgraded.
INFO:kolla.common.utils.hacluster-pacemaker:Need to get 22.7 MB of archives.
INFO:kolla.common.utils.hacluster-pacemaker:After this operation, 70.8 MB of additional disk space will be used.
INFO:kolla.common.utils.hacluster-pacemaker:Get:1 http://deb.debian.org/debian buster/main s390x libcorosync-common4 s390x 3.0.1-2 [243 kB]
INFO:kolla.common.utils.hacluster-pacemaker:Get:2 http://deb.debian.org/debian buster/main s390x libqb0 s390x 1.0.5-1 [136 kB]
INFO:kolla.common.utils.hacluster-pacemaker:Get:3 http://deb.debian.org/debian buster/main s390x libcfg7 s390x 3.0.1-2 [245 kB]
INFO:kolla.common.utils.hacluster-pacemaker:Get:4 http://deb.debian.org/debian buster/main s390x libcmap4 s390x 3.0.1-2 [247 kB]
INFO:kolla.common.utils.hacluster-pacemaker:Get:5 http://deb.debian.org/debian buster/main s390x libcpg4 s390x 3.0.1-2 [247 kB]
INFO:kolla.common.utils.hacluster-pacemaker:Get:6 http://deb.debian.org/debian buster/main s390x liblzo2-2 s390x 2.10-0.1 [52.8 kB]
INFO:kolla.common.utils.hacluster-pacemaker:Get:7 http://deb.debian.org/debian buster/main s390x libnspr4 s390x 2:4.20-1 [107 kB]
INFO:kolla.common.utils.hacluster-pacemaker:Get:8 http://deb.debian.org/debian buster/main s390x libnss3 s390x 2:3.42.1-1+deb10u2 [1,051 kB]
INFO:kolla.common.utils.hacluster-pacemaker:Get:9 http://deb.debian.org/debian buster/main s390x libknet1 s390x 1.8-2 [121 kB]
INFO:kolla.common.utils.hacluster-pacemaker:Get:10 http://deb.debian.org/debian buster/main s390x libquorum5 s390x 3.0.1-2 [244 kB]
INFO:kolla.common.utils.hacluster-pacemaker:Get:11 http://deb.debian.org/debian buster/main s390x libstatgrab10 s390x 0.91-1+b2 [107 kB]
INFO:kolla.common.utils.hacluster-pacemaker:Get:12 http://deb.debian.org/debian buster/main s390x libvotequorum8 s390x 3.0.1-2 [245 kB]
INFO:kolla.common.utils.hacluster-pacemaker:Get:13 http://deb.debian.org/debian buster/main s390x libicu63 s390x 63.1-6 [8,030 kB]
INFO:kolla.common.utils.hacluster-pacemaker:Get:14 http://deb.debian.org/debian buster/main s390x libxml2 s390x 2.9.4+dfsg1-7+b3 [606 kB]
INFO:kolla.common.utils.hacluster-pacemaker:Get:15 http://deb.debian.org/debian buster/main s390x libxslt1.1 s390x 1.1.32-2.2~deb10u1 [224 kB]
INFO:kolla.common.utils.hacluster-pacemaker:Get:16 http://deb.debian.org/debian buster/main s390x xsltproc s390x 1.1.32-2.2~deb10u1 [121 kB]
INFO:kolla.common.utils.hacluster-pacemaker:Get:17 http://deb.debian.org/debian buster/main s390x corosync s390x 3.0.1-2 [442 kB]
INFO:kolla.common.utils.hacluster-pacemaker:Get:18 http://deb.debian.org/debian buster/main s390x libapparmor1 s390x 2.13.2-10 [93.1 kB]
INFO:kolla.common.utils.hacluster-pacemaker:Get:19 http://deb.debian.org/debian buster/main s390x libdbus-1-3 s390x 1.12.16-1 [205 kB]
INFO:kolla.common.utils.hacluster-pacemaker:Get:20 http://deb.debian.org/debian buster/main s390x dbus s390x 1.12.16-1 [224 kB]
INFO:kolla.common.utils.hacluster-pacemaker:Get:21 http://deb.debian.org/debian buster/main s390x pacemaker-common all 2.0.1-5 [137 kB]
INFO:kolla.common.utils.hacluster-pacemaker:Get:22 http://deb.debian.org/debian buster/main s390x libglib2.0-0 s390x 2.58.3-2+deb10u2 [1,159 kB]
INFO:kolla.common.utils.hacluster-pacemaker:Get:23 http://deb.debian.org/debian buster/main s390x libnet1 s390x 1.1.6+dfsg-3.1 [55.8 kB]
INFO:kolla.common.utils.hacluster-pacemaker:Get:24 http://deb.debian.org/debian buster/main s390x libltdl7 s390x 2.4.6-9 [389 kB]
INFO:kolla.common.utils.hacluster-pacemaker:Get:25 http://deb.debian.org/debian buster/main s390x libpils2 s390x 1.0.12-12 [25.2 kB]
INFO:kolla.common.utils.hacluster-pacemaker:Get:26 http://deb.debian.org/debian buster/main s390x libplumb2 s390x 1.0.12-12 [80.1 kB]
INFO:kolla.common.utils.hacluster-pacemaker:Get:27 http://deb.debian.org/debian buster/main s390x libplumbgpl2 s390x 1.0.12-12 [16.5 kB]
INFO:kolla.common.utils.hacluster-pacemaker:Get:28 http://deb.debian.org/debian buster/main s390x libdbus-glib-1-2 s390x 0.110-4 [67.2 kB]
INFO:kolla.common.utils.hacluster-pacemaker:Get:29 http://deb.debian.org/debian buster/main s390x liblrm2 s390x 1.0.12-12 [24.7 kB]
INFO:kolla.common.utils.hacluster-pacemaker:Get:30 http://deb.debian.org/debian buster/main s390x libopenhpi3 s390x 3.8.0-2 [143 kB]
INFO:kolla.common.utils.hacluster-pacemaker:Get:31 http://deb.debian.org/debian buster/main s390x libopenipmi0 s390x 2.0.25-2.1 [495 kB]
INFO:kolla.common.utils.hacluster-pacemaker:Get:32 http://deb.debian.org/debian buster/main s390x mysql-common all 5.8+1.0.5 [7,324 B]
INFO:kolla.common.utils.hacluster-pacemaker:Get:33 http://deb.debian.org/debian buster/main s390x mariadb-common all 1:10.3.22-0+deb10u1 [31.9 kB]
INFO:kolla.common.utils.hacluster-pacemaker:Get:34 http://deb.debian.org/debian buster/main s390x libmariadb3 s390x 1:10.3.22-0+deb10u1 [167 kB]
INFO:kolla.common.utils.hacluster-pacemaker:Get:35 http://deb.debian.org/debian buster/main s390x libpci3 s390x 1:3.5.2-1 [53.8 kB]
INFO:kolla.common.utils.hacluster-pacemaker:Get:36 http://deb.debian.org/debian buster/main s390x libsensors-config all 1:3.5.0-3 [31.6 kB]
INFO:kolla.common.utils.hacluster-pacemaker:Get:37 http://deb.debian.org/debian buster/main s390x libsensors5 s390x 1:3.5.0-3 [51.2 kB]
INFO:kolla.common.utils.hacluster-pacemaker:Get:38 http://deb.debian.org/debian buster/main s390x libsnmp-base all 5.7.3+dfsg-5 [1,595 kB]
INFO:kolla.common.utils.hacluster-pacemaker:Get:39 http://deb.debian.org/debian buster/main s390x libsnmp30 s390x 5.7.3+dfsg-5 [2,213 kB]
INFO:kolla.common.utils.hacluster-pacemaker:Get:40 http://deb.debian.org/debian buster/main s390x libstonith1 s390x 1.0.12-12 [22.9 kB]
INFO:kolla.common.utils.hacluster-pacemaker:Get:41 http://deb.debian.org/debian buster/main s390x bzip2 s390x 1.0.6-9.2~deb10u1 [47.8 kB]
INFO:kolla.common.utils.hacluster-pacemaker:Get:42 http://deb.debian.org/debian buster/main s390x libtimedate-perl all 2.3000-2+deb10u1 [38.1 kB]
INFO:kolla.common.utils.hacluster-pacemaker:Get:43 http://deb.debian.org/debian buster/main s390x cluster-glue s390x 1.0.12-12 [250 kB]
INFO:kolla.common.utils.hacluster-pacemaker:Get:44 http://deb.debian.org/debian buster/main s390x resource-agents s390x 1:4.2.0-2 [675 kB]
INFO:kolla.common.utils.hacluster-pacemaker:Get:45 http://deb.debian.org/debian buster/main s390x pacemaker-resource-agents all 2.0.1-5 [125 kB]
INFO:kolla.common.utils.hacluster-pacemaker:Get:46 http://deb.debian.org/debian buster/main s390x libcrmcommon34 s390x 2.0.1-5 [214 kB]
INFO:kolla.common.utils.hacluster-pacemaker:Get:47 http://deb.debian.org/debian buster/main s390x libpe-rules26 s390x 2.0.1-5 [110 kB]
INFO:kolla.common.utils.hacluster-pacemaker:Get:48 http://deb.debian.org/debian buster/main s390x libcib27 s390x 2.0.1-5 [130 kB]
INFO:kolla.common.utils.hacluster-pacemaker:Get:49 http://deb.debian.org/debian buster/main s390x libstonithd26 s390x 2.0.1-5 [116 kB]
INFO:kolla.common.utils.hacluster-pacemaker:Get:50 http://deb.debian.org/debian buster/main s390x libcrmcluster29 s390x 2.0.1-5 [124 kB]
INFO:kolla.common.utils.hacluster-pacemaker:Get:51 http://deb.debian.org/debian buster/main s390x libcrmservice28 s390x 2.0.1-5 [118 kB]
INFO:kolla.common.utils.hacluster-pacemaker:Get:52 http://deb.debian.org/debian buster/main s390x liblrmd28 s390x 2.0.1-5 [113 kB]
INFO:kolla.common.utils.hacluster-pacemaker:Get:53 http://deb.debian.org/debian buster/main s390x libpe-status28 s390x 2.0.1-5 [186 kB]
INFO:kolla.common.utils.hacluster-pacemaker:Get:54 http://deb.debian.org/debian buster/main s390x libpengine27 s390x 2.0.1-5 [205 kB]
INFO:kolla.common.utils.hacluster-pacemaker:Get:55 http://deb.debian.org/debian buster/main s390x libtransitioner25 s390x 2.0.1-5 [104 kB]
INFO:kolla.common.utils.hacluster-pacemaker:Get:56 http://deb.debian.org/debian buster/main s390x pacemaker s390x 2.0.1-5 [350 kB]
INFO:kolla.common.utils.hacluster-pacemaker:Fetched 22.7 MB in 1s (18.1 MB/s)
INFO:kolla.common.utils.hacluster-pacemaker:Selecting previously unselected package libcorosync-common4:s390x.
INFO:kolla.common.utils.hacluster-pacemaker:(Reading database ... 
INFO:kolla.common.utils.hacluster-pacemaker:(Reading database ... 5%(Reading database ... 10%(Reading database ... 15%(Reading database ... 20%(Reading database ... 25%(Reading database ... 30%(Reading database ... 35%(Reading database ... 40%(Reading database ... 45%(Reading database ... 50%(Reading database ... 55%(Reading database ... 60%
INFO:kolla.common.utils.hacluster-pacemaker:(Reading database ... 65%(Reading database ... 70%(Reading database ... 75%(Reading database ... 80%(Reading database ... 85%(Reading database ... 90%(Reading database ... 95%(Reading database ... 100%(Reading database ... 12012 files and directories currently installed.)
INFO:kolla.common.utils.hacluster-pacemaker:Preparing to unpack .../00-libcorosync-common4_3.0.1-2_s390x.deb ...
INFO:kolla.common.utils.hacluster-pacemaker:Unpacking libcorosync-common4:s390x (3.0.1-2) ...
INFO:kolla.common.utils.hacluster-pacemaker:Selecting previously unselected package libqb0:s390x.
INFO:kolla.common.utils.hacluster-pacemaker:Preparing to unpack .../01-libqb0_1.0.5-1_s390x.deb ...
INFO:kolla.common.utils.hacluster-pacemaker:Unpacking libqb0:s390x (1.0.5-1) ...
INFO:kolla.common.utils.hacluster-pacemaker:Selecting previously unselected package libcfg7:s390x.
INFO:kolla.common.utils.hacluster-pacemaker:Preparing to unpack .../02-libcfg7_3.0.1-2_s390x.deb ...
INFO:kolla.common.utils.hacluster-pacemaker:Unpacking libcfg7:s390x (3.0.1-2) ...
INFO:kolla.common.utils.hacluster-pacemaker:Selecting previously unselected package libcmap4:s390x.
INFO:kolla.common.utils.hacluster-pacemaker:Preparing to unpack .../03-libcmap4_3.0.1-2_s390x.deb ...
INFO:kolla.common.utils.hacluster-pacemaker:Unpacking libcmap4:s390x (3.0.1-2) ...
INFO:kolla.common.utils.hacluster-pacemaker:Selecting previously unselected package libcpg4:s390x.
INFO:kolla.common.utils.hacluster-pacemaker:Preparing to unpack .../04-libcpg4_3.0.1-2_s390x.deb ...
INFO:kolla.common.utils.hacluster-pacemaker:Unpacking libcpg4:s390x (3.0.1-2) ...
INFO:kolla.common.utils.hacluster-pacemaker:Selecting previously unselected package liblzo2-2:s390x.
INFO:kolla.common.utils.hacluster-pacemaker:Preparing to unpack .../05-liblzo2-2_2.10-0.1_s390x.deb ...
INFO:kolla.common.utils.hacluster-pacemaker:Unpacking liblzo2-2:s390x (2.10-0.1) ...
INFO:kolla.common.utils.hacluster-pacemaker:Selecting previously unselected package libnspr4:s390x.
INFO:kolla.common.utils.hacluster-pacemaker:Preparing to unpack .../06-libnspr4_2%3a4.20-1_s390x.deb ...
INFO:kolla.common.utils.hacluster-pacemaker:Unpacking libnspr4:s390x (2:4.20-1) ...
INFO:kolla.common.utils.hacluster-pacemaker:Selecting previously unselected package libnss3:s390x.
INFO:kolla.common.utils.hacluster-pacemaker:Preparing to unpack .../07-libnss3_2%3a3.42.1-1+deb10u2_s390x.deb ...
INFO:kolla.common.utils.hacluster-pacemaker:Unpacking libnss3:s390x (2:3.42.1-1+deb10u2) ...
INFO:kolla.common.utils.hacluster-pacemaker:Selecting previously unselected package libknet1:s390x.
INFO:kolla.common.utils.hacluster-pacemaker:Preparing to unpack .../08-libknet1_1.8-2_s390x.deb ...
INFO:kolla.common.utils.hacluster-pacemaker:Unpacking libknet1:s390x (1.8-2) ...
INFO:kolla.common.utils.hacluster-pacemaker:Selecting previously unselected package libquorum5:s390x.
INFO:kolla.common.utils.hacluster-pacemaker:Preparing to unpack .../09-libquorum5_3.0.1-2_s390x.deb ...
INFO:kolla.common.utils.hacluster-pacemaker:Unpacking libquorum5:s390x (3.0.1-2) ...
INFO:kolla.common.utils.hacluster-pacemaker:Selecting previously unselected package libstatgrab10.
INFO:kolla.common.utils.hacluster-pacemaker:Preparing to unpack .../10-libstatgrab10_0.91-1+b2_s390x.deb ...
INFO:kolla.common.utils.hacluster-pacemaker:Unpacking libstatgrab10 (0.91-1+b2) ...
INFO:kolla.common.utils.hacluster-pacemaker:Selecting previously unselected package libvotequorum8:s390x.
INFO:kolla.common.utils.hacluster-pacemaker:Preparing to unpack .../11-libvotequorum8_3.0.1-2_s390x.deb ...
INFO:kolla.common.utils.hacluster-pacemaker:Unpacking libvotequorum8:s390x (3.0.1-2) ...
INFO:kolla.common.utils.hacluster-pacemaker:Selecting previously unselected package libicu63:s390x.
INFO:kolla.common.utils.hacluster-pacemaker:Preparing to unpack .../12-libicu63_63.1-6_s390x.deb ...
INFO:kolla.common.utils.hacluster-pacemaker:Unpacking libicu63:s390x (63.1-6) ...
INFO:kolla.common.utils.hacluster-pacemaker:Selecting previously unselected package libxml2:s390x.
INFO:kolla.common.utils.hacluster-pacemaker:Preparing to unpack .../13-libxml2_2.9.4+dfsg1-7+b3_s390x.deb ...
INFO:kolla.common.utils.hacluster-pacemaker:Unpacking libxml2:s390x (2.9.4+dfsg1-7+b3) ...
INFO:kolla.common.utils.hacluster-pacemaker:Selecting previously unselected package libxslt1.1:s390x.
INFO:kolla.common.utils.hacluster-pacemaker:Preparing to unpack .../14-libxslt1.1_1.1.32-2.2~deb10u1_s390x.deb ...
INFO:kolla.common.utils.hacluster-pacemaker:Unpacking libxslt1.1:s390x (1.1.32-2.2~deb10u1) ...
INFO:kolla.common.utils.hacluster-pacemaker:Selecting previously unselected package xsltproc.
INFO:kolla.common.utils.hacluster-pacemaker:Preparing to unpack .../15-xsltproc_1.1.32-2.2~deb10u1_s390x.deb ...
INFO:kolla.common.utils.hacluster-pacemaker:Unpacking xsltproc (1.1.32-2.2~deb10u1) ...
INFO:kolla.common.utils.hacluster-pacemaker:Selecting previously unselected package corosync.
INFO:kolla.common.utils.hacluster-pacemaker:Preparing to unpack .../16-corosync_3.0.1-2_s390x.deb ...
INFO:kolla.common.utils.hacluster-pacemaker:Unpacking corosync (3.0.1-2) ...
INFO:kolla.common.utils.hacluster-pacemaker:Selecting previously unselected package libapparmor1:s390x.
INFO:kolla.common.utils.hacluster-pacemaker:Preparing to unpack .../17-libapparmor1_2.13.2-10_s390x.deb ...
INFO:kolla.common.utils.hacluster-pacemaker:Unpacking libapparmor1:s390x (2.13.2-10) ...
INFO:kolla.common.utils.hacluster-pacemaker:Selecting previously unselected package libdbus-1-3:s390x.
INFO:kolla.common.utils.hacluster-pacemaker:Preparing to unpack .../18-libdbus-1-3_1.12.16-1_s390x.deb ...
INFO:kolla.common.utils.hacluster-pacemaker:Unpacking libdbus-1-3:s390x (1.12.16-1) ...
INFO:kolla.common.utils.hacluster-pacemaker:Selecting previously unselected package dbus.
INFO:kolla.common.utils.hacluster-pacemaker:Preparing to unpack .../19-dbus_1.12.16-1_s390x.deb ...
INFO:kolla.common.utils.hacluster-pacemaker:Unpacking dbus (1.12.16-1) ...
INFO:kolla.common.utils.hacluster-pacemaker:Selecting previously unselected package pacemaker-common.
INFO:kolla.common.utils.hacluster-pacemaker:Preparing to unpack .../20-pacemaker-common_2.0.1-5_all.deb ...
INFO:kolla.common.utils.hacluster-pacemaker:Unpacking pacemaker-common (2.0.1-5) ...
INFO:kolla.common.utils.hacluster-pacemaker:Selecting previously unselected package libglib2.0-0:s390x.
INFO:kolla.common.utils.hacluster-pacemaker:Preparing to unpack .../21-libglib2.0-0_2.58.3-2+deb10u2_s390x.deb ...
INFO:kolla.common.utils.hacluster-pacemaker:Unpacking libglib2.0-0:s390x (2.58.3-2+deb10u2) ...
INFO:kolla.common.utils.hacluster-pacemaker:Selecting previously unselected package libnet1:s390x.
INFO:kolla.common.utils.hacluster-pacemaker:Preparing to unpack .../22-libnet1_1.1.6+dfsg-3.1_s390x.deb ...
INFO:kolla.common.utils.hacluster-pacemaker:Unpacking libnet1:s390x (1.1.6+dfsg-3.1) ...
INFO:kolla.common.utils.hacluster-pacemaker:Selecting previously unselected package libltdl7:s390x.
INFO:kolla.common.utils.hacluster-pacemaker:Preparing to unpack .../23-libltdl7_2.4.6-9_s390x.deb ...
INFO:kolla.common.utils.hacluster-pacemaker:Unpacking libltdl7:s390x (2.4.6-9) ...
INFO:kolla.common.utils.hacluster-pacemaker:Selecting previously unselected package libpils2.
INFO:kolla.common.utils.hacluster-pacemaker:Preparing to unpack .../24-libpils2_1.0.12-12_s390x.deb ...
INFO:kolla.common.utils.hacluster-pacemaker:Unpacking libpils2 (1.0.12-12) ...
INFO:kolla.common.utils.hacluster-pacemaker:Selecting previously unselected package libplumb2.
INFO:kolla.common.utils.hacluster-pacemaker:Preparing to unpack .../25-libplumb2_1.0.12-12_s390x.deb ...
INFO:kolla.common.utils.hacluster-pacemaker:Unpacking libplumb2 (1.0.12-12) ...
INFO:kolla.common.utils.hacluster-pacemaker:Selecting previously unselected package libplumbgpl2.
INFO:kolla.common.utils.hacluster-pacemaker:Preparing to unpack .../26-libplumbgpl2_1.0.12-12_s390x.deb ...
INFO:kolla.common.utils.hacluster-pacemaker:Unpacking libplumbgpl2 (1.0.12-12) ...
INFO:kolla.common.utils.hacluster-pacemaker:Selecting previously unselected package libdbus-glib-1-2:s390x.
INFO:kolla.common.utils.hacluster-pacemaker:Preparing to unpack .../27-libdbus-glib-1-2_0.110-4_s390x.deb ...
INFO:kolla.common.utils.hacluster-pacemaker:Unpacking libdbus-glib-1-2:s390x (0.110-4) ...
INFO:kolla.common.utils.hacluster-pacemaker:Selecting previously unselected package liblrm2.
INFO:kolla.common.utils.hacluster-pacemaker:Preparing to unpack .../28-liblrm2_1.0.12-12_s390x.deb ...
INFO:kolla.common.utils.hacluster-pacemaker:Unpacking liblrm2 (1.0.12-12) ...
INFO:kolla.common.utils.hacluster-pacemaker:Selecting previously unselected package libopenhpi3.
INFO:kolla.common.utils.hacluster-pacemaker:Preparing to unpack .../29-libopenhpi3_3.8.0-2_s390x.deb ...
INFO:kolla.common.utils.hacluster-pacemaker:Unpacking libopenhpi3 (3.8.0-2) ...
INFO:kolla.common.utils.hacluster-pacemaker:Selecting previously unselected package libopenipmi0.
INFO:kolla.common.utils.hacluster-pacemaker:Preparing to unpack .../30-libopenipmi0_2.0.25-2.1_s390x.deb ...
INFO:kolla.common.utils.hacluster-pacemaker:Unpacking libopenipmi0 (2.0.25-2.1) ...
INFO:kolla.common.utils.hacluster-pacemaker:Selecting previously unselected package mysql-common.
INFO:kolla.common.utils.hacluster-pacemaker:Preparing to unpack .../31-mysql-common_5.8+1.0.5_all.deb ...
INFO:kolla.common.utils.hacluster-pacemaker:Unpacking mysql-common (5.8+1.0.5) ...
INFO:kolla.common.utils.hacluster-pacemaker:Selecting previously unselected package mariadb-common.
INFO:kolla.common.utils.hacluster-pacemaker:Preparing to unpack .../32-mariadb-common_1%3a10.3.22-0+deb10u1_all.deb ...
INFO:kolla.common.utils.hacluster-pacemaker:Unpacking mariadb-common (1:10.3.22-0+deb10u1) ...
INFO:kolla.common.utils.hacluster-pacemaker:Selecting previously unselected package libmariadb3:s390x.
INFO:kolla.common.utils.hacluster-pacemaker:Preparing to unpack .../33-libmariadb3_1%3a10.3.22-0+deb10u1_s390x.deb ...
INFO:kolla.common.utils.hacluster-pacemaker:Unpacking libmariadb3:s390x (1:10.3.22-0+deb10u1) ...
INFO:kolla.common.utils.hacluster-pacemaker:Selecting previously unselected package libpci3:s390x.
INFO:kolla.common.utils.hacluster-pacemaker:Preparing to unpack .../34-libpci3_1%3a3.5.2-1_s390x.deb ...
INFO:kolla.common.utils.hacluster-pacemaker:Unpacking libpci3:s390x (1:3.5.2-1) ...
INFO:kolla.common.utils.hacluster-pacemaker:Selecting previously unselected package libsensors-config.
INFO:kolla.common.utils.hacluster-pacemaker:Preparing to unpack .../35-libsensors-config_1%3a3.5.0-3_all.deb ...
INFO:kolla.common.utils.hacluster-pacemaker:Unpacking libsensors-config (1:3.5.0-3) ...
INFO:kolla.common.utils.hacluster-pacemaker:Selecting previously unselected package libsensors5:s390x.
INFO:kolla.common.utils.hacluster-pacemaker:Preparing to unpack .../36-libsensors5_1%3a3.5.0-3_s390x.deb ...
INFO:kolla.common.utils.hacluster-pacemaker:Unpacking libsensors5:s390x (1:3.5.0-3) ...
INFO:kolla.common.utils.hacluster-pacemaker:Selecting previously unselected package libsnmp-base.
INFO:kolla.common.utils.hacluster-pacemaker:Preparing to unpack .../37-libsnmp-base_5.7.3+dfsg-5_all.deb ...
INFO:kolla.common.utils.hacluster-pacemaker:Unpacking libsnmp-base (5.7.3+dfsg-5) ...
INFO:kolla.common.utils.hacluster-pacemaker:Selecting previously unselected package libsnmp30:s390x.
INFO:kolla.common.utils.hacluster-pacemaker:Preparing to unpack .../38-libsnmp30_5.7.3+dfsg-5_s390x.deb ...
INFO:kolla.common.utils.hacluster-pacemaker:Unpacking libsnmp30:s390x (5.7.3+dfsg-5) ...
INFO:kolla.common.utils.hacluster-pacemaker:Selecting previously unselected package libstonith1.
INFO:kolla.common.utils.hacluster-pacemaker:Preparing to unpack .../39-libstonith1_1.0.12-12_s390x.deb ...
INFO:kolla.common.utils.hacluster-pacemaker:Unpacking libstonith1 (1.0.12-12) ...
INFO:kolla.common.utils.hacluster-pacemaker:Selecting previously unselected package bzip2.
INFO:kolla.common.utils.hacluster-pacemaker:Preparing to unpack .../40-bzip2_1.0.6-9.2~deb10u1_s390x.deb ...
INFO:kolla.common.utils.hacluster-pacemaker:Unpacking bzip2 (1.0.6-9.2~deb10u1) ...
INFO:kolla.common.utils.hacluster-pacemaker:Selecting previously unselected package libtimedate-perl.
INFO:kolla.common.utils.hacluster-pacemaker:Preparing to unpack .../41-libtimedate-perl_2.3000-2+deb10u1_all.deb ...
INFO:kolla.common.utils.hacluster-pacemaker:Unpacking libtimedate-perl (2.3000-2+deb10u1) ...
INFO:kolla.common.utils.hacluster-pacemaker:Selecting previously unselected package cluster-glue.
INFO:kolla.common.utils.hacluster-pacemaker:Preparing to unpack .../42-cluster-glue_1.0.12-12_s390x.deb ...
INFO:kolla.common.utils.hacluster-pacemaker:Unpacking cluster-glue (1.0.12-12) ...
INFO:kolla.common.utils.hacluster-pacemaker:Selecting previously unselected package resource-agents.
INFO:kolla.common.utils.hacluster-pacemaker:Preparing to unpack .../43-resource-agents_1%3a4.2.0-2_s390x.deb ...
INFO:kolla.common.utils.hacluster-pacemaker:Unpacking resource-agents (1:4.2.0-2) ...
INFO:kolla.common.utils.hacluster-pacemaker:Selecting previously unselected package pacemaker-resource-agents.
INFO:kolla.common.utils.hacluster-pacemaker:Preparing to unpack .../44-pacemaker-resource-agents_2.0.1-5_all.deb ...
INFO:kolla.common.utils.hacluster-pacemaker:Unpacking pacemaker-resource-agents (2.0.1-5) ...
INFO:kolla.common.utils.hacluster-pacemaker:Selecting previously unselected package libcrmcommon34:s390x.
INFO:kolla.common.utils.hacluster-pacemaker:Preparing to unpack .../45-libcrmcommon34_2.0.1-5_s390x.deb ...
INFO:kolla.common.utils.hacluster-pacemaker:Unpacking libcrmcommon34:s390x (2.0.1-5) ...
INFO:kolla.common.utils.hacluster-pacemaker:Selecting previously unselected package libpe-rules26:s390x.
INFO:kolla.common.utils.hacluster-pacemaker:Preparing to unpack .../46-libpe-rules26_2.0.1-5_s390x.deb ...
INFO:kolla.common.utils.hacluster-pacemaker:Unpacking libpe-rules26:s390x (2.0.1-5) ...
INFO:kolla.common.utils.hacluster-pacemaker:Selecting previously unselected package libcib27:s390x.
INFO:kolla.common.utils.hacluster-pacemaker:Preparing to unpack .../47-libcib27_2.0.1-5_s390x.deb ...
INFO:kolla.common.utils.hacluster-pacemaker:Unpacking libcib27:s390x (2.0.1-5) ...
INFO:kolla.common.utils.hacluster-pacemaker:Selecting previously unselected package libstonithd26:s390x.
INFO:kolla.common.utils.hacluster-pacemaker:Preparing to unpack .../48-libstonithd26_2.0.1-5_s390x.deb ...
INFO:kolla.common.utils.hacluster-pacemaker:Unpacking libstonithd26:s390x (2.0.1-5) ...
INFO:kolla.common.utils.hacluster-pacemaker:Selecting previously unselected package libcrmcluster29:s390x.
INFO:kolla.common.utils.hacluster-pacemaker:Preparing to unpack .../49-libcrmcluster29_2.0.1-5_s390x.deb ...
INFO:kolla.common.utils.hacluster-pacemaker:Unpacking libcrmcluster29:s390x (2.0.1-5) ...
INFO:kolla.common.utils.hacluster-pacemaker:Selecting previously unselected package libcrmservice28:s390x.
INFO:kolla.common.utils.hacluster-pacemaker:Preparing to unpack .../50-libcrmservice28_2.0.1-5_s390x.deb ...
INFO:kolla.common.utils.hacluster-pacemaker:Unpacking libcrmservice28:s390x (2.0.1-5) ...
INFO:kolla.common.utils.hacluster-pacemaker:Selecting previously unselected package liblrmd28:s390x.
INFO:kolla.common.utils.hacluster-pacemaker:Preparing to unpack .../51-liblrmd28_2.0.1-5_s390x.deb ...
INFO:kolla.common.utils.hacluster-pacemaker:Unpacking liblrmd28:s390x (2.0.1-5) ...
INFO:kolla.common.utils.hacluster-pacemaker:Selecting previously unselected package libpe-status28:s390x.
INFO:kolla.common.utils.hacluster-pacemaker:Preparing to unpack .../52-libpe-status28_2.0.1-5_s390x.deb ...
INFO:kolla.common.utils.hacluster-pacemaker:Unpacking libpe-status28:s390x (2.0.1-5) ...
INFO:kolla.common.utils.hacluster-pacemaker:Selecting previously unselected package libpengine27:s390x.
INFO:kolla.common.utils.hacluster-pacemaker:Preparing to unpack .../53-libpengine27_2.0.1-5_s390x.deb ...
INFO:kolla.common.utils.hacluster-pacemaker:Unpacking libpengine27:s390x (2.0.1-5) ...
INFO:kolla.common.utils.hacluster-pacemaker:Selecting previously unselected package libtransitioner25:s390x.
INFO:kolla.common.utils.hacluster-pacemaker:Preparing to unpack .../54-libtransitioner25_2.0.1-5_s390x.deb ...
INFO:kolla.common.utils.hacluster-pacemaker:Unpacking libtransitioner25:s390x (2.0.1-5) ...
INFO:kolla.common.utils.hacluster-pacemaker:Selecting previously unselected package pacemaker.
INFO:kolla.common.utils.hacluster-pacemaker:Preparing to unpack .../55-pacemaker_2.0.1-5_s390x.deb ...
INFO:kolla.common.utils.hacluster-pacemaker:Unpacking pacemaker (2.0.1-5) ...
INFO:kolla.common.utils.hacluster-pacemaker:Setting up pacemaker-common (2.0.1-5) ...
INFO:kolla.common.utils.hacluster-pacemaker:Adding group `haclient' (GID 105) ...
INFO:kolla.common.utils.hacluster-pacemaker:Done.
INFO:kolla.common.utils.hacluster-pacemaker:Adding system user `hacluster' (UID 101) ...
INFO:kolla.common.utils.hacluster-pacemaker:Adding new user `hacluster' (UID 101) with group `haclient' ...
INFO:kolla.common.utils.hacluster-pacemaker:Not creating home directory `/var/lib/pacemaker'.
INFO:kolla.common.utils.hacluster-pacemaker:1+0 records in
INFO:kolla.common.utils.hacluster-pacemaker:1+0 records out
INFO:kolla.common.utils.hacluster-pacemaker:4096 bytes (4.1 kB, 4.0 KiB) copied, 3.9409e-05 s, 104 MB/s
INFO:kolla.common.utils.hacluster-pacemaker:Setting up mysql-common (5.8+1.0.5) ...
INFO:kolla.common.utils.hacluster-pacemaker:update-alternatives: using /etc/mysql/my.cnf.fallback to provide /etc/mysql/my.cnf (my.cnf) in auto mode
INFO:kolla.common.utils.hacluster-pacemaker:Setting up libapparmor1:s390x (2.13.2-10) ...
INFO:kolla.common.utils.hacluster-pacemaker:Setting up libqb0:s390x (1.0.5-1) ...
INFO:kolla.common.utils.hacluster-pacemaker:Setting up libglib2.0-0:s390x (2.58.3-2+deb10u2) ...
INFO:kolla.common.utils.hacluster-pacemaker:No schema files found: doing nothing.
INFO:kolla.common.utils.hacluster-pacemaker:Setting up libsnmp-base (5.7.3+dfsg-5) ...
INFO:kolla.common.utils.hacluster-pacemaker:Setting up libsensors-config (1:3.5.0-3) ...
INFO:kolla.common.utils.hacluster-pacemaker:Setting up liblzo2-2:s390x (2.10-0.1) ...
INFO:kolla.common.utils.hacluster-pacemaker:Setting up libcorosync-common4:s390x (3.0.1-2) ...
INFO:kolla.common.utils.hacluster-pacemaker:Setting up libnet1:s390x (1.1.6+dfsg-3.1) ...
INFO:kolla.common.utils.hacluster-pacemaker:Setting up bzip2 (1.0.6-9.2~deb10u1) ...
INFO:kolla.common.utils.hacluster-pacemaker:Setting up libicu63:s390x (63.1-6) ...
INFO:kolla.common.utils.hacluster-pacemaker:Setting up mariadb-common (1:10.3.22-0+deb10u1) ...
INFO:kolla.common.utils.hacluster-pacemaker:update-alternatives: using /etc/mysql/mariadb.cnf to provide /etc/mysql/my.cnf (my.cnf) in auto mode
INFO:kolla.common.utils.hacluster-pacemaker:Setting up libnspr4:s390x (2:4.20-1) ...
INFO:kolla.common.utils.hacluster-pacemaker:Setting up libdbus-1-3:s390x (1.12.16-1) ...
INFO:kolla.common.utils.hacluster-pacemaker:Setting up dbus (1.12.16-1) ...
INFO:kolla.common.utils.hacluster-pacemaker:invoke-rc.d: could not determine current runlevel
INFO:kolla.common.utils.hacluster-pacemaker:invoke-rc.d: policy-rc.d denied execution of start.
INFO:kolla.common.utils.hacluster-pacemaker:Setting up libmariadb3:s390x (1:10.3.22-0+deb10u1) ...
INFO:kolla.common.utils.hacluster-pacemaker:Setting up libsensors5:s390x (1:3.5.0-3) ...
INFO:kolla.common.utils.hacluster-pacemaker:Setting up libltdl7:s390x (2.4.6-9) ...
INFO:kolla.common.utils.hacluster-pacemaker:Setting up libcfg7:s390x (3.0.1-2) ...
INFO:kolla.common.utils.hacluster-pacemaker:Setting up libtimedate-perl (2.3000-2+deb10u1) ...
INFO:kolla.common.utils.hacluster-pacemaker:Setting up libpci3:s390x (1:3.5.2-1) ...
INFO:kolla.common.utils.hacluster-pacemaker:Setting up libstatgrab10 (0.91-1+b2) ...
INFO:kolla.common.utils.hacluster-pacemaker:Setting up libopenipmi0 (2.0.25-2.1) ...
INFO:kolla.common.utils.hacluster-pacemaker:Setting up libopenhpi3 (3.8.0-2) ...
INFO:kolla.common.utils.hacluster-pacemaker:Setting up libxml2:s390x (2.9.4+dfsg1-7+b3) ...
INFO:kolla.common.utils.hacluster-pacemaker:Setting up libvotequorum8:s390x (3.0.1-2) ...
INFO:kolla.common.utils.hacluster-pacemaker:Setting up libcpg4:s390x (3.0.1-2) ...
INFO:kolla.common.utils.hacluster-pacemaker:Setting up libcmap4:s390x (3.0.1-2) ...
INFO:kolla.common.utils.hacluster-pacemaker:Setting up libquorum5:s390x (3.0.1-2) ...
INFO:kolla.common.utils.hacluster-pacemaker:Setting up libpils2 (1.0.12-12) ...
INFO:kolla.common.utils.hacluster-pacemaker:Setting up libnss3:s390x (2:3.42.1-1+deb10u2) ...
INFO:kolla.common.utils.hacluster-pacemaker:Setting up libsnmp30:s390x (5.7.3+dfsg-5) ...
INFO:kolla.common.utils.hacluster-pacemaker:Setting up libdbus-glib-1-2:s390x (0.110-4) ...
INFO:kolla.common.utils.hacluster-pacemaker:Setting up libknet1:s390x (1.8-2) ...
INFO:kolla.common.utils.hacluster-pacemaker:Setting up libplumbgpl2 (1.0.12-12) ...
INFO:kolla.common.utils.hacluster-pacemaker:Setting up libxslt1.1:s390x (1.1.32-2.2~deb10u1) ...
INFO:kolla.common.utils.hacluster-pacemaker:Setting up libcrmcommon34:s390x (2.0.1-5) ...
INFO:kolla.common.utils.hacluster-pacemaker:Setting up libplumb2 (1.0.12-12) ...
INFO:kolla.common.utils.hacluster-pacemaker:Setting up libstonith1 (1.0.12-12) ...
INFO:kolla.common.utils.hacluster-pacemaker:Setting up xsltproc (1.1.32-2.2~deb10u1) ...
INFO:kolla.common.utils.hacluster-pacemaker:Setting up libtransitioner25:s390x (2.0.1-5) ...
INFO:kolla.common.utils.hacluster-pacemaker:Setting up libpe-rules26:s390x (2.0.1-5) ...
INFO:kolla.common.utils.hacluster-pacemaker:Setting up libcrmservice28:s390x (2.0.1-5) ...
INFO:kolla.common.utils.hacluster-pacemaker:Setting up liblrm2 (1.0.12-12) ...
INFO:kolla.common.utils.hacluster-pacemaker:Setting up libpe-status28:s390x (2.0.1-5) ...
INFO:kolla.common.utils.hacluster-pacemaker:Setting up libstonithd26:s390x (2.0.1-5) ...
INFO:kolla.common.utils.hacluster-pacemaker:Setting up corosync (3.0.1-2) ...
INFO:kolla.common.utils.hacluster-pacemaker:invoke-rc.d: could not determine current runlevel
INFO:kolla.common.utils.hacluster-pacemaker:invoke-rc.d: policy-rc.d denied execution of start.
INFO:kolla.common.utils.hacluster-pacemaker:Setting up libcib27:s390x (2.0.1-5) ...
INFO:kolla.common.utils.hacluster-pacemaker:Setting up cluster-glue (1.0.12-12) ...
INFO:kolla.common.utils.hacluster-pacemaker:addgroup: The group `haclient' already exists as a system group. Exiting.
INFO:kolla.common.utils.hacluster-pacemaker:The system user `hacluster' already exists. Exiting.
INFO:kolla.common.utils.hacluster-pacemaker:invoke-rc.d: could not determine current runlevel
INFO:kolla.common.utils.hacluster-pacemaker:invoke-rc.d: policy-rc.d denied execution of start.
INFO:kolla.common.utils.hacluster-pacemaker:Setting up libcrmcluster29:s390x (2.0.1-5) ...
INFO:kolla.common.utils.hacluster-pacemaker:Setting up liblrmd28:s390x (2.0.1-5) ...
INFO:kolla.common.utils.hacluster-pacemaker:Setting up libpengine27:s390x (2.0.1-5) ...
INFO:kolla.common.utils.hacluster-pacemaker:Setting up resource-agents (1:4.2.0-2) ...
INFO:kolla.common.utils.hacluster-pacemaker:Setting up pacemaker-resource-agents (2.0.1-5) ...
INFO:kolla.common.utils.hacluster-pacemaker:Setting up pacemaker (2.0.1-5) ...
INFO:kolla.common.utils.hacluster-pacemaker:invoke-rc.d: could not determine current runlevel
INFO:kolla.common.utils.hacluster-pacemaker:invoke-rc.d: policy-rc.d denied execution of start.
INFO:kolla.common.utils.hacluster-pacemaker:Processing triggers for libc-bin (2.28-10) ...
INFO:kolla.common.utils.hacluster-pacemaker:Removing intermediate container 109a6439f73e
INFO:kolla.common.utils.hacluster-pacemaker: ---> 93a3983f9acc
INFO:kolla.common.utils.hacluster-pacemaker:Successfully built 93a3983f9acc
INFO:kolla.common.utils.hacluster-pacemaker:Successfully tagged s390x/debian-source-hacluster-pacemaker:9.1.0
INFO:kolla.common.utils.hacluster-pacemaker:Built at 2020-03-02 21:33:42.165604 (took 0:00:20.142641)
