INFO:kolla.common.utils.keepalived:Building started at 2020-03-02 21:32:13.156909
INFO:kolla.common.utils.keepalived:Step 1/6 : FROM s390x/debian-source-base:9.1.0
INFO:kolla.common.utils.keepalived: ---> 80efb5983713
INFO:kolla.common.utils.keepalived:Step 2/6 : LABEL maintainer="Kolla Project (https://launchpad.net/kolla)" name="keepalived" build-date="20200302"
INFO:kolla.common.utils.keepalived: ---> Running in 013f7cfab8ba
INFO:kolla.common.utils.keepalived:Removing intermediate container 013f7cfab8ba
INFO:kolla.common.utils.keepalived: ---> 0e56ea49090a
INFO:kolla.common.utils.keepalived:Step 3/6 : RUN apt-get update && apt-get -y install --no-install-recommends keepalived && apt-get clean && rm -rf /var/lib/apt/lists/*
INFO:kolla.common.utils.keepalived: ---> Running in 6d75d68a654c
INFO:kolla.common.utils.keepalived:Get:1 http://deb.debian.org/debian buster InRelease [122 kB]
INFO:kolla.common.utils.keepalived:Get:2 http://deb.debian.org/debian buster-backports InRelease [46.7 kB]
INFO:kolla.common.utils.keepalived:Get:3 http://security-cdn.debian.org/debian-security buster/updates InRelease [65.4 kB]
INFO:kolla.common.utils.keepalived:Get:4 http://deb.debian.org/debian buster/main s390x Packages [7,624 kB]
INFO:kolla.common.utils.keepalived:Get:5 http://buster-train.debian.net/debian buster-train-backports InRelease [3,660 B]
INFO:kolla.common.utils.keepalived:Get:6 http://security-cdn.debian.org/debian-security buster/updates/main s390x Packages [161 kB]
INFO:kolla.common.utils.keepalived:Get:7 http://buster-train.debian.net/debian buster-train-backports-nochange InRelease [3,669 B]
INFO:kolla.common.utils.keepalived:Get:8 http://deb.debian.org/debian buster-backports/main s390x Packages [209 kB]
INFO:kolla.common.utils.keepalived:Fetched 8,235 kB in 2s (4,822 kB/s)
INFO:kolla.common.utils.keepalived:Reading package lists...
INFO:kolla.common.utils.keepalived:[91mW: Skipping acquire of configured file 'main/binary-s390x/Packages' as repository 'http://buster-train.debian.net/debian buster-train-backports InRelease' does not seem to provide it (sources.list entry misspelt?)
INFO:kolla.common.utils.keepalived:W: Skipping acquire of configured file 'main/binary-s390x/Packages' as repository 'http://buster-train.debian.net/debian buster-train-backports-nochange InRelease' does not seem to provide it (sources.list entry misspelt?)
INFO:kolla.common.utils.keepalived:[0m
INFO:kolla.common.utils.keepalived:Reading package lists...
INFO:kolla.common.utils.keepalived:Building dependency tree...
INFO:kolla.common.utils.keepalived:Reading state information...
INFO:kolla.common.utils.keepalived:The following additional packages will be installed:
INFO:kolla.common.utils.keepalived:  libglib2.0-0 libip4tc0 libip6tc0 libjson-c3 libmariadb3 libnl-genl-3-200
INFO:kolla.common.utils.keepalived:  libpci3 libsensors-config libsensors5 libsnmp-base libsnmp30 mariadb-common
INFO:kolla.common.utils.keepalived:  mysql-common
INFO:kolla.common.utils.keepalived:Suggested packages:
INFO:kolla.common.utils.keepalived:  lm-sensors snmp-mibs-downloader
INFO:kolla.common.utils.keepalived:Recommended packages:
INFO:kolla.common.utils.keepalived:  ipvsadm libglib2.0-data shared-mime-info xdg-user-dirs
INFO:kolla.common.utils.keepalived:The following NEW packages will be installed:
INFO:kolla.common.utils.keepalived:  keepalived libglib2.0-0 libip4tc0 libip6tc0 libjson-c3 libmariadb3
INFO:kolla.common.utils.keepalived:  libnl-genl-3-200 libpci3 libsensors-config libsensors5 libsnmp-base
INFO:kolla.common.utils.keepalived:  libsnmp30 mariadb-common mysql-common
INFO:kolla.common.utils.keepalived:0 upgraded, 14 newly installed, 0 to remove and 0 not upgraded.
INFO:kolla.common.utils.keepalived:Need to get 5,943 kB of archives.
INFO:kolla.common.utils.keepalived:After this operation, 13.8 MB of additional disk space will be used.
INFO:kolla.common.utils.keepalived:Get:1 http://deb.debian.org/debian buster/main s390x libglib2.0-0 s390x 2.58.3-2+deb10u2 [1,159 kB]
INFO:kolla.common.utils.keepalived:Get:2 http://deb.debian.org/debian buster/main s390x libip4tc0 s390x 1.8.2-4 [69.5 kB]
INFO:kolla.common.utils.keepalived:Get:3 http://deb.debian.org/debian buster/main s390x libip6tc0 s390x 1.8.2-4 [69.8 kB]
INFO:kolla.common.utils.keepalived:Get:4 http://deb.debian.org/debian buster/main s390x libjson-c3 s390x 0.12.1+ds-2 [25.9 kB]
INFO:kolla.common.utils.keepalived:Get:5 http://deb.debian.org/debian buster/main s390x libnl-genl-3-200 s390x 3.4.0-1 [20.7 kB]
INFO:kolla.common.utils.keepalived:Get:6 http://deb.debian.org/debian buster/main s390x mysql-common all 5.8+1.0.5 [7,324 B]
INFO:kolla.common.utils.keepalived:Get:7 http://deb.debian.org/debian buster/main s390x mariadb-common all 1:10.3.22-0+deb10u1 [31.9 kB]
INFO:kolla.common.utils.keepalived:Get:8 http://deb.debian.org/debian buster/main s390x libmariadb3 s390x 1:10.3.22-0+deb10u1 [167 kB]
INFO:kolla.common.utils.keepalived:Get:9 http://deb.debian.org/debian buster/main s390x libpci3 s390x 1:3.5.2-1 [53.8 kB]
INFO:kolla.common.utils.keepalived:Get:10 http://deb.debian.org/debian buster/main s390x libsensors-config all 1:3.5.0-3 [31.6 kB]
INFO:kolla.common.utils.keepalived:Get:11 http://deb.debian.org/debian buster/main s390x libsensors5 s390x 1:3.5.0-3 [51.2 kB]
INFO:kolla.common.utils.keepalived:Get:12 http://deb.debian.org/debian buster/main s390x libsnmp-base all 5.7.3+dfsg-5 [1,595 kB]
INFO:kolla.common.utils.keepalived:Get:13 http://deb.debian.org/debian buster/main s390x libsnmp30 s390x 5.7.3+dfsg-5 [2,213 kB]
INFO:kolla.common.utils.keepalived:Get:14 http://deb.debian.org/debian buster/main s390x keepalived s390x 1:2.0.10-1 [448 kB]
INFO:kolla.common.utils.keepalived:Fetched 5,943 kB in 0s (17.8 MB/s)
INFO:kolla.common.utils.keepalived:Selecting previously unselected package libglib2.0-0:s390x.
INFO:kolla.common.utils.keepalived:(Reading database ... 
INFO:kolla.common.utils.keepalived:(Reading database ... 5%(Reading database ... 10%(Reading database ... 15%(Reading database ... 20%(Reading database ... 25%(Reading database ... 30%(Reading database ... 35%(Reading database ... 40%(Reading database ... 45%(Reading database ... 50%(Reading database ... 55%(Reading database ... 60%
INFO:kolla.common.utils.keepalived:(Reading database ... 65%
INFO:kolla.common.utils.keepalived:(Reading database ... 70%(Reading database ... 75%
INFO:kolla.common.utils.keepalived:(Reading database ... 80%
INFO:kolla.common.utils.keepalived:(Reading database ... 85%
INFO:kolla.common.utils.keepalived:(Reading database ... 90%
INFO:kolla.common.utils.keepalived:(Reading database ... 95%
INFO:kolla.common.utils.keepalived:(Reading database ... 100%(Reading database ... 12012 files and directories currently installed.)
INFO:kolla.common.utils.keepalived:Preparing to unpack .../00-libglib2.0-0_2.58.3-2+deb10u2_s390x.deb ...
INFO:kolla.common.utils.keepalived:Unpacking libglib2.0-0:s390x (2.58.3-2+deb10u2) ...
INFO:kolla.common.utils.keepalived:Selecting previously unselected package libip4tc0:s390x.
INFO:kolla.common.utils.keepalived:Preparing to unpack .../01-libip4tc0_1.8.2-4_s390x.deb ...
INFO:kolla.common.utils.keepalived:Unpacking libip4tc0:s390x (1.8.2-4) ...
INFO:kolla.common.utils.keepalived:Selecting previously unselected package libip6tc0:s390x.
INFO:kolla.common.utils.keepalived:Preparing to unpack .../02-libip6tc0_1.8.2-4_s390x.deb ...
INFO:kolla.common.utils.keepalived:Unpacking libip6tc0:s390x (1.8.2-4) ...
INFO:kolla.common.utils.keepalived:Selecting previously unselected package libjson-c3:s390x.
INFO:kolla.common.utils.keepalived:Preparing to unpack .../03-libjson-c3_0.12.1+ds-2_s390x.deb ...
INFO:kolla.common.utils.keepalived:Unpacking libjson-c3:s390x (0.12.1+ds-2) ...
INFO:kolla.common.utils.keepalived:Selecting previously unselected package libnl-genl-3-200:s390x.
INFO:kolla.common.utils.keepalived:Preparing to unpack .../04-libnl-genl-3-200_3.4.0-1_s390x.deb ...
INFO:kolla.common.utils.keepalived:Unpacking libnl-genl-3-200:s390x (3.4.0-1) ...
INFO:kolla.common.utils.keepalived:Selecting previously unselected package mysql-common.
INFO:kolla.common.utils.keepalived:Preparing to unpack .../05-mysql-common_5.8+1.0.5_all.deb ...
INFO:kolla.common.utils.keepalived:Unpacking mysql-common (5.8+1.0.5) ...
INFO:kolla.common.utils.keepalived:Selecting previously unselected package mariadb-common.
INFO:kolla.common.utils.keepalived:Preparing to unpack .../06-mariadb-common_1%3a10.3.22-0+deb10u1_all.deb ...
INFO:kolla.common.utils.keepalived:Unpacking mariadb-common (1:10.3.22-0+deb10u1) ...
INFO:kolla.common.utils.keepalived:Selecting previously unselected package libmariadb3:s390x.
INFO:kolla.common.utils.keepalived:Preparing to unpack .../07-libmariadb3_1%3a10.3.22-0+deb10u1_s390x.deb ...
INFO:kolla.common.utils.keepalived:Unpacking libmariadb3:s390x (1:10.3.22-0+deb10u1) ...
INFO:kolla.common.utils.keepalived:Selecting previously unselected package libpci3:s390x.
INFO:kolla.common.utils.keepalived:Preparing to unpack .../08-libpci3_1%3a3.5.2-1_s390x.deb ...
INFO:kolla.common.utils.keepalived:Unpacking libpci3:s390x (1:3.5.2-1) ...
INFO:kolla.common.utils.keepalived:Selecting previously unselected package libsensors-config.
INFO:kolla.common.utils.keepalived:Preparing to unpack .../09-libsensors-config_1%3a3.5.0-3_all.deb ...
INFO:kolla.common.utils.keepalived:Unpacking libsensors-config (1:3.5.0-3) ...
INFO:kolla.common.utils.keepalived:Selecting previously unselected package libsensors5:s390x.
INFO:kolla.common.utils.keepalived:Preparing to unpack .../10-libsensors5_1%3a3.5.0-3_s390x.deb ...
INFO:kolla.common.utils.keepalived:Unpacking libsensors5:s390x (1:3.5.0-3) ...
INFO:kolla.common.utils.keepalived:Selecting previously unselected package libsnmp-base.
INFO:kolla.common.utils.keepalived:Preparing to unpack .../11-libsnmp-base_5.7.3+dfsg-5_all.deb ...
INFO:kolla.common.utils.keepalived:Unpacking libsnmp-base (5.7.3+dfsg-5) ...
INFO:kolla.common.utils.keepalived:Selecting previously unselected package libsnmp30:s390x.
INFO:kolla.common.utils.keepalived:Preparing to unpack .../12-libsnmp30_5.7.3+dfsg-5_s390x.deb ...
INFO:kolla.common.utils.keepalived:Unpacking libsnmp30:s390x (5.7.3+dfsg-5) ...
INFO:kolla.common.utils.keepalived:Selecting previously unselected package keepalived.
INFO:kolla.common.utils.keepalived:Preparing to unpack .../13-keepalived_1%3a2.0.10-1_s390x.deb ...
INFO:kolla.common.utils.keepalived:Unpacking keepalived (1:2.0.10-1) ...
INFO:kolla.common.utils.keepalived:Setting up libjson-c3:s390x (0.12.1+ds-2) ...
INFO:kolla.common.utils.keepalived:Setting up mysql-common (5.8+1.0.5) ...
INFO:kolla.common.utils.keepalived:update-alternatives: using /etc/mysql/my.cnf.fallback to provide /etc/mysql/my.cnf (my.cnf) in auto mode
INFO:kolla.common.utils.keepalived:Setting up libip6tc0:s390x (1.8.2-4) ...
INFO:kolla.common.utils.keepalived:Setting up libip4tc0:s390x (1.8.2-4) ...
INFO:kolla.common.utils.keepalived:Setting up libglib2.0-0:s390x (2.58.3-2+deb10u2) ...
INFO:kolla.common.utils.keepalived:No schema files found: doing nothing.
INFO:kolla.common.utils.keepalived:Setting up libsnmp-base (5.7.3+dfsg-5) ...
INFO:kolla.common.utils.keepalived:Setting up libsensors-config (1:3.5.0-3) ...
INFO:kolla.common.utils.keepalived:Setting up mariadb-common (1:10.3.22-0+deb10u1) ...
INFO:kolla.common.utils.keepalived:update-alternatives: using /etc/mysql/mariadb.cnf to provide /etc/mysql/my.cnf (my.cnf) in auto mode
INFO:kolla.common.utils.keepalived:Setting up libmariadb3:s390x (1:10.3.22-0+deb10u1) ...
INFO:kolla.common.utils.keepalived:Setting up libsensors5:s390x (1:3.5.0-3) ...
INFO:kolla.common.utils.keepalived:Setting up libpci3:s390x (1:3.5.2-1) ...
INFO:kolla.common.utils.keepalived:Setting up libnl-genl-3-200:s390x (3.4.0-1) ...
INFO:kolla.common.utils.keepalived:Setting up libsnmp30:s390x (5.7.3+dfsg-5) ...
INFO:kolla.common.utils.keepalived:Setting up keepalived (1:2.0.10-1) ...
INFO:kolla.common.utils.keepalived:invoke-rc.d: could not determine current runlevel
INFO:kolla.common.utils.keepalived:invoke-rc.d: policy-rc.d denied execution of start.
INFO:kolla.common.utils.keepalived:Processing triggers for libc-bin (2.28-10) ...
INFO:kolla.common.utils.keepalived:Removing intermediate container 6d75d68a654c
INFO:kolla.common.utils.keepalived: ---> 175789c5ea7a
INFO:kolla.common.utils.keepalived:Step 4/6 : COPY check_alive.sh /
INFO:kolla.common.utils.keepalived: ---> 7df1afc56abe
INFO:kolla.common.utils.keepalived:Step 5/6 : COPY extend_start.sh /usr/local/bin/kolla_extend_start
INFO:kolla.common.utils.keepalived: ---> df7f84fd389e
INFO:kolla.common.utils.keepalived:Step 6/6 : RUN chmod 755 /usr/local/bin/kolla_extend_start /check_alive.sh
INFO:kolla.common.utils.keepalived: ---> Running in 5f018ffd96df
INFO:kolla.common.utils.keepalived:Removing intermediate container 5f018ffd96df
INFO:kolla.common.utils.keepalived: ---> f5b14c929724
INFO:kolla.common.utils.keepalived:Successfully built f5b14c929724
INFO:kolla.common.utils.keepalived:Successfully tagged s390x/debian-source-keepalived:9.1.0
INFO:kolla.common.utils.keepalived:Built at 2020-03-02 21:32:25.844137 (took 0:00:12.687228)
