INFO:kolla.common.utils.ovn-base:Building started at 2020-03-02 21:32:58.169172
INFO:kolla.common.utils.ovn-base:Step 1/5 : FROM s390x/debian-source-openvswitch-base:9.1.0
INFO:kolla.common.utils.ovn-base: ---> 4661ba0c4fbd
INFO:kolla.common.utils.ovn-base:Step 2/5 : LABEL maintainer="Kolla Project (https://launchpad.net/kolla)" name="ovn-base" build-date="20200302"
INFO:kolla.common.utils.ovn-base: ---> Running in d2998faebb27
INFO:kolla.common.utils.ovn-base:Removing intermediate container d2998faebb27
INFO:kolla.common.utils.ovn-base: ---> 1ea79962d6ff
INFO:kolla.common.utils.ovn-base:Step 3/5 : RUN apt-get update && apt-get -y install --no-install-recommends openvswitch-common && apt-get clean && rm -rf /var/lib/apt/lists/*
INFO:kolla.common.utils.ovn-base: ---> Running in 7afe76b5e959
INFO:kolla.common.utils.ovn-base:Get:1 http://deb.debian.org/debian buster InRelease [122 kB]
INFO:kolla.common.utils.ovn-base:Get:2 http://deb.debian.org/debian buster-backports InRelease [46.7 kB]
INFO:kolla.common.utils.ovn-base:Get:3 http://security-cdn.debian.org/debian-security buster/updates InRelease [65.4 kB]
INFO:kolla.common.utils.ovn-base:Get:4 http://buster-train.debian.net/debian buster-train-backports InRelease [3,660 B]
INFO:kolla.common.utils.ovn-base:Get:5 http://deb.debian.org/debian buster/main s390x Packages [7,624 kB]
INFO:kolla.common.utils.ovn-base:Get:6 http://buster-train.debian.net/debian buster-train-backports-nochange InRelease [3,669 B]
INFO:kolla.common.utils.ovn-base:Get:7 http://deb.debian.org/debian buster-backports/main s390x Packages [209 kB]
INFO:kolla.common.utils.ovn-base:Get:8 http://security-cdn.debian.org/debian-security buster/updates/main s390x Packages [161 kB]
INFO:kolla.common.utils.ovn-base:Fetched 8,235 kB in 2s (5,200 kB/s)
INFO:kolla.common.utils.ovn-base:Reading package lists...
INFO:kolla.common.utils.ovn-base:[91mW: Skipping acquire of configured file 'main/binary-s390x/Packages' as repository 'http://buster-train.debian.net/debian buster-train-backports InRelease' does not seem to provide it (sources.list entry misspelt?)
INFO:kolla.common.utils.ovn-base:W: Skipping acquire of configured file 'main/binary-s390x/Packages' as repository 'http://buster-train.debian.net/debian buster-train-backports-nochange InRelease' does not seem to provide it (sources.list entry misspelt?)
INFO:kolla.common.utils.ovn-base:[0m
INFO:kolla.common.utils.ovn-base:Reading package lists...
INFO:kolla.common.utils.ovn-base:Building dependency tree...
INFO:kolla.common.utils.ovn-base:Reading state information...
INFO:kolla.common.utils.ovn-base:openvswitch-common is already the newest version (2.10.0+2018.08.28+git.8ca7c82b7d+ds1-12+deb10u1).
INFO:kolla.common.utils.ovn-base:openvswitch-common set to manually installed.
INFO:kolla.common.utils.ovn-base:0 upgraded, 0 newly installed, 0 to remove and 0 not upgraded.
INFO:kolla.common.utils.ovn-base:Removing intermediate container 7afe76b5e959
INFO:kolla.common.utils.ovn-base: ---> 8378bde885ba
INFO:kolla.common.utils.ovn-base:Step 4/5 : COPY extend_start.sh /usr/local/bin/kolla_extend_start
INFO:kolla.common.utils.ovn-base: ---> 89918db7ae1e
INFO:kolla.common.utils.ovn-base:Step 5/5 : RUN chmod 755 /usr/local/bin/kolla_extend_start
INFO:kolla.common.utils.ovn-base: ---> Running in db787934f26c
INFO:kolla.common.utils.ovn-base:Removing intermediate container db787934f26c
INFO:kolla.common.utils.ovn-base: ---> 36f29e489983
INFO:kolla.common.utils.ovn-base:Successfully built 36f29e489983
INFO:kolla.common.utils.ovn-base:Successfully tagged s390x/debian-source-ovn-base:9.1.0
INFO:kolla.common.utils.ovn-base:Built at 2020-03-02 21:33:06.255015 (took 0:00:08.085843)
