INFO:kolla.common.utils.ovn-sb-db-server:Building started at 2020-03-02 21:33:42.165836
INFO:kolla.common.utils.ovn-sb-db-server:Step 1/5 : FROM s390x/debian-source-ovn-base:9.1.0
INFO:kolla.common.utils.ovn-sb-db-server: ---> 36f29e489983
INFO:kolla.common.utils.ovn-sb-db-server:Step 2/5 : LABEL maintainer="Kolla Project (https://launchpad.net/kolla)" name="ovn-sb-db-server" build-date="20200302"
INFO:kolla.common.utils.ovn-sb-db-server: ---> Running in 06cc255be03d
INFO:kolla.common.utils.ovn-sb-db-server:Removing intermediate container 06cc255be03d
INFO:kolla.common.utils.ovn-sb-db-server: ---> 3749a02deabc
INFO:kolla.common.utils.ovn-sb-db-server:Step 3/5 : RUN apt-get update && apt-get -y install --no-install-recommends ovn-central && apt-get clean && rm -rf /var/lib/apt/lists/*
INFO:kolla.common.utils.ovn-sb-db-server: ---> Running in 15c5b0109c10
INFO:kolla.common.utils.ovn-sb-db-server:Get:1 http://deb.debian.org/debian buster InRelease [122 kB]
INFO:kolla.common.utils.ovn-sb-db-server:Get:2 http://deb.debian.org/debian buster-backports InRelease [46.7 kB]
INFO:kolla.common.utils.ovn-sb-db-server:Get:3 http://security-cdn.debian.org/debian-security buster/updates InRelease [65.4 kB]
INFO:kolla.common.utils.ovn-sb-db-server:Get:4 http://buster-train.debian.net/debian buster-train-backports InRelease [3,660 B]
INFO:kolla.common.utils.ovn-sb-db-server:Get:5 http://deb.debian.org/debian buster/main s390x Packages [7,624 kB]
INFO:kolla.common.utils.ovn-sb-db-server:Get:6 http://buster-train.debian.net/debian buster-train-backports-nochange InRelease [3,669 B]
INFO:kolla.common.utils.ovn-sb-db-server:Get:7 http://deb.debian.org/debian buster-backports/main s390x Packages [209 kB]
INFO:kolla.common.utils.ovn-sb-db-server:Get:8 http://security-cdn.debian.org/debian-security buster/updates/main s390x Packages [161 kB]
INFO:kolla.common.utils.ovn-sb-db-server:Fetched 8,235 kB in 1s (5,923 kB/s)
INFO:kolla.common.utils.ovn-sb-db-server:Reading package lists...
INFO:kolla.common.utils.ovn-sb-db-server:[91mW: Skipping acquire of configured file 'main/binary-s390x/Packages' as repository 'http://buster-train.debian.net/debian buster-train-backports InRelease' does not seem to provide it (sources.list entry misspelt?)
INFO:kolla.common.utils.ovn-sb-db-server:W: Skipping acquire of configured file 'main/binary-s390x/Packages' as repository 'http://buster-train.debian.net/debian buster-train-backports-nochange InRelease' does not seem to provide it (sources.list entry misspelt?)[0m
INFO:kolla.common.utils.ovn-sb-db-server:[91m
INFO:kolla.common.utils.ovn-sb-db-server:[0m
INFO:kolla.common.utils.ovn-sb-db-server:Reading package lists...
INFO:kolla.common.utils.ovn-sb-db-server:Building dependency tree...
INFO:kolla.common.utils.ovn-sb-db-server:Reading state information...
INFO:kolla.common.utils.ovn-sb-db-server:The following NEW packages will be installed:
INFO:kolla.common.utils.ovn-sb-db-server:  ovn-central
INFO:kolla.common.utils.ovn-sb-db-server:0 upgraded, 1 newly installed, 0 to remove and 0 not upgraded.
INFO:kolla.common.utils.ovn-sb-db-server:Need to get 38.7 kB of archives.
INFO:kolla.common.utils.ovn-sb-db-server:After this operation, 116 kB of additional disk space will be used.
INFO:kolla.common.utils.ovn-sb-db-server:Get:1 http://deb.debian.org/debian buster/main s390x ovn-central s390x 2.10.0+2018.08.28+git.8ca7c82b7d+ds1-12+deb10u1 [38.7 kB]
INFO:kolla.common.utils.ovn-sb-db-server:Fetched 38.7 kB in 0s (1,064 kB/s)
INFO:kolla.common.utils.ovn-sb-db-server:Selecting previously unselected package ovn-central.
INFO:kolla.common.utils.ovn-sb-db-server:(Reading database ... 
INFO:kolla.common.utils.ovn-sb-db-server:(Reading database ... 5%(Reading database ... 10%(Reading database ... 15%(Reading database ... 20%(Reading database ... 25%(Reading database ... 30%(Reading database ... 35%(Reading database ... 40%(Reading database ... 45%(Reading database ... 50%(Reading database ... 55%(Reading database ... 60%
INFO:kolla.common.utils.ovn-sb-db-server:(Reading database ... 65%(Reading database ... 70%(Reading database ... 75%
INFO:kolla.common.utils.ovn-sb-db-server:(Reading database ... 80%
INFO:kolla.common.utils.ovn-sb-db-server:(Reading database ... 85%
INFO:kolla.common.utils.ovn-sb-db-server:(Reading database ... 90%
INFO:kolla.common.utils.ovn-sb-db-server:(Reading database ... 95%
INFO:kolla.common.utils.ovn-sb-db-server:(Reading database ... 100%(Reading database ... 13084 files and directories currently installed.)
INFO:kolla.common.utils.ovn-sb-db-server:Preparing to unpack .../ovn-central_2.10.0+2018.08.28+git.8ca7c82b7d+ds1-12+deb10u1_s390x.deb ...
INFO:kolla.common.utils.ovn-sb-db-server:Unpacking ovn-central (2.10.0+2018.08.28+git.8ca7c82b7d+ds1-12+deb10u1) ...
INFO:kolla.common.utils.ovn-sb-db-server:Setting up ovn-central (2.10.0+2018.08.28+git.8ca7c82b7d+ds1-12+deb10u1) ...
INFO:kolla.common.utils.ovn-sb-db-server:invoke-rc.d: could not determine current runlevel
INFO:kolla.common.utils.ovn-sb-db-server:invoke-rc.d: policy-rc.d denied execution of start.
INFO:kolla.common.utils.ovn-sb-db-server:Removing intermediate container 15c5b0109c10
INFO:kolla.common.utils.ovn-sb-db-server: ---> ef75fa55f505
INFO:kolla.common.utils.ovn-sb-db-server:Step 4/5 : COPY start_sb_db_server.sh /usr/local/bin/start-sb-db-server
INFO:kolla.common.utils.ovn-sb-db-server: ---> 52eda4f42c13
INFO:kolla.common.utils.ovn-sb-db-server:Step 5/5 : RUN chmod 755 /usr/local/bin/start-sb-db-server
INFO:kolla.common.utils.ovn-sb-db-server: ---> Running in d9878b9bd0f4
INFO:kolla.common.utils.ovn-sb-db-server:Removing intermediate container d9878b9bd0f4
INFO:kolla.common.utils.ovn-sb-db-server: ---> 9e9267c722aa
INFO:kolla.common.utils.ovn-sb-db-server:Successfully built 9e9267c722aa
INFO:kolla.common.utils.ovn-sb-db-server:Successfully tagged s390x/debian-source-ovn-sb-db-server:9.1.0
INFO:kolla.common.utils.ovn-sb-db-server:Built at 2020-03-02 21:33:50.643573 (took 0:00:08.477737)
