INFO:kolla.common.utils.ovsdpdk:Building started at 2020-03-02 21:32:16.105380
INFO:kolla.common.utils.ovsdpdk:Step 1/6 : FROM s390x/debian-source-base:9.1.0
INFO:kolla.common.utils.ovsdpdk: ---> 80efb5983713
INFO:kolla.common.utils.ovsdpdk:Step 2/6 : LABEL maintainer="Kolla Project (https://launchpad.net/kolla)" name="ovsdpdk" build-date="20200302"
INFO:kolla.common.utils.ovsdpdk: ---> Running in 2d5a57acd906
INFO:kolla.common.utils.ovsdpdk:Removing intermediate container 2d5a57acd906
INFO:kolla.common.utils.ovsdpdk: ---> 5aa35ab7151f
INFO:kolla.common.utils.ovsdpdk:Step 3/6 : RUN apt-get update && apt-get -y install --no-install-recommends openvswitch-switch-dpdk && apt-get clean && rm -rf /var/lib/apt/lists/*
INFO:kolla.common.utils.ovsdpdk: ---> Running in e72bf9e1b57e
INFO:kolla.common.utils.ovsdpdk:Get:1 http://deb.debian.org/debian buster InRelease [122 kB]
INFO:kolla.common.utils.ovsdpdk:Get:3 http://deb.debian.org/debian buster-backports InRelease [46.7 kB]
INFO:kolla.common.utils.ovsdpdk:Get:4 http://buster-train.debian.net/debian buster-train-backports InRelease [3,660 B]
INFO:kolla.common.utils.ovsdpdk:Get:5 http://deb.debian.org/debian buster/main s390x Packages [7,624 kB]
INFO:kolla.common.utils.ovsdpdk:Get:2 http://security-cdn.debian.org/debian-security buster/updates InRelease [65.4 kB]
INFO:kolla.common.utils.ovsdpdk:Get:6 http://buster-train.debian.net/debian buster-train-backports-nochange InRelease [3,669 B]
INFO:kolla.common.utils.ovsdpdk:Get:7 http://deb.debian.org/debian buster-backports/main s390x Packages [209 kB]
INFO:kolla.common.utils.ovsdpdk:Get:8 http://security-cdn.debian.org/debian-security buster/updates/main s390x Packages [161 kB]
INFO:kolla.common.utils.ovsdpdk:Fetched 8,235 kB in 2s (4,683 kB/s)
INFO:kolla.common.utils.ovsdpdk:Reading package lists...
INFO:kolla.common.utils.ovsdpdk:[91mW: Skipping acquire of configured file 'main/binary-s390x/Packages' as repository 'http://buster-train.debian.net/debian buster-train-backports InRelease' does not seem to provide it (sources.list entry misspelt?)
INFO:kolla.common.utils.ovsdpdk:W: Skipping acquire of configured file 'main/binary-s390x/Packages' as repository 'http://buster-train.debian.net/debian buster-train-backports-nochange InRelease' does not seem to provide it (sources.list entry misspelt?)
INFO:kolla.common.utils.ovsdpdk:[0m
INFO:kolla.common.utils.ovsdpdk:Reading package lists...
INFO:kolla.common.utils.ovsdpdk:Building dependency tree...
INFO:kolla.common.utils.ovsdpdk:Reading state information...
INFO:kolla.common.utils.ovsdpdk:[91mE: Unable to locate package openvswitch-switch-dpdk
INFO:kolla.common.utils.ovsdpdk:[0m
INFO:kolla.common.utils.ovsdpdk:Removing intermediate container e72bf9e1b57e
ERROR:kolla.common.utils.ovsdpdk:Error'd with the following message
ERROR:kolla.common.utils.ovsdpdk:The command '/bin/sh -c apt-get update && apt-get -y install --no-install-recommends openvswitch-switch-dpdk && apt-get clean && rm -rf /var/lib/apt/lists/*' returned a non-zero code: 100
