INFO:kolla.common.utils.ptp:Building started at 2020-03-02 21:30:46.368742
INFO:kolla.common.utils.ptp:Step 1/5 : FROM s390x/debian-source-base:9.1.0
INFO:kolla.common.utils.ptp: ---> 80efb5983713
INFO:kolla.common.utils.ptp:Step 2/5 : LABEL maintainer="Kolla Project (https://launchpad.net/kolla)" name="ptp" build-date="20200302"
INFO:kolla.common.utils.ptp: ---> Running in 818d2cb42367
INFO:kolla.common.utils.ptp:Removing intermediate container 818d2cb42367
INFO:kolla.common.utils.ptp: ---> 152cd1baf05f
INFO:kolla.common.utils.ptp:Step 3/5 : RUN apt-get update && apt-get -y install --no-install-recommends linuxptp && apt-get clean && rm -rf /var/lib/apt/lists/*
INFO:kolla.common.utils.ptp: ---> Running in 828985bb0fa6
INFO:kolla.common.utils.ptp:Get:2 http://deb.debian.org/debian buster InRelease [122 kB]
INFO:kolla.common.utils.ptp:Get:3 http://deb.debian.org/debian buster-backports InRelease [46.7 kB]
INFO:kolla.common.utils.ptp:Get:1 http://security-cdn.debian.org/debian-security buster/updates InRelease [65.4 kB]
INFO:kolla.common.utils.ptp:Get:4 http://deb.debian.org/debian buster/main s390x Packages [7,624 kB]
INFO:kolla.common.utils.ptp:Get:5 http://buster-train.debian.net/debian buster-train-backports InRelease [3,660 B]
INFO:kolla.common.utils.ptp:Get:6 http://buster-train.debian.net/debian buster-train-backports-nochange InRelease [3,669 B]
INFO:kolla.common.utils.ptp:Get:7 http://deb.debian.org/debian buster-backports/main s390x Packages [209 kB]
INFO:kolla.common.utils.ptp:Get:8 http://security-cdn.debian.org/debian-security buster/updates/main s390x Packages [161 kB]
INFO:kolla.common.utils.ptp:Fetched 8,235 kB in 2s (5,116 kB/s)
INFO:kolla.common.utils.ptp:Reading package lists...
INFO:kolla.common.utils.ptp:[91mW: Skipping acquire of configured file 'main/binary-s390x/Packages' as repository 'http://buster-train.debian.net/debian buster-train-backports InRelease' does not seem to provide it (sources.list entry misspelt?)
INFO:kolla.common.utils.ptp:W: Skipping acquire of configured file 'main/binary-s390x/Packages' as repository 'http://buster-train.debian.net/debian buster-train-backports-nochange InRelease' does not seem to provide it (sources.list entry misspelt?)
INFO:kolla.common.utils.ptp:[0m
INFO:kolla.common.utils.ptp:Reading package lists...
INFO:kolla.common.utils.ptp:Building dependency tree...
INFO:kolla.common.utils.ptp:Reading state information...
INFO:kolla.common.utils.ptp:The following NEW packages will be installed:
INFO:kolla.common.utils.ptp:  linuxptp
INFO:kolla.common.utils.ptp:0 upgraded, 1 newly installed, 0 to remove and 0 not upgraded.
INFO:kolla.common.utils.ptp:Need to get 119 kB of archives.
INFO:kolla.common.utils.ptp:After this operation, 529 kB of additional disk space will be used.
INFO:kolla.common.utils.ptp:Get:1 http://deb.debian.org/debian buster/main s390x linuxptp s390x 1.9.2-1 [119 kB]
INFO:kolla.common.utils.ptp:Fetched 119 kB in 0s (2,364 kB/s)
INFO:kolla.common.utils.ptp:Selecting previously unselected package linuxptp.
INFO:kolla.common.utils.ptp:(Reading database ... 
INFO:kolla.common.utils.ptp:(Reading database ... 5%(Reading database ... 10%(Reading database ... 15%(Reading database ... 20%(Reading database ... 25%(Reading database ... 30%(Reading database ... 35%(Reading database ... 40%(Reading database ... 45%(Reading database ... 50%(Reading database ... 55%(Reading database ... 60%(Reading database ... 65%(Reading database ... 70%(Reading database ... 75%
INFO:kolla.common.utils.ptp:(Reading database ... 80%
INFO:kolla.common.utils.ptp:(Reading database ... 85%
INFO:kolla.common.utils.ptp:(Reading database ... 90%
INFO:kolla.common.utils.ptp:(Reading database ... 95%
INFO:kolla.common.utils.ptp:(Reading database ... 100%(Reading database ... 12012 files and directories currently installed.)
INFO:kolla.common.utils.ptp:Preparing to unpack .../linuxptp_1.9.2-1_s390x.deb ...
INFO:kolla.common.utils.ptp:Unpacking linuxptp (1.9.2-1) ...
INFO:kolla.common.utils.ptp:Setting up linuxptp (1.9.2-1) ...
INFO:kolla.common.utils.ptp:Removing intermediate container 828985bb0fa6
INFO:kolla.common.utils.ptp: ---> 8543b2ec961a
INFO:kolla.common.utils.ptp:Step 4/5 : COPY extend_start.sh /usr/local/bin/kolla_extend_start
INFO:kolla.common.utils.ptp: ---> 180f028555b2
INFO:kolla.common.utils.ptp:Step 5/5 : RUN chmod 755 /usr/local/bin/kolla_extend_start
INFO:kolla.common.utils.ptp: ---> Running in 6b855530d368
INFO:kolla.common.utils.ptp:Removing intermediate container 6b855530d368
INFO:kolla.common.utils.ptp: ---> 2a0b09322111
INFO:kolla.common.utils.ptp:Successfully built 2a0b09322111
INFO:kolla.common.utils.ptp:Successfully tagged s390x/debian-source-ptp:9.1.0
INFO:kolla.common.utils.ptp:Built at 2020-03-02 21:30:55.892579 (took 0:00:09.523837)
