INFO:kolla.common.utils.radvd:Building started at 2020-03-02 21:31:43.280840
INFO:kolla.common.utils.radvd:Step 1/3 : FROM s390x/debian-source-base:9.1.0
INFO:kolla.common.utils.radvd: ---> 80efb5983713
INFO:kolla.common.utils.radvd:Step 2/3 : LABEL maintainer="Kolla Project (https://launchpad.net/kolla)" name="radvd" build-date="20200302"
INFO:kolla.common.utils.radvd: ---> Running in f6565adaa38e
INFO:kolla.common.utils.radvd:Removing intermediate container f6565adaa38e
INFO:kolla.common.utils.radvd: ---> c94f9a5314e0
INFO:kolla.common.utils.radvd:Step 3/3 : RUN apt-get update && apt-get -y install --no-install-recommends radvd && apt-get clean && rm -rf /var/lib/apt/lists/*
INFO:kolla.common.utils.radvd: ---> Running in 6ee9d18bccbe
INFO:kolla.common.utils.radvd:Get:1 http://deb.debian.org/debian buster InRelease [122 kB]
INFO:kolla.common.utils.radvd:Get:2 http://deb.debian.org/debian buster-backports InRelease [46.7 kB]
INFO:kolla.common.utils.radvd:Get:4 http://buster-train.debian.net/debian buster-train-backports InRelease [3,660 B]
INFO:kolla.common.utils.radvd:Get:3 http://security-cdn.debian.org/debian-security buster/updates InRelease [65.4 kB]
INFO:kolla.common.utils.radvd:Get:5 http://deb.debian.org/debian buster/main s390x Packages [7,624 kB]
INFO:kolla.common.utils.radvd:Get:6 http://buster-train.debian.net/debian buster-train-backports-nochange InRelease [3,669 B]
INFO:kolla.common.utils.radvd:Get:7 http://deb.debian.org/debian buster-backports/main s390x Packages [209 kB]
INFO:kolla.common.utils.radvd:Get:8 http://security-cdn.debian.org/debian-security buster/updates/main s390x Packages [161 kB]
INFO:kolla.common.utils.radvd:Fetched 8,235 kB in 1s (5,497 kB/s)
INFO:kolla.common.utils.radvd:Reading package lists...
INFO:kolla.common.utils.radvd:[91mW: Skipping acquire of configured file 'main/binary-s390x/Packages' as repository 'http://buster-train.debian.net/debian buster-train-backports InRelease' does not seem to provide it (sources.list entry misspelt?)
INFO:kolla.common.utils.radvd:W: Skipping acquire of configured file 'main/binary-s390x/Packages' as repository 'http://buster-train.debian.net/debian buster-train-backports-nochange InRelease' does not seem to provide it (sources.list entry misspelt?)
INFO:kolla.common.utils.radvd:[0m
INFO:kolla.common.utils.radvd:Reading package lists...
INFO:kolla.common.utils.radvd:Building dependency tree...
INFO:kolla.common.utils.radvd:Reading state information...
INFO:kolla.common.utils.radvd:The following NEW packages will be installed:
INFO:kolla.common.utils.radvd:  radvd
INFO:kolla.common.utils.radvd:0 upgraded, 1 newly installed, 0 to remove and 0 not upgraded.
INFO:kolla.common.utils.radvd:Need to get 72.6 kB of archives.
INFO:kolla.common.utils.radvd:After this operation, 176 kB of additional disk space will be used.
INFO:kolla.common.utils.radvd:Get:1 http://deb.debian.org/debian buster/main s390x radvd s390x 1:2.17-2 [72.6 kB]
INFO:kolla.common.utils.radvd:Fetched 72.6 kB in 0s (2,139 kB/s)
INFO:kolla.common.utils.radvd:Selecting previously unselected package radvd.
INFO:kolla.common.utils.radvd:(Reading database ... (Reading database ... 5%(Reading database ... 10%(Reading database ... 15%(Reading database ... 20%(Reading database ... 25%(Reading database ... 30%(Reading database ... 35%(Reading database ... 40%(Reading database ... 45%(Reading database ... 50%(Reading database ... 55%(Reading database ... 60%(Reading database ... 65%(Reading database ... 70%(Reading database ... 75%
INFO:kolla.common.utils.radvd:(Reading database ... 80%(Reading database ... 85%
INFO:kolla.common.utils.radvd:(Reading database ... 90%(Reading database ... 95%(Reading database ... 100%(Reading database ... 12012 files and directories currently installed.)
INFO:kolla.common.utils.radvd:Preparing to unpack .../radvd_1%3a2.17-2_s390x.deb ...
INFO:kolla.common.utils.radvd:Unpacking radvd (1:2.17-2) ...
INFO:kolla.common.utils.radvd:Setting up radvd (1:2.17-2) ...
INFO:kolla.common.utils.radvd:invoke-rc.d: could not determine current runlevel
INFO:kolla.common.utils.radvd:invoke-rc.d: policy-rc.d denied execution of start.
INFO:kolla.common.utils.radvd:Removing intermediate container 6ee9d18bccbe
INFO:kolla.common.utils.radvd: ---> 7083f111c743
INFO:kolla.common.utils.radvd:Successfully built 7083f111c743
INFO:kolla.common.utils.radvd:Successfully tagged s390x/debian-source-radvd:9.1.0
INFO:kolla.common.utils.radvd:Built at 2020-03-02 21:31:51.229065 (took 0:00:07.948225)
