INFO:kolla.common.utils.redis-base:Building started at 2020-03-02 21:31:00.233557
INFO:kolla.common.utils.redis-base:Step 1/5 : FROM s390x/debian-source-base:9.1.0
INFO:kolla.common.utils.redis-base: ---> 80efb5983713
INFO:kolla.common.utils.redis-base:Step 2/5 : LABEL maintainer="Kolla Project (https://launchpad.net/kolla)" name="redis-base" build-date="20200302"
INFO:kolla.common.utils.redis-base: ---> Running in 35d5e100e2c9
INFO:kolla.common.utils.redis-base:Removing intermediate container 35d5e100e2c9
INFO:kolla.common.utils.redis-base: ---> febcd692868e
INFO:kolla.common.utils.redis-base:Step 3/5 : RUN usermod --append --home /run/redis --groups kolla redis     && mkdir -p /run/redis     && chown -R 42460:42460 /run/redis
INFO:kolla.common.utils.redis-base: ---> Running in dc7c92b2236e
INFO:kolla.common.utils.redis-base:Removing intermediate container dc7c92b2236e
INFO:kolla.common.utils.redis-base: ---> f4045df7247d
INFO:kolla.common.utils.redis-base:Step 4/5 : COPY extend_start.sh /usr/local/bin/kolla_extend_start
INFO:kolla.common.utils.redis-base: ---> d84364318294
INFO:kolla.common.utils.redis-base:Step 5/5 : RUN chmod 755 /usr/local/bin/kolla_extend_start
INFO:kolla.common.utils.redis-base: ---> Running in 0e28da898936
INFO:kolla.common.utils.redis-base:Removing intermediate container 0e28da898936
INFO:kolla.common.utils.redis-base: ---> 730e857eb03b
INFO:kolla.common.utils.redis-base:Successfully built 730e857eb03b
INFO:kolla.common.utils.redis-base:Successfully tagged s390x/debian-source-redis-base:9.1.0
INFO:kolla.common.utils.redis-base:Built at 2020-03-02 21:31:06.070181 (took 0:00:05.836624)
