INFO:kolla.common.utils.redis:Building started at 2020-03-02 21:32:59.020838
INFO:kolla.common.utils.redis:Step 1/4 : FROM s390x/debian-source-redis-base:9.1.0
INFO:kolla.common.utils.redis: ---> 730e857eb03b
INFO:kolla.common.utils.redis:Step 2/4 : LABEL maintainer="Kolla Project (https://launchpad.net/kolla)" name="redis" build-date="20200302"
INFO:kolla.common.utils.redis: ---> Running in 68c6946e1c9c
INFO:kolla.common.utils.redis:Removing intermediate container 68c6946e1c9c
INFO:kolla.common.utils.redis: ---> 188783a2e8d8
INFO:kolla.common.utils.redis:Step 3/4 : RUN apt-get update && apt-get -y install --no-install-recommends redis-server && apt-get clean && rm -rf /var/lib/apt/lists/*
INFO:kolla.common.utils.redis: ---> Running in 29831e72369c
INFO:kolla.common.utils.redis:Get:1 http://deb.debian.org/debian buster InRelease [122 kB]
INFO:kolla.common.utils.redis:Get:2 http://deb.debian.org/debian buster-backports InRelease [46.7 kB]
INFO:kolla.common.utils.redis:Get:3 http://security-cdn.debian.org/debian-security buster/updates InRelease [65.4 kB]
INFO:kolla.common.utils.redis:Get:4 http://buster-train.debian.net/debian buster-train-backports InRelease [3,660 B]
INFO:kolla.common.utils.redis:Get:5 http://deb.debian.org/debian buster/main s390x Packages [7,624 kB]
INFO:kolla.common.utils.redis:Get:6 http://buster-train.debian.net/debian buster-train-backports-nochange InRelease [3,669 B]
INFO:kolla.common.utils.redis:Get:7 http://deb.debian.org/debian buster-backports/main s390x Packages [209 kB]
INFO:kolla.common.utils.redis:Get:8 http://security-cdn.debian.org/debian-security buster/updates/main s390x Packages [161 kB]
INFO:kolla.common.utils.redis:Fetched 8,235 kB in 2s (5,358 kB/s)
INFO:kolla.common.utils.redis:Reading package lists...
INFO:kolla.common.utils.redis:[91mW[0m
INFO:kolla.common.utils.redis:[91m: Skipping acquire of configured file 'main/binary-s390x/Packages' as repository 'http://buster-train.debian.net/debian buster-train-backports InRelease' does not seem to provide it (sources.list entry misspelt?)
INFO:kolla.common.utils.redis:W: Skipping acquire of configured file 'main/binary-s390x/Packages' as repository 'http://buster-train.debian.net/debian buster-train-backports-nochange InRelease' does not seem to provide it (sources.list entry misspelt?)
INFO:kolla.common.utils.redis:[0m
INFO:kolla.common.utils.redis:Reading package lists...
INFO:kolla.common.utils.redis:Building dependency tree...
INFO:kolla.common.utils.redis:Reading state information...
INFO:kolla.common.utils.redis:The following additional packages will be installed:
INFO:kolla.common.utils.redis:  libatomic1 libhiredis0.14 libjemalloc2 liblua5.1-0 lua-bitop lua-cjson
INFO:kolla.common.utils.redis:  redis-tools
INFO:kolla.common.utils.redis:Suggested packages:
INFO:kolla.common.utils.redis:  ruby-redis
INFO:kolla.common.utils.redis:The following NEW packages will be installed:
INFO:kolla.common.utils.redis:  libatomic1 libhiredis0.14 libjemalloc2 liblua5.1-0 lua-bitop lua-cjson
INFO:kolla.common.utils.redis:  redis-server redis-tools
INFO:kolla.common.utils.redis:0 upgraded, 8 newly installed, 0 to remove and 0 not upgraded.
INFO:kolla.common.utils.redis:Need to get 903 kB of archives.
INFO:kolla.common.utils.redis:After this operation, 4,022 kB of additional disk space will be used.
INFO:kolla.common.utils.redis:Get:1 http://deb.debian.org/debian buster/main s390x libatomic1 s390x 8.3.0-6 [8,184 B]
INFO:kolla.common.utils.redis:Get:2 http://deb.debian.org/debian buster/main s390x libhiredis0.14 s390x 0.14.0-3 [31.8 kB]
INFO:kolla.common.utils.redis:Get:3 http://deb.debian.org/debian buster/main s390x libjemalloc2 s390x 5.1.0-3 [173 kB]
INFO:kolla.common.utils.redis:Get:4 http://deb.debian.org/debian buster/main s390x liblua5.1-0 s390x 5.1.5-8.1+b2 [104 kB]
INFO:kolla.common.utils.redis:Get:5 http://deb.debian.org/debian buster/main s390x lua-bitop s390x 1.0.2-5 [7,000 B]
INFO:kolla.common.utils.redis:Get:6 http://deb.debian.org/debian buster/main s390x lua-cjson s390x 2.1.0+dfsg-2.1 [16.7 kB]
INFO:kolla.common.utils.redis:Get:7 http://deb.debian.org/debian buster/main s390x redis-tools s390x 5:5.0.3-4+deb10u1 [485 kB]
INFO:kolla.common.utils.redis:Get:8 http://deb.debian.org/debian buster/main s390x redis-server s390x 5:5.0.3-4+deb10u1 [78.4 kB]
INFO:kolla.common.utils.redis:Fetched 903 kB in 0s (8,040 kB/s)
INFO:kolla.common.utils.redis:Selecting previously unselected package libatomic1:s390x.
INFO:kolla.common.utils.redis:(Reading database ... 
INFO:kolla.common.utils.redis:(Reading database ... 5%(Reading database ... 10%(Reading database ... 15%(Reading database ... 20%(Reading database ... 25%(Reading database ... 30%(Reading database ... 35%(Reading database ... 40%(Reading database ... 45%(Reading database ... 50%(Reading database ... 55%(Reading database ... 60%(Reading database ... 65%(Reading database ... 70%(Reading database ... 75%
INFO:kolla.common.utils.redis:(Reading database ... 80%
INFO:kolla.common.utils.redis:(Reading database ... 85%
INFO:kolla.common.utils.redis:(Reading database ... 90%
INFO:kolla.common.utils.redis:(Reading database ... 95%
INFO:kolla.common.utils.redis:(Reading database ... 100%(Reading database ... 12012 files and directories currently installed.)
INFO:kolla.common.utils.redis:Preparing to unpack .../0-libatomic1_8.3.0-6_s390x.deb ...
INFO:kolla.common.utils.redis:Unpacking libatomic1:s390x (8.3.0-6) ...
INFO:kolla.common.utils.redis:Selecting previously unselected package libhiredis0.14:s390x.
INFO:kolla.common.utils.redis:Preparing to unpack .../1-libhiredis0.14_0.14.0-3_s390x.deb ...
INFO:kolla.common.utils.redis:Unpacking libhiredis0.14:s390x (0.14.0-3) ...
INFO:kolla.common.utils.redis:Selecting previously unselected package libjemalloc2:s390x.
INFO:kolla.common.utils.redis:Preparing to unpack .../2-libjemalloc2_5.1.0-3_s390x.deb ...
INFO:kolla.common.utils.redis:Unpacking libjemalloc2:s390x (5.1.0-3) ...
INFO:kolla.common.utils.redis:Selecting previously unselected package liblua5.1-0:s390x.
INFO:kolla.common.utils.redis:Preparing to unpack .../3-liblua5.1-0_5.1.5-8.1+b2_s390x.deb ...
INFO:kolla.common.utils.redis:Unpacking liblua5.1-0:s390x (5.1.5-8.1+b2) ...
INFO:kolla.common.utils.redis:Selecting previously unselected package lua-bitop:s390x.
INFO:kolla.common.utils.redis:Preparing to unpack .../4-lua-bitop_1.0.2-5_s390x.deb ...
INFO:kolla.common.utils.redis:Unpacking lua-bitop:s390x (1.0.2-5) ...
INFO:kolla.common.utils.redis:Selecting previously unselected package lua-cjson:s390x.
INFO:kolla.common.utils.redis:Preparing to unpack .../5-lua-cjson_2.1.0+dfsg-2.1_s390x.deb ...
INFO:kolla.common.utils.redis:Unpacking lua-cjson:s390x (2.1.0+dfsg-2.1) ...
INFO:kolla.common.utils.redis:Selecting previously unselected package redis-tools.
INFO:kolla.common.utils.redis:Preparing to unpack .../6-redis-tools_5%3a5.0.3-4+deb10u1_s390x.deb ...
INFO:kolla.common.utils.redis:Unpacking redis-tools (5:5.0.3-4+deb10u1) ...
INFO:kolla.common.utils.redis:Selecting previously unselected package redis-server.
INFO:kolla.common.utils.redis:Preparing to unpack .../7-redis-server_5%3a5.0.3-4+deb10u1_s390x.deb ...
INFO:kolla.common.utils.redis:Unpacking redis-server (5:5.0.3-4+deb10u1) ...
INFO:kolla.common.utils.redis:Setting up libjemalloc2:s390x (5.1.0-3) ...
INFO:kolla.common.utils.redis:Setting up lua-cjson:s390x (2.1.0+dfsg-2.1) ...
INFO:kolla.common.utils.redis:Setting up libatomic1:s390x (8.3.0-6) ...
INFO:kolla.common.utils.redis:Setting up lua-bitop:s390x (1.0.2-5) ...
INFO:kolla.common.utils.redis:Setting up liblua5.1-0:s390x (5.1.5-8.1+b2) ...
INFO:kolla.common.utils.redis:Setting up libhiredis0.14:s390x (0.14.0-3) ...
INFO:kolla.common.utils.redis:Setting up redis-tools (5:5.0.3-4+deb10u1) ...
INFO:kolla.common.utils.redis:Setting up redis-server (5:5.0.3-4+deb10u1) ...
INFO:kolla.common.utils.redis:invoke-rc.d: could not determine current runlevel
INFO:kolla.common.utils.redis:invoke-rc.d: policy-rc.d denied execution of start.
INFO:kolla.common.utils.redis:Processing triggers for libc-bin (2.28-10) ...
INFO:kolla.common.utils.redis:Removing intermediate container 29831e72369c
INFO:kolla.common.utils.redis: ---> e92492f05532
INFO:kolla.common.utils.redis:Step 4/4 : USER redis
INFO:kolla.common.utils.redis: ---> Running in f48f80bb2934
INFO:kolla.common.utils.redis:Removing intermediate container f48f80bb2934
INFO:kolla.common.utils.redis: ---> 76263311020c
INFO:kolla.common.utils.redis:Successfully built 76263311020c
INFO:kolla.common.utils.redis:Successfully tagged s390x/debian-source-redis:9.1.0
INFO:kolla.common.utils.redis:Built at 2020-03-02 21:33:07.124498 (took 0:00:08.103660)
