INFO:kolla.common.utils.rsyslog-base:Building started at 2020-03-02 21:32:08.481384
INFO:kolla.common.utils.rsyslog-base:Step 1/3 : FROM s390x/debian-source-base:9.1.0
INFO:kolla.common.utils.rsyslog-base: ---> 80efb5983713
INFO:kolla.common.utils.rsyslog-base:Step 2/3 : LABEL maintainer="Kolla Project (https://launchpad.net/kolla)" name="rsyslog-base" build-date="20200302"
INFO:kolla.common.utils.rsyslog-base: ---> Running in ae20596f57e4
INFO:kolla.common.utils.rsyslog-base:Removing intermediate container ae20596f57e4
INFO:kolla.common.utils.rsyslog-base: ---> c73a3dd0b882
INFO:kolla.common.utils.rsyslog-base:Step 3/3 : RUN apt-get update && apt-get -y install --no-install-recommends rsyslog && apt-get clean && rm -rf /var/lib/apt/lists/*
INFO:kolla.common.utils.rsyslog-base: ---> Running in 90d1fdcc01d0
INFO:kolla.common.utils.rsyslog-base:Get:2 http://deb.debian.org/debian buster InRelease [122 kB]
INFO:kolla.common.utils.rsyslog-base:Get:3 http://deb.debian.org/debian buster-backports InRelease [46.7 kB]
INFO:kolla.common.utils.rsyslog-base:Get:1 http://security-cdn.debian.org/debian-security buster/updates InRelease [65.4 kB]
INFO:kolla.common.utils.rsyslog-base:Get:4 http://buster-train.debian.net/debian buster-train-backports InRelease [3,660 B]
INFO:kolla.common.utils.rsyslog-base:Get:5 http://deb.debian.org/debian buster/main s390x Packages [7,624 kB]
INFO:kolla.common.utils.rsyslog-base:Get:6 http://buster-train.debian.net/debian buster-train-backports-nochange InRelease [3,669 B]
INFO:kolla.common.utils.rsyslog-base:Get:7 http://security-cdn.debian.org/debian-security buster/updates/main s390x Packages [161 kB]
INFO:kolla.common.utils.rsyslog-base:Get:8 http://deb.debian.org/debian buster-backports/main s390x Packages [209 kB]
INFO:kolla.common.utils.rsyslog-base:Fetched 8,235 kB in 2s (5,447 kB/s)
INFO:kolla.common.utils.rsyslog-base:Reading package lists...
INFO:kolla.common.utils.rsyslog-base:[91mW: Skipping acquire of configured file 'main/binary-s390x/Packages' as repository 'http://buster-train.debian.net/debian buster-train-backports InRelease' does not seem to provide it (sources.list entry misspelt?)
INFO:kolla.common.utils.rsyslog-base:W: Skipping acquire of configured file 'main/binary-s390x/Packages' as repository 'http://buster-train.debian.net/debian buster-train-backports-nochange InRelease' does not seem to provide it (sources.list entry misspelt?)
INFO:kolla.common.utils.rsyslog-base:[0m
INFO:kolla.common.utils.rsyslog-base:Reading package lists...
INFO:kolla.common.utils.rsyslog-base:Building dependency tree...
INFO:kolla.common.utils.rsyslog-base:Reading state information...
INFO:kolla.common.utils.rsyslog-base:The following additional packages will be installed:
INFO:kolla.common.utils.rsyslog-base:  libestr0 libfastjson4 liblognorm5
INFO:kolla.common.utils.rsyslog-base:Suggested packages:
INFO:kolla.common.utils.rsyslog-base:  rsyslog-mysql | rsyslog-pgsql rsyslog-mongodb rsyslog-doc rsyslog-gnutls
INFO:kolla.common.utils.rsyslog-base:  rsyslog-gssapi rsyslog-relp
INFO:kolla.common.utils.rsyslog-base:Recommended packages:
INFO:kolla.common.utils.rsyslog-base:  logrotate
INFO:kolla.common.utils.rsyslog-base:The following NEW packages will be installed:
INFO:kolla.common.utils.rsyslog-base:  libestr0 libfastjson4 liblognorm5 rsyslog
INFO:kolla.common.utils.rsyslog-base:0 upgraded, 4 newly installed, 0 to remove and 0 not upgraded.
INFO:kolla.common.utils.rsyslog-base:Need to get 712 kB of archives.
INFO:kolla.common.utils.rsyslog-base:After this operation, 2,084 kB of additional disk space will be used.
INFO:kolla.common.utils.rsyslog-base:Get:1 http://deb.debian.org/debian buster/main s390x libestr0 s390x 0.1.10-2.1 [8,694 B]
INFO:kolla.common.utils.rsyslog-base:Get:2 http://deb.debian.org/debian buster/main s390x libfastjson4 s390x 0.99.8-2 [26.2 kB]
INFO:kolla.common.utils.rsyslog-base:Get:3 http://deb.debian.org/debian buster/main s390x liblognorm5 s390x 2.0.5-1 [56.5 kB]
INFO:kolla.common.utils.rsyslog-base:Get:4 http://deb.debian.org/debian buster/main s390x rsyslog s390x 8.1901.0-1 [621 kB]
INFO:kolla.common.utils.rsyslog-base:Fetched 712 kB in 0s (11.4 MB/s)
INFO:kolla.common.utils.rsyslog-base:Selecting previously unselected package libestr0:s390x.
INFO:kolla.common.utils.rsyslog-base:(Reading database ... 
INFO:kolla.common.utils.rsyslog-base:(Reading database ... 5%(Reading database ... 10%(Reading database ... 15%(Reading database ... 20%(Reading database ... 25%(Reading database ... 30%(Reading database ... 35%(Reading database ... 40%(Reading database ... 45%(Reading database ... 50%(Reading database ... 55%(Reading database ... 60%(Reading database ... 65%(Reading database ... 70%(Reading database ... 75%
INFO:kolla.common.utils.rsyslog-base:(Reading database ... 80%
INFO:kolla.common.utils.rsyslog-base:(Reading database ... 85%
INFO:kolla.common.utils.rsyslog-base:(Reading database ... 90%
INFO:kolla.common.utils.rsyslog-base:(Reading database ... 95%
INFO:kolla.common.utils.rsyslog-base:(Reading database ... 100%(Reading database ... 12012 files and directories currently installed.)
INFO:kolla.common.utils.rsyslog-base:Preparing to unpack .../libestr0_0.1.10-2.1_s390x.deb ...
INFO:kolla.common.utils.rsyslog-base:Unpacking libestr0:s390x (0.1.10-2.1) ...
INFO:kolla.common.utils.rsyslog-base:Selecting previously unselected package libfastjson4:s390x.
INFO:kolla.common.utils.rsyslog-base:Preparing to unpack .../libfastjson4_0.99.8-2_s390x.deb ...
INFO:kolla.common.utils.rsyslog-base:Unpacking libfastjson4:s390x (0.99.8-2) ...
INFO:kolla.common.utils.rsyslog-base:Selecting previously unselected package liblognorm5:s390x.
INFO:kolla.common.utils.rsyslog-base:Preparing to unpack .../liblognorm5_2.0.5-1_s390x.deb ...
INFO:kolla.common.utils.rsyslog-base:Unpacking liblognorm5:s390x (2.0.5-1) ...
INFO:kolla.common.utils.rsyslog-base:Selecting previously unselected package rsyslog.
INFO:kolla.common.utils.rsyslog-base:Preparing to unpack .../rsyslog_8.1901.0-1_s390x.deb ...
INFO:kolla.common.utils.rsyslog-base:Unpacking rsyslog (8.1901.0-1) ...
INFO:kolla.common.utils.rsyslog-base:Setting up libestr0:s390x (0.1.10-2.1) ...
INFO:kolla.common.utils.rsyslog-base:Setting up libfastjson4:s390x (0.99.8-2) ...
INFO:kolla.common.utils.rsyslog-base:Setting up liblognorm5:s390x (2.0.5-1) ...
INFO:kolla.common.utils.rsyslog-base:Setting up rsyslog (8.1901.0-1) ...
INFO:kolla.common.utils.rsyslog-base:invoke-rc.d: could not determine current runlevel
INFO:kolla.common.utils.rsyslog-base:invoke-rc.d: policy-rc.d denied execution of start.
INFO:kolla.common.utils.rsyslog-base:Processing triggers for libc-bin (2.28-10) ...
INFO:kolla.common.utils.rsyslog-base:Removing intermediate container 90d1fdcc01d0
INFO:kolla.common.utils.rsyslog-base: ---> c2bfa8e6e07a
INFO:kolla.common.utils.rsyslog-base:Successfully built c2bfa8e6e07a
INFO:kolla.common.utils.rsyslog-base:Successfully tagged s390x/debian-source-rsyslog-base:9.1.0
INFO:kolla.common.utils.rsyslog-base:Built at 2020-03-02 21:32:16.104174 (took 0:00:07.622790)
