INFO:kolla.common.utils.certmonger:Building started at 2020-03-02 21:48:41.009328
INFO:kolla.common.utils.certmonger:Step 1/3 : FROM s390x/ubuntu-source-base:9.1.0
INFO:kolla.common.utils.certmonger: ---> 96ede3560f2f
INFO:kolla.common.utils.certmonger:Step 2/3 : LABEL maintainer="Kolla Project (https://launchpad.net/kolla)" name="certmonger" build-date="20200302"
INFO:kolla.common.utils.certmonger: ---> Running in 09d136ffe60a
INFO:kolla.common.utils.certmonger:Removing intermediate container 09d136ffe60a
INFO:kolla.common.utils.certmonger: ---> 829bb2619765
INFO:kolla.common.utils.certmonger:Step 3/3 : RUN apt-get update && apt-get -y install --no-install-recommends certmonger && apt-get clean && rm -rf /var/lib/apt/lists/*
INFO:kolla.common.utils.certmonger: ---> Running in 924ce9e6a163
INFO:kolla.common.utils.certmonger:Get:1 http://ports.ubuntu.com bionic InRelease [242 kB]
INFO:kolla.common.utils.certmonger:Ign:2 http://ubuntu-cloud.archive.canonical.com/ubuntu bionic-updates/ussuri InRelease
INFO:kolla.common.utils.certmonger:Get:3 http://ports.ubuntu.com bionic-updates InRelease [88.7 kB]
INFO:kolla.common.utils.certmonger:Get:4 http://ubuntu-cloud.archive.canonical.com/ubuntu bionic-updates/ussuri Release [7,884 B]
INFO:kolla.common.utils.certmonger:Get:5 http://ports.ubuntu.com bionic-security InRelease [88.7 kB]
INFO:kolla.common.utils.certmonger:Get:6 http://ubuntu-cloud.archive.canonical.com/ubuntu bionic-updates/ussuri Release.gpg [543 B]
INFO:kolla.common.utils.certmonger:Get:7 http://ports.ubuntu.com bionic-backports InRelease [74.6 kB]
INFO:kolla.common.utils.certmonger:Get:8 http://ports.ubuntu.com bionic/universe s390x Packages [10.8 MB]
INFO:kolla.common.utils.certmonger:Get:9 http://ubuntu-cloud.archive.canonical.com/ubuntu bionic-updates/ussuri/main s390x Packages [145 kB]
INFO:kolla.common.utils.certmonger:Get:10 http://ports.ubuntu.com bionic/main s390x Packages [1,244 kB]
INFO:kolla.common.utils.certmonger:Get:11 http://ports.ubuntu.com bionic-updates/main s390x Packages [730 kB]
INFO:kolla.common.utils.certmonger:Get:12 http://ports.ubuntu.com bionic-updates/universe s390x Packages [1,075 kB]
INFO:kolla.common.utils.certmonger:Get:13 http://ports.ubuntu.com bionic-security/main s390x Packages [467 kB]
INFO:kolla.common.utils.certmonger:Get:14 http://ports.ubuntu.com bionic-security/universe s390x Packages [625 kB]
INFO:kolla.common.utils.certmonger:Get:15 http://ports.ubuntu.com bionic-backports/main s390x Packages [2,494 B]
INFO:kolla.common.utils.certmonger:Get:16 http://ports.ubuntu.com bionic-backports/universe s390x Packages [4,242 B]
INFO:kolla.common.utils.certmonger:Fetched 15.6 MB in 3s (6,043 kB/s)
INFO:kolla.common.utils.certmonger:Reading package lists...
INFO:kolla.common.utils.certmonger:Reading package lists...
INFO:kolla.common.utils.certmonger:Building dependency tree...
INFO:kolla.common.utils.certmonger:Reading state information...
INFO:kolla.common.utils.certmonger:The following additional packages will be installed:
INFO:kolla.common.utils.certmonger:  dbus libapparmor1 libcurl3-nss libdbus-1-3 libicu60 libidn11 libnspr4
INFO:kolla.common.utils.certmonger:  libnss3 libnsspem libpopt0 libtalloc2 libtevent0 libxml2 libxmlrpc-core-c3
INFO:kolla.common.utils.certmonger:Suggested packages:
INFO:kolla.common.utils.certmonger:  default-dbus-session-bus | dbus-session-bus
INFO:kolla.common.utils.certmonger:The following NEW packages will be installed:
INFO:kolla.common.utils.certmonger:  certmonger dbus libapparmor1 libcurl3-nss libdbus-1-3 libicu60 libidn11
INFO:kolla.common.utils.certmonger:  libnspr4 libnss3 libnsspem libpopt0 libtalloc2 libtevent0 libxml2
INFO:kolla.common.utils.certmonger:  libxmlrpc-core-c3
INFO:kolla.common.utils.certmonger:0 upgraded, 15 newly installed, 0 to remove and 0 not upgraded.
INFO:kolla.common.utils.certmonger:Need to get 10.9 MB of archives.
INFO:kolla.common.utils.certmonger:After this operation, 44.9 MB of additional disk space will be used.
INFO:kolla.common.utils.certmonger:Get:1 http://ports.ubuntu.com bionic-updates/main s390x libapparmor1 s390x 2.12-4ubuntu5.1 [30.3 kB]
INFO:kolla.common.utils.certmonger:Get:2 http://ports.ubuntu.com bionic-updates/main s390x libdbus-1-3 s390x 1.12.2-1ubuntu1.1 [168 kB]
INFO:kolla.common.utils.certmonger:Get:3 http://ports.ubuntu.com bionic-updates/main s390x dbus s390x 1.12.2-1ubuntu1.1 [140 kB]
INFO:kolla.common.utils.certmonger:Get:4 http://ports.ubuntu.com bionic/main s390x libicu60 s390x 60.2-3ubuntu3 [7,837 kB]
INFO:kolla.common.utils.certmonger:Get:5 http://ports.ubuntu.com bionic-updates/main s390x libidn11 s390x 1.33-2.1ubuntu1.2 [44.9 kB]
INFO:kolla.common.utils.certmonger:Get:6 http://ports.ubuntu.com bionic/main s390x libpopt0 s390x 1.16-11 [24.7 kB]
INFO:kolla.common.utils.certmonger:Get:7 http://ports.ubuntu.com bionic-updates/main s390x libxml2 s390x 2.9.4+dfsg1-6.1ubuntu1.3 [587 kB]
INFO:kolla.common.utils.certmonger:Get:8 http://ports.ubuntu.com bionic/main s390x libnspr4 s390x 2:4.18-1ubuntu1 [107 kB]
INFO:kolla.common.utils.certmonger:Get:9 http://ports.ubuntu.com bionic-updates/main s390x libnss3 s390x 2:3.35-2ubuntu2.7 [1,034 kB]
INFO:kolla.common.utils.certmonger:Get:10 http://ports.ubuntu.com bionic-updates/main s390x libcurl3-nss s390x 7.58.0-2ubuntu3.8 [201 kB]
INFO:kolla.common.utils.certmonger:Get:11 http://ports.ubuntu.com bionic/universe s390x libnsspem s390x 1.0.3-0ubuntu2 [48.4 kB]
INFO:kolla.common.utils.certmonger:Get:12 http://ports.ubuntu.com bionic/main s390x libtalloc2 s390x 2.1.10-2ubuntu1 [32.1 kB]
INFO:kolla.common.utils.certmonger:Get:13 http://ports.ubuntu.com bionic/main s390x libtevent0 s390x 0.9.34-1 [26.5 kB]
INFO:kolla.common.utils.certmonger:Get:14 http://ports.ubuntu.com bionic/universe s390x libxmlrpc-core-c3 s390x 1.33.14-8build1 [146 kB]
INFO:kolla.common.utils.certmonger:Get:15 http://ports.ubuntu.com bionic/universe s390x certmonger s390x 0.79.5-3ubuntu1 [432 kB]
INFO:kolla.common.utils.certmonger:Fetched 10.9 MB in 0s (30.4 MB/s)
INFO:kolla.common.utils.certmonger:Selecting previously unselected package libapparmor1:s390x.
INFO:kolla.common.utils.certmonger:(Reading database ... 
INFO:kolla.common.utils.certmonger:(Reading database ... 5%(Reading database ... 10%(Reading database ... 15%(Reading database ... 20%(Reading database ... 25%(Reading database ... 30%(Reading database ... 35%(Reading database ... 40%(Reading database ... 45%(Reading database ... 50%(Reading database ... 55%(Reading database ... 60%(Reading database ... 65%(Reading database ... 70%(Reading database ... 75%(Reading database ... 80%(Reading database ... 85%(Reading database ... 90%(Reading database ... 95%(Reading database ... 100%(Reading database ... 9244 files and directories currently installed.)
INFO:kolla.common.utils.certmonger:Preparing to unpack .../00-libapparmor1_2.12-4ubuntu5.1_s390x.deb ...
INFO:kolla.common.utils.certmonger:Unpacking libapparmor1:s390x (2.12-4ubuntu5.1) ...
INFO:kolla.common.utils.certmonger:Selecting previously unselected package libdbus-1-3:s390x.
INFO:kolla.common.utils.certmonger:Preparing to unpack .../01-libdbus-1-3_1.12.2-1ubuntu1.1_s390x.deb ...
INFO:kolla.common.utils.certmonger:Unpacking libdbus-1-3:s390x (1.12.2-1ubuntu1.1) ...
INFO:kolla.common.utils.certmonger:Selecting previously unselected package dbus.
INFO:kolla.common.utils.certmonger:Preparing to unpack .../02-dbus_1.12.2-1ubuntu1.1_s390x.deb ...
INFO:kolla.common.utils.certmonger:Unpacking dbus (1.12.2-1ubuntu1.1) ...
INFO:kolla.common.utils.certmonger:Selecting previously unselected package libicu60:s390x.
INFO:kolla.common.utils.certmonger:Preparing to unpack .../03-libicu60_60.2-3ubuntu3_s390x.deb ...
INFO:kolla.common.utils.certmonger:Unpacking libicu60:s390x (60.2-3ubuntu3) ...
INFO:kolla.common.utils.certmonger:Selecting previously unselected package libidn11:s390x.
INFO:kolla.common.utils.certmonger:Preparing to unpack .../04-libidn11_1.33-2.1ubuntu1.2_s390x.deb ...
INFO:kolla.common.utils.certmonger:Unpacking libidn11:s390x (1.33-2.1ubuntu1.2) ...
INFO:kolla.common.utils.certmonger:Selecting previously unselected package libpopt0:s390x.
INFO:kolla.common.utils.certmonger:Preparing to unpack .../05-libpopt0_1.16-11_s390x.deb ...
INFO:kolla.common.utils.certmonger:Unpacking libpopt0:s390x (1.16-11) ...
INFO:kolla.common.utils.certmonger:Selecting previously unselected package libxml2:s390x.
INFO:kolla.common.utils.certmonger:Preparing to unpack .../06-libxml2_2.9.4+dfsg1-6.1ubuntu1.3_s390x.deb ...
INFO:kolla.common.utils.certmonger:Unpacking libxml2:s390x (2.9.4+dfsg1-6.1ubuntu1.3) ...
INFO:kolla.common.utils.certmonger:Selecting previously unselected package libnspr4:s390x.
INFO:kolla.common.utils.certmonger:Preparing to unpack .../07-libnspr4_2%3a4.18-1ubuntu1_s390x.deb ...
INFO:kolla.common.utils.certmonger:Unpacking libnspr4:s390x (2:4.18-1ubuntu1) ...
INFO:kolla.common.utils.certmonger:Selecting previously unselected package libnss3:s390x.
INFO:kolla.common.utils.certmonger:Preparing to unpack .../08-libnss3_2%3a3.35-2ubuntu2.7_s390x.deb ...
INFO:kolla.common.utils.certmonger:Unpacking libnss3:s390x (2:3.35-2ubuntu2.7) ...
INFO:kolla.common.utils.certmonger:Selecting previously unselected package libcurl3-nss:s390x.
INFO:kolla.common.utils.certmonger:Preparing to unpack .../09-libcurl3-nss_7.58.0-2ubuntu3.8_s390x.deb ...
INFO:kolla.common.utils.certmonger:Unpacking libcurl3-nss:s390x (7.58.0-2ubuntu3.8) ...
INFO:kolla.common.utils.certmonger:Selecting previously unselected package libnsspem:s390x.
INFO:kolla.common.utils.certmonger:Preparing to unpack .../10-libnsspem_1.0.3-0ubuntu2_s390x.deb ...
INFO:kolla.common.utils.certmonger:Unpacking libnsspem:s390x (1.0.3-0ubuntu2) ...
INFO:kolla.common.utils.certmonger:Selecting previously unselected package libtalloc2:s390x.
INFO:kolla.common.utils.certmonger:Preparing to unpack .../11-libtalloc2_2.1.10-2ubuntu1_s390x.deb ...
INFO:kolla.common.utils.certmonger:Unpacking libtalloc2:s390x (2.1.10-2ubuntu1) ...
INFO:kolla.common.utils.certmonger:Selecting previously unselected package libtevent0:s390x.
INFO:kolla.common.utils.certmonger:Preparing to unpack .../12-libtevent0_0.9.34-1_s390x.deb ...
INFO:kolla.common.utils.certmonger:Unpacking libtevent0:s390x (0.9.34-1) ...
INFO:kolla.common.utils.certmonger:Selecting previously unselected package libxmlrpc-core-c3.
INFO:kolla.common.utils.certmonger:Preparing to unpack .../13-libxmlrpc-core-c3_1.33.14-8build1_s390x.deb ...
INFO:kolla.common.utils.certmonger:Unpacking libxmlrpc-core-c3 (1.33.14-8build1) ...
INFO:kolla.common.utils.certmonger:Selecting previously unselected package certmonger.
INFO:kolla.common.utils.certmonger:Preparing to unpack .../14-certmonger_0.79.5-3ubuntu1_s390x.deb ...
INFO:kolla.common.utils.certmonger:Unpacking certmonger (0.79.5-3ubuntu1) ...
INFO:kolla.common.utils.certmonger:Setting up libpopt0:s390x (1.16-11) ...
INFO:kolla.common.utils.certmonger:Setting up libicu60:s390x (60.2-3ubuntu3) ...
INFO:kolla.common.utils.certmonger:Setting up libnspr4:s390x (2:4.18-1ubuntu1) ...
INFO:kolla.common.utils.certmonger:Setting up libxml2:s390x (2.9.4+dfsg1-6.1ubuntu1.3) ...
INFO:kolla.common.utils.certmonger:Setting up libxmlrpc-core-c3 (1.33.14-8build1) ...
INFO:kolla.common.utils.certmonger:Setting up libapparmor1:s390x (2.12-4ubuntu5.1) ...
INFO:kolla.common.utils.certmonger:Setting up libtalloc2:s390x (2.1.10-2ubuntu1) ...
INFO:kolla.common.utils.certmonger:Setting up libidn11:s390x (1.33-2.1ubuntu1.2) ...
INFO:kolla.common.utils.certmonger:Setting up libdbus-1-3:s390x (1.12.2-1ubuntu1.1) ...
INFO:kolla.common.utils.certmonger:Setting up libnss3:s390x (2:3.35-2ubuntu2.7) ...
INFO:kolla.common.utils.certmonger:Setting up libtevent0:s390x (0.9.34-1) ...
INFO:kolla.common.utils.certmonger:Setting up libnsspem:s390x (1.0.3-0ubuntu2) ...
INFO:kolla.common.utils.certmonger:Setting up dbus (1.12.2-1ubuntu1.1) ...
INFO:kolla.common.utils.certmonger:Setting up libcurl3-nss:s390x (7.58.0-2ubuntu3.8) ...
INFO:kolla.common.utils.certmonger:Setting up certmonger (0.79.5-3ubuntu1) ...
INFO:kolla.common.utils.certmonger:invoke-rc.d: could not determine current runlevel
INFO:kolla.common.utils.certmonger:invoke-rc.d: policy-rc.d denied execution of force-reload.
INFO:kolla.common.utils.certmonger:invoke-rc.d: could not determine current runlevel
INFO:kolla.common.utils.certmonger:invoke-rc.d: policy-rc.d denied execution of start.
INFO:kolla.common.utils.certmonger:Processing triggers for libc-bin (2.27-3ubuntu1) ...
INFO:kolla.common.utils.certmonger:Processing triggers for dbus (1.12.2-1ubuntu1.1) ...
INFO:kolla.common.utils.certmonger:Removing intermediate container 924ce9e6a163
INFO:kolla.common.utils.certmonger: ---> e4a2b9997af2
INFO:kolla.common.utils.certmonger:Successfully built e4a2b9997af2
INFO:kolla.common.utils.certmonger:Successfully tagged s390x/ubuntu-source-certmonger:9.1.0
INFO:kolla.common.utils.certmonger:Built at 2020-03-02 21:49:01.020058 (took 0:00:20.010730)
