INFO:kolla.common.utils.chrony:Building started at 2020-03-02 21:49:31.132745
INFO:kolla.common.utils.chrony:Step 1/6 : FROM s390x/ubuntu-source-base:9.1.0
INFO:kolla.common.utils.chrony: ---> 96ede3560f2f
INFO:kolla.common.utils.chrony:Step 2/6 : LABEL maintainer="Kolla Project (https://launchpad.net/kolla)" name="chrony" build-date="20200302"
INFO:kolla.common.utils.chrony: ---> Running in 65797545537b
INFO:kolla.common.utils.chrony:Removing intermediate container 65797545537b
INFO:kolla.common.utils.chrony: ---> 00b27deabcf2
INFO:kolla.common.utils.chrony:Step 3/6 : RUN usermod --append --home /var/lib/chrony --groups kolla chrony     && mkdir -p /var/lib/chrony     && chown -R 42406:42406 /var/lib/chrony
INFO:kolla.common.utils.chrony: ---> Running in 54ace92bd55e
INFO:kolla.common.utils.chrony:Removing intermediate container 54ace92bd55e
INFO:kolla.common.utils.chrony: ---> 648f2a808b65
INFO:kolla.common.utils.chrony:Step 4/6 : RUN apt-get update && apt-get -y install --no-install-recommends chrony && apt-get clean && rm -rf /var/lib/apt/lists/*
INFO:kolla.common.utils.chrony: ---> Running in 6d2f6bb29506
INFO:kolla.common.utils.chrony:Get:1 http://ports.ubuntu.com bionic InRelease [242 kB]
INFO:kolla.common.utils.chrony:Ign:2 http://ubuntu-cloud.archive.canonical.com/ubuntu bionic-updates/ussuri InRelease
INFO:kolla.common.utils.chrony:Get:3 http://ports.ubuntu.com bionic-updates InRelease [88.7 kB]
INFO:kolla.common.utils.chrony:Get:4 http://ubuntu-cloud.archive.canonical.com/ubuntu bionic-updates/ussuri Release [7,884 B]
INFO:kolla.common.utils.chrony:Get:5 http://ports.ubuntu.com bionic-security InRelease [88.7 kB]
INFO:kolla.common.utils.chrony:Get:6 http://ubuntu-cloud.archive.canonical.com/ubuntu bionic-updates/ussuri Release.gpg [543 B]
INFO:kolla.common.utils.chrony:Get:7 http://ports.ubuntu.com bionic-backports InRelease [74.6 kB]
INFO:kolla.common.utils.chrony:Get:8 http://ports.ubuntu.com bionic/main s390x Packages [1,244 kB]
INFO:kolla.common.utils.chrony:Get:9 http://ubuntu-cloud.archive.canonical.com/ubuntu bionic-updates/ussuri/main s390x Packages [145 kB]
INFO:kolla.common.utils.chrony:Get:10 http://ports.ubuntu.com bionic/universe s390x Packages [10.8 MB]
INFO:kolla.common.utils.chrony:Get:11 http://ports.ubuntu.com bionic-updates/main s390x Packages [730 kB]
INFO:kolla.common.utils.chrony:Get:12 http://ports.ubuntu.com bionic-updates/universe s390x Packages [1,075 kB]
INFO:kolla.common.utils.chrony:Get:13 http://ports.ubuntu.com bionic-security/main s390x Packages [467 kB]
INFO:kolla.common.utils.chrony:Get:14 http://ports.ubuntu.com bionic-security/universe s390x Packages [625 kB]
INFO:kolla.common.utils.chrony:Get:15 http://ports.ubuntu.com bionic-backports/universe s390x Packages [4,242 B]
INFO:kolla.common.utils.chrony:Get:16 http://ports.ubuntu.com bionic-backports/main s390x Packages [2,494 B]
INFO:kolla.common.utils.chrony:Fetched 15.6 MB in 3s (4,995 kB/s)
INFO:kolla.common.utils.chrony:Reading package lists...
INFO:kolla.common.utils.chrony:Reading package lists...
INFO:kolla.common.utils.chrony:Building dependency tree...
INFO:kolla.common.utils.chrony:Reading state information...
INFO:kolla.common.utils.chrony:The following additional packages will be installed:
INFO:kolla.common.utils.chrony:  libcap2 libcap2-bin libedit2 libnspr4 libnss3 ucf
INFO:kolla.common.utils.chrony:Suggested packages:
INFO:kolla.common.utils.chrony:  dnsutils
INFO:kolla.common.utils.chrony:Recommended packages:
INFO:kolla.common.utils.chrony:  networkd-dispatcher libpam-cap
INFO:kolla.common.utils.chrony:The following NEW packages will be installed:
INFO:kolla.common.utils.chrony:  chrony libcap2 libcap2-bin libedit2 libnspr4 libnss3 ucf
INFO:kolla.common.utils.chrony:0 upgraded, 7 newly installed, 0 to remove and 0 not upgraded.
INFO:kolla.common.utils.chrony:Need to get 1,490 kB of archives.
INFO:kolla.common.utils.chrony:After this operation, 5,165 kB of additional disk space will be used.
INFO:kolla.common.utils.chrony:Get:1 http://ports.ubuntu.com bionic/main s390x libcap2 s390x 1:2.25-1.2 [13.2 kB]
INFO:kolla.common.utils.chrony:Get:2 http://ports.ubuntu.com bionic/main s390x libcap2-bin s390x 1:2.25-1.2 [20.2 kB]
INFO:kolla.common.utils.chrony:Get:3 http://ports.ubuntu.com bionic/main s390x ucf all 3.0038 [50.5 kB]
INFO:kolla.common.utils.chrony:Get:4 http://ports.ubuntu.com bionic/main s390x libedit2 s390x 3.1-20170329-1 [72.0 kB]
INFO:kolla.common.utils.chrony:Get:5 http://ports.ubuntu.com bionic/main s390x libnspr4 s390x 2:4.18-1ubuntu1 [107 kB]
INFO:kolla.common.utils.chrony:Get:6 http://ports.ubuntu.com bionic-updates/main s390x libnss3 s390x 2:3.35-2ubuntu2.7 [1,034 kB]
INFO:kolla.common.utils.chrony:Get:7 http://ports.ubuntu.com bionic-updates/main s390x chrony s390x 3.2-4ubuntu4.2 [194 kB]
INFO:kolla.common.utils.chrony:Preconfiguring packages ...
INFO:kolla.common.utils.chrony:Fetched 1,490 kB in 0s (19.3 MB/s)
INFO:kolla.common.utils.chrony:Selecting previously unselected package libcap2:s390x.
INFO:kolla.common.utils.chrony:(Reading database ... 
INFO:kolla.common.utils.chrony:(Reading database ... 5%(Reading database ... 10%(Reading database ... 15%(Reading database ... 20%(Reading database ... 25%(Reading database ... 30%(Reading database ... 35%(Reading database ... 40%(Reading database ... 45%(Reading database ... 50%(Reading database ... 55%(Reading database ... 60%(Reading database ... 65%(Reading database ... 70%(Reading database ... 75%(Reading database ... 80%(Reading database ... 85%
INFO:kolla.common.utils.chrony:(Reading database ... 90%(Reading database ... 95%(Reading database ... 100%(Reading database ... 9244 files and directories currently installed.)
INFO:kolla.common.utils.chrony:Preparing to unpack .../0-libcap2_1%3a2.25-1.2_s390x.deb ...
INFO:kolla.common.utils.chrony:Unpacking libcap2:s390x (1:2.25-1.2) ...
INFO:kolla.common.utils.chrony:Selecting previously unselected package libcap2-bin.
INFO:kolla.common.utils.chrony:Preparing to unpack .../1-libcap2-bin_1%3a2.25-1.2_s390x.deb ...
INFO:kolla.common.utils.chrony:Unpacking libcap2-bin (1:2.25-1.2) ...
INFO:kolla.common.utils.chrony:Selecting previously unselected package ucf.
INFO:kolla.common.utils.chrony:Preparing to unpack .../2-ucf_3.0038_all.deb ...
INFO:kolla.common.utils.chrony:Moving old data out of the way
INFO:kolla.common.utils.chrony:Unpacking ucf (3.0038) ...
INFO:kolla.common.utils.chrony:Selecting previously unselected package libedit2:s390x.
INFO:kolla.common.utils.chrony:Preparing to unpack .../3-libedit2_3.1-20170329-1_s390x.deb ...
INFO:kolla.common.utils.chrony:Unpacking libedit2:s390x (3.1-20170329-1) ...
INFO:kolla.common.utils.chrony:Selecting previously unselected package libnspr4:s390x.
INFO:kolla.common.utils.chrony:Preparing to unpack .../4-libnspr4_2%3a4.18-1ubuntu1_s390x.deb ...
INFO:kolla.common.utils.chrony:Unpacking libnspr4:s390x (2:4.18-1ubuntu1) ...
INFO:kolla.common.utils.chrony:Selecting previously unselected package libnss3:s390x.
INFO:kolla.common.utils.chrony:Preparing to unpack .../5-libnss3_2%3a3.35-2ubuntu2.7_s390x.deb ...
INFO:kolla.common.utils.chrony:Unpacking libnss3:s390x (2:3.35-2ubuntu2.7) ...
INFO:kolla.common.utils.chrony:Selecting previously unselected package chrony.
INFO:kolla.common.utils.chrony:Preparing to unpack .../6-chrony_3.2-4ubuntu4.2_s390x.deb ...
INFO:kolla.common.utils.chrony:Unpacking chrony (3.2-4ubuntu4.2) ...
INFO:kolla.common.utils.chrony:Setting up libedit2:s390x (3.1-20170329-1) ...
INFO:kolla.common.utils.chrony:Setting up libcap2:s390x (1:2.25-1.2) ...
INFO:kolla.common.utils.chrony:Setting up libnspr4:s390x (2:4.18-1ubuntu1) ...
INFO:kolla.common.utils.chrony:Setting up ucf (3.0038) ...
INFO:kolla.common.utils.chrony:Setting up libcap2-bin (1:2.25-1.2) ...
INFO:kolla.common.utils.chrony:Setting up libnss3:s390x (2:3.35-2ubuntu2.7) ...
INFO:kolla.common.utils.chrony:Setting up chrony (3.2-4ubuntu4.2) ...
INFO:kolla.common.utils.chrony:Creating '_chrony' system user/group for the chronyd daemon…
INFO:kolla.common.utils.chrony:
INFO:kolla.common.utils.chrony:Creating config file /etc/chrony/chrony.conf with new version
INFO:kolla.common.utils.chrony:
INFO:kolla.common.utils.chrony:Creating config file /etc/chrony/chrony.keys with new version
INFO:kolla.common.utils.chrony:invoke-rc.d: could not determine current runlevel
INFO:kolla.common.utils.chrony:invoke-rc.d: policy-rc.d denied execution of start.
INFO:kolla.common.utils.chrony:Processing triggers for libc-bin (2.27-3ubuntu1) ...
INFO:kolla.common.utils.chrony:Removing intermediate container 6d2f6bb29506
INFO:kolla.common.utils.chrony: ---> 8c975514c9e5
INFO:kolla.common.utils.chrony:Step 5/6 : COPY extend_start.sh /usr/local/bin/kolla_extend_start
INFO:kolla.common.utils.chrony: ---> a0a254f27130
INFO:kolla.common.utils.chrony:Step 6/6 : RUN chmod 755 /usr/local/bin/kolla_extend_start
INFO:kolla.common.utils.chrony: ---> Running in 7776df422105
INFO:kolla.common.utils.chrony:Removing intermediate container 7776df422105
INFO:kolla.common.utils.chrony: ---> a0b342674581
INFO:kolla.common.utils.chrony:Successfully built a0b342674581
INFO:kolla.common.utils.chrony:Successfully tagged s390x/ubuntu-source-chrony:9.1.0
INFO:kolla.common.utils.chrony:Built at 2020-03-02 21:49:48.941064 (took 0:00:17.808319)
