INFO:kolla.common.utils.hacluster-pacemaker-remote:Building started at 2020-03-02 21:51:04.017970
INFO:kolla.common.utils.hacluster-pacemaker-remote:Step 1/3 : FROM s390x/ubuntu-source-hacluster-base:9.1.0
INFO:kolla.common.utils.hacluster-pacemaker-remote: ---> 98d8862defea
INFO:kolla.common.utils.hacluster-pacemaker-remote:Step 2/3 : LABEL maintainer="Kolla Project (https://launchpad.net/kolla)" name="hacluster-pacemaker-remote" build-date="20200302"
INFO:kolla.common.utils.hacluster-pacemaker-remote: ---> Running in 22d5e84e3e25
INFO:kolla.common.utils.hacluster-pacemaker-remote:Removing intermediate container 22d5e84e3e25
INFO:kolla.common.utils.hacluster-pacemaker-remote: ---> 338d7da90deb
INFO:kolla.common.utils.hacluster-pacemaker-remote:Step 3/3 : RUN apt-get update && apt-get -y install --no-install-recommends pacemaker-remote && apt-get clean && rm -rf /var/lib/apt/lists/*
INFO:kolla.common.utils.hacluster-pacemaker-remote: ---> Running in 2534f8f650d8
INFO:kolla.common.utils.hacluster-pacemaker-remote:Get:1 http://ports.ubuntu.com bionic InRelease [242 kB]
INFO:kolla.common.utils.hacluster-pacemaker-remote:Ign:2 http://ubuntu-cloud.archive.canonical.com/ubuntu bionic-updates/ussuri InRelease
INFO:kolla.common.utils.hacluster-pacemaker-remote:Get:3 http://ubuntu-cloud.archive.canonical.com/ubuntu bionic-updates/ussuri Release [7,884 B]
INFO:kolla.common.utils.hacluster-pacemaker-remote:Get:4 http://ports.ubuntu.com bionic-updates InRelease [88.7 kB]
INFO:kolla.common.utils.hacluster-pacemaker-remote:Get:5 http://ubuntu-cloud.archive.canonical.com/ubuntu bionic-updates/ussuri Release.gpg [543 B]
INFO:kolla.common.utils.hacluster-pacemaker-remote:Get:6 http://ports.ubuntu.com bionic-security InRelease [88.7 kB]
INFO:kolla.common.utils.hacluster-pacemaker-remote:Get:7 http://ports.ubuntu.com bionic-backports InRelease [74.6 kB]
INFO:kolla.common.utils.hacluster-pacemaker-remote:Get:8 http://ubuntu-cloud.archive.canonical.com/ubuntu bionic-updates/ussuri/main s390x Packages [145 kB]
INFO:kolla.common.utils.hacluster-pacemaker-remote:Get:9 http://ports.ubuntu.com bionic/main s390x Packages [1,244 kB]
INFO:kolla.common.utils.hacluster-pacemaker-remote:Get:10 http://ports.ubuntu.com bionic/universe s390x Packages [10.8 MB]
INFO:kolla.common.utils.hacluster-pacemaker-remote:Get:11 http://ports.ubuntu.com bionic-updates/universe s390x Packages [1,075 kB]
INFO:kolla.common.utils.hacluster-pacemaker-remote:Get:12 http://ports.ubuntu.com bionic-updates/main s390x Packages [730 kB]
INFO:kolla.common.utils.hacluster-pacemaker-remote:Get:13 http://ports.ubuntu.com bionic-security/universe s390x Packages [625 kB]
INFO:kolla.common.utils.hacluster-pacemaker-remote:Get:14 http://ports.ubuntu.com bionic-security/main s390x Packages [467 kB]
INFO:kolla.common.utils.hacluster-pacemaker-remote:Get:15 http://ports.ubuntu.com bionic-backports/universe s390x Packages [4,242 B]
INFO:kolla.common.utils.hacluster-pacemaker-remote:Get:16 http://ports.ubuntu.com bionic-backports/main s390x Packages [2,494 B]
INFO:kolla.common.utils.hacluster-pacemaker-remote:Fetched 15.6 MB in 4s (4,403 kB/s)
INFO:kolla.common.utils.hacluster-pacemaker-remote:Reading package lists...
INFO:kolla.common.utils.hacluster-pacemaker-remote:Reading package lists...
INFO:kolla.common.utils.hacluster-pacemaker-remote:Building dependency tree...
INFO:kolla.common.utils.hacluster-pacemaker-remote:Reading state information...
INFO:kolla.common.utils.hacluster-pacemaker-remote:The following additional packages will be installed:
INFO:kolla.common.utils.hacluster-pacemaker-remote:  cluster-glue libcrmcommon3 libcrmservice3 libdbus-1-3 libdbus-glib-1-2
INFO:kolla.common.utils.hacluster-pacemaker-remote:  libglib2.0-0 libicu60 liblrm2 liblrmd1 libltdl7 libnet1 libopenhpi3
INFO:kolla.common.utils.hacluster-pacemaker-remote:  libopenipmi0 libpci3 libpils2 libplumb2 libplumbgpl2 libqb0 libsensors4
INFO:kolla.common.utils.hacluster-pacemaker-remote:  libsnmp-base libsnmp30 libstonith1 libstonithd2 libtimedate-perl libxml2
INFO:kolla.common.utils.hacluster-pacemaker-remote:  libxslt1.1 pacemaker-common pacemaker-resource-agents resource-agents
INFO:kolla.common.utils.hacluster-pacemaker-remote:Suggested packages:
INFO:kolla.common.utils.hacluster-pacemaker-remote:  ipmitool lm-sensors snmp-mibs-downloader
INFO:kolla.common.utils.hacluster-pacemaker-remote:Recommended packages:
INFO:kolla.common.utils.hacluster-pacemaker-remote:  dbus libglib2.0-data shared-mime-info xdg-user-dirs openhpid
INFO:kolla.common.utils.hacluster-pacemaker-remote:  pacemaker-cli-utils libxml2-utils net-tools
INFO:kolla.common.utils.hacluster-pacemaker-remote:The following NEW packages will be installed:
INFO:kolla.common.utils.hacluster-pacemaker-remote:  cluster-glue libcrmcommon3 libcrmservice3 libdbus-1-3 libdbus-glib-1-2
INFO:kolla.common.utils.hacluster-pacemaker-remote:  libglib2.0-0 libicu60 liblrm2 liblrmd1 libltdl7 libnet1 libopenhpi3
INFO:kolla.common.utils.hacluster-pacemaker-remote:  libopenipmi0 libpci3 libpils2 libplumb2 libplumbgpl2 libqb0 libsensors4
INFO:kolla.common.utils.hacluster-pacemaker-remote:  libsnmp-base libsnmp30 libstonith1 libstonithd2 libtimedate-perl libxml2
INFO:kolla.common.utils.hacluster-pacemaker-remote:  libxslt1.1 pacemaker-common pacemaker-remote pacemaker-resource-agents
INFO:kolla.common.utils.hacluster-pacemaker-remote:  resource-agents
INFO:kolla.common.utils.hacluster-pacemaker-remote:0 upgraded, 30 newly installed, 0 to remove and 0 not upgraded.
INFO:kolla.common.utils.hacluster-pacemaker-remote:Need to get 13.0 MB of archives.
INFO:kolla.common.utils.hacluster-pacemaker-remote:After this operation, 53.9 MB of additional disk space will be used.
INFO:kolla.common.utils.hacluster-pacemaker-remote:Get:1 http://ports.ubuntu.com bionic-updates/main s390x libdbus-1-3 s390x 1.12.2-1ubuntu1.1 [168 kB]
INFO:kolla.common.utils.hacluster-pacemaker-remote:Get:2 http://ports.ubuntu.com bionic-updates/main s390x libglib2.0-0 s390x 2.56.4-0ubuntu0.18.04.4 [1,079 kB]
INFO:kolla.common.utils.hacluster-pacemaker-remote:Get:3 http://ports.ubuntu.com bionic/main s390x libicu60 s390x 60.2-3ubuntu3 [7,837 kB]
INFO:kolla.common.utils.hacluster-pacemaker-remote:Get:4 http://ports.ubuntu.com bionic-updates/main s390x libxml2 s390x 2.9.4+dfsg1-6.1ubuntu1.3 [587 kB]
INFO:kolla.common.utils.hacluster-pacemaker-remote:Get:5 http://ports.ubuntu.com bionic-updates/main s390x libpci3 s390x 1:3.5.2-1ubuntu1.1 [21.3 kB]
INFO:kolla.common.utils.hacluster-pacemaker-remote:Get:6 http://ports.ubuntu.com bionic/main s390x libdbus-glib-1-2 s390x 0.110-2 [55.3 kB]
INFO:kolla.common.utils.hacluster-pacemaker-remote:Get:7 http://ports.ubuntu.com bionic/main s390x libltdl7 s390x 2.4.6-2 [37.8 kB]
INFO:kolla.common.utils.hacluster-pacemaker-remote:Get:8 http://ports.ubuntu.com bionic/main s390x libpils2 s390x 1.0.12-7build1 [17.5 kB]
INFO:kolla.common.utils.hacluster-pacemaker-remote:Get:9 http://ports.ubuntu.com bionic/main s390x libplumb2 s390x 1.0.12-7build1 [68.5 kB]
INFO:kolla.common.utils.hacluster-pacemaker-remote:Get:10 http://ports.ubuntu.com bionic/main s390x liblrm2 s390x 1.0.12-7build1 [14.1 kB]
INFO:kolla.common.utils.hacluster-pacemaker-remote:Get:11 http://ports.ubuntu.com bionic/main s390x libopenhpi3 s390x 3.6.1-3.1build1 [120 kB]
INFO:kolla.common.utils.hacluster-pacemaker-remote:Get:12 http://ports.ubuntu.com bionic-updates/main s390x libopenipmi0 s390x 2.0.22-1.1ubuntu2.1 [409 kB]
INFO:kolla.common.utils.hacluster-pacemaker-remote:Get:13 http://ports.ubuntu.com bionic/main s390x libplumbgpl2 s390x 1.0.12-7build1 [8,684 B]
INFO:kolla.common.utils.hacluster-pacemaker-remote:Get:14 http://ports.ubuntu.com bionic/main s390x libsensors4 s390x 1:3.4.0-4 [27.2 kB]
INFO:kolla.common.utils.hacluster-pacemaker-remote:Get:15 http://ports.ubuntu.com bionic-updates/main s390x libsnmp-base all 5.7.3+dfsg-1.8ubuntu3.3 [224 kB]
INFO:kolla.common.utils.hacluster-pacemaker-remote:Get:16 http://ports.ubuntu.com bionic-updates/main s390x libsnmp30 s390x 5.7.3+dfsg-1.8ubuntu3.3 [833 kB]
INFO:kolla.common.utils.hacluster-pacemaker-remote:Get:17 http://ports.ubuntu.com bionic/main s390x libstonith1 s390x 1.0.12-7build1 [12.1 kB]
INFO:kolla.common.utils.hacluster-pacemaker-remote:Get:18 http://ports.ubuntu.com bionic/main s390x libtimedate-perl all 2.3000-2 [37.5 kB]
INFO:kolla.common.utils.hacluster-pacemaker-remote:Get:19 http://ports.ubuntu.com bionic/main s390x cluster-glue s390x 1.0.12-7build1 [254 kB]
INFO:kolla.common.utils.hacluster-pacemaker-remote:Get:20 http://ports.ubuntu.com bionic/main s390x libqb0 s390x 1.0.1-1ubuntu1 [57.1 kB]
INFO:kolla.common.utils.hacluster-pacemaker-remote:Get:21 http://ports.ubuntu.com bionic-updates/main s390x libxslt1.1 s390x 1.1.29-5ubuntu0.2 [139 kB]
INFO:kolla.common.utils.hacluster-pacemaker-remote:Get:22 http://ports.ubuntu.com bionic-updates/main s390x libcrmcommon3 s390x 1.1.18-0ubuntu1.1 [131 kB]
INFO:kolla.common.utils.hacluster-pacemaker-remote:Get:23 http://ports.ubuntu.com bionic-updates/main s390x libcrmservice3 s390x 1.1.18-0ubuntu1.1 [33.6 kB]
INFO:kolla.common.utils.hacluster-pacemaker-remote:Get:24 http://ports.ubuntu.com bionic-updates/main s390x libstonithd2 s390x 1.1.18-0ubuntu1.1 [30.2 kB]
INFO:kolla.common.utils.hacluster-pacemaker-remote:Get:25 http://ports.ubuntu.com bionic-updates/main s390x liblrmd1 s390x 1.1.18-0ubuntu1.1 [26.6 kB]
INFO:kolla.common.utils.hacluster-pacemaker-remote:Get:26 http://ports.ubuntu.com bionic/main s390x libnet1 s390x 1.1.6+dfsg-3.1 [39.3 kB]
INFO:kolla.common.utils.hacluster-pacemaker-remote:Get:27 http://ports.ubuntu.com bionic-updates/main s390x pacemaker-common all 1.1.18-0ubuntu1.1 [54.4 kB]
INFO:kolla.common.utils.hacluster-pacemaker-remote:Get:28 http://ports.ubuntu.com bionic-updates/main s390x resource-agents s390x 1:4.1.0~rc1-1ubuntu1.2 [579 kB]
INFO:kolla.common.utils.hacluster-pacemaker-remote:Get:29 http://ports.ubuntu.com bionic-updates/main s390x pacemaker-resource-agents all 1.1.18-0ubuntu1.1 [47.3 kB]
INFO:kolla.common.utils.hacluster-pacemaker-remote:Get:30 http://ports.ubuntu.com bionic-updates/universe s390x pacemaker-remote s390x 1.1.18-0ubuntu1.1 [34.0 kB]
INFO:kolla.common.utils.hacluster-pacemaker-remote:Fetched 13.0 MB in 0s (38.7 MB/s)
INFO:kolla.common.utils.hacluster-pacemaker-remote:Selecting previously unselected package libdbus-1-3:s390x.
INFO:kolla.common.utils.hacluster-pacemaker-remote:(Reading database ... 
INFO:kolla.common.utils.hacluster-pacemaker-remote:(Reading database ... 5%(Reading database ... 10%(Reading database ... 15%(Reading database ... 20%(Reading database ... 25%(Reading database ... 30%(Reading database ... 35%(Reading database ... 40%(Reading database ... 45%(Reading database ... 50%(Reading database ... 55%(Reading database ... 60%(Reading database ... 65%(Reading database ... 70%
INFO:kolla.common.utils.hacluster-pacemaker-remote:(Reading database ... 75%
INFO:kolla.common.utils.hacluster-pacemaker-remote:(Reading database ... 80%
INFO:kolla.common.utils.hacluster-pacemaker-remote:(Reading database ... 85%
INFO:kolla.common.utils.hacluster-pacemaker-remote:(Reading database ... 90%
INFO:kolla.common.utils.hacluster-pacemaker-remote:(Reading database ... 95%
INFO:kolla.common.utils.hacluster-pacemaker-remote:(Reading database ... 100%(Reading database ... 9244 files and directories currently installed.)
INFO:kolla.common.utils.hacluster-pacemaker-remote:Preparing to unpack .../00-libdbus-1-3_1.12.2-1ubuntu1.1_s390x.deb ...
INFO:kolla.common.utils.hacluster-pacemaker-remote:Unpacking libdbus-1-3:s390x (1.12.2-1ubuntu1.1) ...
INFO:kolla.common.utils.hacluster-pacemaker-remote:Selecting previously unselected package libglib2.0-0:s390x.
INFO:kolla.common.utils.hacluster-pacemaker-remote:Preparing to unpack .../01-libglib2.0-0_2.56.4-0ubuntu0.18.04.4_s390x.deb ...
INFO:kolla.common.utils.hacluster-pacemaker-remote:Unpacking libglib2.0-0:s390x (2.56.4-0ubuntu0.18.04.4) ...
INFO:kolla.common.utils.hacluster-pacemaker-remote:Selecting previously unselected package libicu60:s390x.
INFO:kolla.common.utils.hacluster-pacemaker-remote:Preparing to unpack .../02-libicu60_60.2-3ubuntu3_s390x.deb ...
INFO:kolla.common.utils.hacluster-pacemaker-remote:Unpacking libicu60:s390x (60.2-3ubuntu3) ...
INFO:kolla.common.utils.hacluster-pacemaker-remote:Selecting previously unselected package libxml2:s390x.
INFO:kolla.common.utils.hacluster-pacemaker-remote:Preparing to unpack .../03-libxml2_2.9.4+dfsg1-6.1ubuntu1.3_s390x.deb ...
INFO:kolla.common.utils.hacluster-pacemaker-remote:Unpacking libxml2:s390x (2.9.4+dfsg1-6.1ubuntu1.3) ...
INFO:kolla.common.utils.hacluster-pacemaker-remote:Selecting previously unselected package libpci3:s390x.
INFO:kolla.common.utils.hacluster-pacemaker-remote:Preparing to unpack .../04-libpci3_1%3a3.5.2-1ubuntu1.1_s390x.deb ...
INFO:kolla.common.utils.hacluster-pacemaker-remote:Unpacking libpci3:s390x (1:3.5.2-1ubuntu1.1) ...
INFO:kolla.common.utils.hacluster-pacemaker-remote:Selecting previously unselected package libdbus-glib-1-2:s390x.
INFO:kolla.common.utils.hacluster-pacemaker-remote:Preparing to unpack .../05-libdbus-glib-1-2_0.110-2_s390x.deb ...
INFO:kolla.common.utils.hacluster-pacemaker-remote:Unpacking libdbus-glib-1-2:s390x (0.110-2) ...
INFO:kolla.common.utils.hacluster-pacemaker-remote:Selecting previously unselected package libltdl7:s390x.
INFO:kolla.common.utils.hacluster-pacemaker-remote:Preparing to unpack .../06-libltdl7_2.4.6-2_s390x.deb ...
INFO:kolla.common.utils.hacluster-pacemaker-remote:Unpacking libltdl7:s390x (2.4.6-2) ...
INFO:kolla.common.utils.hacluster-pacemaker-remote:Selecting previously unselected package libpils2.
INFO:kolla.common.utils.hacluster-pacemaker-remote:Preparing to unpack .../07-libpils2_1.0.12-7build1_s390x.deb ...
INFO:kolla.common.utils.hacluster-pacemaker-remote:Unpacking libpils2 (1.0.12-7build1) ...
INFO:kolla.common.utils.hacluster-pacemaker-remote:Selecting previously unselected package libplumb2.
INFO:kolla.common.utils.hacluster-pacemaker-remote:Preparing to unpack .../08-libplumb2_1.0.12-7build1_s390x.deb ...
INFO:kolla.common.utils.hacluster-pacemaker-remote:Unpacking libplumb2 (1.0.12-7build1) ...
INFO:kolla.common.utils.hacluster-pacemaker-remote:Selecting previously unselected package liblrm2.
INFO:kolla.common.utils.hacluster-pacemaker-remote:Preparing to unpack .../09-liblrm2_1.0.12-7build1_s390x.deb ...
INFO:kolla.common.utils.hacluster-pacemaker-remote:Unpacking liblrm2 (1.0.12-7build1) ...
INFO:kolla.common.utils.hacluster-pacemaker-remote:Selecting previously unselected package libopenhpi3.
INFO:kolla.common.utils.hacluster-pacemaker-remote:Preparing to unpack .../10-libopenhpi3_3.6.1-3.1build1_s390x.deb ...
INFO:kolla.common.utils.hacluster-pacemaker-remote:Unpacking libopenhpi3 (3.6.1-3.1build1) ...
INFO:kolla.common.utils.hacluster-pacemaker-remote:Selecting previously unselected package libopenipmi0.
INFO:kolla.common.utils.hacluster-pacemaker-remote:Preparing to unpack .../11-libopenipmi0_2.0.22-1.1ubuntu2.1_s390x.deb ...
INFO:kolla.common.utils.hacluster-pacemaker-remote:Unpacking libopenipmi0 (2.0.22-1.1ubuntu2.1) ...
INFO:kolla.common.utils.hacluster-pacemaker-remote:Selecting previously unselected package libplumbgpl2.
INFO:kolla.common.utils.hacluster-pacemaker-remote:Preparing to unpack .../12-libplumbgpl2_1.0.12-7build1_s390x.deb ...
INFO:kolla.common.utils.hacluster-pacemaker-remote:Unpacking libplumbgpl2 (1.0.12-7build1) ...
INFO:kolla.common.utils.hacluster-pacemaker-remote:Selecting previously unselected package libsensors4:s390x.
INFO:kolla.common.utils.hacluster-pacemaker-remote:Preparing to unpack .../13-libsensors4_1%3a3.4.0-4_s390x.deb ...
INFO:kolla.common.utils.hacluster-pacemaker-remote:Unpacking libsensors4:s390x (1:3.4.0-4) ...
INFO:kolla.common.utils.hacluster-pacemaker-remote:Selecting previously unselected package libsnmp-base.
INFO:kolla.common.utils.hacluster-pacemaker-remote:Preparing to unpack .../14-libsnmp-base_5.7.3+dfsg-1.8ubuntu3.3_all.deb ...
INFO:kolla.common.utils.hacluster-pacemaker-remote:Unpacking libsnmp-base (5.7.3+dfsg-1.8ubuntu3.3) ...
INFO:kolla.common.utils.hacluster-pacemaker-remote:Selecting previously unselected package libsnmp30:s390x.
INFO:kolla.common.utils.hacluster-pacemaker-remote:Preparing to unpack .../15-libsnmp30_5.7.3+dfsg-1.8ubuntu3.3_s390x.deb ...
INFO:kolla.common.utils.hacluster-pacemaker-remote:Unpacking libsnmp30:s390x (5.7.3+dfsg-1.8ubuntu3.3) ...
INFO:kolla.common.utils.hacluster-pacemaker-remote:Selecting previously unselected package libstonith1.
INFO:kolla.common.utils.hacluster-pacemaker-remote:Preparing to unpack .../16-libstonith1_1.0.12-7build1_s390x.deb ...
INFO:kolla.common.utils.hacluster-pacemaker-remote:Unpacking libstonith1 (1.0.12-7build1) ...
INFO:kolla.common.utils.hacluster-pacemaker-remote:Selecting previously unselected package libtimedate-perl.
INFO:kolla.common.utils.hacluster-pacemaker-remote:Preparing to unpack .../17-libtimedate-perl_2.3000-2_all.deb ...
INFO:kolla.common.utils.hacluster-pacemaker-remote:Unpacking libtimedate-perl (2.3000-2) ...
INFO:kolla.common.utils.hacluster-pacemaker-remote:Selecting previously unselected package cluster-glue.
INFO:kolla.common.utils.hacluster-pacemaker-remote:Preparing to unpack .../18-cluster-glue_1.0.12-7build1_s390x.deb ...
INFO:kolla.common.utils.hacluster-pacemaker-remote:Unpacking cluster-glue (1.0.12-7build1) ...
INFO:kolla.common.utils.hacluster-pacemaker-remote:Selecting previously unselected package libqb0:s390x.
INFO:kolla.common.utils.hacluster-pacemaker-remote:Preparing to unpack .../19-libqb0_1.0.1-1ubuntu1_s390x.deb ...
INFO:kolla.common.utils.hacluster-pacemaker-remote:Unpacking libqb0:s390x (1.0.1-1ubuntu1) ...
INFO:kolla.common.utils.hacluster-pacemaker-remote:Selecting previously unselected package libxslt1.1:s390x.
INFO:kolla.common.utils.hacluster-pacemaker-remote:Preparing to unpack .../20-libxslt1.1_1.1.29-5ubuntu0.2_s390x.deb ...
INFO:kolla.common.utils.hacluster-pacemaker-remote:Unpacking libxslt1.1:s390x (1.1.29-5ubuntu0.2) ...
INFO:kolla.common.utils.hacluster-pacemaker-remote:Selecting previously unselected package libcrmcommon3:s390x.
INFO:kolla.common.utils.hacluster-pacemaker-remote:Preparing to unpack .../21-libcrmcommon3_1.1.18-0ubuntu1.1_s390x.deb ...
INFO:kolla.common.utils.hacluster-pacemaker-remote:Unpacking libcrmcommon3:s390x (1.1.18-0ubuntu1.1) ...
INFO:kolla.common.utils.hacluster-pacemaker-remote:Selecting previously unselected package libcrmservice3:s390x.
INFO:kolla.common.utils.hacluster-pacemaker-remote:Preparing to unpack .../22-libcrmservice3_1.1.18-0ubuntu1.1_s390x.deb ...
INFO:kolla.common.utils.hacluster-pacemaker-remote:Unpacking libcrmservice3:s390x (1.1.18-0ubuntu1.1) ...
INFO:kolla.common.utils.hacluster-pacemaker-remote:Selecting previously unselected package libstonithd2:s390x.
INFO:kolla.common.utils.hacluster-pacemaker-remote:Preparing to unpack .../23-libstonithd2_1.1.18-0ubuntu1.1_s390x.deb ...
INFO:kolla.common.utils.hacluster-pacemaker-remote:Unpacking libstonithd2:s390x (1.1.18-0ubuntu1.1) ...
INFO:kolla.common.utils.hacluster-pacemaker-remote:Selecting previously unselected package liblrmd1:s390x.
INFO:kolla.common.utils.hacluster-pacemaker-remote:Preparing to unpack .../24-liblrmd1_1.1.18-0ubuntu1.1_s390x.deb ...
INFO:kolla.common.utils.hacluster-pacemaker-remote:Unpacking liblrmd1:s390x (1.1.18-0ubuntu1.1) ...
INFO:kolla.common.utils.hacluster-pacemaker-remote:Selecting previously unselected package libnet1:s390x.
INFO:kolla.common.utils.hacluster-pacemaker-remote:Preparing to unpack .../25-libnet1_1.1.6+dfsg-3.1_s390x.deb ...
INFO:kolla.common.utils.hacluster-pacemaker-remote:Unpacking libnet1:s390x (1.1.6+dfsg-3.1) ...
INFO:kolla.common.utils.hacluster-pacemaker-remote:Selecting previously unselected package pacemaker-common.
INFO:kolla.common.utils.hacluster-pacemaker-remote:Preparing to unpack .../26-pacemaker-common_1.1.18-0ubuntu1.1_all.deb ...
INFO:kolla.common.utils.hacluster-pacemaker-remote:Unpacking pacemaker-common (1.1.18-0ubuntu1.1) ...
INFO:kolla.common.utils.hacluster-pacemaker-remote:Selecting previously unselected package resource-agents.
INFO:kolla.common.utils.hacluster-pacemaker-remote:Preparing to unpack .../27-resource-agents_1%3a4.1.0~rc1-1ubuntu1.2_s390x.deb ...
INFO:kolla.common.utils.hacluster-pacemaker-remote:Unpacking resource-agents (1:4.1.0~rc1-1ubuntu1.2) ...
INFO:kolla.common.utils.hacluster-pacemaker-remote:Selecting previously unselected package pacemaker-resource-agents.
INFO:kolla.common.utils.hacluster-pacemaker-remote:Preparing to unpack .../28-pacemaker-resource-agents_1.1.18-0ubuntu1.1_all.deb ...
INFO:kolla.common.utils.hacluster-pacemaker-remote:Unpacking pacemaker-resource-agents (1.1.18-0ubuntu1.1) ...
INFO:kolla.common.utils.hacluster-pacemaker-remote:Selecting previously unselected package pacemaker-remote.
INFO:kolla.common.utils.hacluster-pacemaker-remote:Preparing to unpack .../29-pacemaker-remote_1.1.18-0ubuntu1.1_s390x.deb ...
INFO:kolla.common.utils.hacluster-pacemaker-remote:Unpacking pacemaker-remote (1.1.18-0ubuntu1.1) ...
INFO:kolla.common.utils.hacluster-pacemaker-remote:Setting up libplumbgpl2 (1.0.12-7build1) ...
INFO:kolla.common.utils.hacluster-pacemaker-remote:Setting up libicu60:s390x (60.2-3ubuntu3) ...
INFO:kolla.common.utils.hacluster-pacemaker-remote:Setting up libnet1:s390x (1.1.6+dfsg-3.1) ...
INFO:kolla.common.utils.hacluster-pacemaker-remote:Setting up libtimedate-perl (2.3000-2) ...
INFO:kolla.common.utils.hacluster-pacemaker-remote:Setting up libglib2.0-0:s390x (2.56.4-0ubuntu0.18.04.4) ...
INFO:kolla.common.utils.hacluster-pacemaker-remote:No schema files found: doing nothing.
INFO:kolla.common.utils.hacluster-pacemaker-remote:Setting up libxml2:s390x (2.9.4+dfsg1-6.1ubuntu1.3) ...
INFO:kolla.common.utils.hacluster-pacemaker-remote:Setting up libxslt1.1:s390x (1.1.29-5ubuntu0.2) ...
INFO:kolla.common.utils.hacluster-pacemaker-remote:Setting up pacemaker-common (1.1.18-0ubuntu1.1) ...
INFO:kolla.common.utils.hacluster-pacemaker-remote:Adding group `haclient' (GID 103) ...
INFO:kolla.common.utils.hacluster-pacemaker-remote:Done.
INFO:kolla.common.utils.hacluster-pacemaker-remote:Adding system user `hacluster' (UID 101) ...
INFO:kolla.common.utils.hacluster-pacemaker-remote:Adding new user `hacluster' (UID 101) with group `haclient' ...
INFO:kolla.common.utils.hacluster-pacemaker-remote:Not creating home directory `/var/lib/pacemaker'.
INFO:kolla.common.utils.hacluster-pacemaker-remote:1+0 records in
INFO:kolla.common.utils.hacluster-pacemaker-remote:1+0 records out
INFO:kolla.common.utils.hacluster-pacemaker-remote:4096 bytes (4.1 kB, 4.0 KiB) copied, 0.000123989 s, 33.0 MB/s
INFO:kolla.common.utils.hacluster-pacemaker-remote:Setting up libltdl7:s390x (2.4.6-2) ...
INFO:kolla.common.utils.hacluster-pacemaker-remote:Setting up libsensors4:s390x (1:3.4.0-4) ...
INFO:kolla.common.utils.hacluster-pacemaker-remote:Setting up libpci3:s390x (1:3.5.2-1ubuntu1.1) ...
INFO:kolla.common.utils.hacluster-pacemaker-remote:Setting up libqb0:s390x (1.0.1-1ubuntu1) ...
INFO:kolla.common.utils.hacluster-pacemaker-remote:Setting up libdbus-1-3:s390x (1.12.2-1ubuntu1.1) ...
INFO:kolla.common.utils.hacluster-pacemaker-remote:Setting up libopenipmi0 (2.0.22-1.1ubuntu2.1) ...
INFO:kolla.common.utils.hacluster-pacemaker-remote:Setting up libsnmp-base (5.7.3+dfsg-1.8ubuntu3.3) ...
INFO:kolla.common.utils.hacluster-pacemaker-remote:Setting up libsnmp30:s390x (5.7.3+dfsg-1.8ubuntu3.3) ...
INFO:kolla.common.utils.hacluster-pacemaker-remote:Setting up libopenhpi3 (3.6.1-3.1build1) ...
INFO:kolla.common.utils.hacluster-pacemaker-remote:Setting up libdbus-glib-1-2:s390x (0.110-2) ...
INFO:kolla.common.utils.hacluster-pacemaker-remote:Setting up libcrmcommon3:s390x (1.1.18-0ubuntu1.1) ...
INFO:kolla.common.utils.hacluster-pacemaker-remote:Setting up libpils2 (1.0.12-7build1) ...
INFO:kolla.common.utils.hacluster-pacemaker-remote:Setting up libplumb2 (1.0.12-7build1) ...
INFO:kolla.common.utils.hacluster-pacemaker-remote:Setting up libstonithd2:s390x (1.1.18-0ubuntu1.1) ...
INFO:kolla.common.utils.hacluster-pacemaker-remote:Setting up libcrmservice3:s390x (1.1.18-0ubuntu1.1) ...
INFO:kolla.common.utils.hacluster-pacemaker-remote:Setting up liblrm2 (1.0.12-7build1) ...
INFO:kolla.common.utils.hacluster-pacemaker-remote:Setting up libstonith1 (1.0.12-7build1) ...
INFO:kolla.common.utils.hacluster-pacemaker-remote:Setting up liblrmd1:s390x (1.1.18-0ubuntu1.1) ...
INFO:kolla.common.utils.hacluster-pacemaker-remote:Setting up cluster-glue (1.0.12-7build1) ...
INFO:kolla.common.utils.hacluster-pacemaker-remote:addgroup: The group `haclient' already exists as a system group. Exiting.
INFO:kolla.common.utils.hacluster-pacemaker-remote:The system user `hacluster' already exists. Exiting.
INFO:kolla.common.utils.hacluster-pacemaker-remote:invoke-rc.d: could not determine current runlevel
INFO:kolla.common.utils.hacluster-pacemaker-remote:invoke-rc.d: policy-rc.d denied execution of start.
INFO:kolla.common.utils.hacluster-pacemaker-remote:Setting up resource-agents (1:4.1.0~rc1-1ubuntu1.2) ...
INFO:kolla.common.utils.hacluster-pacemaker-remote:Setting up pacemaker-resource-agents (1.1.18-0ubuntu1.1) ...
INFO:kolla.common.utils.hacluster-pacemaker-remote:Setting up pacemaker-remote (1.1.18-0ubuntu1.1) ...
INFO:kolla.common.utils.hacluster-pacemaker-remote:invoke-rc.d: could not determine current runlevel
INFO:kolla.common.utils.hacluster-pacemaker-remote:invoke-rc.d: policy-rc.d denied execution of start.
INFO:kolla.common.utils.hacluster-pacemaker-remote:Processing triggers for libc-bin (2.27-3ubuntu1) ...
INFO:kolla.common.utils.hacluster-pacemaker-remote:Removing intermediate container 2534f8f650d8
INFO:kolla.common.utils.hacluster-pacemaker-remote: ---> bae4fca52cf8
INFO:kolla.common.utils.hacluster-pacemaker-remote:Successfully built bae4fca52cf8
INFO:kolla.common.utils.hacluster-pacemaker-remote:Successfully tagged s390x/ubuntu-source-hacluster-pacemaker-remote:9.1.0
INFO:kolla.common.utils.hacluster-pacemaker-remote:Built at 2020-03-02 21:51:18.049233 (took 0:00:14.031263)
