INFO:kolla.common.utils.hacluster-pacemaker:Building started at 2020-03-02 21:51:01.658815
INFO:kolla.common.utils.hacluster-pacemaker:Step 1/3 : FROM s390x/ubuntu-source-hacluster-base:9.1.0
INFO:kolla.common.utils.hacluster-pacemaker: ---> 98d8862defea
INFO:kolla.common.utils.hacluster-pacemaker:Step 2/3 : LABEL maintainer="Kolla Project (https://launchpad.net/kolla)" name="hacluster-pacemaker" build-date="20200302"
INFO:kolla.common.utils.hacluster-pacemaker: ---> Running in 3501440e4a2a
INFO:kolla.common.utils.hacluster-pacemaker:Removing intermediate container 3501440e4a2a
INFO:kolla.common.utils.hacluster-pacemaker: ---> 6efc55661ffd
INFO:kolla.common.utils.hacluster-pacemaker:Step 3/3 : RUN apt-get update && apt-get -y install --no-install-recommends pacemaker && apt-get clean && rm -rf /var/lib/apt/lists/*
INFO:kolla.common.utils.hacluster-pacemaker: ---> Running in 42a330c29665
INFO:kolla.common.utils.hacluster-pacemaker:Get:1 http://ports.ubuntu.com bionic InRelease [242 kB]
INFO:kolla.common.utils.hacluster-pacemaker:Ign:2 http://ubuntu-cloud.archive.canonical.com/ubuntu bionic-updates/ussuri InRelease
INFO:kolla.common.utils.hacluster-pacemaker:Get:3 http://ubuntu-cloud.archive.canonical.com/ubuntu bionic-updates/ussuri Release [7,884 B]
INFO:kolla.common.utils.hacluster-pacemaker:Get:4 http://ports.ubuntu.com bionic-updates InRelease [88.7 kB]
INFO:kolla.common.utils.hacluster-pacemaker:Get:5 http://ubuntu-cloud.archive.canonical.com/ubuntu bionic-updates/ussuri Release.gpg [543 B]
INFO:kolla.common.utils.hacluster-pacemaker:Get:6 http://ports.ubuntu.com bionic-security InRelease [88.7 kB]
INFO:kolla.common.utils.hacluster-pacemaker:Get:7 http://ports.ubuntu.com bionic-backports InRelease [74.6 kB]
INFO:kolla.common.utils.hacluster-pacemaker:Get:8 http://ubuntu-cloud.archive.canonical.com/ubuntu bionic-updates/ussuri/main s390x Packages [145 kB]
INFO:kolla.common.utils.hacluster-pacemaker:Get:9 http://ports.ubuntu.com bionic/main s390x Packages [1,244 kB]
INFO:kolla.common.utils.hacluster-pacemaker:Get:10 http://ports.ubuntu.com bionic/universe s390x Packages [10.8 MB]
INFO:kolla.common.utils.hacluster-pacemaker:Get:11 http://ports.ubuntu.com bionic-updates/universe s390x Packages [1,075 kB]
INFO:kolla.common.utils.hacluster-pacemaker:Get:12 http://ports.ubuntu.com bionic-updates/main s390x Packages [730 kB]
INFO:kolla.common.utils.hacluster-pacemaker:Get:13 http://ports.ubuntu.com bionic-security/universe s390x Packages [625 kB]
INFO:kolla.common.utils.hacluster-pacemaker:Get:14 http://ports.ubuntu.com bionic-security/main s390x Packages [467 kB]
INFO:kolla.common.utils.hacluster-pacemaker:Get:15 http://ports.ubuntu.com bionic-backports/universe s390x Packages [4,242 B]
INFO:kolla.common.utils.hacluster-pacemaker:Get:16 http://ports.ubuntu.com bionic-backports/main s390x Packages [2,494 B]
INFO:kolla.common.utils.hacluster-pacemaker:Fetched 15.6 MB in 3s (6,112 kB/s)
INFO:kolla.common.utils.hacluster-pacemaker:Reading package lists...
INFO:kolla.common.utils.hacluster-pacemaker:Reading package lists...
INFO:kolla.common.utils.hacluster-pacemaker:Building dependency tree...
INFO:kolla.common.utils.hacluster-pacemaker:Reading state information...
INFO:kolla.common.utils.hacluster-pacemaker:The following additional packages will be installed:
INFO:kolla.common.utils.hacluster-pacemaker:  cluster-glue corosync dbus libapparmor1 libcfg6 libcib4 libcmap4
INFO:kolla.common.utils.hacluster-pacemaker:  libcorosync-common4 libcpg4 libcrmcluster4 libcrmcommon3 libcrmservice3
INFO:kolla.common.utils.hacluster-pacemaker:  libdbus-1-3 libdbus-glib-1-2 libglib2.0-0 libicu60 liblrm2 liblrmd1 libltdl7
INFO:kolla.common.utils.hacluster-pacemaker:  libnet1 libnspr4 libnss3 libopenhpi3 libopenipmi0 libpci3 libpe-rules2
INFO:kolla.common.utils.hacluster-pacemaker:  libpe-status10 libpengine10 libpils2 libplumb2 libplumbgpl2 libqb0
INFO:kolla.common.utils.hacluster-pacemaker:  libquorum5 libsensors4 libsnmp-base libsnmp30 libstatgrab10 libstonith1
INFO:kolla.common.utils.hacluster-pacemaker:  libstonithd2 libtimedate-perl libtotem-pg5 libtransitioner2 libvotequorum8
INFO:kolla.common.utils.hacluster-pacemaker:  libxml2 libxslt1.1 pacemaker-common pacemaker-resource-agents
INFO:kolla.common.utils.hacluster-pacemaker:  resource-agents xsltproc
INFO:kolla.common.utils.hacluster-pacemaker:Suggested packages:
INFO:kolla.common.utils.hacluster-pacemaker:  ipmitool default-dbus-session-bus | dbus-session-bus lm-sensors
INFO:kolla.common.utils.hacluster-pacemaker:  snmp-mibs-downloader crmsh | pcs fence-agents
INFO:kolla.common.utils.hacluster-pacemaker:Recommended packages:
INFO:kolla.common.utils.hacluster-pacemaker:  libglib2.0-data shared-mime-info xdg-user-dirs openhpid pacemaker-cli-utils
INFO:kolla.common.utils.hacluster-pacemaker:  libxml2-utils net-tools
INFO:kolla.common.utils.hacluster-pacemaker:The following NEW packages will be installed:
INFO:kolla.common.utils.hacluster-pacemaker:  cluster-glue corosync dbus libapparmor1 libcfg6 libcib4 libcmap4
INFO:kolla.common.utils.hacluster-pacemaker:  libcorosync-common4 libcpg4 libcrmcluster4 libcrmcommon3 libcrmservice3
INFO:kolla.common.utils.hacluster-pacemaker:  libdbus-1-3 libdbus-glib-1-2 libglib2.0-0 libicu60 liblrm2 liblrmd1 libltdl7
INFO:kolla.common.utils.hacluster-pacemaker:  libnet1 libnspr4 libnss3 libopenhpi3 libopenipmi0 libpci3 libpe-rules2
INFO:kolla.common.utils.hacluster-pacemaker:  libpe-status10 libpengine10 libpils2 libplumb2 libplumbgpl2 libqb0
INFO:kolla.common.utils.hacluster-pacemaker:  libquorum5 libsensors4 libsnmp-base libsnmp30 libstatgrab10 libstonith1
INFO:kolla.common.utils.hacluster-pacemaker:  libstonithd2 libtimedate-perl libtotem-pg5 libtransitioner2 libvotequorum8
INFO:kolla.common.utils.hacluster-pacemaker:  libxml2 libxslt1.1 pacemaker pacemaker-common pacemaker-resource-agents
INFO:kolla.common.utils.hacluster-pacemaker:  resource-agents xsltproc
INFO:kolla.common.utils.hacluster-pacemaker:0 upgraded, 50 newly installed, 0 to remove and 0 not upgraded.
INFO:kolla.common.utils.hacluster-pacemaker:Need to get 15.2 MB of archives.
INFO:kolla.common.utils.hacluster-pacemaker:After this operation, 64.3 MB of additional disk space will be used.
INFO:kolla.common.utils.hacluster-pacemaker:Get:1 http://ports.ubuntu.com bionic-updates/main s390x libapparmor1 s390x 2.12-4ubuntu5.1 [30.3 kB]
INFO:kolla.common.utils.hacluster-pacemaker:Get:2 http://ports.ubuntu.com bionic-updates/main s390x libdbus-1-3 s390x 1.12.2-1ubuntu1.1 [168 kB]
INFO:kolla.common.utils.hacluster-pacemaker:Get:3 http://ports.ubuntu.com bionic-updates/main s390x dbus s390x 1.12.2-1ubuntu1.1 [140 kB]
INFO:kolla.common.utils.hacluster-pacemaker:Get:4 http://ports.ubuntu.com bionic-updates/main s390x libglib2.0-0 s390x 2.56.4-0ubuntu0.18.04.4 [1,079 kB]
INFO:kolla.common.utils.hacluster-pacemaker:Get:5 http://ports.ubuntu.com bionic/main s390x libicu60 s390x 60.2-3ubuntu3 [7,837 kB]
INFO:kolla.common.utils.hacluster-pacemaker:Get:6 http://ports.ubuntu.com bionic-updates/main s390x libxml2 s390x 2.9.4+dfsg1-6.1ubuntu1.3 [587 kB]
INFO:kolla.common.utils.hacluster-pacemaker:Get:7 http://ports.ubuntu.com bionic-updates/main s390x libpci3 s390x 1:3.5.2-1ubuntu1.1 [21.3 kB]
INFO:kolla.common.utils.hacluster-pacemaker:Get:8 http://ports.ubuntu.com bionic/main s390x libdbus-glib-1-2 s390x 0.110-2 [55.3 kB]
INFO:kolla.common.utils.hacluster-pacemaker:Get:9 http://ports.ubuntu.com bionic/main s390x libltdl7 s390x 2.4.6-2 [37.8 kB]
INFO:kolla.common.utils.hacluster-pacemaker:Get:10 http://ports.ubuntu.com bionic/main s390x libpils2 s390x 1.0.12-7build1 [17.5 kB]
INFO:kolla.common.utils.hacluster-pacemaker:Get:11 http://ports.ubuntu.com bionic/main s390x libplumb2 s390x 1.0.12-7build1 [68.5 kB]
INFO:kolla.common.utils.hacluster-pacemaker:Get:12 http://ports.ubuntu.com bionic/main s390x liblrm2 s390x 1.0.12-7build1 [14.1 kB]
INFO:kolla.common.utils.hacluster-pacemaker:Get:13 http://ports.ubuntu.com bionic/main s390x libopenhpi3 s390x 3.6.1-3.1build1 [120 kB]
INFO:kolla.common.utils.hacluster-pacemaker:Get:14 http://ports.ubuntu.com bionic-updates/main s390x libopenipmi0 s390x 2.0.22-1.1ubuntu2.1 [409 kB]
INFO:kolla.common.utils.hacluster-pacemaker:Get:15 http://ports.ubuntu.com bionic/main s390x libplumbgpl2 s390x 1.0.12-7build1 [8,684 B]
INFO:kolla.common.utils.hacluster-pacemaker:Get:16 http://ports.ubuntu.com bionic/main s390x libsensors4 s390x 1:3.4.0-4 [27.2 kB]
INFO:kolla.common.utils.hacluster-pacemaker:Get:17 http://ports.ubuntu.com bionic-updates/main s390x libsnmp-base all 5.7.3+dfsg-1.8ubuntu3.3 [224 kB]
INFO:kolla.common.utils.hacluster-pacemaker:Get:18 http://ports.ubuntu.com bionic-updates/main s390x libsnmp30 s390x 5.7.3+dfsg-1.8ubuntu3.3 [833 kB]
INFO:kolla.common.utils.hacluster-pacemaker:Get:19 http://ports.ubuntu.com bionic/main s390x libstonith1 s390x 1.0.12-7build1 [12.1 kB]
INFO:kolla.common.utils.hacluster-pacemaker:Get:20 http://ports.ubuntu.com bionic/main s390x libtimedate-perl all 2.3000-2 [37.5 kB]
INFO:kolla.common.utils.hacluster-pacemaker:Get:21 http://ports.ubuntu.com bionic/main s390x cluster-glue s390x 1.0.12-7build1 [254 kB]
INFO:kolla.common.utils.hacluster-pacemaker:Get:22 http://ports.ubuntu.com bionic-updates/main s390x libcorosync-common4 s390x 2.4.3-0ubuntu1.1 [7,076 B]
INFO:kolla.common.utils.hacluster-pacemaker:Get:23 http://ports.ubuntu.com bionic/main s390x libqb0 s390x 1.0.1-1ubuntu1 [57.1 kB]
INFO:kolla.common.utils.hacluster-pacemaker:Get:24 http://ports.ubuntu.com bionic-updates/main s390x libcfg6 s390x 2.4.3-0ubuntu1.1 [7,456 B]
INFO:kolla.common.utils.hacluster-pacemaker:Get:25 http://ports.ubuntu.com bionic-updates/main s390x libcmap4 s390x 2.4.3-0ubuntu1.1 [9,040 B]
INFO:kolla.common.utils.hacluster-pacemaker:Get:26 http://ports.ubuntu.com bionic-updates/main s390x libcpg4 s390x 2.4.3-0ubuntu1.1 [10.1 kB]
INFO:kolla.common.utils.hacluster-pacemaker:Get:27 http://ports.ubuntu.com bionic-updates/main s390x libquorum5 s390x 2.4.3-0ubuntu1.1 [6,356 B]
INFO:kolla.common.utils.hacluster-pacemaker:Get:28 http://ports.ubuntu.com bionic/main s390x libstatgrab10 s390x 0.91-1build1 [32.3 kB]
INFO:kolla.common.utils.hacluster-pacemaker:Get:29 http://ports.ubuntu.com bionic/main s390x libnspr4 s390x 2:4.18-1ubuntu1 [107 kB]
INFO:kolla.common.utils.hacluster-pacemaker:Get:30 http://ports.ubuntu.com bionic-updates/main s390x libnss3 s390x 2:3.35-2ubuntu2.7 [1,034 kB]
INFO:kolla.common.utils.hacluster-pacemaker:Get:31 http://ports.ubuntu.com bionic-updates/main s390x libtotem-pg5 s390x 2.4.3-0ubuntu1.1 [64.8 kB]
INFO:kolla.common.utils.hacluster-pacemaker:Get:32 http://ports.ubuntu.com bionic-updates/main s390x libvotequorum8 s390x 2.4.3-0ubuntu1.1 [7,320 B]
INFO:kolla.common.utils.hacluster-pacemaker:Get:33 http://ports.ubuntu.com bionic-updates/main s390x libxslt1.1 s390x 1.1.29-5ubuntu0.2 [139 kB]
INFO:kolla.common.utils.hacluster-pacemaker:Get:34 http://ports.ubuntu.com bionic-updates/main s390x xsltproc s390x 1.1.29-5ubuntu0.2 [13.2 kB]
INFO:kolla.common.utils.hacluster-pacemaker:Get:35 http://ports.ubuntu.com bionic-updates/main s390x corosync s390x 2.4.3-0ubuntu1.1 [166 kB]
INFO:kolla.common.utils.hacluster-pacemaker:Get:36 http://ports.ubuntu.com bionic-updates/main s390x libcrmcommon3 s390x 1.1.18-0ubuntu1.1 [131 kB]
INFO:kolla.common.utils.hacluster-pacemaker:Get:37 http://ports.ubuntu.com bionic-updates/main s390x libpe-rules2 s390x 1.1.18-0ubuntu1.1 [25.2 kB]
INFO:kolla.common.utils.hacluster-pacemaker:Get:38 http://ports.ubuntu.com bionic-updates/main s390x libcib4 s390x 1.1.18-0ubuntu1.1 [46.0 kB]
INFO:kolla.common.utils.hacluster-pacemaker:Get:39 http://ports.ubuntu.com bionic-updates/main s390x libstonithd2 s390x 1.1.18-0ubuntu1.1 [30.2 kB]
INFO:kolla.common.utils.hacluster-pacemaker:Get:40 http://ports.ubuntu.com bionic-updates/main s390x libcrmcluster4 s390x 1.1.18-0ubuntu1.1 [38.8 kB]
INFO:kolla.common.utils.hacluster-pacemaker:Get:41 http://ports.ubuntu.com bionic-updates/main s390x libcrmservice3 s390x 1.1.18-0ubuntu1.1 [33.6 kB]
INFO:kolla.common.utils.hacluster-pacemaker:Get:42 http://ports.ubuntu.com bionic-updates/main s390x liblrmd1 s390x 1.1.18-0ubuntu1.1 [26.6 kB]
INFO:kolla.common.utils.hacluster-pacemaker:Get:43 http://ports.ubuntu.com bionic/main s390x libnet1 s390x 1.1.6+dfsg-3.1 [39.3 kB]
INFO:kolla.common.utils.hacluster-pacemaker:Get:44 http://ports.ubuntu.com bionic-updates/main s390x libpe-status10 s390x 1.1.18-0ubuntu1.1 [101 kB]
INFO:kolla.common.utils.hacluster-pacemaker:Get:45 http://ports.ubuntu.com bionic-updates/main s390x libpengine10 s390x 1.1.18-0ubuntu1.1 [121 kB]
INFO:kolla.common.utils.hacluster-pacemaker:Get:46 http://ports.ubuntu.com bionic-updates/main s390x libtransitioner2 s390x 1.1.18-0ubuntu1.1 [19.3 kB]
INFO:kolla.common.utils.hacluster-pacemaker:Get:47 http://ports.ubuntu.com bionic-updates/main s390x pacemaker-common all 1.1.18-0ubuntu1.1 [54.4 kB]
INFO:kolla.common.utils.hacluster-pacemaker:Get:48 http://ports.ubuntu.com bionic-updates/main s390x resource-agents s390x 1:4.1.0~rc1-1ubuntu1.2 [579 kB]
INFO:kolla.common.utils.hacluster-pacemaker:Get:49 http://ports.ubuntu.com bionic-updates/main s390x pacemaker-resource-agents all 1.1.18-0ubuntu1.1 [47.3 kB]
INFO:kolla.common.utils.hacluster-pacemaker:Get:50 http://ports.ubuntu.com bionic-updates/main s390x pacemaker s390x 1.1.18-0ubuntu1.1 [283 kB]
INFO:kolla.common.utils.hacluster-pacemaker:Fetched 15.2 MB in 1s (12.8 MB/s)
INFO:kolla.common.utils.hacluster-pacemaker:Selecting previously unselected package libapparmor1:s390x.
INFO:kolla.common.utils.hacluster-pacemaker:(Reading database ... 
INFO:kolla.common.utils.hacluster-pacemaker:(Reading database ... 5%(Reading database ... 10%(Reading database ... 15%(Reading database ... 20%(Reading database ... 25%(Reading database ... 30%(Reading database ... 35%(Reading database ... 40%(Reading database ... 45%(Reading database ... 50%(Reading database ... 55%(Reading database ... 60%(Reading database ... 65%(Reading database ... 70%
INFO:kolla.common.utils.hacluster-pacemaker:(Reading database ... 75%
INFO:kolla.common.utils.hacluster-pacemaker:(Reading database ... 80%
INFO:kolla.common.utils.hacluster-pacemaker:(Reading database ... 85%
INFO:kolla.common.utils.hacluster-pacemaker:(Reading database ... 90%
INFO:kolla.common.utils.hacluster-pacemaker:(Reading database ... 95%(Reading database ... 100%(Reading database ... 9244 files and directories currently installed.)
INFO:kolla.common.utils.hacluster-pacemaker:Preparing to unpack .../00-libapparmor1_2.12-4ubuntu5.1_s390x.deb ...
INFO:kolla.common.utils.hacluster-pacemaker:Unpacking libapparmor1:s390x (2.12-4ubuntu5.1) ...
INFO:kolla.common.utils.hacluster-pacemaker:Selecting previously unselected package libdbus-1-3:s390x.
INFO:kolla.common.utils.hacluster-pacemaker:Preparing to unpack .../01-libdbus-1-3_1.12.2-1ubuntu1.1_s390x.deb ...
INFO:kolla.common.utils.hacluster-pacemaker:Unpacking libdbus-1-3:s390x (1.12.2-1ubuntu1.1) ...
INFO:kolla.common.utils.hacluster-pacemaker:Selecting previously unselected package dbus.
INFO:kolla.common.utils.hacluster-pacemaker:Preparing to unpack .../02-dbus_1.12.2-1ubuntu1.1_s390x.deb ...
INFO:kolla.common.utils.hacluster-pacemaker:Unpacking dbus (1.12.2-1ubuntu1.1) ...
INFO:kolla.common.utils.hacluster-pacemaker:Selecting previously unselected package libglib2.0-0:s390x.
INFO:kolla.common.utils.hacluster-pacemaker:Preparing to unpack .../03-libglib2.0-0_2.56.4-0ubuntu0.18.04.4_s390x.deb ...
INFO:kolla.common.utils.hacluster-pacemaker:Unpacking libglib2.0-0:s390x (2.56.4-0ubuntu0.18.04.4) ...
INFO:kolla.common.utils.hacluster-pacemaker:Selecting previously unselected package libicu60:s390x.
INFO:kolla.common.utils.hacluster-pacemaker:Preparing to unpack .../04-libicu60_60.2-3ubuntu3_s390x.deb ...
INFO:kolla.common.utils.hacluster-pacemaker:Unpacking libicu60:s390x (60.2-3ubuntu3) ...
INFO:kolla.common.utils.hacluster-pacemaker:Selecting previously unselected package libxml2:s390x.
INFO:kolla.common.utils.hacluster-pacemaker:Preparing to unpack .../05-libxml2_2.9.4+dfsg1-6.1ubuntu1.3_s390x.deb ...
INFO:kolla.common.utils.hacluster-pacemaker:Unpacking libxml2:s390x (2.9.4+dfsg1-6.1ubuntu1.3) ...
INFO:kolla.common.utils.hacluster-pacemaker:Selecting previously unselected package libpci3:s390x.
INFO:kolla.common.utils.hacluster-pacemaker:Preparing to unpack .../06-libpci3_1%3a3.5.2-1ubuntu1.1_s390x.deb ...
INFO:kolla.common.utils.hacluster-pacemaker:Unpacking libpci3:s390x (1:3.5.2-1ubuntu1.1) ...
INFO:kolla.common.utils.hacluster-pacemaker:Selecting previously unselected package libdbus-glib-1-2:s390x.
INFO:kolla.common.utils.hacluster-pacemaker:Preparing to unpack .../07-libdbus-glib-1-2_0.110-2_s390x.deb ...
INFO:kolla.common.utils.hacluster-pacemaker:Unpacking libdbus-glib-1-2:s390x (0.110-2) ...
INFO:kolla.common.utils.hacluster-pacemaker:Selecting previously unselected package libltdl7:s390x.
INFO:kolla.common.utils.hacluster-pacemaker:Preparing to unpack .../08-libltdl7_2.4.6-2_s390x.deb ...
INFO:kolla.common.utils.hacluster-pacemaker:Unpacking libltdl7:s390x (2.4.6-2) ...
INFO:kolla.common.utils.hacluster-pacemaker:Selecting previously unselected package libpils2.
INFO:kolla.common.utils.hacluster-pacemaker:Preparing to unpack .../09-libpils2_1.0.12-7build1_s390x.deb ...
INFO:kolla.common.utils.hacluster-pacemaker:Unpacking libpils2 (1.0.12-7build1) ...
INFO:kolla.common.utils.hacluster-pacemaker:Selecting previously unselected package libplumb2.
INFO:kolla.common.utils.hacluster-pacemaker:Preparing to unpack .../10-libplumb2_1.0.12-7build1_s390x.deb ...
INFO:kolla.common.utils.hacluster-pacemaker:Unpacking libplumb2 (1.0.12-7build1) ...
INFO:kolla.common.utils.hacluster-pacemaker:Selecting previously unselected package liblrm2.
INFO:kolla.common.utils.hacluster-pacemaker:Preparing to unpack .../11-liblrm2_1.0.12-7build1_s390x.deb ...
INFO:kolla.common.utils.hacluster-pacemaker:Unpacking liblrm2 (1.0.12-7build1) ...
INFO:kolla.common.utils.hacluster-pacemaker:Selecting previously unselected package libopenhpi3.
INFO:kolla.common.utils.hacluster-pacemaker:Preparing to unpack .../12-libopenhpi3_3.6.1-3.1build1_s390x.deb ...
INFO:kolla.common.utils.hacluster-pacemaker:Unpacking libopenhpi3 (3.6.1-3.1build1) ...
INFO:kolla.common.utils.hacluster-pacemaker:Selecting previously unselected package libopenipmi0.
INFO:kolla.common.utils.hacluster-pacemaker:Preparing to unpack .../13-libopenipmi0_2.0.22-1.1ubuntu2.1_s390x.deb ...
INFO:kolla.common.utils.hacluster-pacemaker:Unpacking libopenipmi0 (2.0.22-1.1ubuntu2.1) ...
INFO:kolla.common.utils.hacluster-pacemaker:Selecting previously unselected package libplumbgpl2.
INFO:kolla.common.utils.hacluster-pacemaker:Preparing to unpack .../14-libplumbgpl2_1.0.12-7build1_s390x.deb ...
INFO:kolla.common.utils.hacluster-pacemaker:Unpacking libplumbgpl2 (1.0.12-7build1) ...
INFO:kolla.common.utils.hacluster-pacemaker:Selecting previously unselected package libsensors4:s390x.
INFO:kolla.common.utils.hacluster-pacemaker:Preparing to unpack .../15-libsensors4_1%3a3.4.0-4_s390x.deb ...
INFO:kolla.common.utils.hacluster-pacemaker:Unpacking libsensors4:s390x (1:3.4.0-4) ...
INFO:kolla.common.utils.hacluster-pacemaker:Selecting previously unselected package libsnmp-base.
INFO:kolla.common.utils.hacluster-pacemaker:Preparing to unpack .../16-libsnmp-base_5.7.3+dfsg-1.8ubuntu3.3_all.deb ...
INFO:kolla.common.utils.hacluster-pacemaker:Unpacking libsnmp-base (5.7.3+dfsg-1.8ubuntu3.3) ...
INFO:kolla.common.utils.hacluster-pacemaker:Selecting previously unselected package libsnmp30:s390x.
INFO:kolla.common.utils.hacluster-pacemaker:Preparing to unpack .../17-libsnmp30_5.7.3+dfsg-1.8ubuntu3.3_s390x.deb ...
INFO:kolla.common.utils.hacluster-pacemaker:Unpacking libsnmp30:s390x (5.7.3+dfsg-1.8ubuntu3.3) ...
INFO:kolla.common.utils.hacluster-pacemaker:Selecting previously unselected package libstonith1.
INFO:kolla.common.utils.hacluster-pacemaker:Preparing to unpack .../18-libstonith1_1.0.12-7build1_s390x.deb ...
INFO:kolla.common.utils.hacluster-pacemaker:Unpacking libstonith1 (1.0.12-7build1) ...
INFO:kolla.common.utils.hacluster-pacemaker:Selecting previously unselected package libtimedate-perl.
INFO:kolla.common.utils.hacluster-pacemaker:Preparing to unpack .../19-libtimedate-perl_2.3000-2_all.deb ...
INFO:kolla.common.utils.hacluster-pacemaker:Unpacking libtimedate-perl (2.3000-2) ...
INFO:kolla.common.utils.hacluster-pacemaker:Selecting previously unselected package cluster-glue.
INFO:kolla.common.utils.hacluster-pacemaker:Preparing to unpack .../20-cluster-glue_1.0.12-7build1_s390x.deb ...
INFO:kolla.common.utils.hacluster-pacemaker:Unpacking cluster-glue (1.0.12-7build1) ...
INFO:kolla.common.utils.hacluster-pacemaker:Selecting previously unselected package libcorosync-common4:s390x.
INFO:kolla.common.utils.hacluster-pacemaker:Preparing to unpack .../21-libcorosync-common4_2.4.3-0ubuntu1.1_s390x.deb ...
INFO:kolla.common.utils.hacluster-pacemaker:Unpacking libcorosync-common4:s390x (2.4.3-0ubuntu1.1) ...
INFO:kolla.common.utils.hacluster-pacemaker:Selecting previously unselected package libqb0:s390x.
INFO:kolla.common.utils.hacluster-pacemaker:Preparing to unpack .../22-libqb0_1.0.1-1ubuntu1_s390x.deb ...
INFO:kolla.common.utils.hacluster-pacemaker:Unpacking libqb0:s390x (1.0.1-1ubuntu1) ...
INFO:kolla.common.utils.hacluster-pacemaker:Selecting previously unselected package libcfg6:s390x.
INFO:kolla.common.utils.hacluster-pacemaker:Preparing to unpack .../23-libcfg6_2.4.3-0ubuntu1.1_s390x.deb ...
INFO:kolla.common.utils.hacluster-pacemaker:Unpacking libcfg6:s390x (2.4.3-0ubuntu1.1) ...
INFO:kolla.common.utils.hacluster-pacemaker:Selecting previously unselected package libcmap4:s390x.
INFO:kolla.common.utils.hacluster-pacemaker:Preparing to unpack .../24-libcmap4_2.4.3-0ubuntu1.1_s390x.deb ...
INFO:kolla.common.utils.hacluster-pacemaker:Unpacking libcmap4:s390x (2.4.3-0ubuntu1.1) ...
INFO:kolla.common.utils.hacluster-pacemaker:Selecting previously unselected package libcpg4:s390x.
INFO:kolla.common.utils.hacluster-pacemaker:Preparing to unpack .../25-libcpg4_2.4.3-0ubuntu1.1_s390x.deb ...
INFO:kolla.common.utils.hacluster-pacemaker:Unpacking libcpg4:s390x (2.4.3-0ubuntu1.1) ...
INFO:kolla.common.utils.hacluster-pacemaker:Selecting previously unselected package libquorum5:s390x.
INFO:kolla.common.utils.hacluster-pacemaker:Preparing to unpack .../26-libquorum5_2.4.3-0ubuntu1.1_s390x.deb ...
INFO:kolla.common.utils.hacluster-pacemaker:Unpacking libquorum5:s390x (2.4.3-0ubuntu1.1) ...
INFO:kolla.common.utils.hacluster-pacemaker:Selecting previously unselected package libstatgrab10.
INFO:kolla.common.utils.hacluster-pacemaker:Preparing to unpack .../27-libstatgrab10_0.91-1build1_s390x.deb ...
INFO:kolla.common.utils.hacluster-pacemaker:Unpacking libstatgrab10 (0.91-1build1) ...
INFO:kolla.common.utils.hacluster-pacemaker:Selecting previously unselected package libnspr4:s390x.
INFO:kolla.common.utils.hacluster-pacemaker:Preparing to unpack .../28-libnspr4_2%3a4.18-1ubuntu1_s390x.deb ...
INFO:kolla.common.utils.hacluster-pacemaker:Unpacking libnspr4:s390x (2:4.18-1ubuntu1) ...
INFO:kolla.common.utils.hacluster-pacemaker:Selecting previously unselected package libnss3:s390x.
INFO:kolla.common.utils.hacluster-pacemaker:Preparing to unpack .../29-libnss3_2%3a3.35-2ubuntu2.7_s390x.deb ...
INFO:kolla.common.utils.hacluster-pacemaker:Unpacking libnss3:s390x (2:3.35-2ubuntu2.7) ...
INFO:kolla.common.utils.hacluster-pacemaker:Selecting previously unselected package libtotem-pg5:s390x.
INFO:kolla.common.utils.hacluster-pacemaker:Preparing to unpack .../30-libtotem-pg5_2.4.3-0ubuntu1.1_s390x.deb ...
INFO:kolla.common.utils.hacluster-pacemaker:Unpacking libtotem-pg5:s390x (2.4.3-0ubuntu1.1) ...
INFO:kolla.common.utils.hacluster-pacemaker:Selecting previously unselected package libvotequorum8:s390x.
INFO:kolla.common.utils.hacluster-pacemaker:Preparing to unpack .../31-libvotequorum8_2.4.3-0ubuntu1.1_s390x.deb ...
INFO:kolla.common.utils.hacluster-pacemaker:Unpacking libvotequorum8:s390x (2.4.3-0ubuntu1.1) ...
INFO:kolla.common.utils.hacluster-pacemaker:Selecting previously unselected package libxslt1.1:s390x.
INFO:kolla.common.utils.hacluster-pacemaker:Preparing to unpack .../32-libxslt1.1_1.1.29-5ubuntu0.2_s390x.deb ...
INFO:kolla.common.utils.hacluster-pacemaker:Unpacking libxslt1.1:s390x (1.1.29-5ubuntu0.2) ...
INFO:kolla.common.utils.hacluster-pacemaker:Selecting previously unselected package xsltproc.
INFO:kolla.common.utils.hacluster-pacemaker:Preparing to unpack .../33-xsltproc_1.1.29-5ubuntu0.2_s390x.deb ...
INFO:kolla.common.utils.hacluster-pacemaker:Unpacking xsltproc (1.1.29-5ubuntu0.2) ...
INFO:kolla.common.utils.hacluster-pacemaker:Selecting previously unselected package corosync.
INFO:kolla.common.utils.hacluster-pacemaker:Preparing to unpack .../34-corosync_2.4.3-0ubuntu1.1_s390x.deb ...
INFO:kolla.common.utils.hacluster-pacemaker:Unpacking corosync (2.4.3-0ubuntu1.1) ...
INFO:kolla.common.utils.hacluster-pacemaker:Selecting previously unselected package libcrmcommon3:s390x.
INFO:kolla.common.utils.hacluster-pacemaker:Preparing to unpack .../35-libcrmcommon3_1.1.18-0ubuntu1.1_s390x.deb ...
INFO:kolla.common.utils.hacluster-pacemaker:Unpacking libcrmcommon3:s390x (1.1.18-0ubuntu1.1) ...
INFO:kolla.common.utils.hacluster-pacemaker:Selecting previously unselected package libpe-rules2:s390x.
INFO:kolla.common.utils.hacluster-pacemaker:Preparing to unpack .../36-libpe-rules2_1.1.18-0ubuntu1.1_s390x.deb ...
INFO:kolla.common.utils.hacluster-pacemaker:Unpacking libpe-rules2:s390x (1.1.18-0ubuntu1.1) ...
INFO:kolla.common.utils.hacluster-pacemaker:Selecting previously unselected package libcib4:s390x.
INFO:kolla.common.utils.hacluster-pacemaker:Preparing to unpack .../37-libcib4_1.1.18-0ubuntu1.1_s390x.deb ...
INFO:kolla.common.utils.hacluster-pacemaker:Unpacking libcib4:s390x (1.1.18-0ubuntu1.1) ...
INFO:kolla.common.utils.hacluster-pacemaker:Selecting previously unselected package libstonithd2:s390x.
INFO:kolla.common.utils.hacluster-pacemaker:Preparing to unpack .../38-libstonithd2_1.1.18-0ubuntu1.1_s390x.deb ...
INFO:kolla.common.utils.hacluster-pacemaker:Unpacking libstonithd2:s390x (1.1.18-0ubuntu1.1) ...
INFO:kolla.common.utils.hacluster-pacemaker:Selecting previously unselected package libcrmcluster4:s390x.
INFO:kolla.common.utils.hacluster-pacemaker:Preparing to unpack .../39-libcrmcluster4_1.1.18-0ubuntu1.1_s390x.deb ...
INFO:kolla.common.utils.hacluster-pacemaker:Unpacking libcrmcluster4:s390x (1.1.18-0ubuntu1.1) ...
INFO:kolla.common.utils.hacluster-pacemaker:Selecting previously unselected package libcrmservice3:s390x.
INFO:kolla.common.utils.hacluster-pacemaker:Preparing to unpack .../40-libcrmservice3_1.1.18-0ubuntu1.1_s390x.deb ...
INFO:kolla.common.utils.hacluster-pacemaker:Unpacking libcrmservice3:s390x (1.1.18-0ubuntu1.1) ...
INFO:kolla.common.utils.hacluster-pacemaker:Selecting previously unselected package liblrmd1:s390x.
INFO:kolla.common.utils.hacluster-pacemaker:Preparing to unpack .../41-liblrmd1_1.1.18-0ubuntu1.1_s390x.deb ...
INFO:kolla.common.utils.hacluster-pacemaker:Unpacking liblrmd1:s390x (1.1.18-0ubuntu1.1) ...
INFO:kolla.common.utils.hacluster-pacemaker:Selecting previously unselected package libnet1:s390x.
INFO:kolla.common.utils.hacluster-pacemaker:Preparing to unpack .../42-libnet1_1.1.6+dfsg-3.1_s390x.deb ...
INFO:kolla.common.utils.hacluster-pacemaker:Unpacking libnet1:s390x (1.1.6+dfsg-3.1) ...
INFO:kolla.common.utils.hacluster-pacemaker:Selecting previously unselected package libpe-status10:s390x.
INFO:kolla.common.utils.hacluster-pacemaker:Preparing to unpack .../43-libpe-status10_1.1.18-0ubuntu1.1_s390x.deb ...
INFO:kolla.common.utils.hacluster-pacemaker:Unpacking libpe-status10:s390x (1.1.18-0ubuntu1.1) ...
INFO:kolla.common.utils.hacluster-pacemaker:Selecting previously unselected package libpengine10:s390x.
INFO:kolla.common.utils.hacluster-pacemaker:Preparing to unpack .../44-libpengine10_1.1.18-0ubuntu1.1_s390x.deb ...
INFO:kolla.common.utils.hacluster-pacemaker:Unpacking libpengine10:s390x (1.1.18-0ubuntu1.1) ...
INFO:kolla.common.utils.hacluster-pacemaker:Selecting previously unselected package libtransitioner2:s390x.
INFO:kolla.common.utils.hacluster-pacemaker:Preparing to unpack .../45-libtransitioner2_1.1.18-0ubuntu1.1_s390x.deb ...
INFO:kolla.common.utils.hacluster-pacemaker:Unpacking libtransitioner2:s390x (1.1.18-0ubuntu1.1) ...
INFO:kolla.common.utils.hacluster-pacemaker:Selecting previously unselected package pacemaker-common.
INFO:kolla.common.utils.hacluster-pacemaker:Preparing to unpack .../46-pacemaker-common_1.1.18-0ubuntu1.1_all.deb ...
INFO:kolla.common.utils.hacluster-pacemaker:Unpacking pacemaker-common (1.1.18-0ubuntu1.1) ...
INFO:kolla.common.utils.hacluster-pacemaker:Selecting previously unselected package resource-agents.
INFO:kolla.common.utils.hacluster-pacemaker:Preparing to unpack .../47-resource-agents_1%3a4.1.0~rc1-1ubuntu1.2_s390x.deb ...
INFO:kolla.common.utils.hacluster-pacemaker:Unpacking resource-agents (1:4.1.0~rc1-1ubuntu1.2) ...
INFO:kolla.common.utils.hacluster-pacemaker:Selecting previously unselected package pacemaker-resource-agents.
INFO:kolla.common.utils.hacluster-pacemaker:Preparing to unpack .../48-pacemaker-resource-agents_1.1.18-0ubuntu1.1_all.deb ...
INFO:kolla.common.utils.hacluster-pacemaker:Unpacking pacemaker-resource-agents (1.1.18-0ubuntu1.1) ...
INFO:kolla.common.utils.hacluster-pacemaker:Selecting previously unselected package pacemaker.
INFO:kolla.common.utils.hacluster-pacemaker:Preparing to unpack .../49-pacemaker_1.1.18-0ubuntu1.1_s390x.deb ...
INFO:kolla.common.utils.hacluster-pacemaker:Unpacking pacemaker (1.1.18-0ubuntu1.1) ...
INFO:kolla.common.utils.hacluster-pacemaker:Setting up libplumbgpl2 (1.0.12-7build1) ...
INFO:kolla.common.utils.hacluster-pacemaker:Setting up libicu60:s390x (60.2-3ubuntu3) ...
INFO:kolla.common.utils.hacluster-pacemaker:Setting up libnet1:s390x (1.1.6+dfsg-3.1) ...
INFO:kolla.common.utils.hacluster-pacemaker:Setting up libtimedate-perl (2.3000-2) ...
INFO:kolla.common.utils.hacluster-pacemaker:Setting up libglib2.0-0:s390x (2.56.4-0ubuntu0.18.04.4) ...
INFO:kolla.common.utils.hacluster-pacemaker:No schema files found: doing nothing.
INFO:kolla.common.utils.hacluster-pacemaker:Setting up libstatgrab10 (0.91-1build1) ...
INFO:kolla.common.utils.hacluster-pacemaker:Setting up libnspr4:s390x (2:4.18-1ubuntu1) ...
INFO:kolla.common.utils.hacluster-pacemaker:Setting up libxml2:s390x (2.9.4+dfsg1-6.1ubuntu1.3) ...
INFO:kolla.common.utils.hacluster-pacemaker:Setting up libxslt1.1:s390x (1.1.29-5ubuntu0.2) ...
INFO:kolla.common.utils.hacluster-pacemaker:Setting up pacemaker-common (1.1.18-0ubuntu1.1) ...
INFO:kolla.common.utils.hacluster-pacemaker:Adding group `haclient' (GID 103) ...
INFO:kolla.common.utils.hacluster-pacemaker:Done.
INFO:kolla.common.utils.hacluster-pacemaker:Adding system user `hacluster' (UID 101) ...
INFO:kolla.common.utils.hacluster-pacemaker:Adding new user `hacluster' (UID 101) with group `haclient' ...
INFO:kolla.common.utils.hacluster-pacemaker:Not creating home directory `/var/lib/pacemaker'.
INFO:kolla.common.utils.hacluster-pacemaker:1+0 records in
INFO:kolla.common.utils.hacluster-pacemaker:1+0 records out
INFO:kolla.common.utils.hacluster-pacemaker:4096 bytes (4.1 kB, 4.0 KiB) copied, 0.000123862 s, 33.1 MB/s
INFO:kolla.common.utils.hacluster-pacemaker:Setting up libapparmor1:s390x (2.12-4ubuntu5.1) ...
INFO:kolla.common.utils.hacluster-pacemaker:Setting up libltdl7:s390x (2.4.6-2) ...
INFO:kolla.common.utils.hacluster-pacemaker:Setting up libcorosync-common4:s390x (2.4.3-0ubuntu1.1) ...
INFO:kolla.common.utils.hacluster-pacemaker:Setting up libsensors4:s390x (1:3.4.0-4) ...
INFO:kolla.common.utils.hacluster-pacemaker:Setting up libpci3:s390x (1:3.5.2-1ubuntu1.1) ...
INFO:kolla.common.utils.hacluster-pacemaker:Setting up libqb0:s390x (1.0.1-1ubuntu1) ...
INFO:kolla.common.utils.hacluster-pacemaker:Setting up libdbus-1-3:s390x (1.12.2-1ubuntu1.1) ...
INFO:kolla.common.utils.hacluster-pacemaker:Setting up libopenipmi0 (2.0.22-1.1ubuntu2.1) ...
INFO:kolla.common.utils.hacluster-pacemaker:Setting up libsnmp-base (5.7.3+dfsg-1.8ubuntu3.3) ...
INFO:kolla.common.utils.hacluster-pacemaker:Setting up libsnmp30:s390x (5.7.3+dfsg-1.8ubuntu3.3) ...
INFO:kolla.common.utils.hacluster-pacemaker:Setting up libcfg6:s390x (2.4.3-0ubuntu1.1) ...
INFO:kolla.common.utils.hacluster-pacemaker:Setting up libopenhpi3 (3.6.1-3.1build1) ...
INFO:kolla.common.utils.hacluster-pacemaker:Setting up libdbus-glib-1-2:s390x (0.110-2) ...
INFO:kolla.common.utils.hacluster-pacemaker:Setting up libvotequorum8:s390x (2.4.3-0ubuntu1.1) ...
INFO:kolla.common.utils.hacluster-pacemaker:Setting up libcpg4:s390x (2.4.3-0ubuntu1.1) ...
INFO:kolla.common.utils.hacluster-pacemaker:Setting up libcrmcommon3:s390x (1.1.18-0ubuntu1.1) ...
INFO:kolla.common.utils.hacluster-pacemaker:Setting up libnss3:s390x (2:3.35-2ubuntu2.7) ...
INFO:kolla.common.utils.hacluster-pacemaker:Setting up xsltproc (1.1.29-5ubuntu0.2) ...
INFO:kolla.common.utils.hacluster-pacemaker:Setting up libcmap4:s390x (2.4.3-0ubuntu1.1) ...
INFO:kolla.common.utils.hacluster-pacemaker:Setting up libquorum5:s390x (2.4.3-0ubuntu1.1) ...
INFO:kolla.common.utils.hacluster-pacemaker:Setting up libpils2 (1.0.12-7build1) ...
INFO:kolla.common.utils.hacluster-pacemaker:Setting up libplumb2 (1.0.12-7build1) ...
INFO:kolla.common.utils.hacluster-pacemaker:Setting up libtotem-pg5:s390x (2.4.3-0ubuntu1.1) ...
INFO:kolla.common.utils.hacluster-pacemaker:Setting up dbus (1.12.2-1ubuntu1.1) ...
INFO:kolla.common.utils.hacluster-pacemaker:Setting up libstonithd2:s390x (1.1.18-0ubuntu1.1) ...
INFO:kolla.common.utils.hacluster-pacemaker:Setting up libcrmservice3:s390x (1.1.18-0ubuntu1.1) ...
INFO:kolla.common.utils.hacluster-pacemaker:Setting up libtransitioner2:s390x (1.1.18-0ubuntu1.1) ...
INFO:kolla.common.utils.hacluster-pacemaker:Setting up liblrm2 (1.0.12-7build1) ...
INFO:kolla.common.utils.hacluster-pacemaker:Setting up libstonith1 (1.0.12-7build1) ...
INFO:kolla.common.utils.hacluster-pacemaker:Setting up libpe-status10:s390x (1.1.18-0ubuntu1.1) ...
INFO:kolla.common.utils.hacluster-pacemaker:Setting up libpe-rules2:s390x (1.1.18-0ubuntu1.1) ...
INFO:kolla.common.utils.hacluster-pacemaker:Setting up liblrmd1:s390x (1.1.18-0ubuntu1.1) ...
INFO:kolla.common.utils.hacluster-pacemaker:Setting up cluster-glue (1.0.12-7build1) ...
INFO:kolla.common.utils.hacluster-pacemaker:addgroup: The group `haclient' already exists as a system group. Exiting.
INFO:kolla.common.utils.hacluster-pacemaker:The system user `hacluster' already exists. Exiting.
INFO:kolla.common.utils.hacluster-pacemaker:invoke-rc.d: could not determine current runlevel
INFO:kolla.common.utils.hacluster-pacemaker:invoke-rc.d: policy-rc.d denied execution of start.
INFO:kolla.common.utils.hacluster-pacemaker:Setting up libcib4:s390x (1.1.18-0ubuntu1.1) ...
INFO:kolla.common.utils.hacluster-pacemaker:Setting up libcrmcluster4:s390x (1.1.18-0ubuntu1.1) ...
INFO:kolla.common.utils.hacluster-pacemaker:Setting up corosync (2.4.3-0ubuntu1.1) ...
INFO:kolla.common.utils.hacluster-pacemaker:invoke-rc.d: could not determine current runlevel
INFO:kolla.common.utils.hacluster-pacemaker:invoke-rc.d: policy-rc.d denied execution of start.
INFO:kolla.common.utils.hacluster-pacemaker:Setting up libpengine10:s390x (1.1.18-0ubuntu1.1) ...
INFO:kolla.common.utils.hacluster-pacemaker:Setting up resource-agents (1:4.1.0~rc1-1ubuntu1.2) ...
INFO:kolla.common.utils.hacluster-pacemaker:Setting up pacemaker-resource-agents (1.1.18-0ubuntu1.1) ...
INFO:kolla.common.utils.hacluster-pacemaker:Setting up pacemaker (1.1.18-0ubuntu1.1) ...
INFO:kolla.common.utils.hacluster-pacemaker:invoke-rc.d: could not determine current runlevel
INFO:kolla.common.utils.hacluster-pacemaker:invoke-rc.d: policy-rc.d denied execution of start.
INFO:kolla.common.utils.hacluster-pacemaker:Processing triggers for libc-bin (2.27-3ubuntu1) ...
INFO:kolla.common.utils.hacluster-pacemaker:Removing intermediate container 42a330c29665
INFO:kolla.common.utils.hacluster-pacemaker: ---> 5fb3d95d302c
INFO:kolla.common.utils.hacluster-pacemaker:Successfully built 5fb3d95d302c
INFO:kolla.common.utils.hacluster-pacemaker:Successfully tagged s390x/ubuntu-source-hacluster-pacemaker:9.1.0
INFO:kolla.common.utils.hacluster-pacemaker:Built at 2020-03-02 21:51:18.757661 (took 0:00:17.098846)
