INFO:kolla.common.utils.iscsid:Building started at 2020-03-02 21:48:26.959629
INFO:kolla.common.utils.iscsid:Step 1/5 : FROM s390x/ubuntu-source-base:9.1.0
INFO:kolla.common.utils.iscsid: ---> 96ede3560f2f
INFO:kolla.common.utils.iscsid:Step 2/5 : LABEL maintainer="Kolla Project (https://launchpad.net/kolla)" name="iscsid" build-date="20200302"
INFO:kolla.common.utils.iscsid: ---> Running in 6401741c72b1
INFO:kolla.common.utils.iscsid:Removing intermediate container 6401741c72b1
INFO:kolla.common.utils.iscsid: ---> 3099cf9641e5
INFO:kolla.common.utils.iscsid:Step 3/5 : RUN apt-get update && apt-get -y install --no-install-recommends open-iscsi python3-rtslib-fb targetcli-fb && apt-get clean && rm -rf /var/lib/apt/lists/*
INFO:kolla.common.utils.iscsid: ---> Running in df1a55324746
INFO:kolla.common.utils.iscsid:Ign:1 http://ubuntu-cloud.archive.canonical.com/ubuntu bionic-updates/ussuri InRelease
INFO:kolla.common.utils.iscsid:Get:2 http://ports.ubuntu.com bionic InRelease [242 kB]
INFO:kolla.common.utils.iscsid:Get:3 http://ubuntu-cloud.archive.canonical.com/ubuntu bionic-updates/ussuri Release [7,884 B]
INFO:kolla.common.utils.iscsid:Get:4 http://ubuntu-cloud.archive.canonical.com/ubuntu bionic-updates/ussuri Release.gpg [543 B]
INFO:kolla.common.utils.iscsid:Get:5 http://ports.ubuntu.com bionic-updates InRelease [88.7 kB]
INFO:kolla.common.utils.iscsid:Get:6 http://ports.ubuntu.com bionic-security InRelease [88.7 kB]
INFO:kolla.common.utils.iscsid:Get:7 http://ports.ubuntu.com bionic-backports InRelease [74.6 kB]
INFO:kolla.common.utils.iscsid:Get:8 http://ubuntu-cloud.archive.canonical.com/ubuntu bionic-updates/ussuri/main s390x Packages [145 kB]
INFO:kolla.common.utils.iscsid:Get:9 http://ports.ubuntu.com bionic/main s390x Packages [1,244 kB]
INFO:kolla.common.utils.iscsid:Get:10 http://ports.ubuntu.com bionic/universe s390x Packages [10.8 MB]
INFO:kolla.common.utils.iscsid:Get:11 http://ports.ubuntu.com bionic-updates/universe s390x Packages [1,075 kB]
INFO:kolla.common.utils.iscsid:Get:12 http://ports.ubuntu.com bionic-updates/main s390x Packages [730 kB]
INFO:kolla.common.utils.iscsid:Get:13 http://ports.ubuntu.com bionic-security/universe s390x Packages [625 kB]
INFO:kolla.common.utils.iscsid:Get:14 http://ports.ubuntu.com bionic-security/main s390x Packages [467 kB]
INFO:kolla.common.utils.iscsid:Get:15 http://ports.ubuntu.com bionic-backports/universe s390x Packages [4,242 B]
INFO:kolla.common.utils.iscsid:Get:16 http://ports.ubuntu.com bionic-backports/main s390x Packages [2,494 B]
INFO:kolla.common.utils.iscsid:Fetched 15.6 MB in 3s (5,666 kB/s)
INFO:kolla.common.utils.iscsid:Reading package lists...
INFO:kolla.common.utils.iscsid:Reading package lists...
INFO:kolla.common.utils.iscsid:Building dependency tree...
INFO:kolla.common.utils.iscsid:Reading state information...
INFO:kolla.common.utils.iscsid:open-iscsi is already the newest version (2.0.874-5ubuntu2.7).
INFO:kolla.common.utils.iscsid:The following additional packages will be installed:
INFO:kolla.common.utils.iscsid:  libdbus-1-3 libglib2.0-0 python3-configshell-fb python3-dbus
INFO:kolla.common.utils.iscsid:  python3-pyparsing python3-pyudev python3-six python3-urwid
INFO:kolla.common.utils.iscsid:Suggested packages:
INFO:kolla.common.utils.iscsid:  python-configshell-fb-doc python-dbus-doc python3-dbus-dbg
INFO:kolla.common.utils.iscsid:  python-pyparsing-doc python-urwid-doc
INFO:kolla.common.utils.iscsid:Recommended packages:
INFO:kolla.common.utils.iscsid:  dbus libglib2.0-data shared-mime-info xdg-user-dirs python3-gi
INFO:kolla.common.utils.iscsid:The following NEW packages will be installed:
INFO:kolla.common.utils.iscsid:  libdbus-1-3 libglib2.0-0 python3-configshell-fb python3-dbus
INFO:kolla.common.utils.iscsid:  python3-pyparsing python3-pyudev python3-rtslib-fb python3-six python3-urwid
INFO:kolla.common.utils.iscsid:  targetcli-fb
INFO:kolla.common.utils.iscsid:0 upgraded, 10 newly installed, 0 to remove and 0 not upgraded.
INFO:kolla.common.utils.iscsid:Need to get 1,684 kB of archives.
INFO:kolla.common.utils.iscsid:After this operation, 7,156 kB of additional disk space will be used.
INFO:kolla.common.utils.iscsid:Get:1 http://ports.ubuntu.com bionic-updates/main s390x libdbus-1-3 s390x 1.12.2-1ubuntu1.1 [168 kB]
INFO:kolla.common.utils.iscsid:Get:2 http://ubuntu-cloud.archive.canonical.com/ubuntu bionic-updates/ussuri/main s390x python3-rtslib-fb all 2.1.66-3.2~cloud0 [35.5 kB]
INFO:kolla.common.utils.iscsid:Get:3 http://ports.ubuntu.com bionic-updates/main s390x libglib2.0-0 s390x 2.56.4-0ubuntu0.18.04.4 [1,079 kB]
INFO:kolla.common.utils.iscsid:Get:4 http://ports.ubuntu.com bionic/main s390x python3-dbus s390x 1.2.6-1 [88.1 kB]
INFO:kolla.common.utils.iscsid:Get:5 http://ports.ubuntu.com bionic/main s390x python3-pyparsing all 2.2.0+dfsg1-2 [52.2 kB]
INFO:kolla.common.utils.iscsid:Get:6 http://ports.ubuntu.com bionic/main s390x python3-six all 1.11.0-2 [11.4 kB]
INFO:kolla.common.utils.iscsid:Get:7 http://ports.ubuntu.com bionic/universe s390x python3-urwid s390x 2.0.1-2 [158 kB]
INFO:kolla.common.utils.iscsid:Get:8 http://ports.ubuntu.com bionic/universe s390x python3-configshell-fb all 1.1.20-1 [27.2 kB]
INFO:kolla.common.utils.iscsid:Get:9 http://ports.ubuntu.com bionic/main s390x python3-pyudev all 0.21.0-1 [36.7 kB]
INFO:kolla.common.utils.iscsid:Get:10 http://ports.ubuntu.com bionic/universe s390x targetcli-fb all 2.1.43-1 [27.6 kB]
INFO:kolla.common.utils.iscsid:Fetched 1,684 kB in 0s (28.1 MB/s)
INFO:kolla.common.utils.iscsid:Selecting previously unselected package libdbus-1-3:s390x.
INFO:kolla.common.utils.iscsid:(Reading database ... (Reading database ... 5%(Reading database ... 10%(Reading database ... 15%(Reading database ... 20%(Reading database ... 25%(Reading database ... 30%(Reading database ... 35%(Reading database ... 40%(Reading database ... 45%(Reading database ... 50%(Reading database ... 55%(Reading database ... 60%(Reading database ... 65%(Reading database ... 70%
INFO:kolla.common.utils.iscsid:(Reading database ... 75%
INFO:kolla.common.utils.iscsid:(Reading database ... 80%
INFO:kolla.common.utils.iscsid:(Reading database ... 85%
INFO:kolla.common.utils.iscsid:(Reading database ... 90%
INFO:kolla.common.utils.iscsid:(Reading database ... 95%
INFO:kolla.common.utils.iscsid:(Reading database ... 100%(Reading database ... 9244 files and directories currently installed.)
INFO:kolla.common.utils.iscsid:Preparing to unpack .../0-libdbus-1-3_1.12.2-1ubuntu1.1_s390x.deb ...
INFO:kolla.common.utils.iscsid:Unpacking libdbus-1-3:s390x (1.12.2-1ubuntu1.1) ...
INFO:kolla.common.utils.iscsid:Selecting previously unselected package libglib2.0-0:s390x.
INFO:kolla.common.utils.iscsid:Preparing to unpack .../1-libglib2.0-0_2.56.4-0ubuntu0.18.04.4_s390x.deb ...
INFO:kolla.common.utils.iscsid:Unpacking libglib2.0-0:s390x (2.56.4-0ubuntu0.18.04.4) ...
INFO:kolla.common.utils.iscsid:Selecting previously unselected package python3-dbus.
INFO:kolla.common.utils.iscsid:Preparing to unpack .../2-python3-dbus_1.2.6-1_s390x.deb ...
INFO:kolla.common.utils.iscsid:Unpacking python3-dbus (1.2.6-1) ...
INFO:kolla.common.utils.iscsid:Selecting previously unselected package python3-pyparsing.
INFO:kolla.common.utils.iscsid:Preparing to unpack .../3-python3-pyparsing_2.2.0+dfsg1-2_all.deb ...
INFO:kolla.common.utils.iscsid:Unpacking python3-pyparsing (2.2.0+dfsg1-2) ...
INFO:kolla.common.utils.iscsid:Selecting previously unselected package python3-six.
INFO:kolla.common.utils.iscsid:Preparing to unpack .../4-python3-six_1.11.0-2_all.deb ...
INFO:kolla.common.utils.iscsid:Unpacking python3-six (1.11.0-2) ...
INFO:kolla.common.utils.iscsid:Selecting previously unselected package python3-urwid.
INFO:kolla.common.utils.iscsid:Preparing to unpack .../5-python3-urwid_2.0.1-2_s390x.deb ...
INFO:kolla.common.utils.iscsid:Unpacking python3-urwid (2.0.1-2) ...
INFO:kolla.common.utils.iscsid:Selecting previously unselected package python3-configshell-fb.
INFO:kolla.common.utils.iscsid:Preparing to unpack .../6-python3-configshell-fb_1.1.20-1_all.deb ...
INFO:kolla.common.utils.iscsid:Unpacking python3-configshell-fb (1.1.20-1) ...
INFO:kolla.common.utils.iscsid:Selecting previously unselected package python3-pyudev.
INFO:kolla.common.utils.iscsid:Preparing to unpack .../7-python3-pyudev_0.21.0-1_all.deb ...
INFO:kolla.common.utils.iscsid:Unpacking python3-pyudev (0.21.0-1) ...
INFO:kolla.common.utils.iscsid:Selecting previously unselected package python3-rtslib-fb.
INFO:kolla.common.utils.iscsid:Preparing to unpack .../8-python3-rtslib-fb_2.1.66-3.2~cloud0_all.deb ...
INFO:kolla.common.utils.iscsid:Unpacking python3-rtslib-fb (2.1.66-3.2~cloud0) ...
INFO:kolla.common.utils.iscsid:Selecting previously unselected package targetcli-fb.
INFO:kolla.common.utils.iscsid:Preparing to unpack .../9-targetcli-fb_2.1.43-1_all.deb ...
INFO:kolla.common.utils.iscsid:Unpacking targetcli-fb (2.1.43-1) ...
INFO:kolla.common.utils.iscsid:Setting up libglib2.0-0:s390x (2.56.4-0ubuntu0.18.04.4) ...
INFO:kolla.common.utils.iscsid:No schema files found: doing nothing.
INFO:kolla.common.utils.iscsid:Setting up python3-six (1.11.0-2) ...
INFO:kolla.common.utils.iscsid:Setting up python3-pyparsing (2.2.0+dfsg1-2) ...
INFO:kolla.common.utils.iscsid:Setting up python3-pyudev (0.21.0-1) ...
INFO:kolla.common.utils.iscsid:Setting up python3-urwid (2.0.1-2) ...
INFO:kolla.common.utils.iscsid:Setting up libdbus-1-3:s390x (1.12.2-1ubuntu1.1) ...
INFO:kolla.common.utils.iscsid:Setting up python3-dbus (1.2.6-1) ...
INFO:kolla.common.utils.iscsid:Setting up python3-rtslib-fb (2.1.66-3.2~cloud0) ...
INFO:kolla.common.utils.iscsid:update-alternatives: using /usr/bin/targetctl-python3 to provide /usr/bin/targetctl (targetctl) in auto mode
INFO:kolla.common.utils.iscsid:invoke-rc.d: could not determine current runlevel
INFO:kolla.common.utils.iscsid:invoke-rc.d: policy-rc.d denied execution of start.
INFO:kolla.common.utils.iscsid:Setting up python3-configshell-fb (1.1.20-1) ...
INFO:kolla.common.utils.iscsid:Setting up targetcli-fb (2.1.43-1) ...
INFO:kolla.common.utils.iscsid:Processing triggers for libc-bin (2.27-3ubuntu1) ...
INFO:kolla.common.utils.iscsid:Removing intermediate container df1a55324746
INFO:kolla.common.utils.iscsid: ---> 6f0bdcd91ea6
INFO:kolla.common.utils.iscsid:Step 4/5 : COPY extend_start.sh /usr/local/bin/kolla_extend_start
INFO:kolla.common.utils.iscsid: ---> 82dc8f62536e
INFO:kolla.common.utils.iscsid:Step 5/5 : RUN chmod 755 /usr/local/bin/kolla_extend_start     && rm /etc/iscsi/initiatorname.iscsi
INFO:kolla.common.utils.iscsid: ---> Running in 5458840e8fe2
INFO:kolla.common.utils.iscsid:Removing intermediate container 5458840e8fe2
INFO:kolla.common.utils.iscsid: ---> b6881d4c3b64
INFO:kolla.common.utils.iscsid:Successfully built b6881d4c3b64
INFO:kolla.common.utils.iscsid:Successfully tagged s390x/ubuntu-source-iscsid:9.1.0
INFO:kolla.common.utils.iscsid:Built at 2020-03-02 21:48:41.009097 (took 0:00:14.049468)
