INFO:kolla.common.utils.multipathd:Building started at 2020-03-02 21:48:19.597833
INFO:kolla.common.utils.multipathd:Step 1/3 : FROM s390x/ubuntu-source-base:9.1.0
INFO:kolla.common.utils.multipathd: ---> 96ede3560f2f
INFO:kolla.common.utils.multipathd:Step 2/3 : LABEL maintainer="Kolla Project (https://launchpad.net/kolla)" name="multipathd" build-date="20200302"
INFO:kolla.common.utils.multipathd: ---> Running in 8abf221cb3e5
INFO:kolla.common.utils.multipathd:Removing intermediate container 8abf221cb3e5
INFO:kolla.common.utils.multipathd: ---> a7a2844c0499
INFO:kolla.common.utils.multipathd:Step 3/3 : RUN apt-get update && apt-get -y install --no-install-recommends multipath-tools && apt-get clean && rm -rf /var/lib/apt/lists/*
INFO:kolla.common.utils.multipathd: ---> Running in b9597857e78c
INFO:kolla.common.utils.multipathd:Get:1 http://ports.ubuntu.com bionic InRelease [242 kB]
INFO:kolla.common.utils.multipathd:Ign:2 http://ubuntu-cloud.archive.canonical.com/ubuntu bionic-updates/ussuri InRelease
INFO:kolla.common.utils.multipathd:Get:3 http://ubuntu-cloud.archive.canonical.com/ubuntu bionic-updates/ussuri Release [7,884 B]
INFO:kolla.common.utils.multipathd:Get:4 http://ports.ubuntu.com bionic-updates InRelease [88.7 kB]
INFO:kolla.common.utils.multipathd:Get:5 http://ubuntu-cloud.archive.canonical.com/ubuntu bionic-updates/ussuri Release.gpg [543 B]
INFO:kolla.common.utils.multipathd:Get:6 http://ports.ubuntu.com bionic-security InRelease [88.7 kB]
INFO:kolla.common.utils.multipathd:Get:7 http://ports.ubuntu.com bionic-backports InRelease [74.6 kB]
INFO:kolla.common.utils.multipathd:Get:8 http://ports.ubuntu.com bionic/universe s390x Packages [10.8 MB]
INFO:kolla.common.utils.multipathd:Get:9 http://ubuntu-cloud.archive.canonical.com/ubuntu bionic-updates/ussuri/main s390x Packages [145 kB]
INFO:kolla.common.utils.multipathd:Get:10 http://ports.ubuntu.com bionic/main s390x Packages [1,244 kB]
INFO:kolla.common.utils.multipathd:Get:11 http://ports.ubuntu.com bionic-updates/main s390x Packages [730 kB]
INFO:kolla.common.utils.multipathd:Get:12 http://ports.ubuntu.com bionic-updates/universe s390x Packages [1,075 kB]
INFO:kolla.common.utils.multipathd:Get:13 http://ports.ubuntu.com bionic-security/main s390x Packages [467 kB]
INFO:kolla.common.utils.multipathd:Get:14 http://ports.ubuntu.com bionic-security/universe s390x Packages [625 kB]
INFO:kolla.common.utils.multipathd:Get:15 http://ports.ubuntu.com bionic-backports/universe s390x Packages [4,242 B]
INFO:kolla.common.utils.multipathd:Get:16 http://ports.ubuntu.com bionic-backports/main s390x Packages [2,494 B]
INFO:kolla.common.utils.multipathd:Fetched 15.6 MB in 3s (5,308 kB/s)
INFO:kolla.common.utils.multipathd:Reading package lists...
INFO:kolla.common.utils.multipathd:Reading package lists...
INFO:kolla.common.utils.multipathd:Building dependency tree...
INFO:kolla.common.utils.multipathd:Reading state information...
INFO:kolla.common.utils.multipathd:The following additional packages will be installed:
INFO:kolla.common.utils.multipathd:  busybox-initramfs cpio initramfs-tools initramfs-tools-bin
INFO:kolla.common.utils.multipathd:  initramfs-tools-core klibc-utils kpartx libjson-c3 libklibc libnspr4 libnss3
INFO:kolla.common.utils.multipathd:  librados2 liburcu6 linux-base sg3-utils-udev
INFO:kolla.common.utils.multipathd:Suggested packages:
INFO:kolla.common.utils.multipathd:  libarchive1 bash-completion multipath-tools-boot
INFO:kolla.common.utils.multipathd:The following NEW packages will be installed:
INFO:kolla.common.utils.multipathd:  busybox-initramfs cpio initramfs-tools initramfs-tools-bin
INFO:kolla.common.utils.multipathd:  initramfs-tools-core klibc-utils kpartx libjson-c3 libklibc libnspr4 libnss3
INFO:kolla.common.utils.multipathd:  librados2 liburcu6 linux-base multipath-tools sg3-utils-udev
INFO:kolla.common.utils.multipathd:0 upgraded, 16 newly installed, 0 to remove and 0 not upgraded.
INFO:kolla.common.utils.multipathd:Need to get 4,688 kB of archives.
INFO:kolla.common.utils.multipathd:After this operation, 21.7 MB of additional disk space will be used.
INFO:kolla.common.utils.multipathd:Get:1 http://ubuntu-cloud.archive.canonical.com/ubuntu bionic-updates/ussuri/main s390x librados2 s390x 14.2.2-0ubuntu3~cloud0 [2,708 kB]
INFO:kolla.common.utils.multipathd:Get:2 http://ports.ubuntu.com bionic-updates/main s390x busybox-initramfs s390x 1:1.27.2-2ubuntu3.2 [168 kB]
INFO:kolla.common.utils.multipathd:Get:3 http://ports.ubuntu.com bionic-updates/main s390x cpio s390x 2.12+dfsg-6ubuntu0.18.04.1 [81.7 kB]
INFO:kolla.common.utils.multipathd:Get:4 http://ports.ubuntu.com bionic-updates/main s390x initramfs-tools-bin s390x 0.130ubuntu3.9 [9,964 B]
INFO:kolla.common.utils.multipathd:Get:5 http://ports.ubuntu.com bionic/main s390x libklibc s390x 2.0.4-9ubuntu2 [47.1 kB]
INFO:kolla.common.utils.multipathd:Get:6 http://ports.ubuntu.com bionic/main s390x klibc-utils s390x 2.0.4-9ubuntu2 [120 kB]
INFO:kolla.common.utils.multipathd:Get:7 http://ports.ubuntu.com bionic-updates/main s390x initramfs-tools-core all 0.130ubuntu3.9 [48.2 kB]
INFO:kolla.common.utils.multipathd:Get:8 http://ports.ubuntu.com bionic/main s390x linux-base all 4.5ubuntu1 [18.1 kB]
INFO:kolla.common.utils.multipathd:Get:9 http://ports.ubuntu.com bionic-updates/main s390x initramfs-tools all 0.130ubuntu3.9 [9,568 B]
INFO:kolla.common.utils.multipathd:Get:10 http://ports.ubuntu.com bionic/main s390x libjson-c3 s390x 0.12.1-1.3 [20.8 kB]
INFO:kolla.common.utils.multipathd:Get:11 http://ports.ubuntu.com bionic/main s390x libnspr4 s390x 2:4.18-1ubuntu1 [107 kB]
INFO:kolla.common.utils.multipathd:Get:12 http://ports.ubuntu.com bionic-updates/main s390x libnss3 s390x 2:3.35-2ubuntu2.7 [1,034 kB]
INFO:kolla.common.utils.multipathd:Get:13 http://ports.ubuntu.com bionic-updates/main s390x sg3-utils-udev all 1.42-2ubuntu1.18.04.1 [5,104 B]
INFO:kolla.common.utils.multipathd:Get:14 http://ports.ubuntu.com bionic/main s390x kpartx s390x 0.7.4-2ubuntu3 [27.2 kB]
INFO:kolla.common.utils.multipathd:Get:15 http://ports.ubuntu.com bionic/main s390x liburcu6 s390x 0.10.1-1 [49.2 kB]
INFO:kolla.common.utils.multipathd:Get:16 http://ports.ubuntu.com bionic/main s390x multipath-tools s390x 0.7.4-2ubuntu3 [234 kB]
INFO:kolla.common.utils.multipathd:Preconfiguring packages ...
INFO:kolla.common.utils.multipathd:Fetched 4,688 kB in 0s (49.7 MB/s)
INFO:kolla.common.utils.multipathd:Selecting previously unselected package busybox-initramfs.
INFO:kolla.common.utils.multipathd:(Reading database ... 
INFO:kolla.common.utils.multipathd:(Reading database ... 5%(Reading database ... 10%(Reading database ... 15%(Reading database ... 20%(Reading database ... 25%(Reading database ... 30%(Reading database ... 35%
INFO:kolla.common.utils.multipathd:(Reading database ... 40%(Reading database ... 45%(Reading database ... 50%(Reading database ... 55%(Reading database ... 60%(Reading database ... 65%(Reading database ... 70%
INFO:kolla.common.utils.multipathd:(Reading database ... 75%
INFO:kolla.common.utils.multipathd:(Reading database ... 80%
INFO:kolla.common.utils.multipathd:(Reading database ... 85%
INFO:kolla.common.utils.multipathd:(Reading database ... 90%(Reading database ... 95%
INFO:kolla.common.utils.multipathd:(Reading database ... 100%(Reading database ... 9244 files and directories currently installed.)
INFO:kolla.common.utils.multipathd:Preparing to unpack .../00-busybox-initramfs_1%3a1.27.2-2ubuntu3.2_s390x.deb ...
INFO:kolla.common.utils.multipathd:Unpacking busybox-initramfs (1:1.27.2-2ubuntu3.2) ...
INFO:kolla.common.utils.multipathd:Selecting previously unselected package cpio.
INFO:kolla.common.utils.multipathd:Preparing to unpack .../01-cpio_2.12+dfsg-6ubuntu0.18.04.1_s390x.deb ...
INFO:kolla.common.utils.multipathd:Unpacking cpio (2.12+dfsg-6ubuntu0.18.04.1) ...
INFO:kolla.common.utils.multipathd:Selecting previously unselected package initramfs-tools-bin.
INFO:kolla.common.utils.multipathd:Preparing to unpack .../02-initramfs-tools-bin_0.130ubuntu3.9_s390x.deb ...
INFO:kolla.common.utils.multipathd:Unpacking initramfs-tools-bin (0.130ubuntu3.9) ...
INFO:kolla.common.utils.multipathd:Selecting previously unselected package libklibc.
INFO:kolla.common.utils.multipathd:Preparing to unpack .../03-libklibc_2.0.4-9ubuntu2_s390x.deb ...
INFO:kolla.common.utils.multipathd:Unpacking libklibc (2.0.4-9ubuntu2) ...
INFO:kolla.common.utils.multipathd:Selecting previously unselected package klibc-utils.
INFO:kolla.common.utils.multipathd:Preparing to unpack .../04-klibc-utils_2.0.4-9ubuntu2_s390x.deb ...
INFO:kolla.common.utils.multipathd:Adding 'diversion of /usr/share/initramfs-tools/hooks/klibc to /usr/share/initramfs-tools/hooks/klibc^i-t by klibc-utils'
INFO:kolla.common.utils.multipathd:Unpacking klibc-utils (2.0.4-9ubuntu2) ...
INFO:kolla.common.utils.multipathd:Selecting previously unselected package initramfs-tools-core.
INFO:kolla.common.utils.multipathd:Preparing to unpack .../05-initramfs-tools-core_0.130ubuntu3.9_all.deb ...
INFO:kolla.common.utils.multipathd:Unpacking initramfs-tools-core (0.130ubuntu3.9) ...
INFO:kolla.common.utils.multipathd:Selecting previously unselected package linux-base.
INFO:kolla.common.utils.multipathd:Preparing to unpack .../06-linux-base_4.5ubuntu1_all.deb ...
INFO:kolla.common.utils.multipathd:Unpacking linux-base (4.5ubuntu1) ...
INFO:kolla.common.utils.multipathd:Selecting previously unselected package initramfs-tools.
INFO:kolla.common.utils.multipathd:Preparing to unpack .../07-initramfs-tools_0.130ubuntu3.9_all.deb ...
INFO:kolla.common.utils.multipathd:Unpacking initramfs-tools (0.130ubuntu3.9) ...
INFO:kolla.common.utils.multipathd:Selecting previously unselected package libjson-c3:s390x.
INFO:kolla.common.utils.multipathd:Preparing to unpack .../08-libjson-c3_0.12.1-1.3_s390x.deb ...
INFO:kolla.common.utils.multipathd:Unpacking libjson-c3:s390x (0.12.1-1.3) ...
INFO:kolla.common.utils.multipathd:Selecting previously unselected package libnspr4:s390x.
INFO:kolla.common.utils.multipathd:Preparing to unpack .../09-libnspr4_2%3a4.18-1ubuntu1_s390x.deb ...
INFO:kolla.common.utils.multipathd:Unpacking libnspr4:s390x (2:4.18-1ubuntu1) ...
INFO:kolla.common.utils.multipathd:Selecting previously unselected package libnss3:s390x.
INFO:kolla.common.utils.multipathd:Preparing to unpack .../10-libnss3_2%3a3.35-2ubuntu2.7_s390x.deb ...
INFO:kolla.common.utils.multipathd:Unpacking libnss3:s390x (2:3.35-2ubuntu2.7) ...
INFO:kolla.common.utils.multipathd:Selecting previously unselected package librados2.
INFO:kolla.common.utils.multipathd:Preparing to unpack .../11-librados2_14.2.2-0ubuntu3~cloud0_s390x.deb ...
INFO:kolla.common.utils.multipathd:Unpacking librados2 (14.2.2-0ubuntu3~cloud0) ...
INFO:kolla.common.utils.multipathd:Selecting previously unselected package sg3-utils-udev.
INFO:kolla.common.utils.multipathd:Preparing to unpack .../12-sg3-utils-udev_1.42-2ubuntu1.18.04.1_all.deb ...
INFO:kolla.common.utils.multipathd:Unpacking sg3-utils-udev (1.42-2ubuntu1.18.04.1) ...
INFO:kolla.common.utils.multipathd:Selecting previously unselected package kpartx.
INFO:kolla.common.utils.multipathd:Preparing to unpack .../13-kpartx_0.7.4-2ubuntu3_s390x.deb ...
INFO:kolla.common.utils.multipathd:Unpacking kpartx (0.7.4-2ubuntu3) ...
INFO:kolla.common.utils.multipathd:Selecting previously unselected package liburcu6:s390x.
INFO:kolla.common.utils.multipathd:Preparing to unpack .../14-liburcu6_0.10.1-1_s390x.deb ...
INFO:kolla.common.utils.multipathd:Unpacking liburcu6:s390x (0.10.1-1) ...
INFO:kolla.common.utils.multipathd:Selecting previously unselected package multipath-tools.
INFO:kolla.common.utils.multipathd:Preparing to unpack .../15-multipath-tools_0.7.4-2ubuntu3_s390x.deb ...
INFO:kolla.common.utils.multipathd:/dev/mapper/control: open failed: Operation not permitted
INFO:kolla.common.utils.multipathd:Failure to communicate with kernel device-mapper driver.
INFO:kolla.common.utils.multipathd:Check that device-mapper is available in the kernel.
INFO:kolla.common.utils.multipathd:Incompatible libdevmapper 1.02.145 (2017-11-03) and kernel driver (unknown version).
INFO:kolla.common.utils.multipathd:Command failed
INFO:kolla.common.utils.multipathd:modprobe: ERROR: ../libkmod/libkmod.c:586 kmod_search_moddep() could not open moddep file '/lib/modules/4.15.0-46-generic/modules.dep.bin'
INFO:kolla.common.utils.multipathd:modprobe: FATAL: Module dm-multipath not found in directory /lib/modules/4.15.0-46-generic
INFO:kolla.common.utils.multipathd:Unpacking multipath-tools (0.7.4-2ubuntu3) ...
INFO:kolla.common.utils.multipathd:Setting up cpio (2.12+dfsg-6ubuntu0.18.04.1) ...
INFO:kolla.common.utils.multipathd:update-alternatives: using /bin/mt-gnu to provide /bin/mt (mt) in auto mode
INFO:kolla.common.utils.multipathd:update-alternatives: warning: skip creation of /usr/share/man/man1/mt.1.gz because associated file /usr/share/man/man1/mt-gnu.1.gz (of link group mt) doesn't exist
INFO:kolla.common.utils.multipathd:Setting up libjson-c3:s390x (0.12.1-1.3) ...
INFO:kolla.common.utils.multipathd:Setting up libklibc (2.0.4-9ubuntu2) ...
INFO:kolla.common.utils.multipathd:Setting up linux-base (4.5ubuntu1) ...
INFO:kolla.common.utils.multipathd:Setting up liburcu6:s390x (0.10.1-1) ...
INFO:kolla.common.utils.multipathd:Setting up libnspr4:s390x (2:4.18-1ubuntu1) ...
INFO:kolla.common.utils.multipathd:Setting up busybox-initramfs (1:1.27.2-2ubuntu3.2) ...
INFO:kolla.common.utils.multipathd:Setting up kpartx (0.7.4-2ubuntu3) ...
INFO:kolla.common.utils.multipathd:Setting up initramfs-tools-bin (0.130ubuntu3.9) ...
INFO:kolla.common.utils.multipathd:Setting up klibc-utils (2.0.4-9ubuntu2) ...
INFO:kolla.common.utils.multipathd:Setting up initramfs-tools-core (0.130ubuntu3.9) ...
INFO:kolla.common.utils.multipathd:Setting up libnss3:s390x (2:3.35-2ubuntu2.7) ...
INFO:kolla.common.utils.multipathd:Setting up initramfs-tools (0.130ubuntu3.9) ...
INFO:kolla.common.utils.multipathd:update-initramfs: deferring update (trigger activated)
INFO:kolla.common.utils.multipathd:Setting up librados2 (14.2.2-0ubuntu3~cloud0) ...
INFO:kolla.common.utils.multipathd:Setting up sg3-utils-udev (1.42-2ubuntu1.18.04.1) ...
INFO:kolla.common.utils.multipathd:update-initramfs: deferring update (trigger activated)
INFO:kolla.common.utils.multipathd:Setting up multipath-tools (0.7.4-2ubuntu3) ...
INFO:kolla.common.utils.multipathd:invoke-rc.d: could not determine current runlevel
INFO:kolla.common.utils.multipathd:invoke-rc.d: policy-rc.d denied execution of start.
INFO:kolla.common.utils.multipathd:Processing triggers for libc-bin (2.27-3ubuntu1) ...
INFO:kolla.common.utils.multipathd:Processing triggers for initramfs-tools (0.130ubuntu3.9) ...
INFO:kolla.common.utils.multipathd:Removing intermediate container b9597857e78c
INFO:kolla.common.utils.multipathd: ---> 15677698ef3d
INFO:kolla.common.utils.multipathd:Successfully built 15677698ef3d
INFO:kolla.common.utils.multipathd:Successfully tagged s390x/ubuntu-source-multipathd:9.1.0
INFO:kolla.common.utils.multipathd:Built at 2020-03-02 21:48:31.511012 (took 0:00:11.913179)
