INFO:kolla.common.utils.nova-libvirt:Building started at 2020-03-02 21:48:05.180800
INFO:kolla.common.utils.nova-libvirt:Step 1/7 : FROM s390x/ubuntu-source-base:9.1.0
INFO:kolla.common.utils.nova-libvirt: ---> 96ede3560f2f
INFO:kolla.common.utils.nova-libvirt:Step 2/7 : LABEL maintainer="Kolla Project (https://launchpad.net/kolla)" name="nova-libvirt" build-date="20200302"
INFO:kolla.common.utils.nova-libvirt: ---> Running in e23aae7d9efd
INFO:kolla.common.utils.nova-libvirt:Removing intermediate container e23aae7d9efd
INFO:kolla.common.utils.nova-libvirt: ---> 95f9f73c3b69
INFO:kolla.common.utils.nova-libvirt:Step 3/7 : RUN usermod --append --home /var/lib/nova --groups kolla nova     && usermod --append --groups qemu nova     && mkdir -p /var/lib/nova     && chown -R 42436:42436 /var/lib/nova
INFO:kolla.common.utils.nova-libvirt: ---> Running in fc4d40c70ed4
INFO:kolla.common.utils.nova-libvirt:Removing intermediate container fc4d40c70ed4
INFO:kolla.common.utils.nova-libvirt: ---> 4e667069dcdd
INFO:kolla.common.utils.nova-libvirt:Step 4/7 : RUN apt-get update && apt-get -y install --no-install-recommends ceph-common ebtables libvirt-clients libvirt-daemon-system openvswitch-switch pm-utils python3-cephfs python3-rados python3-rbd qemu-block-extra qemu-system trousers dmidecode xen-utils && apt-get clean && rm -rf /var/lib/apt/lists/*
INFO:kolla.common.utils.nova-libvirt: ---> Running in 115498b6874d
INFO:kolla.common.utils.nova-libvirt:Ign:1 http://ubuntu-cloud.archive.canonical.com/ubuntu bionic-updates/ussuri InRelease
INFO:kolla.common.utils.nova-libvirt:Get:2 http://ports.ubuntu.com bionic InRelease [242 kB]
INFO:kolla.common.utils.nova-libvirt:Get:3 http://ubuntu-cloud.archive.canonical.com/ubuntu bionic-updates/ussuri Release [7,884 B]
INFO:kolla.common.utils.nova-libvirt:Get:4 http://ubuntu-cloud.archive.canonical.com/ubuntu bionic-updates/ussuri Release.gpg [543 B]
INFO:kolla.common.utils.nova-libvirt:Get:5 http://ubuntu-cloud.archive.canonical.com/ubuntu bionic-updates/ussuri/main s390x Packages [145 kB]
INFO:kolla.common.utils.nova-libvirt:Get:6 http://ports.ubuntu.com bionic-updates InRelease [88.7 kB]
INFO:kolla.common.utils.nova-libvirt:Get:7 http://ports.ubuntu.com bionic-security InRelease [88.7 kB]
INFO:kolla.common.utils.nova-libvirt:Get:8 http://ports.ubuntu.com bionic-backports InRelease [74.6 kB]
INFO:kolla.common.utils.nova-libvirt:Get:9 http://ports.ubuntu.com bionic/main s390x Packages [1,244 kB]
INFO:kolla.common.utils.nova-libvirt:Get:10 http://ports.ubuntu.com bionic/universe s390x Packages [10.8 MB]
INFO:kolla.common.utils.nova-libvirt:Get:11 http://ports.ubuntu.com bionic-updates/universe s390x Packages [1,075 kB]
INFO:kolla.common.utils.nova-libvirt:Get:12 http://ports.ubuntu.com bionic-updates/main s390x Packages [730 kB]
INFO:kolla.common.utils.nova-libvirt:Get:13 http://ports.ubuntu.com bionic-security/universe s390x Packages [625 kB]
INFO:kolla.common.utils.nova-libvirt:Get:14 http://ports.ubuntu.com bionic-security/main s390x Packages [467 kB]
INFO:kolla.common.utils.nova-libvirt:Get:15 http://ports.ubuntu.com bionic-backports/main s390x Packages [2,494 B]
INFO:kolla.common.utils.nova-libvirt:Get:16 http://ports.ubuntu.com bionic-backports/universe s390x Packages [4,242 B]
INFO:kolla.common.utils.nova-libvirt:Fetched 15.6 MB in 6s (2,785 kB/s)
INFO:kolla.common.utils.nova-libvirt:Reading package lists...
INFO:kolla.common.utils.nova-libvirt:Reading package lists...
INFO:kolla.common.utils.nova-libvirt:Building dependency tree...
INFO:kolla.common.utils.nova-libvirt:Reading state information...
INFO:kolla.common.utils.nova-libvirt:Package dmidecode is not available, but is referred to by another package.
INFO:kolla.common.utils.nova-libvirt:This may mean that the package is missing, has been obsoleted, or
INFO:kolla.common.utils.nova-libvirt:is only available from another source
INFO:kolla.common.utils.nova-libvirt:Package xen-utils is not available, but is referred to by another package.
INFO:kolla.common.utils.nova-libvirt:This may mean that the package is missing, has been obsoleted, or
INFO:kolla.common.utils.nova-libvirt:is only available from another source
INFO:kolla.common.utils.nova-libvirt:[91mE: Package 'dmidecode' has no installation candidate
INFO:kolla.common.utils.nova-libvirt:E: Package 'xen-utils' has no installation candidate
INFO:kolla.common.utils.nova-libvirt:[0m
INFO:kolla.common.utils.nova-libvirt:Removing intermediate container 115498b6874d
ERROR:kolla.common.utils.nova-libvirt:Error'd with the following message
ERROR:kolla.common.utils.nova-libvirt:The command '/bin/sh -c apt-get update && apt-get -y install --no-install-recommends ceph-common ebtables libvirt-clients libvirt-daemon-system openvswitch-switch pm-utils python3-cephfs python3-rados python3-rbd qemu-block-extra qemu-system trousers dmidecode xen-utils && apt-get clean && rm -rf /var/lib/apt/lists/*' returned a non-zero code: 100
