INFO:kolla.common.utils.openvswitch-netcontrold:Building started at 2020-03-02 21:50:18.789076
INFO:kolla.common.utils.openvswitch-netcontrold:Step 1/6 : FROM s390x/ubuntu-source-openvswitch-base:9.1.0
INFO:kolla.common.utils.openvswitch-netcontrold: ---> 295a2673796f
INFO:kolla.common.utils.openvswitch-netcontrold:Step 2/6 : LABEL maintainer="Kolla Project (https://launchpad.net/kolla)" name="openvswitch-netcontrold" build-date="20200302"
INFO:kolla.common.utils.openvswitch-netcontrold: ---> Running in 4a34e609d2dc
INFO:kolla.common.utils.openvswitch-netcontrold:Removing intermediate container 4a34e609d2dc
INFO:kolla.common.utils.openvswitch-netcontrold: ---> a002d9bcde42
INFO:kolla.common.utils.openvswitch-netcontrold:Step 3/6 : RUN apt-get update && apt-get -y install --no-install-recommends python3-pip && apt-get clean && rm -rf /var/lib/apt/lists/*
INFO:kolla.common.utils.openvswitch-netcontrold: ---> Running in bb87aef327fa
INFO:kolla.common.utils.openvswitch-netcontrold:Get:1 http://ports.ubuntu.com bionic InRelease [242 kB]
INFO:kolla.common.utils.openvswitch-netcontrold:Ign:2 http://ubuntu-cloud.archive.canonical.com/ubuntu bionic-updates/ussuri InRelease
INFO:kolla.common.utils.openvswitch-netcontrold:Get:3 http://ports.ubuntu.com bionic-updates InRelease [88.7 kB]
INFO:kolla.common.utils.openvswitch-netcontrold:Get:4 http://ubuntu-cloud.archive.canonical.com/ubuntu bionic-updates/ussuri Release [7,884 B]
INFO:kolla.common.utils.openvswitch-netcontrold:Get:5 http://ports.ubuntu.com bionic-security InRelease [88.7 kB]
INFO:kolla.common.utils.openvswitch-netcontrold:Get:6 http://ubuntu-cloud.archive.canonical.com/ubuntu bionic-updates/ussuri Release.gpg [543 B]
INFO:kolla.common.utils.openvswitch-netcontrold:Get:7 http://ports.ubuntu.com bionic-backports InRelease [74.6 kB]
INFO:kolla.common.utils.openvswitch-netcontrold:Get:8 http://ports.ubuntu.com bionic/main s390x Packages [1,244 kB]
INFO:kolla.common.utils.openvswitch-netcontrold:Get:9 http://ubuntu-cloud.archive.canonical.com/ubuntu bionic-updates/ussuri/main s390x Packages [145 kB]
INFO:kolla.common.utils.openvswitch-netcontrold:Get:10 http://ports.ubuntu.com bionic/universe s390x Packages [10.8 MB]
INFO:kolla.common.utils.openvswitch-netcontrold:Get:11 http://ports.ubuntu.com bionic-updates/universe s390x Packages [1,075 kB]
INFO:kolla.common.utils.openvswitch-netcontrold:Get:12 http://ports.ubuntu.com bionic-updates/main s390x Packages [730 kB]
INFO:kolla.common.utils.openvswitch-netcontrold:Get:13 http://ports.ubuntu.com bionic-security/main s390x Packages [467 kB]
INFO:kolla.common.utils.openvswitch-netcontrold:Get:14 http://ports.ubuntu.com bionic-security/universe s390x Packages [625 kB]
INFO:kolla.common.utils.openvswitch-netcontrold:Get:15 http://ports.ubuntu.com bionic-backports/main s390x Packages [2,494 B]
INFO:kolla.common.utils.openvswitch-netcontrold:Get:16 http://ports.ubuntu.com bionic-backports/universe s390x Packages [4,242 B]
INFO:kolla.common.utils.openvswitch-netcontrold:Fetched 15.6 MB in 2s (6,775 kB/s)
INFO:kolla.common.utils.openvswitch-netcontrold:Reading package lists...
INFO:kolla.common.utils.openvswitch-netcontrold:Reading package lists...
INFO:kolla.common.utils.openvswitch-netcontrold:Building dependency tree...
INFO:kolla.common.utils.openvswitch-netcontrold:Reading state information...
INFO:kolla.common.utils.openvswitch-netcontrold:The following additional packages will be installed:
INFO:kolla.common.utils.openvswitch-netcontrold:  python-pip-whl python3-distutils python3-lib2to3
INFO:kolla.common.utils.openvswitch-netcontrold:Recommended packages:
INFO:kolla.common.utils.openvswitch-netcontrold:  build-essential python3-dev python3-setuptools python3-wheel
INFO:kolla.common.utils.openvswitch-netcontrold:The following NEW packages will be installed:
INFO:kolla.common.utils.openvswitch-netcontrold:  python-pip-whl python3-distutils python3-lib2to3 python3-pip
INFO:kolla.common.utils.openvswitch-netcontrold:0 upgraded, 4 newly installed, 0 to remove and 0 not upgraded.
INFO:kolla.common.utils.openvswitch-netcontrold:Need to get 1,988 kB of archives.
INFO:kolla.common.utils.openvswitch-netcontrold:After this operation, 5,599 kB of additional disk space will be used.
INFO:kolla.common.utils.openvswitch-netcontrold:Get:1 http://ports.ubuntu.com bionic-updates/universe s390x python-pip-whl all 9.0.1-2.3~ubuntu1.18.04.1 [1,653 kB]
INFO:kolla.common.utils.openvswitch-netcontrold:Get:2 http://ports.ubuntu.com bionic-updates/main s390x python3-lib2to3 all 3.6.9-1~18.04 [77.4 kB]
INFO:kolla.common.utils.openvswitch-netcontrold:Get:3 http://ports.ubuntu.com bionic-updates/main s390x python3-distutils all 3.6.9-1~18.04 [144 kB]
INFO:kolla.common.utils.openvswitch-netcontrold:Get:4 http://ports.ubuntu.com bionic-updates/universe s390x python3-pip all 9.0.1-2.3~ubuntu1.18.04.1 [114 kB]
INFO:kolla.common.utils.openvswitch-netcontrold:Fetched 1,988 kB in 0s (31.7 MB/s)
INFO:kolla.common.utils.openvswitch-netcontrold:Selecting previously unselected package python-pip-whl.
INFO:kolla.common.utils.openvswitch-netcontrold:(Reading database ... 
INFO:kolla.common.utils.openvswitch-netcontrold:(Reading database ... 5%(Reading database ... 10%(Reading database ... 15%(Reading database ... 20%(Reading database ... 25%(Reading database ... 30%(Reading database ... 35%(Reading database ... 40%(Reading database ... 45%(Reading database ... 50%(Reading database ... 55%(Reading database ... 60%(Reading database ... 65%(Reading database ... 70%
INFO:kolla.common.utils.openvswitch-netcontrold:(Reading database ... 75%
INFO:kolla.common.utils.openvswitch-netcontrold:(Reading database ... 80%
INFO:kolla.common.utils.openvswitch-netcontrold:(Reading database ... 85%
INFO:kolla.common.utils.openvswitch-netcontrold:(Reading database ... 90%
INFO:kolla.common.utils.openvswitch-netcontrold:(Reading database ... 95%
INFO:kolla.common.utils.openvswitch-netcontrold:(Reading database ... 100%(Reading database ... 9461 files and directories currently installed.)
INFO:kolla.common.utils.openvswitch-netcontrold:Preparing to unpack .../python-pip-whl_9.0.1-2.3~ubuntu1.18.04.1_all.deb ...
INFO:kolla.common.utils.openvswitch-netcontrold:Unpacking python-pip-whl (9.0.1-2.3~ubuntu1.18.04.1) ...
INFO:kolla.common.utils.openvswitch-netcontrold:Selecting previously unselected package python3-lib2to3.
INFO:kolla.common.utils.openvswitch-netcontrold:Preparing to unpack .../python3-lib2to3_3.6.9-1~18.04_all.deb ...
INFO:kolla.common.utils.openvswitch-netcontrold:Unpacking python3-lib2to3 (3.6.9-1~18.04) ...
INFO:kolla.common.utils.openvswitch-netcontrold:Selecting previously unselected package python3-distutils.
INFO:kolla.common.utils.openvswitch-netcontrold:Preparing to unpack .../python3-distutils_3.6.9-1~18.04_all.deb ...
INFO:kolla.common.utils.openvswitch-netcontrold:Unpacking python3-distutils (3.6.9-1~18.04) ...
INFO:kolla.common.utils.openvswitch-netcontrold:Selecting previously unselected package python3-pip.
INFO:kolla.common.utils.openvswitch-netcontrold:Preparing to unpack .../python3-pip_9.0.1-2.3~ubuntu1.18.04.1_all.deb ...
INFO:kolla.common.utils.openvswitch-netcontrold:Unpacking python3-pip (9.0.1-2.3~ubuntu1.18.04.1) ...
INFO:kolla.common.utils.openvswitch-netcontrold:Setting up python-pip-whl (9.0.1-2.3~ubuntu1.18.04.1) ...
INFO:kolla.common.utils.openvswitch-netcontrold:Setting up python3-lib2to3 (3.6.9-1~18.04) ...
INFO:kolla.common.utils.openvswitch-netcontrold:Setting up python3-distutils (3.6.9-1~18.04) ...
INFO:kolla.common.utils.openvswitch-netcontrold:Setting up python3-pip (9.0.1-2.3~ubuntu1.18.04.1) ...
INFO:kolla.common.utils.openvswitch-netcontrold:Removing intermediate container bb87aef327fa
INFO:kolla.common.utils.openvswitch-netcontrold: ---> 2125dd91de2f
INFO:kolla.common.utils.openvswitch-netcontrold:Step 4/6 : RUN pip3 --no-cache-dir install --upgrade netcontrold
INFO:kolla.common.utils.openvswitch-netcontrold: ---> Running in 0a809f6fcf96
INFO:kolla.common.utils.openvswitch-netcontrold:Collecting netcontrold
INFO:kolla.common.utils.openvswitch-netcontrold:  Downloading https://files.pythonhosted.org/packages/f9/ca/9690757ad97f0ad8cf3ab345331fbe8448cf78fb4ba54b5bda24f3ba2f2c/netcontrold-1.0.14-py3-none-any.whl
INFO:kolla.common.utils.openvswitch-netcontrold:Installing collected packages: netcontrold
INFO:kolla.common.utils.openvswitch-netcontrold:Successfully installed netcontrold-1.0.14
INFO:kolla.common.utils.openvswitch-netcontrold:Removing intermediate container 0a809f6fcf96
INFO:kolla.common.utils.openvswitch-netcontrold: ---> c1aa2bcba279
INFO:kolla.common.utils.openvswitch-netcontrold:Step 5/6 : COPY extend_start.sh /usr/local/bin/kolla_openvswitch_extend_start
INFO:kolla.common.utils.openvswitch-netcontrold: ---> b0698f7fdcc1
INFO:kolla.common.utils.openvswitch-netcontrold:Step 6/6 : RUN chmod 755 /usr/local/bin/kolla_openvswitch_extend_start
INFO:kolla.common.utils.openvswitch-netcontrold: ---> Running in 07587d8001ef
INFO:kolla.common.utils.openvswitch-netcontrold:Removing intermediate container 07587d8001ef
INFO:kolla.common.utils.openvswitch-netcontrold: ---> 57b9ccd93127
INFO:kolla.common.utils.openvswitch-netcontrold:Successfully built 57b9ccd93127
INFO:kolla.common.utils.openvswitch-netcontrold:Successfully tagged s390x/ubuntu-source-openvswitch-netcontrold:9.1.0
INFO:kolla.common.utils.openvswitch-netcontrold:Built at 2020-03-02 21:50:37.594820 (took 0:00:18.805744)
