INFO:kolla.common.utils.ovn-base:Building started at 2020-03-02 21:50:38.535139
INFO:kolla.common.utils.ovn-base:Step 1/5 : FROM s390x/ubuntu-source-openvswitch-base:9.1.0
INFO:kolla.common.utils.ovn-base: ---> 295a2673796f
INFO:kolla.common.utils.ovn-base:Step 2/5 : LABEL maintainer="Kolla Project (https://launchpad.net/kolla)" name="ovn-base" build-date="20200302"
INFO:kolla.common.utils.ovn-base: ---> Running in 8f4cbccc571b
INFO:kolla.common.utils.ovn-base:Removing intermediate container 8f4cbccc571b
INFO:kolla.common.utils.ovn-base: ---> 5c2a16b881b3
INFO:kolla.common.utils.ovn-base:Step 3/5 : RUN apt-get update && apt-get -y install --no-install-recommends ovn-common && apt-get clean && rm -rf /var/lib/apt/lists/*
INFO:kolla.common.utils.ovn-base: ---> Running in fc3ea7d9c32c
INFO:kolla.common.utils.ovn-base:Ign:1 http://ubuntu-cloud.archive.canonical.com/ubuntu bionic-updates/ussuri InRelease
INFO:kolla.common.utils.ovn-base:Get:2 http://ports.ubuntu.com bionic InRelease [242 kB]
INFO:kolla.common.utils.ovn-base:Get:3 http://ubuntu-cloud.archive.canonical.com/ubuntu bionic-updates/ussuri Release [7,884 B]
INFO:kolla.common.utils.ovn-base:Get:4 http://ports.ubuntu.com bionic-updates InRelease [88.7 kB]
INFO:kolla.common.utils.ovn-base:Get:5 http://ubuntu-cloud.archive.canonical.com/ubuntu bionic-updates/ussuri Release.gpg [543 B]
INFO:kolla.common.utils.ovn-base:Get:6 http://ports.ubuntu.com bionic-security InRelease [88.7 kB]
INFO:kolla.common.utils.ovn-base:Get:7 http://ports.ubuntu.com bionic-backports InRelease [74.6 kB]
INFO:kolla.common.utils.ovn-base:Get:8 http://ports.ubuntu.com bionic/universe s390x Packages [10.8 MB]
INFO:kolla.common.utils.ovn-base:Get:9 http://ubuntu-cloud.archive.canonical.com/ubuntu bionic-updates/ussuri/main s390x Packages [145 kB]
INFO:kolla.common.utils.ovn-base:Get:10 http://ports.ubuntu.com bionic/main s390x Packages [1,244 kB]
INFO:kolla.common.utils.ovn-base:Get:11 http://ports.ubuntu.com bionic-updates/universe s390x Packages [1,075 kB]
INFO:kolla.common.utils.ovn-base:Get:12 http://ports.ubuntu.com bionic-updates/main s390x Packages [730 kB]
INFO:kolla.common.utils.ovn-base:Get:13 http://ports.ubuntu.com bionic-security/universe s390x Packages [625 kB]
INFO:kolla.common.utils.ovn-base:Get:14 http://ports.ubuntu.com bionic-security/main s390x Packages [467 kB]
INFO:kolla.common.utils.ovn-base:Get:15 http://ports.ubuntu.com bionic-backports/universe s390x Packages [4,242 B]
INFO:kolla.common.utils.ovn-base:Get:16 http://ports.ubuntu.com bionic-backports/main s390x Packages [2,494 B]
INFO:kolla.common.utils.ovn-base:Fetched 15.6 MB in 3s (6,012 kB/s)
INFO:kolla.common.utils.ovn-base:Reading package lists...
INFO:kolla.common.utils.ovn-base:Reading package lists...
INFO:kolla.common.utils.ovn-base:Building dependency tree...
INFO:kolla.common.utils.ovn-base:Reading state information...
INFO:kolla.common.utils.ovn-base:The following NEW packages will be installed:
INFO:kolla.common.utils.ovn-base:  ovn-common
INFO:kolla.common.utils.ovn-base:0 upgraded, 1 newly installed, 0 to remove and 0 not upgraded.
INFO:kolla.common.utils.ovn-base:Need to get 951 kB of archives.
INFO:kolla.common.utils.ovn-base:After this operation, 5,193 kB of additional disk space will be used.
INFO:kolla.common.utils.ovn-base:Get:1 http://ubuntu-cloud.archive.canonical.com/ubuntu bionic-updates/ussuri/main s390x ovn-common s390x 2.12.0-0ubuntu1~cloud0 [951 kB]
INFO:kolla.common.utils.ovn-base:Fetched 951 kB in 0s (12.9 MB/s)
INFO:kolla.common.utils.ovn-base:Selecting previously unselected package ovn-common.
INFO:kolla.common.utils.ovn-base:(Reading database ... 
INFO:kolla.common.utils.ovn-base:(Reading database ... 5%(Reading database ... 10%(Reading database ... 15%(Reading database ... 20%(Reading database ... 25%(Reading database ... 30%(Reading database ... 35%(Reading database ... 40%(Reading database ... 45%(Reading database ... 50%(Reading database ... 55%(Reading database ... 60%(Reading database ... 65%
INFO:kolla.common.utils.ovn-base:(Reading database ... 70%
INFO:kolla.common.utils.ovn-base:(Reading database ... 75%
INFO:kolla.common.utils.ovn-base:(Reading database ... 80%
INFO:kolla.common.utils.ovn-base:(Reading database ... 85%
INFO:kolla.common.utils.ovn-base:(Reading database ... 90%
INFO:kolla.common.utils.ovn-base:(Reading database ... 95%
INFO:kolla.common.utils.ovn-base:(Reading database ... 100%(Reading database ... 9461 files and directories currently installed.)
INFO:kolla.common.utils.ovn-base:Preparing to unpack .../ovn-common_2.12.0-0ubuntu1~cloud0_s390x.deb ...
INFO:kolla.common.utils.ovn-base:Unpacking ovn-common (2.12.0-0ubuntu1~cloud0) ...
INFO:kolla.common.utils.ovn-base:Setting up ovn-common (2.12.0-0ubuntu1~cloud0) ...
INFO:kolla.common.utils.ovn-base:Removing intermediate container fc3ea7d9c32c
INFO:kolla.common.utils.ovn-base: ---> 04b02ac5978d
INFO:kolla.common.utils.ovn-base:Step 4/5 : COPY extend_start.sh /usr/local/bin/kolla_extend_start
INFO:kolla.common.utils.ovn-base: ---> b0f562480368
INFO:kolla.common.utils.ovn-base:Step 5/5 : RUN chmod 755 /usr/local/bin/kolla_extend_start
INFO:kolla.common.utils.ovn-base: ---> Running in 6a6d1ff75b79
INFO:kolla.common.utils.ovn-base:Removing intermediate container 6a6d1ff75b79
INFO:kolla.common.utils.ovn-base: ---> b5cf17b016a8
INFO:kolla.common.utils.ovn-base:Successfully built b5cf17b016a8
INFO:kolla.common.utils.ovn-base:Successfully tagged s390x/ubuntu-source-ovn-base:9.1.0
INFO:kolla.common.utils.ovn-base:Built at 2020-03-02 21:50:54.280436 (took 0:00:15.745297)
