INFO:kolla.common.utils.prometheus-base:Building started at 2020-03-02 21:49:21.704237
INFO:kolla.common.utils.prometheus-base:Step 1/5 : FROM s390x/ubuntu-source-base:9.1.0
INFO:kolla.common.utils.prometheus-base: ---> 96ede3560f2f
INFO:kolla.common.utils.prometheus-base:Step 2/5 : LABEL maintainer="Kolla Project (https://launchpad.net/kolla)" name="prometheus-base" build-date="20200302"
INFO:kolla.common.utils.prometheus-base: ---> Running in 8d6626ab1c1e
INFO:kolla.common.utils.prometheus-base:Removing intermediate container 8d6626ab1c1e
INFO:kolla.common.utils.prometheus-base: ---> 1132f5922674
INFO:kolla.common.utils.prometheus-base:Step 3/5 : RUN usermod --append --home /var/lib/prometheus --groups kolla prometheus     && mkdir -p /var/lib/prometheus     && chown -R 42472:42472 /var/lib/prometheus
INFO:kolla.common.utils.prometheus-base: ---> Running in aefdeac3fe1b
INFO:kolla.common.utils.prometheus-base:Removing intermediate container aefdeac3fe1b
INFO:kolla.common.utils.prometheus-base: ---> 51dff94d31b1
INFO:kolla.common.utils.prometheus-base:Step 4/5 : COPY extend_start.sh /usr/local/bin/kolla_extend_start
INFO:kolla.common.utils.prometheus-base: ---> 3d7d611a6553
INFO:kolla.common.utils.prometheus-base:Step 5/5 : RUN chmod 755 /usr/local/bin/kolla_extend_start
INFO:kolla.common.utils.prometheus-base: ---> Running in 1163b3b7b699
INFO:kolla.common.utils.prometheus-base:Removing intermediate container 1163b3b7b699
INFO:kolla.common.utils.prometheus-base: ---> 91d5cbd16b50
INFO:kolla.common.utils.prometheus-base:Successfully built 91d5cbd16b50
INFO:kolla.common.utils.prometheus-base:Successfully tagged s390x/ubuntu-source-prometheus-base:9.1.0
INFO:kolla.common.utils.prometheus-base:Built at 2020-03-02 21:49:31.131876 (took 0:00:09.427639)
