INFO:kolla.common.utils.prometheus-node-exporter:Building started at 2020-03-02 21:51:00.265963
INFO:kolla.common.utils.prometheus-node-exporter:Step 1/5 : FROM s390x/ubuntu-source-prometheus-base:9.1.0
INFO:kolla.common.utils.prometheus-node-exporter: ---> 91d5cbd16b50
INFO:kolla.common.utils.prometheus-node-exporter:Step 2/5 : LABEL maintainer="Kolla Project (https://launchpad.net/kolla)" name="prometheus-node-exporter" build-date="20200302"
INFO:kolla.common.utils.prometheus-node-exporter: ---> Running in 6f411cc99ccb
INFO:kolla.common.utils.prometheus-node-exporter:Removing intermediate container 6f411cc99ccb
INFO:kolla.common.utils.prometheus-node-exporter: ---> 233ed8094d78
INFO:kolla.common.utils.prometheus-node-exporter:Step 3/5 : ENV node_exporter_version=0.17.0
INFO:kolla.common.utils.prometheus-node-exporter: ---> Running in a6eb389cb028
INFO:kolla.common.utils.prometheus-node-exporter:Removing intermediate container a6eb389cb028
INFO:kolla.common.utils.prometheus-node-exporter: ---> 9c490f1b4d1f
INFO:kolla.common.utils.prometheus-node-exporter:Step 4/5 : RUN curl -sSL -o /tmp/node_exporter.tar.gz https://github.com/prometheus/node_exporter/releases/download/v${node_exporter_version}/node_exporter-${node_exporter_version}.linux-s390x.tar.gz     && tar xvf /tmp/node_exporter.tar.gz -C /opt/     && rm -f /tmp/node_exporter.tar.gz     && ln -s /opt/node_exporter* /opt/node_exporter
INFO:kolla.common.utils.prometheus-node-exporter: ---> Running in 1d62c85d596e
INFO:kolla.common.utils.prometheus-node-exporter:curl (https://github-production-release-asset-2e65be.s3.amazonaws.com/9524057/b958ab80-f4c9-11e8-89f1-a4b4d5f38c24?X-Amz-Algorithm=AWS4-HMAC-SHA256&X-Amz-Credential=AKIAIWNJYAX4CSVEH53A%2F20200302%2Fus-east-1%2Fs3%2Faws4_request&X-Amz-Date=20200302T215102Z&X-Amz-Expires=300&X-Amz-Signature=6172209d5dbb30338f5dca38e2db70ba7b54751e16d391d325aeeb9be5f425e2&X-Amz-SignedHeaders=host&actor_id=0&response-content-disposition=attachment%3B%20filename%3Dnode_exporter-0.17.0.linux-s390x.tar.gz&response-content-type=application%2Foctet-stream): response: 200, time: 0.451255, size: 7082014
INFO:kolla.common.utils.prometheus-node-exporter:node_exporter-0.17.0.linux-s390x/
INFO:kolla.common.utils.prometheus-node-exporter:node_exporter-0.17.0.linux-s390x/NOTICE
INFO:kolla.common.utils.prometheus-node-exporter:node_exporter-0.17.0.linux-s390x/node_exporter
INFO:kolla.common.utils.prometheus-node-exporter:node_exporter-0.17.0.linux-s390x/LICENSE
INFO:kolla.common.utils.prometheus-node-exporter:Removing intermediate container 1d62c85d596e
INFO:kolla.common.utils.prometheus-node-exporter: ---> be872f215fc9
INFO:kolla.common.utils.prometheus-node-exporter:Step 5/5 : USER prometheus
INFO:kolla.common.utils.prometheus-node-exporter: ---> Running in 3c9cf176c405
INFO:kolla.common.utils.prometheus-node-exporter:Removing intermediate container 3c9cf176c405
INFO:kolla.common.utils.prometheus-node-exporter: ---> 757f9e6618e7
INFO:kolla.common.utils.prometheus-node-exporter:Successfully built 757f9e6618e7
INFO:kolla.common.utils.prometheus-node-exporter:Successfully tagged s390x/ubuntu-source-prometheus-node-exporter:9.1.0
INFO:kolla.common.utils.prometheus-node-exporter:Built at 2020-03-02 21:51:04.229877 (took 0:00:03.963914)
