INFO:kolla.common.utils.ptp:Building started at 2020-03-02 21:48:05.182247
INFO:kolla.common.utils.ptp:Step 1/5 : FROM s390x/ubuntu-source-base:9.1.0
INFO:kolla.common.utils.ptp: ---> 96ede3560f2f
INFO:kolla.common.utils.ptp:Step 2/5 : LABEL maintainer="Kolla Project (https://launchpad.net/kolla)" name="ptp" build-date="20200302"
INFO:kolla.common.utils.ptp: ---> Running in 22b2b6430d5f
INFO:kolla.common.utils.ptp:Removing intermediate container 22b2b6430d5f
INFO:kolla.common.utils.ptp: ---> fc5ad994c25e
INFO:kolla.common.utils.ptp:Step 3/5 : RUN apt-get update && apt-get -y install --no-install-recommends linuxptp && apt-get clean && rm -rf /var/lib/apt/lists/*
INFO:kolla.common.utils.ptp: ---> Running in 5e7e35d9f9e7
INFO:kolla.common.utils.ptp:Ign:1 http://ubuntu-cloud.archive.canonical.com/ubuntu bionic-updates/ussuri InRelease
INFO:kolla.common.utils.ptp:Get:2 http://ports.ubuntu.com bionic InRelease [242 kB]
INFO:kolla.common.utils.ptp:Get:3 http://ubuntu-cloud.archive.canonical.com/ubuntu bionic-updates/ussuri Release [7,884 B]
INFO:kolla.common.utils.ptp:Get:4 http://ubuntu-cloud.archive.canonical.com/ubuntu bionic-updates/ussuri Release.gpg [543 B]
INFO:kolla.common.utils.ptp:Get:5 http://ports.ubuntu.com bionic-updates InRelease [88.7 kB]
INFO:kolla.common.utils.ptp:Get:6 http://ports.ubuntu.com bionic-security InRelease [88.7 kB]
INFO:kolla.common.utils.ptp:Get:7 http://ubuntu-cloud.archive.canonical.com/ubuntu bionic-updates/ussuri/main s390x Packages [145 kB]
INFO:kolla.common.utils.ptp:Get:8 http://ports.ubuntu.com bionic-backports InRelease [74.6 kB]
INFO:kolla.common.utils.ptp:Get:9 http://ports.ubuntu.com bionic/universe s390x Packages [10.8 MB]
INFO:kolla.common.utils.ptp:Get:10 http://ports.ubuntu.com bionic/main s390x Packages [1,244 kB]
INFO:kolla.common.utils.ptp:Get:11 http://ports.ubuntu.com bionic-updates/universe s390x Packages [1,075 kB]
INFO:kolla.common.utils.ptp:Get:12 http://ports.ubuntu.com bionic-updates/main s390x Packages [730 kB]
INFO:kolla.common.utils.ptp:Get:13 http://ports.ubuntu.com bionic-security/main s390x Packages [467 kB]
INFO:kolla.common.utils.ptp:Get:14 http://ports.ubuntu.com bionic-security/universe s390x Packages [625 kB]
INFO:kolla.common.utils.ptp:Get:15 http://ports.ubuntu.com bionic-backports/universe s390x Packages [4,242 B]
INFO:kolla.common.utils.ptp:Get:16 http://ports.ubuntu.com bionic-backports/main s390x Packages [2,494 B]
INFO:kolla.common.utils.ptp:Fetched 15.6 MB in 5s (2,985 kB/s)
INFO:kolla.common.utils.ptp:Reading package lists...
INFO:kolla.common.utils.ptp:Reading package lists...
INFO:kolla.common.utils.ptp:Building dependency tree...
INFO:kolla.common.utils.ptp:Reading state information...
INFO:kolla.common.utils.ptp:The following NEW packages will be installed:
INFO:kolla.common.utils.ptp:  linuxptp
INFO:kolla.common.utils.ptp:0 upgraded, 1 newly installed, 0 to remove and 0 not upgraded.
INFO:kolla.common.utils.ptp:Need to get 105 kB of archives.
INFO:kolla.common.utils.ptp:After this operation, 434 kB of additional disk space will be used.
INFO:kolla.common.utils.ptp:Get:1 http://ports.ubuntu.com bionic/universe s390x linuxptp s390x 1.8-1 [105 kB]
INFO:kolla.common.utils.ptp:Fetched 105 kB in 0s (948 kB/s)
INFO:kolla.common.utils.ptp:Selecting previously unselected package linuxptp.
INFO:kolla.common.utils.ptp:(Reading database ... 
INFO:kolla.common.utils.ptp:(Reading database ... 5%(Reading database ... 10%(Reading database ... 15%(Reading database ... 20%(Reading database ... 25%(Reading database ... 30%(Reading database ... 35%(Reading database ... 40%(Reading database ... 45%(Reading database ... 50%(Reading database ... 55%(Reading database ... 60%(Reading database ... 65%(Reading database ... 70%
INFO:kolla.common.utils.ptp:(Reading database ... 75%
INFO:kolla.common.utils.ptp:(Reading database ... 80%
INFO:kolla.common.utils.ptp:(Reading database ... 85%
INFO:kolla.common.utils.ptp:(Reading database ... 90%
INFO:kolla.common.utils.ptp:(Reading database ... 95%
INFO:kolla.common.utils.ptp:(Reading database ... 100%(Reading database ... 9244 files and directories currently installed.)
INFO:kolla.common.utils.ptp:Preparing to unpack .../linuxptp_1.8-1_s390x.deb ...
INFO:kolla.common.utils.ptp:Unpacking linuxptp (1.8-1) ...
INFO:kolla.common.utils.ptp:Setting up linuxptp (1.8-1) ...
INFO:kolla.common.utils.ptp:Removing intermediate container 5e7e35d9f9e7
INFO:kolla.common.utils.ptp: ---> 2e95cedce8be
INFO:kolla.common.utils.ptp:Step 4/5 : COPY extend_start.sh /usr/local/bin/kolla_extend_start
INFO:kolla.common.utils.ptp: ---> 2f6813023815
INFO:kolla.common.utils.ptp:Step 5/5 : RUN chmod 755 /usr/local/bin/kolla_extend_start
INFO:kolla.common.utils.ptp: ---> Running in a01a204bcfb0
INFO:kolla.common.utils.ptp:Removing intermediate container a01a204bcfb0
INFO:kolla.common.utils.ptp: ---> d3b1a25eab3a
INFO:kolla.common.utils.ptp:Successfully built d3b1a25eab3a
INFO:kolla.common.utils.ptp:Successfully tagged s390x/ubuntu-source-ptp:9.1.0
INFO:kolla.common.utils.ptp:Built at 2020-03-02 21:48:19.058186 (took 0:00:13.875939)
