INFO:kolla.common.utils.radvd:Building started at 2020-03-02 21:49:12.215707
INFO:kolla.common.utils.radvd:Step 1/3 : FROM s390x/ubuntu-source-base:9.1.0
INFO:kolla.common.utils.radvd: ---> 96ede3560f2f
INFO:kolla.common.utils.radvd:Step 2/3 : LABEL maintainer="Kolla Project (https://launchpad.net/kolla)" name="radvd" build-date="20200302"
INFO:kolla.common.utils.radvd: ---> Running in ba1bdab5fa84
INFO:kolla.common.utils.radvd:Removing intermediate container ba1bdab5fa84
INFO:kolla.common.utils.radvd: ---> 4ece75d23946
INFO:kolla.common.utils.radvd:Step 3/3 : RUN apt-get update && apt-get -y install --no-install-recommends radvd && apt-get clean && rm -rf /var/lib/apt/lists/*
INFO:kolla.common.utils.radvd: ---> Running in afede23f619f
INFO:kolla.common.utils.radvd:Get:1 http://ports.ubuntu.com bionic InRelease [242 kB]
INFO:kolla.common.utils.radvd:Ign:2 http://ubuntu-cloud.archive.canonical.com/ubuntu bionic-updates/ussuri InRelease
INFO:kolla.common.utils.radvd:Get:3 http://ubuntu-cloud.archive.canonical.com/ubuntu bionic-updates/ussuri Release [7,884 B]
INFO:kolla.common.utils.radvd:Get:4 http://ports.ubuntu.com bionic-updates InRelease [88.7 kB]
INFO:kolla.common.utils.radvd:Get:5 http://ubuntu-cloud.archive.canonical.com/ubuntu bionic-updates/ussuri Release.gpg [543 B]
INFO:kolla.common.utils.radvd:Get:6 http://ports.ubuntu.com bionic-security InRelease [88.7 kB]
INFO:kolla.common.utils.radvd:Get:7 http://ports.ubuntu.com bionic-backports InRelease [74.6 kB]
INFO:kolla.common.utils.radvd:Get:8 http://ubuntu-cloud.archive.canonical.com/ubuntu bionic-updates/ussuri/main s390x Packages [145 kB]
INFO:kolla.common.utils.radvd:Get:9 http://ports.ubuntu.com bionic/universe s390x Packages [10.8 MB]
INFO:kolla.common.utils.radvd:Get:10 http://ports.ubuntu.com bionic/main s390x Packages [1,244 kB]
INFO:kolla.common.utils.radvd:Get:11 http://ports.ubuntu.com bionic-updates/universe s390x Packages [1,075 kB]
INFO:kolla.common.utils.radvd:Get:12 http://ports.ubuntu.com bionic-updates/main s390x Packages [730 kB]
INFO:kolla.common.utils.radvd:Get:13 http://ports.ubuntu.com bionic-security/main s390x Packages [467 kB]
INFO:kolla.common.utils.radvd:Get:14 http://ports.ubuntu.com bionic-security/universe s390x Packages [625 kB]
INFO:kolla.common.utils.radvd:Get:15 http://ports.ubuntu.com bionic-backports/main s390x Packages [2,494 B]
INFO:kolla.common.utils.radvd:Get:16 http://ports.ubuntu.com bionic-backports/universe s390x Packages [4,242 B]
INFO:kolla.common.utils.radvd:Fetched 15.6 MB in 3s (5,021 kB/s)
INFO:kolla.common.utils.radvd:Reading package lists...
INFO:kolla.common.utils.radvd:Reading package lists...
INFO:kolla.common.utils.radvd:Building dependency tree...
INFO:kolla.common.utils.radvd:Reading state information...
INFO:kolla.common.utils.radvd:The following NEW packages will be installed:
INFO:kolla.common.utils.radvd:  radvd
INFO:kolla.common.utils.radvd:0 upgraded, 1 newly installed, 0 to remove and 0 not upgraded.
INFO:kolla.common.utils.radvd:Need to get 56.3 kB of archives.
INFO:kolla.common.utils.radvd:After this operation, 164 kB of additional disk space will be used.
INFO:kolla.common.utils.radvd:Get:1 http://ports.ubuntu.com bionic/main s390x radvd s390x 1:2.16-3 [56.3 kB]
INFO:kolla.common.utils.radvd:Fetched 56.3 kB in 0s (2,105 kB/s)
INFO:kolla.common.utils.radvd:Selecting previously unselected package radvd.
INFO:kolla.common.utils.radvd:(Reading database ... 
INFO:kolla.common.utils.radvd:(Reading database ... 5%(Reading database ... 10%(Reading database ... 15%(Reading database ... 20%(Reading database ... 25%(Reading database ... 30%(Reading database ... 35%(Reading database ... 40%(Reading database ... 45%(Reading database ... 50%(Reading database ... 55%(Reading database ... 60%(Reading database ... 65%(Reading database ... 70%
INFO:kolla.common.utils.radvd:(Reading database ... 75%
INFO:kolla.common.utils.radvd:(Reading database ... 80%
INFO:kolla.common.utils.radvd:(Reading database ... 85%
INFO:kolla.common.utils.radvd:(Reading database ... 90%
INFO:kolla.common.utils.radvd:(Reading database ... 95%
INFO:kolla.common.utils.radvd:(Reading database ... 100%(Reading database ... 9244 files and directories currently installed.)
INFO:kolla.common.utils.radvd:Preparing to unpack .../radvd_1%3a2.16-3_s390x.deb ...
INFO:kolla.common.utils.radvd:Unpacking radvd (1:2.16-3) ...
INFO:kolla.common.utils.radvd:Setting up radvd (1:2.16-3) ...
INFO:kolla.common.utils.radvd:invoke-rc.d: could not determine current runlevel
INFO:kolla.common.utils.radvd:invoke-rc.d: policy-rc.d denied execution of start.
INFO:kolla.common.utils.radvd:Removing intermediate container afede23f619f
INFO:kolla.common.utils.radvd: ---> e7fa16bddf6a
INFO:kolla.common.utils.radvd:Successfully built e7fa16bddf6a
INFO:kolla.common.utils.radvd:Successfully tagged s390x/ubuntu-source-radvd:9.1.0
INFO:kolla.common.utils.radvd:Built at 2020-03-02 21:49:21.700412 (took 0:00:09.484705)
