INFO:kolla.common.utils.redis-sentinel:Building started at 2020-03-02 21:50:46.716195
INFO:kolla.common.utils.redis-sentinel:Step 1/4 : FROM s390x/ubuntu-source-redis-base:9.1.0
INFO:kolla.common.utils.redis-sentinel: ---> 6038239dfaf7
INFO:kolla.common.utils.redis-sentinel:Step 2/4 : LABEL maintainer="Kolla Project (https://launchpad.net/kolla)" name="redis-sentinel" build-date="20200302"
INFO:kolla.common.utils.redis-sentinel: ---> Running in a9377478dd5c
INFO:kolla.common.utils.redis-sentinel:Removing intermediate container a9377478dd5c
INFO:kolla.common.utils.redis-sentinel: ---> 86cae119b5d9
INFO:kolla.common.utils.redis-sentinel:Step 3/4 : RUN apt-get update && apt-get -y install --no-install-recommends redis-sentinel && apt-get clean && rm -rf /var/lib/apt/lists/*
INFO:kolla.common.utils.redis-sentinel: ---> Running in 48999b765757
INFO:kolla.common.utils.redis-sentinel:Get:1 http://ports.ubuntu.com bionic InRelease [242 kB]
INFO:kolla.common.utils.redis-sentinel:Ign:2 http://ubuntu-cloud.archive.canonical.com/ubuntu bionic-updates/ussuri InRelease
INFO:kolla.common.utils.redis-sentinel:Get:3 http://ubuntu-cloud.archive.canonical.com/ubuntu bionic-updates/ussuri Release [7,884 B]
INFO:kolla.common.utils.redis-sentinel:Get:4 http://ports.ubuntu.com bionic-updates InRelease [88.7 kB]
INFO:kolla.common.utils.redis-sentinel:Get:5 http://ubuntu-cloud.archive.canonical.com/ubuntu bionic-updates/ussuri Release.gpg [543 B]
INFO:kolla.common.utils.redis-sentinel:Get:6 http://ports.ubuntu.com bionic-security InRelease [88.7 kB]
INFO:kolla.common.utils.redis-sentinel:Get:7 http://ports.ubuntu.com bionic-backports InRelease [74.6 kB]
INFO:kolla.common.utils.redis-sentinel:Get:8 http://ports.ubuntu.com bionic/main s390x Packages [1,244 kB]
INFO:kolla.common.utils.redis-sentinel:Get:9 http://ubuntu-cloud.archive.canonical.com/ubuntu bionic-updates/ussuri/main s390x Packages [145 kB]
INFO:kolla.common.utils.redis-sentinel:Get:10 http://ports.ubuntu.com bionic/universe s390x Packages [10.8 MB]
INFO:kolla.common.utils.redis-sentinel:Get:11 http://ports.ubuntu.com bionic-updates/main s390x Packages [730 kB]
INFO:kolla.common.utils.redis-sentinel:Get:12 http://ports.ubuntu.com bionic-updates/universe s390x Packages [1,075 kB]
INFO:kolla.common.utils.redis-sentinel:Get:13 http://ports.ubuntu.com bionic-security/universe s390x Packages [625 kB]
INFO:kolla.common.utils.redis-sentinel:Get:14 http://ports.ubuntu.com bionic-security/main s390x Packages [467 kB]
INFO:kolla.common.utils.redis-sentinel:Get:15 http://ports.ubuntu.com bionic-backports/universe s390x Packages [4,242 B]
INFO:kolla.common.utils.redis-sentinel:Get:16 http://ports.ubuntu.com bionic-backports/main s390x Packages [2,494 B]
INFO:kolla.common.utils.redis-sentinel:Fetched 15.6 MB in 3s (6,068 kB/s)
INFO:kolla.common.utils.redis-sentinel:Reading package lists...
INFO:kolla.common.utils.redis-sentinel:Reading package lists...
INFO:kolla.common.utils.redis-sentinel:Building dependency tree...
INFO:kolla.common.utils.redis-sentinel:Reading state information...
INFO:kolla.common.utils.redis-sentinel:The following additional packages will be installed:
INFO:kolla.common.utils.redis-sentinel:  libjemalloc1 redis-tools
INFO:kolla.common.utils.redis-sentinel:Suggested packages:
INFO:kolla.common.utils.redis-sentinel:  ruby-redis
INFO:kolla.common.utils.redis-sentinel:The following NEW packages will be installed:
INFO:kolla.common.utils.redis-sentinel:  libjemalloc1 redis-sentinel redis-tools
INFO:kolla.common.utils.redis-sentinel:0 upgraded, 3 newly installed, 0 to remove and 0 not upgraded.
INFO:kolla.common.utils.redis-sentinel:Need to get 567 kB of archives.
INFO:kolla.common.utils.redis-sentinel:After this operation, 3,187 kB of additional disk space will be used.
INFO:kolla.common.utils.redis-sentinel:Get:1 http://ports.ubuntu.com bionic/universe s390x libjemalloc1 s390x 3.6.0-11 [75.5 kB]
INFO:kolla.common.utils.redis-sentinel:Get:2 http://ports.ubuntu.com bionic-updates/universe s390x redis-tools s390x 5:4.0.9-1ubuntu0.2 [482 kB]
INFO:kolla.common.utils.redis-sentinel:Get:3 http://ports.ubuntu.com bionic-updates/universe s390x redis-sentinel s390x 5:4.0.9-1ubuntu0.2 [9,692 B]
INFO:kolla.common.utils.redis-sentinel:Fetched 567 kB in 0s (9,000 kB/s)
INFO:kolla.common.utils.redis-sentinel:Selecting previously unselected package libjemalloc1.
INFO:kolla.common.utils.redis-sentinel:(Reading database ... 
INFO:kolla.common.utils.redis-sentinel:(Reading database ... 5%(Reading database ... 10%(Reading database ... 15%(Reading database ... 20%(Reading database ... 25%(Reading database ... 30%(Reading database ... 35%(Reading database ... 40%(Reading database ... 45%(Reading database ... 50%(Reading database ... 55%(Reading database ... 60%(Reading database ... 65%(Reading database ... 70%
INFO:kolla.common.utils.redis-sentinel:(Reading database ... 75%
INFO:kolla.common.utils.redis-sentinel:(Reading database ... 80%
INFO:kolla.common.utils.redis-sentinel:(Reading database ... 85%
INFO:kolla.common.utils.redis-sentinel:(Reading database ... 90%
INFO:kolla.common.utils.redis-sentinel:(Reading database ... 95%
INFO:kolla.common.utils.redis-sentinel:(Reading database ... 100%(Reading database ... 9244 files and directories currently installed.)
INFO:kolla.common.utils.redis-sentinel:Preparing to unpack .../libjemalloc1_3.6.0-11_s390x.deb ...
INFO:kolla.common.utils.redis-sentinel:Unpacking libjemalloc1 (3.6.0-11) ...
INFO:kolla.common.utils.redis-sentinel:Selecting previously unselected package redis-tools.
INFO:kolla.common.utils.redis-sentinel:Preparing to unpack .../redis-tools_5%3a4.0.9-1ubuntu0.2_s390x.deb ...
INFO:kolla.common.utils.redis-sentinel:Unpacking redis-tools (5:4.0.9-1ubuntu0.2) ...
INFO:kolla.common.utils.redis-sentinel:Selecting previously unselected package redis-sentinel.
INFO:kolla.common.utils.redis-sentinel:Preparing to unpack .../redis-sentinel_5%3a4.0.9-1ubuntu0.2_s390x.deb ...
INFO:kolla.common.utils.redis-sentinel:Unpacking redis-sentinel (5:4.0.9-1ubuntu0.2) ...
INFO:kolla.common.utils.redis-sentinel:Setting up libjemalloc1 (3.6.0-11) ...
INFO:kolla.common.utils.redis-sentinel:Setting up redis-tools (5:4.0.9-1ubuntu0.2) ...
INFO:kolla.common.utils.redis-sentinel:Setting up redis-sentinel (5:4.0.9-1ubuntu0.2) ...
INFO:kolla.common.utils.redis-sentinel:invoke-rc.d: could not determine current runlevel
INFO:kolla.common.utils.redis-sentinel:invoke-rc.d: policy-rc.d denied execution of start.
INFO:kolla.common.utils.redis-sentinel:Processing triggers for libc-bin (2.27-3ubuntu1) ...
INFO:kolla.common.utils.redis-sentinel:Removing intermediate container 48999b765757
INFO:kolla.common.utils.redis-sentinel: ---> 89b5b7d235ee
INFO:kolla.common.utils.redis-sentinel:Step 4/4 : USER redis
INFO:kolla.common.utils.redis-sentinel: ---> Running in 19f59bd8ee7c
INFO:kolla.common.utils.redis-sentinel:Removing intermediate container 19f59bd8ee7c
INFO:kolla.common.utils.redis-sentinel: ---> 143fa9c9db54
INFO:kolla.common.utils.redis-sentinel:Successfully built 143fa9c9db54
INFO:kolla.common.utils.redis-sentinel:Successfully tagged s390x/ubuntu-source-redis-sentinel:9.1.0
INFO:kolla.common.utils.redis-sentinel:Built at 2020-03-02 21:50:56.861668 (took 0:00:10.145473)
