INFO:kolla.common.utils.rsyslog:Building started at 2020-03-02 21:51:04.230110
INFO:kolla.common.utils.rsyslog:Step 1/3 : FROM s390x/ubuntu-source-rsyslog-base:9.1.0
INFO:kolla.common.utils.rsyslog: ---> 203ba7a27de5
INFO:kolla.common.utils.rsyslog:Step 2/3 : LABEL maintainer="Kolla Project (https://launchpad.net/kolla)" name="rsyslog" build-date="20200302"
INFO:kolla.common.utils.rsyslog: ---> Running in 632f84223295
INFO:kolla.common.utils.rsyslog:Removing intermediate container 632f84223295
INFO:kolla.common.utils.rsyslog: ---> 5745ff9f185b
INFO:kolla.common.utils.rsyslog:Step 3/3 : RUN apt-get update && apt-get -y install --no-install-recommends rsyslog-gnutls && apt-get clean && rm -rf /var/lib/apt/lists/*
INFO:kolla.common.utils.rsyslog: ---> Running in 128b294b7f31
INFO:kolla.common.utils.rsyslog:Ign:1 http://ubuntu-cloud.archive.canonical.com/ubuntu bionic-updates/ussuri InRelease
INFO:kolla.common.utils.rsyslog:Get:2 http://ports.ubuntu.com bionic InRelease [242 kB]
INFO:kolla.common.utils.rsyslog:Get:3 http://ubuntu-cloud.archive.canonical.com/ubuntu bionic-updates/ussuri Release [7,884 B]
INFO:kolla.common.utils.rsyslog:Get:4 http://ubuntu-cloud.archive.canonical.com/ubuntu bionic-updates/ussuri Release.gpg [543 B]
INFO:kolla.common.utils.rsyslog:Get:5 http://ports.ubuntu.com bionic-updates InRelease [88.7 kB]
INFO:kolla.common.utils.rsyslog:Get:6 http://ports.ubuntu.com bionic-security InRelease [88.7 kB]
INFO:kolla.common.utils.rsyslog:Get:7 http://ubuntu-cloud.archive.canonical.com/ubuntu bionic-updates/ussuri/main s390x Packages [145 kB]
INFO:kolla.common.utils.rsyslog:Get:8 http://ports.ubuntu.com bionic-backports InRelease [74.6 kB]
INFO:kolla.common.utils.rsyslog:Get:9 http://ports.ubuntu.com bionic/universe s390x Packages [10.8 MB]
INFO:kolla.common.utils.rsyslog:Get:10 http://ports.ubuntu.com bionic/main s390x Packages [1,244 kB]
INFO:kolla.common.utils.rsyslog:Get:11 http://ports.ubuntu.com bionic-updates/main s390x Packages [730 kB]
INFO:kolla.common.utils.rsyslog:Get:12 http://ports.ubuntu.com bionic-updates/universe s390x Packages [1,075 kB]
INFO:kolla.common.utils.rsyslog:Get:13 http://ports.ubuntu.com bionic-security/main s390x Packages [467 kB]
INFO:kolla.common.utils.rsyslog:Get:14 http://ports.ubuntu.com bionic-security/universe s390x Packages [625 kB]
INFO:kolla.common.utils.rsyslog:Get:15 http://ports.ubuntu.com bionic-backports/universe s390x Packages [4,242 B]
INFO:kolla.common.utils.rsyslog:Get:16 http://ports.ubuntu.com bionic-backports/main s390x Packages [2,494 B]
INFO:kolla.common.utils.rsyslog:Fetched 15.6 MB in 4s (4,381 kB/s)
INFO:kolla.common.utils.rsyslog:Reading package lists...
INFO:kolla.common.utils.rsyslog:Reading package lists...
INFO:kolla.common.utils.rsyslog:Building dependency tree...
INFO:kolla.common.utils.rsyslog:Reading state information...
INFO:kolla.common.utils.rsyslog:Suggested packages:
INFO:kolla.common.utils.rsyslog:  gnutls-bin
INFO:kolla.common.utils.rsyslog:The following NEW packages will be installed:
INFO:kolla.common.utils.rsyslog:  rsyslog-gnutls
INFO:kolla.common.utils.rsyslog:0 upgraded, 1 newly installed, 0 to remove and 0 not upgraded.
INFO:kolla.common.utils.rsyslog:Need to get 13.9 kB of archives.
INFO:kolla.common.utils.rsyslog:After this operation, 76.8 kB of additional disk space will be used.
INFO:kolla.common.utils.rsyslog:Get:1 http://ports.ubuntu.com bionic/universe s390x rsyslog-gnutls s390x 8.32.0-1ubuntu4 [13.9 kB]
INFO:kolla.common.utils.rsyslog:Fetched 13.9 kB in 0s (474 kB/s)
INFO:kolla.common.utils.rsyslog:Selecting previously unselected package rsyslog-gnutls.
INFO:kolla.common.utils.rsyslog:(Reading database ... (Reading database ... 5%(Reading database ... 10%(Reading database ... 15%(Reading database ... 20%(Reading database ... 25%(Reading database ... 30%(Reading database ... 35%(Reading database ... 40%(Reading database ... 45%(Reading database ... 50%(Reading database ... 55%(Reading database ... 60%(Reading database ... 65%(Reading database ... 70%(Reading database ... 75%(Reading database ... 80%
INFO:kolla.common.utils.rsyslog:(Reading database ... 85%(Reading database ... 90%(Reading database ... 95%(Reading database ... 100%(Reading database ... 9340 files and directories currently installed.)
INFO:kolla.common.utils.rsyslog:Preparing to unpack .../rsyslog-gnutls_8.32.0-1ubuntu4_s390x.deb ...
INFO:kolla.common.utils.rsyslog:Unpacking rsyslog-gnutls (8.32.0-1ubuntu4) ...
INFO:kolla.common.utils.rsyslog:Setting up rsyslog-gnutls (8.32.0-1ubuntu4) ...
INFO:kolla.common.utils.rsyslog:Removing intermediate container 128b294b7f31
INFO:kolla.common.utils.rsyslog: ---> 44366b56da21
INFO:kolla.common.utils.rsyslog:Successfully built 44366b56da21
INFO:kolla.common.utils.rsyslog:Successfully tagged s390x/ubuntu-source-rsyslog:9.1.0
INFO:kolla.common.utils.rsyslog:Built at 2020-03-02 21:51:12.973212 (took 0:00:08.743102)
